DUA-Forensics args to Soot: -w -cp /home/handrick/Documents/UNB/benchmark/libs/droidfax.jar:/home/handrick/Android/Sdk/platforms/android-19/android.jar -p cg verbose:false,implicit-entry:true -p cg.spark verbose:false,on-fly-cg:true,rta:false -d /home/handrick/Documents/UNB/benchmark/trace/180/3/droidbot/malicious-app-79-C542BBC89667062BDD8884E94F1BC43F47E5D4A6C3F382509A75E6B299BCCF94.apk.logcat -process-dir /home/handrick/Documents/UNB/benchmark/data/input/malicious-app-79-C542BBC89667062BDD8884E94F1BC43F47E5D4A6C3F382509A75E6B299BCCF94.apk 
Soot started on Sat Apr 16 00:50:13 CEST 2022
Warning: com.ironsource.mobilcore.BaseFlowBasedAdUnit is a phantom class!
Warning: java.lang.invoke.LambdaMetafactory is a phantom class!
Warning: java.lang.ref.Finalizer is a phantom class!
[Call Graph] For information on where the call graph may be incomplete, use the verbose option to the cg phase.
[Spark] Pointer Assignment Graph in 0.0 seconds.
[Spark] Type masks in 0.0 seconds.
[Spark] Pointer Graph simplified in 0.0 seconds.
[Spark] Propagation in 0.0 seconds.
[Spark] Solution found in 0.0 seconds.
hcai's internal transform
Running static analysis for security-relevant feature characterization
[GatorHierarchy] [32mVERBOSE[0m [HIER] All classes: 862
[GatorHierarchy] [32mVERBOSE[0m [App: 181, Lib : 678, Phantom: 3]
[GatorHierarchy] [32mVERBOSE[0m [HIER] Activities: 25, lib activities: 5
[GatorHierarchy] [32mVERBOSE[0m [HIER] App views: 3, Lib views: 14
[GatorHierarchy] [32mVERBOSE[0m [HIER] App Dialogs: 0, Lib Dialogs: 4
[TIMECOST] [32mVERBOSE[0m buildApplicationCodeMap parsing starting at 1650063014034
[TIMECOST] [32mVERBOSE[0m buildApplicationCodeMap parsing finished at 1650063015363
[Instantiated app classes] [32mVERBOSE[0m total number: 149
[WARNING] [32mVERBOSE[0m Callback method :onTransact in Class android.content.pm.IPackageStatsObserver$Stub added
[WARNING] [32mVERBOSE[0m Callback method :asBinder in Class android.content.pm.IPackageStatsObserver$Stub added
[WARNING] [32mVERBOSE[0m Callback method :onPause in Class com.arron.taskManager.taskManager2.ui.activities.HomeActivity added
[WARNING] [32mVERBOSE[0m Callback method :onCreate in Class com.arron.taskManager.taskManager2.ui.activities.HomeActivity added
[WARNING] [32mVERBOSE[0m Callback method :onCreateOptionsMenu in Class com.arron.taskManager.taskManager2.ui.activities.HomeActivity added
[WARNING] [32mVERBOSE[0m Callback method :onOptionsItemSelected in Class com.arron.taskManager.taskManager2.ui.activities.HomeActivity added
[WARNING] [32mVERBOSE[0m Callback method :onResume in Class com.arron.taskManager.taskManager2.ui.activities.HomeActivity added
[WARNING] [32mVERBOSE[0m Callback method :onCreate in Class com.arron.taskManager.ui.application.preferences.PreferencesActivity added
[WARNING] [32mVERBOSE[0m Callback method :onCreate in Class com.arron.taskManager.taskManager2.ui.activities.ShortCutActivity added
[WARNING] [32mVERBOSE[0m Callback method :onCreate in Class com.arron.taskManager.taskManager2.LauncherScreen added
[WARNING] [32mVERBOSE[0m Callback method :onReceive in Class com.arron.taskManager.services.EndTaskServiceReceiver added
[WARNING] [32mVERBOSE[0m Callback method :onCreate in Class com.arron.taskManager.ui.info.InformationViewActivity added
[WARNING] [32mVERBOSE[0m Callback method :onListItemClick in Class com.arron.taskManager.ui.application.ApplicationListView added
[WARNING] [32mVERBOSE[0m Callback method :onCreateContextMenu in Class com.arron.taskManager.ui.application.ApplicationListView added
[WARNING] [32mVERBOSE[0m Callback method :onCreate in Class com.arron.taskManager.ui.application.ApplicationListView added
[WARNING] [32mVERBOSE[0m Callback method :onCreateOptionsMenu in Class com.arron.taskManager.ui.application.ApplicationListView added
[WARNING] [32mVERBOSE[0m Callback method :onDestroy in Class com.arron.taskManager.ui.application.ApplicationListView added
[WARNING] [32mVERBOSE[0m Callback method :onOptionsItemSelected in Class com.arron.taskManager.ui.application.ApplicationListView added
[WARNING] [32mVERBOSE[0m Callback method :onContextItemSelected in Class com.arron.taskManager.ui.application.ApplicationListView added
[WARNING] [32mVERBOSE[0m Callback method :onCreate in Class com.arron.taskManager.ui.ExpiredView added
[WARNING] [32mVERBOSE[0m Callback method :create in Class com.arron.taskManager.ui.application.preferences.ListCheckboxActivity added
[WARNING] [32mVERBOSE[0m Callback method :onCreate in Class com.arron.taskManager.taskManager2.ui.activities.ShortCutOnClickActivity added
[WARNING] [32mVERBOSE[0m Callback method :onUpdate in Class com.arron.taskManager.widget.TaskManagerWidgetProvider added
[WARNING] [32mVERBOSE[0m Callback method :onCreate in Class com.arron.taskManager.ui.application.preferences.runningapps.ExcludeRunningAppsApplicationListViewForAutoEndService added
[WARNING] [32mVERBOSE[0m Callback method :onCreate in Class com.arron.taskManager.taskManager2.ui.activities.ApplicationsTabActivity added
[WARNING] [32mVERBOSE[0m Callback method :onCreate in Class com.arron.taskManager.ui.InformationViewActivity added
[WARNING] [32mVERBOSE[0m Callback method :onCreate in Class com.arron.taskManager.ui.preferences.PreferencesActivity added
[WARNING] [32mVERBOSE[0m Callback method :onCreate in Class com.arron.taskManager.ui.application.preferences.alwaysapps.EndAllApplicationListView added
[WARNING] [32mVERBOSE[0m Callback method :onCreate in Class com.arron.taskManager.ui.preferences.alwaysapps.EndAllApplicationListView added
[WARNING] [32mVERBOSE[0m Callback method :onBackPressed in Class com.arron.taskManager.taskManager2.ui.activities.ApplicationsActivity added
[WARNING] [32mVERBOSE[0m Callback method :onListItemClick in Class com.arron.taskManager.taskManager2.ui.activities.ApplicationsActivity added
[WARNING] [32mVERBOSE[0m Callback method :onCreateContextMenu in Class com.arron.taskManager.taskManager2.ui.activities.ApplicationsActivity added
[WARNING] [32mVERBOSE[0m Callback method :onCreate in Class com.arron.taskManager.taskManager2.ui.activities.ApplicationsActivity added
[WARNING] [32mVERBOSE[0m Callback method :onCreateOptionsMenu in Class com.arron.taskManager.taskManager2.ui.activities.ApplicationsActivity added
[WARNING] [32mVERBOSE[0m Callback method :onDestroy in Class com.arron.taskManager.taskManager2.ui.activities.ApplicationsActivity added
[WARNING] [32mVERBOSE[0m Callback method :onOptionsItemSelected in Class com.arron.taskManager.taskManager2.ui.activities.ApplicationsActivity added
[WARNING] [32mVERBOSE[0m Callback method :onResume in Class com.arron.taskManager.taskManager2.ui.activities.ApplicationsActivity added
[WARNING] [32mVERBOSE[0m Callback method :onContextItemSelected in Class com.arron.taskManager.taskManager2.ui.activities.ApplicationsActivity added
[WARNING] [32mVERBOSE[0m Callback method :onCreate in Class com.arron.taskManager.ui.process.AllAppsListView added
[WARNING] [32mVERBOSE[0m Callback method :onCreateOptionsMenu in Class com.arron.taskManager.ui.process.AllAppsListView added
[WARNING] [32mVERBOSE[0m Callback method :onOptionsItemSelected in Class com.arron.taskManager.ui.process.AllAppsListView added
[WARNING] [32mVERBOSE[0m Callback method :onCreate in Class com.arron.taskManager.ui.MainTabHostActivity added
[WARNING] [32mVERBOSE[0m Callback method :onListItemClick in Class com.arron.taskManager.ui.service.ServiceListView added
[WARNING] [32mVERBOSE[0m Callback method :onCreateContextMenu in Class com.arron.taskManager.ui.service.ServiceListView added
[WARNING] [32mVERBOSE[0m Callback method :onCreate in Class com.arron.taskManager.ui.service.ServiceListView added
[WARNING] [32mVERBOSE[0m Callback method :onCreateOptionsMenu in Class com.arron.taskManager.ui.service.ServiceListView added
[WARNING] [32mVERBOSE[0m Callback method :onDestroy in Class com.arron.taskManager.ui.service.ServiceListView added
[WARNING] [32mVERBOSE[0m Callback method :onOptionsItemSelected in Class com.arron.taskManager.ui.service.ServiceListView added
[WARNING] [32mVERBOSE[0m Callback method :onContextItemSelected in Class com.arron.taskManager.ui.service.ServiceListView added
[WARNING] [32mVERBOSE[0m Callback method :onBackPressed in Class com.arron.taskManager.taskManager2.ui.activities.SDCardActivity added
[WARNING] [32mVERBOSE[0m Callback method :onListItemClick in Class com.arron.taskManager.taskManager2.ui.activities.SDCardActivity added
[WARNING] [32mVERBOSE[0m Callback method :onItemClick in Class com.arron.taskManager.taskManager2.ui.activities.SDCardActivity added
[WARNING] [32mVERBOSE[0m Callback method :onCreate in Class com.arron.taskManager.taskManager2.ui.activities.SDCardActivity added
[WARNING] [32mVERBOSE[0m Callback method :onCancel in Class com.arron.taskManager.taskManager2.ui.activities.SDCardActivity added
[WARNING] [32mVERBOSE[0m Callback method :onClick in Class com.arron.taskManager.taskManager2.ui.activities.SDCardActivity added
[WARNING] [32mVERBOSE[0m Callback method :onResume in Class com.arron.taskManager.taskManager2.ui.activities.SDCardActivity added
[WARNING] [32mVERBOSE[0m Callback method :onSensorChanged in Class com.arron.taskManager.ui.AccelerometerShakeListener added
[WARNING] [32mVERBOSE[0m Callback method :onAccuracyChanged in Class com.arron.taskManager.ui.AccelerometerShakeListener added
[WARNING] [32mVERBOSE[0m Callback method :onBackPressed in Class com.arron.taskManager.taskManager2.ui.activities.UninstallActivity added
[WARNING] [32mVERBOSE[0m Callback method :onListItemClick in Class com.arron.taskManager.taskManager2.ui.activities.UninstallActivity added
[WARNING] [32mVERBOSE[0m Callback method :onCreateContextMenu in Class com.arron.taskManager.taskManager2.ui.activities.UninstallActivity added
[WARNING] [32mVERBOSE[0m Callback method :onItemClick in Class com.arron.taskManager.taskManager2.ui.activities.UninstallActivity added
[WARNING] [32mVERBOSE[0m Callback method :onCreate in Class com.arron.taskManager.taskManager2.ui.activities.UninstallActivity added
[WARNING] [32mVERBOSE[0m Callback method :onCancel in Class com.arron.taskManager.taskManager2.ui.activities.UninstallActivity added
[WARNING] [32mVERBOSE[0m Callback method :onClick in Class com.arron.taskManager.taskManager2.ui.activities.UninstallActivity added
[WARNING] [32mVERBOSE[0m Callback method :onResume in Class com.arron.taskManager.taskManager2.ui.activities.UninstallActivity added
[WARNING] [32mVERBOSE[0m Callback method :onContextItemSelected in Class com.arron.taskManager.taskManager2.ui.activities.UninstallActivity added
[WARNING] [32mVERBOSE[0m Callback method :onCreate in Class com.arron.taskManager.ui.system.SystemListView added
[WARNING] [32mVERBOSE[0m Callback method :onCreateOptionsMenu in Class com.arron.taskManager.ui.system.SystemListView added
[WARNING] [32mVERBOSE[0m Callback method :onOptionsItemSelected in Class com.arron.taskManager.ui.system.SystemListView added
[WARNING] [32mVERBOSE[0m Callback method :onCreate in Class com.arron.taskManager.ui.preferences.runningapps.ExcludeRunningAppsApplicationListViewForAutoEndService added
[WARNING] [32mVERBOSE[0m Callback method :onCreate in Class com.arron.taskManager.taskManager2.ui.activities.InformationViewActivity added
[WARNING] [32mVERBOSE[0m Callback method :create in Class com.arron.taskManager.ui.preferences.ListCheckboxActivity added
[WARNING] [32mVERBOSE[0m Callback method :onCreate in Class com.arron.taskManager.taskManager2.ui.activities.PreferencesActivity added
[WARNING] [32mVERBOSE[0m Callback method :onListItemClick in Class com.arron.taskManager.ui.uninstall.UninstallActivity added
[WARNING] [32mVERBOSE[0m Callback method :onItemClick in Class com.arron.taskManager.ui.uninstall.UninstallActivity added
[WARNING] [32mVERBOSE[0m Callback method :onCreate in Class com.arron.taskManager.ui.uninstall.UninstallActivity added
[WARNING] [32mVERBOSE[0m Callback method :onCancel in Class com.arron.taskManager.ui.uninstall.UninstallActivity added
[WARNING] [32mVERBOSE[0m Callback method :onClick in Class com.arron.taskManager.ui.uninstall.UninstallActivity added
[WARNING] [32mVERBOSE[0m Callback method :onResume in Class com.arron.taskManager.ui.uninstall.UninstallActivity added
[WARNING] [32mVERBOSE[0m Callback method :onReceive in Class com.arron.taskManager.services.AlarmsCancelServiceReceiver added
[WARNING] [32mVERBOSE[0m Callback method :onBind in Class com.arron.taskManager.widget.EndTaskActivity added
[WARNING] [32mVERBOSE[0m Callback method :onStart in Class com.arron.taskManager.widget.EndTaskActivity added
[WARNING] [32mVERBOSE[0m Callback method :onBind in Class com.arron.taskManager.services.EndTaskService added
[WARNING] [32mVERBOSE[0m Callback method :onStart in Class com.arron.taskManager.services.EndTaskService added
1 ICC links found and 1 cg edges added due to ICC links
dynamic conflated call graph: 227 methods; 227 nodes; 313 edges.
maxpossibleFlows=4
1 taint flow paths FOUND from <android.os.Environment: java.io.File getDataDirectory()> to <android.widget.TextView: void setText(java.lang.CharSequence)>
maxpossibleFlows=2
2 taint flow paths FOUND from <android.content.ContextWrapper: android.content.res.AssetManager getAssets()> to <android.content.res.AssetManager: android.content.res.XmlResourceParser openXmlResourceParser(java.lang.String)>
maxpossibleFlows=3
maxpossibleFlows=1
maxpossibleFlows=3
3 taint flow paths FOUND from <android.content.ContextWrapper: android.content.SharedPreferences getSharedPreferences(java.lang.String,int)> to <android.app.Activity: void setContentView(int)>
maxpossibleFlows=1
maxpossibleFlows=1
maxpossibleFlows=1
maxpossibleFlows=1
maxpossibleFlows=4
maxpossibleFlows=4
maxpossibleFlows=1
maxpossibleFlows=1
maxpossibleFlows=4
maxpossibleFlows=4
1 taint flow paths FOUND from <java.lang.Runtime: java.lang.Runtime getRuntime()> to <java.lang.String: boolean startsWith(java.lang.String)>
maxpossibleFlows=4
4 taint flow paths FOUND from <android.view.ContextThemeWrapper: android.content.res.Resources getResources()> to <android.widget.TextView: void setText(java.lang.CharSequence)>
maxpossibleFlows=4
maxpossibleFlows=4
maxpossibleFlows=1
maxpossibleFlows=1
maxpossibleFlows=6
maxpossibleFlows=6
maxpossibleFlows=6
maxpossibleFlows=6
maxpossibleFlows=8
2 taint flow paths FOUND from <android.os.StatFs: int getBlockCount()> to <android.widget.TextView: void setText(java.lang.CharSequence)>
maxpossibleFlows=4
4 taint flow paths FOUND from <android.content.res.Resources: java.lang.String getString(int)> to <android.widget.TextView: void setText(java.lang.CharSequence)>
maxpossibleFlows=4
1 taint flow paths FOUND from <android.os.Environment: java.io.File getExternalStorageDirectory()> to <android.widget.TextView: void setText(java.lang.CharSequence)>
maxpossibleFlows=1
maxpossibleFlows=1
maxpossibleFlows=1
maxpossibleFlows=1
1 taint flow paths FOUND from <android.app.AlertDialog$Builder: android.app.AlertDialog show()> to <android.view.View: void setVisibility(int)>
maxpossibleFlows=4
4 taint flow paths FOUND from <java.lang.StringBuilder: java.lang.String toString()> to <android.widget.TextView: void setText(java.lang.CharSequence)>
maxpossibleFlows=1
1 taint flow paths FOUND from <android.widget.TextView: android.graphics.drawable.Drawable[] getCompoundDrawables()> to <android.widget.TextView: void setCompoundDrawablesWithIntrinsicBounds(android.graphics.drawable.Drawable,android.graphics.drawable.Drawable,android.graphics.drawable.Drawable,android.graphics.drawable.Drawable)>
maxpossibleFlows=4
4 taint flow paths FOUND from <android.app.ActivityManager: void getMemoryInfo(android.app.ActivityManager$MemoryInfo)> to <android.widget.TextView: void setText(java.lang.CharSequence)>
maxpossibleFlows=4
maxpossibleFlows=4
maxpossibleFlows=1
maxpossibleFlows=1
maxpossibleFlows=3
maxpossibleFlows=3
maxpossibleFlows=1
maxpossibleFlows=1
maxpossibleFlows=4
maxpossibleFlows=4
maxpossibleFlows=1
maxpossibleFlows=1
maxpossibleFlows=10
10 taint flow paths FOUND from <android.view.ViewGroup: android.view.View getChildAt(int)> to <android.widget.TextView: void setText(java.lang.CharSequence)>
maxpossibleFlows=8
2 taint flow paths FOUND from <android.os.StatFs: int getBlockSize()> to <android.widget.TextView: void setText(java.lang.CharSequence)>
maxpossibleFlows=6
maxpossibleFlows=6
maxpossibleFlows=6
maxpossibleFlows=12
maxpossibleFlows=4
4 taint flow paths FOUND from <java.lang.StringBuffer: java.lang.String toString()> to <android.widget.TextView: void setText(java.lang.CharSequence)>
maxpossibleFlows=6
maxpossibleFlows=6
maxpossibleFlows=6
maxpossibleFlows=6
maxpossibleFlows=8
2 taint flow paths FOUND from <android.os.StatFs: int getAvailableBlocks()> to <android.widget.TextView: void setText(java.lang.CharSequence)>
maxpossibleFlows=6
maxpossibleFlows=4
maxpossibleFlows=6
maxpossibleFlows=1
maxpossibleFlows=1
maxpossibleFlows=6
maxpossibleFlows=12
maxpossibleFlows=1
maxpossibleFlows=1
maxpossibleFlows=1
maxpossibleFlows=1
maxpossibleFlows=1
maxpossibleFlows=1
maxpossibleFlows=1
maxpossibleFlows=1
maxpossibleFlows=1
maxpossibleFlows=1
maxpossibleFlows=2
2 taint flow paths FOUND from <android.content.ContextWrapper: android.content.Context createPackageContext(java.lang.String,int)> to <android.content.res.AssetManager: android.content.res.XmlResourceParser openXmlResourceParser(java.lang.String)>
maxpossibleFlows=8
2 taint flow paths FOUND from <java.io.File: java.lang.String getPath()> to <android.widget.TextView: void setText(java.lang.CharSequence)>
maxpossibleFlows=3
maxpossibleFlows=3
maxpossibleFlows=3
3 taint flow paths FOUND from <android.view.LayoutInflater: android.view.View inflate(int,android.view.ViewGroup,boolean)> to <android.widget.TextView: void setText(java.lang.CharSequence)>
maxpossibleFlows=3
maxpossibleFlows=3
maxpossibleFlows=3
3 taint flow paths FOUND from <android.app.Activity: android.view.LayoutInflater getLayoutInflater()> to <android.widget.TextView: void setText(java.lang.CharSequence)>
maxpossibleFlows=4
maxpossibleFlows=4
maxpossibleFlows=1
maxpossibleFlows=1
maxpossibleFlows=4
4 taint flow paths FOUND from <android.app.Activity: java.lang.Object getSystemService(java.lang.String)> to <android.widget.TextView: void setText(java.lang.CharSequence)>
maxpossibleFlows=1
maxpossibleFlows=1
maxpossibleFlows=1
maxpossibleFlows=1
1 taint flow paths FOUND from <android.app.ListActivity: android.widget.ListView getListView()> to <android.view.View: void setVisibility(int)>
maxpossibleFlows=3
maxpossibleFlows=3
maxpossibleFlows=1
maxpossibleFlows=1
1 taint flow paths FOUND from <android.app.Activity: android.view.Window getWindow()> to <android.widget.TabHost$TabSpec: android.widget.TabHost$TabSpec setIndicator(android.view.View)>
maxpossibleFlows=6
6 taint flow paths FOUND from <android.view.View: android.content.res.Resources getResources()> to <android.widget.TextView: void setText(java.lang.CharSequence)>
maxpossibleFlows=1
1 taint flow paths FOUND from <android.content.res.Resources: android.graphics.drawable.Drawable getDrawable(int)> to <android.widget.TextView: void setCompoundDrawablesWithIntrinsicBounds(android.graphics.drawable.Drawable,android.graphics.drawable.Drawable,android.graphics.drawable.Drawable,android.graphics.drawable.Drawable)>
maxpossibleFlows=1
maxpossibleFlows=1
maxpossibleFlows=3
maxpossibleFlows=3
maxpossibleFlows=1
1 taint flow paths FOUND from <android.app.Activity: android.view.Window getWindow()> to <android.widget.TabHost$TabSpec: android.widget.TabHost$TabSpec setIndicator(android.view.View)>
maxpossibleFlows=1
maxpossibleFlows=1
maxpossibleFlows=3
maxpossibleFlows=3
maxpossibleFlows=1
1 taint flow paths FOUND from <android.app.Activity: android.view.Window getWindow()> to <android.widget.TabHost$TabSpec: android.widget.TabHost$TabSpec setContent(android.content.Intent)>
maxpossibleFlows=2
2 taint flow paths FOUND from <android.content.ContextWrapper: android.content.res.AssetManager getAssets()> to <android.content.res.AssetManager: android.content.res.XmlResourceParser openXmlResourceParser(java.lang.String)>
maxpossibleFlows=1
1 taint flow paths FOUND from <android.widget.TextView: android.graphics.drawable.Drawable[] getCompoundDrawables()> to <android.widget.TextView: void setCompoundDrawablesWithIntrinsicBounds(android.graphics.drawable.Drawable,android.graphics.drawable.Drawable,android.graphics.drawable.Drawable,android.graphics.drawable.Drawable)>
maxpossibleFlows=4
1 taint flow paths FOUND from <android.os.Environment: java.io.File getDataDirectory()> to <android.widget.TextView: void setText(java.lang.CharSequence)>
maxpossibleFlows=1
maxpossibleFlows=1
maxpossibleFlows=4
maxpossibleFlows=4
1 taint flow paths FOUND from <java.lang.Runtime: java.lang.Runtime getRuntime()> to <java.lang.String: boolean startsWith(java.lang.String)>
maxpossibleFlows=6
maxpossibleFlows=6
maxpossibleFlows=6
maxpossibleFlows=6
maxpossibleFlows=6
maxpossibleFlows=6
6 taint flow paths FOUND from <android.view.View: android.content.res.Resources getResources()> to <android.widget.TextView: void setPadding(int,int,int,int)>
maxpossibleFlows=3
maxpossibleFlows=3
3 taint flow paths FOUND from <android.content.ContextWrapper: android.content.SharedPreferences getSharedPreferences(java.lang.String,int)> to <android.app.Activity: void setContentView(int)>
maxpossibleFlows=1
maxpossibleFlows=1
maxpossibleFlows=1
maxpossibleFlows=1
maxpossibleFlows=1
maxpossibleFlows=1
1 taint flow paths FOUND from <android.content.ContextWrapper: android.content.SharedPreferences getSharedPreferences(java.lang.String,int)> to <android.view.View: void setVisibility(int)>
maxpossibleFlows=1
maxpossibleFlows=1
maxpossibleFlows=1
maxpossibleFlows=6
maxpossibleFlows=1
maxpossibleFlows=1
maxpossibleFlows=1
maxpossibleFlows=1
maxpossibleFlows=1
maxpossibleFlows=6
maxpossibleFlows=1
maxpossibleFlows=6
maxpossibleFlows=6
maxpossibleFlows=1
maxpossibleFlows=6
maxpossibleFlows=1
maxpossibleFlows=1
maxpossibleFlows=6
6 taint flow paths FOUND from <android.view.View: android.content.res.Resources getResources()> to <android.widget.TextView: void setTextSize(float)>
maxpossibleFlows=1
maxpossibleFlows=6
maxpossibleFlows=1
maxpossibleFlows=1
maxpossibleFlows=1
maxpossibleFlows=1
maxpossibleFlows=20
20 taint flow paths FOUND from <android.view.ViewGroup: android.view.View getChildAt(int)> to <android.widget.ImageView: void setImageDrawable(android.graphics.drawable.Drawable)>
[WARNING] [32mVERBOSE[0m Callback method :<init> in Class com.arron.taskManager.taskManager2.ui.activities.SDCardActivity
[WARNING] [32mVERBOSE[0m Callback method :onBackPressed in Class com.arron.taskManager.taskManager2.ui.activities.SDCardActivity
[WARNING] [32mVERBOSE[0m Callback method :onCancel in Class com.arron.taskManager.taskManager2.ui.activities.SDCardActivity
[WARNING] [32mVERBOSE[0m Callback method :onClick in Class com.arron.taskManager.taskManager2.ui.activities.SDCardActivity
[WARNING] [32mVERBOSE[0m Callback method :onCreate in Class com.arron.taskManager.taskManager2.ui.activities.SDCardActivity
[WARNING] [32mVERBOSE[0m Callback method :onItemClick in Class com.arron.taskManager.taskManager2.ui.activities.SDCardActivity
[WARNING] [32mVERBOSE[0m Callback method :onListItemClick in Class com.arron.taskManager.taskManager2.ui.activities.SDCardActivity
[WARNING] [32mVERBOSE[0m Callback method :onResume in Class com.arron.taskManager.taskManager2.ui.activities.SDCardActivity
[WARNING] [32mVERBOSE[0m Callback method :<init> in Class com.arron.taskManager.taskManager2.ui.activities.UninstallActivity
[WARNING] [32mVERBOSE[0m Callback method :onBackPressed in Class com.arron.taskManager.taskManager2.ui.activities.UninstallActivity
[WARNING] [32mVERBOSE[0m Callback method :onCancel in Class com.arron.taskManager.taskManager2.ui.activities.UninstallActivity
[WARNING] [32mVERBOSE[0m Callback method :onClick in Class com.arron.taskManager.taskManager2.ui.activities.UninstallActivity
[WARNING] [32mVERBOSE[0m Callback method :onContextItemSelected in Class com.arron.taskManager.taskManager2.ui.activities.UninstallActivity
[WARNING] [32mVERBOSE[0m Callback method :onCreate in Class com.arron.taskManager.taskManager2.ui.activities.UninstallActivity
[WARNING] [32mVERBOSE[0m Callback method :onCreateContextMenu in Class com.arron.taskManager.taskManager2.ui.activities.UninstallActivity
[WARNING] [32mVERBOSE[0m Callback method :onItemClick in Class com.arron.taskManager.taskManager2.ui.activities.UninstallActivity
[WARNING] [32mVERBOSE[0m Callback method :onListItemClick in Class com.arron.taskManager.taskManager2.ui.activities.UninstallActivity
[WARNING] [32mVERBOSE[0m Callback method :onResume in Class com.arron.taskManager.taskManager2.ui.activities.UninstallActivity
[WARNING] [32mVERBOSE[0m Callback method :onAccuracyChanged in Class com.arron.taskManager.ui.AccelerometerShakeListener
[WARNING] [32mVERBOSE[0m Callback method :onSensorChanged in Class com.arron.taskManager.ui.AccelerometerShakeListener
[WARNING] [32mVERBOSE[0m Callback method :<init> in Class com.arron.taskManager.ui.uninstall.UninstallActivity
[WARNING] [32mVERBOSE[0m Callback method :onCancel in Class com.arron.taskManager.ui.uninstall.UninstallActivity
[WARNING] [32mVERBOSE[0m Callback method :onClick in Class com.arron.taskManager.ui.uninstall.UninstallActivity
[WARNING] [32mVERBOSE[0m Callback method :onCreate in Class com.arron.taskManager.ui.uninstall.UninstallActivity
[WARNING] [32mVERBOSE[0m Callback method :onItemClick in Class com.arron.taskManager.ui.uninstall.UninstallActivity
[WARNING] [32mVERBOSE[0m Callback method :onListItemClick in Class com.arron.taskManager.ui.uninstall.UninstallActivity
[WARNING] [32mVERBOSE[0m Callback method :onResume in Class com.arron.taskManager.ui.uninstall.UninstallActivity
Result for malicious-app-79-C542BBC89667062BDD8884E94F1BC43F47E5D4A6C3F382509A75E6B299BCCF94.apkcom.arron.taskManager