DUA-Forensics args to Soot: -w -cp /home/handrick/Documents/UNB/benchmark/libs/droidfax.jar:/home/handrick/Android/Sdk/platforms/android-19/android.jar -p cg verbose:false,implicit-entry:true -p cg.spark verbose:false,on-fly-cg:true,rta:false -d /home/handrick/Documents/UNB/benchmark/trace/180/2/droidbot/malicious-app-40-D2070E7540DEEEB1A48243EE55BAEDCB3B4C5F8EF2F30958E8F9039507518C49.apk.logcat -process-dir /home/handrick/Documents/UNB/benchmark/data/input/malicious-app-40-D2070E7540DEEEB1A48243EE55BAEDCB3B4C5F8EF2F30958E8F9039507518C49.apk 
Soot started on Fri Apr 15 13:06:37 CEST 2022
Warning: com.ironsource.mobilcore.BaseFlowBasedAdUnit is a phantom class!
Warning: java.lang.invoke.LambdaMetafactory is a phantom class!
Warning: java.lang.ref.Finalizer is a phantom class!
Warning: com.sun.image.codec.jpeg.JPEGDecodeParam is a phantom class!
get type from 'Z'
get type from 'Z'
Warning: com.sun.image.codec.jpeg.JPEGCodec is a phantom class!
Warning: com.sun.image.codec.jpeg.JPEGImageDecoder is a phantom class!
Warning: java.awt.image.BufferedImage is a phantom class!
Warning: javax.servlet.ServletContextEvent is a phantom class!
Warning: javax.servlet.ServletContextListener is a phantom class!
Warning: org.apache.avalon.framework.logger.Logger is a phantom class!
Warning: org.apache.log4j.Priority is a phantom class!
Warning: org.apache.log4j.Logger is a phantom class!
Warning: org.apache.log.Logger is a phantom class!
Warning: org.apache.log.Hierarchy is a phantom class!
Warning: org.apache.log4j.Category is a phantom class!
No main class given. Inferred 'com.drew.imaging.jpeg.JpegMetadataReader' as main class.
[Call Graph] For information on where the call graph may be incomplete, use the verbose option to the cg phase.
[Spark] Pointer Assignment Graph in 0.2 seconds.
[Spark] Type masks in 0.0 seconds.
[Spark] Pointer Graph simplified in 0.0 seconds.
[Spark] Propagation in 1.6 seconds.
[Spark] Solution found in 1.6 seconds.
hcai's internal transform
Running static analysis for method/class coverage characterization
0 ICC links found and 0 cg edges added due to ICC links
dynamic conflated call graph: 726 methods; 726 nodes; 1182 edges.
feature-vector-key = malicious-app-40-D2070E7540DEEEB1A48243EE55BAEDCB3B4C5F8EF2F30958E8F9039507518C49.apk
Result for malicious-app-40-D2070E7540DEEEB1A48243EE55BAEDCB3B4C5F8EF2F30958E8F9039507518C49.apkcom.jiongji.andriod.card