DUA-Forensics args to Soot: -w -cp /home/handrick/Documents/UNB/benchmark/libs/droidfax.jar:/home/handrick/Android/Sdk/platforms/android-19/android.jar -p cg verbose:false,implicit-entry:true -p cg.spark verbose:false,on-fly-cg:true,rta:false -d /home/handrick/Documents/UNB/benchmark/trace/180/1/droidbot/benign-app-92-CC7EA610F55254C13F38709569EA9E57A202B9CA2C6171672A5E673305069E24.apk.logcat -process-dir /home/handrick/Documents/UNB/benchmark/data/input/benign-app-92-CC7EA610F55254C13F38709569EA9E57A202B9CA2C6171672A5E673305069E24.apk 
Soot started on Fri Apr 15 01:12:10 CEST 2022
Warning: com.ironsource.mobilcore.BaseFlowBasedAdUnit is a phantom class!
Warning: java.lang.invoke.LambdaMetafactory is a phantom class!
Warning: java.lang.ref.Finalizer is a phantom class!
[Call Graph] For information on where the call graph may be incomplete, use the verbose option to the cg phase.
[Spark] Pointer Assignment Graph in 0.0 seconds.
[Spark] Type masks in 0.0 seconds.
[Spark] Pointer Graph simplified in 0.0 seconds.
[Spark] Propagation in 0.0 seconds.
[Spark] Solution found in 0.0 seconds.
hcai's internal transform
Running static analysis for security-relevant feature characterization
[GatorHierarchy] [32mVERBOSE[0m [HIER] All classes: 873
[GatorHierarchy] [32mVERBOSE[0m [App: 65, Lib : 805, Phantom: 3]
[GatorHierarchy] [32mVERBOSE[0m [HIER] Activities: 2, lib activities: 1
[GatorHierarchy] [32mVERBOSE[0m [HIER] App views: 2, Lib views: 11
[GatorHierarchy] [32mVERBOSE[0m [HIER] App Dialogs: 1, Lib Dialogs: 3
[TIMECOST] [32mVERBOSE[0m buildApplicationCodeMap parsing starting at 1649977931347
[TIMECOST] [32mVERBOSE[0m buildApplicationCodeMap parsing finished at 1649977932154
[Instantiated app classes] [32mVERBOSE[0m total number: 89
[WARNING] [32mVERBOSE[0m Callback method :onCreate in Class com.asai.android.yourspinbottle.ImageChangeActivity added
[WARNING] [32mVERBOSE[0m Callback method :onClick in Class com.asai.android.yourspinbottle.ImageChangeActivity added
[WARNING] [32mVERBOSE[0m Callback method :onResume in Class com.asai.android.yourspinbottle.ImageChangeActivity added
[WARNING] [32mVERBOSE[0m Callback method :onCreate in Class com.asai.android.util.view.ColorPickerDialog added
[WARNING] [32mVERBOSE[0m Callback method :onSingleTapUp in Class com.asai.android.yourspinbottle.YourSpinBottle added
[WARNING] [32mVERBOSE[0m Callback method :onTouchEvent in Class com.asai.android.yourspinbottle.YourSpinBottle added
[WARNING] [32mVERBOSE[0m Callback method :onDown in Class com.asai.android.yourspinbottle.YourSpinBottle added
[WARNING] [32mVERBOSE[0m Callback method :onFling in Class com.asai.android.yourspinbottle.YourSpinBottle added
[WARNING] [32mVERBOSE[0m Callback method :onStop in Class com.asai.android.yourspinbottle.YourSpinBottle added
[WARNING] [32mVERBOSE[0m Callback method :onCreate in Class com.asai.android.yourspinbottle.YourSpinBottle added
[WARNING] [32mVERBOSE[0m Callback method :onCreateOptionsMenu in Class com.asai.android.yourspinbottle.YourSpinBottle added
[WARNING] [32mVERBOSE[0m Callback method :onDestroy in Class com.asai.android.yourspinbottle.YourSpinBottle added
[WARNING] [32mVERBOSE[0m Callback method :onScroll in Class com.asai.android.yourspinbottle.YourSpinBottle added
[WARNING] [32mVERBOSE[0m Callback method :onLongPress in Class com.asai.android.yourspinbottle.YourSpinBottle added
[WARNING] [32mVERBOSE[0m Callback method :onActivityResult in Class com.asai.android.yourspinbottle.YourSpinBottle added
[WARNING] [32mVERBOSE[0m Callback method :onShowPress in Class com.asai.android.yourspinbottle.YourSpinBottle added
[WARNING] [32mVERBOSE[0m Callback method :onOptionsItemSelected in Class com.asai.android.yourspinbottle.YourSpinBottle added
[WARNING] [32mVERBOSE[0m Callback method :onClick in Class com.asai.android.yourspinbottle.YourSpinBottle added
[WARNING] [32mVERBOSE[0m Callback method :onReceive in Class com.google.android.apps.analytics.AnalyticsReceiver added
[WARNING] [32mVERBOSE[0m Callback method :onRestoreInstanceState in Class com.asai.android.util.view.AutoScrollTextView added
[WARNING] [32mVERBOSE[0m Callback method :onSaveInstanceState in Class com.asai.android.util.view.AutoScrollTextView added
[WARNING] [32mVERBOSE[0m Callback method :onDraw in Class com.asai.android.util.view.AutoScrollTextView added
3 ICC links found and 1 cg edges added due to ICC links
dynamic conflated call graph: 322 methods; 322 nodes; 408 edges.
maxpossibleFlows=9
maxpossibleFlows=3
maxpossibleFlows=1
maxpossibleFlows=6
maxpossibleFlows=3
maxpossibleFlows=1
maxpossibleFlows=3
maxpossibleFlows=1
maxpossibleFlows=1
maxpossibleFlows=9
9 taint flow paths FOUND from <java.lang.Double: long longValue()> to <android.view.View: void startAnimation(android.view.animation.Animation)>
maxpossibleFlows=3
maxpossibleFlows=3
maxpossibleFlows=3
maxpossibleFlows=3
maxpossibleFlows=1
maxpossibleFlows=1
maxpossibleFlows=1
maxpossibleFlows=3
maxpossibleFlows=3
maxpossibleFlows=3
maxpossibleFlows=3
maxpossibleFlows=2
maxpossibleFlows=2
maxpossibleFlows=3
maxpossibleFlows=25
maxpossibleFlows=1
maxpossibleFlows=1
maxpossibleFlows=3
maxpossibleFlows=3
maxpossibleFlows=3
maxpossibleFlows=3
maxpossibleFlows=2
maxpossibleFlows=1
maxpossibleFlows=3
maxpossibleFlows=3
maxpossibleFlows=6
maxpossibleFlows=3
maxpossibleFlows=3
maxpossibleFlows=3
maxpossibleFlows=3
maxpossibleFlows=3
maxpossibleFlows=3
maxpossibleFlows=1
maxpossibleFlows=1
maxpossibleFlows=10
maxpossibleFlows=10
maxpossibleFlows=3
maxpossibleFlows=3
maxpossibleFlows=6
maxpossibleFlows=3
maxpossibleFlows=3
maxpossibleFlows=3
maxpossibleFlows=6
maxpossibleFlows=3
maxpossibleFlows=1
maxpossibleFlows=1
maxpossibleFlows=1
1 taint flow paths FOUND from <android.os.Environment: java.io.File getExternalStorageDirectory()> to <android.content.Intent: android.content.Intent setAction(java.lang.String)>
maxpossibleFlows=22
maxpossibleFlows=1
1 taint flow paths FOUND from <java.lang.StringBuilder: java.lang.String toString()> to <android.content.Intent: android.content.Intent setAction(java.lang.String)>
maxpossibleFlows=9
maxpossibleFlows=25
maxpossibleFlows=1
maxpossibleFlows=1
maxpossibleFlows=1
maxpossibleFlows=1
maxpossibleFlows=3
maxpossibleFlows=3
maxpossibleFlows=3
maxpossibleFlows=3
maxpossibleFlows=3
maxpossibleFlows=3
maxpossibleFlows=9
maxpossibleFlows=3
maxpossibleFlows=3
maxpossibleFlows=6
maxpossibleFlows=3
maxpossibleFlows=3
maxpossibleFlows=25
maxpossibleFlows=1
maxpossibleFlows=1
maxpossibleFlows=9
maxpossibleFlows=3
maxpossibleFlows=3
maxpossibleFlows=6
maxpossibleFlows=3
maxpossibleFlows=3
maxpossibleFlows=3
maxpossibleFlows=3
maxpossibleFlows=3
maxpossibleFlows=3
maxpossibleFlows=3
3 taint flow paths FOUND from <java.util.HashMap: java.lang.Object get(java.lang.Object)> to <android.content.Intent: android.content.Intent putExtra(java.lang.String,android.os.Bundle)>
maxpossibleFlows=10
maxpossibleFlows=1
maxpossibleFlows=1
maxpossibleFlows=3
maxpossibleFlows=3
2 taint flow paths FOUND from <android.os.Bundle: int getInt(java.lang.String,int)> to <android.app.Activity: void setContentView(int)>
maxpossibleFlows=9
maxpossibleFlows=10
maxpossibleFlows=3
maxpossibleFlows=3
maxpossibleFlows=6
maxpossibleFlows=3
maxpossibleFlows=1
1 taint flow paths FOUND from <android.app.Activity: android.view.Window getWindow()> to <android.app.Activity: void setContentView(int)>
maxpossibleFlows=3
maxpossibleFlows=1
maxpossibleFlows=3
maxpossibleFlows=3
maxpossibleFlows=1
maxpossibleFlows=1
maxpossibleFlows=9
maxpossibleFlows=9
9 taint flow paths FOUND from <java.lang.Double: long longValue()> to <android.view.View: void startAnimation(android.view.animation.Animation)>
maxpossibleFlows=3
maxpossibleFlows=3
maxpossibleFlows=3
maxpossibleFlows=3
maxpossibleFlows=3
maxpossibleFlows=3
maxpossibleFlows=3
maxpossibleFlows=3
maxpossibleFlows=3
maxpossibleFlows=3
maxpossibleFlows=3
maxpossibleFlows=3
maxpossibleFlows=3
maxpossibleFlows=3
3 taint flow paths FOUND from <java.util.HashMap: java.lang.Object get(java.lang.Object)> to <android.content.Intent: android.content.Intent putExtra(java.lang.String,android.os.Bundle)>
maxpossibleFlows=25
maxpossibleFlows=22
maxpossibleFlows=25
maxpossibleFlows=25
maxpossibleFlows=1
1 taint flow paths FOUND from <android.os.Environment: java.io.File getExternalStorageDirectory()> to <android.content.Intent: android.content.Intent setAction(java.lang.String)>
maxpossibleFlows=1
maxpossibleFlows=1
maxpossibleFlows=3
maxpossibleFlows=1
maxpossibleFlows=3
maxpossibleFlows=1
maxpossibleFlows=3
maxpossibleFlows=3
maxpossibleFlows=3
maxpossibleFlows=3
maxpossibleFlows=3
maxpossibleFlows=1
maxpossibleFlows=1
maxpossibleFlows=1
maxpossibleFlows=3
maxpossibleFlows=3
maxpossibleFlows=1
maxpossibleFlows=3
maxpossibleFlows=3
maxpossibleFlows=1
maxpossibleFlows=3
2 taint flow paths FOUND from <android.os.Bundle: int getInt(java.lang.String,int)> to <android.app.Activity: void setContentView(int)>
maxpossibleFlows=10
maxpossibleFlows=10
maxpossibleFlows=10
maxpossibleFlows=10
maxpossibleFlows=6
maxpossibleFlows=3
maxpossibleFlows=3
maxpossibleFlows=3
maxpossibleFlows=6
maxpossibleFlows=3
maxpossibleFlows=6
maxpossibleFlows=6
maxpossibleFlows=3
maxpossibleFlows=6
maxpossibleFlows=6
maxpossibleFlows=3
maxpossibleFlows=3
maxpossibleFlows=6
maxpossibleFlows=3
maxpossibleFlows=3
maxpossibleFlows=3
maxpossibleFlows=3
maxpossibleFlows=3
maxpossibleFlows=3
maxpossibleFlows=3
maxpossibleFlows=3
maxpossibleFlows=3
maxpossibleFlows=1
1 taint flow paths FOUND from <android.os.Environment: java.io.File getExternalStorageDirectory()> to <android.app.Activity: void startActivityForResult(android.content.Intent,int)>
maxpossibleFlows=1
1 taint flow paths FOUND from <android.os.Environment: java.io.File getExternalStorageDirectory()> to <android.content.Intent: android.content.Intent putExtra(java.lang.String,android.os.Parcelable)>
maxpossibleFlows=1
maxpossibleFlows=1
maxpossibleFlows=1
maxpossibleFlows=1
maxpossibleFlows=1
maxpossibleFlows=1
maxpossibleFlows=1
maxpossibleFlows=1
maxpossibleFlows=1
maxpossibleFlows=1
1 taint flow paths FOUND from <android.app.Activity: android.view.Window getWindow()> to <android.view.Window: void setFlags(int,int)>
maxpossibleFlows=3
maxpossibleFlows=1
maxpossibleFlows=2
maxpossibleFlows=2
maxpossibleFlows=3
maxpossibleFlows=2
maxpossibleFlows=3
maxpossibleFlows=3
2 taint flow paths FOUND from <java.lang.StringBuilder: java.lang.String toString()> to <android.view.View: void setBackgroundResource(int)>
[WARNING] [32mVERBOSE[0m Callback method :<init> in Class com.asai.android.yourspinbottle.ImageChangeActivity
[WARNING] [32mVERBOSE[0m Callback method :onClick in Class com.asai.android.yourspinbottle.ImageChangeActivity
[WARNING] [32mVERBOSE[0m Callback method :onCreate in Class com.asai.android.yourspinbottle.ImageChangeActivity
[WARNING] [32mVERBOSE[0m Callback method :onResume in Class com.asai.android.yourspinbottle.ImageChangeActivity
[WARNING] [32mVERBOSE[0m Callback method :<init> in Class com.asai.android.yourspinbottle.YourSpinBottle
[WARNING] [32mVERBOSE[0m Callback method :onActivityResult in Class com.asai.android.yourspinbottle.YourSpinBottle
[WARNING] [32mVERBOSE[0m Callback method :onClick in Class com.asai.android.yourspinbottle.YourSpinBottle
[WARNING] [32mVERBOSE[0m Callback method :onCreate in Class com.asai.android.yourspinbottle.YourSpinBottle
[WARNING] [32mVERBOSE[0m Callback method :onCreateOptionsMenu in Class com.asai.android.yourspinbottle.YourSpinBottle
[WARNING] [32mVERBOSE[0m Callback method :onDestroy in Class com.asai.android.yourspinbottle.YourSpinBottle
[WARNING] [32mVERBOSE[0m Callback method :onDown in Class com.asai.android.yourspinbottle.YourSpinBottle
[WARNING] [32mVERBOSE[0m Callback method :onFling in Class com.asai.android.yourspinbottle.YourSpinBottle
[WARNING] [32mVERBOSE[0m Callback method :onLongPress in Class com.asai.android.yourspinbottle.YourSpinBottle
[WARNING] [32mVERBOSE[0m Callback method :onOptionsItemSelected in Class com.asai.android.yourspinbottle.YourSpinBottle
[WARNING] [32mVERBOSE[0m Callback method :onScroll in Class com.asai.android.yourspinbottle.YourSpinBottle
[WARNING] [32mVERBOSE[0m Callback method :onShowPress in Class com.asai.android.yourspinbottle.YourSpinBottle
[WARNING] [32mVERBOSE[0m Callback method :onSingleTapUp in Class com.asai.android.yourspinbottle.YourSpinBottle
[WARNING] [32mVERBOSE[0m Callback method :onStop in Class com.asai.android.yourspinbottle.YourSpinBottle
[WARNING] [32mVERBOSE[0m Callback method :onTouchEvent in Class com.asai.android.yourspinbottle.YourSpinBottle
Result for benign-app-92-CC7EA610F55254C13F38709569EA9E57A202B9CA2C6171672A5E673305069E24.apkcom.asai.android.yourspinbottle