DUA-Forensics args to Soot: -w -cp /home/hcosta/bench/benchmark/libs/droidfax.jar:/home/hcosta/Android/Sdk/platforms/android-28/android.jar -p cg verbose:false,implicit-entry:true -p cg.spark verbose:false,on-fly-cg:true,rta:false -d /home/hcosta/bench/benchmark/trace/180/1/droidbot/benign-app-18-24956C7D5C895C0B41A69EF3A727519F8FCAAFB526FCD13AD29FDB67DB7B0BB9.apk.logcat -process-dir /home/hcosta/bench/benchmark/data/input/benign-app-18-24956C7D5C895C0B41A69EF3A727519F8FCAAFB526FCD13AD29FDB67DB7B0BB9.apk 
Soot started on Wed Apr 20 10:36:50 CEST 2022
Warning: com.ironsource.mobilcore.BaseFlowBasedAdUnit is a phantom class!
Warning: java.lang.invoke.LambdaMetafactory is a phantom class!
Warning: java.lang.ref.Finalizer is a phantom class!
Warning: org.apache.http.HttpEntity is a phantom class!
Warning: org.apache.http.HttpResponse is a phantom class!
Warning: org.apache.http.StatusLine is a phantom class!
Warning: org.apache.http.client.HttpClient is a phantom class!
Warning: org.apache.http.client.methods.HttpPost is a phantom class!
Warning: org.apache.http.client.methods.HttpUriRequest is a phantom class!
Warning: org.apache.http.entity.ByteArrayEntity is a phantom class!
Warning: org.apache.http.impl.client.DefaultHttpClient is a phantom class!
[Call Graph] For information on where the call graph may be incomplete, use the verbose option to the cg phase.
[Spark] Pointer Assignment Graph in 0.0 seconds.
[Spark] Type masks in 0.0 seconds.
[Spark] Pointer Graph simplified in 0.0 seconds.
[Spark] Propagation in 0.0 seconds.
[Spark] Solution found in 0.0 seconds.
hcai's internal transform
Running static analysis for security-relevant feature characterization
[GatorHierarchy] [32mVERBOSE[0m [HIER] All classes: 942
[GatorHierarchy] [32mVERBOSE[0m [App: 42, Lib : 889, Phantom: 11]
[GatorHierarchy] [32mVERBOSE[0m [HIER] Activities: 3, lib activities: 1
[GatorHierarchy] [32mVERBOSE[0m [HIER] App views: 2, Lib views: 8
[GatorHierarchy] [32mVERBOSE[0m [HIER] App Dialogs: 0, Lib Dialogs: 2
[TIMECOST] [32mVERBOSE[0m buildApplicationCodeMap parsing starting at 1650443810658
array element type: (filled narr)int
array element type: (filled narr)int
second round from stmt: $u0#3 = $u0#2[$u2]
[TIMECOST] [32mVERBOSE[0m buildApplicationCodeMap parsing finished at 1650443811366
[Instantiated app classes] [32mVERBOSE[0m total number: 51
[WARNING] [32mVERBOSE[0m Callback method :onPause in Class com.mathtest.activity.FinishActivity added
[WARNING] [32mVERBOSE[0m Callback method :onCreate in Class com.mathtest.activity.FinishActivity added
[WARNING] [32mVERBOSE[0m Callback method :onResume in Class com.mathtest.activity.FinishActivity added
[WARNING] [32mVERBOSE[0m Callback method :onNewIntent in Class com.mathtest.activity.PlayActivity added
[WARNING] [32mVERBOSE[0m Callback method :onPause in Class com.mathtest.activity.PlayActivity added
[WARNING] [32mVERBOSE[0m Callback method :onCreate in Class com.mathtest.activity.PlayActivity added
[WARNING] [32mVERBOSE[0m Callback method :onDestroy in Class com.mathtest.activity.PlayActivity added
[WARNING] [32mVERBOSE[0m Callback method :onResume in Class com.mathtest.activity.PlayActivity added
[WARNING] [32mVERBOSE[0m Callback method :onCreateEngine in Class com.mathtest.activity.CubeWallpaper added
[WARNING] [32mVERBOSE[0m Callback method :onDestroy in Class com.mathtest.activity.CubeWallpaper added
[WARNING] [32mVERBOSE[0m Callback method :onCreate in Class com.mathtest.activity.CubeWallpaper added
[WARNING] [32mVERBOSE[0m Callback method :onUpdate in Class com.mathtest.activity.LuncherWidget added
[WARNING] [32mVERBOSE[0m Callback method :onKeyDown in Class com.mathtest.activity.ViewsMgrActivity added
[WARNING] [32mVERBOSE[0m Callback method :onWindowFocusChanged in Class com.mathtest.activity.ViewsMgrActivity added
[WARNING] [32mVERBOSE[0m Callback method :onStop in Class com.mathtest.activity.ViewsMgrActivity added
[WARNING] [32mVERBOSE[0m Callback method :onCreate in Class com.mathtest.activity.ViewsMgrActivity added
[WARNING] [32mVERBOSE[0m Callback method :onDestroy in Class com.mathtest.activity.ViewsMgrActivity added
[WARNING] [32mVERBOSE[0m Callback method :onStart in Class com.mathtest.activity.ViewsMgrActivity added
1 ICC links found and 1 cg edges added due to ICC links
dynamic conflated call graph: 197 methods; 197 nodes; 303 edges.
maxpossibleFlows=1
maxpossibleFlows=2
maxpossibleFlows=1
maxpossibleFlows=2
maxpossibleFlows=1
maxpossibleFlows=1
maxpossibleFlows=2
maxpossibleFlows=1
maxpossibleFlows=1
1 taint flow paths FOUND from <android.content.ContextWrapper: android.content.res.AssetManager getAssets()> to <android.content.res.AssetManager: android.content.res.AssetFileDescriptor openFd(java.lang.String)>
maxpossibleFlows=1
maxpossibleFlows=1
maxpossibleFlows=1
maxpossibleFlows=56
56 taint flow paths FOUND from <android.view.KeyEvent: int getRepeatCount()> to <android.app.Activity: boolean onKeyDown(int,android.view.KeyEvent)>
maxpossibleFlows=2
maxpossibleFlows=2
maxpossibleFlows=2
maxpossibleFlows=2
maxpossibleFlows=2
maxpossibleFlows=1
maxpossibleFlows=2
maxpossibleFlows=1
maxpossibleFlows=1
maxpossibleFlows=1
maxpossibleFlows=2
maxpossibleFlows=1
maxpossibleFlows=1
maxpossibleFlows=2
maxpossibleFlows=2
maxpossibleFlows=1
maxpossibleFlows=1
maxpossibleFlows=2
maxpossibleFlows=2
maxpossibleFlows=1
maxpossibleFlows=2
maxpossibleFlows=1
maxpossibleFlows=1
maxpossibleFlows=1
maxpossibleFlows=2
maxpossibleFlows=1
maxpossibleFlows=1
maxpossibleFlows=2
maxpossibleFlows=2
maxpossibleFlows=1
maxpossibleFlows=1
maxpossibleFlows=2
maxpossibleFlows=2
maxpossibleFlows=1
maxpossibleFlows=1
maxpossibleFlows=9
maxpossibleFlows=1
maxpossibleFlows=1
maxpossibleFlows=1
maxpossibleFlows=6
maxpossibleFlows=9
9 taint flow paths FOUND from <java.lang.StringBuilder: java.lang.String toString()> to <android.util.Log: int d(java.lang.String,java.lang.String)>
maxpossibleFlows=1
maxpossibleFlows=2
maxpossibleFlows=1
maxpossibleFlows=2
maxpossibleFlows=1
maxpossibleFlows=1
maxpossibleFlows=2
maxpossibleFlows=1
maxpossibleFlows=9
maxpossibleFlows=9
maxpossibleFlows=1
maxpossibleFlows=1
maxpossibleFlows=1
maxpossibleFlows=1
maxpossibleFlows=1
1 taint flow paths FOUND from <android.app.Activity: android.view.Window getWindow()> to <android.app.Activity: void setContentView(int)>
maxpossibleFlows=5
maxpossibleFlows=2
maxpossibleFlows=2
maxpossibleFlows=2
maxpossibleFlows=1
maxpossibleFlows=1
maxpossibleFlows=1
maxpossibleFlows=2
maxpossibleFlows=2
maxpossibleFlows=2
maxpossibleFlows=2
maxpossibleFlows=1
maxpossibleFlows=2
maxpossibleFlows=1
maxpossibleFlows=2
maxpossibleFlows=1
maxpossibleFlows=1
maxpossibleFlows=2
maxpossibleFlows=1
maxpossibleFlows=56
56 taint flow paths FOUND from <android.view.KeyEvent: int getRepeatCount()> to <android.app.Activity: boolean onKeyDown(int,android.view.KeyEvent)>
maxpossibleFlows=1
maxpossibleFlows=1
1 taint flow paths FOUND from <android.content.ContextWrapper: android.content.res.AssetManager getAssets()> to <android.content.res.AssetManager: android.content.res.AssetFileDescriptor openFd(java.lang.String)>
maxpossibleFlows=2
maxpossibleFlows=2
maxpossibleFlows=2
maxpossibleFlows=2
maxpossibleFlows=2
maxpossibleFlows=2
maxpossibleFlows=2
maxpossibleFlows=9
maxpossibleFlows=9
9 taint flow paths FOUND from <java.lang.StringBuilder: java.lang.String toString()> to <android.util.Log: int d(java.lang.String,java.lang.String)>
maxpossibleFlows=1
maxpossibleFlows=1
maxpossibleFlows=1
maxpossibleFlows=1
maxpossibleFlows=1
maxpossibleFlows=1
maxpossibleFlows=2
maxpossibleFlows=2
maxpossibleFlows=2
maxpossibleFlows=2
maxpossibleFlows=2
maxpossibleFlows=2
maxpossibleFlows=2
maxpossibleFlows=2
maxpossibleFlows=2
maxpossibleFlows=2
maxpossibleFlows=2
maxpossibleFlows=1
maxpossibleFlows=1
maxpossibleFlows=1
maxpossibleFlows=1
maxpossibleFlows=1
maxpossibleFlows=1
maxpossibleFlows=1
maxpossibleFlows=1
maxpossibleFlows=1
maxpossibleFlows=2
maxpossibleFlows=1
maxpossibleFlows=1
maxpossibleFlows=1
maxpossibleFlows=1
maxpossibleFlows=1
maxpossibleFlows=1
maxpossibleFlows=1
maxpossibleFlows=1
maxpossibleFlows=1
1 taint flow paths FOUND from <android.app.Activity: android.view.Window getWindow()> to <android.app.Activity: void setContentView(int)>
maxpossibleFlows=1
maxpossibleFlows=1
maxpossibleFlows=1
maxpossibleFlows=1
maxpossibleFlows=1
maxpossibleFlows=1
maxpossibleFlows=1
maxpossibleFlows=1
maxpossibleFlows=1
maxpossibleFlows=1
maxpossibleFlows=1
maxpossibleFlows=2
maxpossibleFlows=2
maxpossibleFlows=2
maxpossibleFlows=2
maxpossibleFlows=2
maxpossibleFlows=2
maxpossibleFlows=2
maxpossibleFlows=2
maxpossibleFlows=2
maxpossibleFlows=2
maxpossibleFlows=2
maxpossibleFlows=1
maxpossibleFlows=1
maxpossibleFlows=1
maxpossibleFlows=1
maxpossibleFlows=1
1 taint flow paths FOUND from <android.app.Activity: android.view.Window getWindow()> to <android.view.Window: void setFlags(int,int)>
Result for benign-app-18-24956C7D5C895C0B41A69EF3A727519F8FCAAFB526FCD13AD29FDB67DB7B0BB9.apkcom.mathtest.activity