DUA-Forensics args to Soot: -w -cp /home/handrick/Documents/UNB/benchmark/libs/droidfax.jar:/home/handrick/Android/Sdk/platforms/android-19/android.jar -p cg verbose:false,implicit-entry:true -p cg.spark verbose:false,on-fly-cg:true,rta:false -d /home/handrick/Documents/UNB/benchmark/trace/180/2/droidbot/malicious-app-4-3FF73591AB3C0BD3D8271A3F5B5643154F3E4D6DFF7203FBFFF052AEA71BB9B1.apk.logcat -process-dir /home/handrick/Documents/UNB/benchmark/data/input/malicious-app-4-3FF73591AB3C0BD3D8271A3F5B5643154F3E4D6DFF7203FBFFF052AEA71BB9B1.apk 
Soot started on Fri Apr 15 12:46:52 CEST 2022
Warning: com.ironsource.mobilcore.BaseFlowBasedAdUnit is a phantom class!
Warning: java.lang.invoke.LambdaMetafactory is a phantom class!
Warning: java.lang.ref.Finalizer is a phantom class!
No main class given. Inferred 'com.mmsdk.utils.MD5Utils' as main class.
[Call Graph] For information on where the call graph may be incomplete, use the verbose option to the cg phase.
[Spark] Pointer Assignment Graph in 0.1 seconds.
[Spark] Type masks in 0.0 seconds.
[Spark] Pointer Graph simplified in 0.0 seconds.
[Spark] Propagation in 0.0 seconds.
[Spark] Solution found in 0.0 seconds.
hcai's internal transform
Running static analysis for security-relevant feature characterization
[GatorHierarchy] [32mVERBOSE[0m [HIER] All classes: 980
[GatorHierarchy] [32mVERBOSE[0m [App: 140, Lib : 837, Phantom: 3]
[GatorHierarchy] [32mVERBOSE[0m [HIER] Activities: 1, lib activities: 1
[GatorHierarchy] [32mVERBOSE[0m [HIER] App views: 9, Lib views: 14
[GatorHierarchy] [32mVERBOSE[0m [HIER] App Dialogs: 0, Lib Dialogs: 3
[TIMECOST] [32mVERBOSE[0m buildApplicationCodeMap parsing starting at 1650019613748
[TIMECOST] [32mVERBOSE[0m buildApplicationCodeMap parsing finished at 1650019614810
[Instantiated app classes] [32mVERBOSE[0m total number: 133
[WARNING] [32mVERBOSE[0m Callback method :onDetachedFromWindow in Class com.mmsdk.ads.AdView added
[WARNING] [32mVERBOSE[0m Callback method :doInBackground in Class com.mmsdk.internal.PostUserInfoTask added
[WARNING] [32mVERBOSE[0m Callback method :doInBackground in Class com.mmsdk.internal.DownloadAdInfoThread added
[WARNING] [32mVERBOSE[0m Callback method :onPostExecute in Class com.mmsdk.internal.DownloadAdInfoThread added
[WARNING] [32mVERBOSE[0m Callback method :onKeyDown in Class com.mmsdk.internal.CustomWebViewBackup added
[WARNING] [32mVERBOSE[0m Callback method :onJsAlert in Class com.dseffects.VirtualDog.VirtualDog$MyWebChromeClient added
[WARNING] [32mVERBOSE[0m Callback method :onWindowFocusChanged in Class com.admob.android.ads.AdView added
[WARNING] [32mVERBOSE[0m Callback method :setBackgroundColor in Class com.admob.android.ads.AdView added
[WARNING] [32mVERBOSE[0m Callback method :getVisibility in Class com.admob.android.ads.AdView added
[WARNING] [32mVERBOSE[0m Callback method :setVisibility in Class com.admob.android.ads.AdView added
[WARNING] [32mVERBOSE[0m Callback method :onCreate in Class com.dseffects.VirtualDog.VirtualDog added
[WARNING] [32mVERBOSE[0m Callback method :loadDataWithBaseURL in Class com.mmsdk.internal.AdWebView added
[WARNING] [32mVERBOSE[0m Callback method :onMeasure in Class com.mmsdk.internal.AdWebView added
[WARNING] [32mVERBOSE[0m Callback method :loadUrl in Class com.mmsdk.internal.AdWebView added
[WARNING] [32mVERBOSE[0m Callback method :doInBackground in Class com.mmsdk.internal.PostAppsInfoTask added
0 ICC links found and 0 cg edges added due to ICC links
dynamic conflated call graph: 41 methods; 41 nodes; 50 edges.
maxpossibleFlows=1
1 taint flow paths FOUND from <android.app.Activity: android.view.Window getWindow()> to <android.webkit.WebSettings: void setSupportMultipleWindows(boolean)>
maxpossibleFlows=1
1 taint flow paths FOUND from <android.webkit.WebView: android.webkit.WebSettings getSettings()> to <android.webkit.WebSettings: void setSupportMultipleWindows(boolean)>
maxpossibleFlows=1
1 taint flow paths FOUND from <android.app.Activity: android.view.Window getWindow()> to <android.webkit.WebSettings: void setSupportMultipleWindows(boolean)>
maxpossibleFlows=1
1 taint flow paths FOUND from <android.app.Activity: android.view.Window getWindow()> to <android.widget.ImageView: void setVisibility(int)>
maxpossibleFlows=1
1 taint flow paths FOUND from <android.app.Activity: android.view.Window getWindow()> to <android.webkit.WebSettings: void setSavePassword(boolean)>
maxpossibleFlows=1
1 taint flow paths FOUND from <android.app.Activity: android.view.Window getWindow()> to <android.view.View: void setHorizontalScrollBarEnabled(boolean)>
maxpossibleFlows=1
1 taint flow paths FOUND from <android.app.Activity: android.view.Window getWindow()> to <android.webkit.WebSettings: void setSupportZoom(boolean)>
maxpossibleFlows=1
1 taint flow paths FOUND from <android.app.Activity: android.view.Window getWindow()> to <android.webkit.WebSettings: void setJavaScriptEnabled(boolean)>
maxpossibleFlows=1
1 taint flow paths FOUND from <android.app.Activity: android.view.Window getWindow()> to <android.webkit.WebSettings: void setSaveFormData(boolean)>
maxpossibleFlows=1
1 taint flow paths FOUND from <android.app.Activity: android.view.Window getWindow()> to <android.app.Activity: void setContentView(int)>
maxpossibleFlows=1
1 taint flow paths FOUND from <android.app.Activity: android.view.Window getWindow()> to <android.view.Window: void setFlags(int,int)>
maxpossibleFlows=1
1 taint flow paths FOUND from <android.app.Activity: android.view.Window getWindow()> to <android.view.View: void setVerticalScrollBarEnabled(boolean)>
maxpossibleFlows=1
maxpossibleFlows=1
Result for malicious-app-4-3FF73591AB3C0BD3D8271A3F5B5643154F3E4D6DFF7203FBFFF052AEA71BB9B1.apkcom.dseffects.VirtualDog