DUA-Forensics args to Soot: -w -cp /home/hcosta/bench/benchmark/libs/droidfax.jar:/home/hcosta/Android/Sdk/platforms/android-28/android.jar -p cg verbose:false,implicit-entry:true -p cg.spark verbose:false,on-fly-cg:true,rta:false -d /home/hcosta/bench/benchmark/trace/180/1/droidbot/malicious-app-2077-07EA86C594599EB9F5C566F8BB35ED9D3566FAC4A7DF216B9070465F962DD001.apk.logcat -process-dir /home/hcosta/bench/benchmark/data/input/malicious-app-2077-07EA86C594599EB9F5C566F8BB35ED9D3566FAC4A7DF216B9070465F962DD001.apk 
Soot started on Thu Aug 04 19:28:20 CEST 2022
Warning: com.ironsource.mobilcore.BaseFlowBasedAdUnit is a phantom class!
Warning: java.lang.invoke.LambdaMetafactory is a phantom class!
Warning: java.lang.ref.Finalizer is a phantom class!
Warning: org.apache.http.client.HttpClient is a phantom class!
Warning: org.apache.http.impl.client.DefaultHttpClient is a phantom class!
Warning: org.apache.http.HttpResponse is a phantom class!
Warning: org.apache.http.HttpEntity is a phantom class!
Warning: org.apache.http.HttpVersion is a phantom class!
Warning: org.apache.http.ProtocolVersion is a phantom class!
Warning: org.apache.http.StatusLine is a phantom class!
Warning: org.apache.http.client.entity.UrlEncodedFormEntity is a phantom class!
Warning: org.apache.http.client.methods.HttpGet is a phantom class!
Warning: org.apache.http.client.methods.HttpPost is a phantom class!
Warning: org.apache.http.client.methods.HttpPut is a phantom class!
Warning: org.apache.http.client.methods.HttpUriRequest is a phantom class!
Warning: org.apache.http.conn.ClientConnectionManager is a phantom class!
Warning: org.apache.http.conn.scheme.PlainSocketFactory is a phantom class!
Warning: org.apache.http.conn.scheme.Scheme is a phantom class!
Warning: org.apache.http.conn.scheme.SchemeRegistry is a phantom class!
Warning: org.apache.http.entity.ByteArrayEntity is a phantom class!
Warning: org.apache.http.entity.StringEntity is a phantom class!
Warning: org.apache.http.impl.conn.tsccm.ThreadSafeClientConnManager is a phantom class!
Warning: org.apache.http.message.BasicNameValuePair is a phantom class!
Warning: org.apache.http.params.BasicHttpParams is a phantom class!
Warning: org.apache.http.params.HttpProtocolParams is a phantom class!
Warning: org.apache.http.util.EntityUtils is a phantom class!
[Call Graph] For information on where the call graph may be incomplete, use the verbose option to the cg phase.
[Spark] Pointer Assignment Graph in 0.0 seconds.
[Spark] Type masks in 0.0 seconds.
[Spark] Pointer Graph simplified in 0.0 seconds.
[Spark] Propagation in 0.0 seconds.
[Spark] Solution found in 0.0 seconds.
hcai's internal transform
Running static analysis for method/class coverage characterization
2 ICC links found and 1 cg edges added due to ICC links
dynamic conflated call graph: 392 methods; 392 nodes; 632 edges.
feature-vector-key = malicious-app-2077-07EA86C594599EB9F5C566F8BB35ED9D3566FAC4A7DF216B9070465F962DD001.apk
Result for malicious-app-2077-07EA86C594599EB9F5C566F8BB35ED9D3566FAC4A7DF216B9070465F962DD001.apkde.nurogames.android.ticb