DUA-Forensics args to Soot: -w -cp /home/hcosta/bench/benchmark/libs/droidfax.jar:/home/hcosta/Android/Sdk/platforms/android-28/android.jar -p cg verbose:false,implicit-entry:true -p cg.spark verbose:false,on-fly-cg:true,rta:false -d /home/hcosta/bench/benchmark/trace/180/1/droidbot/malicious-app-2136-92209D0E67CE2C0C7D0393395E9433E36A07C95B475C622E4CD9FFFE087DF8DA.apk.logcat -process-dir /home/hcosta/bench/benchmark/data/input/malicious-app-2136-92209D0E67CE2C0C7D0393395E9433E36A07C95B475C622E4CD9FFFE087DF8DA.apk 
Soot started on Wed Aug 03 18:59:09 CEST 2022
Warning: com.ironsource.mobilcore.BaseFlowBasedAdUnit is a phantom class!
Warning: java.lang.invoke.LambdaMetafactory is a phantom class!
Warning: java.lang.ref.Finalizer is a phantom class!
Warning: org.apache.http.HttpEntity is a phantom class!
Warning: org.apache.http.HttpResponse is a phantom class!
Warning: org.apache.http.NameValuePair is a phantom class!
Warning: org.apache.http.StatusLine is a phantom class!
Warning: org.apache.http.client.HttpClient is a phantom class!
Warning: org.apache.http.client.entity.UrlEncodedFormEntity is a phantom class!
Warning: org.apache.http.client.methods.HttpGet is a phantom class!
Warning: org.apache.http.client.methods.HttpPost is a phantom class!
Warning: org.apache.http.client.methods.HttpUriRequest is a phantom class!
Warning: org.apache.http.impl.client.DefaultHttpClient is a phantom class!
Warning: org.apache.http.message.BasicNameValuePair is a phantom class!
Warning: org.apache.http.util.EncodingUtils is a phantom class!
Warning: org.apache.http.util.EntityUtils is a phantom class!
[Call Graph] For information on where the call graph may be incomplete, use the verbose option to the cg phase.
[Spark] Pointer Assignment Graph in 0.0 seconds.
[Spark] Type masks in 0.0 seconds.
[Spark] Pointer Graph simplified in 0.0 seconds.
[Spark] Propagation in 0.0 seconds.
[Spark] Solution found in 0.0 seconds.
hcai's internal transform
Running static analysis for security-relevant feature characterization
[GatorHierarchy] [32mVERBOSE[0m [HIER] All classes: 1257
[GatorHierarchy] [32mVERBOSE[0m [App: 139, Lib : 1102, Phantom: 16]
[GatorHierarchy] [32mVERBOSE[0m [HIER] Activities: 4, lib activities: 1
[GatorHierarchy] [32mVERBOSE[0m [HIER] App views: 1, Lib views: 11
[GatorHierarchy] [32mVERBOSE[0m [HIER] App Dialogs: 0, Lib Dialogs: 4
[TIMECOST] [32mVERBOSE[0m buildApplicationCodeMap parsing starting at 1659545950390
array element type: (filled narr)int
[TIMECOST] [32mVERBOSE[0m buildApplicationCodeMap parsing finished at 1659545953585
[Instantiated app classes] [32mVERBOSE[0m total number: 152
[WARNING] [32mVERBOSE[0m Callback method :onBackPressed in Class com.kkkwan.billing.activity.QuickPayActivity added
[WARNING] [32mVERBOSE[0m Callback method :onCreate in Class com.kkkwan.billing.activity.QuickPayActivity added
[WARNING] [32mVERBOSE[0m Callback method :onKeyDown in Class com.kkkwan.billing.activity.WebPayActivity added
[WARNING] [32mVERBOSE[0m Callback method :onDestroy in Class com.kkkwan.billing.activity.WebPayActivity added
[WARNING] [32mVERBOSE[0m Callback method :onStart in Class com.kkkwan.billing.activity.WebPayActivity added
[WARNING] [32mVERBOSE[0m Callback method :onReceive in Class com.games.AdReciver added
[WARNING] [32mVERBOSE[0m Callback method :onKeyDown in Class com.calmei.jmsn.PlaneFightActivity added
[WARNING] [32mVERBOSE[0m Callback method :onPause in Class com.calmei.jmsn.PlaneFightActivity added
[WARNING] [32mVERBOSE[0m Callback method :onCreate in Class com.calmei.jmsn.PlaneFightActivity added
[WARNING] [32mVERBOSE[0m Callback method :onDestroy in Class com.calmei.jmsn.PlaneFightActivity added
[WARNING] [32mVERBOSE[0m Callback method :onRestart in Class com.calmei.jmsn.PlaneFightActivity added
[WARNING] [32mVERBOSE[0m Callback method :onResume in Class com.calmei.jmsn.PlaneFightActivity added
[WARNING] [32mVERBOSE[0m Callback method :onCreate in Class com.m.s.AdActivity added
0 ICC links found and 0 cg edges added due to ICC links
dynamic conflated call graph: 21 methods; 21 nodes; 18 edges.
maxpossibleFlows=1
maxpossibleFlows=1
maxpossibleFlows=1
1 taint flow paths FOUND from <android.app.Activity: android.view.Window getWindow()> to <android.view.Window: void setFlags(int,int)>
maxpossibleFlows=1
maxpossibleFlows=1
maxpossibleFlows=1
1 taint flow paths FOUND from <android.app.Activity: android.view.Window getWindow()> to <android.view.Window: void setFlags(int,int)>
Result for malicious-app-2136-92209D0E67CE2C0C7D0393395E9433E36A07C95B475C622E4CD9FFFE087DF8DA.apkcom.calmei.jmsn