DUA-Forensics args to Soot: -w -cp /home/handrick/Documents/UNB/benchmark/libs/droidfax.jar:/home/handrick/Android/Sdk/platforms/android-19/android.jar -p cg verbose:false,implicit-entry:true -p cg.spark verbose:false,on-fly-cg:true,rta:false -d /home/handrick/Documents/UNB/benchmark/trace/180/1/droidbot/benign-app-21-26D97DA55404AE77C352322EFDBAE62F9796F99A335C048D71022B9F0FF755BB.apk.logcat -process-dir /home/handrick/Documents/UNB/benchmark/data/input/benign-app-21-26D97DA55404AE77C352322EFDBAE62F9796F99A335C048D71022B9F0FF755BB.apk 
Soot started on Fri Apr 15 00:52:47 CEST 2022
Warning: com.ironsource.mobilcore.BaseFlowBasedAdUnit is a phantom class!
Warning: java.lang.invoke.LambdaMetafactory is a phantom class!
Warning: java.lang.ref.Finalizer is a phantom class!
Warning: winterwell.bob.BuildTask is a phantom class!
Warning: org.junit.Test is a phantom class!
Warning: org.scribe.http.Request$Verb is a phantom class!
Warning: org.scribe.http.Request is a phantom class!
Warning: org.scribe.http.Response is a phantom class!
Warning: org.scribe.oauth.Scribe is a phantom class!
Warning: org.scribe.oauth.Token is a phantom class!
Warning: winterwell.bob.tasks.CompileTask is a phantom class!
Warning: winterwell.bob.tasks.CopyTask is a phantom class!
Warning: winterwell.bob.tasks.GitTask is a phantom class!
Warning: winterwell.bob.tasks.JarTask is a phantom class!
Warning: winterwell.bob.tasks.JavaDocTask is a phantom class!
Warning: winterwell.utils.Printer is a phantom class!
Warning: winterwell.utils.StringUtils is a phantom class!
Warning: winterwell.utils.TodoException is a phantom class!
Warning: winterwell.utils.Utils is a phantom class!
Warning: winterwell.utils.containers.ArrayMap is a phantom class!
Warning: winterwell.utils.io.FileUtils is a phantom class!
Warning: winterwell.utils.io.XStreamBinaryConverter is a phantom class!
No main class given. Inferred 'winterwell.jtwitter.TwitterTest' as main class.
[Call Graph] For information on where the call graph may be incomplete, use the verbose option to the cg phase.
[Spark] Pointer Assignment Graph in 0.1 seconds.
[Spark] Type masks in 0.0 seconds.
[Spark] Pointer Graph simplified in 0.0 seconds.
[Spark] Propagation in 0.0 seconds.
[Spark] Solution found in 0.0 seconds.
hcai's internal transform
Running static analysis for security-relevant feature characterization
[GatorHierarchy] [32mVERBOSE[0m [HIER] All classes: 1746
[GatorHierarchy] [32mVERBOSE[0m [App: 655, Lib : 1069, Phantom: 22]
[GatorHierarchy] [32mVERBOSE[0m [HIER] Activities: 21, lib activities: 2
[GatorHierarchy] [32mVERBOSE[0m [HIER] App views: 2, Lib views: 13
[GatorHierarchy] [32mVERBOSE[0m [HIER] App Dialogs: 1, Lib Dialogs: 4
[TIMECOST] [32mVERBOSE[0m buildApplicationCodeMap parsing starting at 1649976768772
[TIMECOST] [32mVERBOSE[0m buildApplicationCodeMap parsing finished at 1649976773052
[Instantiated app classes] [32mVERBOSE[0m total number: 547
[WARNING] [32mVERBOSE[0m Callback method :onCreate in Class ru.qixi.android.openfeint.AchievementExplorer added
[WARNING] [32mVERBOSE[0m Callback method :onActivityResult in Class ru.qixi.android.openfeint.AchievementExplorer added
[WARNING] [32mVERBOSE[0m Callback method :onLayout in Class com.openfeint.internal.ui.PadLogoImageView added
[WARNING] [32mVERBOSE[0m Callback method :onCreate in Class ru.qixi.android.openfeint.ScoreExplorer added
[WARNING] [32mVERBOSE[0m Callback method :onActivityResult in Class ru.qixi.android.openfeint.ScoreExplorer added
[WARNING] [32mVERBOSE[0m Callback method :onCreate in Class ru.qixi.android.facebook.ShareOnFacebook added
[WARNING] [32mVERBOSE[0m Callback method :onBackPressed in Class ru.qixi.android.smartrabbits.SmartRabbits added
[WARNING] [32mVERBOSE[0m Callback method :onPause in Class ru.qixi.android.smartrabbits.SmartRabbits added
[WARNING] [32mVERBOSE[0m Callback method :onStop in Class ru.qixi.android.smartrabbits.SmartRabbits added
[WARNING] [32mVERBOSE[0m Callback method :onCreate in Class ru.qixi.android.smartrabbits.SmartRabbits added
[WARNING] [32mVERBOSE[0m Callback method :onStart in Class ru.qixi.android.smartrabbits.SmartRabbits added
[WARNING] [32mVERBOSE[0m Callback method :onSaveInstanceState in Class ru.qixi.android.smartrabbits.SmartRabbits added
[WARNING] [32mVERBOSE[0m Callback method :onResume in Class ru.qixi.android.smartrabbits.SmartRabbits added
[WARNING] [32mVERBOSE[0m Callback method :onCreate in Class ru.qixi.android.openfeint.UserExplorer added
[WARNING] [32mVERBOSE[0m Callback method :onConfigurationChanged in Class com.openfeint.internal.ui.NestedWindow added
[WARNING] [32mVERBOSE[0m Callback method :onCreate in Class com.openfeint.internal.ui.NativeBrowser added
[WARNING] [32mVERBOSE[0m Callback method :onCreate in Class ru.qixi.android.openfeint.OpenFeintApplication added
[WARNING] [32mVERBOSE[0m Callback method :onCreate in Class ru.qixi.android.openfeint.CloudStorageInvestigator added
[WARNING] [32mVERBOSE[0m Callback method :onCreate in Class ru.qixi.android.openfeint.AddScore added
[WARNING] [32mVERBOSE[0m Callback method :onCreate in Class ru.qixi.android.openfeint.MainActivity added
[WARNING] [32mVERBOSE[0m Callback method :onCreate in Class ru.qixi.android.openfeint.AchievementInvestigator added
[WARNING] [32mVERBOSE[0m Callback method :onNewIntent in Class ru.qixi.android.twitter.ShareOnTwitter added
[WARNING] [32mVERBOSE[0m Callback method :onCreate in Class ru.qixi.android.twitter.ShareOnTwitter added
[WARNING] [32mVERBOSE[0m Callback method :onCreate in Class ru.qixi.android.openfeint.ScorePoster added
[WARNING] [32mVERBOSE[0m Callback method :onCreate in Class ru.qixi.android.openfeint.LeaderboardExplorer added
[WARNING] [32mVERBOSE[0m Callback method :onKeyDown in Class com.openfeint.internal.ui.WebNav added
[WARNING] [32mVERBOSE[0m Callback method :onWindowFocusChanged in Class com.openfeint.internal.ui.WebNav added
[WARNING] [32mVERBOSE[0m Callback method :onConfigurationChanged in Class com.openfeint.internal.ui.WebNav added
[WARNING] [32mVERBOSE[0m Callback method :onRestoreInstanceState in Class com.openfeint.internal.ui.WebNav added
[WARNING] [32mVERBOSE[0m Callback method :onStop in Class com.openfeint.internal.ui.WebNav added
[WARNING] [32mVERBOSE[0m Callback method :onCreate in Class com.openfeint.internal.ui.WebNav added
[WARNING] [32mVERBOSE[0m Callback method :onDestroy in Class com.openfeint.internal.ui.WebNav added
[WARNING] [32mVERBOSE[0m Callback method :onSaveInstanceState in Class com.openfeint.internal.ui.WebNav added
[WARNING] [32mVERBOSE[0m Callback method :onActivityResult in Class com.openfeint.internal.ui.WebNav added
[WARNING] [32mVERBOSE[0m Callback method :onResume in Class com.openfeint.internal.ui.WebNav added
[WARNING] [32mVERBOSE[0m Callback method :onKeyDown in Class com.openfeint.internal.ui.WebNav added
[WARNING] [32mVERBOSE[0m Callback method :onWindowFocusChanged in Class com.openfeint.internal.ui.WebNav added
[WARNING] [32mVERBOSE[0m Callback method :onConfigurationChanged in Class com.openfeint.internal.ui.WebNav added
[WARNING] [32mVERBOSE[0m Callback method :onPrepareOptionsMenu in Class com.openfeint.api.ui.Dashboard added
[WARNING] [32mVERBOSE[0m Callback method :onRestoreInstanceState in Class com.openfeint.internal.ui.WebNav added
[WARNING] [32mVERBOSE[0m Callback method :onStop in Class com.openfeint.internal.ui.WebNav added
[WARNING] [32mVERBOSE[0m Callback method :onCreate in Class com.openfeint.internal.ui.WebNav added
[WARNING] [32mVERBOSE[0m Callback method :onCreateOptionsMenu in Class com.openfeint.api.ui.Dashboard added
[WARNING] [32mVERBOSE[0m Callback method :onDestroy in Class com.openfeint.api.ui.Dashboard added
[WARNING] [32mVERBOSE[0m Callback method :onSaveInstanceState in Class com.openfeint.internal.ui.WebNav added
[WARNING] [32mVERBOSE[0m Callback method :onActivityResult in Class com.openfeint.internal.ui.WebNav added
[WARNING] [32mVERBOSE[0m Callback method :onOptionsItemSelected in Class com.openfeint.api.ui.Dashboard added
[WARNING] [32mVERBOSE[0m Callback method :onResume in Class com.openfeint.api.ui.Dashboard added
[WARNING] [32mVERBOSE[0m Callback method :onKeyDown in Class ru.qixi.android.openfeint.Main added
[WARNING] [32mVERBOSE[0m Callback method :onCreate in Class ru.qixi.android.openfeint.Main added
[WARNING] [32mVERBOSE[0m Callback method :onConfigurationChanged in Class com.openfeint.internal.ui.NestedWindow added
[WARNING] [32mVERBOSE[0m Callback method :onCreate in Class com.openfeint.internal.ui.NestedWindow added
[WARNING] [32mVERBOSE[0m Callback method :onCreate in Class ru.qixi.android.openfeint.CloudStorageExplorer added
[WARNING] [32mVERBOSE[0m Callback method :onCreateOptionsMenu in Class ru.qixi.android.openfeint.CloudStorageExplorer added
[WARNING] [32mVERBOSE[0m Callback method :onOptionsItemSelected in Class ru.qixi.android.openfeint.CloudStorageExplorer added
[WARNING] [32mVERBOSE[0m Callback method :onResume in Class ru.qixi.android.openfeint.CloudStorageExplorer added
[WARNING] [32mVERBOSE[0m Callback method :onKeyDown in Class com.openfeint.internal.ui.WebNav added
[WARNING] [32mVERBOSE[0m Callback method :onWindowFocusChanged in Class com.openfeint.internal.ui.WebNav added
[WARNING] [32mVERBOSE[0m Callback method :onConfigurationChanged in Class com.openfeint.internal.ui.WebNav added
[WARNING] [32mVERBOSE[0m Callback method :onRestoreInstanceState in Class com.openfeint.internal.ui.WebNav added
[WARNING] [32mVERBOSE[0m Callback method :onStop in Class com.openfeint.internal.ui.WebNav added
[WARNING] [32mVERBOSE[0m Callback method :onCreate in Class com.openfeint.internal.ui.WebNav added
[WARNING] [32mVERBOSE[0m Callback method :onDestroy in Class com.openfeint.internal.ui.WebNav added
[WARNING] [32mVERBOSE[0m Callback method :onSaveInstanceState in Class com.openfeint.internal.ui.WebNav added
[WARNING] [32mVERBOSE[0m Callback method :onActivityResult in Class com.openfeint.internal.ui.IntroFlow added
[WARNING] [32mVERBOSE[0m Callback method :onResume in Class com.openfeint.internal.ui.WebNav added
[WARNING] [32mVERBOSE[0m Callback method :onCreate in Class ru.qixi.android.openfeint.TimeExplorer added
[WARNING] [32mVERBOSE[0m Callback method :onKeyDown in Class com.openfeint.internal.ui.WebNav added
[WARNING] [32mVERBOSE[0m Callback method :onWindowFocusChanged in Class com.openfeint.internal.ui.WebNav added
[WARNING] [32mVERBOSE[0m Callback method :onConfigurationChanged in Class com.openfeint.internal.ui.WebNav added
[WARNING] [32mVERBOSE[0m Callback method :onRestoreInstanceState in Class com.openfeint.internal.ui.WebNav added
[WARNING] [32mVERBOSE[0m Callback method :onStop in Class com.openfeint.internal.ui.WebNav added
[WARNING] [32mVERBOSE[0m Callback method :onCreate in Class com.openfeint.internal.ui.WebNav added
[WARNING] [32mVERBOSE[0m Callback method :onDestroy in Class com.openfeint.internal.ui.WebNav added
[WARNING] [32mVERBOSE[0m Callback method :onSaveInstanceState in Class com.openfeint.internal.ui.WebNav added
[WARNING] [32mVERBOSE[0m Callback method :onActivityResult in Class com.openfeint.internal.ui.Settings added
[WARNING] [32mVERBOSE[0m Callback method :onResume in Class com.openfeint.internal.ui.Settings added
0 ICC links found and 0 cg edges added due to ICC links
dynamic conflated call graph: 531 methods; 531 nodes; 753 edges.
maxpossibleFlows=1
maxpossibleFlows=1
maxpossibleFlows=1
maxpossibleFlows=1
maxpossibleFlows=1
maxpossibleFlows=2
maxpossibleFlows=1
maxpossibleFlows=66
19 taint flow paths FOUND from <android.content.ContextWrapper: android.content.res.AssetManager getAssets()> to <android.content.res.AssetManager: java.io.InputStream open(java.lang.String)>
maxpossibleFlows=1
maxpossibleFlows=1
maxpossibleFlows=1
maxpossibleFlows=1
maxpossibleFlows=2
maxpossibleFlows=1
maxpossibleFlows=1
maxpossibleFlows=1
maxpossibleFlows=1
maxpossibleFlows=2
maxpossibleFlows=1
maxpossibleFlows=1
maxpossibleFlows=1
maxpossibleFlows=1
maxpossibleFlows=2
maxpossibleFlows=1
maxpossibleFlows=1
1 taint flow paths FOUND from <java.lang.String: byte[] getBytes()> to <java.io.OutputStream: void write(byte[])>
maxpossibleFlows=1
1 taint flow paths FOUND from <java.io.File: java.lang.String getCanonicalPath()> to <java.lang.String: boolean startsWith(java.lang.String)>
maxpossibleFlows=10
maxpossibleFlows=1
maxpossibleFlows=1
maxpossibleFlows=1
maxpossibleFlows=1
1 taint flow paths FOUND from <java.util.Hashtable: java.lang.Object get(java.lang.Object)> to <android.util.Log: int i(java.lang.String,java.lang.String)>
maxpossibleFlows=1
maxpossibleFlows=1
1 taint flow paths FOUND from <javax.crypto.SecretKeyFactory: javax.crypto.SecretKeyFactory getInstance(java.lang.String)> to <java.io.OutputStream: void write(byte[])>
maxpossibleFlows=2
maxpossibleFlows=1
maxpossibleFlows=1
maxpossibleFlows=1
1 taint flow paths FOUND from <org.apache.http.conn.scheme.PlainSocketFactory: org.apache.http.conn.scheme.PlainSocketFactory getSocketFactory()> to <org.apache.http.conn.scheme.SchemeRegistry: org.apache.http.conn.scheme.Scheme register(org.apache.http.conn.scheme.Scheme)>
maxpossibleFlows=1
maxpossibleFlows=1
maxpossibleFlows=1
maxpossibleFlows=1
maxpossibleFlows=1
maxpossibleFlows=1
maxpossibleFlows=1
maxpossibleFlows=1
maxpossibleFlows=1
maxpossibleFlows=1
maxpossibleFlows=1
maxpossibleFlows=1
maxpossibleFlows=1
maxpossibleFlows=12
12 taint flow paths FOUND from <java.lang.StringBuilder: java.lang.String toString()> to <android.util.Log: int i(java.lang.String,java.lang.String)>
maxpossibleFlows=2
maxpossibleFlows=1
maxpossibleFlows=3
maxpossibleFlows=1
maxpossibleFlows=1
maxpossibleFlows=1
1 taint flow paths FOUND from <android.content.ContextWrapper: android.content.pm.PackageManager getPackageManager()> to <java.lang.String: boolean startsWith(java.lang.String)>
maxpossibleFlows=1
maxpossibleFlows=1
maxpossibleFlows=1
maxpossibleFlows=1
maxpossibleFlows=1
maxpossibleFlows=1
maxpossibleFlows=1
maxpossibleFlows=1
maxpossibleFlows=1
maxpossibleFlows=1
maxpossibleFlows=1
maxpossibleFlows=1
maxpossibleFlows=1
maxpossibleFlows=1
maxpossibleFlows=1
maxpossibleFlows=1
maxpossibleFlows=1
maxpossibleFlows=1
maxpossibleFlows=1
1 taint flow paths FOUND from <java.util.AbstractList: java.util.Iterator iterator()> to <java.lang.String: boolean startsWith(java.lang.String)>
maxpossibleFlows=1
1 taint flow paths FOUND from <android.content.ContextWrapper: java.io.File getFileStreamPath(java.lang.String)> to <java.lang.String: boolean startsWith(java.lang.String)>
maxpossibleFlows=1
maxpossibleFlows=1
maxpossibleFlows=2
maxpossibleFlows=66
maxpossibleFlows=12
maxpossibleFlows=1
maxpossibleFlows=1
1 taint flow paths FOUND from <java.lang.String: char[] toCharArray()> to <java.io.OutputStream: void write(byte[])>
maxpossibleFlows=1
maxpossibleFlows=1
maxpossibleFlows=1
maxpossibleFlows=1
maxpossibleFlows=2
1 taint flow paths FOUND from <java.util.HashSet: java.util.Iterator iterator()> to <java.lang.String: boolean startsWith(java.lang.String)>
maxpossibleFlows=1
1 taint flow paths FOUND from <java.security.Provider: java.lang.Object put(java.lang.Object,java.lang.Object)> to <android.view.View: void setClickable(boolean)>
maxpossibleFlows=1
1 taint flow paths FOUND from <android.content.ContextWrapper: java.lang.String getPackageName()> to <java.lang.String: boolean startsWith(java.lang.String)>
maxpossibleFlows=1
1 taint flow paths FOUND from <java.security.Provider: java.lang.Object put(java.lang.Object,java.lang.Object)> to <android.view.View: void setClickable(boolean)>
maxpossibleFlows=1
maxpossibleFlows=1
maxpossibleFlows=1
maxpossibleFlows=1
maxpossibleFlows=2
maxpossibleFlows=1
maxpossibleFlows=1
maxpossibleFlows=1
maxpossibleFlows=1
maxpossibleFlows=1
1 taint flow paths FOUND from <java.io.File: java.lang.String getCanonicalPath()> to <java.lang.String: boolean startsWith(java.lang.String)>
maxpossibleFlows=1
1 taint flow paths FOUND from <java.security.Provider: java.lang.Object put(java.lang.Object,java.lang.Object)> to <android.app.Activity: void setContentView(android.view.View)>
maxpossibleFlows=1
maxpossibleFlows=1
maxpossibleFlows=1
maxpossibleFlows=1
maxpossibleFlows=1
1 taint flow paths FOUND from <java.lang.String: byte[] getBytes()> to <java.io.OutputStream: void write(byte[])>
maxpossibleFlows=1
maxpossibleFlows=1
maxpossibleFlows=1
maxpossibleFlows=1
maxpossibleFlows=1
maxpossibleFlows=1
maxpossibleFlows=1
maxpossibleFlows=1
maxpossibleFlows=1
1 taint flow paths FOUND from <org.apache.http.conn.scheme.PlainSocketFactory: org.apache.http.conn.scheme.PlainSocketFactory getSocketFactory()> to <org.apache.http.conn.scheme.SchemeRegistry: org.apache.http.conn.scheme.Scheme register(org.apache.http.conn.scheme.Scheme)>
maxpossibleFlows=1
maxpossibleFlows=1
maxpossibleFlows=1
maxpossibleFlows=1
maxpossibleFlows=1
maxpossibleFlows=1
maxpossibleFlows=2
maxpossibleFlows=1
maxpossibleFlows=2
maxpossibleFlows=1
maxpossibleFlows=2
maxpossibleFlows=1
maxpossibleFlows=1
maxpossibleFlows=10
maxpossibleFlows=1
1 taint flow paths FOUND from <java.util.Hashtable: java.lang.Object get(java.lang.Object)> to <android.util.Log: int i(java.lang.String,java.lang.String)>
maxpossibleFlows=66
19 taint flow paths FOUND from <android.content.ContextWrapper: android.content.res.AssetManager getAssets()> to <android.content.res.AssetManager: java.io.InputStream open(java.lang.String)>
Result for benign-app-21-26D97DA55404AE77C352322EFDBAE62F9796F99A335C048D71022B9F0FF755BB.apkru.qixi.android.smartrabbits