DUA-Forensics args to Soot: -w -cp /home/hcosta/bench/benchmark/libs/droidfax.jar:/home/hcosta/Android/Sdk/platforms/android-28/android.jar -p cg verbose:false,implicit-entry:true -p cg.spark verbose:false,on-fly-cg:true,rta:false -d /home/hcosta/bench/benchmark/trace/180/2/droidbot/benign-app-76-AC5A648F7103E05DDD2C9E47B2CAEE849FE39FB011C32F95C0B02C2BD068A38C.apk.logcat -process-dir /home/hcosta/bench/benchmark/data/input/benign-app-76-AC5A648F7103E05DDD2C9E47B2CAEE849FE39FB011C32F95C0B02C2BD068A38C.apk 
Soot started on Wed Apr 20 17:14:48 CEST 2022
Warning: com.ironsource.mobilcore.BaseFlowBasedAdUnit is a phantom class!
Warning: java.lang.invoke.LambdaMetafactory is a phantom class!
Warning: java.lang.ref.Finalizer is a phantom class!
Warning: org.cocos2d.R$raw is a phantom class!
No main class given. Inferred 'com.badlogic.gdx.math.Intersector' as main class.
[Call Graph] For information on where the call graph may be incomplete, use the verbose option to the cg phase.
[Spark] Pointer Assignment Graph in 0.2 seconds.
[Spark] Type masks in 0.0 seconds.
[Spark] Pointer Graph simplified in 0.0 seconds.
[Spark] Propagation in 0.0 seconds.
[Spark] Solution found in 0.0 seconds.
hcai's internal transform
Running static analysis for security-relevant feature characterization
[GatorHierarchy] [32mVERBOSE[0m [HIER] All classes: 1932
[GatorHierarchy] [32mVERBOSE[0m [App: 810, Lib : 1118, Phantom: 4]
[GatorHierarchy] [32mVERBOSE[0m [HIER] Activities: 26, lib activities: 2
[GatorHierarchy] [32mVERBOSE[0m [HIER] App views: 3, Lib views: 17
[GatorHierarchy] [32mVERBOSE[0m [HIER] App Dialogs: 0, Lib Dialogs: 4
[TIMECOST] [32mVERBOSE[0m buildApplicationCodeMap parsing starting at 1650467689343
[TIMECOST] [32mVERBOSE[0m buildApplicationCodeMap parsing finished at 1650467694074
[Instantiated app classes] [32mVERBOSE[0m total number: 497
[WARNING] [32mVERBOSE[0m Callback method :onSensorChanged in Class org.cocos2d.layers.CCLayer added
[WARNING] [32mVERBOSE[0m Callback method :onAccuracyChanged in Class org.cocos2d.layers.CCLayer added
[WARNING] [32mVERBOSE[0m Callback method :onPause in Class org.cocos2d.tests.SoundEngineTest added
[WARNING] [32mVERBOSE[0m Callback method :onCreate in Class org.cocos2d.tests.SoundEngineTest added
[WARNING] [32mVERBOSE[0m Callback method :onDestroy in Class org.cocos2d.tests.SoundEngineTest added
[WARNING] [32mVERBOSE[0m Callback method :onStart in Class org.cocos2d.tests.SoundEngineTest added
[WARNING] [32mVERBOSE[0m Callback method :onResume in Class org.cocos2d.tests.SoundEngineTest added
[WARNING] [32mVERBOSE[0m Callback method :onSensorChanged in Class org.cocos2d.layers.CCLayer added
[WARNING] [32mVERBOSE[0m Callback method :onAccuracyChanged in Class org.cocos2d.layers.CCLayer added
[WARNING] [32mVERBOSE[0m Callback method :onSensorChanged in Class org.cocos2d.layers.CCLayer added
[WARNING] [32mVERBOSE[0m Callback method :onAccuracyChanged in Class org.cocos2d.layers.CCLayer added
[WARNING] [32mVERBOSE[0m Callback method :onSensorChanged in Class org.cocos2d.layers.CCLayer added
[WARNING] [32mVERBOSE[0m Callback method :onAccuracyChanged in Class org.cocos2d.layers.CCLayer added
[WARNING] [32mVERBOSE[0m Callback method :onSensorChanged in Class org.cocos2d.layers.CCLayer added
[WARNING] [32mVERBOSE[0m Callback method :onAccuracyChanged in Class org.cocos2d.layers.CCLayer added
[WARNING] [32mVERBOSE[0m Callback method :onSensorChanged in Class org.cocos2d.layers.CCLayer added
[WARNING] [32mVERBOSE[0m Callback method :onAccuracyChanged in Class org.cocos2d.layers.CCLayer added
[WARNING] [32mVERBOSE[0m Callback method :onSensorChanged in Class org.cocos2d.layers.CCLayer added
[WARNING] [32mVERBOSE[0m Callback method :onAccuracyChanged in Class org.cocos2d.layers.CCLayer added
[WARNING] [32mVERBOSE[0m Callback method :onSensorChanged in Class org.cocos2d.layers.CCLayer added
[WARNING] [32mVERBOSE[0m Callback method :onAccuracyChanged in Class org.cocos2d.layers.CCLayer added
[WARNING] [32mVERBOSE[0m Callback method :onSensorChanged in Class org.cocos2d.layers.CCLayer added
[WARNING] [32mVERBOSE[0m Callback method :onAccuracyChanged in Class org.cocos2d.layers.CCLayer added
[WARNING] [32mVERBOSE[0m Callback method :onSensorChanged in Class org.cocos2d.layers.CCLayer added
[WARNING] [32mVERBOSE[0m Callback method :onAccuracyChanged in Class org.cocos2d.layers.CCLayer added
[WARNING] [32mVERBOSE[0m Callback method :onSensorChanged in Class org.cocos2d.layers.CCLayer added
[WARNING] [32mVERBOSE[0m Callback method :onAccuracyChanged in Class org.cocos2d.layers.CCLayer added
[WARNING] [32mVERBOSE[0m Callback method :onSensorChanged in Class org.cocos2d.layers.CCLayer added
[WARNING] [32mVERBOSE[0m Callback method :onAccuracyChanged in Class org.cocos2d.layers.CCLayer added
[WARNING] [32mVERBOSE[0m Callback method :onSensorChanged in Class org.cocos2d.layers.CCLayer added
[WARNING] [32mVERBOSE[0m Callback method :onAccuracyChanged in Class org.cocos2d.layers.CCLayer added
[WARNING] [32mVERBOSE[0m Callback method :onSensorChanged in Class org.cocos2d.layers.CCLayer added
[WARNING] [32mVERBOSE[0m Callback method :onAccuracyChanged in Class org.cocos2d.layers.CCLayer added
[WARNING] [32mVERBOSE[0m Callback method :onSensorChanged in Class org.cocos2d.layers.CCLayer added
[WARNING] [32mVERBOSE[0m Callback method :onAccuracyChanged in Class org.cocos2d.layers.CCLayer added
[WARNING] [32mVERBOSE[0m Callback method :onPause in Class org.cocos2d.tests.RotateWorldTest added
[WARNING] [32mVERBOSE[0m Callback method :onCreate in Class org.cocos2d.tests.RotateWorldTest added
[WARNING] [32mVERBOSE[0m Callback method :onDestroy in Class org.cocos2d.tests.RotateWorldTest added
[WARNING] [32mVERBOSE[0m Callback method :onStart in Class org.cocos2d.tests.RotateWorldTest added
[WARNING] [32mVERBOSE[0m Callback method :onResume in Class org.cocos2d.tests.RotateWorldTest added
[WARNING] [32mVERBOSE[0m Callback method :onPause in Class org.cocos2d.tests.ActionsTest added
[WARNING] [32mVERBOSE[0m Callback method :onCreate in Class org.cocos2d.tests.ActionsTest added
[WARNING] [32mVERBOSE[0m Callback method :onDestroy in Class org.cocos2d.tests.ActionsTest added
[WARNING] [32mVERBOSE[0m Callback method :onStart in Class org.cocos2d.tests.ActionsTest added
[WARNING] [32mVERBOSE[0m Callback method :onResume in Class org.cocos2d.tests.ActionsTest added
[WARNING] [32mVERBOSE[0m Callback method :onPause in Class org.cocos2d.tests.FontTest added
[WARNING] [32mVERBOSE[0m Callback method :onCreate in Class org.cocos2d.tests.FontTest added
[WARNING] [32mVERBOSE[0m Callback method :onDestroy in Class org.cocos2d.tests.FontTest added
[WARNING] [32mVERBOSE[0m Callback method :onStart in Class org.cocos2d.tests.FontTest added
[WARNING] [32mVERBOSE[0m Callback method :onResume in Class org.cocos2d.tests.FontTest added
[WARNING] [32mVERBOSE[0m Callback method :onPause in Class org.cocos2d.tests.SceneTest added
[WARNING] [32mVERBOSE[0m Callback method :onCreate in Class org.cocos2d.tests.SceneTest added
[WARNING] [32mVERBOSE[0m Callback method :onDestroy in Class org.cocos2d.tests.SceneTest added
[WARNING] [32mVERBOSE[0m Callback method :onResume in Class org.cocos2d.tests.SceneTest added
[WARNING] [32mVERBOSE[0m Callback method :onSensorChanged in Class org.cocos2d.layers.CCLayer added
[WARNING] [32mVERBOSE[0m Callback method :onAccuracyChanged in Class org.cocos2d.layers.CCLayer added
[WARNING] [32mVERBOSE[0m Callback method :onPause in Class org.cocos2d.tests.CocosNodeTest added
[WARNING] [32mVERBOSE[0m Callback method :onCreate in Class org.cocos2d.tests.CocosNodeTest added
[WARNING] [32mVERBOSE[0m Callback method :onDestroy in Class org.cocos2d.tests.CocosNodeTest added
[WARNING] [32mVERBOSE[0m Callback method :onStart in Class org.cocos2d.tests.CocosNodeTest added
[WARNING] [32mVERBOSE[0m Callback method :onResume in Class org.cocos2d.tests.CocosNodeTest added
[WARNING] [32mVERBOSE[0m Callback method :onSensorChanged in Class org.cocos2d.layers.CCLayer added
[WARNING] [32mVERBOSE[0m Callback method :onAccuracyChanged in Class org.cocos2d.layers.CCLayer added
[WARNING] [32mVERBOSE[0m Callback method :onSensorChanged in Class org.cocos2d.layers.CCLayer added
[WARNING] [32mVERBOSE[0m Callback method :onAccuracyChanged in Class org.cocos2d.layers.CCLayer added
[WARNING] [32mVERBOSE[0m Callback method :onSensorChanged in Class org.cocos2d.layers.CCLayer added
[WARNING] [32mVERBOSE[0m Callback method :onAccuracyChanged in Class org.cocos2d.layers.CCLayer added
[WARNING] [32mVERBOSE[0m Callback method :onSensorChanged in Class org.cocos2d.layers.CCLayer added
[WARNING] [32mVERBOSE[0m Callback method :onAccuracyChanged in Class org.cocos2d.layers.CCLayer added
[WARNING] [32mVERBOSE[0m Callback method :onSensorChanged in Class org.cocos2d.layers.CCLayer added
[WARNING] [32mVERBOSE[0m Callback method :onAccuracyChanged in Class org.cocos2d.layers.CCLayer added
[WARNING] [32mVERBOSE[0m Callback method :onSensorChanged in Class org.cocos2d.layers.CCLayer added
[WARNING] [32mVERBOSE[0m Callback method :onAccuracyChanged in Class org.cocos2d.layers.CCLayer added
[WARNING] [32mVERBOSE[0m Callback method :onSensorChanged in Class org.cocos2d.layers.CCLayer added
[WARNING] [32mVERBOSE[0m Callback method :onAccuracyChanged in Class org.cocos2d.layers.CCLayer added
[WARNING] [32mVERBOSE[0m Callback method :onPause in Class org.cocos2d.tests.ParticleTest added
[WARNING] [32mVERBOSE[0m Callback method :onCreate in Class org.cocos2d.tests.ParticleTest added
[WARNING] [32mVERBOSE[0m Callback method :onDestroy in Class org.cocos2d.tests.ParticleTest added
[WARNING] [32mVERBOSE[0m Callback method :onStart in Class org.cocos2d.tests.ParticleTest added
[WARNING] [32mVERBOSE[0m Callback method :onResume in Class org.cocos2d.tests.ParticleTest added
[WARNING] [32mVERBOSE[0m Callback method :onConfigurationChanged in Class com.ins.r2.R2_Run_Activity added
[WARNING] [32mVERBOSE[0m Callback method :onBackPressed in Class com.ins.r2.R2_Run_Activity added
[WARNING] [32mVERBOSE[0m Callback method :onPause in Class com.ins.r2.R2_Run_Activity added
[WARNING] [32mVERBOSE[0m Callback method :onStop in Class com.ins.r2.R2_Run_Activity added
[WARNING] [32mVERBOSE[0m Callback method :onCreate in Class com.ins.r2.R2_Run_Activity added
[WARNING] [32mVERBOSE[0m Callback method :onDestroy in Class com.ins.r2.R2_Run_Activity added
[WARNING] [32mVERBOSE[0m Callback method :onStart in Class com.ins.r2.R2_Run_Activity added
[WARNING] [32mVERBOSE[0m Callback method :onResume in Class com.ins.r2.R2_Run_Activity added
[WARNING] [32mVERBOSE[0m Callback method :onSensorChanged in Class org.cocos2d.layers.CCLayer added
[WARNING] [32mVERBOSE[0m Callback method :onAccuracyChanged in Class org.cocos2d.layers.CCLayer added
[WARNING] [32mVERBOSE[0m Callback method :onSensorChanged in Class org.cocos2d.layers.CCLayer added
[WARNING] [32mVERBOSE[0m Callback method :onAccuracyChanged in Class org.cocos2d.layers.CCLayer added
[WARNING] [32mVERBOSE[0m Callback method :onSensorChanged in Class org.cocos2d.layers.CCLayer added
[WARNING] [32mVERBOSE[0m Callback method :onAccuracyChanged in Class org.cocos2d.layers.CCLayer added
[WARNING] [32mVERBOSE[0m Callback method :onSensorChanged in Class org.cocos2d.layers.CCLayer added
[WARNING] [32mVERBOSE[0m Callback method :onAccuracyChanged in Class org.cocos2d.layers.CCLayer added
[WARNING] [32mVERBOSE[0m Callback method :onSensorChanged in Class org.cocos2d.layers.CCLayer added
[WARNING] [32mVERBOSE[0m Callback method :onAccuracyChanged in Class org.cocos2d.layers.CCLayer added
[WARNING] [32mVERBOSE[0m Callback method :onSensorChanged in Class org.cocos2d.layers.CCLayer added
[WARNING] [32mVERBOSE[0m Callback method :onAccuracyChanged in Class org.cocos2d.layers.CCLayer added
[WARNING] [32mVERBOSE[0m Callback method :onSensorChanged in Class org.cocos2d.layers.CCLayer added
[WARNING] [32mVERBOSE[0m Callback method :onAccuracyChanged in Class org.cocos2d.layers.CCLayer added
[WARNING] [32mVERBOSE[0m Callback method :onSensorChanged in Class org.cocos2d.layers.CCLayer added
[WARNING] [32mVERBOSE[0m Callback method :onAccuracyChanged in Class org.cocos2d.layers.CCLayer added
[WARNING] [32mVERBOSE[0m Callback method :onSensorChanged in Class org.cocos2d.layers.CCLayer added
[WARNING] [32mVERBOSE[0m Callback method :onAccuracyChanged in Class org.cocos2d.layers.CCLayer added
[WARNING] [32mVERBOSE[0m Callback method :onSensorChanged in Class org.cocos2d.layers.CCLayer added
[WARNING] [32mVERBOSE[0m Callback method :onAccuracyChanged in Class org.cocos2d.layers.CCLayer added
[WARNING] [32mVERBOSE[0m Callback method :onSensorChanged in Class org.cocos2d.layers.CCLayer added
[WARNING] [32mVERBOSE[0m Callback method :onAccuracyChanged in Class org.cocos2d.layers.CCLayer added
[WARNING] [32mVERBOSE[0m Callback method :onSensorChanged in Class org.cocos2d.layers.CCLayer added
[WARNING] [32mVERBOSE[0m Callback method :onAccuracyChanged in Class org.cocos2d.layers.CCLayer added
[WARNING] [32mVERBOSE[0m Callback method :onSensorChanged in Class org.cocos2d.layers.CCLayer added
[WARNING] [32mVERBOSE[0m Callback method :onAccuracyChanged in Class org.cocos2d.layers.CCLayer added
[WARNING] [32mVERBOSE[0m Callback method :onSensorChanged in Class org.cocos2d.layers.CCLayer added
[WARNING] [32mVERBOSE[0m Callback method :onAccuracyChanged in Class org.cocos2d.layers.CCLayer added
[WARNING] [32mVERBOSE[0m Callback method :onSensorChanged in Class org.cocos2d.layers.CCLayer added
[WARNING] [32mVERBOSE[0m Callback method :onAccuracyChanged in Class org.cocos2d.layers.CCLayer added
[WARNING] [32mVERBOSE[0m Callback method :onSensorChanged in Class org.cocos2d.layers.CCLayer added
[WARNING] [32mVERBOSE[0m Callback method :onAccuracyChanged in Class org.cocos2d.layers.CCLayer added
[WARNING] [32mVERBOSE[0m Callback method :onSensorChanged in Class org.cocos2d.layers.CCLayer added
[WARNING] [32mVERBOSE[0m Callback method :onAccuracyChanged in Class org.cocos2d.layers.CCLayer added
[WARNING] [32mVERBOSE[0m Callback method :onSensorChanged in Class org.cocos2d.layers.CCLayer added
[WARNING] [32mVERBOSE[0m Callback method :onAccuracyChanged in Class org.cocos2d.layers.CCLayer added
[WARNING] [32mVERBOSE[0m Callback method :onSensorChanged in Class org.cocos2d.layers.CCLayer added
[WARNING] [32mVERBOSE[0m Callback method :onAccuracyChanged in Class org.cocos2d.layers.CCLayer added
[WARNING] [32mVERBOSE[0m Callback method :onSensorChanged in Class org.cocos2d.layers.CCLayer added
[WARNING] [32mVERBOSE[0m Callback method :onAccuracyChanged in Class org.cocos2d.layers.CCLayer added
[WARNING] [32mVERBOSE[0m Callback method :onSensorChanged in Class org.cocos2d.layers.CCLayer added
[WARNING] [32mVERBOSE[0m Callback method :onAccuracyChanged in Class org.cocos2d.layers.CCLayer added
[WARNING] [32mVERBOSE[0m Callback method :onSensorChanged in Class org.cocos2d.layers.CCLayer added
[WARNING] [32mVERBOSE[0m Callback method :onAccuracyChanged in Class org.cocos2d.layers.CCLayer added
[WARNING] [32mVERBOSE[0m Callback method :onCreate in Class com.ins.r2.credits.CreditsActivity added
[WARNING] [32mVERBOSE[0m Callback method :onSensorChanged in Class org.cocos2d.layers.CCLayer added
[WARNING] [32mVERBOSE[0m Callback method :onAccuracyChanged in Class org.cocos2d.layers.CCLayer added
[WARNING] [32mVERBOSE[0m Callback method :onSensorChanged in Class org.cocos2d.layers.CCLayer added
[WARNING] [32mVERBOSE[0m Callback method :onAccuracyChanged in Class org.cocos2d.layers.CCLayer added
[WARNING] [32mVERBOSE[0m Callback method :onSensorChanged in Class org.cocos2d.layers.CCLayer added
[WARNING] [32mVERBOSE[0m Callback method :onAccuracyChanged in Class org.cocos2d.layers.CCLayer added
[WARNING] [32mVERBOSE[0m Callback method :onSensorChanged in Class org.cocos2d.layers.CCLayer added
[WARNING] [32mVERBOSE[0m Callback method :onAccuracyChanged in Class org.cocos2d.layers.CCLayer added
[WARNING] [32mVERBOSE[0m Callback method :onKeyDown in Class com.ins.r2.facebook.NewsActivity added
[WARNING] [32mVERBOSE[0m Callback method :onPause in Class com.ins.r2.facebook.NewsActivity added
[WARNING] [32mVERBOSE[0m Callback method :onCreate in Class com.ins.r2.facebook.NewsActivity added
[WARNING] [32mVERBOSE[0m Callback method :onResume in Class com.ins.r2.facebook.NewsActivity added
[WARNING] [32mVERBOSE[0m Callback method :onSensorChanged in Class org.cocos2d.layers.CCLayer added
[WARNING] [32mVERBOSE[0m Callback method :onAccuracyChanged in Class org.cocos2d.layers.CCLayer added
[WARNING] [32mVERBOSE[0m Callback method :onSensorChanged in Class org.cocos2d.layers.CCLayer added
[WARNING] [32mVERBOSE[0m Callback method :onAccuracyChanged in Class org.cocos2d.layers.CCLayer added
[WARNING] [32mVERBOSE[0m Callback method :onSensorChanged in Class org.cocos2d.layers.CCLayer added
[WARNING] [32mVERBOSE[0m Callback method :onAccuracyChanged in Class org.cocos2d.layers.CCLayer added
[WARNING] [32mVERBOSE[0m Callback method :onSensorChanged in Class org.cocos2d.layers.CCLayer added
[WARNING] [32mVERBOSE[0m Callback method :onAccuracyChanged in Class org.cocos2d.layers.CCLayer added
[WARNING] [32mVERBOSE[0m Callback method :onSensorChanged in Class org.cocos2d.layers.CCLayer added
[WARNING] [32mVERBOSE[0m Callback method :onAccuracyChanged in Class org.cocos2d.layers.CCLayer added
[WARNING] [32mVERBOSE[0m Callback method :onPause in Class org.cocos2d.tests.ParallaxTest added
[WARNING] [32mVERBOSE[0m Callback method :onCreate in Class org.cocos2d.tests.ParallaxTest added
[WARNING] [32mVERBOSE[0m Callback method :onDestroy in Class org.cocos2d.tests.ParallaxTest added
[WARNING] [32mVERBOSE[0m Callback method :onStart in Class org.cocos2d.tests.ParallaxTest added
[WARNING] [32mVERBOSE[0m Callback method :onResume in Class org.cocos2d.tests.ParallaxTest added
[WARNING] [32mVERBOSE[0m Callback method :onSensorChanged in Class org.cocos2d.layers.CCLayer added
[WARNING] [32mVERBOSE[0m Callback method :onAccuracyChanged in Class org.cocos2d.layers.CCLayer added
[WARNING] [32mVERBOSE[0m Callback method :onSensorChanged in Class org.cocos2d.layers.CCLayer added
[WARNING] [32mVERBOSE[0m Callback method :onAccuracyChanged in Class org.cocos2d.layers.CCLayer added
[WARNING] [32mVERBOSE[0m Callback method :onPause in Class org.cocos2d.tests.SchedulerTest added
[WARNING] [32mVERBOSE[0m Callback method :onCreate in Class org.cocos2d.tests.SchedulerTest added
[WARNING] [32mVERBOSE[0m Callback method :onDestroy in Class org.cocos2d.tests.SchedulerTest added
[WARNING] [32mVERBOSE[0m Callback method :onStart in Class org.cocos2d.tests.SchedulerTest added
[WARNING] [32mVERBOSE[0m Callback method :onResume in Class org.cocos2d.tests.SchedulerTest added
[WARNING] [32mVERBOSE[0m Callback method :onSensorChanged in Class org.cocos2d.layers.CCLayer added
[WARNING] [32mVERBOSE[0m Callback method :onAccuracyChanged in Class org.cocos2d.layers.CCLayer added
[WARNING] [32mVERBOSE[0m Callback method :onSensorChanged in Class org.cocos2d.layers.CCLayer added
[WARNING] [32mVERBOSE[0m Callback method :onAccuracyChanged in Class org.cocos2d.layers.CCLayer added
[WARNING] [32mVERBOSE[0m Callback method :onSensorChanged in Class org.cocos2d.layers.CCLayer added
[WARNING] [32mVERBOSE[0m Callback method :onAccuracyChanged in Class org.cocos2d.layers.CCLayer added
[WARNING] [32mVERBOSE[0m Callback method :onSensorChanged in Class org.cocos2d.layers.CCLayer added
[WARNING] [32mVERBOSE[0m Callback method :onAccuracyChanged in Class org.cocos2d.layers.CCLayer added
[WARNING] [32mVERBOSE[0m Callback method :onWindowFocusChanged in Class org.cocos2d.opengl.GLSurfaceView added
[WARNING] [32mVERBOSE[0m Callback method :surfaceCreated in Class org.cocos2d.opengl.GLSurfaceView added
[WARNING] [32mVERBOSE[0m Callback method :onDetachedFromWindow in Class org.cocos2d.opengl.GLSurfaceView added
[WARNING] [32mVERBOSE[0m Callback method :surfaceDestroyed in Class org.cocos2d.opengl.GLSurfaceView added
[WARNING] [32mVERBOSE[0m Callback method :surfaceChanged in Class org.cocos2d.opengl.GLSurfaceView added
[WARNING] [32mVERBOSE[0m Callback method :onListItemClick in Class org.cocos2d.Cocos2D added
[WARNING] [32mVERBOSE[0m Callback method :onCreate in Class org.cocos2d.Cocos2D added
[WARNING] [32mVERBOSE[0m Callback method :onSensorChanged in Class org.cocos2d.layers.CCLayer added
[WARNING] [32mVERBOSE[0m Callback method :onAccuracyChanged in Class org.cocos2d.layers.CCLayer added
[WARNING] [32mVERBOSE[0m Callback method :onSensorChanged in Class org.cocos2d.layers.CCLayer added
[WARNING] [32mVERBOSE[0m Callback method :onAccuracyChanged in Class org.cocos2d.layers.CCLayer added
[WARNING] [32mVERBOSE[0m Callback method :onSensorChanged in Class org.cocos2d.layers.CCLayer added
[WARNING] [32mVERBOSE[0m Callback method :onAccuracyChanged in Class org.cocos2d.layers.CCLayer added
[WARNING] [32mVERBOSE[0m Callback method :onSensorChanged in Class org.cocos2d.layers.CCLayer added
[WARNING] [32mVERBOSE[0m Callback method :onAccuracyChanged in Class org.cocos2d.layers.CCLayer added
[WARNING] [32mVERBOSE[0m Callback method :onSensorChanged in Class org.cocos2d.layers.CCLayer added
[WARNING] [32mVERBOSE[0m Callback method :onAccuracyChanged in Class org.cocos2d.layers.CCLayer added
[WARNING] [32mVERBOSE[0m Callback method :onSensorChanged in Class org.cocos2d.layers.CCLayer added
[WARNING] [32mVERBOSE[0m Callback method :onAccuracyChanged in Class org.cocos2d.layers.CCLayer added
[WARNING] [32mVERBOSE[0m Callback method :onSensorChanged in Class org.cocos2d.layers.CCLayer added
[WARNING] [32mVERBOSE[0m Callback method :onAccuracyChanged in Class org.cocos2d.layers.CCLayer added
[WARNING] [32mVERBOSE[0m Callback method :onSensorChanged in Class org.cocos2d.layers.CCLayer added
[WARNING] [32mVERBOSE[0m Callback method :onAccuracyChanged in Class org.cocos2d.layers.CCLayer added
[WARNING] [32mVERBOSE[0m Callback method :onSensorChanged in Class org.cocos2d.layers.CCLayer added
[WARNING] [32mVERBOSE[0m Callback method :onAccuracyChanged in Class org.cocos2d.layers.CCLayer added
[WARNING] [32mVERBOSE[0m Callback method :onSensorChanged in Class org.cocos2d.layers.CCLayer added
[WARNING] [32mVERBOSE[0m Callback method :onAccuracyChanged in Class org.cocos2d.layers.CCLayer added
[WARNING] [32mVERBOSE[0m Callback method :onSensorChanged in Class org.cocos2d.layers.CCLayer added
[WARNING] [32mVERBOSE[0m Callback method :onAccuracyChanged in Class org.cocos2d.layers.CCLayer added
[WARNING] [32mVERBOSE[0m Callback method :onSensorChanged in Class org.cocos2d.layers.CCLayer added
[WARNING] [32mVERBOSE[0m Callback method :onAccuracyChanged in Class org.cocos2d.layers.CCLayer added
[WARNING] [32mVERBOSE[0m Callback method :onSensorChanged in Class org.cocos2d.layers.CCLayer added
[WARNING] [32mVERBOSE[0m Callback method :onAccuracyChanged in Class org.cocos2d.layers.CCLayer added
[WARNING] [32mVERBOSE[0m Callback method :onSensorChanged in Class org.cocos2d.layers.CCLayer added
[WARNING] [32mVERBOSE[0m Callback method :onAccuracyChanged in Class org.cocos2d.layers.CCLayer added
[WARNING] [32mVERBOSE[0m Callback method :onSensorChanged in Class org.cocos2d.layers.CCLayer added
[WARNING] [32mVERBOSE[0m Callback method :onAccuracyChanged in Class org.cocos2d.layers.CCLayer added
[WARNING] [32mVERBOSE[0m Callback method :onPause in Class org.cocos2d.tests.DrawPrimitivesTest added
[WARNING] [32mVERBOSE[0m Callback method :onCreate in Class org.cocos2d.tests.DrawPrimitivesTest added
[WARNING] [32mVERBOSE[0m Callback method :onDestroy in Class org.cocos2d.tests.DrawPrimitivesTest added
[WARNING] [32mVERBOSE[0m Callback method :onStart in Class org.cocos2d.tests.DrawPrimitivesTest added
[WARNING] [32mVERBOSE[0m Callback method :onResume in Class org.cocos2d.tests.DrawPrimitivesTest added
[WARNING] [32mVERBOSE[0m Callback method :onSensorChanged in Class org.cocos2d.layers.CCLayer added
[WARNING] [32mVERBOSE[0m Callback method :onAccuracyChanged in Class org.cocos2d.layers.CCLayer added
[WARNING] [32mVERBOSE[0m Callback method :onSensorChanged in Class org.cocos2d.layers.CCLayer added
[WARNING] [32mVERBOSE[0m Callback method :onAccuracyChanged in Class org.cocos2d.layers.CCLayer added
[WARNING] [32mVERBOSE[0m Callback method :onSensorChanged in Class org.cocos2d.layers.CCLayer added
[WARNING] [32mVERBOSE[0m Callback method :onAccuracyChanged in Class org.cocos2d.layers.CCLayer added
[WARNING] [32mVERBOSE[0m Callback method :onSensorChanged in Class org.cocos2d.layers.CCLayer added
[WARNING] [32mVERBOSE[0m Callback method :onAccuracyChanged in Class org.cocos2d.layers.CCLayer added
[WARNING] [32mVERBOSE[0m Callback method :onSensorChanged in Class org.cocos2d.layers.CCLayer added
[WARNING] [32mVERBOSE[0m Callback method :onAccuracyChanged in Class org.cocos2d.layers.CCLayer added
[WARNING] [32mVERBOSE[0m Callback method :onSensorChanged in Class org.cocos2d.layers.CCLayer added
[WARNING] [32mVERBOSE[0m Callback method :onAccuracyChanged in Class org.cocos2d.layers.CCLayer added
[WARNING] [32mVERBOSE[0m Callback method :onSensorChanged in Class org.cocos2d.layers.CCLayer added
[WARNING] [32mVERBOSE[0m Callback method :onAccuracyChanged in Class org.cocos2d.layers.CCLayer added
[WARNING] [32mVERBOSE[0m Callback method :onSensorChanged in Class org.cocos2d.layers.CCLayer added
[WARNING] [32mVERBOSE[0m Callback method :onAccuracyChanged in Class org.cocos2d.layers.CCLayer added
[WARNING] [32mVERBOSE[0m Callback method :onSensorChanged in Class org.cocos2d.layers.CCLayer added
[WARNING] [32mVERBOSE[0m Callback method :onAccuracyChanged in Class org.cocos2d.layers.CCLayer added
[WARNING] [32mVERBOSE[0m Callback method :onSensorChanged in Class org.cocos2d.layers.CCLayer added
[WARNING] [32mVERBOSE[0m Callback method :onAccuracyChanged in Class org.cocos2d.layers.CCLayer added
[WARNING] [32mVERBOSE[0m Callback method :onSensorChanged in Class org.cocos2d.layers.CCLayer added
[WARNING] [32mVERBOSE[0m Callback method :onAccuracyChanged in Class org.cocos2d.layers.CCLayer added
[WARNING] [32mVERBOSE[0m Callback method :onSensorChanged in Class org.cocos2d.layers.CCLayer added
[WARNING] [32mVERBOSE[0m Callback method :onAccuracyChanged in Class org.cocos2d.layers.CCLayer added
[WARNING] [32mVERBOSE[0m Callback method :onSensorChanged in Class org.cocos2d.layers.CCLayer added
[WARNING] [32mVERBOSE[0m Callback method :onAccuracyChanged in Class org.cocos2d.layers.CCLayer added
[WARNING] [32mVERBOSE[0m Callback method :onSensorChanged in Class org.cocos2d.layers.CCLayer added
[WARNING] [32mVERBOSE[0m Callback method :onAccuracyChanged in Class org.cocos2d.layers.CCLayer added
[WARNING] [32mVERBOSE[0m Callback method :onSensorChanged in Class org.cocos2d.layers.CCLayer added
[WARNING] [32mVERBOSE[0m Callback method :onAccuracyChanged in Class org.cocos2d.layers.CCLayer added
[WARNING] [32mVERBOSE[0m Callback method :onSensorChanged in Class org.cocos2d.layers.CCLayer added
[WARNING] [32mVERBOSE[0m Callback method :onAccuracyChanged in Class org.cocos2d.layers.CCLayer added
[WARNING] [32mVERBOSE[0m Callback method :onSensorChanged in Class org.cocos2d.layers.CCLayer added
[WARNING] [32mVERBOSE[0m Callback method :onAccuracyChanged in Class org.cocos2d.layers.CCLayer added
[WARNING] [32mVERBOSE[0m Callback method :onSensorChanged in Class org.cocos2d.layers.CCLayer added
[WARNING] [32mVERBOSE[0m Callback method :onAccuracyChanged in Class org.cocos2d.layers.CCLayer added
[WARNING] [32mVERBOSE[0m Callback method :onSensorChanged in Class org.cocos2d.layers.CCLayer added
[WARNING] [32mVERBOSE[0m Callback method :onAccuracyChanged in Class org.cocos2d.layers.CCLayer added
[WARNING] [32mVERBOSE[0m Callback method :onSensorChanged in Class org.cocos2d.layers.CCLayer added
[WARNING] [32mVERBOSE[0m Callback method :onAccuracyChanged in Class org.cocos2d.layers.CCLayer added
[WARNING] [32mVERBOSE[0m Callback method :onSensorChanged in Class org.cocos2d.layers.CCLayer added
[WARNING] [32mVERBOSE[0m Callback method :onAccuracyChanged in Class org.cocos2d.layers.CCLayer added
[WARNING] [32mVERBOSE[0m Callback method :onSensorChanged in Class org.cocos2d.layers.CCLayer added
[WARNING] [32mVERBOSE[0m Callback method :onAccuracyChanged in Class org.cocos2d.layers.CCLayer added
[WARNING] [32mVERBOSE[0m Callback method :onSensorChanged in Class org.cocos2d.layers.CCLayer added
[WARNING] [32mVERBOSE[0m Callback method :onAccuracyChanged in Class org.cocos2d.layers.CCLayer added
[WARNING] [32mVERBOSE[0m Callback method :onSensorChanged in Class org.cocos2d.layers.CCLayer added
[WARNING] [32mVERBOSE[0m Callback method :onAccuracyChanged in Class org.cocos2d.layers.CCLayer added
[WARNING] [32mVERBOSE[0m Callback method :onSensorChanged in Class org.cocos2d.layers.CCLayer added
[WARNING] [32mVERBOSE[0m Callback method :onAccuracyChanged in Class org.cocos2d.layers.CCLayer added
[WARNING] [32mVERBOSE[0m Callback method :onSensorChanged in Class org.cocos2d.layers.CCLayer added
[WARNING] [32mVERBOSE[0m Callback method :onAccuracyChanged in Class org.cocos2d.layers.CCLayer added
[WARNING] [32mVERBOSE[0m Callback method :onSensorChanged in Class org.cocos2d.layers.CCLayer added
[WARNING] [32mVERBOSE[0m Callback method :onAccuracyChanged in Class org.cocos2d.layers.CCLayer added
[WARNING] [32mVERBOSE[0m Callback method :onSensorChanged in Class org.cocos2d.layers.CCLayer added
[WARNING] [32mVERBOSE[0m Callback method :onAccuracyChanged in Class org.cocos2d.layers.CCLayer added
[WARNING] [32mVERBOSE[0m Callback method :onSensorChanged in Class org.cocos2d.layers.CCLayer added
[WARNING] [32mVERBOSE[0m Callback method :onAccuracyChanged in Class org.cocos2d.layers.CCLayer added
[WARNING] [32mVERBOSE[0m Callback method :onSensorChanged in Class org.cocos2d.layers.CCLayer added
[WARNING] [32mVERBOSE[0m Callback method :onAccuracyChanged in Class org.cocos2d.layers.CCLayer added
[WARNING] [32mVERBOSE[0m Callback method :onSensorChanged in Class org.cocos2d.layers.CCLayer added
[WARNING] [32mVERBOSE[0m Callback method :onAccuracyChanged in Class org.cocos2d.layers.CCLayer added
[WARNING] [32mVERBOSE[0m Callback method :onSensorChanged in Class org.cocos2d.layers.CCLayer added
[WARNING] [32mVERBOSE[0m Callback method :onAccuracyChanged in Class org.cocos2d.layers.CCLayer added
[WARNING] [32mVERBOSE[0m Callback method :onPause in Class org.cocos2d.tests.TransitionsTest added
[WARNING] [32mVERBOSE[0m Callback method :onCreate in Class org.cocos2d.tests.TransitionsTest added
[WARNING] [32mVERBOSE[0m Callback method :onDestroy in Class org.cocos2d.tests.TransitionsTest added
[WARNING] [32mVERBOSE[0m Callback method :onStart in Class org.cocos2d.tests.TransitionsTest added
[WARNING] [32mVERBOSE[0m Callback method :onResume in Class org.cocos2d.tests.TransitionsTest added
[WARNING] [32mVERBOSE[0m Callback method :onSensorChanged in Class org.cocos2d.layers.CCLayer added
[WARNING] [32mVERBOSE[0m Callback method :onAccuracyChanged in Class org.cocos2d.layers.CCLayer added
[WARNING] [32mVERBOSE[0m Callback method :onPause in Class org.cocos2d.tests.EaseActionsTest added
[WARNING] [32mVERBOSE[0m Callback method :onCreate in Class org.cocos2d.tests.EaseActionsTest added
[WARNING] [32mVERBOSE[0m Callback method :onDestroy in Class org.cocos2d.tests.EaseActionsTest added
[WARNING] [32mVERBOSE[0m Callback method :onStart in Class org.cocos2d.tests.EaseActionsTest added
[WARNING] [32mVERBOSE[0m Callback method :onResume in Class org.cocos2d.tests.EaseActionsTest added
[WARNING] [32mVERBOSE[0m Callback method :onSensorChanged in Class org.cocos2d.layers.CCLayer added
[WARNING] [32mVERBOSE[0m Callback method :onAccuracyChanged in Class org.cocos2d.layers.CCLayer added
[WARNING] [32mVERBOSE[0m Callback method :onSensorChanged in Class org.cocos2d.layers.CCLayer added
[WARNING] [32mVERBOSE[0m Callback method :onAccuracyChanged in Class org.cocos2d.layers.CCLayer added
[WARNING] [32mVERBOSE[0m Callback method :onSensorChanged in Class org.cocos2d.layers.CCLayer added
[WARNING] [32mVERBOSE[0m Callback method :onAccuracyChanged in Class org.cocos2d.layers.CCLayer added
[WARNING] [32mVERBOSE[0m Callback method :onSensorChanged in Class org.cocos2d.layers.CCLayer added
[WARNING] [32mVERBOSE[0m Callback method :onAccuracyChanged in Class org.cocos2d.layers.CCLayer added
[WARNING] [32mVERBOSE[0m Callback method :onSensorChanged in Class org.cocos2d.layers.CCLayer added
[WARNING] [32mVERBOSE[0m Callback method :onAccuracyChanged in Class org.cocos2d.layers.CCLayer added
[WARNING] [32mVERBOSE[0m Callback method :onSensorChanged in Class org.cocos2d.layers.CCLayer added
[WARNING] [32mVERBOSE[0m Callback method :onAccuracyChanged in Class org.cocos2d.layers.CCLayer added
[WARNING] [32mVERBOSE[0m Callback method :onSensorChanged in Class org.cocos2d.layers.CCLayer added
[WARNING] [32mVERBOSE[0m Callback method :onAccuracyChanged in Class org.cocos2d.layers.CCLayer added
[WARNING] [32mVERBOSE[0m Callback method :onSensorChanged in Class org.cocos2d.layers.CCLayer added
[WARNING] [32mVERBOSE[0m Callback method :onAccuracyChanged in Class org.cocos2d.layers.CCLayer added
[WARNING] [32mVERBOSE[0m Callback method :onSensorChanged in Class org.cocos2d.layers.CCLayer added
[WARNING] [32mVERBOSE[0m Callback method :onAccuracyChanged in Class org.cocos2d.layers.CCLayer added
[WARNING] [32mVERBOSE[0m Callback method :onPause in Class org.cocos2d.tests.EffectsAdvancedTest added
[WARNING] [32mVERBOSE[0m Callback method :onCreate in Class org.cocos2d.tests.EffectsAdvancedTest added
[WARNING] [32mVERBOSE[0m Callback method :onDestroy in Class org.cocos2d.tests.EffectsAdvancedTest added
[WARNING] [32mVERBOSE[0m Callback method :onStart in Class org.cocos2d.tests.EffectsAdvancedTest added
[WARNING] [32mVERBOSE[0m Callback method :onResume in Class org.cocos2d.tests.EffectsAdvancedTest added
[WARNING] [32mVERBOSE[0m Callback method :onSensorChanged in Class org.cocos2d.layers.CCLayer added
[WARNING] [32mVERBOSE[0m Callback method :onAccuracyChanged in Class org.cocos2d.layers.CCLayer added
[WARNING] [32mVERBOSE[0m Callback method :onSensorChanged in Class org.cocos2d.layers.CCLayer added
[WARNING] [32mVERBOSE[0m Callback method :onAccuracyChanged in Class org.cocos2d.layers.CCLayer added
[WARNING] [32mVERBOSE[0m Callback method :onSensorChanged in Class org.cocos2d.layers.CCLayer added
[WARNING] [32mVERBOSE[0m Callback method :onAccuracyChanged in Class org.cocos2d.layers.CCLayer added
[WARNING] [32mVERBOSE[0m Callback method :onSensorChanged in Class org.cocos2d.layers.CCLayer added
[WARNING] [32mVERBOSE[0m Callback method :onAccuracyChanged in Class org.cocos2d.layers.CCLayer added
[WARNING] [32mVERBOSE[0m Callback method :onPause in Class org.cocos2d.tests.ActionManagerTest added
[WARNING] [32mVERBOSE[0m Callback method :onCreate in Class org.cocos2d.tests.ActionManagerTest added
[WARNING] [32mVERBOSE[0m Callback method :onDestroy in Class org.cocos2d.tests.ActionManagerTest added
[WARNING] [32mVERBOSE[0m Callback method :onStart in Class org.cocos2d.tests.ActionManagerTest added
[WARNING] [32mVERBOSE[0m Callback method :onResume in Class org.cocos2d.tests.ActionManagerTest added
[WARNING] [32mVERBOSE[0m Callback method :onSensorChanged in Class org.cocos2d.layers.CCLayer added
[WARNING] [32mVERBOSE[0m Callback method :onAccuracyChanged in Class org.cocos2d.layers.CCLayer added
[WARNING] [32mVERBOSE[0m Callback method :onSensorChanged in Class org.cocos2d.layers.CCLayer added
[WARNING] [32mVERBOSE[0m Callback method :onAccuracyChanged in Class org.cocos2d.layers.CCLayer added
[WARNING] [32mVERBOSE[0m Callback method :onSensorChanged in Class org.cocos2d.layers.CCLayer added
[WARNING] [32mVERBOSE[0m Callback method :onAccuracyChanged in Class org.cocos2d.layers.CCLayer added
[WARNING] [32mVERBOSE[0m Callback method :onSensorChanged in Class org.cocos2d.layers.CCLayer added
[WARNING] [32mVERBOSE[0m Callback method :onAccuracyChanged in Class org.cocos2d.layers.CCLayer added
[WARNING] [32mVERBOSE[0m Callback method :wrap in Class org.cocos2d.opengl.GLDebugWrapper added
[WARNING] [32mVERBOSE[0m Callback method :onSensorChanged in Class org.cocos2d.layers.CCLayer added
[WARNING] [32mVERBOSE[0m Callback method :onAccuracyChanged in Class org.cocos2d.layers.CCLayer added
[WARNING] [32mVERBOSE[0m Callback method :onSensorChanged in Class org.cocos2d.layers.CCLayer added
[WARNING] [32mVERBOSE[0m Callback method :onAccuracyChanged in Class org.cocos2d.layers.CCLayer added
[WARNING] [32mVERBOSE[0m Callback method :onPause in Class org.cocos2d.tests.SpritesTest added
[WARNING] [32mVERBOSE[0m Callback method :onCreate in Class org.cocos2d.tests.SpritesTest added
[WARNING] [32mVERBOSE[0m Callback method :onDestroy in Class org.cocos2d.tests.SpritesTest added
[WARNING] [32mVERBOSE[0m Callback method :onStart in Class org.cocos2d.tests.SpritesTest added
[WARNING] [32mVERBOSE[0m Callback method :onResume in Class org.cocos2d.tests.SpritesTest added
[WARNING] [32mVERBOSE[0m Callback method :onSensorChanged in Class org.cocos2d.layers.CCLayer added
[WARNING] [32mVERBOSE[0m Callback method :onAccuracyChanged in Class org.cocos2d.layers.CCLayer added
[WARNING] [32mVERBOSE[0m Callback method :onSensorChanged in Class org.cocos2d.layers.CCLayer added
[WARNING] [32mVERBOSE[0m Callback method :onAccuracyChanged in Class org.cocos2d.layers.CCLayer added
[WARNING] [32mVERBOSE[0m Callback method :onPause in Class org.cocos2d.tests.MotionStreakTest added
[WARNING] [32mVERBOSE[0m Callback method :onCreate in Class org.cocos2d.tests.MotionStreakTest added
[WARNING] [32mVERBOSE[0m Callback method :onDestroy in Class org.cocos2d.tests.MotionStreakTest added
[WARNING] [32mVERBOSE[0m Callback method :onStart in Class org.cocos2d.tests.MotionStreakTest added
[WARNING] [32mVERBOSE[0m Callback method :onResume in Class org.cocos2d.tests.MotionStreakTest added
[WARNING] [32mVERBOSE[0m Callback method :onSensorChanged in Class org.cocos2d.layers.CCLayer added
[WARNING] [32mVERBOSE[0m Callback method :onAccuracyChanged in Class org.cocos2d.layers.CCLayer added
[WARNING] [32mVERBOSE[0m Callback method :onSensorChanged in Class org.cocos2d.layers.CCLayer added
[WARNING] [32mVERBOSE[0m Callback method :onAccuracyChanged in Class org.cocos2d.layers.CCLayer added
[WARNING] [32mVERBOSE[0m Callback method :onSensorChanged in Class org.cocos2d.layers.CCLayer added
[WARNING] [32mVERBOSE[0m Callback method :onAccuracyChanged in Class org.cocos2d.layers.CCLayer added
[WARNING] [32mVERBOSE[0m Callback method :onSensorChanged in Class org.cocos2d.layers.CCLayer added
[WARNING] [32mVERBOSE[0m Callback method :onAccuracyChanged in Class org.cocos2d.layers.CCLayer added
[WARNING] [32mVERBOSE[0m Callback method :onSensorChanged in Class org.cocos2d.layers.CCLayer added
[WARNING] [32mVERBOSE[0m Callback method :onAccuracyChanged in Class org.cocos2d.layers.CCLayer added
[WARNING] [32mVERBOSE[0m Callback method :onSensorChanged in Class org.cocos2d.layers.CCLayer added
[WARNING] [32mVERBOSE[0m Callback method :onAccuracyChanged in Class org.cocos2d.layers.CCLayer added
[WARNING] [32mVERBOSE[0m Callback method :onMeasure in Class com.ins.r2.credits.MyVideoView added
[WARNING] [32mVERBOSE[0m Callback method :onSensorChanged in Class org.cocos2d.layers.CCLayer added
[WARNING] [32mVERBOSE[0m Callback method :onAccuracyChanged in Class org.cocos2d.layers.CCLayer added
[WARNING] [32mVERBOSE[0m Callback method :onSensorChanged in Class org.cocos2d.layers.CCLayer added
[WARNING] [32mVERBOSE[0m Callback method :onAccuracyChanged in Class org.cocos2d.layers.CCLayer added
[WARNING] [32mVERBOSE[0m Callback method :onSensorChanged in Class org.cocos2d.layers.CCLayer added
[WARNING] [32mVERBOSE[0m Callback method :onAccuracyChanged in Class org.cocos2d.layers.CCLayer added
[WARNING] [32mVERBOSE[0m Callback method :onSensorChanged in Class org.cocos2d.layers.CCLayer added
[WARNING] [32mVERBOSE[0m Callback method :onAccuracyChanged in Class org.cocos2d.layers.CCLayer added
[WARNING] [32mVERBOSE[0m Callback method :onSensorChanged in Class org.cocos2d.layers.CCLayer added
[WARNING] [32mVERBOSE[0m Callback method :onAccuracyChanged in Class org.cocos2d.layers.CCLayer added
[WARNING] [32mVERBOSE[0m Callback method :onPause in Class org.cocos2d.tests.TileMapTest added
[WARNING] [32mVERBOSE[0m Callback method :onCreate in Class org.cocos2d.tests.TileMapTest added
[WARNING] [32mVERBOSE[0m Callback method :onDestroy in Class org.cocos2d.tests.TileMapTest added
[WARNING] [32mVERBOSE[0m Callback method :onStart in Class org.cocos2d.tests.TileMapTest added
[WARNING] [32mVERBOSE[0m Callback method :onResume in Class org.cocos2d.tests.TileMapTest added
[WARNING] [32mVERBOSE[0m Callback method :onPause in Class org.cocos2d.tests.EffectsTest added
[WARNING] [32mVERBOSE[0m Callback method :onCreate in Class org.cocos2d.tests.EffectsTest added
[WARNING] [32mVERBOSE[0m Callback method :onDestroy in Class org.cocos2d.tests.EffectsTest added
[WARNING] [32mVERBOSE[0m Callback method :onStart in Class org.cocos2d.tests.EffectsTest added
[WARNING] [32mVERBOSE[0m Callback method :onResume in Class org.cocos2d.tests.EffectsTest added
[WARNING] [32mVERBOSE[0m Callback method :onSensorChanged in Class org.cocos2d.layers.CCLayer added
[WARNING] [32mVERBOSE[0m Callback method :onAccuracyChanged in Class org.cocos2d.layers.CCLayer added
[WARNING] [32mVERBOSE[0m Callback method :onSensorChanged in Class org.cocos2d.layers.CCLayer added
[WARNING] [32mVERBOSE[0m Callback method :onAccuracyChanged in Class org.cocos2d.layers.CCLayer added
[WARNING] [32mVERBOSE[0m Callback method :onPause in Class org.cocos2d.tests.Box2dTest added
[WARNING] [32mVERBOSE[0m Callback method :onCreate in Class org.cocos2d.tests.Box2dTest added
[WARNING] [32mVERBOSE[0m Callback method :onDestroy in Class org.cocos2d.tests.Box2dTest added
[WARNING] [32mVERBOSE[0m Callback method :onStart in Class org.cocos2d.tests.Box2dTest added
[WARNING] [32mVERBOSE[0m Callback method :onResume in Class org.cocos2d.tests.Box2dTest added
[WARNING] [32mVERBOSE[0m Callback method :onSensorChanged in Class org.cocos2d.layers.CCLayer added
[WARNING] [32mVERBOSE[0m Callback method :onAccuracyChanged in Class org.cocos2d.layers.CCLayer added
[WARNING] [32mVERBOSE[0m Callback method :onSensorChanged in Class org.cocos2d.layers.CCLayer added
[WARNING] [32mVERBOSE[0m Callback method :onAccuracyChanged in Class org.cocos2d.layers.CCLayer added
[WARNING] [32mVERBOSE[0m Callback method :onSensorChanged in Class org.cocos2d.layers.CCLayer added
[WARNING] [32mVERBOSE[0m Callback method :onAccuracyChanged in Class org.cocos2d.layers.CCLayer added
[WARNING] [32mVERBOSE[0m Callback method :onSensorChanged in Class org.cocos2d.layers.CCLayer added
[WARNING] [32mVERBOSE[0m Callback method :onAccuracyChanged in Class org.cocos2d.layers.CCLayer added
[WARNING] [32mVERBOSE[0m Callback method :onPause in Class org.cocos2d.tests.AtlasTest added
[WARNING] [32mVERBOSE[0m Callback method :onCreate in Class org.cocos2d.tests.AtlasTest added
[WARNING] [32mVERBOSE[0m Callback method :onDestroy in Class org.cocos2d.tests.AtlasTest added
[WARNING] [32mVERBOSE[0m Callback method :onStart in Class org.cocos2d.tests.AtlasTest added
[WARNING] [32mVERBOSE[0m Callback method :onResume in Class org.cocos2d.tests.AtlasTest added
[WARNING] [32mVERBOSE[0m Callback method :onPause in Class org.cocos2d.tests.MenuTest added
[WARNING] [32mVERBOSE[0m Callback method :onCreate in Class org.cocos2d.tests.MenuTest added
[WARNING] [32mVERBOSE[0m Callback method :onDestroy in Class org.cocos2d.tests.MenuTest added
[WARNING] [32mVERBOSE[0m Callback method :onStart in Class org.cocos2d.tests.MenuTest added
[WARNING] [32mVERBOSE[0m Callback method :onResume in Class org.cocos2d.tests.MenuTest added
[WARNING] [32mVERBOSE[0m Callback method :onSensorChanged in Class org.cocos2d.layers.CCLayer added
[WARNING] [32mVERBOSE[0m Callback method :onAccuracyChanged in Class org.cocos2d.layers.CCLayer added
[WARNING] [32mVERBOSE[0m Callback method :onPause in Class org.cocos2d.tests.ClickAndMoveTest added
[WARNING] [32mVERBOSE[0m Callback method :onCreate in Class org.cocos2d.tests.ClickAndMoveTest added
[WARNING] [32mVERBOSE[0m Callback method :onDestroy in Class org.cocos2d.tests.ClickAndMoveTest added
[WARNING] [32mVERBOSE[0m Callback method :onStart in Class org.cocos2d.tests.ClickAndMoveTest added
[WARNING] [32mVERBOSE[0m Callback method :onResume in Class org.cocos2d.tests.ClickAndMoveTest added
[WARNING] [32mVERBOSE[0m Callback method :onSensorChanged in Class org.cocos2d.layers.CCLayer added
[WARNING] [32mVERBOSE[0m Callback method :onAccuracyChanged in Class org.cocos2d.layers.CCLayer added
[WARNING] [32mVERBOSE[0m Callback method :onSensorChanged in Class org.cocos2d.layers.CCLayer added
[WARNING] [32mVERBOSE[0m Callback method :onAccuracyChanged in Class org.cocos2d.layers.CCLayer added
[WARNING] [32mVERBOSE[0m Callback method :onSensorChanged in Class org.cocos2d.layers.CCLayer added
[WARNING] [32mVERBOSE[0m Callback method :onAccuracyChanged in Class org.cocos2d.layers.CCLayer added
[WARNING] [32mVERBOSE[0m Callback method :onSensorChanged in Class org.cocos2d.layers.CCLayer added
[WARNING] [32mVERBOSE[0m Callback method :onAccuracyChanged in Class org.cocos2d.layers.CCLayer added
[WARNING] [32mVERBOSE[0m Callback method :onSensorChanged in Class org.cocos2d.layers.CCLayer added
[WARNING] [32mVERBOSE[0m Callback method :onAccuracyChanged in Class org.cocos2d.layers.CCLayer added
[WARNING] [32mVERBOSE[0m Callback method :onSensorChanged in Class org.cocos2d.layers.CCLayer added
[WARNING] [32mVERBOSE[0m Callback method :onAccuracyChanged in Class org.cocos2d.layers.CCLayer added
[WARNING] [32mVERBOSE[0m Callback method :onSensorChanged in Class org.cocos2d.layers.CCLayer added
[WARNING] [32mVERBOSE[0m Callback method :onAccuracyChanged in Class org.cocos2d.layers.CCLayer added
[WARNING] [32mVERBOSE[0m Callback method :onSensorChanged in Class org.cocos2d.layers.CCLayer added
[WARNING] [32mVERBOSE[0m Callback method :onAccuracyChanged in Class org.cocos2d.layers.CCLayer added
[WARNING] [32mVERBOSE[0m Callback method :onSensorChanged in Class org.cocos2d.layers.CCLayer added
[WARNING] [32mVERBOSE[0m Callback method :onAccuracyChanged in Class org.cocos2d.layers.CCLayer added
[WARNING] [32mVERBOSE[0m Callback method :onSensorChanged in Class org.cocos2d.layers.CCLayer added
[WARNING] [32mVERBOSE[0m Callback method :onAccuracyChanged in Class org.cocos2d.layers.CCLayer added
[WARNING] [32mVERBOSE[0m Callback method :onSensorChanged in Class org.cocos2d.layers.CCLayer added
[WARNING] [32mVERBOSE[0m Callback method :onAccuracyChanged in Class org.cocos2d.layers.CCLayer added
[WARNING] [32mVERBOSE[0m Callback method :onSensorChanged in Class org.cocos2d.layers.CCLayer added
[WARNING] [32mVERBOSE[0m Callback method :onAccuracyChanged in Class org.cocos2d.layers.CCLayer added
[WARNING] [32mVERBOSE[0m Callback method :onSensorChanged in Class org.cocos2d.layers.CCLayer added
[WARNING] [32mVERBOSE[0m Callback method :onAccuracyChanged in Class org.cocos2d.layers.CCLayer added
[WARNING] [32mVERBOSE[0m Callback method :onSensorChanged in Class org.cocos2d.layers.CCLayer added
[WARNING] [32mVERBOSE[0m Callback method :onAccuracyChanged in Class org.cocos2d.layers.CCLayer added
[WARNING] [32mVERBOSE[0m Callback method :onSensorChanged in Class org.cocos2d.layers.CCLayer added
[WARNING] [32mVERBOSE[0m Callback method :onAccuracyChanged in Class org.cocos2d.layers.CCLayer added
[WARNING] [32mVERBOSE[0m Callback method :onSensorChanged in Class org.cocos2d.layers.CCLayer added
[WARNING] [32mVERBOSE[0m Callback method :onAccuracyChanged in Class org.cocos2d.layers.CCLayer added
[WARNING] [32mVERBOSE[0m Callback method :onSensorChanged in Class org.cocos2d.layers.CCLayer added
[WARNING] [32mVERBOSE[0m Callback method :onAccuracyChanged in Class org.cocos2d.layers.CCLayer added
[WARNING] [32mVERBOSE[0m Callback method :onSensorChanged in Class org.cocos2d.layers.CCLayer added
[WARNING] [32mVERBOSE[0m Callback method :onAccuracyChanged in Class org.cocos2d.layers.CCLayer added
[WARNING] [32mVERBOSE[0m Callback method :onSensorChanged in Class org.cocos2d.layers.CCLayer added
[WARNING] [32mVERBOSE[0m Callback method :onAccuracyChanged in Class org.cocos2d.layers.CCLayer added
[WARNING] [32mVERBOSE[0m Callback method :onSensorChanged in Class org.cocos2d.layers.CCLayer added
[WARNING] [32mVERBOSE[0m Callback method :onAccuracyChanged in Class org.cocos2d.layers.CCLayer added
0 ICC links found and 0 cg edges added due to ICC links
dynamic conflated call graph: 675 methods; 675 nodes; 1099 edges.
maxpossibleFlows=1
maxpossibleFlows=1
maxpossibleFlows=1
maxpossibleFlows=2
maxpossibleFlows=1
maxpossibleFlows=1
maxpossibleFlows=1
maxpossibleFlows=1
maxpossibleFlows=1
maxpossibleFlows=1
maxpossibleFlows=1
maxpossibleFlows=1
maxpossibleFlows=1
maxpossibleFlows=1
maxpossibleFlows=1
maxpossibleFlows=1
maxpossibleFlows=1
maxpossibleFlows=1
maxpossibleFlows=1
maxpossibleFlows=4
maxpossibleFlows=1
maxpossibleFlows=2
maxpossibleFlows=1
maxpossibleFlows=1
maxpossibleFlows=135
maxpossibleFlows=1
maxpossibleFlows=1
maxpossibleFlows=15
maxpossibleFlows=1
maxpossibleFlows=1
maxpossibleFlows=1
maxpossibleFlows=1
maxpossibleFlows=1
maxpossibleFlows=1
maxpossibleFlows=1
maxpossibleFlows=1
maxpossibleFlows=1
maxpossibleFlows=4
maxpossibleFlows=1
maxpossibleFlows=1
maxpossibleFlows=1
maxpossibleFlows=1
maxpossibleFlows=1
maxpossibleFlows=1
maxpossibleFlows=1
1 taint flow paths FOUND from <android.app.Activity: android.view.Window getWindow()> to <android.app.Activity: void setContentView(android.view.View)>
maxpossibleFlows=1
maxpossibleFlows=1
maxpossibleFlows=1
maxpossibleFlows=1
maxpossibleFlows=1
maxpossibleFlows=1
maxpossibleFlows=1
maxpossibleFlows=1
maxpossibleFlows=15
maxpossibleFlows=1
maxpossibleFlows=1
maxpossibleFlows=1
maxpossibleFlows=1
maxpossibleFlows=2
maxpossibleFlows=1
maxpossibleFlows=1
maxpossibleFlows=1
maxpossibleFlows=1
maxpossibleFlows=1
maxpossibleFlows=1
maxpossibleFlows=1
maxpossibleFlows=1
maxpossibleFlows=1
1 taint flow paths FOUND from <android.app.Activity: android.view.Window getWindow()> to <android.app.Activity: void setContentView(android.view.View)>
maxpossibleFlows=1
maxpossibleFlows=1
maxpossibleFlows=1
maxpossibleFlows=1
maxpossibleFlows=4
maxpossibleFlows=2
maxpossibleFlows=135
maxpossibleFlows=15
maxpossibleFlows=1
maxpossibleFlows=1
maxpossibleFlows=1
maxpossibleFlows=1
maxpossibleFlows=4
maxpossibleFlows=1
maxpossibleFlows=15
maxpossibleFlows=1
maxpossibleFlows=1
maxpossibleFlows=1
maxpossibleFlows=1
maxpossibleFlows=1
maxpossibleFlows=1
maxpossibleFlows=1
maxpossibleFlows=1
maxpossibleFlows=1
maxpossibleFlows=1
maxpossibleFlows=1
maxpossibleFlows=1
maxpossibleFlows=1
maxpossibleFlows=1
maxpossibleFlows=2
maxpossibleFlows=1
maxpossibleFlows=1
maxpossibleFlows=2
2 taint flow paths FOUND from <android.app.Activity: android.view.Window getWindow()> to <android.view.Window: void setFlags(int,int)>
maxpossibleFlows=1
maxpossibleFlows=1
maxpossibleFlows=1
maxpossibleFlows=1
maxpossibleFlows=1
maxpossibleFlows=1
maxpossibleFlows=1
maxpossibleFlows=1
maxpossibleFlows=1
maxpossibleFlows=1
maxpossibleFlows=1
maxpossibleFlows=1
maxpossibleFlows=1
maxpossibleFlows=1
[WARNING] [32mVERBOSE[0m Callback method :onDetachedFromWindow in Class org.cocos2d.opengl.GLSurfaceView
[WARNING] [32mVERBOSE[0m Callback method :onWindowFocusChanged in Class org.cocos2d.opengl.GLSurfaceView
[WARNING] [32mVERBOSE[0m Callback method :surfaceChanged in Class org.cocos2d.opengl.GLSurfaceView
[WARNING] [32mVERBOSE[0m Callback method :surfaceCreated in Class org.cocos2d.opengl.GLSurfaceView
[WARNING] [32mVERBOSE[0m Callback method :surfaceDestroyed in Class org.cocos2d.opengl.GLSurfaceView
Result for benign-app-76-AC5A648F7103E05DDD2C9E47B2CAEE849FE39FB011C32F95C0B02C2BD068A38C.apkcom.ins.r2