DUA-Forensics args to Soot: -w -cp /home/hcosta/bench/benchmark/libs/droidfax.jar:/home/hcosta/Android/Sdk/platforms/android-28/android.jar -p cg verbose:false,implicit-entry:true -p cg.spark verbose:false,on-fly-cg:true,rta:false -d /home/hcosta/bench/benchmark/trace/180/5/droidbot/benign-app-80-B784B1451C70508F0388B5031A6D6B72F4AEE4EDEAC9178BB26650139D851DED.apk.logcat -process-dir /home/hcosta/bench/benchmark/data/input/benign-app-80-B784B1451C70508F0388B5031A6D6B72F4AEE4EDEAC9178BB26650139D851DED.apk 
Soot started on Thu Apr 21 12:30:16 CEST 2022
Warning: com.ironsource.mobilcore.BaseFlowBasedAdUnit is a phantom class!
Warning: java.lang.invoke.LambdaMetafactory is a phantom class!
Warning: java.lang.ref.Finalizer is a phantom class!
Warning: org.apache.http.HttpEntity is a phantom class!
Warning: org.apache.http.HttpResponse is a phantom class!
Warning: org.apache.http.StatusLine is a phantom class!
Warning: org.apache.http.client.HttpClient is a phantom class!
Warning: org.apache.http.client.methods.HttpPost is a phantom class!
Warning: org.apache.http.client.methods.HttpUriRequest is a phantom class!
Warning: org.apache.http.entity.ByteArrayEntity is a phantom class!
Warning: org.apache.http.impl.client.DefaultHttpClient is a phantom class!
[Call Graph] For information on where the call graph may be incomplete, use the verbose option to the cg phase.
[Spark] Pointer Assignment Graph in 0.0 seconds.
[Spark] Type masks in 0.0 seconds.
[Spark] Pointer Graph simplified in 0.0 seconds.
[Spark] Propagation in 0.0 seconds.
[Spark] Solution found in 0.0 seconds.
hcai's internal transform
Running static analysis for method/class coverage characterization
0 ICC links found and 0 cg edges added due to ICC links
dynamic conflated call graph: 428 methods; 428 nodes; 677 edges.
feature-vector-key = benign-app-80-B784B1451C70508F0388B5031A6D6B72F4AEE4EDEAC9178BB26650139D851DED.apk
Result for benign-app-80-B784B1451C70508F0388B5031A6D6B72F4AEE4EDEAC9178BB26650139D851DED.apkzok.android.phonics