DUA-Forensics args to Soot: -w -cp /home/handrick/Documents/UNB/benchmark/libs/droidfax.jar:/home/handrick/Android/Sdk/platforms/android-19/android.jar -p cg verbose:false,implicit-entry:true -p cg.spark verbose:false,on-fly-cg:true,rta:false -d /home/handrick/Documents/UNB/benchmark/trace/180/3/droidbot/benign-app-40-4B94B568839B873F6220C9A516D080B74A0925D62AD577218BECBEA4DAF0E707.apk.logcat -process-dir /home/handrick/Documents/UNB/benchmark/data/input/benign-app-40-4B94B568839B873F6220C9A516D080B74A0925D62AD577218BECBEA4DAF0E707.apk 
Soot started on Sat Apr 16 01:20:26 CEST 2022
Warning: com.ironsource.mobilcore.BaseFlowBasedAdUnit is a phantom class!
Warning: java.lang.invoke.LambdaMetafactory is a phantom class!
Warning: java.lang.ref.Finalizer is a phantom class!
Warning: com.sun.image.codec.jpeg.JPEGDecodeParam is a phantom class!
get type from 'Z'
get type from 'Z'
Warning: com.sun.image.codec.jpeg.JPEGCodec is a phantom class!
Warning: com.sun.image.codec.jpeg.JPEGImageDecoder is a phantom class!
Warning: java.awt.image.BufferedImage is a phantom class!
Warning: javax.servlet.ServletContextEvent is a phantom class!
Warning: javax.servlet.ServletContextListener is a phantom class!
Warning: org.apache.avalon.framework.logger.Logger is a phantom class!
Warning: org.apache.log4j.Priority is a phantom class!
Warning: org.apache.log4j.Logger is a phantom class!
Warning: org.apache.log.Logger is a phantom class!
Warning: org.apache.log.Hierarchy is a phantom class!
Warning: org.apache.log4j.Category is a phantom class!
No main class given. Inferred 'com.drew.imaging.jpeg.JpegMetadataReader' as main class.
[Call Graph] For information on where the call graph may be incomplete, use the verbose option to the cg phase.
[Spark] Pointer Assignment Graph in 0.2 seconds.
[Spark] Type masks in 0.0 seconds.
[Spark] Pointer Graph simplified in 0.0 seconds.
[Spark] Propagation in 1.9 seconds.
[Spark] Solution found in 1.9 seconds.
hcai's internal transform
Running static analysis for method/class coverage characterization
0 ICC links found and 0 cg edges added due to ICC links
dynamic conflated call graph: 842 methods; 842 nodes; 1493 edges.
feature-vector-key = benign-app-40-4B94B568839B873F6220C9A516D080B74A0925D62AD577218BECBEA4DAF0E707.apk
Result for benign-app-40-4B94B568839B873F6220C9A516D080B74A0925D62AD577218BECBEA4DAF0E707.apkcom.jiongji.andriod.card