DUA-Forensics args to Soot: -w -cp /home/handrick/Documents/UNB/benchmark/libs/droidfax.jar:/home/handrick/Android/Sdk/platforms/android-19/android.jar -p cg verbose:false,implicit-entry:true -p cg.spark verbose:false,on-fly-cg:true,rta:false -d /home/handrick/Documents/UNB/benchmark/trace/180/1/droidbot/malicious-app-102-73CAE12E86EF62ECB1B8A0C1535995EB0915396A1ADFB7B2D145B528205C9296.apk.logcat -process-dir /home/handrick/Documents/UNB/benchmark/data/input/malicious-app-102-73CAE12E86EF62ECB1B8A0C1535995EB0915396A1ADFB7B2D145B528205C9296.apk 
Soot started on Fri Apr 15 01:15:40 CEST 2022
Warning: com.ironsource.mobilcore.BaseFlowBasedAdUnit is a phantom class!
Warning: java.lang.invoke.LambdaMetafactory is a phantom class!
Warning: java.lang.ref.Finalizer is a phantom class!
Warning: java.awt.Graphics is a phantom class!
Warning: java.awt.GraphicsEnvironment is a phantom class!
Warning: java.awt.Image is a phantom class!
Warning: java.awt.Point is a phantom class!
Warning: java.awt.Toolkit is a phantom class!
Warning: java.awt.color.ColorSpace is a phantom class!
Warning: java.awt.datatransfer.Clipboard is a phantom class!
Warning: java.awt.datatransfer.DataFlavor is a phantom class!
Warning: java.awt.datatransfer.FlavorMap is a phantom class!
Warning: java.awt.datatransfer.SystemFlavorMap is a phantom class!
Warning: java.awt.datatransfer.Transferable is a phantom class!
Warning: java.awt.datatransfer.UnsupportedFlavorException is a phantom class!
Warning: java.awt.dnd.DragGestureEvent is a phantom class!
Warning: java.awt.dnd.DragSourceContext is a phantom class!
Warning: java.awt.dnd.DragSourceDragEvent is a phantom class!
Warning: java.awt.dnd.DragSourceDropEvent is a phantom class!
Warning: java.awt.dnd.DragSourceEvent is a phantom class!
Warning: java.awt.dnd.DropTargetContext is a phantom class!
Warning: java.awt.dnd.peer.DragSourceContextPeer is a phantom class!
Warning: java.awt.dnd.peer.DropTargetContextPeer is a phantom class!
Warning: java.awt.image.BufferedImage is a phantom class!
Warning: java.awt.image.ColorModel is a phantom class!
Warning: java.awt.image.ComponentColorModel is a phantom class!
Warning: java.awt.image.DataBuffer is a phantom class!
Warning: java.awt.image.DataBufferByte is a phantom class!
Warning: java.awt.image.DataBufferInt is a phantom class!
Warning: java.awt.image.DataBufferUShort is a phantom class!
Warning: java.awt.image.DirectColorModel is a phantom class!
Warning: java.awt.image.ImageObserver is a phantom class!
Warning: java.awt.image.Raster is a phantom class!
Warning: java.awt.image.WritableRaster is a phantom class!
Warning: java.beans.Beans is a phantom class!
Warning: javax.security.auth.callback.NameCallback is a phantom class!
Warning: javax.security.sasl.RealmCallback is a phantom class!
Warning: javax.security.sasl.RealmChoiceCallback is a phantom class!
Warning: javax.security.sasl.Sasl is a phantom class!
Warning: javax.security.sasl.SaslClient is a phantom class!
Warning: javax.security.sasl.SaslException is a phantom class!
[Call Graph] For information on where the call graph may be incomplete, use the verbose option to the cg phase.
[Spark] Pointer Assignment Graph in 0.0 seconds.
[Spark] Type masks in 0.0 seconds.
[Spark] Pointer Graph simplified in 0.0 seconds.
[Spark] Propagation in 0.0 seconds.
[Spark] Solution found in 0.0 seconds.
hcai's internal transform
Running static analysis for method/class coverage characterization
0 ICC links found and 0 cg edges added due to ICC links
dynamic conflated call graph: 189 methods; 189 nodes; 273 edges.
feature-vector-key = malicious-app-102-73CAE12E86EF62ECB1B8A0C1535995EB0915396A1ADFB7B2D145B528205C9296.apk
Result for malicious-app-102-73CAE12E86EF62ECB1B8A0C1535995EB0915396A1ADFB7B2D145B528205C9296.apkcn.etouch.tool