DUA-Forensics args to Soot: -w -cp /home/handrick/Documents/UNB/benchmark/libs/droidfax.jar:/home/handrick/Android/Sdk/platforms/android-19/android.jar -p cg verbose:false,implicit-entry:true -p cg.spark verbose:false,on-fly-cg:true,rta:false -d /home/handrick/Documents/UNB/benchmark/trace/180/1/droidbot/malicious-app-100-C08786A8670D303AD2B6CB6CABD23C7828DDD66C3BDC2AEB635C9CC9118A771A.apk.logcat -process-dir /home/handrick/Documents/UNB/benchmark/data/input/malicious-app-100-C08786A8670D303AD2B6CB6CABD23C7828DDD66C3BDC2AEB635C9CC9118A771A.apk 
Soot started on Fri Apr 15 00:34:21 CEST 2022
Warning: com.ironsource.mobilcore.BaseFlowBasedAdUnit is a phantom class!
Warning: java.lang.invoke.LambdaMetafactory is a phantom class!
Warning: java.lang.ref.Finalizer is a phantom class!
Warning: javax.naming.Context is a phantom class!
Warning: javax.naming.Name is a phantom class!
Warning: javax.naming.NamingEnumeration is a phantom class!
Warning: javax.naming.NamingException is a phantom class!
Warning: javax.naming.RefAddr is a phantom class!
Warning: javax.naming.Reference is a phantom class!
Warning: javax.naming.Referenceable is a phantom class!
Warning: javax.naming.StringRefAddr is a phantom class!
Warning: javax.naming.directory.Attribute is a phantom class!
Warning: javax.naming.directory.Attributes is a phantom class!
Warning: javax.naming.directory.DirContext is a phantom class!
Warning: javax.naming.directory.InitialDirContext is a phantom class!
Warning: javax.naming.spi.ObjectFactory is a phantom class!
Warning: javax.sql.XAConnection is a phantom class!
Warning: javax.sql.XADataSource is a phantom class!
Warning: javax.transaction.xa.XAException is a phantom class!
Warning: javax.transaction.xa.XAResource is a phantom class!
Warning: javax.transaction.xa.Xid is a phantom class!
No main class given. Inferred 'oracle.sql.converter.CharacterConverterGB18030' as main class.
[Call Graph] For information on where the call graph may be incomplete, use the verbose option to the cg phase.
[Spark] Pointer Assignment Graph in 0.5 seconds.
[Spark] Type masks in 0.0 seconds.
[Spark] Pointer Graph simplified in 0.0 seconds.
[Spark] Propagation in 0.1 seconds.
[Spark] Solution found in 0.1 seconds.
hcai's internal transform
Running static analysis for method/class coverage characterization
1 ICC links found and 1 cg edges added due to ICC links
dynamic conflated call graph: 364 methods; 364 nodes; 621 edges.
feature-vector-key = malicious-app-100-C08786A8670D303AD2B6CB6CABD23C7828DDD66C3BDC2AEB635C9CC9118A771A.apk
Result for malicious-app-100-C08786A8670D303AD2B6CB6CABD23C7828DDD66C3BDC2AEB635C9CC9118A771A.apkcom.liuyu.goOracle