DUA-Forensics args to Soot: -w -cp /home/hcosta/bench/benchmark/libs/droidfax.jar:/home/hcosta/Android/Sdk/platforms/android-28/android.jar -p cg verbose:false,implicit-entry:true -p cg.spark verbose:false,on-fly-cg:true,rta:false -d /home/hcosta/bench/benchmark/trace/180/4/droidbot/benign-app-34-455D7C6156172677962BF1D85FFD54091690EE01DEBAFA3330A3630414750976.apk.logcat -process-dir /home/hcosta/bench/benchmark/data/input/benign-app-34-455D7C6156172677962BF1D85FFD54091690EE01DEBAFA3330A3630414750976.apk 
Soot started on Thu Apr 21 06:14:58 CEST 2022
Warning: com.ironsource.mobilcore.BaseFlowBasedAdUnit is a phantom class!
Warning: java.lang.invoke.LambdaMetafactory is a phantom class!
Warning: java.lang.ref.Finalizer is a phantom class!
[Call Graph] For information on where the call graph may be incomplete, use the verbose option to the cg phase.
[Spark] Pointer Assignment Graph in 0.0 seconds.
[Spark] Type masks in 0.0 seconds.
[Spark] Pointer Graph simplified in 0.0 seconds.
[Spark] Propagation in 0.0 seconds.
[Spark] Solution found in 0.0 seconds.
hcai's internal transform
Running static analysis for security-relevant feature characterization
[GatorHierarchy] [32mVERBOSE[0m [HIER] All classes: 1265
[GatorHierarchy] [32mVERBOSE[0m [App: 164, Lib : 1098, Phantom: 3]
[GatorHierarchy] [32mVERBOSE[0m [HIER] Activities: 9, lib activities: 3
[GatorHierarchy] [32mVERBOSE[0m [HIER] App views: 11, Lib views: 19
[GatorHierarchy] [32mVERBOSE[0m [HIER] App Dialogs: 1, Lib Dialogs: 4
[TIMECOST] [32mVERBOSE[0m buildApplicationCodeMap parsing starting at 1650514498905
[TIMECOST] [32mVERBOSE[0m buildApplicationCodeMap parsing finished at 1650514500133
[Instantiated app classes] [32mVERBOSE[0m total number: 192
[WARNING] [32mVERBOSE[0m Callback method :onCreate in Class com.circlethecat.Statistics added
[WARNING] [32mVERBOSE[0m Callback method :onCreateOptionsMenu in Class com.circlethecat.Statistics added
[WARNING] [32mVERBOSE[0m Callback method :onOptionsItemSelected in Class com.circlethecat.Statistics added
[WARNING] [32mVERBOSE[0m Callback method :onCreate in Class com.circlethecat.Home added
[WARNING] [32mVERBOSE[0m Callback method :onClick in Class com.circlethecat.Home added
[WARNING] [32mVERBOSE[0m Callback method :onCreate in Class com.circlethecat.Splash added
[WARNING] [32mVERBOSE[0m Callback method :onConfigurationChanged in Class com.admob.android.ads.AdMobActivity added
[WARNING] [32mVERBOSE[0m Callback method :finish in Class com.admob.android.ads.AdMobActivity added
[WARNING] [32mVERBOSE[0m Callback method :onCreate in Class com.admob.android.ads.AdMobActivity added
[WARNING] [32mVERBOSE[0m Callback method :onDestroy in Class com.admob.android.ads.AdMobActivity added
[WARNING] [32mVERBOSE[0m Callback method :onCreate in Class com.facebook.android.ScoreToFacebook added
[WARNING] [32mVERBOSE[0m Callback method :onActivityResult in Class com.facebook.android.ScoreToFacebook added
[WARNING] [32mVERBOSE[0m Callback method :onCreate in Class com.circlethecat.About added
[WARNING] [32mVERBOSE[0m Callback method :onCreate in Class com.circlethecat.Settings_Preferences added
[WARNING] [32mVERBOSE[0m Callback method :onCreate in Class com.circlethecat.Instructions added
[WARNING] [32mVERBOSE[0m Callback method :onPause in Class com.circlethecat.CircleTheCat added
[WARNING] [32mVERBOSE[0m Callback method :onCreate in Class com.circlethecat.CircleTheCat added
[WARNING] [32mVERBOSE[0m Callback method :onCreateOptionsMenu in Class com.circlethecat.CircleTheCat added
[WARNING] [32mVERBOSE[0m Callback method :onOptionsItemSelected in Class com.circlethecat.CircleTheCat added
[WARNING] [32mVERBOSE[0m Callback method :onResume in Class com.circlethecat.CircleTheCat added
[WARNING] [32mVERBOSE[0m Callback method :onReceive in Class com.admob.android.ads.analytics.InstallReceiver added
2 ICC links found and 1 cg edges added due to ICC links
dynamic conflated call graph: 133 methods; 133 nodes; 159 edges.
maxpossibleFlows=2
maxpossibleFlows=2
2 taint flow paths FOUND from <android.content.Intent: int getIntExtra(java.lang.String,int)> to <android.widget.ImageView: void setVisibility(int)>
maxpossibleFlows=2
maxpossibleFlows=2
2 taint flow paths FOUND from <android.app.Activity: android.content.Intent getIntent()> to <android.widget.ImageView: void setVisibility(int)>
maxpossibleFlows=1
maxpossibleFlows=1
1 taint flow paths FOUND from <android.content.Intent: boolean getBooleanExtra(java.lang.String,boolean)> to <android.view.View: void setBackgroundResource(int)>
maxpossibleFlows=2
maxpossibleFlows=2
maxpossibleFlows=2
2 taint flow paths FOUND from <android.view.ContextThemeWrapper: android.content.res.Resources getResources()> to <android.app.Activity: void setContentView(android.view.View)>
maxpossibleFlows=1
1 taint flow paths FOUND from <android.view.View: int getId()> to <android.app.Activity: void startActivity(android.content.Intent)>
maxpossibleFlows=2
2 taint flow paths FOUND from <java.lang.StringBuilder: java.lang.String toString()> to <android.util.Log: int d(java.lang.String,java.lang.String)>
maxpossibleFlows=2
maxpossibleFlows=2
maxpossibleFlows=2
maxpossibleFlows=2
1 taint flow paths FOUND from <android.graphics.drawable.BitmapDrawable: android.graphics.Bitmap getBitmap()> to <android.view.View: void setFocusable(boolean)>
maxpossibleFlows=2
maxpossibleFlows=2
maxpossibleFlows=2
maxpossibleFlows=2
1 taint flow paths FOUND from <android.view.View: android.content.res.Resources getResources()> to <android.view.View: void setFocusable(boolean)>
maxpossibleFlows=2
maxpossibleFlows=2
maxpossibleFlows=2
maxpossibleFlows=2
maxpossibleFlows=2
maxpossibleFlows=2
maxpossibleFlows=2
maxpossibleFlows=2
maxpossibleFlows=2
maxpossibleFlows=2
maxpossibleFlows=2
2 taint flow paths FOUND from <android.content.res.Resources: android.graphics.drawable.Drawable getDrawable(int)> to <android.app.Activity: void setContentView(android.view.View)>
maxpossibleFlows=2
maxpossibleFlows=2
maxpossibleFlows=2
maxpossibleFlows=2
2 taint flow paths FOUND from <java.lang.StringBuilder: java.lang.String toString()> to <android.util.Log: int d(java.lang.String,java.lang.String)>
maxpossibleFlows=2
2 taint flow paths FOUND from <android.content.Intent: int getIntExtra(java.lang.String,int)> to <android.widget.ImageView: void setVisibility(int)>
maxpossibleFlows=2
2 taint flow paths FOUND from <android.content.Intent: int getIntExtra(java.lang.String,int)> to <android.app.Activity: void setContentView(android.view.View)>
maxpossibleFlows=2
maxpossibleFlows=2
maxpossibleFlows=2
maxpossibleFlows=2
1 taint flow paths FOUND from <android.graphics.drawable.BitmapDrawable: android.graphics.Bitmap getBitmap()> to <android.view.View: void setFocusable(boolean)>
maxpossibleFlows=2
maxpossibleFlows=2
maxpossibleFlows=2
maxpossibleFlows=1
1 taint flow paths FOUND from <android.view.View: int getId()> to <android.app.Activity: void startActivity(android.content.Intent)>
maxpossibleFlows=1
maxpossibleFlows=1
maxpossibleFlows=2
2 taint flow paths FOUND from <android.content.Intent: int getIntExtra(java.lang.String,int)> to <android.view.View: void setFocusableInTouchMode(boolean)>
maxpossibleFlows=2
2 taint flow paths FOUND from <android.content.Intent: int getIntExtra(java.lang.String,int)> to <android.widget.ImageView: void setImageDrawable(android.graphics.drawable.Drawable)>
maxpossibleFlows=2
2 taint flow paths FOUND from <android.content.Intent: int getIntExtra(java.lang.String,int)> to <android.view.View: void setBackgroundResource(int)>
[WARNING] [32mVERBOSE[0m Callback method :<init> in Class com.circlethecat.Home
[WARNING] [32mVERBOSE[0m Callback method :onClick in Class com.circlethecat.Home
[WARNING] [32mVERBOSE[0m Callback method :onCreate in Class com.circlethecat.Home
Result for benign-app-34-455D7C6156172677962BF1D85FFD54091690EE01DEBAFA3330A3630414750976.apkcom.circlethecat