DUA-Forensics args to Soot: -w -cp /home/hcosta/bench/benchmark/libs/droidfax.jar:/home/hcosta/Android/Sdk/platforms/android-28/android.jar -p cg verbose:false,implicit-entry:true -p cg.spark verbose:false,on-fly-cg:true,rta:false -d /home/hcosta/bench/benchmark/trace/180/2/droidbot/benign-app-2-013BD1B87581626CC5BDB185D22D4C36476CF30078AC617B02A855CB2E2DD533.apk.logcat -process-dir /home/hcosta/bench/benchmark/data/input/benign-app-2-013BD1B87581626CC5BDB185D22D4C36476CF30078AC617B02A855CB2E2DD533.apk 
Soot started on Wed Apr 20 17:04:40 CEST 2022
Warning: com.ironsource.mobilcore.BaseFlowBasedAdUnit is a phantom class!
Warning: java.lang.invoke.LambdaMetafactory is a phantom class!
Warning: java.lang.ref.Finalizer is a phantom class!
Warning: org.apache.http.client.ResponseHandler is a phantom class!
Warning: org.apache.http.HttpResponse is a phantom class!
Warning: org.apache.http.Header is a phantom class!
Warning: org.apache.http.client.HttpResponseException is a phantom class!
Warning: org.apache.http.HttpRequestInterceptor is a phantom class!
Warning: org.apache.http.conn.ClientConnectionManager is a phantom class!
Warning: org.apache.http.client.methods.HttpRequestBase is a phantom class!
Warning: org.apache.http.client.HttpClient is a phantom class!
Warning: org.apache.http.impl.client.DefaultHttpClient is a phantom class!
Warning: org.apache.http.HttpMessage is a phantom class!
Warning: org.apache.http.HttpRequest is a phantom class!
Warning: org.apache.http.protocol.HttpContext is a phantom class!
Warning: android.webkit.CacheManager is a phantom class!
Warning: org.apache.http.HttpHost is a phantom class!
Warning: org.apache.http.client.methods.HttpUriRequest is a phantom class!
Warning: org.apache.http.HttpEntity is a phantom class!
Warning: org.apache.http.client.ClientProtocolException is a phantom class!
Warning: org.apache.http.client.methods.HttpEntityEnclosingRequestBase is a phantom class!
Warning: org.apache.http.HttpVersion is a phantom class!
Warning: org.apache.http.ProtocolVersion is a phantom class!
Warning: org.apache.http.StatusLine is a phantom class!
Warning: org.apache.http.auth.AuthScheme is a phantom class!
Warning: org.apache.http.auth.AuthScope is a phantom class!
Warning: org.apache.http.auth.AuthState is a phantom class!
Warning: org.apache.http.auth.Credentials is a phantom class!
Warning: org.apache.http.auth.UsernamePasswordCredentials is a phantom class!
Warning: org.apache.http.client.CookieStore is a phantom class!
Warning: org.apache.http.client.CredentialsProvider is a phantom class!
Warning: org.apache.http.client.entity.UrlEncodedFormEntity is a phantom class!
Warning: org.apache.http.client.methods.HttpDelete is a phantom class!
Warning: org.apache.http.client.methods.HttpGet is a phantom class!
Warning: org.apache.http.client.methods.HttpPost is a phantom class!
Warning: org.apache.http.client.methods.HttpPut is a phantom class!
Warning: org.apache.http.conn.params.ConnManagerParams is a phantom class!
Warning: org.apache.http.conn.params.ConnPerRoute is a phantom class!
Warning: org.apache.http.conn.params.ConnPerRouteBean is a phantom class!
Warning: org.apache.http.conn.scheme.PlainSocketFactory is a phantom class!
Warning: org.apache.http.conn.scheme.Scheme is a phantom class!
Warning: org.apache.http.conn.scheme.SchemeRegistry is a phantom class!
Warning: org.apache.http.conn.util.InetAddressUtils is a phantom class!
Warning: org.apache.http.impl.auth.BasicScheme is a phantom class!
Warning: org.apache.http.impl.client.BasicCookieStore is a phantom class!
Warning: org.apache.http.impl.conn.SingleClientConnManager is a phantom class!
Warning: org.apache.http.impl.conn.tsccm.ThreadSafeClientConnManager is a phantom class!
Warning: org.apache.http.message.BasicNameValuePair is a phantom class!
Warning: org.apache.http.params.BasicHttpParams is a phantom class!
Warning: org.apache.http.params.HttpProtocolParams is a phantom class!
Warning: org.apache.http.protocol.BasicHttpContext is a phantom class!
Warning: org.apache.http.util.EntityUtils is a phantom class!
No main class given. Inferred 'org.kobjects.crypt.Crypt' as main class.
[Call Graph] For information on where the call graph may be incomplete, use the verbose option to the cg phase.
[Spark] Pointer Assignment Graph in 0.4 seconds.
[Spark] Type masks in 0.0 seconds.
[Spark] Pointer Graph simplified in 0.0 seconds.
[Spark] Propagation in 0.0 seconds.
[Spark] Solution found in 0.0 seconds.
hcai's internal transform
Running static analysis for method/class coverage characterization
2 ICC links found and 1 cg edges added due to ICC links
dynamic conflated call graph: 879 methods; 879 nodes; 1348 edges.
feature-vector-key = benign-app-2-013BD1B87581626CC5BDB185D22D4C36476CF30078AC617B02A855CB2E2DD533.apk
Result for benign-app-2-013BD1B87581626CC5BDB185D22D4C36476CF30078AC617B02A855CB2E2DD533.apkcn.cf.shop_ele1.taoxiaosan