DUA-Forensics args to Soot: -w -cp /home/handrick/Documents/UNB/benchmark/libs/droidfax.jar:/home/handrick/Android/Sdk/platforms/android-19/android.jar -p cg verbose:false,implicit-entry:true -p cg.spark verbose:false,on-fly-cg:true,rta:false -d /home/handrick/Documents/UNB/benchmark/trace/180/1/droidbot/benign-app-18-24956C7D5C895C0B41A69EF3A727519F8FCAAFB526FCD13AD29FDB67DB7B0BB9.apk.logcat -process-dir /home/handrick/Documents/UNB/benchmark/data/input/benign-app-18-24956C7D5C895C0B41A69EF3A727519F8FCAAFB526FCD13AD29FDB67DB7B0BB9.apk 
Soot started on Fri Apr 15 01:01:38 CEST 2022
Warning: com.ironsource.mobilcore.BaseFlowBasedAdUnit is a phantom class!
Warning: java.lang.invoke.LambdaMetafactory is a phantom class!
Warning: java.lang.ref.Finalizer is a phantom class!
[Call Graph] For information on where the call graph may be incomplete, use the verbose option to the cg phase.
[Spark] Pointer Assignment Graph in 0.0 seconds.
[Spark] Type masks in 0.0 seconds.
[Spark] Pointer Graph simplified in 0.0 seconds.
[Spark] Propagation in 0.0 seconds.
[Spark] Solution found in 0.0 seconds.
hcai's internal transform
Running static analysis for security-relevant feature characterization
[GatorHierarchy] [32mVERBOSE[0m [HIER] All classes: 731
[GatorHierarchy] [32mVERBOSE[0m [App: 42, Lib : 686, Phantom: 3]
[GatorHierarchy] [32mVERBOSE[0m [HIER] Activities: 3, lib activities: 1
[GatorHierarchy] [32mVERBOSE[0m [HIER] App views: 2, Lib views: 7
[GatorHierarchy] [32mVERBOSE[0m [HIER] App Dialogs: 0, Lib Dialogs: 2
[TIMECOST] [32mVERBOSE[0m buildApplicationCodeMap parsing starting at 1649977299500
array element type: (filled narr)int
array element type: (filled narr)int
second round from stmt: $u0#3 = $u0#2[$u2]
[TIMECOST] [32mVERBOSE[0m buildApplicationCodeMap parsing finished at 1649977300543
[Instantiated app classes] [32mVERBOSE[0m total number: 51
[WARNING] [32mVERBOSE[0m Callback method :onCreateEngine in Class com.mathtest.activity.CubeWallpaper added
[WARNING] [32mVERBOSE[0m Callback method :onDestroy in Class com.mathtest.activity.CubeWallpaper added
[WARNING] [32mVERBOSE[0m Callback method :onCreate in Class com.mathtest.activity.CubeWallpaper added
[WARNING] [32mVERBOSE[0m Callback method :onUpdate in Class com.mathtest.activity.LuncherWidget added
[WARNING] [32mVERBOSE[0m Callback method :onKeyDown in Class com.mathtest.activity.ViewsMgrActivity added
[WARNING] [32mVERBOSE[0m Callback method :onWindowFocusChanged in Class com.mathtest.activity.ViewsMgrActivity added
[WARNING] [32mVERBOSE[0m Callback method :onStop in Class com.mathtest.activity.ViewsMgrActivity added
[WARNING] [32mVERBOSE[0m Callback method :onCreate in Class com.mathtest.activity.ViewsMgrActivity added
[WARNING] [32mVERBOSE[0m Callback method :onDestroy in Class com.mathtest.activity.ViewsMgrActivity added
[WARNING] [32mVERBOSE[0m Callback method :onStart in Class com.mathtest.activity.ViewsMgrActivity added
[WARNING] [32mVERBOSE[0m Callback method :onNewIntent in Class com.mathtest.activity.PlayActivity added
[WARNING] [32mVERBOSE[0m Callback method :onPause in Class com.mathtest.activity.PlayActivity added
[WARNING] [32mVERBOSE[0m Callback method :onCreate in Class com.mathtest.activity.PlayActivity added
[WARNING] [32mVERBOSE[0m Callback method :onDestroy in Class com.mathtest.activity.PlayActivity added
[WARNING] [32mVERBOSE[0m Callback method :onResume in Class com.mathtest.activity.PlayActivity added
[WARNING] [32mVERBOSE[0m Callback method :onPause in Class com.mathtest.activity.FinishActivity added
[WARNING] [32mVERBOSE[0m Callback method :onCreate in Class com.mathtest.activity.FinishActivity added
[WARNING] [32mVERBOSE[0m Callback method :onResume in Class com.mathtest.activity.FinishActivity added
0 ICC links found and 0 cg edges added due to ICC links
dynamic conflated call graph: 99 methods; 99 nodes; 113 edges.
maxpossibleFlows=2
maxpossibleFlows=2
maxpossibleFlows=2
maxpossibleFlows=2
2 taint flow paths FOUND from <android.content.ContextWrapper: android.content.res.AssetManager getAssets()> to <android.content.res.AssetManager: android.content.res.AssetFileDescriptor openFd(java.lang.String)>
maxpossibleFlows=2
maxpossibleFlows=2
maxpossibleFlows=2
maxpossibleFlows=35
35 taint flow paths FOUND from <android.view.KeyEvent: int getRepeatCount()> to <android.app.Activity: boolean onKeyDown(int,android.view.KeyEvent)>
maxpossibleFlows=2
maxpossibleFlows=2
maxpossibleFlows=2
maxpossibleFlows=2
maxpossibleFlows=2
maxpossibleFlows=2
maxpossibleFlows=2
maxpossibleFlows=2
maxpossibleFlows=2
maxpossibleFlows=12
maxpossibleFlows=2
maxpossibleFlows=2
maxpossibleFlows=2
maxpossibleFlows=2
maxpossibleFlows=2
maxpossibleFlows=2
maxpossibleFlows=2
maxpossibleFlows=2
maxpossibleFlows=2
maxpossibleFlows=2
maxpossibleFlows=2
maxpossibleFlows=2
maxpossibleFlows=2
maxpossibleFlows=2
maxpossibleFlows=35
35 taint flow paths FOUND from <android.view.KeyEvent: int getRepeatCount()> to <android.app.Activity: boolean onKeyDown(int,android.view.KeyEvent)>
maxpossibleFlows=2
maxpossibleFlows=2
2 taint flow paths FOUND from <android.content.ContextWrapper: android.content.res.AssetManager getAssets()> to <android.content.res.AssetManager: android.content.res.AssetFileDescriptor openFd(java.lang.String)>
maxpossibleFlows=2
maxpossibleFlows=2
maxpossibleFlows=2
maxpossibleFlows=2
maxpossibleFlows=2
maxpossibleFlows=2
maxpossibleFlows=2
maxpossibleFlows=2
maxpossibleFlows=2
maxpossibleFlows=2
maxpossibleFlows=2
maxpossibleFlows=2
maxpossibleFlows=2
maxpossibleFlows=2
maxpossibleFlows=2
maxpossibleFlows=2
maxpossibleFlows=2
maxpossibleFlows=2
maxpossibleFlows=2
maxpossibleFlows=2
maxpossibleFlows=2
maxpossibleFlows=2
Result for benign-app-18-24956C7D5C895C0B41A69EF3A727519F8FCAAFB526FCD13AD29FDB67DB7B0BB9.apkcom.mathtest.activity