DUA-Forensics args to Soot: -w -cp /home/hcosta/bench/benchmark/libs/droidfax.jar:/home/hcosta/Android/Sdk/platforms/android-28/android.jar -p cg verbose:false,implicit-entry:true -p cg.spark verbose:false,on-fly-cg:true,rta:false -d /home/hcosta/bench/benchmark/trace/180/1/droidbot/benign-app-2004-9E6DA0135FD6E58BB6C5BF9C1FB5C17E20D689E7C00840AD459BC3A19AF83AA3.apk.logcat -process-dir /home/hcosta/bench/benchmark/data/input/benign-app-2004-9E6DA0135FD6E58BB6C5BF9C1FB5C17E20D689E7C00840AD459BC3A19AF83AA3.apk 
Soot started on Mon Aug 01 16:49:50 CEST 2022
Warning: com.ironsource.mobilcore.BaseFlowBasedAdUnit is a phantom class!
Warning: java.lang.invoke.LambdaMetafactory is a phantom class!
Warning: java.lang.ref.Finalizer is a phantom class!
Warning: android.net.http.AndroidHttpClient is a phantom class!
Warning: com.google.ads.AdRequest is a phantom class!
Warning: com.google.ads.AdView is a phantom class!
Warning: com.google.ads.AdRequest$ErrorCode is a phantom class!
Warning: com.google.ads.AdSize is a phantom class!
Warning: com.google.ads.mediation.MediationAdRequest is a phantom class!
Warning: com.google.ads.mediation.MediationBannerAdapter is a phantom class!
Warning: com.google.ads.mediation.MediationBannerListener is a phantom class!
Warning: com.google.ads.mediation.MediationInterstitialAdapter is a phantom class!
Warning: com.google.ads.mediation.MediationInterstitialListener is a phantom class!
Warning: com.google.ads.mediation.MediationServerParameters$Parameter is a phantom class!
Warning: com.google.ads.mediation.MediationServerParameters is a phantom class!
Warning: com.google.ads.mediation.NetworkExtras is a phantom class!
Warning: org.apache.http.client.methods.HttpGet is a phantom class!
Warning: org.apache.http.HttpEntity is a phantom class!
Warning: org.apache.http.HttpHost is a phantom class!
Warning: org.apache.http.HttpResponse is a phantom class!
Warning: org.apache.http.StatusLine is a phantom class!
Warning: org.apache.http.client.ClientProtocolException is a phantom class!
Warning: org.apache.http.client.HttpClient is a phantom class!
Warning: org.apache.http.client.methods.HttpUriRequest is a phantom class!
Warning: org.apache.http.impl.client.DefaultHttpClient is a phantom class!
Warning: org.apache.http.params.HttpProtocolParams is a phantom class!
Warning: org.apache.http.protocol.BasicHttpContext is a phantom class!
Warning: org.apache.http.protocol.HttpContext is a phantom class!
[Call Graph] For information on where the call graph may be incomplete, use the verbose option to the cg phase.
[Spark] Pointer Assignment Graph in 0.0 seconds.
[Spark] Type masks in 0.0 seconds.
[Spark] Pointer Graph simplified in 0.0 seconds.
[Spark] Propagation in 0.0 seconds.
[Spark] Solution found in 0.0 seconds.
hcai's internal transform
Running static analysis for method/class coverage characterization
0 ICC links found and 0 cg edges added due to ICC links
dynamic conflated call graph: 0 methods; 0 nodes; 0 edges.
feature-vector-key = benign-app-2004-9E6DA0135FD6E58BB6C5BF9C1FB5C17E20D689E7C00840AD459BC3A19AF83AA3.apk
Result for benign-app-2004-9E6DA0135FD6E58BB6C5BF9C1FB5C17E20D689E7C00840AD459BC3A19AF83AA3.apkcom.balloonisland.hfxw