DUA-Forensics args to Soot: -w -cp /home/handrick/Documents/UNB/benchmark/libs/droidfax.jar:/home/handrick/Android/Sdk/platforms/android-19/android.jar -p cg verbose:false,implicit-entry:true -p cg.spark verbose:false,on-fly-cg:true,rta:false -d /home/handrick/Documents/UNB/benchmark/trace/180/1/droidbot/malicious-app-60-48214F2D1AB1509DB9BF379861C00CD8026E060E4A872C13813C8724262DC4F1.apk.logcat -process-dir /home/handrick/Documents/UNB/benchmark/data/input/malicious-app-60-48214F2D1AB1509DB9BF379861C00CD8026E060E4A872C13813C8724262DC4F1.apk 
Soot started on Fri Apr 15 00:49:13 CEST 2022
Warning: com.ironsource.mobilcore.BaseFlowBasedAdUnit is a phantom class!
Warning: java.lang.invoke.LambdaMetafactory is a phantom class!
Warning: java.lang.ref.Finalizer is a phantom class!
[Call Graph] For information on where the call graph may be incomplete, use the verbose option to the cg phase.
[Spark] Pointer Assignment Graph in 0.0 seconds.
[Spark] Type masks in 0.0 seconds.
[Spark] Pointer Graph simplified in 0.0 seconds.
[Spark] Propagation in 0.0 seconds.
[Spark] Solution found in 0.0 seconds.
hcai's internal transform
Running static analysis for security-relevant feature characterization
[GatorHierarchy] [32mVERBOSE[0m [HIER] All classes: 762
[GatorHierarchy] [32mVERBOSE[0m [App: 60, Lib : 699, Phantom: 3]
[GatorHierarchy] [32mVERBOSE[0m [HIER] Activities: 1, lib activities: 1
[GatorHierarchy] [32mVERBOSE[0m [HIER] App views: 5, Lib views: 17
[GatorHierarchy] [32mVERBOSE[0m [HIER] App Dialogs: 0, Lib Dialogs: 3
[TIMECOST] [32mVERBOSE[0m buildApplicationCodeMap parsing starting at 1649976553909
[TIMECOST] [32mVERBOSE[0m buildApplicationCodeMap parsing finished at 1649976555557
[Instantiated app classes] [32mVERBOSE[0m total number: 79
[WARNING] [32mVERBOSE[0m Callback method :reset in Class com.google.ads.GoogleAdView added
[WARNING] [32mVERBOSE[0m Callback method :setDisplayedChild in Class com.google.ads.GoogleAdView added
[WARNING] [32mVERBOSE[0m Callback method :onKeyDown in Class com.resetgame.volleyball.Vapp added
[WARNING] [32mVERBOSE[0m Callback method :onPause in Class com.resetgame.volleyball.Vapp added
[WARNING] [32mVERBOSE[0m Callback method :onCreate in Class com.resetgame.volleyball.Vapp added
[WARNING] [32mVERBOSE[0m Callback method :onKeyUp in Class com.resetgame.volleyball.Vapp added
[WARNING] [32mVERBOSE[0m Callback method :onDestroy in Class com.resetgame.volleyball.Vapp added
[WARNING] [32mVERBOSE[0m Callback method :onResume in Class com.resetgame.volleyball.Vapp added
[WARNING] [32mVERBOSE[0m Callback method :onTrackballEvent in Class com.resetgame.volleyball.Vviews added
[WARNING] [32mVERBOSE[0m Callback method :surfaceCreated in Class com.resetgame.volleyball.Vviews added
[WARNING] [32mVERBOSE[0m Callback method :onKeyDown in Class com.resetgame.volleyball.Vviews added
[WARNING] [32mVERBOSE[0m Callback method :onTouchEvent in Class com.resetgame.volleyball.Vviews added
[WARNING] [32mVERBOSE[0m Callback method :surfaceDestroyed in Class com.resetgame.volleyball.Vviews added
[WARNING] [32mVERBOSE[0m Callback method :surfaceChanged in Class com.resetgame.volleyball.Vviews added
[WARNING] [32mVERBOSE[0m Callback method :onKeyUp in Class com.resetgame.volleyball.Vviews added
[WARNING] [32mVERBOSE[0m Callback method :onWindowFocusChanged in Class net.youmi.android.AdView added
[WARNING] [32mVERBOSE[0m Callback method :onMeasure in Class net.youmi.android.AdView added
[WARNING] [32mVERBOSE[0m Callback method :setBackgroundColor in Class net.youmi.android.AdView added
[WARNING] [32mVERBOSE[0m Callback method :onDetachedFromWindow in Class net.youmi.android.AdView added
[WARNING] [32mVERBOSE[0m Callback method :onAttachedToWindow in Class net.youmi.android.AdView added
[WARNING] [32mVERBOSE[0m Callback method :getVisibility in Class net.youmi.android.AdView added
[WARNING] [32mVERBOSE[0m Callback method :setVisibility in Class net.youmi.android.AdView added
[WARNING] [32mVERBOSE[0m Callback method :onTouchEvent in Class com.google.ads.GoogleAdView$AdWebView added
0 ICC links found and 0 cg edges added due to ICC links
dynamic conflated call graph: 455 methods; 455 nodes; 781 edges.
maxpossibleFlows=2
maxpossibleFlows=1
maxpossibleFlows=2
maxpossibleFlows=13
maxpossibleFlows=1
maxpossibleFlows=15
15 taint flow paths FOUND from <android.view.ContextThemeWrapper: android.content.res.Resources getResources()> to <android.content.res.Resources: java.io.InputStream openRawResource(int)>
maxpossibleFlows=1
maxpossibleFlows=4
maxpossibleFlows=2
maxpossibleFlows=2
maxpossibleFlows=2
maxpossibleFlows=2
maxpossibleFlows=2
2 taint flow paths FOUND from <java.lang.StringBuilder: java.lang.String toString()> to <android.util.Log: int i(java.lang.String,java.lang.String)>
maxpossibleFlows=1
maxpossibleFlows=1
maxpossibleFlows=1
maxpossibleFlows=1
maxpossibleFlows=1
maxpossibleFlows=1
maxpossibleFlows=2
maxpossibleFlows=1
maxpossibleFlows=2
maxpossibleFlows=1
maxpossibleFlows=1
maxpossibleFlows=1
1 taint flow paths FOUND from <android.content.ContextWrapper: android.content.pm.PackageManager getPackageManager()> to <android.util.Log: int d(java.lang.String,java.lang.String)>
maxpossibleFlows=1
maxpossibleFlows=1
maxpossibleFlows=1
maxpossibleFlows=1
maxpossibleFlows=1
maxpossibleFlows=1
maxpossibleFlows=1
1 taint flow paths FOUND from <android.content.res.Resources: android.util.DisplayMetrics getDisplayMetrics()> to <android.widget.ViewAnimator: void setInAnimation(android.content.Context,int)>
maxpossibleFlows=1
maxpossibleFlows=6
maxpossibleFlows=18
maxpossibleFlows=1
maxpossibleFlows=13
maxpossibleFlows=1
1 taint flow paths FOUND from <android.content.ContextWrapper: android.content.res.Resources getResources()> to <android.widget.ViewAnimator: void setInAnimation(android.content.Context,int)>
maxpossibleFlows=1
1 taint flow paths FOUND from <android.os.Bundle: java.lang.String getString(java.lang.String)> to <android.util.Log: int d(java.lang.String,java.lang.String)>
maxpossibleFlows=13
maxpossibleFlows=1
maxpossibleFlows=15
15 taint flow paths FOUND from <android.content.res.Resources: int getIdentifier(java.lang.String,java.lang.String,java.lang.String)> to <android.content.res.Resources: java.io.InputStream openRawResource(int)>
maxpossibleFlows=1
maxpossibleFlows=1
maxpossibleFlows=1
maxpossibleFlows=1
maxpossibleFlows=1
maxpossibleFlows=1
maxpossibleFlows=1
maxpossibleFlows=4
maxpossibleFlows=1
maxpossibleFlows=1
maxpossibleFlows=1
maxpossibleFlows=1
maxpossibleFlows=1
maxpossibleFlows=1
maxpossibleFlows=1
maxpossibleFlows=1
maxpossibleFlows=1
maxpossibleFlows=1
maxpossibleFlows=1
maxpossibleFlows=1
maxpossibleFlows=1
maxpossibleFlows=1
maxpossibleFlows=4
maxpossibleFlows=2
maxpossibleFlows=2
maxpossibleFlows=1
maxpossibleFlows=2
maxpossibleFlows=1
maxpossibleFlows=1
maxpossibleFlows=6
maxpossibleFlows=2
maxpossibleFlows=1
maxpossibleFlows=1
maxpossibleFlows=1
maxpossibleFlows=2
2 taint flow paths FOUND from <android.app.Activity: android.view.Window getWindow()> to <android.view.Window: void setFlags(int,int)>
maxpossibleFlows=2
maxpossibleFlows=1
1 taint flow paths FOUND from <android.content.ContextWrapper: java.lang.String getPackageName()> to <android.util.Log: int d(java.lang.String,java.lang.String)>
maxpossibleFlows=2
maxpossibleFlows=1
1 taint flow paths FOUND from <android.webkit.WebView: android.webkit.WebSettings getSettings()> to <android.widget.ViewAnimator: void setInAnimation(android.content.Context,int)>
maxpossibleFlows=1
maxpossibleFlows=1
maxpossibleFlows=1
maxpossibleFlows=1
maxpossibleFlows=4
maxpossibleFlows=1
maxpossibleFlows=4
maxpossibleFlows=1
maxpossibleFlows=4
maxpossibleFlows=2
maxpossibleFlows=2
2 taint flow paths FOUND from <java.lang.StringBuilder: java.lang.String toString()> to <android.util.Log: int i(java.lang.String,java.lang.String)>
maxpossibleFlows=1
maxpossibleFlows=1
1 taint flow paths FOUND from <java.lang.StringBuilder: java.lang.String toString()> to <android.util.Log: int d(java.lang.String,java.lang.String)>
maxpossibleFlows=2
maxpossibleFlows=2
maxpossibleFlows=1
maxpossibleFlows=1
maxpossibleFlows=1
maxpossibleFlows=1
maxpossibleFlows=1
maxpossibleFlows=2
maxpossibleFlows=2
maxpossibleFlows=4
maxpossibleFlows=7
1 taint flow paths FOUND from <java.lang.StringBuilder: java.lang.String toString()> to <org.json.JSONObject: org.json.JSONObject put(java.lang.String,int)>
maxpossibleFlows=1
1 taint flow paths FOUND from <android.content.res.Resources: android.util.DisplayMetrics getDisplayMetrics()> to <android.widget.ViewAnimator: void setInAnimation(android.content.Context,int)>
maxpossibleFlows=2
maxpossibleFlows=13
maxpossibleFlows=2
maxpossibleFlows=18
maxpossibleFlows=13
maxpossibleFlows=1
maxpossibleFlows=13
maxpossibleFlows=1
maxpossibleFlows=1
1 taint flow paths FOUND from <android.content.res.Resources: android.util.DisplayMetrics getDisplayMetrics()> to <android.webkit.WebSettings: void setSupportZoom(boolean)>
maxpossibleFlows=1
1 taint flow paths FOUND from <android.content.res.Resources: android.util.DisplayMetrics getDisplayMetrics()> to <android.webkit.WebSettings: void setJavaScriptEnabled(boolean)>
maxpossibleFlows=2
maxpossibleFlows=2
maxpossibleFlows=1
maxpossibleFlows=1
maxpossibleFlows=2
maxpossibleFlows=1
maxpossibleFlows=1
maxpossibleFlows=1
maxpossibleFlows=2
maxpossibleFlows=2
maxpossibleFlows=2
maxpossibleFlows=2
maxpossibleFlows=1
maxpossibleFlows=1
maxpossibleFlows=1
maxpossibleFlows=1
maxpossibleFlows=1
maxpossibleFlows=1
maxpossibleFlows=1
maxpossibleFlows=1
maxpossibleFlows=1
1 taint flow paths FOUND from <android.content.res.Resources: android.util.DisplayMetrics getDisplayMetrics()> to <android.webkit.WebView: void setWebViewClient(android.webkit.WebViewClient)>
maxpossibleFlows=1
maxpossibleFlows=1
maxpossibleFlows=1
maxpossibleFlows=1
maxpossibleFlows=1
maxpossibleFlows=2
2 taint flow paths FOUND from <android.app.Activity: android.view.Window getWindow()> to <android.view.Window: void setFlags(int,int)>
maxpossibleFlows=1
1 taint flow paths FOUND from <android.content.res.Resources: android.util.DisplayMetrics getDisplayMetrics()> to <android.webkit.WebSettings: void setCacheMode(int)>
maxpossibleFlows=1
1 taint flow paths FOUND from <android.content.res.Resources: android.util.DisplayMetrics getDisplayMetrics()> to <android.view.View: void setVerticalScrollBarEnabled(boolean)>
maxpossibleFlows=2
maxpossibleFlows=2
maxpossibleFlows=1
maxpossibleFlows=1
maxpossibleFlows=1
maxpossibleFlows=1
maxpossibleFlows=1
maxpossibleFlows=2
maxpossibleFlows=2
maxpossibleFlows=2
maxpossibleFlows=15
15 taint flow paths FOUND from <android.view.ContextThemeWrapper: android.content.res.Resources getResources()> to <android.content.res.Resources: java.io.InputStream openRawResource(int)>
maxpossibleFlows=1
1 taint flow paths FOUND from <android.content.res.Resources: android.util.DisplayMetrics getDisplayMetrics()> to <android.view.View: void setHorizontalScrollBarEnabled(boolean)>
maxpossibleFlows=1
1 taint flow paths FOUND from <android.content.res.Resources: android.util.DisplayMetrics getDisplayMetrics()> to <android.widget.ViewAnimator: void setOutAnimation(android.content.Context,int)>
maxpossibleFlows=1
maxpossibleFlows=1
maxpossibleFlows=1
maxpossibleFlows=1
maxpossibleFlows=1
maxpossibleFlows=1
1 taint flow paths FOUND from <android.app.Activity: android.view.Window getWindow()> to <android.app.Activity: void setContentView(int)>
maxpossibleFlows=1
1 taint flow paths FOUND from <android.content.res.Resources: android.util.DisplayMetrics getDisplayMetrics()> to <android.webkit.WebView: void setInitialScale(int)>
[WARNING] [32mVERBOSE[0m Callback method :onKeyDown in Class com.resetgame.volleyball.Vviews
[WARNING] [32mVERBOSE[0m Callback method :onKeyUp in Class com.resetgame.volleyball.Vviews
[WARNING] [32mVERBOSE[0m Callback method :onTouchEvent in Class com.resetgame.volleyball.Vviews
[WARNING] [32mVERBOSE[0m Callback method :onTrackballEvent in Class com.resetgame.volleyball.Vviews
[WARNING] [32mVERBOSE[0m Callback method :surfaceChanged in Class com.resetgame.volleyball.Vviews
[WARNING] [32mVERBOSE[0m Callback method :surfaceCreated in Class com.resetgame.volleyball.Vviews
[WARNING] [32mVERBOSE[0m Callback method :surfaceDestroyed in Class com.resetgame.volleyball.Vviews
Result for malicious-app-60-48214F2D1AB1509DB9BF379861C00CD8026E060E4A872C13813C8724262DC4F1.apkcom.resetgame.volleyball