DUA-Forensics args to Soot: -w -cp /home/hcosta/bench/benchmark/libs/droidfax.jar:/home/hcosta/Android/Sdk/platforms/android-28/android.jar -p cg verbose:false,implicit-entry:true -p cg.spark verbose:false,on-fly-cg:true,rta:false -d /home/hcosta/bench/benchmark/trace/180/1/droidbot/benign-app-14-1E80E7B224D79E74A3EAB0EC03CE4177A8D2E837DACE394FEAFAF18150009713.apk.logcat -process-dir /home/hcosta/bench/benchmark/data/input/benign-app-14-1E80E7B224D79E74A3EAB0EC03CE4177A8D2E837DACE394FEAFAF18150009713.apk 
Soot started on Tue Apr 19 16:38:37 CEST 2022
Warning: com.ironsource.mobilcore.BaseFlowBasedAdUnit is a phantom class!
Warning: java.lang.invoke.LambdaMetafactory is a phantom class!
Warning: java.lang.ref.Finalizer is a phantom class!
Warning: org.apache.http.impl.client.DefaultHttpClient is a phantom class!
Warning: org.apache.http.HttpHost is a phantom class!
Warning: org.apache.http.HttpEntity is a phantom class!
Warning: org.apache.http.HttpResponse is a phantom class!
Warning: org.apache.http.StatusLine is a phantom class!
Warning: org.apache.http.client.methods.HttpGet is a phantom class!
Warning: org.apache.http.client.methods.HttpPost is a phantom class!
Warning: org.apache.http.client.methods.HttpUriRequest is a phantom class!
Warning: org.apache.http.conn.scheme.PlainSocketFactory is a phantom class!
Warning: org.apache.http.conn.scheme.Scheme is a phantom class!
Warning: org.apache.http.conn.scheme.SchemeRegistry is a phantom class!
Warning: org.apache.http.entity.ByteArrayEntity is a phantom class!
Warning: org.apache.http.params.BasicHttpParams is a phantom class!
[Call Graph] For information on where the call graph may be incomplete, use the verbose option to the cg phase.
[Spark] Pointer Assignment Graph in 0.0 seconds.
[Spark] Type masks in 0.0 seconds.
[Spark] Pointer Graph simplified in 0.0 seconds.
[Spark] Propagation in 0.0 seconds.
[Spark] Solution found in 0.0 seconds.
hcai's internal transform
Running static analysis for security-relevant feature characterization
[GatorHierarchy] [32mVERBOSE[0m [HIER] All classes: 1433
[GatorHierarchy] [32mVERBOSE[0m [App: 306, Lib : 1111, Phantom: 16]
[GatorHierarchy] [32mVERBOSE[0m [HIER] Activities: 4, lib activities: 1
[GatorHierarchy] [32mVERBOSE[0m [HIER] App views: 2, Lib views: 9
[GatorHierarchy] [32mVERBOSE[0m [HIER] App Dialogs: 0, Lib Dialogs: 3
[TIMECOST] [32mVERBOSE[0m buildApplicationCodeMap parsing starting at 1650379118490
second round from stmt: $u0#33 = $u0#32[$u2#5]
array element type: (filled narr)int
array element type: (filled narr)int
[TIMECOST] [32mVERBOSE[0m buildApplicationCodeMap parsing finished at 1650379119850
[Instantiated app classes] [32mVERBOSE[0m total number: 301
[WARNING] [32mVERBOSE[0m Callback method :onReceive in Class com.playphone.psgn.android.BillingReceiver added
[WARNING] [32mVERBOSE[0m Callback method :onReceive in Class com.playphone.psgn.PSGNPushReceiver added
[WARNING] [32mVERBOSE[0m Callback method :onKeyDown in Class hll.kxyfyh.act.GameMain added
[WARNING] [32mVERBOSE[0m Callback method :onWindowFocusChanged in Class hll.kxyfyh.act.GameMain added
[WARNING] [32mVERBOSE[0m Callback method :onPause in Class hll.kxyfyh.act.GameMain added
[WARNING] [32mVERBOSE[0m Callback method :onStop in Class com.playphone.psgn.PSGNTrackingActivity added
[WARNING] [32mVERBOSE[0m Callback method :onCreate in Class hll.kxyfyh.act.GameMain added
[WARNING] [32mVERBOSE[0m Callback method :onDestroy in Class hll.kxyfyh.act.GameMain added
[WARNING] [32mVERBOSE[0m Callback method :onStart in Class com.playphone.psgn.PSGNTrackingActivity added
[WARNING] [32mVERBOSE[0m Callback method :onRestart in Class com.playphone.psgn.PSGNTrackingActivity added
[WARNING] [32mVERBOSE[0m Callback method :onResume in Class hll.kxyfyh.act.GameMain added
[WARNING] [32mVERBOSE[0m Callback method :onTransact in Class com.android.vending.billing.IMarketBillingService$Stub added
[WARNING] [32mVERBOSE[0m Callback method :asBinder in Class com.android.vending.billing.IMarketBillingService$Stub added
[WARNING] [32mVERBOSE[0m Callback method :onCreate in Class hll.kxyfyh.act.DefaultActivity added
[WARNING] [32mVERBOSE[0m Callback method :onBind in Class com.playphone.psgn.PSGNService added
[WARNING] [32mVERBOSE[0m Callback method :onDestroy in Class com.playphone.psgn.PSGNService added
[WARNING] [32mVERBOSE[0m Callback method :onCreate in Class com.playphone.psgn.PSGNService added
[WARNING] [32mVERBOSE[0m Callback method :onStart in Class com.playphone.psgn.PSGNService added
[WARNING] [32mVERBOSE[0m Callback method :onConfigurationChanged in Class com.playphone.psgn.PSGNProxyActivity added
[WARNING] [32mVERBOSE[0m Callback method :onBackPressed in Class com.playphone.psgn.PSGNProxyActivity added
[WARNING] [32mVERBOSE[0m Callback method :onPause in Class com.playphone.psgn.PSGNTrackingActivity added
[WARNING] [32mVERBOSE[0m Callback method :onStop in Class com.playphone.psgn.PSGNTrackingActivity added
[WARNING] [32mVERBOSE[0m Callback method :onCreate in Class com.playphone.psgn.PSGNProxyActivity added
[WARNING] [32mVERBOSE[0m Callback method :onDestroy in Class com.playphone.psgn.PSGNTrackingActivity added
[WARNING] [32mVERBOSE[0m Callback method :onStart in Class com.playphone.psgn.PSGNTrackingActivity added
[WARNING] [32mVERBOSE[0m Callback method :onRestart in Class com.playphone.psgn.PSGNTrackingActivity added
[WARNING] [32mVERBOSE[0m Callback method :onActivityResult in Class com.playphone.psgn.PSGNProxyActivity added
[WARNING] [32mVERBOSE[0m Callback method :onResume in Class com.playphone.psgn.PSGNTrackingActivity added
[WARNING] [32mVERBOSE[0m Callback method :onSensorChanged in Class kxyfyh.yk.d.b added
[WARNING] [32mVERBOSE[0m Callback method :onAccuracyChanged in Class kxyfyh.yk.d.b added
[WARNING] [32mVERBOSE[0m Callback method :onServiceConnected in Class com.playphone.psgn.android.BillingService added
[WARNING] [32mVERBOSE[0m Callback method :onServiceDisconnected in Class com.playphone.psgn.android.BillingService added
[WARNING] [32mVERBOSE[0m Callback method :onBind in Class com.playphone.psgn.android.BillingService added
[WARNING] [32mVERBOSE[0m Callback method :onCreate in Class com.playphone.psgn.android.BillingService added
[WARNING] [32mVERBOSE[0m Callback method :onPause in Class com.playphone.psgn.PSGNTrackingActivity added
[WARNING] [32mVERBOSE[0m Callback method :onStop in Class com.playphone.psgn.PSGNTrackingActivity added
[WARNING] [32mVERBOSE[0m Callback method :onCreate in Class com.playphone.psgn.PSGNTrackingActivity added
[WARNING] [32mVERBOSE[0m Callback method :onDestroy in Class com.playphone.psgn.PSGNTrackingActivity added
[WARNING] [32mVERBOSE[0m Callback method :onStart in Class com.playphone.psgn.PSGNTrackingActivity added
[WARNING] [32mVERBOSE[0m Callback method :onRestart in Class com.playphone.psgn.PSGNTrackingActivity added
[WARNING] [32mVERBOSE[0m Callback method :onResume in Class com.playphone.psgn.PSGNTrackingActivity added
[WARNING] [32mVERBOSE[0m Callback method :onReceive in Class com.playphone.psgn.InstallReferrerReceiver added
1 ICC links found and 1 cg edges added due to ICC links
dynamic conflated call graph: 216 methods; 216 nodes; 267 edges.
maxpossibleFlows=1
maxpossibleFlows=2
maxpossibleFlows=1
maxpossibleFlows=1
maxpossibleFlows=1
maxpossibleFlows=1
maxpossibleFlows=1
maxpossibleFlows=1
maxpossibleFlows=1
maxpossibleFlows=1
maxpossibleFlows=7
7 taint flow paths FOUND from <java.lang.StackTraceElement: int getLineNumber()> to <android.util.Log: int d(java.lang.String,java.lang.String)>
maxpossibleFlows=7
7 taint flow paths FOUND from <java.lang.StackTraceElement: java.lang.String getClassName()> to <android.util.Log: int d(java.lang.String,java.lang.String)>
maxpossibleFlows=1
maxpossibleFlows=1
1 taint flow paths FOUND from <java.lang.StringBuilder: java.lang.String toString()> to <java.net.URL: java.net.URLConnection openConnection()>
maxpossibleFlows=1
maxpossibleFlows=1
maxpossibleFlows=1
maxpossibleFlows=1
maxpossibleFlows=1
maxpossibleFlows=1
maxpossibleFlows=1
maxpossibleFlows=1
maxpossibleFlows=1
maxpossibleFlows=1
maxpossibleFlows=1
maxpossibleFlows=1
maxpossibleFlows=1
maxpossibleFlows=1
maxpossibleFlows=1
maxpossibleFlows=1
1 taint flow paths FOUND from <java.io.File: java.lang.String getName()> to <java.net.URL: java.net.URLConnection openConnection()>
maxpossibleFlows=1
maxpossibleFlows=1
maxpossibleFlows=1
maxpossibleFlows=1
maxpossibleFlows=1
maxpossibleFlows=1
maxpossibleFlows=1
maxpossibleFlows=1
maxpossibleFlows=1
maxpossibleFlows=1
maxpossibleFlows=3
maxpossibleFlows=7
6 taint flow paths FOUND from <java.lang.StackTraceElement: java.lang.String getMethodName()> to <android.util.Log: int d(java.lang.String,java.lang.String)>
maxpossibleFlows=1
maxpossibleFlows=1
maxpossibleFlows=1
maxpossibleFlows=1
maxpossibleFlows=1
maxpossibleFlows=1
maxpossibleFlows=7
7 taint flow paths FOUND from <java.lang.Thread: java.lang.StackTraceElement[] getStackTrace()> to <android.util.Log: int d(java.lang.String,java.lang.String)>
maxpossibleFlows=1
maxpossibleFlows=1
maxpossibleFlows=1
maxpossibleFlows=1
maxpossibleFlows=1
maxpossibleFlows=1
maxpossibleFlows=1
maxpossibleFlows=1
maxpossibleFlows=2
2 taint flow paths FOUND from <android.app.AlertDialog$Builder: android.app.AlertDialog create()> to <android.app.AlertDialog: void setTitle(java.lang.CharSequence)>
maxpossibleFlows=1
1 taint flow paths FOUND from <android.content.ContextWrapper: java.lang.String getPackageName()> to <java.net.URL: java.net.URLConnection openConnection()>
maxpossibleFlows=1
maxpossibleFlows=1
maxpossibleFlows=1
maxpossibleFlows=1
1 taint flow paths FOUND from <java.lang.StringBuilder: java.lang.String toString()> to <java.net.URL: java.net.URLConnection openConnection()>
maxpossibleFlows=1
maxpossibleFlows=1
maxpossibleFlows=1
maxpossibleFlows=1
maxpossibleFlows=1
maxpossibleFlows=1
maxpossibleFlows=1
maxpossibleFlows=1
maxpossibleFlows=1
maxpossibleFlows=1
maxpossibleFlows=1
maxpossibleFlows=2
2 taint flow paths FOUND from <android.app.AlertDialog$Builder: android.app.AlertDialog create()> to <android.app.AlertDialog: void setTitle(java.lang.CharSequence)>
maxpossibleFlows=2
2 taint flow paths FOUND from <android.app.AlertDialog$Builder: android.app.AlertDialog create()> to <android.app.AlertDialog: void setButton2(java.lang.CharSequence,android.content.DialogInterface$OnClickListener)>
maxpossibleFlows=1
maxpossibleFlows=1
maxpossibleFlows=1
maxpossibleFlows=1
maxpossibleFlows=1
maxpossibleFlows=1
maxpossibleFlows=2
2 taint flow paths FOUND from <android.app.AlertDialog$Builder: android.app.AlertDialog create()> to <android.app.AlertDialog: void setButton(java.lang.CharSequence,android.content.DialogInterface$OnClickListener)>
maxpossibleFlows=1
maxpossibleFlows=1
maxpossibleFlows=1
maxpossibleFlows=1
maxpossibleFlows=1
maxpossibleFlows=1
maxpossibleFlows=1
1 taint flow paths FOUND from <java.lang.StringBuilder: java.lang.String toString()> to <java.net.HttpURLConnection: void setRequestMethod(java.lang.String)>
maxpossibleFlows=1
maxpossibleFlows=2
maxpossibleFlows=1
maxpossibleFlows=1
maxpossibleFlows=1
maxpossibleFlows=7
7 taint flow paths FOUND from <java.lang.StackTraceElement: int getLineNumber()> to <android.util.Log: int d(java.lang.String,java.lang.String)>
maxpossibleFlows=1
maxpossibleFlows=1
maxpossibleFlows=1
maxpossibleFlows=1
maxpossibleFlows=1
maxpossibleFlows=1
maxpossibleFlows=1
1 taint flow paths FOUND from <java.lang.StringBuilder: java.lang.String toString()> to <android.content.res.AssetManager: java.io.InputStream open(java.lang.String)>
[WARNING] [32mVERBOSE[0m Callback method :<init> in Class kxyfyh.yk.d.b
[WARNING] [32mVERBOSE[0m Callback method :onAccuracyChanged in Class kxyfyh.yk.d.b
[WARNING] [32mVERBOSE[0m Callback method :onSensorChanged in Class kxyfyh.yk.d.b
Result for benign-app-14-1E80E7B224D79E74A3EAB0EC03CE4177A8D2E837DACE394FEAFAF18150009713.apkcom.playphone.flyingred