DUA-Forensics args to Soot: -w -cp /home/hcosta/bench/benchmark/libs/droidfax.jar:/home/hcosta/Android/Sdk/platforms/android-28/android.jar -p cg verbose:false,implicit-entry:true -p cg.spark verbose:false,on-fly-cg:true,rta:false -d /home/hcosta/bench/benchmark/trace/180/1/droidbot/benign-app-1690-823592A26F2F64D546CB1279ECE58312711228DD7E1FF07879028F420FEF3ED4.apk.logcat -process-dir /home/hcosta/bench/benchmark/data/input/benign-app-1690-823592A26F2F64D546CB1279ECE58312711228DD7E1FF07879028F420FEF3ED4.apk 
Soot started on Thu May 19 14:27:08 CEST 2022
Warning: com.ironsource.mobilcore.BaseFlowBasedAdUnit is a phantom class!
Warning: java.lang.invoke.LambdaMetafactory is a phantom class!
Warning: java.lang.ref.Finalizer is a phantom class!
[Call Graph] For information on where the call graph may be incomplete, use the verbose option to the cg phase.
[Spark] Pointer Assignment Graph in 0.0 seconds.
[Spark] Type masks in 0.0 seconds.
[Spark] Pointer Graph simplified in 0.0 seconds.
[Spark] Propagation in 0.0 seconds.
[Spark] Solution found in 0.0 seconds.
hcai's internal transform
Running static analysis for security-relevant feature characterization
[GatorHierarchy] [32mVERBOSE[0m [HIER] All classes: 933
[GatorHierarchy] [32mVERBOSE[0m [App: 37, Lib : 893, Phantom: 3]
[GatorHierarchy] [32mVERBOSE[0m [HIER] Activities: 3, lib activities: 1
[GatorHierarchy] [32mVERBOSE[0m [HIER] App views: 1, Lib views: 5
[GatorHierarchy] [32mVERBOSE[0m [HIER] App Dialogs: 0, Lib Dialogs: 2
[TIMECOST] [32mVERBOSE[0m buildApplicationCodeMap parsing starting at 1652963228948
[TIMECOST] [32mVERBOSE[0m buildApplicationCodeMap parsing finished at 1652963229248
[Instantiated app classes] [32mVERBOSE[0m total number: 36
[WARNING] [32mVERBOSE[0m Callback method :onPause in Class org.haxe.nme.GameActivity added
[WARNING] [32mVERBOSE[0m Callback method :onCreate in Class org.haxe.nme.GameActivity added
[WARNING] [32mVERBOSE[0m Callback method :onSensorChanged in Class org.haxe.nme.GameActivity added
[WARNING] [32mVERBOSE[0m Callback method :onDestroy in Class org.haxe.nme.GameActivity added
[WARNING] [32mVERBOSE[0m Callback method :onAccuracyChanged in Class org.haxe.nme.GameActivity added
[WARNING] [32mVERBOSE[0m Callback method :onResume in Class org.haxe.nme.GameActivity added
[WARNING] [32mVERBOSE[0m Callback method :onPause in Class org.haxe.nme.GameActivity added
[WARNING] [32mVERBOSE[0m Callback method :onCreate in Class org.haxe.nme.GameActivity added
[WARNING] [32mVERBOSE[0m Callback method :onSensorChanged in Class org.haxe.nme.GameActivity added
[WARNING] [32mVERBOSE[0m Callback method :onDestroy in Class org.haxe.nme.GameActivity added
[WARNING] [32mVERBOSE[0m Callback method :onAccuracyChanged in Class org.haxe.nme.GameActivity added
[WARNING] [32mVERBOSE[0m Callback method :onResume in Class org.haxe.nme.GameActivity added
[WARNING] [32mVERBOSE[0m Callback method :onReceive in Class com.games.AdReciver added
[WARNING] [32mVERBOSE[0m Callback method :onCreate in Class com.m.s.AdActivity added
0 ICC links found and 0 cg edges added due to ICC links
dynamic conflated call graph: 0 methods; 0 nodes; 0 edges.
[WARNING] [32mVERBOSE[0m Callback method :<init> in Class org.haxe.nme.GameActivity
[WARNING] [32mVERBOSE[0m Callback method :onAccuracyChanged in Class org.haxe.nme.GameActivity
[WARNING] [32mVERBOSE[0m Callback method :onCreate in Class org.haxe.nme.GameActivity
[WARNING] [32mVERBOSE[0m Callback method :onDestroy in Class org.haxe.nme.GameActivity
[WARNING] [32mVERBOSE[0m Callback method :onPause in Class org.haxe.nme.GameActivity
[WARNING] [32mVERBOSE[0m Callback method :onResume in Class org.haxe.nme.GameActivity
[WARNING] [32mVERBOSE[0m Callback method :onSensorChanged in Class org.haxe.nme.GameActivity
Result for benign-app-1690-823592A26F2F64D546CB1279ECE58312711228DD7E1FF07879028F420FEF3ED4.apkcom.retro.vampirevol