DUA-Forensics args to Soot: -w -cp /home/handrick/Documents/UNB/benchmark/libs/droidfax.jar:/home/handrick/Android/Sdk/platforms/android-19/android.jar -p cg verbose:false,implicit-entry:true -p cg.spark verbose:false,on-fly-cg:true,rta:false -d /home/handrick/Documents/UNB/benchmark/trace/180/1/droidbot/benign-app-5-083E11AB8280522404D62963B6118DE52D81333D8640C876244687FD1FEC065D.apk.logcat -process-dir /home/handrick/Documents/UNB/benchmark/data/input/benign-app-5-083E11AB8280522404D62963B6118DE52D81333D8640C876244687FD1FEC065D.apk 
Soot started on Fri Apr 15 00:35:28 CEST 2022
Warning: com.ironsource.mobilcore.BaseFlowBasedAdUnit is a phantom class!
Warning: java.lang.invoke.LambdaMetafactory is a phantom class!
Warning: java.lang.ref.Finalizer is a phantom class!
[Call Graph] For information on where the call graph may be incomplete, use the verbose option to the cg phase.
[Spark] Pointer Assignment Graph in 0.0 seconds.
[Spark] Type masks in 0.0 seconds.
[Spark] Pointer Graph simplified in 0.0 seconds.
[Spark] Propagation in 0.0 seconds.
[Spark] Solution found in 0.0 seconds.
hcai's internal transform
Running static analysis for security-relevant feature characterization
[GatorHierarchy] [32mVERBOSE[0m [HIER] All classes: 2168
[GatorHierarchy] [32mVERBOSE[0m [App: 1391, Lib : 774, Phantom: 3]
[GatorHierarchy] [32mVERBOSE[0m [HIER] Activities: 8, lib activities: 3
[GatorHierarchy] [32mVERBOSE[0m [HIER] App views: 5, Lib views: 19
[GatorHierarchy] [32mVERBOSE[0m [HIER] App Dialogs: 0, Lib Dialogs: 3
[TIMECOST] [32mVERBOSE[0m buildApplicationCodeMap parsing starting at 1649975730294
[TIMECOST] [32mVERBOSE[0m buildApplicationCodeMap parsing finished at 1649975735089
[Instantiated app classes] [32mVERBOSE[0m total number: 1126
[WARNING] [32mVERBOSE[0m Callback method :onKeyDown in Class android.support.v4.app.h added
[WARNING] [32mVERBOSE[0m Callback method :onPanelClosed in Class android.support.v4.app.h added
[WARNING] [32mVERBOSE[0m Callback method :onConfigurationChanged in Class android.support.v4.app.h added
[WARNING] [32mVERBOSE[0m Callback method :onMenuItemSelected in Class android.support.v4.app.h added
[WARNING] [32mVERBOSE[0m Callback method :onBackPressed in Class android.support.v4.app.h added
[WARNING] [32mVERBOSE[0m Callback method :onRetainNonConfigurationInstance in Class android.support.v4.app.h added
[WARNING] [32mVERBOSE[0m Callback method :onNewIntent in Class org.pyload.android.client.pyLoad added
[WARNING] [32mVERBOSE[0m Callback method :onPause in Class org.pyload.android.client.pyLoad added
[WARNING] [32mVERBOSE[0m Callback method :onStop in Class android.support.v4.app.h added
[WARNING] [32mVERBOSE[0m Callback method :onCreatePanelMenu in Class android.support.v4.app.h added
[WARNING] [32mVERBOSE[0m Callback method :dump in Class android.support.v4.app.h added
[WARNING] [32mVERBOSE[0m Callback method :onCreate in Class org.pyload.android.client.pyLoad added
[WARNING] [32mVERBOSE[0m Callback method :onCreateView in Class android.support.v4.app.h added
[WARNING] [32mVERBOSE[0m Callback method :onCreateOptionsMenu in Class org.pyload.android.client.pyLoad added
[WARNING] [32mVERBOSE[0m Callback method :onDestroy in Class android.support.v4.app.h added
[WARNING] [32mVERBOSE[0m Callback method :onPreparePanel in Class android.support.v4.app.h added
[WARNING] [32mVERBOSE[0m Callback method :onStart in Class org.pyload.android.client.pyLoad added
[WARNING] [32mVERBOSE[0m Callback method :onSaveInstanceState in Class org.pyload.android.client.components.FragmentTabsPager added
[WARNING] [32mVERBOSE[0m Callback method :startActivityForResult in Class android.support.v4.app.h added
[WARNING] [32mVERBOSE[0m Callback method :onActivityResult in Class org.pyload.android.client.pyLoad added
[WARNING] [32mVERBOSE[0m Callback method :onOptionsItemSelected in Class org.pyload.android.client.pyLoad added
[WARNING] [32mVERBOSE[0m Callback method :onPostResume in Class android.support.v4.app.h added
[WARNING] [32mVERBOSE[0m Callback method :onResume in Class org.pyload.android.client.pyLoad added
[WARNING] [32mVERBOSE[0m Callback method :onLowMemory in Class android.support.v4.app.h added
[WARNING] [32mVERBOSE[0m Callback method :onChildClick in Class org.pyload.android.client.components.FixedExpandableListActivity added
[WARNING] [32mVERBOSE[0m Callback method :onRestoreInstanceState in Class org.pyload.android.client.components.FixedExpandableListActivity added
[WARNING] [32mVERBOSE[0m Callback method :onCreateContextMenu in Class org.pyload.android.client.components.FixedExpandableListActivity added
[WARNING] [32mVERBOSE[0m Callback method :onContentChanged in Class org.pyload.android.client.components.FixedExpandableListActivity added
[WARNING] [32mVERBOSE[0m Callback method :onGroupExpand in Class org.pyload.android.client.components.FixedExpandableListActivity added
[WARNING] [32mVERBOSE[0m Callback method :onGroupCollapse in Class org.pyload.android.client.components.FixedExpandableListActivity added
[WARNING] [32mVERBOSE[0m Callback method :onListItemClick in Class org.pyload.android.client.module.FileChooser added
[WARNING] [32mVERBOSE[0m Callback method :onCreate in Class org.pyload.android.client.module.FileChooser added
[WARNING] [32mVERBOSE[0m Callback method :onLowMemory in Class android.support.v4.app.Fragment added
[WARNING] [32mVERBOSE[0m Callback method :onChildClick in Class org.pyload.android.client.components.ExpandableListFragment added
[WARNING] [32mVERBOSE[0m Callback method :onCreateContextMenu in Class org.pyload.android.client.components.ExpandableListFragment added
[WARNING] [32mVERBOSE[0m Callback method :onGroupCollapse in Class org.pyload.android.client.components.ExpandableListFragment added
[WARNING] [32mVERBOSE[0m Callback method :onGroupExpand in Class org.pyload.android.client.components.ExpandableListFragment added
[WARNING] [32mVERBOSE[0m Callback method :onConfigurationChanged in Class android.support.v4.app.Fragment added
[WARNING] [32mVERBOSE[0m Callback method :onCreate in Class org.pyload.android.client.Preferences added
[WARNING] [32mVERBOSE[0m Callback method :onOptionsItemSelected in Class org.pyload.android.client.Preferences added
[WARNING] [32mVERBOSE[0m Callback method :onLowMemory in Class android.support.v4.app.Fragment added
[WARNING] [32mVERBOSE[0m Callback method :onCreateContextMenu in Class org.pyload.android.client.fragments.OverviewFragment added
[WARNING] [32mVERBOSE[0m Callback method :onDismiss in Class org.pyload.android.client.fragments.OverviewFragment added
[WARNING] [32mVERBOSE[0m Callback method :onConfigurationChanged in Class android.support.v4.app.Fragment added
[WARNING] [32mVERBOSE[0m Callback method :onLowMemory in Class android.support.v4.app.Fragment added
[WARNING] [32mVERBOSE[0m Callback method :onChildClick in Class org.pyload.android.client.fragments.AbstractPackageFragment added
[WARNING] [32mVERBOSE[0m Callback method :onCreateContextMenu in Class org.pyload.android.client.fragments.AbstractPackageFragment added
[WARNING] [32mVERBOSE[0m Callback method :onGroupCollapse in Class org.pyload.android.client.components.ExpandableListFragment added
[WARNING] [32mVERBOSE[0m Callback method :onGroupExpand in Class org.pyload.android.client.components.ExpandableListFragment added
[WARNING] [32mVERBOSE[0m Callback method :onConfigurationChanged in Class android.support.v4.app.Fragment added
[WARNING] [32mVERBOSE[0m Callback method :onKeyDown in Class android.support.v4.app.h added
[WARNING] [32mVERBOSE[0m Callback method :onPanelClosed in Class android.support.v4.app.h added
[WARNING] [32mVERBOSE[0m Callback method :onConfigurationChanged in Class android.support.v4.app.h added
[WARNING] [32mVERBOSE[0m Callback method :onMenuItemSelected in Class android.support.v4.app.h added
[WARNING] [32mVERBOSE[0m Callback method :onBackPressed in Class android.support.v4.app.h added
[WARNING] [32mVERBOSE[0m Callback method :onRetainNonConfigurationInstance in Class android.support.v4.app.h added
[WARNING] [32mVERBOSE[0m Callback method :onNewIntent in Class android.support.v4.app.h added
[WARNING] [32mVERBOSE[0m Callback method :onPause in Class android.support.v4.app.h added
[WARNING] [32mVERBOSE[0m Callback method :onStop in Class android.support.v4.app.h added
[WARNING] [32mVERBOSE[0m Callback method :onCreatePanelMenu in Class android.support.v4.app.h added
[WARNING] [32mVERBOSE[0m Callback method :dump in Class android.support.v4.app.h added
[WARNING] [32mVERBOSE[0m Callback method :onCreate in Class android.support.v4.app.h added
[WARNING] [32mVERBOSE[0m Callback method :onCreateView in Class android.support.v4.app.h added
[WARNING] [32mVERBOSE[0m Callback method :onDestroy in Class android.support.v4.app.h added
[WARNING] [32mVERBOSE[0m Callback method :onPreparePanel in Class android.support.v4.app.h added
[WARNING] [32mVERBOSE[0m Callback method :onStart in Class android.support.v4.app.h added
[WARNING] [32mVERBOSE[0m Callback method :onSaveInstanceState in Class android.support.v4.app.h added
[WARNING] [32mVERBOSE[0m Callback method :startActivityForResult in Class android.support.v4.app.h added
[WARNING] [32mVERBOSE[0m Callback method :onActivityResult in Class android.support.v4.app.h added
[WARNING] [32mVERBOSE[0m Callback method :onPostResume in Class android.support.v4.app.h added
[WARNING] [32mVERBOSE[0m Callback method :onResume in Class android.support.v4.app.h added
[WARNING] [32mVERBOSE[0m Callback method :onLowMemory in Class android.support.v4.app.h added
[WARNING] [32mVERBOSE[0m Callback method :onLowMemory in Class android.support.v4.app.Fragment added
[WARNING] [32mVERBOSE[0m Callback method :onCreateContextMenu in Class android.support.v4.app.Fragment added
[WARNING] [32mVERBOSE[0m Callback method :onConfigurationChanged in Class android.support.v4.app.Fragment added
[WARNING] [32mVERBOSE[0m Callback method :onLowMemory in Class android.support.v4.app.Fragment added
[WARNING] [32mVERBOSE[0m Callback method :onCreateContextMenu in Class android.support.v4.app.Fragment added
[WARNING] [32mVERBOSE[0m Callback method :onCancel in Class android.support.v4.app.d added
[WARNING] [32mVERBOSE[0m Callback method :onDismiss in Class android.support.v4.app.d added
[WARNING] [32mVERBOSE[0m Callback method :onConfigurationChanged in Class android.support.v4.app.Fragment added
[WARNING] [32mVERBOSE[0m Callback method :onKeyDown in Class android.support.v4.app.h added
[WARNING] [32mVERBOSE[0m Callback method :onPanelClosed in Class android.support.v4.app.h added
[WARNING] [32mVERBOSE[0m Callback method :onConfigurationChanged in Class android.support.v4.app.h added
[WARNING] [32mVERBOSE[0m Callback method :onMenuItemSelected in Class android.support.v4.app.h added
[WARNING] [32mVERBOSE[0m Callback method :onBackPressed in Class android.support.v4.app.h added
[WARNING] [32mVERBOSE[0m Callback method :onRetainNonConfigurationInstance in Class android.support.v4.app.h added
[WARNING] [32mVERBOSE[0m Callback method :onNewIntent in Class android.support.v4.app.h added
[WARNING] [32mVERBOSE[0m Callback method :onPause in Class android.support.v4.app.h added
[WARNING] [32mVERBOSE[0m Callback method :onStop in Class android.support.v4.app.h added
[WARNING] [32mVERBOSE[0m Callback method :onCreatePanelMenu in Class android.support.v4.app.h added
[WARNING] [32mVERBOSE[0m Callback method :dump in Class android.support.v4.app.h added
[WARNING] [32mVERBOSE[0m Callback method :onCreate in Class org.pyload.android.client.components.FragmentTabsPager added
[WARNING] [32mVERBOSE[0m Callback method :onCreateView in Class android.support.v4.app.h added
[WARNING] [32mVERBOSE[0m Callback method :onDestroy in Class android.support.v4.app.h added
[WARNING] [32mVERBOSE[0m Callback method :onPreparePanel in Class android.support.v4.app.h added
[WARNING] [32mVERBOSE[0m Callback method :onStart in Class android.support.v4.app.h added
[WARNING] [32mVERBOSE[0m Callback method :onSaveInstanceState in Class org.pyload.android.client.components.FragmentTabsPager added
[WARNING] [32mVERBOSE[0m Callback method :startActivityForResult in Class android.support.v4.app.h added
[WARNING] [32mVERBOSE[0m Callback method :onActivityResult in Class android.support.v4.app.h added
[WARNING] [32mVERBOSE[0m Callback method :onPostResume in Class android.support.v4.app.h added
[WARNING] [32mVERBOSE[0m Callback method :onResume in Class android.support.v4.app.h added
[WARNING] [32mVERBOSE[0m Callback method :onLowMemory in Class android.support.v4.app.h added
[WARNING] [32mVERBOSE[0m Callback method :onFocusChanged in Class org.pyload.android.client.components.ScrollingTextView added
[WARNING] [32mVERBOSE[0m Callback method :onWindowFocusChanged in Class org.pyload.android.client.components.ScrollingTextView added
[WARNING] [32mVERBOSE[0m Callback method :isFocused in Class org.pyload.android.client.components.ScrollingTextView added
[WARNING] [32mVERBOSE[0m Callback method :onLowMemory in Class android.support.v4.app.Fragment added
[WARNING] [32mVERBOSE[0m Callback method :onCreateContextMenu in Class android.support.v4.app.Fragment added
[WARNING] [32mVERBOSE[0m Callback method :onConfigurationChanged in Class android.support.v4.app.Fragment added
[WARNING] [32mVERBOSE[0m Callback method :onKeyDown in Class android.support.v4.app.h added
[WARNING] [32mVERBOSE[0m Callback method :onPanelClosed in Class android.support.v4.app.h added
[WARNING] [32mVERBOSE[0m Callback method :onConfigurationChanged in Class android.support.v4.app.h added
[WARNING] [32mVERBOSE[0m Callback method :onMenuItemSelected in Class android.support.v4.app.h added
[WARNING] [32mVERBOSE[0m Callback method :onBackPressed in Class android.support.v4.app.h added
[WARNING] [32mVERBOSE[0m Callback method :onRetainNonConfigurationInstance in Class android.support.v4.app.h added
[WARNING] [32mVERBOSE[0m Callback method :onNewIntent in Class android.support.v4.app.h added
[WARNING] [32mVERBOSE[0m Callback method :onPause in Class android.support.v4.app.h added
[WARNING] [32mVERBOSE[0m Callback method :onStop in Class android.support.v4.app.h added
[WARNING] [32mVERBOSE[0m Callback method :onCreatePanelMenu in Class android.support.v4.app.h added
[WARNING] [32mVERBOSE[0m Callback method :dump in Class android.support.v4.app.h added
[WARNING] [32mVERBOSE[0m Callback method :onCreate in Class org.pyload.android.client.RemoteSettings added
[WARNING] [32mVERBOSE[0m Callback method :onCreateView in Class android.support.v4.app.h added
[WARNING] [32mVERBOSE[0m Callback method :onDestroy in Class android.support.v4.app.h added
[WARNING] [32mVERBOSE[0m Callback method :onPreparePanel in Class android.support.v4.app.h added
[WARNING] [32mVERBOSE[0m Callback method :onStart in Class android.support.v4.app.h added
[WARNING] [32mVERBOSE[0m Callback method :onSaveInstanceState in Class android.support.v4.app.h added
[WARNING] [32mVERBOSE[0m Callback method :startActivityForResult in Class android.support.v4.app.h added
[WARNING] [32mVERBOSE[0m Callback method :onActivityResult in Class android.support.v4.app.h added
[WARNING] [32mVERBOSE[0m Callback method :onOptionsItemSelected in Class org.pyload.android.client.RemoteSettings added
[WARNING] [32mVERBOSE[0m Callback method :onPostResume in Class android.support.v4.app.h added
[WARNING] [32mVERBOSE[0m Callback method :onResume in Class android.support.v4.app.h added
[WARNING] [32mVERBOSE[0m Callback method :onLowMemory in Class android.support.v4.app.h added
[WARNING] [32mVERBOSE[0m Callback method :onRestoreInstanceState in Class android.support.v4.app.FragmentTabHost added
[WARNING] [32mVERBOSE[0m Callback method :onTabChanged in Class android.support.v4.app.FragmentTabHost added
[WARNING] [32mVERBOSE[0m Callback method :setOnTabChangedListener in Class android.support.v4.app.FragmentTabHost added
[WARNING] [32mVERBOSE[0m Callback method :onSaveInstanceState in Class android.support.v4.app.FragmentTabHost added
[WARNING] [32mVERBOSE[0m Callback method :onDetachedFromWindow in Class android.support.v4.app.FragmentTabHost added
[WARNING] [32mVERBOSE[0m Callback method :onAttachedToWindow in Class android.support.v4.app.FragmentTabHost added
[WARNING] [32mVERBOSE[0m Callback method :setup in Class android.support.v4.app.FragmentTabHost added
[WARNING] [32mVERBOSE[0m Callback method :onLowMemory in Class android.support.v4.app.Fragment added
[WARNING] [32mVERBOSE[0m Callback method :onChildClick in Class org.pyload.android.client.fragments.AbstractPackageFragment added
[WARNING] [32mVERBOSE[0m Callback method :onCreateContextMenu in Class org.pyload.android.client.fragments.AbstractPackageFragment added
[WARNING] [32mVERBOSE[0m Callback method :onGroupCollapse in Class org.pyload.android.client.components.ExpandableListFragment added
[WARNING] [32mVERBOSE[0m Callback method :onGroupExpand in Class org.pyload.android.client.components.ExpandableListFragment added
[WARNING] [32mVERBOSE[0m Callback method :onConfigurationChanged in Class android.support.v4.app.Fragment added
[WARNING] [32mVERBOSE[0m Callback method :onCreate in Class org.pyload.android.client.AddLinksActivity added
[WARNING] [32mVERBOSE[0m Callback method :onStart in Class org.pyload.android.client.AddLinksActivity added
[WARNING] [32mVERBOSE[0m Callback method :onActivityResult in Class org.pyload.android.client.AddLinksActivity added
[WARNING] [32mVERBOSE[0m Callback method :onOptionsItemSelected in Class org.pyload.android.client.AddLinksActivity added
[WARNING] [32mVERBOSE[0m Callback method :onLowMemory in Class android.support.v4.app.Fragment added
[WARNING] [32mVERBOSE[0m Callback method :onCreateContextMenu in Class android.support.v4.app.Fragment added
[WARNING] [32mVERBOSE[0m Callback method :onConfigurationChanged in Class android.support.v4.app.Fragment added
[WARNING] [32mVERBOSE[0m Callback method :onLowMemory in Class android.support.v4.app.Fragment added
[WARNING] [32mVERBOSE[0m Callback method :onChildClick in Class org.pyload.android.client.fragments.AbstractPackageFragment added
[WARNING] [32mVERBOSE[0m Callback method :onCreateContextMenu in Class org.pyload.android.client.fragments.AbstractPackageFragment added
[WARNING] [32mVERBOSE[0m Callback method :onGroupCollapse in Class org.pyload.android.client.components.ExpandableListFragment added
[WARNING] [32mVERBOSE[0m Callback method :onGroupExpand in Class org.pyload.android.client.components.ExpandableListFragment added
[WARNING] [32mVERBOSE[0m Callback method :onConfigurationChanged in Class android.support.v4.app.Fragment added
[WARNING] [32mVERBOSE[0m Callback method :generateLayoutParams in Class android.support.v4.view.ViewPager added
[WARNING] [32mVERBOSE[0m Callback method :draw in Class android.support.v4.view.ViewPager added
[WARNING] [32mVERBOSE[0m Callback method :onRestoreInstanceState in Class android.support.v4.view.ViewPager added
[WARNING] [32mVERBOSE[0m Callback method :onRequestFocusInDescendants in Class android.support.v4.view.ViewPager added
[WARNING] [32mVERBOSE[0m Callback method :generateDefaultLayoutParams in Class android.support.v4.view.ViewPager added
[WARNING] [32mVERBOSE[0m Callback method :onMeasure in Class android.support.v4.view.ViewPager added
[WARNING] [32mVERBOSE[0m Callback method :addView in Class android.support.v4.view.ViewPager added
[WARNING] [32mVERBOSE[0m Callback method :onSaveInstanceState in Class android.support.v4.view.ViewPager added
[WARNING] [32mVERBOSE[0m Callback method :onLayout in Class android.support.v4.view.ViewPager added
[WARNING] [32mVERBOSE[0m Callback method :onTouchEvent in Class android.support.v4.view.ViewPager added
[WARNING] [32mVERBOSE[0m Callback method :addTouchables in Class android.support.v4.view.ViewPager added
[WARNING] [32mVERBOSE[0m Callback method :onDetachedFromWindow in Class android.support.v4.view.ViewPager added
[WARNING] [32mVERBOSE[0m Callback method :computeScroll in Class android.support.v4.view.ViewPager added
[WARNING] [32mVERBOSE[0m Callback method :onAttachedToWindow in Class android.support.v4.view.ViewPager added
[WARNING] [32mVERBOSE[0m Callback method :onInterceptTouchEvent in Class android.support.v4.view.ViewPager added
[WARNING] [32mVERBOSE[0m Callback method :verifyDrawable in Class android.support.v4.view.ViewPager added
[WARNING] [32mVERBOSE[0m Callback method :dispatchPopulateAccessibilityEvent in Class android.support.v4.view.ViewPager added
[WARNING] [32mVERBOSE[0m Callback method :onSizeChanged in Class android.support.v4.view.ViewPager added
[WARNING] [32mVERBOSE[0m Callback method :dispatchKeyEvent in Class android.support.v4.view.ViewPager added
[WARNING] [32mVERBOSE[0m Callback method :addFocusables in Class android.support.v4.view.ViewPager added
[WARNING] [32mVERBOSE[0m Callback method :onDraw in Class android.support.v4.view.ViewPager added
[WARNING] [32mVERBOSE[0m Callback method :generateLayoutParams in Class android.support.v4.view.ViewPager added
[WARNING] [32mVERBOSE[0m Callback method :drawableStateChanged in Class android.support.v4.view.ViewPager added
[WARNING] [32mVERBOSE[0m Callback method :getChildDrawingOrder in Class android.support.v4.view.ViewPager added
[WARNING] [32mVERBOSE[0m Callback method :checkLayoutParams in Class android.support.v4.view.ViewPager added
0 ICC links found and 0 cg edges added due to ICC links
dynamic conflated call graph: 567 methods; 567 nodes; 683 edges.
maxpossibleFlows=1
maxpossibleFlows=3
maxpossibleFlows=3
maxpossibleFlows=3
maxpossibleFlows=3
maxpossibleFlows=3
maxpossibleFlows=3
3 taint flow paths FOUND from <android.content.ContextWrapper: android.content.res.AssetManager getAssets()> to <android.content.res.AssetManager: java.io.InputStream open(java.lang.String)>
maxpossibleFlows=3
maxpossibleFlows=3
maxpossibleFlows=3
maxpossibleFlows=3
maxpossibleFlows=3
maxpossibleFlows=3
maxpossibleFlows=3
maxpossibleFlows=3
3 taint flow paths FOUND from <android.content.ContextWrapper: android.content.SharedPreferences getSharedPreferences(java.lang.String,int)> to <android.app.AlertDialog$Builder: android.app.AlertDialog$Builder setTitle(int)>
maxpossibleFlows=2
maxpossibleFlows=3
maxpossibleFlows=3
maxpossibleFlows=3
maxpossibleFlows=3
maxpossibleFlows=3
maxpossibleFlows=3
maxpossibleFlows=6
4 taint flow paths FOUND from <android.view.ContextThemeWrapper: android.content.res.Resources getResources()> to <android.util.Log: int d(java.lang.String,java.lang.String)>
maxpossibleFlows=1
1 taint flow paths FOUND from <java.lang.Class: java.lang.String getSimpleName()> to <android.util.Log: int i(java.lang.String,java.lang.String)>
maxpossibleFlows=1
1 taint flow paths FOUND from <java.util.StringTokenizer: java.lang.String nextToken()> to <android.util.Log: int i(java.lang.String,java.lang.String)>
maxpossibleFlows=1
maxpossibleFlows=3
maxpossibleFlows=4
maxpossibleFlows=3
maxpossibleFlows=3
maxpossibleFlows=3
maxpossibleFlows=3
maxpossibleFlows=2
maxpossibleFlows=2
maxpossibleFlows=3
maxpossibleFlows=3
maxpossibleFlows=3
maxpossibleFlows=3
maxpossibleFlows=3
maxpossibleFlows=3
maxpossibleFlows=3
maxpossibleFlows=3
maxpossibleFlows=3
maxpossibleFlows=3
maxpossibleFlows=2
maxpossibleFlows=2
maxpossibleFlows=3
maxpossibleFlows=3
maxpossibleFlows=3
maxpossibleFlows=3
maxpossibleFlows=3
maxpossibleFlows=3
maxpossibleFlows=3
maxpossibleFlows=3
maxpossibleFlows=3
maxpossibleFlows=2
maxpossibleFlows=3
maxpossibleFlows=3
maxpossibleFlows=3
maxpossibleFlows=4
maxpossibleFlows=3
maxpossibleFlows=3
maxpossibleFlows=3
maxpossibleFlows=3
maxpossibleFlows=3
maxpossibleFlows=3
maxpossibleFlows=2
maxpossibleFlows=2
maxpossibleFlows=3
maxpossibleFlows=3
maxpossibleFlows=3
maxpossibleFlows=3
maxpossibleFlows=3
maxpossibleFlows=3
maxpossibleFlows=3
maxpossibleFlows=3
maxpossibleFlows=4
maxpossibleFlows=3
maxpossibleFlows=3
maxpossibleFlows=3
maxpossibleFlows=3
maxpossibleFlows=2
maxpossibleFlows=3
maxpossibleFlows=2
maxpossibleFlows=3
maxpossibleFlows=3
maxpossibleFlows=3
maxpossibleFlows=3
maxpossibleFlows=3
maxpossibleFlows=3
maxpossibleFlows=6
3 taint flow paths FOUND from <android.content.res.Resources: android.graphics.drawable.Drawable getDrawable(int)> to <android.util.Log: int d(java.lang.String,java.lang.String)>
maxpossibleFlows=3
maxpossibleFlows=3
maxpossibleFlows=3
maxpossibleFlows=3
maxpossibleFlows=3
maxpossibleFlows=3
maxpossibleFlows=3
maxpossibleFlows=5
maxpossibleFlows=3
maxpossibleFlows=3
maxpossibleFlows=3
maxpossibleFlows=3
maxpossibleFlows=3
maxpossibleFlows=3
maxpossibleFlows=6
maxpossibleFlows=1
1 taint flow paths FOUND from <java.util.AbstractMap: java.lang.Object get(java.lang.Object)> to <android.util.Log: int i(java.lang.String,java.lang.String)>
maxpossibleFlows=3
maxpossibleFlows=3
maxpossibleFlows=3
maxpossibleFlows=3
maxpossibleFlows=3
maxpossibleFlows=3
maxpossibleFlows=3
maxpossibleFlows=3
maxpossibleFlows=2
maxpossibleFlows=3
maxpossibleFlows=2
maxpossibleFlows=3
maxpossibleFlows=3
maxpossibleFlows=3
maxpossibleFlows=3
maxpossibleFlows=3
maxpossibleFlows=3
maxpossibleFlows=1
1 taint flow paths FOUND from <java.lang.StringBuilder: java.lang.String toString()> to <android.util.Log: int i(java.lang.String,java.lang.String)>
maxpossibleFlows=3
maxpossibleFlows=3
maxpossibleFlows=3
maxpossibleFlows=3
maxpossibleFlows=3
maxpossibleFlows=3
maxpossibleFlows=3
maxpossibleFlows=3
maxpossibleFlows=3
maxpossibleFlows=3
maxpossibleFlows=3
maxpossibleFlows=3
maxpossibleFlows=3
maxpossibleFlows=3
maxpossibleFlows=3
maxpossibleFlows=3
maxpossibleFlows=3
maxpossibleFlows=3
maxpossibleFlows=3
maxpossibleFlows=3
maxpossibleFlows=3
maxpossibleFlows=3
maxpossibleFlows=3
maxpossibleFlows=3
maxpossibleFlows=3
maxpossibleFlows=3
maxpossibleFlows=3
maxpossibleFlows=3
maxpossibleFlows=3
maxpossibleFlows=3
maxpossibleFlows=3
maxpossibleFlows=3
maxpossibleFlows=3
maxpossibleFlows=3
maxpossibleFlows=3
maxpossibleFlows=3
maxpossibleFlows=3
maxpossibleFlows=3
maxpossibleFlows=3
maxpossibleFlows=3
maxpossibleFlows=3
maxpossibleFlows=3
maxpossibleFlows=3
maxpossibleFlows=3
maxpossibleFlows=3
3 taint flow paths FOUND from <android.widget.TabHost: int getCurrentTab()> to <android.support.v4.view.ViewPager: void setCurrentItem(int)>
maxpossibleFlows=3
maxpossibleFlows=3
maxpossibleFlows=3
maxpossibleFlows=3
maxpossibleFlows=4
maxpossibleFlows=3
maxpossibleFlows=3
maxpossibleFlows=3
maxpossibleFlows=3
maxpossibleFlows=2
maxpossibleFlows=2
maxpossibleFlows=3
maxpossibleFlows=4
maxpossibleFlows=3
maxpossibleFlows=3
maxpossibleFlows=3
maxpossibleFlows=3
maxpossibleFlows=2
maxpossibleFlows=3
maxpossibleFlows=3
maxpossibleFlows=3
maxpossibleFlows=3
maxpossibleFlows=3
maxpossibleFlows=3
maxpossibleFlows=3
maxpossibleFlows=3
maxpossibleFlows=3
maxpossibleFlows=3
maxpossibleFlows=3
maxpossibleFlows=3
maxpossibleFlows=3
maxpossibleFlows=3
maxpossibleFlows=3
maxpossibleFlows=3
maxpossibleFlows=3
maxpossibleFlows=3
maxpossibleFlows=3
maxpossibleFlows=3
maxpossibleFlows=3
maxpossibleFlows=3
maxpossibleFlows=6
3 taint flow paths FOUND from <android.content.Context: java.lang.String getString(int)> to <android.util.Log: int d(java.lang.String,java.lang.String)>
maxpossibleFlows=3
maxpossibleFlows=3
maxpossibleFlows=3
3 taint flow paths FOUND from <android.content.ContextWrapper: android.content.SharedPreferences getSharedPreferences(java.lang.String,int)> to <android.app.AlertDialog$Builder: android.app.AlertDialog$Builder setTitle(int)>
maxpossibleFlows=1
maxpossibleFlows=1
maxpossibleFlows=3
3 taint flow paths FOUND from <android.widget.TabHost: int getCurrentTab()> to <android.support.v4.view.ViewPager: void setCurrentItem(int)>
maxpossibleFlows=5
maxpossibleFlows=3
maxpossibleFlows=3
maxpossibleFlows=3
maxpossibleFlows=3
maxpossibleFlows=3
maxpossibleFlows=3
maxpossibleFlows=3
maxpossibleFlows=3
maxpossibleFlows=3
maxpossibleFlows=2
maxpossibleFlows=3
maxpossibleFlows=4
maxpossibleFlows=3
maxpossibleFlows=2
maxpossibleFlows=2
maxpossibleFlows=3
maxpossibleFlows=2
maxpossibleFlows=4
maxpossibleFlows=3
maxpossibleFlows=4
maxpossibleFlows=2
maxpossibleFlows=3
maxpossibleFlows=3
maxpossibleFlows=3
maxpossibleFlows=3
maxpossibleFlows=2
maxpossibleFlows=2
maxpossibleFlows=3
maxpossibleFlows=3
maxpossibleFlows=3
maxpossibleFlows=3
maxpossibleFlows=3
maxpossibleFlows=2
maxpossibleFlows=4
maxpossibleFlows=4
maxpossibleFlows=3
maxpossibleFlows=3
maxpossibleFlows=3
maxpossibleFlows=3
maxpossibleFlows=3
maxpossibleFlows=3
maxpossibleFlows=3
maxpossibleFlows=3
maxpossibleFlows=3
maxpossibleFlows=3
maxpossibleFlows=3
maxpossibleFlows=3
maxpossibleFlows=3
maxpossibleFlows=3
maxpossibleFlows=3
maxpossibleFlows=3
maxpossibleFlows=3
maxpossibleFlows=3
3 taint flow paths FOUND from <android.content.ContextWrapper: android.content.SharedPreferences getSharedPreferences(java.lang.String,int)> to <android.app.AlertDialog$Builder: android.app.AlertDialog$Builder setPositiveButton(int,android.content.DialogInterface$OnClickListener)>
maxpossibleFlows=3
maxpossibleFlows=3
maxpossibleFlows=3
maxpossibleFlows=3
maxpossibleFlows=3
maxpossibleFlows=3
maxpossibleFlows=3
maxpossibleFlows=3
maxpossibleFlows=3
maxpossibleFlows=3
maxpossibleFlows=3
maxpossibleFlows=3
maxpossibleFlows=3
maxpossibleFlows=3
maxpossibleFlows=3
maxpossibleFlows=3
maxpossibleFlows=3
maxpossibleFlows=3
maxpossibleFlows=3
maxpossibleFlows=3
maxpossibleFlows=3
maxpossibleFlows=3
maxpossibleFlows=3
maxpossibleFlows=3
maxpossibleFlows=3
maxpossibleFlows=3
maxpossibleFlows=3
maxpossibleFlows=3
3 taint flow paths FOUND from <android.content.ContextWrapper: android.content.SharedPreferences getSharedPreferences(java.lang.String,int)> to <android.app.AlertDialog$Builder: android.app.AlertDialog$Builder setNegativeButton(int,android.content.DialogInterface$OnClickListener)>
maxpossibleFlows=3
3 taint flow paths FOUND from <android.content.ContextWrapper: android.content.res.AssetManager getAssets()> to <android.content.res.AssetManager: java.io.InputStream open(java.lang.String)>
maxpossibleFlows=2
maxpossibleFlows=3
maxpossibleFlows=2
maxpossibleFlows=2
maxpossibleFlows=3
maxpossibleFlows=3
maxpossibleFlows=2
maxpossibleFlows=2
maxpossibleFlows=3
maxpossibleFlows=3
maxpossibleFlows=3
maxpossibleFlows=6
4 taint flow paths FOUND from <android.view.ContextThemeWrapper: android.content.res.Resources getResources()> to <android.util.Log: int d(java.lang.String,java.lang.String)>
maxpossibleFlows=1
1 taint flow paths FOUND from <java.lang.Class: java.lang.String getSimpleName()> to <android.util.Log: int i(java.lang.String,java.lang.String)>
maxpossibleFlows=3
maxpossibleFlows=3
maxpossibleFlows=3
[WARNING] [32mVERBOSE[0m Callback method :<init> in Class android.support.v4.app.Fragment
[WARNING] [32mVERBOSE[0m Callback method :onConfigurationChanged in Class android.support.v4.app.Fragment
[WARNING] [32mVERBOSE[0m Callback method :onCreateContextMenu in Class android.support.v4.app.Fragment
[WARNING] [32mVERBOSE[0m Callback method :onLowMemory in Class android.support.v4.app.Fragment
[WARNING] [32mVERBOSE[0m Callback method :onAttachedToWindow in Class android.support.v4.app.FragmentTabHost
[WARNING] [32mVERBOSE[0m Callback method :onDetachedFromWindow in Class android.support.v4.app.FragmentTabHost
[WARNING] [32mVERBOSE[0m Callback method :onRestoreInstanceState in Class android.support.v4.app.FragmentTabHost
[WARNING] [32mVERBOSE[0m Callback method :onSaveInstanceState in Class android.support.v4.app.FragmentTabHost
[WARNING] [32mVERBOSE[0m Callback method :onTabChanged in Class android.support.v4.app.FragmentTabHost
[WARNING] [32mVERBOSE[0m Callback method :setOnTabChangedListener in Class android.support.v4.app.FragmentTabHost
[WARNING] [32mVERBOSE[0m Callback method :setup in Class android.support.v4.app.FragmentTabHost
[WARNING] [32mVERBOSE[0m Callback method :<init> in Class android.support.v4.app.d
[WARNING] [32mVERBOSE[0m Callback method :onCancel in Class android.support.v4.app.d
[WARNING] [32mVERBOSE[0m Callback method :onDismiss in Class android.support.v4.app.d
[WARNING] [32mVERBOSE[0m Callback method :<init> in Class org.pyload.android.client.components.ExpandableListFragment
[WARNING] [32mVERBOSE[0m Callback method :onChildClick in Class org.pyload.android.client.components.ExpandableListFragment
[WARNING] [32mVERBOSE[0m Callback method :onCreateContextMenu in Class org.pyload.android.client.components.ExpandableListFragment
[WARNING] [32mVERBOSE[0m Callback method :onGroupCollapse in Class org.pyload.android.client.components.ExpandableListFragment
[WARNING] [32mVERBOSE[0m Callback method :onGroupExpand in Class org.pyload.android.client.components.ExpandableListFragment
[WARNING] [32mVERBOSE[0m Callback method :<init> in Class org.pyload.android.client.components.FixedExpandableListActivity
[WARNING] [32mVERBOSE[0m Callback method :onChildClick in Class org.pyload.android.client.components.FixedExpandableListActivity
[WARNING] [32mVERBOSE[0m Callback method :onContentChanged in Class org.pyload.android.client.components.FixedExpandableListActivity
[WARNING] [32mVERBOSE[0m Callback method :onCreateContextMenu in Class org.pyload.android.client.components.FixedExpandableListActivity
[WARNING] [32mVERBOSE[0m Callback method :onGroupCollapse in Class org.pyload.android.client.components.FixedExpandableListActivity
[WARNING] [32mVERBOSE[0m Callback method :onGroupExpand in Class org.pyload.android.client.components.FixedExpandableListActivity
[WARNING] [32mVERBOSE[0m Callback method :onRestoreInstanceState in Class org.pyload.android.client.components.FixedExpandableListActivity
[WARNING] [32mVERBOSE[0m Callback method :<init> in Class org.pyload.android.client.fragments.OverviewFragment
[WARNING] [32mVERBOSE[0m Callback method :onCreateContextMenu in Class org.pyload.android.client.fragments.OverviewFragment
[WARNING] [32mVERBOSE[0m Callback method :onDismiss in Class org.pyload.android.client.fragments.OverviewFragment
Result for benign-app-5-083E11AB8280522404D62963B6118DE52D81333D8640C876244687FD1FEC065D.apkorg.pyload.android.client