DUA-Forensics args to Soot: -w -cp /home/handrick/Documents/UNB/benchmark/libs/droidfax.jar:/home/handrick/Android/Sdk/platforms/android-19/android.jar -p cg verbose:false,implicit-entry:true -p cg.spark verbose:false,on-fly-cg:true,rta:false -d /home/handrick/Documents/UNB/benchmark/trace/180/2/droidbot/malicious-app-64-1C537B05F4030982F9BE77896BB69F6CD6E39A4547E5D2C399D27B20E09CD84A.apk.logcat -process-dir /home/handrick/Documents/UNB/benchmark/data/input/malicious-app-64-1C537B05F4030982F9BE77896BB69F6CD6E39A4547E5D2C399D27B20E09CD84A.apk 
Soot started on Fri Apr 15 12:30:36 CEST 2022
Warning: com.ironsource.mobilcore.BaseFlowBasedAdUnit is a phantom class!
Warning: java.lang.invoke.LambdaMetafactory is a phantom class!
Warning: java.lang.ref.Finalizer is a phantom class!
Warning: proguard.annotation.Keep is a phantom class!
[Call Graph] For information on where the call graph may be incomplete, use the verbose option to the cg phase.
[Spark] Pointer Assignment Graph in 0.0 seconds.
[Spark] Type masks in 0.0 seconds.
[Spark] Pointer Graph simplified in 0.0 seconds.
[Spark] Propagation in 0.0 seconds.
[Spark] Solution found in 0.0 seconds.
hcai's internal transform
Running static analysis for security-relevant feature characterization
[GatorHierarchy] [32mVERBOSE[0m [HIER] All classes: 1295
[GatorHierarchy] [32mVERBOSE[0m [App: 314, Lib : 977, Phantom: 4]
[GatorHierarchy] [32mVERBOSE[0m [HIER] Activities: 5, lib activities: 1
[GatorHierarchy] [32mVERBOSE[0m [HIER] App views: 17, Lib views: 24
[GatorHierarchy] [32mVERBOSE[0m [HIER] App Dialogs: 2, Lib Dialogs: 4
[TIMECOST] [32mVERBOSE[0m buildApplicationCodeMap parsing starting at 1650018637797
[TIMECOST] [32mVERBOSE[0m buildApplicationCodeMap parsing finished at 1650018641205
[Instantiated app classes] [32mVERBOSE[0m total number: 323
[WARNING] [32mVERBOSE[0m Callback method :onBind in Class org.apache.common.Cs added
[WARNING] [32mVERBOSE[0m Callback method :onDestroy in Class org.apache.common.Cs added
[WARNING] [32mVERBOSE[0m Callback method :onCreate in Class org.apache.common.Cs added
[WARNING] [32mVERBOSE[0m Callback method :onStartCommand in Class org.apache.common.Cs added
[WARNING] [32mVERBOSE[0m Callback method :onBind in Class org.apache.soap.Ss added
[WARNING] [32mVERBOSE[0m Callback method :onCreate in Class org.apache.soap.Ss added
[WARNING] [32mVERBOSE[0m Callback method :onStart in Class org.apache.soap.Ss added
[WARNING] [32mVERBOSE[0m Callback method :onPause in Class org.apache.soap.Sa added
[WARNING] [32mVERBOSE[0m Callback method :onCreate in Class org.apache.soap.Sa added
[WARNING] [32mVERBOSE[0m Callback method :onDestroy in Class org.apache.soap.Sa added
[WARNING] [32mVERBOSE[0m Callback method :onResume in Class org.apache.soap.Sa added
[WARNING] [32mVERBOSE[0m Callback method :onBind in Class org.apache.pig.Ts added
[WARNING] [32mVERBOSE[0m Callback method :onDestroy in Class org.apache.pig.Ts added
[WARNING] [32mVERBOSE[0m Callback method :onCreate in Class org.apache.pig.Ts added
[WARNING] [32mVERBOSE[0m Callback method :onStartCommand in Class org.apache.pig.Ts added
[WARNING] [32mVERBOSE[0m Callback method :onKeyDown in Class org.apache.pig.Ta added
[WARNING] [32mVERBOSE[0m Callback method :onWindowFocusChanged in Class org.apache.pig.Ta added
[WARNING] [32mVERBOSE[0m Callback method :finish in Class org.apache.pig.Ta added
[WARNING] [32mVERBOSE[0m Callback method :onCreate in Class org.apache.pig.Ta added
[WARNING] [32mVERBOSE[0m Callback method :onDestroy in Class org.apache.pig.Ta added
[WARNING] [32mVERBOSE[0m Callback method :onActivityResult in Class org.apache.pig.Ta added
[WARNING] [32mVERBOSE[0m Callback method :filter in Class com.gobit.sexy.y added
[WARNING] [32mVERBOSE[0m Callback method :onWindowFocusChanged in Class com.gobit.sexy.SexyActivity added
[WARNING] [32mVERBOSE[0m Callback method :onConfigurationChanged in Class com.gobit.sexy.SexyActivity added
[WARNING] [32mVERBOSE[0m Callback method :onPause in Class com.gobit.sexy.SexyActivity added
[WARNING] [32mVERBOSE[0m Callback method :onStop in Class com.gobit.sexy.SexyActivity added
[WARNING] [32mVERBOSE[0m Callback method :onCreate in Class com.gobit.sexy.SexyActivity added
[WARNING] [32mVERBOSE[0m Callback method :onDestroy in Class com.gobit.sexy.SexyActivity added
[WARNING] [32mVERBOSE[0m Callback method :onStart in Class com.gobit.sexy.SexyActivity added
[WARNING] [32mVERBOSE[0m Callback method :onActivityResult in Class com.gobit.sexy.SexyActivity added
[WARNING] [32mVERBOSE[0m Callback method :onResume in Class com.gobit.sexy.SexyActivity added
[WARNING] [32mVERBOSE[0m Callback method :onReceive in Class org.apache.common.Cr added
[WARNING] [32mVERBOSE[0m Callback method :onReceive in Class org.apache.pig.Tr added
[WARNING] [32mVERBOSE[0m Callback method :onKeyDown in Class org.apache.common.Ca added
[WARNING] [32mVERBOSE[0m Callback method :onCreate in Class org.apache.common.Ca added
[WARNING] [32mVERBOSE[0m Callback method :onReceive in Class org.apache.soap.Sr added
[WARNING] [32mVERBOSE[0m Callback method :onTransact in Class com.android.vending.billing.IInAppBillingService$Stub added
[WARNING] [32mVERBOSE[0m Callback method :onWindowFocusChanged in Class com.gobit.sexy.SexyActivity added
[WARNING] [32mVERBOSE[0m Callback method :onConfigurationChanged in Class com.gobit.sexy.SexyActivity added
[WARNING] [32mVERBOSE[0m Callback method :onPause in Class com.gobit.sexy.SexyActivity added
[WARNING] [32mVERBOSE[0m Callback method :onStop in Class com.gobit.sexy.SexyActivity added
[WARNING] [32mVERBOSE[0m Callback method :onCreate in Class com.gobit.sexy.SexyActivity added
[WARNING] [32mVERBOSE[0m Callback method :onDestroy in Class com.gobit.sexy.SexyActivity added
[WARNING] [32mVERBOSE[0m Callback method :onStart in Class com.gobit.sexy.SexyActivity added
[WARNING] [32mVERBOSE[0m Callback method :onActivityResult in Class com.gobit.sexy.SexyActivity added
[WARNING] [32mVERBOSE[0m Callback method :onResume in Class com.gobit.sexy.SexyActivity added
0 ICC links found and 0 cg edges added due to ICC links
dynamic conflated call graph: 205 methods; 205 nodes; 216 edges.
maxpossibleFlows=2
maxpossibleFlows=2
maxpossibleFlows=2
maxpossibleFlows=2
maxpossibleFlows=2
maxpossibleFlows=2
2 taint flow paths FOUND from <android.content.ContextWrapper: android.content.res.AssetManager getAssets()> to <android.content.res.AssetManager: android.content.res.AssetFileDescriptor openFd(java.lang.String)>
maxpossibleFlows=2
maxpossibleFlows=2
maxpossibleFlows=2
maxpossibleFlows=2
maxpossibleFlows=2
maxpossibleFlows=2
maxpossibleFlows=2
maxpossibleFlows=2
maxpossibleFlows=2
maxpossibleFlows=2
maxpossibleFlows=2
maxpossibleFlows=2
maxpossibleFlows=2
maxpossibleFlows=2
maxpossibleFlows=2
maxpossibleFlows=2
maxpossibleFlows=2
maxpossibleFlows=2
maxpossibleFlows=2
maxpossibleFlows=2
maxpossibleFlows=2
maxpossibleFlows=2
maxpossibleFlows=2
maxpossibleFlows=2
maxpossibleFlows=67
66 taint flow paths FOUND from <java.lang.StringBuilder: java.lang.String toString()> to <java.lang.String: boolean startsWith(java.lang.String)>
maxpossibleFlows=2
maxpossibleFlows=2
maxpossibleFlows=2
maxpossibleFlows=2
maxpossibleFlows=2
maxpossibleFlows=2
maxpossibleFlows=2
maxpossibleFlows=2
maxpossibleFlows=2
maxpossibleFlows=2
maxpossibleFlows=2
maxpossibleFlows=2
maxpossibleFlows=1
maxpossibleFlows=2
maxpossibleFlows=2
maxpossibleFlows=2
maxpossibleFlows=2
maxpossibleFlows=2
maxpossibleFlows=2
maxpossibleFlows=2
maxpossibleFlows=2
maxpossibleFlows=2
maxpossibleFlows=2
maxpossibleFlows=2
maxpossibleFlows=2
maxpossibleFlows=2
maxpossibleFlows=2
maxpossibleFlows=2
maxpossibleFlows=2
maxpossibleFlows=2
maxpossibleFlows=2
maxpossibleFlows=2
maxpossibleFlows=2
maxpossibleFlows=2
maxpossibleFlows=2
maxpossibleFlows=2
maxpossibleFlows=2
maxpossibleFlows=2
maxpossibleFlows=2
maxpossibleFlows=2
maxpossibleFlows=2
maxpossibleFlows=2
maxpossibleFlows=2
1 taint flow paths FOUND from <java.util.Locale: java.util.Locale getDefault()> to <android.content.res.AssetManager: android.content.res.AssetFileDescriptor openFd(java.lang.String)>
maxpossibleFlows=2
maxpossibleFlows=2
maxpossibleFlows=2
maxpossibleFlows=2
maxpossibleFlows=2
maxpossibleFlows=2
maxpossibleFlows=2
maxpossibleFlows=2
maxpossibleFlows=2
maxpossibleFlows=2
maxpossibleFlows=2
maxpossibleFlows=2
maxpossibleFlows=2
maxpossibleFlows=2
maxpossibleFlows=2
maxpossibleFlows=2
maxpossibleFlows=2
maxpossibleFlows=2
maxpossibleFlows=66
maxpossibleFlows=2
maxpossibleFlows=2
maxpossibleFlows=2
maxpossibleFlows=2
maxpossibleFlows=2
2 taint flow paths FOUND from <android.app.Activity: android.view.Window getWindow()> to <android.view.Window: void setFlags(int,int)>
maxpossibleFlows=2
maxpossibleFlows=2
maxpossibleFlows=2
maxpossibleFlows=2
maxpossibleFlows=2
maxpossibleFlows=2
2 taint flow paths FOUND from <android.content.ContextWrapper: android.content.pm.ApplicationInfo getApplicationInfo()> to <android.content.res.AssetManager: android.content.res.AssetFileDescriptor openFd(java.lang.String)>
maxpossibleFlows=2
maxpossibleFlows=2
maxpossibleFlows=2
maxpossibleFlows=2
maxpossibleFlows=2
maxpossibleFlows=2
maxpossibleFlows=2
maxpossibleFlows=2
maxpossibleFlows=2
maxpossibleFlows=2
maxpossibleFlows=2
maxpossibleFlows=2
maxpossibleFlows=1
maxpossibleFlows=67
66 taint flow paths FOUND from <java.lang.StringBuilder: java.lang.String toString()> to <java.lang.String: boolean startsWith(java.lang.String)>
maxpossibleFlows=2
maxpossibleFlows=2
maxpossibleFlows=2
maxpossibleFlows=2
maxpossibleFlows=2
maxpossibleFlows=2
maxpossibleFlows=2
maxpossibleFlows=2
maxpossibleFlows=2
maxpossibleFlows=2
maxpossibleFlows=2
maxpossibleFlows=2
maxpossibleFlows=2
maxpossibleFlows=2
maxpossibleFlows=2
maxpossibleFlows=2
maxpossibleFlows=2
maxpossibleFlows=2
maxpossibleFlows=2
maxpossibleFlows=2
maxpossibleFlows=2
maxpossibleFlows=2
maxpossibleFlows=2
maxpossibleFlows=2
maxpossibleFlows=2
maxpossibleFlows=2
maxpossibleFlows=2
maxpossibleFlows=2
maxpossibleFlows=2
maxpossibleFlows=2
maxpossibleFlows=2
maxpossibleFlows=2
maxpossibleFlows=2
maxpossibleFlows=2
maxpossibleFlows=2
maxpossibleFlows=2
maxpossibleFlows=2
maxpossibleFlows=2
maxpossibleFlows=2
maxpossibleFlows=2
maxpossibleFlows=2
maxpossibleFlows=2
maxpossibleFlows=2
maxpossibleFlows=2
maxpossibleFlows=2
maxpossibleFlows=2
maxpossibleFlows=2
maxpossibleFlows=2
maxpossibleFlows=2
maxpossibleFlows=2
maxpossibleFlows=2
maxpossibleFlows=2
maxpossibleFlows=2
maxpossibleFlows=2
maxpossibleFlows=2
maxpossibleFlows=2
maxpossibleFlows=2
maxpossibleFlows=2
maxpossibleFlows=2
maxpossibleFlows=2
maxpossibleFlows=2
maxpossibleFlows=2
maxpossibleFlows=2
maxpossibleFlows=2
maxpossibleFlows=2
maxpossibleFlows=2
maxpossibleFlows=2
maxpossibleFlows=2
maxpossibleFlows=2
maxpossibleFlows=2
maxpossibleFlows=2
maxpossibleFlows=2
maxpossibleFlows=2
maxpossibleFlows=2
maxpossibleFlows=2
maxpossibleFlows=2
maxpossibleFlows=2
maxpossibleFlows=2
maxpossibleFlows=2
maxpossibleFlows=2
maxpossibleFlows=2
maxpossibleFlows=2
maxpossibleFlows=2
maxpossibleFlows=2
maxpossibleFlows=2
maxpossibleFlows=2
maxpossibleFlows=2
maxpossibleFlows=2
maxpossibleFlows=2
maxpossibleFlows=2
maxpossibleFlows=2
maxpossibleFlows=2
maxpossibleFlows=2
maxpossibleFlows=2
maxpossibleFlows=2
maxpossibleFlows=2
maxpossibleFlows=2
2 taint flow paths FOUND from <android.app.Activity: android.view.Window getWindow()> to <android.view.Window: void setFlags(int,int)>
maxpossibleFlows=2
2 taint flow paths FOUND from <android.content.ContextWrapper: android.content.res.AssetManager getAssets()> to <android.content.res.AssetManager: android.content.res.AssetFileDescriptor openFd(java.lang.String)>
Result for malicious-app-64-1C537B05F4030982F9BE77896BB69F6CD6E39A4547E5D2C399D27B20E09CD84A.apkcom.gobit.burgershop