DUA-Forensics args to Soot: -w -cp /home/handrick/Documents/UNB/benchmark/libs/droidfax.jar:/home/handrick/Android/Sdk/platforms/android-19/android.jar -p cg verbose:false,implicit-entry:true -p cg.spark verbose:false,on-fly-cg:true,rta:false -d /home/handrick/Documents/UNB/benchmark/trace/180/3/droidbot/benign-app-43-685F5CF0B0A6D11930B736D5407F52709FB6D6ED788C1F010F19D018292AD77D.apk.logcat -process-dir /home/handrick/Documents/UNB/benchmark/data/input/benign-app-43-685F5CF0B0A6D11930B736D5407F52709FB6D6ED788C1F010F19D018292AD77D.apk 
Soot started on Sat Apr 16 00:42:43 CEST 2022
Warning: com.ironsource.mobilcore.BaseFlowBasedAdUnit is a phantom class!
Warning: java.lang.invoke.LambdaMetafactory is a phantom class!
Warning: java.lang.ref.Finalizer is a phantom class!
[Call Graph] For information on where the call graph may be incomplete, use the verbose option to the cg phase.
[Spark] Pointer Assignment Graph in 0.1 seconds.
[Spark] Type masks in 0.0 seconds.
[Spark] Pointer Graph simplified in 0.0 seconds.
[Spark] Propagation in 0.0 seconds.
[Spark] Solution found in 0.0 seconds.
hcai's internal transform
Running static analysis for security-relevant feature characterization
[GatorHierarchy] [32mVERBOSE[0m [HIER] All classes: 878
[GatorHierarchy] [32mVERBOSE[0m [App: 119, Lib : 756, Phantom: 3]
[GatorHierarchy] [32mVERBOSE[0m [HIER] Activities: 7, lib activities: 1
[GatorHierarchy] [32mVERBOSE[0m [HIER] App views: 4, Lib views: 21
[GatorHierarchy] [32mVERBOSE[0m [HIER] App Dialogs: 0, Lib Dialogs: 4
[TIMECOST] [32mVERBOSE[0m buildApplicationCodeMap parsing starting at 1650062564363
second round from stmt: $u19#190 = $u19#189[$u8#61]
second round from stmt: $u19#190 = $u19#189[$u8#61]
array element type: (filled narr)int
array element type: (filled narr)int
array element type: (filled narr)int
[TIMECOST] [32mVERBOSE[0m buildApplicationCodeMap parsing finished at 1650062566176
[Instantiated app classes] [32mVERBOSE[0m total number: 129
[WARNING] [32mVERBOSE[0m Callback method :finish in Class com.omesoft.childhooddreams.ShowPicture added
[WARNING] [32mVERBOSE[0m Callback method :onCreate in Class com.omesoft.childhooddreams.ShowPicture added
[WARNING] [32mVERBOSE[0m Callback method :onDestroy in Class com.omesoft.childhooddreams.ShowPicture added
[WARNING] [32mVERBOSE[0m Callback method :onCreate in Class com.omesoft.childhooddreams.WebAbout added
[WARNING] [32mVERBOSE[0m Callback method :onCreateDialog in Class com.omesoft.childhooddreams.game.Jigsaw added
[WARNING] [32mVERBOSE[0m Callback method :finish in Class com.omesoft.childhooddreams.game.Jigsaw added
[WARNING] [32mVERBOSE[0m Callback method :onCreate in Class com.omesoft.childhooddreams.game.Jigsaw added
[WARNING] [32mVERBOSE[0m Callback method :onDestroy in Class com.omesoft.childhooddreams.game.Jigsaw added
[WARNING] [32mVERBOSE[0m Callback method :finish in Class com.omesoft.childhooddreams.First added
[WARNING] [32mVERBOSE[0m Callback method :onCreate in Class com.omesoft.childhooddreams.First added
[WARNING] [32mVERBOSE[0m Callback method :onDestroy in Class com.omesoft.childhooddreams.First added
[WARNING] [32mVERBOSE[0m Callback method :getItem in Class com.omesoft.childhooddreams.ShowAdapter added
[WARNING] [32mVERBOSE[0m Callback method :getView in Class com.omesoft.childhooddreams.ShowAdapter added
[WARNING] [32mVERBOSE[0m Callback method :getCount in Class com.omesoft.childhooddreams.ShowAdapter added
[WARNING] [32mVERBOSE[0m Callback method :getItemId in Class com.omesoft.childhooddreams.ShowAdapter added
[WARNING] [32mVERBOSE[0m Callback method :onCreate in Class com.omesoft.childhooddreams.Setting added
[WARNING] [32mVERBOSE[0m Callback method :onDestroy in Class com.omesoft.childhooddreams.Setting added
[WARNING] [32mVERBOSE[0m Callback method :onClick in Class com.omesoft.childhooddreams.Setting added
[WARNING] [32mVERBOSE[0m Callback method :finish in Class com.omesoft.childhooddreams.AddPic added
[WARNING] [32mVERBOSE[0m Callback method :onCreate in Class com.omesoft.childhooddreams.AddPic added
[WARNING] [32mVERBOSE[0m Callback method :onDestroy in Class com.omesoft.childhooddreams.AddPic added
[WARNING] [32mVERBOSE[0m Callback method :onCreate in Class com.omesoft.childhooddreams.ActivityMain added
0 ICC links found and 0 cg edges added due to ICC links
dynamic conflated call graph: 338 methods; 338 nodes; 485 edges.
maxpossibleFlows=10
maxpossibleFlows=5
maxpossibleFlows=4
maxpossibleFlows=5
maxpossibleFlows=1
maxpossibleFlows=1
maxpossibleFlows=1
maxpossibleFlows=4
maxpossibleFlows=1
maxpossibleFlows=1
maxpossibleFlows=1
maxpossibleFlows=1
maxpossibleFlows=1
maxpossibleFlows=1
maxpossibleFlows=1
1 taint flow paths FOUND from <android.graphics.Bitmap: int getHeight()> to <android.app.Activity: void setContentView(int)>
maxpossibleFlows=1
maxpossibleFlows=1
maxpossibleFlows=3
3 taint flow paths FOUND from <java.lang.reflect.Array: java.lang.Object newInstance(java.lang.Class,int[])> to <android.view.View: void setBackgroundColor(int)>
maxpossibleFlows=4
maxpossibleFlows=165
165 taint flow paths FOUND from <android.view.ContextThemeWrapper: android.content.res.Resources getResources()> to <android.content.res.Resources: java.io.InputStream openRawResource(int)>
maxpossibleFlows=2
maxpossibleFlows=1
maxpossibleFlows=69
69 taint flow paths FOUND from <java.text.DateFormat: java.lang.String format(java.util.Date)> to <android.util.Log: int i(java.lang.String,java.lang.String)>
maxpossibleFlows=1
maxpossibleFlows=1
maxpossibleFlows=1
maxpossibleFlows=1
maxpossibleFlows=41
maxpossibleFlows=15
maxpossibleFlows=6
maxpossibleFlows=5
maxpossibleFlows=5
maxpossibleFlows=2
maxpossibleFlows=1
maxpossibleFlows=5
maxpossibleFlows=5
maxpossibleFlows=69
69 taint flow paths FOUND from <java.lang.StringBuilder: java.lang.String toString()> to <android.util.Log: int i(java.lang.String,java.lang.String)>
maxpossibleFlows=1
maxpossibleFlows=1
1 taint flow paths FOUND from <android.graphics.Bitmap: int getWidth()> to <android.app.Activity: void setContentView(int)>
maxpossibleFlows=5
maxpossibleFlows=4
maxpossibleFlows=4
maxpossibleFlows=4
maxpossibleFlows=4
maxpossibleFlows=4
maxpossibleFlows=4
maxpossibleFlows=4
maxpossibleFlows=4
maxpossibleFlows=4
maxpossibleFlows=5
maxpossibleFlows=1
maxpossibleFlows=4
maxpossibleFlows=1
maxpossibleFlows=5
maxpossibleFlows=1
maxpossibleFlows=2
maxpossibleFlows=1
maxpossibleFlows=2
maxpossibleFlows=20
maxpossibleFlows=1
maxpossibleFlows=1
maxpossibleFlows=1
maxpossibleFlows=2
2 taint flow paths FOUND from <android.graphics.Bitmap: android.graphics.Bitmap createBitmap(android.graphics.Bitmap,int,int,int,int,android.graphics.Matrix,boolean)> to <android.view.View: void setBackgroundColor(int)>
maxpossibleFlows=10
maxpossibleFlows=5
maxpossibleFlows=4
maxpossibleFlows=5
maxpossibleFlows=1
maxpossibleFlows=1
1 taint flow paths FOUND from <android.content.res.Resources: android.util.DisplayMetrics getDisplayMetrics()> to <android.app.Activity: void setContentView(int)>
maxpossibleFlows=1
maxpossibleFlows=1
maxpossibleFlows=1
maxpossibleFlows=4
maxpossibleFlows=1
maxpossibleFlows=5
maxpossibleFlows=4
maxpossibleFlows=4
maxpossibleFlows=5
maxpossibleFlows=5
maxpossibleFlows=5
maxpossibleFlows=5
maxpossibleFlows=4
maxpossibleFlows=1
maxpossibleFlows=1
1 taint flow paths FOUND from <android.app.Activity: android.content.Intent getIntent()> to <android.app.Activity: void setContentView(int)>
maxpossibleFlows=4
maxpossibleFlows=1
maxpossibleFlows=1
1 taint flow paths FOUND from <android.os.Bundle: int getInt(java.lang.String)> to <android.app.Activity: void setContentView(int)>
maxpossibleFlows=4
maxpossibleFlows=4
maxpossibleFlows=4
maxpossibleFlows=1
maxpossibleFlows=1
maxpossibleFlows=1
maxpossibleFlows=4
maxpossibleFlows=1
maxpossibleFlows=4
maxpossibleFlows=4
maxpossibleFlows=4
maxpossibleFlows=4
maxpossibleFlows=4
maxpossibleFlows=4
maxpossibleFlows=4
maxpossibleFlows=4
maxpossibleFlows=4
maxpossibleFlows=5
maxpossibleFlows=4
maxpossibleFlows=4
maxpossibleFlows=1
maxpossibleFlows=1
maxpossibleFlows=1
maxpossibleFlows=1
maxpossibleFlows=5
maxpossibleFlows=4
maxpossibleFlows=4
maxpossibleFlows=10
maxpossibleFlows=5
maxpossibleFlows=4
maxpossibleFlows=5
maxpossibleFlows=10
maxpossibleFlows=5
maxpossibleFlows=4
maxpossibleFlows=5
maxpossibleFlows=4
maxpossibleFlows=1
maxpossibleFlows=1
1 taint flow paths FOUND from <android.content.Intent: android.os.Bundle getExtras()> to <android.app.Activity: void setContentView(int)>
maxpossibleFlows=10
maxpossibleFlows=5
maxpossibleFlows=4
maxpossibleFlows=5
maxpossibleFlows=5
maxpossibleFlows=4
maxpossibleFlows=4
maxpossibleFlows=4
maxpossibleFlows=4
maxpossibleFlows=4
maxpossibleFlows=5
maxpossibleFlows=10
2 taint flow paths FOUND from <java.util.AbstractSequentialList: java.util.Iterator iterator()> to <android.content.res.Resources: java.io.InputStream openRawResource(int)>
maxpossibleFlows=23
maxpossibleFlows=15
maxpossibleFlows=6
maxpossibleFlows=1
maxpossibleFlows=1
maxpossibleFlows=1
maxpossibleFlows=1
maxpossibleFlows=5
maxpossibleFlows=4
maxpossibleFlows=4
maxpossibleFlows=2
1 taint flow paths FOUND from <java.util.Hashtable: java.lang.Object get(java.lang.Object)> to <android.content.ContextWrapper: java.io.FileInputStream openFileInput(java.lang.String)>
maxpossibleFlows=10
maxpossibleFlows=5
maxpossibleFlows=4
maxpossibleFlows=5
maxpossibleFlows=61
61 taint flow paths FOUND from <java.util.LinkedList: java.lang.Object get(int)> to <android.widget.ImageView: void setImageBitmap(android.graphics.Bitmap)>
maxpossibleFlows=1
maxpossibleFlows=2
2 taint flow paths FOUND from <java.security.Provider: java.lang.Object put(java.lang.Object,java.lang.Object)> to <android.content.ContextWrapper: java.io.FileOutputStream openFileOutput(java.lang.String,int)>
maxpossibleFlows=1
maxpossibleFlows=1
maxpossibleFlows=1
maxpossibleFlows=1
maxpossibleFlows=10
maxpossibleFlows=4
maxpossibleFlows=5
maxpossibleFlows=4
maxpossibleFlows=10
maxpossibleFlows=5
maxpossibleFlows=4
maxpossibleFlows=4
maxpossibleFlows=10
maxpossibleFlows=10
maxpossibleFlows=4
maxpossibleFlows=10
maxpossibleFlows=5
maxpossibleFlows=10
maxpossibleFlows=5
maxpossibleFlows=165
165 taint flow paths FOUND from <android.view.ContextThemeWrapper: android.content.res.Resources getResources()> to <android.content.res.Resources: java.io.InputStream openRawResource(int)>
maxpossibleFlows=1
maxpossibleFlows=1
maxpossibleFlows=1
maxpossibleFlows=1
1 taint flow paths FOUND from <android.view.ContextThemeWrapper: android.content.res.Resources getResources()> to <android.content.res.Resources: android.content.res.AssetFileDescriptor openRawResourceFd(int)>
maxpossibleFlows=1
maxpossibleFlows=2
maxpossibleFlows=2
maxpossibleFlows=2
maxpossibleFlows=1
maxpossibleFlows=1
maxpossibleFlows=2
1 taint flow paths FOUND from <java.util.Hashtable: java.lang.Object get(java.lang.Object)> to <android.content.ContextWrapper: java.io.FileInputStream openFileInput(java.lang.String)>
maxpossibleFlows=61
61 taint flow paths FOUND from <java.util.LinkedList: java.lang.Object get(int)> to <android.widget.ImageView: void setImageBitmap(android.graphics.Bitmap)>
maxpossibleFlows=1
maxpossibleFlows=1
maxpossibleFlows=1
maxpossibleFlows=1
maxpossibleFlows=1
maxpossibleFlows=1
maxpossibleFlows=1
maxpossibleFlows=2
2 taint flow paths FOUND from <java.security.Provider: java.lang.Object put(java.lang.Object,java.lang.Object)> to <android.content.ContextWrapper: java.io.FileOutputStream openFileOutput(java.lang.String,int)>
maxpossibleFlows=4
maxpossibleFlows=1
maxpossibleFlows=1
1 taint flow paths FOUND from <android.graphics.Bitmap: int getHeight()> to <android.app.Activity: void setContentView(int)>
maxpossibleFlows=1
maxpossibleFlows=1
maxpossibleFlows=3
3 taint flow paths FOUND from <java.lang.reflect.Array: java.lang.Object newInstance(java.lang.Class,int[])> to <android.view.View: void setBackgroundColor(int)>
maxpossibleFlows=5
maxpossibleFlows=165
165 taint flow paths FOUND from <android.view.ContextThemeWrapper: android.content.res.Resources getResources()> to <android.graphics.BitmapFactory: android.graphics.Bitmap decodeStream(java.io.InputStream,android.graphics.Rect,android.graphics.BitmapFactory$Options)>
maxpossibleFlows=1
maxpossibleFlows=1
maxpossibleFlows=3
3 taint flow paths FOUND from <java.lang.reflect.Array: java.lang.Object newInstance(java.lang.Class,int[])> to <android.widget.ImageView: void setImageDrawable(android.graphics.drawable.Drawable)>
maxpossibleFlows=1
maxpossibleFlows=69
69 taint flow paths FOUND from <java.text.DateFormat: java.lang.String format(java.util.Date)> to <android.util.Log: int i(java.lang.String,java.lang.String)>
maxpossibleFlows=18
18 taint flow paths FOUND from <java.lang.StringBuilder: java.lang.String toString()> to <android.util.Log: int v(java.lang.String,java.lang.String)>
maxpossibleFlows=4
maxpossibleFlows=2
maxpossibleFlows=15
maxpossibleFlows=24
24 taint flow paths FOUND from <java.lang.StringBuilder: java.lang.String toString()> to <android.util.Log: int e(java.lang.String,java.lang.String)>
maxpossibleFlows=1
maxpossibleFlows=1
maxpossibleFlows=6
maxpossibleFlows=1
maxpossibleFlows=4
maxpossibleFlows=4
maxpossibleFlows=4
maxpossibleFlows=1
maxpossibleFlows=1
maxpossibleFlows=4
maxpossibleFlows=4
maxpossibleFlows=1
maxpossibleFlows=4
maxpossibleFlows=4
maxpossibleFlows=4
maxpossibleFlows=4
maxpossibleFlows=4
maxpossibleFlows=4
maxpossibleFlows=4
maxpossibleFlows=6
maxpossibleFlows=4
maxpossibleFlows=1
maxpossibleFlows=1
[WARNING] [32mVERBOSE[0m Callback method :<init> in Class com.omesoft.childhooddreams.Setting
[WARNING] [32mVERBOSE[0m Callback method :onClick in Class com.omesoft.childhooddreams.Setting
[WARNING] [32mVERBOSE[0m Callback method :onCreate in Class com.omesoft.childhooddreams.Setting
[WARNING] [32mVERBOSE[0m Callback method :onDestroy in Class com.omesoft.childhooddreams.Setting
Result for benign-app-43-685F5CF0B0A6D11930B736D5407F52709FB6D6ED788C1F010F19D018292AD77D.apkcom.omesoft.childhooddreams