DUA-Forensics args to Soot: -w -cp /home/handrick/Documents/UNB/benchmark/libs/droidfax.jar:/home/handrick/Android/Sdk/platforms/android-19/android.jar -p cg verbose:false,implicit-entry:true -p cg.spark verbose:false,on-fly-cg:true,rta:false -d /home/handrick/Documents/UNB/benchmark/trace/180/1/droidbot/benign-app-45-6B619169A296ED3F388AB1FE0196B40922AE7101A7933B6CECB74949ECBDD6CB.apk.logcat -process-dir /home/handrick/Documents/UNB/benchmark/data/input/benign-app-45-6B619169A296ED3F388AB1FE0196B40922AE7101A7933B6CECB74949ECBDD6CB.apk 
Soot started on Fri Apr 15 01:28:21 CEST 2022
Warning: com.ironsource.mobilcore.BaseFlowBasedAdUnit is a phantom class!
Warning: java.lang.invoke.LambdaMetafactory is a phantom class!
Warning: java.lang.ref.Finalizer is a phantom class!
[Call Graph] For information on where the call graph may be incomplete, use the verbose option to the cg phase.
[Spark] Pointer Assignment Graph in 0.0 seconds.
[Spark] Type masks in 0.0 seconds.
[Spark] Pointer Graph simplified in 0.0 seconds.
[Spark] Propagation in 0.0 seconds.
[Spark] Solution found in 0.0 seconds.
hcai's internal transform
Running static analysis for security-relevant feature characterization
[GatorHierarchy] [32mVERBOSE[0m [HIER] All classes: 957
[GatorHierarchy] [32mVERBOSE[0m [App: 112, Lib : 842, Phantom: 3]
[GatorHierarchy] [32mVERBOSE[0m [HIER] Activities: 1, lib activities: 1
[GatorHierarchy] [32mVERBOSE[0m [HIER] App views: 5, Lib views: 14
[GatorHierarchy] [32mVERBOSE[0m [HIER] App Dialogs: 0, Lib Dialogs: 3
[TIMECOST] [32mVERBOSE[0m buildApplicationCodeMap parsing starting at 1649978902052
[TIMECOST] [32mVERBOSE[0m buildApplicationCodeMap parsing finished at 1649978903823
[Instantiated app classes] [32mVERBOSE[0m total number: 161
[WARNING] [32mVERBOSE[0m Callback method :onPause in Class com.workpail.basketballthrow.Basketball added
[WARNING] [32mVERBOSE[0m Callback method :onStop in Class com.workpail.basketballthrow.Basketball added
[WARNING] [32mVERBOSE[0m Callback method :onCreate in Class com.workpail.basketballthrow.Basketball added
[WARNING] [32mVERBOSE[0m Callback method :onCreateOptionsMenu in Class com.workpail.basketballthrow.Basketball added
[WARNING] [32mVERBOSE[0m Callback method :onDestroy in Class com.workpail.basketballthrow.Basketball added
[WARNING] [32mVERBOSE[0m Callback method :onStart in Class com.workpail.basketballthrow.Basketball added
[WARNING] [32mVERBOSE[0m Callback method :onSaveInstanceState in Class com.workpail.basketballthrow.Basketball added
[WARNING] [32mVERBOSE[0m Callback method :onOptionsItemSelected in Class com.workpail.basketballthrow.Basketball added
[WARNING] [32mVERBOSE[0m Callback method :onReceive in Class com.google.android.apps.analytics.AnalyticsReceiver added
[WARNING] [32mVERBOSE[0m Callback method :onWindowFocusChanged in Class com.workpail.basketballthrow.BasketballView added
[WARNING] [32mVERBOSE[0m Callback method :surfaceCreated in Class com.workpail.basketballthrow.BasketballView added
[WARNING] [32mVERBOSE[0m Callback method :onKeyDown in Class com.workpail.basketballthrow.BasketballView added
[WARNING] [32mVERBOSE[0m Callback method :surfaceDestroyed in Class com.workpail.basketballthrow.BasketballView added
[WARNING] [32mVERBOSE[0m Callback method :surfaceChanged in Class com.workpail.basketballthrow.BasketballView added
[WARNING] [32mVERBOSE[0m Callback method :onKeyUp in Class com.workpail.basketballthrow.BasketballView added
[WARNING] [32mVERBOSE[0m Callback method :onReceive in Class com.admob.android.ads.analytics.InstallReceiver added
[WARNING] [32mVERBOSE[0m Callback method :onWindowFocusChanged in Class com.admob.android.ads.AdView added
[WARNING] [32mVERBOSE[0m Callback method :onMeasure in Class com.admob.android.ads.AdView added
[WARNING] [32mVERBOSE[0m Callback method :setEnabled in Class com.admob.android.ads.AdView added
[WARNING] [32mVERBOSE[0m Callback method :setBackgroundColor in Class com.admob.android.ads.AdView added
[WARNING] [32mVERBOSE[0m Callback method :onDetachedFromWindow in Class com.admob.android.ads.AdView added
[WARNING] [32mVERBOSE[0m Callback method :onAttachedToWindow in Class com.admob.android.ads.AdView added
[WARNING] [32mVERBOSE[0m Callback method :setVisibility in Class com.admob.android.ads.AdView added
[WARNING] [32mVERBOSE[0m Callback method :onWindowVisibilityChanged in Class com.admob.android.ads.AdView added
0 ICC links found and 0 cg edges added due to ICC links
dynamic conflated call graph: 204 methods; 204 nodes; 248 edges.
maxpossibleFlows=3
maxpossibleFlows=3
maxpossibleFlows=3
maxpossibleFlows=3
maxpossibleFlows=3
maxpossibleFlows=3
maxpossibleFlows=4
maxpossibleFlows=3
maxpossibleFlows=3
maxpossibleFlows=3
maxpossibleFlows=3
maxpossibleFlows=3
maxpossibleFlows=3
maxpossibleFlows=3
maxpossibleFlows=3
maxpossibleFlows=3
maxpossibleFlows=1
1 taint flow paths FOUND from <java.lang.Class: java.lang.String getName()> to <android.util.Log: int w(java.lang.String,java.lang.String)>
maxpossibleFlows=5
maxpossibleFlows=3
maxpossibleFlows=5
maxpossibleFlows=3
maxpossibleFlows=3
maxpossibleFlows=3
maxpossibleFlows=3
maxpossibleFlows=3
maxpossibleFlows=3
maxpossibleFlows=3
maxpossibleFlows=3
maxpossibleFlows=3
maxpossibleFlows=4
maxpossibleFlows=3
maxpossibleFlows=3
maxpossibleFlows=5
maxpossibleFlows=3
maxpossibleFlows=3
maxpossibleFlows=3
maxpossibleFlows=3
maxpossibleFlows=3
maxpossibleFlows=3
maxpossibleFlows=3
maxpossibleFlows=3
maxpossibleFlows=3
maxpossibleFlows=4
maxpossibleFlows=3
maxpossibleFlows=3
maxpossibleFlows=5
maxpossibleFlows=3
maxpossibleFlows=3
maxpossibleFlows=3
maxpossibleFlows=3
3 taint flow paths FOUND from <android.text.method.LinkMovementMethod: android.text.method.MovementMethod getInstance()> to <android.util.Log: int w(java.lang.String,java.lang.String)>
maxpossibleFlows=3
maxpossibleFlows=3
maxpossibleFlows=3
maxpossibleFlows=3
maxpossibleFlows=3
maxpossibleFlows=3
maxpossibleFlows=3
maxpossibleFlows=3
maxpossibleFlows=3
3 taint flow paths FOUND from <android.app.Activity: android.view.Window getWindow()> to <android.util.Log: int w(java.lang.String,java.lang.String)>
maxpossibleFlows=3
maxpossibleFlows=3
maxpossibleFlows=3
maxpossibleFlows=3
maxpossibleFlows=3
3 taint flow paths FOUND from <android.view.SurfaceView: android.view.SurfaceHolder getHolder()> to <android.view.View: void setFocusable(boolean)>
maxpossibleFlows=3
maxpossibleFlows=3
maxpossibleFlows=3
maxpossibleFlows=3
maxpossibleFlows=1
1 taint flow paths FOUND from <java.lang.Class: java.lang.String getName()> to <android.util.Log: int w(java.lang.String,java.lang.String)>
maxpossibleFlows=5
maxpossibleFlows=5
maxpossibleFlows=5
maxpossibleFlows=5
maxpossibleFlows=3
3 taint flow paths FOUND from <android.view.SurfaceView: android.view.SurfaceHolder getHolder()> to <android.view.View: void setFocusable(boolean)>
maxpossibleFlows=3
maxpossibleFlows=3
maxpossibleFlows=3
maxpossibleFlows=3
maxpossibleFlows=3
maxpossibleFlows=3
maxpossibleFlows=3
maxpossibleFlows=3
maxpossibleFlows=3
maxpossibleFlows=3
maxpossibleFlows=3
maxpossibleFlows=3
maxpossibleFlows=3
maxpossibleFlows=3
maxpossibleFlows=3
3 taint flow paths FOUND from <android.app.Activity: android.view.Window getWindow()> to <android.app.Activity: void setContentView(int)>
maxpossibleFlows=3
maxpossibleFlows=3
maxpossibleFlows=3
maxpossibleFlows=3
maxpossibleFlows=3
maxpossibleFlows=4
maxpossibleFlows=3
maxpossibleFlows=3
maxpossibleFlows=3
maxpossibleFlows=3
maxpossibleFlows=3
maxpossibleFlows=4
maxpossibleFlows=3
maxpossibleFlows=3
maxpossibleFlows=4
maxpossibleFlows=3
maxpossibleFlows=3
maxpossibleFlows=3
maxpossibleFlows=3
1 taint flow paths FOUND from <android.app.Activity: android.view.Window getWindow()> to <android.view.View: void setVisibility(int)>
maxpossibleFlows=3
maxpossibleFlows=3
maxpossibleFlows=3
maxpossibleFlows=3
maxpossibleFlows=3
maxpossibleFlows=3
maxpossibleFlows=3
maxpossibleFlows=3
maxpossibleFlows=3
maxpossibleFlows=3
maxpossibleFlows=3
maxpossibleFlows=3
maxpossibleFlows=3
maxpossibleFlows=3
maxpossibleFlows=3
3 taint flow paths FOUND from <android.app.Activity: android.view.Window getWindow()> to <android.view.Window: void setFlags(int,int)>
[WARNING] [32mVERBOSE[0m Callback method :onKeyDown in Class com.workpail.basketballthrow.BasketballView
[WARNING] [32mVERBOSE[0m Callback method :onKeyUp in Class com.workpail.basketballthrow.BasketballView
[WARNING] [32mVERBOSE[0m Callback method :onWindowFocusChanged in Class com.workpail.basketballthrow.BasketballView
[WARNING] [32mVERBOSE[0m Callback method :surfaceChanged in Class com.workpail.basketballthrow.BasketballView
[WARNING] [32mVERBOSE[0m Callback method :surfaceCreated in Class com.workpail.basketballthrow.BasketballView
[WARNING] [32mVERBOSE[0m Callback method :surfaceDestroyed in Class com.workpail.basketballthrow.BasketballView
Result for benign-app-45-6B619169A296ED3F388AB1FE0196B40922AE7101A7933B6CECB74949ECBDD6CB.apkcom.workpail.basketballthrow