DUA-Forensics args to Soot: -w -cp /home/handrick/Documents/UNB/benchmark/libs/droidfax.jar:/home/handrick/Android/Sdk/platforms/android-19/android.jar -p cg verbose:false,implicit-entry:true -p cg.spark verbose:false,on-fly-cg:true,rta:false -d /home/handrick/Documents/UNB/benchmark/trace/180/1/droidbot/benign-app-1926-9745B71BEAD42A6B534DBEC4095B590204F470B891712E97A7485ABD07006031.apk.logcat -process-dir /home/handrick/Documents/UNB/benchmark/data/input/benign-app-1926-9745B71BEAD42A6B534DBEC4095B590204F470B891712E97A7485ABD07006031.apk 
Soot started on Sun Jul 31 01:02:26 CEST 2022
Warning: com.ironsource.mobilcore.BaseFlowBasedAdUnit is a phantom class!
Warning: java.lang.invoke.LambdaMetafactory is a phantom class!
Warning: java.lang.ref.Finalizer is a phantom class!
Warning: com.wiyun.game.WiGame is a phantom class!
[Call Graph] For information on where the call graph may be incomplete, use the verbose option to the cg phase.
[Spark] Pointer Assignment Graph in 0.0 seconds.
[Spark] Type masks in 0.0 seconds.
[Spark] Pointer Graph simplified in 0.0 seconds.
[Spark] Propagation in 0.0 seconds.
[Spark] Solution found in 0.0 seconds.
hcai's internal transform
Running static analysis for security-relevant feature characterization
[GatorHierarchy] [32mVERBOSE[0m [HIER] All classes: 645
[GatorHierarchy] [32mVERBOSE[0m [App: 43, Lib : 598, Phantom: 4]
[GatorHierarchy] [32mVERBOSE[0m [HIER] Activities: 6, lib activities: 1
[GatorHierarchy] [32mVERBOSE[0m [HIER] App views: 2, Lib views: 5
[GatorHierarchy] [32mVERBOSE[0m [HIER] App Dialogs: 0, Lib Dialogs: 2
[TIMECOST] [32mVERBOSE[0m buildApplicationCodeMap parsing starting at 1659222147136
[TIMECOST] [32mVERBOSE[0m buildApplicationCodeMap parsing finished at 1659222147588
[Instantiated app classes] [32mVERBOSE[0m total number: 32
[WARNING] [32mVERBOSE[0m Callback method :onCreate in Class org.nwhy.Whackczkm.Game added
[WARNING] [32mVERBOSE[0m Callback method :onCreateOptionsMenu in Class org.nwhy.Whackczkm.Game added
[WARNING] [32mVERBOSE[0m Callback method :onOptionsItemSelected in Class org.nwhy.Whackczkm.Game added
[WARNING] [32mVERBOSE[0m Callback method :onCreate in Class com.ccx.xm.AdActivity added
[WARNING] [32mVERBOSE[0m Callback method :onCreate in Class org.nwhy.Whackczkm.WhackAMole added
[WARNING] [32mVERBOSE[0m Callback method :onDestroy in Class org.nwhy.Whackczkm.WhackAMole added
[WARNING] [32mVERBOSE[0m Callback method :onCreate in Class org.nwhy.Whackczkm.VSGame added
[WARNING] [32mVERBOSE[0m Callback method :onCreateOptionsMenu in Class org.nwhy.Whackczkm.VSGame added
[WARNING] [32mVERBOSE[0m Callback method :onOptionsItemSelected in Class org.nwhy.Whackczkm.VSGame added
[WARNING] [32mVERBOSE[0m Callback method :onReceive in Class com.games.AdReciver added
[WARNING] [32mVERBOSE[0m Callback method :onCreate in Class org.nwhy.Whackczkm.About added
[WARNING] [32mVERBOSE[0m Callback method :onStop in Class org.nwhy.Whackczkm.Splash added
[WARNING] [32mVERBOSE[0m Callback method :onCreate in Class org.nwhy.Whackczkm.Splash added
0 ICC links found and 0 cg edges added due to ICC links
dynamic conflated call graph: 1289 methods; 1289 nodes; 2286 edges.
maxpossibleFlows=1
maxpossibleFlows=1
maxpossibleFlows=8
8 taint flow paths FOUND from <android.content.Intent: java.lang.String getStringExtra(java.lang.String)> to <android.util.Log: int d(java.lang.String,java.lang.String)>
maxpossibleFlows=23
maxpossibleFlows=11
maxpossibleFlows=23
maxpossibleFlows=22
maxpossibleFlows=23
maxpossibleFlows=33
maxpossibleFlows=11
maxpossibleFlows=22
maxpossibleFlows=33
maxpossibleFlows=22
maxpossibleFlows=22
maxpossibleFlows=11
maxpossibleFlows=1
maxpossibleFlows=3
maxpossibleFlows=1
maxpossibleFlows=2
maxpossibleFlows=3
maxpossibleFlows=27
maxpossibleFlows=22
maxpossibleFlows=29
1 taint flow paths FOUND from <java.lang.Class: java.lang.reflect.Field getDeclaredField(java.lang.String)> to <java.lang.reflect.Field: void set(java.lang.Object,java.lang.Object)>
maxpossibleFlows=1
maxpossibleFlows=1
maxpossibleFlows=1
maxpossibleFlows=2
maxpossibleFlows=1
maxpossibleFlows=1
maxpossibleFlows=1
maxpossibleFlows=1
maxpossibleFlows=1
maxpossibleFlows=1
maxpossibleFlows=3
maxpossibleFlows=1
maxpossibleFlows=22
maxpossibleFlows=1
maxpossibleFlows=22
9 taint flow paths FOUND from <java.security.KeyStore: java.lang.String getDefaultType()> to <org.apache.http.params.HttpProtocolParams: void setContentCharset(org.apache.http.params.HttpParams,java.lang.String)>
maxpossibleFlows=1
maxpossibleFlows=1
maxpossibleFlows=1
maxpossibleFlows=1
maxpossibleFlows=1
maxpossibleFlows=33
maxpossibleFlows=11
maxpossibleFlows=1
maxpossibleFlows=2
maxpossibleFlows=1
maxpossibleFlows=2
maxpossibleFlows=2
maxpossibleFlows=22
maxpossibleFlows=33
maxpossibleFlows=22
maxpossibleFlows=33
maxpossibleFlows=11
maxpossibleFlows=1
maxpossibleFlows=22
maxpossibleFlows=1
maxpossibleFlows=5
maxpossibleFlows=33
maxpossibleFlows=5
maxpossibleFlows=5
maxpossibleFlows=22
maxpossibleFlows=8
maxpossibleFlows=8
maxpossibleFlows=8
maxpossibleFlows=8
maxpossibleFlows=33
maxpossibleFlows=11
maxpossibleFlows=1
maxpossibleFlows=27
maxpossibleFlows=1
maxpossibleFlows=5
maxpossibleFlows=33
maxpossibleFlows=5
maxpossibleFlows=5
maxpossibleFlows=27
maxpossibleFlows=8
maxpossibleFlows=11
maxpossibleFlows=1
maxpossibleFlows=1
maxpossibleFlows=1
maxpossibleFlows=1
maxpossibleFlows=1
maxpossibleFlows=29
maxpossibleFlows=4
maxpossibleFlows=22
maxpossibleFlows=4
maxpossibleFlows=8
8 taint flow paths FOUND from <java.lang.String: byte[] getBytes()> to <java.io.OutputStream: void write(byte[])>
maxpossibleFlows=3
maxpossibleFlows=22
maxpossibleFlows=11
maxpossibleFlows=29
28 taint flow paths FOUND from <org.json.JSONObject: long getLong(java.lang.String)> to <android.content.res.AssetManager: java.io.InputStream open(java.lang.String)>
maxpossibleFlows=1
maxpossibleFlows=1
maxpossibleFlows=2
maxpossibleFlows=1
maxpossibleFlows=2
maxpossibleFlows=2
maxpossibleFlows=33
maxpossibleFlows=11
maxpossibleFlows=22
maxpossibleFlows=33
maxpossibleFlows=22
maxpossibleFlows=1
1 taint flow paths FOUND from <android.content.Intent: android.net.Uri getData()> to <android.content.ContextWrapper: android.content.ComponentName startService(android.content.Intent)>
maxpossibleFlows=1
maxpossibleFlows=2
maxpossibleFlows=1
maxpossibleFlows=2
maxpossibleFlows=2
maxpossibleFlows=33
maxpossibleFlows=11
maxpossibleFlows=22
maxpossibleFlows=33
maxpossibleFlows=22
maxpossibleFlows=1
maxpossibleFlows=25
maxpossibleFlows=1
maxpossibleFlows=25
1 taint flow paths FOUND from <org.apache.http.conn.scheme.PlainSocketFactory: org.apache.http.conn.scheme.PlainSocketFactory getSocketFactory()> to <org.apache.http.params.HttpProtocolParams: void setContentCharset(org.apache.http.params.HttpParams,java.lang.String)>
maxpossibleFlows=16
maxpossibleFlows=11
maxpossibleFlows=16
maxpossibleFlows=16
maxpossibleFlows=16
maxpossibleFlows=22
maxpossibleFlows=11
maxpossibleFlows=27
maxpossibleFlows=22
maxpossibleFlows=27
maxpossibleFlows=1
maxpossibleFlows=60
24 taint flow paths FOUND from <org.apache.http.impl.client.AbstractHttpClient: org.apache.http.params.HttpParams getParams()> to <org.apache.http.params.AbstractHttpParams: org.apache.http.params.HttpParams setIntParameter(java.lang.String,int)>
maxpossibleFlows=1
maxpossibleFlows=1
1 taint flow paths FOUND from <android.app.PendingIntent: android.app.PendingIntent getBroadcast(android.content.Context,int,android.content.Intent,int)> to <android.app.AlarmManager: void set(int,long,android.app.PendingIntent)>
maxpossibleFlows=33
maxpossibleFlows=11
maxpossibleFlows=1
maxpossibleFlows=2
maxpossibleFlows=2
maxpossibleFlows=2
maxpossibleFlows=2
maxpossibleFlows=22
maxpossibleFlows=33
maxpossibleFlows=2
maxpossibleFlows=2
maxpossibleFlows=22
maxpossibleFlows=22
maxpossibleFlows=11
maxpossibleFlows=27
maxpossibleFlows=22
maxpossibleFlows=27
maxpossibleFlows=1
maxpossibleFlows=1
maxpossibleFlows=46
maxpossibleFlows=1
maxpossibleFlows=1
maxpossibleFlows=8
8 taint flow paths FOUND from <android.content.Intent: java.lang.String getAction()> to <android.util.Log: int d(java.lang.String,java.lang.String)>
maxpossibleFlows=1
maxpossibleFlows=1
maxpossibleFlows=2
maxpossibleFlows=1
maxpossibleFlows=1
maxpossibleFlows=2
2 taint flow paths FOUND from <android.view.MotionEvent: float getY(int)> to <android.util.Log: int e(java.lang.String,java.lang.String)>
maxpossibleFlows=8
maxpossibleFlows=8
maxpossibleFlows=8
maxpossibleFlows=8
maxpossibleFlows=1
maxpossibleFlows=29
maxpossibleFlows=1
maxpossibleFlows=25
maxpossibleFlows=29
maxpossibleFlows=22
maxpossibleFlows=11
maxpossibleFlows=27
maxpossibleFlows=8
8 taint flow paths FOUND from <android.content.ContextWrapper: android.content.Context getApplicationContext()> to <android.content.ContextWrapper: android.content.ComponentName startService(android.content.Intent)>
maxpossibleFlows=30
maxpossibleFlows=11
maxpossibleFlows=26
maxpossibleFlows=22
maxpossibleFlows=26
maxpossibleFlows=22
maxpossibleFlows=11
maxpossibleFlows=32
maxpossibleFlows=22
maxpossibleFlows=29
maxpossibleFlows=33
maxpossibleFlows=11
maxpossibleFlows=1
maxpossibleFlows=2
maxpossibleFlows=2
maxpossibleFlows=2
maxpossibleFlows=2
maxpossibleFlows=22
maxpossibleFlows=66
maxpossibleFlows=3
maxpossibleFlows=3
maxpossibleFlows=22
maxpossibleFlows=22
maxpossibleFlows=11
maxpossibleFlows=29
maxpossibleFlows=22
maxpossibleFlows=27
maxpossibleFlows=33
33 taint flow paths FOUND from <android.content.ContextWrapper: android.content.pm.PackageManager getPackageManager()> to <android.util.Log: int d(java.lang.String,java.lang.String)>
maxpossibleFlows=22
maxpossibleFlows=11
maxpossibleFlows=1
maxpossibleFlows=32
maxpossibleFlows=2
maxpossibleFlows=22
maxpossibleFlows=1
maxpossibleFlows=2
maxpossibleFlows=2
maxpossibleFlows=29
maxpossibleFlows=16
maxpossibleFlows=11
maxpossibleFlows=16
maxpossibleFlows=16
maxpossibleFlows=16
maxpossibleFlows=33
maxpossibleFlows=11
maxpossibleFlows=1
maxpossibleFlows=2
maxpossibleFlows=2
maxpossibleFlows=2
maxpossibleFlows=2
maxpossibleFlows=1
maxpossibleFlows=22
maxpossibleFlows=1
maxpossibleFlows=5
maxpossibleFlows=66
maxpossibleFlows=2
maxpossibleFlows=5
maxpossibleFlows=5
maxpossibleFlows=2
maxpossibleFlows=22
maxpossibleFlows=21
maxpossibleFlows=11
maxpossibleFlows=21
maxpossibleFlows=8
maxpossibleFlows=8
maxpossibleFlows=1
maxpossibleFlows=1
maxpossibleFlows=21
maxpossibleFlows=8
maxpossibleFlows=1
maxpossibleFlows=1
maxpossibleFlows=8
maxpossibleFlows=1
maxpossibleFlows=21
maxpossibleFlows=22
maxpossibleFlows=11
maxpossibleFlows=27
maxpossibleFlows=22
maxpossibleFlows=27
maxpossibleFlows=1
maxpossibleFlows=1
maxpossibleFlows=2
maxpossibleFlows=1
maxpossibleFlows=1
maxpossibleFlows=3
maxpossibleFlows=1
1 taint flow paths FOUND from <android.content.ContextWrapper: java.lang.Object getSystemService(java.lang.String)> to <java.lang.String: boolean startsWith(java.lang.String)>
maxpossibleFlows=33
32 taint flow paths FOUND from <android.os.Bundle: int getInt(java.lang.String)> to <android.util.Log: int d(java.lang.String,java.lang.String)>
maxpossibleFlows=1
maxpossibleFlows=22
maxpossibleFlows=11
maxpossibleFlows=27
maxpossibleFlows=1
maxpossibleFlows=1
maxpossibleFlows=22
maxpossibleFlows=1
maxpossibleFlows=1
maxpossibleFlows=1
maxpossibleFlows=28
maxpossibleFlows=22
maxpossibleFlows=11
maxpossibleFlows=1
maxpossibleFlows=32
maxpossibleFlows=2
maxpossibleFlows=22
maxpossibleFlows=1
maxpossibleFlows=2
maxpossibleFlows=2
maxpossibleFlows=29
maxpossibleFlows=1
maxpossibleFlows=1
maxpossibleFlows=2
maxpossibleFlows=1
maxpossibleFlows=1
maxpossibleFlows=1
maxpossibleFlows=1
maxpossibleFlows=1
maxpossibleFlows=1
maxpossibleFlows=1
maxpossibleFlows=1
maxpossibleFlows=46
46 taint flow paths FOUND from <android.graphics.Bitmap: android.graphics.Bitmap createBitmap(int,int,android.graphics.Bitmap$Config)> to <android.graphics.drawable.Drawable: void setBounds(int,int,int,int)>
maxpossibleFlows=33
maxpossibleFlows=11
maxpossibleFlows=19
maxpossibleFlows=33
maxpossibleFlows=19
maxpossibleFlows=1
maxpossibleFlows=2
maxpossibleFlows=1
maxpossibleFlows=2
maxpossibleFlows=2
maxpossibleFlows=1
maxpossibleFlows=1
maxpossibleFlows=1
maxpossibleFlows=1
maxpossibleFlows=1
maxpossibleFlows=1
maxpossibleFlows=33
33 taint flow paths FOUND from <android.content.ContextWrapper: java.lang.String getPackageName()> to <android.util.Log: int d(java.lang.String,java.lang.String)>
maxpossibleFlows=33
32 taint flow paths FOUND from <java.security.Provider: java.lang.Object put(java.lang.Object,java.lang.Object)> to <android.util.Log: int d(java.lang.String,java.lang.String)>
maxpossibleFlows=33
maxpossibleFlows=11
maxpossibleFlows=22
maxpossibleFlows=33
maxpossibleFlows=22
maxpossibleFlows=33
maxpossibleFlows=11
maxpossibleFlows=29
29 taint flow paths FOUND from <android.content.ContextWrapper: android.content.res.AssetManager getAssets()> to <android.content.res.AssetManager: java.io.InputStream open(java.lang.String)>
maxpossibleFlows=33
maxpossibleFlows=11
maxpossibleFlows=1
maxpossibleFlows=22
maxpossibleFlows=1
maxpossibleFlows=5
maxpossibleFlows=66
maxpossibleFlows=5
maxpossibleFlows=5
maxpossibleFlows=22
maxpossibleFlows=1
maxpossibleFlows=1
1 taint flow paths FOUND from <android.content.ContextWrapper: android.content.SharedPreferences getSharedPreferences(java.lang.String,int)> to <java.lang.String: boolean startsWith(java.lang.String)>
maxpossibleFlows=1
1 taint flow paths FOUND from <org.json.JSONObject: int getInt(java.lang.String)> to <android.os.Handler: boolean sendMessage(android.os.Message)>
maxpossibleFlows=22
maxpossibleFlows=11
maxpossibleFlows=27
maxpossibleFlows=22
maxpossibleFlows=27
maxpossibleFlows=2
2 taint flow paths FOUND from <android.view.MotionEvent: int getPointerCount()> to <android.util.Log: int e(java.lang.String,java.lang.String)>
maxpossibleFlows=3
3 taint flow paths FOUND from <android.os.HandlerThread: android.os.Looper getLooper()> to <android.util.Log: int d(java.lang.String,java.lang.String)>
maxpossibleFlows=30
maxpossibleFlows=11
maxpossibleFlows=26
maxpossibleFlows=22
maxpossibleFlows=26
maxpossibleFlows=8
maxpossibleFlows=4
maxpossibleFlows=8
maxpossibleFlows=8
maxpossibleFlows=1
maxpossibleFlows=4
maxpossibleFlows=8
maxpossibleFlows=1
maxpossibleFlows=1
maxpossibleFlows=1
maxpossibleFlows=1
maxpossibleFlows=1
maxpossibleFlows=1
maxpossibleFlows=1
maxpossibleFlows=1
maxpossibleFlows=1
maxpossibleFlows=33
maxpossibleFlows=11
maxpossibleFlows=1
maxpossibleFlows=2
maxpossibleFlows=2
maxpossibleFlows=2
maxpossibleFlows=2
maxpossibleFlows=22
maxpossibleFlows=33
maxpossibleFlows=3
maxpossibleFlows=3
maxpossibleFlows=22
maxpossibleFlows=25
maxpossibleFlows=11
maxpossibleFlows=1
maxpossibleFlows=1
maxpossibleFlows=1
maxpossibleFlows=22
maxpossibleFlows=25
maxpossibleFlows=3
maxpossibleFlows=22
maxpossibleFlows=1
maxpossibleFlows=2
maxpossibleFlows=2
maxpossibleFlows=2
maxpossibleFlows=2
maxpossibleFlows=1
maxpossibleFlows=2
maxpossibleFlows=2
maxpossibleFlows=33
maxpossibleFlows=11
maxpossibleFlows=1
maxpossibleFlows=22
maxpossibleFlows=1
maxpossibleFlows=5
maxpossibleFlows=33
maxpossibleFlows=5
maxpossibleFlows=5
maxpossibleFlows=22
maxpossibleFlows=22
maxpossibleFlows=11
maxpossibleFlows=1
maxpossibleFlows=3
maxpossibleFlows=1
maxpossibleFlows=2
maxpossibleFlows=3
maxpossibleFlows=27
maxpossibleFlows=22
maxpossibleFlows=29
1 taint flow paths FOUND from <java.lang.reflect.Field: java.lang.Object get(java.lang.Object)> to <java.lang.reflect.Field: void set(java.lang.Object,java.lang.Object)>
maxpossibleFlows=1
maxpossibleFlows=1
maxpossibleFlows=2
maxpossibleFlows=2
maxpossibleFlows=2
maxpossibleFlows=22
maxpossibleFlows=11
maxpossibleFlows=1
maxpossibleFlows=1
maxpossibleFlows=1
maxpossibleFlows=1
maxpossibleFlows=1
maxpossibleFlows=1
maxpossibleFlows=29
29 taint flow paths FOUND from <org.json.JSONObject: java.lang.String getString(java.lang.String)> to <android.content.res.AssetManager: java.io.InputStream open(java.lang.String)>
maxpossibleFlows=33
32 taint flow paths FOUND from <android.os.Bundle: java.lang.String getString(java.lang.String)> to <android.util.Log: int d(java.lang.String,java.lang.String)>
maxpossibleFlows=1
maxpossibleFlows=1
maxpossibleFlows=1
maxpossibleFlows=1
maxpossibleFlows=1
maxpossibleFlows=33
maxpossibleFlows=11
maxpossibleFlows=1
maxpossibleFlows=1
maxpossibleFlows=1
maxpossibleFlows=1
maxpossibleFlows=22
maxpossibleFlows=28
maxpossibleFlows=25
maxpossibleFlows=3
maxpossibleFlows=1
maxpossibleFlows=25
maxpossibleFlows=28
maxpossibleFlows=22
maxpossibleFlows=30
maxpossibleFlows=11
maxpossibleFlows=26
maxpossibleFlows=22
maxpossibleFlows=26
maxpossibleFlows=22
maxpossibleFlows=11
maxpossibleFlows=29
maxpossibleFlows=22
maxpossibleFlows=27
maxpossibleFlows=8
8 taint flow paths FOUND from <android.content.Intent: android.os.Bundle getExtras()> to <android.util.Log: int d(java.lang.String,java.lang.String)>
maxpossibleFlows=22
maxpossibleFlows=11
maxpossibleFlows=27
maxpossibleFlows=22
maxpossibleFlows=27
maxpossibleFlows=33
maxpossibleFlows=11
maxpossibleFlows=22
maxpossibleFlows=1
maxpossibleFlows=33
maxpossibleFlows=22
maxpossibleFlows=2
2 taint flow paths FOUND from <android.view.MotionEvent: float getX(int)> to <android.util.Log: int e(java.lang.String,java.lang.String)>
maxpossibleFlows=22
maxpossibleFlows=11
maxpossibleFlows=27
maxpossibleFlows=22
maxpossibleFlows=29
maxpossibleFlows=1
maxpossibleFlows=1
maxpossibleFlows=1
maxpossibleFlows=1
maxpossibleFlows=1
maxpossibleFlows=1
maxpossibleFlows=1
maxpossibleFlows=1
maxpossibleFlows=46
46 taint flow paths FOUND from <android.content.res.Resources: android.graphics.drawable.Drawable getDrawable(int)> to <android.graphics.drawable.Drawable: void setBounds(int,int,int,int)>
maxpossibleFlows=22
maxpossibleFlows=11
maxpossibleFlows=29
maxpossibleFlows=22
maxpossibleFlows=27
maxpossibleFlows=1
maxpossibleFlows=1
maxpossibleFlows=1
maxpossibleFlows=8
maxpossibleFlows=8
maxpossibleFlows=8
maxpossibleFlows=8
maxpossibleFlows=30
maxpossibleFlows=11
maxpossibleFlows=26
maxpossibleFlows=22
maxpossibleFlows=26
maxpossibleFlows=19
maxpossibleFlows=11
maxpossibleFlows=19
maxpossibleFlows=19
maxpossibleFlows=3
maxpossibleFlows=19
maxpossibleFlows=8
maxpossibleFlows=8
maxpossibleFlows=8
maxpossibleFlows=8
maxpossibleFlows=8
8 taint flow paths FOUND from <java.lang.StringBuilder: java.lang.String toString()> to <android.util.Log: int d(java.lang.String,java.lang.String)>
maxpossibleFlows=8
maxpossibleFlows=8
maxpossibleFlows=8
maxpossibleFlows=8
maxpossibleFlows=1
maxpossibleFlows=1
maxpossibleFlows=1
maxpossibleFlows=1
maxpossibleFlows=1
maxpossibleFlows=33
maxpossibleFlows=11
maxpossibleFlows=1
maxpossibleFlows=2
maxpossibleFlows=2
maxpossibleFlows=2
maxpossibleFlows=2
maxpossibleFlows=22
maxpossibleFlows=66
maxpossibleFlows=3
maxpossibleFlows=3
maxpossibleFlows=22
maxpossibleFlows=8
8 taint flow paths FOUND from <android.content.Intent: int getIntExtra(java.lang.String,int)> to <android.util.Log: int d(java.lang.String,java.lang.String)>
maxpossibleFlows=33
maxpossibleFlows=11
maxpossibleFlows=27
maxpossibleFlows=165
165 taint flow paths FOUND from <java.io.File: java.lang.String getAbsolutePath()> to <android.content.ContextWrapper: java.io.FileInputStream openFileInput(java.lang.String)>
maxpossibleFlows=8
maxpossibleFlows=11
maxpossibleFlows=22
maxpossibleFlows=4
maxpossibleFlows=165
165 taint flow paths FOUND from <android.content.ContextWrapper: java.io.File getFilesDir()> to <android.content.ContextWrapper: java.io.FileInputStream openFileInput(java.lang.String)>
maxpossibleFlows=33
maxpossibleFlows=11
maxpossibleFlows=1
maxpossibleFlows=3
maxpossibleFlows=2
maxpossibleFlows=2
2 taint flow paths FOUND from <android.app.Activity: java.lang.Object getSystemService(java.lang.String)> to <android.location.LocationManager: boolean addGpsStatusListener(android.location.GpsStatus$Listener)>
maxpossibleFlows=1
maxpossibleFlows=1
maxpossibleFlows=1
maxpossibleFlows=2
maxpossibleFlows=1
maxpossibleFlows=1
maxpossibleFlows=1
maxpossibleFlows=1
maxpossibleFlows=1
maxpossibleFlows=33
maxpossibleFlows=11
maxpossibleFlows=22
maxpossibleFlows=1
maxpossibleFlows=33
maxpossibleFlows=1
maxpossibleFlows=22
maxpossibleFlows=1
maxpossibleFlows=33
maxpossibleFlows=11
maxpossibleFlows=22
maxpossibleFlows=33
maxpossibleFlows=22
maxpossibleFlows=1
maxpossibleFlows=1
maxpossibleFlows=1
maxpossibleFlows=1
maxpossibleFlows=1
maxpossibleFlows=1
maxpossibleFlows=22
maxpossibleFlows=1
maxpossibleFlows=22
1 taint flow paths FOUND from <java.security.KeyStore: java.security.KeyStore getInstance(java.lang.String)> to <org.apache.http.params.HttpProtocolParams: void setContentCharset(org.apache.http.params.HttpParams,java.lang.String)>
maxpossibleFlows=1
maxpossibleFlows=1
maxpossibleFlows=6
6 taint flow paths FOUND from <android.app.Activity: android.view.Window getWindow()> to <android.view.Window: void setFlags(int,int)>
maxpossibleFlows=33
maxpossibleFlows=11
maxpossibleFlows=22
maxpossibleFlows=33
maxpossibleFlows=22
maxpossibleFlows=33
maxpossibleFlows=11
maxpossibleFlows=22
maxpossibleFlows=33
maxpossibleFlows=22
maxpossibleFlows=8
maxpossibleFlows=4
maxpossibleFlows=8
maxpossibleFlows=8
maxpossibleFlows=4
maxpossibleFlows=8
maxpossibleFlows=22
maxpossibleFlows=11
maxpossibleFlows=27
maxpossibleFlows=22
maxpossibleFlows=56
44 taint flow paths FOUND from <java.lang.ClassLoader: java.lang.ClassLoader getParent()> to <java.lang.reflect.Field: void set(java.lang.Object,java.lang.Object)>
maxpossibleFlows=1
maxpossibleFlows=23
maxpossibleFlows=1
maxpossibleFlows=23
maxpossibleFlows=23
maxpossibleFlows=1
maxpossibleFlows=1
maxpossibleFlows=1
maxpossibleFlows=1
maxpossibleFlows=1
maxpossibleFlows=8
8 taint flow paths FOUND from <android.content.Intent: java.lang.String getStringExtra(java.lang.String)> to <android.util.Log: int d(java.lang.String,java.lang.String)>
maxpossibleFlows=11
maxpossibleFlows=11
maxpossibleFlows=11
maxpossibleFlows=11
maxpossibleFlows=11
maxpossibleFlows=11
maxpossibleFlows=11
maxpossibleFlows=11
maxpossibleFlows=11
maxpossibleFlows=11
maxpossibleFlows=11
maxpossibleFlows=11
maxpossibleFlows=11
maxpossibleFlows=11
maxpossibleFlows=11
maxpossibleFlows=11
maxpossibleFlows=11
maxpossibleFlows=11
maxpossibleFlows=11
maxpossibleFlows=11
maxpossibleFlows=11
maxpossibleFlows=11
maxpossibleFlows=11
maxpossibleFlows=11
maxpossibleFlows=11
maxpossibleFlows=11
maxpossibleFlows=11
maxpossibleFlows=11
maxpossibleFlows=11
maxpossibleFlows=11
maxpossibleFlows=11
maxpossibleFlows=11
maxpossibleFlows=11
maxpossibleFlows=11
maxpossibleFlows=11
maxpossibleFlows=11
maxpossibleFlows=11
maxpossibleFlows=11
maxpossibleFlows=11
maxpossibleFlows=11
maxpossibleFlows=11
maxpossibleFlows=11
maxpossibleFlows=11
maxpossibleFlows=11
maxpossibleFlows=11
maxpossibleFlows=11
maxpossibleFlows=11
maxpossibleFlows=11
maxpossibleFlows=11
maxpossibleFlows=11
maxpossibleFlows=11
maxpossibleFlows=11
maxpossibleFlows=11
maxpossibleFlows=11
maxpossibleFlows=11
maxpossibleFlows=11
maxpossibleFlows=11
maxpossibleFlows=11
maxpossibleFlows=11
maxpossibleFlows=11
maxpossibleFlows=11
maxpossibleFlows=11
maxpossibleFlows=1
maxpossibleFlows=2
2 taint flow paths FOUND from <android.view.MotionEvent: float getY(int)> to <android.util.Log: int e(java.lang.String,java.lang.String)>
maxpossibleFlows=1
maxpossibleFlows=1
maxpossibleFlows=1
maxpossibleFlows=1
maxpossibleFlows=1
maxpossibleFlows=1
maxpossibleFlows=1
maxpossibleFlows=1
maxpossibleFlows=1
maxpossibleFlows=1
maxpossibleFlows=1
maxpossibleFlows=1
maxpossibleFlows=1
maxpossibleFlows=1
maxpossibleFlows=1
maxpossibleFlows=1
maxpossibleFlows=1
maxpossibleFlows=1
maxpossibleFlows=1
maxpossibleFlows=1
maxpossibleFlows=1
maxpossibleFlows=1
maxpossibleFlows=1
maxpossibleFlows=1
maxpossibleFlows=1
maxpossibleFlows=1
maxpossibleFlows=1
maxpossibleFlows=1
maxpossibleFlows=1
maxpossibleFlows=1
maxpossibleFlows=1
maxpossibleFlows=1
maxpossibleFlows=1
maxpossibleFlows=3
maxpossibleFlows=1
maxpossibleFlows=2
maxpossibleFlows=1
maxpossibleFlows=2
maxpossibleFlows=1
maxpossibleFlows=2
maxpossibleFlows=2
maxpossibleFlows=1
maxpossibleFlows=1
maxpossibleFlows=1
maxpossibleFlows=2
maxpossibleFlows=2
maxpossibleFlows=2
maxpossibleFlows=1
maxpossibleFlows=2
maxpossibleFlows=3
maxpossibleFlows=1
maxpossibleFlows=1
maxpossibleFlows=1
maxpossibleFlows=3
maxpossibleFlows=1
maxpossibleFlows=2
maxpossibleFlows=3
maxpossibleFlows=1
maxpossibleFlows=1
maxpossibleFlows=2
maxpossibleFlows=1
maxpossibleFlows=1
maxpossibleFlows=2
maxpossibleFlows=2
maxpossibleFlows=2
maxpossibleFlows=2
maxpossibleFlows=2
maxpossibleFlows=2
maxpossibleFlows=2
maxpossibleFlows=1
maxpossibleFlows=2
maxpossibleFlows=2
maxpossibleFlows=2
maxpossibleFlows=1
maxpossibleFlows=1
maxpossibleFlows=2
maxpossibleFlows=2
maxpossibleFlows=1
maxpossibleFlows=2
maxpossibleFlows=2
maxpossibleFlows=1
maxpossibleFlows=2
maxpossibleFlows=1
maxpossibleFlows=2
maxpossibleFlows=1
maxpossibleFlows=2
maxpossibleFlows=1
maxpossibleFlows=2
maxpossibleFlows=2
maxpossibleFlows=1
maxpossibleFlows=1
maxpossibleFlows=1
maxpossibleFlows=2
maxpossibleFlows=2
maxpossibleFlows=2
maxpossibleFlows=2
maxpossibleFlows=2
maxpossibleFlows=1
maxpossibleFlows=1
maxpossibleFlows=2
maxpossibleFlows=1
maxpossibleFlows=2
maxpossibleFlows=2
2 taint flow paths FOUND from <android.app.Activity: java.lang.Object getSystemService(java.lang.String)> to <android.location.LocationManager: boolean addGpsStatusListener(android.location.GpsStatus$Listener)>
maxpossibleFlows=3
maxpossibleFlows=1
maxpossibleFlows=2
maxpossibleFlows=1
maxpossibleFlows=2
maxpossibleFlows=1
maxpossibleFlows=2
maxpossibleFlows=2
maxpossibleFlows=1
maxpossibleFlows=1
maxpossibleFlows=1
maxpossibleFlows=2
maxpossibleFlows=2
maxpossibleFlows=2
maxpossibleFlows=1
maxpossibleFlows=2
maxpossibleFlows=3
maxpossibleFlows=1
maxpossibleFlows=1
maxpossibleFlows=1
maxpossibleFlows=3
maxpossibleFlows=1
maxpossibleFlows=2
maxpossibleFlows=3
maxpossibleFlows=1
maxpossibleFlows=1
maxpossibleFlows=1
maxpossibleFlows=1
maxpossibleFlows=1
maxpossibleFlows=1
maxpossibleFlows=1
maxpossibleFlows=1
maxpossibleFlows=1
maxpossibleFlows=1
maxpossibleFlows=1
1 taint flow paths FOUND from <org.json.JSONObject: int getInt(java.lang.String)> to <android.os.Handler: boolean sendMessage(android.os.Message)>
maxpossibleFlows=1
maxpossibleFlows=1
maxpossibleFlows=1
maxpossibleFlows=1
maxpossibleFlows=23
maxpossibleFlows=22
maxpossibleFlows=27
maxpossibleFlows=22
maxpossibleFlows=22
maxpossibleFlows=27
maxpossibleFlows=29
maxpossibleFlows=29
28 taint flow paths FOUND from <org.json.JSONObject: long getLong(java.lang.String)> to <android.content.res.AssetManager: java.io.InputStream open(java.lang.String)>
maxpossibleFlows=1
maxpossibleFlows=1
maxpossibleFlows=1
maxpossibleFlows=1
1 taint flow paths FOUND from <android.app.PendingIntent: android.app.PendingIntent getBroadcast(android.content.Context,int,android.content.Intent,int)> to <android.app.AlarmManager: void set(int,long,android.app.PendingIntent)>
maxpossibleFlows=1
maxpossibleFlows=1
maxpossibleFlows=1
maxpossibleFlows=1
maxpossibleFlows=1
1 taint flow paths FOUND from <android.content.ContextWrapper: java.lang.Object getSystemService(java.lang.String)> to <java.lang.String: boolean startsWith(java.lang.String)>
maxpossibleFlows=8
maxpossibleFlows=1
1 taint flow paths FOUND from <android.content.Intent: android.net.Uri getData()> to <android.content.ContextWrapper: android.content.ComponentName startService(android.content.Intent)>
maxpossibleFlows=8
maxpossibleFlows=8
maxpossibleFlows=8
8 taint flow paths FOUND from <android.content.ContextWrapper: android.content.Context getApplicationContext()> to <android.content.Intent: android.content.Intent setAction(java.lang.String)>
maxpossibleFlows=4
maxpossibleFlows=1
maxpossibleFlows=4
maxpossibleFlows=1
maxpossibleFlows=4
maxpossibleFlows=1
maxpossibleFlows=1
maxpossibleFlows=1
maxpossibleFlows=1
maxpossibleFlows=1
maxpossibleFlows=4
maxpossibleFlows=4
maxpossibleFlows=4
maxpossibleFlows=1
maxpossibleFlows=1
maxpossibleFlows=1
maxpossibleFlows=4
maxpossibleFlows=4
maxpossibleFlows=1
maxpossibleFlows=1
maxpossibleFlows=4
maxpossibleFlows=4
maxpossibleFlows=1
maxpossibleFlows=1
maxpossibleFlows=1
maxpossibleFlows=5
maxpossibleFlows=5
maxpossibleFlows=1
maxpossibleFlows=5
maxpossibleFlows=5
maxpossibleFlows=1
maxpossibleFlows=5
1 taint flow paths FOUND from <android.content.ContextWrapper: java.lang.String getPackageName()> to <android.content.Intent: android.content.Intent putExtra(java.lang.String,boolean)>
maxpossibleFlows=1
maxpossibleFlows=1
maxpossibleFlows=1
maxpossibleFlows=1
maxpossibleFlows=1
maxpossibleFlows=1
maxpossibleFlows=1
maxpossibleFlows=1
maxpossibleFlows=1
maxpossibleFlows=1
maxpossibleFlows=1
maxpossibleFlows=6
6 taint flow paths FOUND from <android.app.Activity: android.view.Window getWindow()> to <android.view.Window: void setFlags(int,int)>
maxpossibleFlows=22
maxpossibleFlows=2
maxpossibleFlows=2
maxpossibleFlows=25
maxpossibleFlows=60
24 taint flow paths FOUND from <org.apache.http.impl.client.AbstractHttpClient: org.apache.http.params.HttpParams getParams()> to <org.apache.http.params.AbstractHttpParams: org.apache.http.params.HttpParams setIntParameter(java.lang.String,int)>
maxpossibleFlows=22
maxpossibleFlows=33
maxpossibleFlows=22
maxpossibleFlows=33
maxpossibleFlows=33
maxpossibleFlows=33
maxpossibleFlows=22
maxpossibleFlows=22
maxpossibleFlows=33
maxpossibleFlows=33
maxpossibleFlows=16
maxpossibleFlows=22
maxpossibleFlows=33
maxpossibleFlows=22
maxpossibleFlows=22
maxpossibleFlows=22
maxpossibleFlows=22
maxpossibleFlows=66
maxpossibleFlows=22
maxpossibleFlows=66
maxpossibleFlows=22
maxpossibleFlows=16
maxpossibleFlows=66
maxpossibleFlows=21
maxpossibleFlows=22
maxpossibleFlows=33
maxpossibleFlows=22
maxpossibleFlows=22
maxpossibleFlows=33
maxpossibleFlows=66
maxpossibleFlows=33
maxpossibleFlows=33
maxpossibleFlows=33
maxpossibleFlows=66
maxpossibleFlows=22
maxpossibleFlows=33
maxpossibleFlows=22
maxpossibleFlows=33
maxpossibleFlows=25
maxpossibleFlows=33
maxpossibleFlows=22
maxpossibleFlows=22
maxpossibleFlows=33
maxpossibleFlows=25
maxpossibleFlows=22
maxpossibleFlows=22
maxpossibleFlows=22
maxpossibleFlows=33
maxpossibleFlows=22
maxpossibleFlows=22
maxpossibleFlows=22
maxpossibleFlows=19
maxpossibleFlows=165
165 taint flow paths FOUND from <java.lang.StringBuilder: java.lang.String toString()> to <android.content.ContextWrapper: java.io.FileInputStream openFileInput(java.lang.String)>
maxpossibleFlows=1
maxpossibleFlows=1
1 taint flow paths FOUND from <android.content.Intent: android.net.Uri getData()> to <android.content.Intent: android.content.Intent putExtra(java.lang.String,android.os.Parcelable)>
maxpossibleFlows=3
maxpossibleFlows=4
maxpossibleFlows=3
maxpossibleFlows=4
4 taint flow paths FOUND from <org.apache.http.impl.client.AbstractHttpClient: org.apache.http.params.HttpParams getParams()> to <org.apache.http.params.BasicHttpParams: org.apache.http.params.HttpParams setParameter(java.lang.String,java.lang.Object)>
maxpossibleFlows=1
maxpossibleFlows=1
maxpossibleFlows=1
maxpossibleFlows=1
maxpossibleFlows=1
maxpossibleFlows=1
maxpossibleFlows=1
maxpossibleFlows=1
maxpossibleFlows=1
maxpossibleFlows=1
maxpossibleFlows=1
maxpossibleFlows=1
maxpossibleFlows=1
maxpossibleFlows=1
maxpossibleFlows=1
maxpossibleFlows=1
maxpossibleFlows=1
maxpossibleFlows=5
maxpossibleFlows=5
maxpossibleFlows=1
maxpossibleFlows=5
maxpossibleFlows=5
maxpossibleFlows=1
maxpossibleFlows=5
5 taint flow paths FOUND from <android.content.ContextWrapper: java.lang.String getPackageName()> to <android.content.ContextWrapper: boolean bindService(android.content.Intent,android.content.ServiceConnection,int)>
maxpossibleFlows=1
maxpossibleFlows=5
maxpossibleFlows=8
maxpossibleFlows=5
maxpossibleFlows=1
maxpossibleFlows=8
maxpossibleFlows=8
2 taint flow paths FOUND from <android.content.ContextWrapper: android.content.Context getApplicationContext()> to <android.content.Intent: android.content.Intent putExtra(java.lang.String,java.lang.String)>
maxpossibleFlows=1
maxpossibleFlows=46
maxpossibleFlows=1
maxpossibleFlows=1
maxpossibleFlows=46
46 taint flow paths FOUND from <android.graphics.Bitmap: android.graphics.Bitmap createBitmap(int,int,android.graphics.Bitmap$Config)> to <android.graphics.drawable.Drawable: void setBounds(int,int,int,int)>
maxpossibleFlows=8
maxpossibleFlows=1
maxpossibleFlows=8
8 taint flow paths FOUND from <java.lang.String: byte[] getBytes()> to <java.io.OutputStream: void write(byte[])>
maxpossibleFlows=1
maxpossibleFlows=1
maxpossibleFlows=1
maxpossibleFlows=4
maxpossibleFlows=8
5 taint flow paths FOUND from <org.apache.http.impl.client.AbstractHttpClient: org.apache.http.params.HttpParams getParams()> to <org.apache.http.message.AbstractHttpMessage: void setHeader(java.lang.String,java.lang.String)>
maxpossibleFlows=8
maxpossibleFlows=8
maxpossibleFlows=8
8 taint flow paths FOUND from <android.content.ContextWrapper: android.content.Context getApplicationContext()> to <android.content.Intent: android.content.Intent putExtra(java.lang.String,int)>
maxpossibleFlows=22
9 taint flow paths FOUND from <java.security.KeyStore: java.lang.String getDefaultType()> to <org.apache.http.params.HttpProtocolParams: void setContentCharset(org.apache.http.params.HttpParams,java.lang.String)>
maxpossibleFlows=1
maxpossibleFlows=1
maxpossibleFlows=1
maxpossibleFlows=1
maxpossibleFlows=1
maxpossibleFlows=1
maxpossibleFlows=1
maxpossibleFlows=1
maxpossibleFlows=1
maxpossibleFlows=1
maxpossibleFlows=1
maxpossibleFlows=1
maxpossibleFlows=1
maxpossibleFlows=22
1 taint flow paths FOUND from <java.security.KeyStore: java.lang.String getDefaultType()> to <org.apache.http.conn.scheme.SchemeRegistry: org.apache.http.conn.scheme.Scheme register(org.apache.http.conn.scheme.Scheme)>
maxpossibleFlows=23
maxpossibleFlows=22
maxpossibleFlows=29
1 taint flow paths FOUND from <java.lang.Class: java.lang.reflect.Field getDeclaredField(java.lang.String)> to <java.lang.reflect.Field: void set(java.lang.Object,java.lang.Object)>
maxpossibleFlows=1
maxpossibleFlows=1
maxpossibleFlows=1
maxpossibleFlows=3
3 taint flow paths FOUND from <android.os.HandlerThread: android.os.Looper getLooper()> to <android.os.Handler: boolean sendEmptyMessage(int)>
Result for benign-app-1926-9745B71BEAD42A6B534DBEC4095B590204F470B891712E97A7485ABD07006031.apkorg.nwhy.Whackczkm