DUA-Forensics args to Soot: -w -cp /home/handrick/Documents/UNB/benchmark/libs/droidfax.jar:/home/handrick/Android/Sdk/platforms/android-19/android.jar -p cg verbose:false,implicit-entry:true -p cg.spark verbose:false,on-fly-cg:true,rta:false -d /home/handrick/Documents/UNB/benchmark/trace/180/2/droidbot/benign-app-79-B33B42B13EC0C076D759FA9FCF015B34C0787E58E110F87406FC31CC5D99B96E.apk.logcat -process-dir /home/handrick/Documents/UNB/benchmark/data/input/benign-app-79-B33B42B13EC0C076D759FA9FCF015B34C0787E58E110F87406FC31CC5D99B96E.apk 
Soot started on Fri Apr 15 13:18:55 CEST 2022
Warning: com.ironsource.mobilcore.BaseFlowBasedAdUnit is a phantom class!
Warning: java.lang.invoke.LambdaMetafactory is a phantom class!
Warning: java.lang.ref.Finalizer is a phantom class!
[Call Graph] For information on where the call graph may be incomplete, use the verbose option to the cg phase.
[Spark] Pointer Assignment Graph in 0.0 seconds.
[Spark] Type masks in 0.0 seconds.
[Spark] Pointer Graph simplified in 0.0 seconds.
[Spark] Propagation in 0.0 seconds.
[Spark] Solution found in 0.0 seconds.
hcai's internal transform
Running static analysis for security-relevant feature characterization
[GatorHierarchy] [32mVERBOSE[0m [HIER] All classes: 862
[GatorHierarchy] [32mVERBOSE[0m [App: 181, Lib : 678, Phantom: 3]
[GatorHierarchy] [32mVERBOSE[0m [HIER] Activities: 25, lib activities: 5
[GatorHierarchy] [32mVERBOSE[0m [HIER] App views: 3, Lib views: 14
[GatorHierarchy] [32mVERBOSE[0m [HIER] App Dialogs: 0, Lib Dialogs: 4
[TIMECOST] [32mVERBOSE[0m buildApplicationCodeMap parsing starting at 1650021536251
[TIMECOST] [32mVERBOSE[0m buildApplicationCodeMap parsing finished at 1650021537504
[Instantiated app classes] [32mVERBOSE[0m total number: 149
[WARNING] [32mVERBOSE[0m Callback method :onTransact in Class android.content.pm.IPackageStatsObserver$Stub added
[WARNING] [32mVERBOSE[0m Callback method :asBinder in Class android.content.pm.IPackageStatsObserver$Stub added
[WARNING] [32mVERBOSE[0m Callback method :onPause in Class com.arron.taskManager.taskManager2.ui.activities.HomeActivity added
[WARNING] [32mVERBOSE[0m Callback method :onCreate in Class com.arron.taskManager.taskManager2.ui.activities.HomeActivity added
[WARNING] [32mVERBOSE[0m Callback method :onCreateOptionsMenu in Class com.arron.taskManager.taskManager2.ui.activities.HomeActivity added
[WARNING] [32mVERBOSE[0m Callback method :onOptionsItemSelected in Class com.arron.taskManager.taskManager2.ui.activities.HomeActivity added
[WARNING] [32mVERBOSE[0m Callback method :onResume in Class com.arron.taskManager.taskManager2.ui.activities.HomeActivity added
[WARNING] [32mVERBOSE[0m Callback method :onCreate in Class com.arron.taskManager.ui.application.preferences.PreferencesActivity added
[WARNING] [32mVERBOSE[0m Callback method :onCreate in Class com.arron.taskManager.taskManager2.ui.activities.ShortCutActivity added
[WARNING] [32mVERBOSE[0m Callback method :onCreate in Class com.arron.taskManager.taskManager2.LauncherScreen added
[WARNING] [32mVERBOSE[0m Callback method :onReceive in Class com.arron.taskManager.services.EndTaskServiceReceiver added
[WARNING] [32mVERBOSE[0m Callback method :onCreate in Class com.arron.taskManager.ui.info.InformationViewActivity added
[WARNING] [32mVERBOSE[0m Callback method :onListItemClick in Class com.arron.taskManager.ui.application.ApplicationListView added
[WARNING] [32mVERBOSE[0m Callback method :onCreateContextMenu in Class com.arron.taskManager.ui.application.ApplicationListView added
[WARNING] [32mVERBOSE[0m Callback method :onCreate in Class com.arron.taskManager.ui.application.ApplicationListView added
[WARNING] [32mVERBOSE[0m Callback method :onCreateOptionsMenu in Class com.arron.taskManager.ui.application.ApplicationListView added
[WARNING] [32mVERBOSE[0m Callback method :onDestroy in Class com.arron.taskManager.ui.application.ApplicationListView added
[WARNING] [32mVERBOSE[0m Callback method :onOptionsItemSelected in Class com.arron.taskManager.ui.application.ApplicationListView added
[WARNING] [32mVERBOSE[0m Callback method :onContextItemSelected in Class com.arron.taskManager.ui.application.ApplicationListView added
[WARNING] [32mVERBOSE[0m Callback method :onCreate in Class com.arron.taskManager.ui.ExpiredView added
[WARNING] [32mVERBOSE[0m Callback method :create in Class com.arron.taskManager.ui.application.preferences.ListCheckboxActivity added
[WARNING] [32mVERBOSE[0m Callback method :onCreate in Class com.arron.taskManager.taskManager2.ui.activities.ShortCutOnClickActivity added
[WARNING] [32mVERBOSE[0m Callback method :onUpdate in Class com.arron.taskManager.widget.TaskManagerWidgetProvider added
[WARNING] [32mVERBOSE[0m Callback method :onCreate in Class com.arron.taskManager.ui.application.preferences.runningapps.ExcludeRunningAppsApplicationListViewForAutoEndService added
[WARNING] [32mVERBOSE[0m Callback method :onCreate in Class com.arron.taskManager.taskManager2.ui.activities.ApplicationsTabActivity added
[WARNING] [32mVERBOSE[0m Callback method :onCreate in Class com.arron.taskManager.ui.InformationViewActivity added
[WARNING] [32mVERBOSE[0m Callback method :onCreate in Class com.arron.taskManager.ui.preferences.PreferencesActivity added
[WARNING] [32mVERBOSE[0m Callback method :onCreate in Class com.arron.taskManager.ui.application.preferences.alwaysapps.EndAllApplicationListView added
[WARNING] [32mVERBOSE[0m Callback method :onCreate in Class com.arron.taskManager.ui.preferences.alwaysapps.EndAllApplicationListView added
[WARNING] [32mVERBOSE[0m Callback method :onBackPressed in Class com.arron.taskManager.taskManager2.ui.activities.ApplicationsActivity added
[WARNING] [32mVERBOSE[0m Callback method :onListItemClick in Class com.arron.taskManager.taskManager2.ui.activities.ApplicationsActivity added
[WARNING] [32mVERBOSE[0m Callback method :onCreateContextMenu in Class com.arron.taskManager.taskManager2.ui.activities.ApplicationsActivity added
[WARNING] [32mVERBOSE[0m Callback method :onCreate in Class com.arron.taskManager.taskManager2.ui.activities.ApplicationsActivity added
[WARNING] [32mVERBOSE[0m Callback method :onCreateOptionsMenu in Class com.arron.taskManager.taskManager2.ui.activities.ApplicationsActivity added
[WARNING] [32mVERBOSE[0m Callback method :onDestroy in Class com.arron.taskManager.taskManager2.ui.activities.ApplicationsActivity added
[WARNING] [32mVERBOSE[0m Callback method :onOptionsItemSelected in Class com.arron.taskManager.taskManager2.ui.activities.ApplicationsActivity added
[WARNING] [32mVERBOSE[0m Callback method :onResume in Class com.arron.taskManager.taskManager2.ui.activities.ApplicationsActivity added
[WARNING] [32mVERBOSE[0m Callback method :onContextItemSelected in Class com.arron.taskManager.taskManager2.ui.activities.ApplicationsActivity added
[WARNING] [32mVERBOSE[0m Callback method :onCreate in Class com.arron.taskManager.ui.process.AllAppsListView added
[WARNING] [32mVERBOSE[0m Callback method :onCreateOptionsMenu in Class com.arron.taskManager.ui.process.AllAppsListView added
[WARNING] [32mVERBOSE[0m Callback method :onOptionsItemSelected in Class com.arron.taskManager.ui.process.AllAppsListView added
[WARNING] [32mVERBOSE[0m Callback method :onCreate in Class com.arron.taskManager.ui.MainTabHostActivity added
[WARNING] [32mVERBOSE[0m Callback method :onListItemClick in Class com.arron.taskManager.ui.service.ServiceListView added
[WARNING] [32mVERBOSE[0m Callback method :onCreateContextMenu in Class com.arron.taskManager.ui.service.ServiceListView added
[WARNING] [32mVERBOSE[0m Callback method :onCreate in Class com.arron.taskManager.ui.service.ServiceListView added
[WARNING] [32mVERBOSE[0m Callback method :onCreateOptionsMenu in Class com.arron.taskManager.ui.service.ServiceListView added
[WARNING] [32mVERBOSE[0m Callback method :onDestroy in Class com.arron.taskManager.ui.service.ServiceListView added
[WARNING] [32mVERBOSE[0m Callback method :onOptionsItemSelected in Class com.arron.taskManager.ui.service.ServiceListView added
[WARNING] [32mVERBOSE[0m Callback method :onContextItemSelected in Class com.arron.taskManager.ui.service.ServiceListView added
[WARNING] [32mVERBOSE[0m Callback method :onBackPressed in Class com.arron.taskManager.taskManager2.ui.activities.SDCardActivity added
[WARNING] [32mVERBOSE[0m Callback method :onListItemClick in Class com.arron.taskManager.taskManager2.ui.activities.SDCardActivity added
[WARNING] [32mVERBOSE[0m Callback method :onItemClick in Class com.arron.taskManager.taskManager2.ui.activities.SDCardActivity added
[WARNING] [32mVERBOSE[0m Callback method :onCreate in Class com.arron.taskManager.taskManager2.ui.activities.SDCardActivity added
[WARNING] [32mVERBOSE[0m Callback method :onCancel in Class com.arron.taskManager.taskManager2.ui.activities.SDCardActivity added
[WARNING] [32mVERBOSE[0m Callback method :onClick in Class com.arron.taskManager.taskManager2.ui.activities.SDCardActivity added
[WARNING] [32mVERBOSE[0m Callback method :onResume in Class com.arron.taskManager.taskManager2.ui.activities.SDCardActivity added
[WARNING] [32mVERBOSE[0m Callback method :onSensorChanged in Class com.arron.taskManager.ui.AccelerometerShakeListener added
[WARNING] [32mVERBOSE[0m Callback method :onAccuracyChanged in Class com.arron.taskManager.ui.AccelerometerShakeListener added
[WARNING] [32mVERBOSE[0m Callback method :onBackPressed in Class com.arron.taskManager.taskManager2.ui.activities.UninstallActivity added
[WARNING] [32mVERBOSE[0m Callback method :onListItemClick in Class com.arron.taskManager.taskManager2.ui.activities.UninstallActivity added
[WARNING] [32mVERBOSE[0m Callback method :onCreateContextMenu in Class com.arron.taskManager.taskManager2.ui.activities.UninstallActivity added
[WARNING] [32mVERBOSE[0m Callback method :onItemClick in Class com.arron.taskManager.taskManager2.ui.activities.UninstallActivity added
[WARNING] [32mVERBOSE[0m Callback method :onCreate in Class com.arron.taskManager.taskManager2.ui.activities.UninstallActivity added
[WARNING] [32mVERBOSE[0m Callback method :onCancel in Class com.arron.taskManager.taskManager2.ui.activities.UninstallActivity added
[WARNING] [32mVERBOSE[0m Callback method :onClick in Class com.arron.taskManager.taskManager2.ui.activities.UninstallActivity added
[WARNING] [32mVERBOSE[0m Callback method :onResume in Class com.arron.taskManager.taskManager2.ui.activities.UninstallActivity added
[WARNING] [32mVERBOSE[0m Callback method :onContextItemSelected in Class com.arron.taskManager.taskManager2.ui.activities.UninstallActivity added
[WARNING] [32mVERBOSE[0m Callback method :onCreate in Class com.arron.taskManager.ui.system.SystemListView added
[WARNING] [32mVERBOSE[0m Callback method :onCreateOptionsMenu in Class com.arron.taskManager.ui.system.SystemListView added
[WARNING] [32mVERBOSE[0m Callback method :onOptionsItemSelected in Class com.arron.taskManager.ui.system.SystemListView added
[WARNING] [32mVERBOSE[0m Callback method :onCreate in Class com.arron.taskManager.ui.preferences.runningapps.ExcludeRunningAppsApplicationListViewForAutoEndService added
[WARNING] [32mVERBOSE[0m Callback method :onCreate in Class com.arron.taskManager.taskManager2.ui.activities.InformationViewActivity added
[WARNING] [32mVERBOSE[0m Callback method :create in Class com.arron.taskManager.ui.preferences.ListCheckboxActivity added
[WARNING] [32mVERBOSE[0m Callback method :onCreate in Class com.arron.taskManager.taskManager2.ui.activities.PreferencesActivity added
[WARNING] [32mVERBOSE[0m Callback method :onListItemClick in Class com.arron.taskManager.ui.uninstall.UninstallActivity added
[WARNING] [32mVERBOSE[0m Callback method :onItemClick in Class com.arron.taskManager.ui.uninstall.UninstallActivity added
[WARNING] [32mVERBOSE[0m Callback method :onCreate in Class com.arron.taskManager.ui.uninstall.UninstallActivity added
[WARNING] [32mVERBOSE[0m Callback method :onCancel in Class com.arron.taskManager.ui.uninstall.UninstallActivity added
[WARNING] [32mVERBOSE[0m Callback method :onClick in Class com.arron.taskManager.ui.uninstall.UninstallActivity added
[WARNING] [32mVERBOSE[0m Callback method :onResume in Class com.arron.taskManager.ui.uninstall.UninstallActivity added
[WARNING] [32mVERBOSE[0m Callback method :onReceive in Class com.arron.taskManager.services.AlarmsCancelServiceReceiver added
[WARNING] [32mVERBOSE[0m Callback method :onBind in Class com.arron.taskManager.widget.EndTaskActivity added
[WARNING] [32mVERBOSE[0m Callback method :onStart in Class com.arron.taskManager.widget.EndTaskActivity added
[WARNING] [32mVERBOSE[0m Callback method :onBind in Class com.arron.taskManager.services.EndTaskService added
[WARNING] [32mVERBOSE[0m Callback method :onStart in Class com.arron.taskManager.services.EndTaskService added
3 ICC links found and 1 cg edges added due to ICC links
dynamic conflated call graph: 255 methods; 255 nodes; 335 edges.
maxpossibleFlows=4
1 taint flow paths FOUND from <android.os.Environment: java.io.File getDataDirectory()> to <android.widget.TextView: void setText(java.lang.CharSequence)>
maxpossibleFlows=2
2 taint flow paths FOUND from <android.content.ContextWrapper: android.content.res.AssetManager getAssets()> to <android.content.res.AssetManager: android.content.res.XmlResourceParser openXmlResourceParser(java.lang.String)>
maxpossibleFlows=1
1 taint flow paths FOUND from <android.content.ContextWrapper: android.content.SharedPreferences getSharedPreferences(java.lang.String,int)> to <android.util.Log: int i(java.lang.String,java.lang.String)>
maxpossibleFlows=3
maxpossibleFlows=3
maxpossibleFlows=3
maxpossibleFlows=3
maxpossibleFlows=7
maxpossibleFlows=7
maxpossibleFlows=3
maxpossibleFlows=3
maxpossibleFlows=7
maxpossibleFlows=7
1 taint flow paths FOUND from <java.lang.Runtime: java.lang.Runtime getRuntime()> to <java.lang.String: boolean startsWith(java.lang.String)>
maxpossibleFlows=1
maxpossibleFlows=9
9 taint flow paths FOUND from <android.view.ContextThemeWrapper: android.content.res.Resources getResources()> to <android.widget.TextView: void setText(java.lang.CharSequence)>
maxpossibleFlows=7
maxpossibleFlows=7
maxpossibleFlows=3
maxpossibleFlows=3
maxpossibleFlows=1
1 taint flow paths FOUND from <android.preference.ListPreference: java.lang.String getValue()> to <android.preference.ListPreference: void setSummary(java.lang.CharSequence)>
maxpossibleFlows=12
maxpossibleFlows=12
maxpossibleFlows=12
maxpossibleFlows=12
maxpossibleFlows=8
2 taint flow paths FOUND from <android.os.StatFs: int getBlockCount()> to <android.widget.TextView: void setText(java.lang.CharSequence)>
maxpossibleFlows=1
maxpossibleFlows=9
9 taint flow paths FOUND from <android.content.res.Resources: java.lang.String getString(int)> to <android.widget.TextView: void setText(java.lang.CharSequence)>
maxpossibleFlows=4
1 taint flow paths FOUND from <android.os.Environment: java.io.File getExternalStorageDirectory()> to <android.widget.TextView: void setText(java.lang.CharSequence)>
maxpossibleFlows=1
maxpossibleFlows=1
maxpossibleFlows=1
maxpossibleFlows=1
maxpossibleFlows=1
1 taint flow paths FOUND from <android.app.AlertDialog$Builder: android.app.AlertDialog show()> to <android.view.View: void setVisibility(int)>
maxpossibleFlows=1
maxpossibleFlows=9
9 taint flow paths FOUND from <java.lang.StringBuilder: java.lang.String toString()> to <android.widget.TextView: void setText(java.lang.CharSequence)>
maxpossibleFlows=1
1 taint flow paths FOUND from <android.widget.TextView: android.graphics.drawable.Drawable[] getCompoundDrawables()> to <android.widget.TextView: void setCompoundDrawablesWithIntrinsicBounds(android.graphics.drawable.Drawable,android.graphics.drawable.Drawable,android.graphics.drawable.Drawable,android.graphics.drawable.Drawable)>
maxpossibleFlows=1
1 taint flow paths FOUND from <java.lang.Long: long longValue()> to <android.util.Log: int i(java.lang.String,java.lang.String)>
maxpossibleFlows=1
maxpossibleFlows=9
9 taint flow paths FOUND from <android.app.ActivityManager: void getMemoryInfo(android.app.ActivityManager$MemoryInfo)> to <android.widget.TextView: void setText(java.lang.CharSequence)>
maxpossibleFlows=7
maxpossibleFlows=7
maxpossibleFlows=3
maxpossibleFlows=3
maxpossibleFlows=1
maxpossibleFlows=4
maxpossibleFlows=1
maxpossibleFlows=1
1 taint flow paths FOUND from <java.util.ArrayList: java.lang.Object get(int)> to <android.app.Activity: void startActivity(android.content.Intent)>
maxpossibleFlows=7
maxpossibleFlows=7
maxpossibleFlows=3
maxpossibleFlows=3
maxpossibleFlows=19
19 taint flow paths FOUND from <android.view.ViewGroup: android.view.View getChildAt(int)> to <android.widget.TextView: void setText(java.lang.CharSequence)>
maxpossibleFlows=8
2 taint flow paths FOUND from <android.os.StatFs: int getBlockSize()> to <android.widget.TextView: void setText(java.lang.CharSequence)>
maxpossibleFlows=12
maxpossibleFlows=12
maxpossibleFlows=24
maxpossibleFlows=12
maxpossibleFlows=1
maxpossibleFlows=9
9 taint flow paths FOUND from <java.lang.StringBuffer: java.lang.String toString()> to <android.widget.TextView: void setText(java.lang.CharSequence)>
maxpossibleFlows=12
maxpossibleFlows=12
maxpossibleFlows=12
maxpossibleFlows=12
maxpossibleFlows=8
2 taint flow paths FOUND from <android.os.StatFs: int getAvailableBlocks()> to <android.widget.TextView: void setText(java.lang.CharSequence)>
maxpossibleFlows=12
maxpossibleFlows=7
maxpossibleFlows=12
maxpossibleFlows=24
maxpossibleFlows=12
maxpossibleFlows=3
maxpossibleFlows=3
maxpossibleFlows=3
maxpossibleFlows=3
maxpossibleFlows=3
maxpossibleFlows=3
maxpossibleFlows=3
maxpossibleFlows=3
maxpossibleFlows=3
maxpossibleFlows=3
maxpossibleFlows=3
maxpossibleFlows=3
maxpossibleFlows=2
2 taint flow paths FOUND from <android.content.ContextWrapper: android.content.Context createPackageContext(java.lang.String,int)> to <android.content.res.AssetManager: android.content.res.XmlResourceParser openXmlResourceParser(java.lang.String)>
maxpossibleFlows=8
2 taint flow paths FOUND from <java.io.File: java.lang.String getPath()> to <android.widget.TextView: void setText(java.lang.CharSequence)>
maxpossibleFlows=9
9 taint flow paths FOUND from <android.view.LayoutInflater: android.view.View inflate(int,android.view.ViewGroup,boolean)> to <android.widget.TextView: void setText(java.lang.CharSequence)>
maxpossibleFlows=9
9 taint flow paths FOUND from <android.app.Activity: android.view.LayoutInflater getLayoutInflater()> to <android.widget.TextView: void setText(java.lang.CharSequence)>
maxpossibleFlows=7
maxpossibleFlows=7
maxpossibleFlows=3
maxpossibleFlows=3
maxpossibleFlows=1
maxpossibleFlows=9
9 taint flow paths FOUND from <android.app.Activity: java.lang.Object getSystemService(java.lang.String)> to <android.widget.TextView: void setText(java.lang.CharSequence)>
maxpossibleFlows=3
maxpossibleFlows=3
maxpossibleFlows=3
maxpossibleFlows=3
3 taint flow paths FOUND from <android.app.ListActivity: android.widget.ListView getListView()> to <android.view.View: void setVisibility(int)>
maxpossibleFlows=4
maxpossibleFlows=1
maxpossibleFlows=4
maxpossibleFlows=3
maxpossibleFlows=3
3 taint flow paths FOUND from <android.app.Activity: android.view.Window getWindow()> to <android.app.Activity: void setContentView(int)>
maxpossibleFlows=12
12 taint flow paths FOUND from <android.view.View: android.content.res.Resources getResources()> to <android.widget.TextView: void setText(java.lang.CharSequence)>
maxpossibleFlows=1
1 taint flow paths FOUND from <android.content.res.Resources: android.graphics.drawable.Drawable getDrawable(int)> to <android.widget.TextView: void setCompoundDrawablesWithIntrinsicBounds(android.graphics.drawable.Drawable,android.graphics.drawable.Drawable,android.graphics.drawable.Drawable,android.graphics.drawable.Drawable)>
maxpossibleFlows=1
1 taint flow paths FOUND from <android.content.ContextWrapper: android.content.SharedPreferences getSharedPreferences(java.lang.String,int)> to <android.util.Log: int i(java.lang.String,java.lang.String)>
maxpossibleFlows=1
maxpossibleFlows=1
maxpossibleFlows=1
maxpossibleFlows=1
1 taint flow paths FOUND from <android.widget.TextView: android.graphics.drawable.Drawable[] getCompoundDrawables()> to <android.widget.TextView: void setCompoundDrawablesWithIntrinsicBounds(android.graphics.drawable.Drawable,android.graphics.drawable.Drawable,android.graphics.drawable.Drawable,android.graphics.drawable.Drawable)>
maxpossibleFlows=4
1 taint flow paths FOUND from <android.os.Environment: java.io.File getDataDirectory()> to <android.widget.TextView: void setText(java.lang.CharSequence)>
maxpossibleFlows=1
maxpossibleFlows=3
maxpossibleFlows=3
maxpossibleFlows=7
maxpossibleFlows=7
1 taint flow paths FOUND from <java.lang.Runtime: java.lang.Runtime getRuntime()> to <java.lang.String: boolean startsWith(java.lang.String)>
maxpossibleFlows=1
1 taint flow paths FOUND from <android.view.ContextThemeWrapper: android.content.res.Resources getResources()> to <android.preference.ListPreference: void setSummary(java.lang.CharSequence)>
maxpossibleFlows=1
maxpossibleFlows=1
maxpossibleFlows=1
maxpossibleFlows=12
maxpossibleFlows=1
maxpossibleFlows=1
maxpossibleFlows=1
maxpossibleFlows=1
maxpossibleFlows=1
maxpossibleFlows=12
maxpossibleFlows=1
maxpossibleFlows=12
maxpossibleFlows=12
maxpossibleFlows=1
maxpossibleFlows=12
maxpossibleFlows=1
maxpossibleFlows=1
maxpossibleFlows=12
12 taint flow paths FOUND from <android.view.View: android.content.res.Resources getResources()> to <android.widget.TextView: void setTextSize(float)>
maxpossibleFlows=1
maxpossibleFlows=12
maxpossibleFlows=1
maxpossibleFlows=1
maxpossibleFlows=1
maxpossibleFlows=1
maxpossibleFlows=38
38 taint flow paths FOUND from <android.view.ViewGroup: android.view.View getChildAt(int)> to <android.widget.ImageView: void setImageDrawable(android.graphics.drawable.Drawable)>
maxpossibleFlows=12
maxpossibleFlows=12
maxpossibleFlows=12
maxpossibleFlows=12
maxpossibleFlows=12
maxpossibleFlows=12
12 taint flow paths FOUND from <android.view.View: android.content.res.Resources getResources()> to <android.widget.TextView: void setPadding(int,int,int,int)>
maxpossibleFlows=1
1 taint flow paths FOUND from <java.util.ArrayList: java.lang.Object get(int)> to <android.app.Activity: void startActivity(android.content.Intent)>
maxpossibleFlows=4
maxpossibleFlows=4
4 taint flow paths FOUND from <android.content.ContextWrapper: android.content.SharedPreferences getSharedPreferences(java.lang.String,int)> to <android.app.Activity: void setContentView(int)>
maxpossibleFlows=3
maxpossibleFlows=3
maxpossibleFlows=3
maxpossibleFlows=3
maxpossibleFlows=3
maxpossibleFlows=3
3 taint flow paths FOUND from <android.content.ContextWrapper: android.content.SharedPreferences getSharedPreferences(java.lang.String,int)> to <android.view.View: void setVisibility(int)>
maxpossibleFlows=3
maxpossibleFlows=3
maxpossibleFlows=9
maxpossibleFlows=9
maxpossibleFlows=3
1 taint flow paths FOUND from <android.app.Activity: android.view.Window getWindow()> to <android.widget.TabHost$TabSpec: android.widget.TabHost$TabSpec setIndicator(android.view.View)>
maxpossibleFlows=3
maxpossibleFlows=3
maxpossibleFlows=9
maxpossibleFlows=9
maxpossibleFlows=3
1 taint flow paths FOUND from <android.app.Activity: android.view.Window getWindow()> to <android.widget.TabHost$TabSpec: android.widget.TabHost$TabSpec setContent(android.content.Intent)>
maxpossibleFlows=2
2 taint flow paths FOUND from <android.content.ContextWrapper: android.content.res.AssetManager getAssets()> to <android.content.res.AssetManager: android.content.res.XmlResourceParser openXmlResourceParser(java.lang.String)>
[WARNING] [32mVERBOSE[0m Callback method :<init> in Class com.arron.taskManager.taskManager2.ui.activities.SDCardActivity
[WARNING] [32mVERBOSE[0m Callback method :onBackPressed in Class com.arron.taskManager.taskManager2.ui.activities.SDCardActivity
[WARNING] [32mVERBOSE[0m Callback method :onCancel in Class com.arron.taskManager.taskManager2.ui.activities.SDCardActivity
[WARNING] [32mVERBOSE[0m Callback method :onClick in Class com.arron.taskManager.taskManager2.ui.activities.SDCardActivity
[WARNING] [32mVERBOSE[0m Callback method :onCreate in Class com.arron.taskManager.taskManager2.ui.activities.SDCardActivity
[WARNING] [32mVERBOSE[0m Callback method :onItemClick in Class com.arron.taskManager.taskManager2.ui.activities.SDCardActivity
[WARNING] [32mVERBOSE[0m Callback method :onListItemClick in Class com.arron.taskManager.taskManager2.ui.activities.SDCardActivity
[WARNING] [32mVERBOSE[0m Callback method :onResume in Class com.arron.taskManager.taskManager2.ui.activities.SDCardActivity
[WARNING] [32mVERBOSE[0m Callback method :<init> in Class com.arron.taskManager.taskManager2.ui.activities.UninstallActivity
[WARNING] [32mVERBOSE[0m Callback method :onBackPressed in Class com.arron.taskManager.taskManager2.ui.activities.UninstallActivity
[WARNING] [32mVERBOSE[0m Callback method :onCancel in Class com.arron.taskManager.taskManager2.ui.activities.UninstallActivity
[WARNING] [32mVERBOSE[0m Callback method :onClick in Class com.arron.taskManager.taskManager2.ui.activities.UninstallActivity
[WARNING] [32mVERBOSE[0m Callback method :onContextItemSelected in Class com.arron.taskManager.taskManager2.ui.activities.UninstallActivity
[WARNING] [32mVERBOSE[0m Callback method :onCreate in Class com.arron.taskManager.taskManager2.ui.activities.UninstallActivity
[WARNING] [32mVERBOSE[0m Callback method :onCreateContextMenu in Class com.arron.taskManager.taskManager2.ui.activities.UninstallActivity
[WARNING] [32mVERBOSE[0m Callback method :onItemClick in Class com.arron.taskManager.taskManager2.ui.activities.UninstallActivity
[WARNING] [32mVERBOSE[0m Callback method :onListItemClick in Class com.arron.taskManager.taskManager2.ui.activities.UninstallActivity
[WARNING] [32mVERBOSE[0m Callback method :onResume in Class com.arron.taskManager.taskManager2.ui.activities.UninstallActivity
[WARNING] [32mVERBOSE[0m Callback method :onAccuracyChanged in Class com.arron.taskManager.ui.AccelerometerShakeListener
[WARNING] [32mVERBOSE[0m Callback method :onSensorChanged in Class com.arron.taskManager.ui.AccelerometerShakeListener
[WARNING] [32mVERBOSE[0m Callback method :<init> in Class com.arron.taskManager.ui.uninstall.UninstallActivity
[WARNING] [32mVERBOSE[0m Callback method :onCancel in Class com.arron.taskManager.ui.uninstall.UninstallActivity
[WARNING] [32mVERBOSE[0m Callback method :onClick in Class com.arron.taskManager.ui.uninstall.UninstallActivity
[WARNING] [32mVERBOSE[0m Callback method :onCreate in Class com.arron.taskManager.ui.uninstall.UninstallActivity
[WARNING] [32mVERBOSE[0m Callback method :onItemClick in Class com.arron.taskManager.ui.uninstall.UninstallActivity
[WARNING] [32mVERBOSE[0m Callback method :onListItemClick in Class com.arron.taskManager.ui.uninstall.UninstallActivity
[WARNING] [32mVERBOSE[0m Callback method :onResume in Class com.arron.taskManager.ui.uninstall.UninstallActivity
Result for benign-app-79-B33B42B13EC0C076D759FA9FCF015B34C0787E58E110F87406FC31CC5D99B96E.apkcom.arron.taskManager