DUA-Forensics args to Soot: -w -cp /home/handrick/Documents/UNB/benchmark/libs/droidfax.jar:/home/handrick/Android/Sdk/platforms/android-19/android.jar -p cg verbose:false,implicit-entry:true -p cg.spark verbose:false,on-fly-cg:true,rta:false -d /home/handrick/Documents/UNB/benchmark/trace/180/2/droidbot/malicious-app-34-89AB2F26037AE77408870F2AB4EE6B6A31D1BFAD5EE463C82AA0524E02A2E399.apk.logcat -process-dir /home/handrick/Documents/UNB/benchmark/data/input/malicious-app-34-89AB2F26037AE77408870F2AB4EE6B6A31D1BFAD5EE463C82AA0524E02A2E399.apk 
Soot started on Fri Apr 15 13:12:11 CEST 2022
Warning: com.ironsource.mobilcore.BaseFlowBasedAdUnit is a phantom class!
Warning: java.lang.invoke.LambdaMetafactory is a phantom class!
Warning: java.lang.ref.Finalizer is a phantom class!
[Call Graph] For information on where the call graph may be incomplete, use the verbose option to the cg phase.
[Spark] Pointer Assignment Graph in 0.0 seconds.
[Spark] Type masks in 0.0 seconds.
[Spark] Pointer Graph simplified in 0.0 seconds.
[Spark] Propagation in 0.0 seconds.
[Spark] Solution found in 0.0 seconds.
hcai's internal transform
Running static analysis for security-relevant feature characterization
[GatorHierarchy] [32mVERBOSE[0m [HIER] All classes: 1090
[GatorHierarchy] [32mVERBOSE[0m [App: 185, Lib : 902, Phantom: 3]
[GatorHierarchy] [32mVERBOSE[0m [HIER] Activities: 12, lib activities: 3
[GatorHierarchy] [32mVERBOSE[0m [HIER] App views: 12, Lib views: 18
[GatorHierarchy] [32mVERBOSE[0m [HIER] App Dialogs: 1, Lib Dialogs: 4
[TIMECOST] [32mVERBOSE[0m buildApplicationCodeMap parsing starting at 1650021132829
[TIMECOST] [32mVERBOSE[0m buildApplicationCodeMap parsing finished at 1650021135305
[Instantiated app classes] [32mVERBOSE[0m total number: 209
[WARNING] [32mVERBOSE[0m Callback method :onUnbind in Class com.airpush.android.PushService added
[WARNING] [32mVERBOSE[0m Callback method :onBind in Class com.airpush.android.PushService added
[WARNING] [32mVERBOSE[0m Callback method :onDestroy in Class com.airpush.android.PushService added
[WARNING] [32mVERBOSE[0m Callback method :onStart in Class com.airpush.android.PushService added
[WARNING] [32mVERBOSE[0m Callback method :onLowMemory in Class com.airpush.android.PushService added
[WARNING] [32mVERBOSE[0m Callback method :onPause in Class com.circlethecat.CircleTheCat added
[WARNING] [32mVERBOSE[0m Callback method :onCreate in Class com.circlethecat.CircleTheCat added
[WARNING] [32mVERBOSE[0m Callback method :onCreateOptionsMenu in Class com.circlethecat.CircleTheCat added
[WARNING] [32mVERBOSE[0m Callback method :onOptionsItemSelected in Class com.circlethecat.CircleTheCat added
[WARNING] [32mVERBOSE[0m Callback method :onResume in Class com.circlethecat.CircleTheCat added
[WARNING] [32mVERBOSE[0m Callback method :onKeyDown in Class com.airpush.android.Main added
[WARNING] [32mVERBOSE[0m Callback method :onCreate in Class com.airpush.android.Main added
[WARNING] [32mVERBOSE[0m Callback method :onReceive in Class com.circlethecat.BootReceiver added
[WARNING] [32mVERBOSE[0m Callback method :onKeyDown in Class com.airpush.android.PushAds added
[WARNING] [32mVERBOSE[0m Callback method :onCreate in Class com.airpush.android.PushAds added
[WARNING] [32mVERBOSE[0m Callback method :onReceive in Class com.airpush.android.DeliveryReceiver added
[WARNING] [32mVERBOSE[0m Callback method :onCreate in Class com.circlethecat.Instructions added
[WARNING] [32mVERBOSE[0m Callback method :onCreate in Class com.circlethecat.Splash added
[WARNING] [32mVERBOSE[0m Callback method :onConfigurationChanged in Class com.admob.android.ads.AdMobActivity added
[WARNING] [32mVERBOSE[0m Callback method :finish in Class com.admob.android.ads.AdMobActivity added
[WARNING] [32mVERBOSE[0m Callback method :onCreate in Class com.admob.android.ads.AdMobActivity added
[WARNING] [32mVERBOSE[0m Callback method :onDestroy in Class com.admob.android.ads.AdMobActivity added
[WARNING] [32mVERBOSE[0m Callback method :onReceive in Class com.airpush.android.MessageReceiver added
[WARNING] [32mVERBOSE[0m Callback method :onReceive in Class com.admob.android.ads.analytics.InstallReceiver added
[WARNING] [32mVERBOSE[0m Callback method :onCreate in Class com.circlethecat.MoreFromDeveloper added
[WARNING] [32mVERBOSE[0m Callback method :onReceive in Class com.airpush.android.BootReceiver added
[WARNING] [32mVERBOSE[0m Callback method :onCreate in Class com.circlethecat.Statistics added
[WARNING] [32mVERBOSE[0m Callback method :onCreateOptionsMenu in Class com.circlethecat.Statistics added
[WARNING] [32mVERBOSE[0m Callback method :onOptionsItemSelected in Class com.circlethecat.Statistics added
[WARNING] [32mVERBOSE[0m Callback method :onCreate in Class com.circlethecat.Settings_Preferences added
[WARNING] [32mVERBOSE[0m Callback method :onReceive in Class com.airpush.android.UserDetailsReceiver added
[WARNING] [32mVERBOSE[0m Callback method :onCreate in Class com.circlethecat.Home added
[WARNING] [32mVERBOSE[0m Callback method :onClick in Class com.circlethecat.Home added
[WARNING] [32mVERBOSE[0m Callback method :onCreate in Class com.facebook.android.ScoreToFacebook added
[WARNING] [32mVERBOSE[0m Callback method :onActivityResult in Class com.facebook.android.ScoreToFacebook added
[WARNING] [32mVERBOSE[0m Callback method :onCreate in Class com.circlethecat.About added
0 ICC links found and 0 cg edges added due to ICC links
dynamic conflated call graph: 130 methods; 130 nodes; 205 edges.
maxpossibleFlows=1
maxpossibleFlows=1
maxpossibleFlows=1
maxpossibleFlows=1
1 taint flow paths FOUND from <android.content.ContextWrapper: android.content.SharedPreferences getSharedPreferences(java.lang.String,int)> to <android.util.Log: int i(java.lang.String,java.lang.String)>
maxpossibleFlows=1
maxpossibleFlows=1
1 taint flow paths FOUND from <android.content.Intent: java.lang.String getStringExtra(java.lang.String)> to <android.util.Log: int e(java.lang.String,java.lang.String)>
maxpossibleFlows=1
maxpossibleFlows=1
maxpossibleFlows=1
1 taint flow paths FOUND from <android.app.Activity: android.content.Intent getIntent()> to <android.view.View: void setBackgroundResource(int)>
maxpossibleFlows=1
maxpossibleFlows=1
maxpossibleFlows=1
1 taint flow paths FOUND from <android.content.Intent: boolean getBooleanExtra(java.lang.String,boolean)> to <android.view.View: void setBackgroundResource(int)>
maxpossibleFlows=1
maxpossibleFlows=1
maxpossibleFlows=1
maxpossibleFlows=1
maxpossibleFlows=1
maxpossibleFlows=1
maxpossibleFlows=1
maxpossibleFlows=1
maxpossibleFlows=1
maxpossibleFlows=1
maxpossibleFlows=1
maxpossibleFlows=1
maxpossibleFlows=1
maxpossibleFlows=1
maxpossibleFlows=1
maxpossibleFlows=1
maxpossibleFlows=1
maxpossibleFlows=1
maxpossibleFlows=1
maxpossibleFlows=1
maxpossibleFlows=1
maxpossibleFlows=1
maxpossibleFlows=1
maxpossibleFlows=1
maxpossibleFlows=1
maxpossibleFlows=1
maxpossibleFlows=1
maxpossibleFlows=1
maxpossibleFlows=1
maxpossibleFlows=1
maxpossibleFlows=1
maxpossibleFlows=1
maxpossibleFlows=1
maxpossibleFlows=1
maxpossibleFlows=1
maxpossibleFlows=1
maxpossibleFlows=1
maxpossibleFlows=1
maxpossibleFlows=1
maxpossibleFlows=1
maxpossibleFlows=1
1 taint flow paths FOUND from <android.app.PendingIntent: android.app.PendingIntent getBroadcast(android.content.Context,int,android.content.Intent,int)> to <android.app.AlarmManager: void setInexactRepeating(int,long,long,android.app.PendingIntent)>
maxpossibleFlows=1
1 taint flow paths FOUND from <android.view.View: int getId()> to <android.app.Activity: void startActivity(android.content.Intent)>
maxpossibleFlows=1
1 taint flow paths FOUND from <android.content.Intent: java.lang.String getAction()> to <android.util.Log: int i(java.lang.String,java.lang.String)>
maxpossibleFlows=1
maxpossibleFlows=1
maxpossibleFlows=1
1 taint flow paths FOUND from <android.app.Activity: java.lang.Object getSystemService(java.lang.String)> to <android.app.AlarmManager: void setInexactRepeating(int,long,long,android.app.PendingIntent)>
maxpossibleFlows=1
1 taint flow paths FOUND from <java.lang.StringBuilder: java.lang.String toString()> to <android.util.Log: int i(java.lang.String,java.lang.String)>
maxpossibleFlows=1
maxpossibleFlows=1
maxpossibleFlows=1
maxpossibleFlows=1
maxpossibleFlows=1
maxpossibleFlows=1
maxpossibleFlows=1
maxpossibleFlows=1
maxpossibleFlows=1
maxpossibleFlows=1
maxpossibleFlows=1
maxpossibleFlows=1
maxpossibleFlows=1
maxpossibleFlows=1
maxpossibleFlows=1
maxpossibleFlows=1
maxpossibleFlows=1
maxpossibleFlows=1
maxpossibleFlows=1
maxpossibleFlows=1
maxpossibleFlows=1
maxpossibleFlows=1
1 taint flow paths FOUND from <android.content.ContextWrapper: android.content.Context getApplicationContext()> to <android.app.Activity: void setContentView(int)>
maxpossibleFlows=1
maxpossibleFlows=1
maxpossibleFlows=1
maxpossibleFlows=1
maxpossibleFlows=1
maxpossibleFlows=1
maxpossibleFlows=1
maxpossibleFlows=1
maxpossibleFlows=1
maxpossibleFlows=1
maxpossibleFlows=1
maxpossibleFlows=1
maxpossibleFlows=1
maxpossibleFlows=1
maxpossibleFlows=1
maxpossibleFlows=1
1 taint flow paths FOUND from <android.content.ContextWrapper: android.content.SharedPreferences getSharedPreferences(java.lang.String,int)> to <android.util.Log: int i(java.lang.String,java.lang.String)>
maxpossibleFlows=1
1 taint flow paths FOUND from <android.content.ContextWrapper: android.content.SharedPreferences getSharedPreferences(java.lang.String,int)> to <android.util.Log: int e(java.lang.String,java.lang.String)>
maxpossibleFlows=1
1 taint flow paths FOUND from <android.content.ContextWrapper: android.content.SharedPreferences getSharedPreferences(java.lang.String,int)> to <android.app.AlarmManager: void setInexactRepeating(int,long,long,android.app.PendingIntent)>
maxpossibleFlows=1
1 taint flow paths FOUND from <android.content.ContextWrapper: android.content.SharedPreferences getSharedPreferences(java.lang.String,int)> to <android.app.AlarmManager: void set(int,long,android.app.PendingIntent)>
maxpossibleFlows=3
3 taint flow paths FOUND from <android.content.ContextWrapper: android.content.SharedPreferences getSharedPreferences(java.lang.String,int)> to <android.content.Intent: android.content.Intent putExtra(java.lang.String,java.lang.String)>
maxpossibleFlows=1
maxpossibleFlows=1
maxpossibleFlows=1
1 taint flow paths FOUND from <android.content.Intent: java.lang.String getAction()> to <android.content.ContextWrapper: android.content.ComponentName startService(android.content.Intent)>
maxpossibleFlows=2
2 taint flow paths FOUND from <android.content.ContextWrapper: android.content.SharedPreferences getSharedPreferences(java.lang.String,int)> to <android.content.Intent: android.content.Intent setAction(java.lang.String)>
maxpossibleFlows=1
1 taint flow paths FOUND from <android.content.ContextWrapper: android.content.SharedPreferences getSharedPreferences(java.lang.String,int)> to <android.content.Intent: android.content.Intent putExtra(java.lang.String,int)>
maxpossibleFlows=1
1 taint flow paths FOUND from <android.view.View: int getId()> to <android.app.Activity: void startActivity(android.content.Intent)>
maxpossibleFlows=1
maxpossibleFlows=1
maxpossibleFlows=1
maxpossibleFlows=1
maxpossibleFlows=1
maxpossibleFlows=1
maxpossibleFlows=1
maxpossibleFlows=1
maxpossibleFlows=1
maxpossibleFlows=1
maxpossibleFlows=1
maxpossibleFlows=1
maxpossibleFlows=1
maxpossibleFlows=1
maxpossibleFlows=1
maxpossibleFlows=1
1 taint flow paths FOUND from <android.content.ContextWrapper: android.content.Context getApplicationContext()> to <android.app.Activity: void setContentView(int)>
maxpossibleFlows=1
1 taint flow paths FOUND from <android.content.ContextWrapper: android.content.SharedPreferences getSharedPreferences(java.lang.String,int)> to <android.content.Intent: android.content.Intent putExtra(java.lang.String,boolean)>
maxpossibleFlows=1
maxpossibleFlows=1
maxpossibleFlows=1
1 taint flow paths FOUND from <android.app.Activity: android.content.Intent getIntent()> to <android.view.View: void setBackgroundResource(int)>
[WARNING] [32mVERBOSE[0m Callback method :<init> in Class com.circlethecat.Home
[WARNING] [32mVERBOSE[0m Callback method :onClick in Class com.circlethecat.Home
[WARNING] [32mVERBOSE[0m Callback method :onCreate in Class com.circlethecat.Home
Result for malicious-app-34-89AB2F26037AE77408870F2AB4EE6B6A31D1BFAD5EE463C82AA0524E02A2E399.apkcom.circlethecat