DUA-Forensics args to Soot: -w -cp /home/hcosta/bench/benchmark/libs/droidfax.jar:/home/hcosta/Android/Sdk/platforms/android-28/android.jar -p cg verbose:false,implicit-entry:true -p cg.spark verbose:false,on-fly-cg:true,rta:false -d /home/hcosta/bench/benchmark/trace/180/1/droidbot/benign-app-61-8B1E57EEDC39E8AF15ED49FD3C5D25F3866E6F9F0873AD7CBBABA8912CCD3C06.apk.logcat -process-dir /home/hcosta/bench/benchmark/data/input/benign-app-61-8B1E57EEDC39E8AF15ED49FD3C5D25F3866E6F9F0873AD7CBBABA8912CCD3C06.apk 
Soot started on Tue Apr 19 16:35:24 CEST 2022
Warning: com.ironsource.mobilcore.BaseFlowBasedAdUnit is a phantom class!
Warning: java.lang.invoke.LambdaMetafactory is a phantom class!
Warning: java.lang.ref.Finalizer is a phantom class!
Warning: org.apache.http.client.HttpClient is a phantom class!
Warning: org.apache.http.HttpEntity is a phantom class!
Warning: org.apache.http.HttpResponse is a phantom class!
Warning: org.apache.http.StatusLine is a phantom class!
Warning: org.apache.http.client.methods.HttpGet is a phantom class!
Warning: org.apache.http.client.methods.HttpUriRequest is a phantom class!
Warning: org.apache.http.impl.client.DefaultHttpClient is a phantom class!
Warning: org.apache.http.util.EntityUtils is a phantom class!
No main class given. Inferred 'org.kobjects.crypt.Crypt' as main class.
[Call Graph] For information on where the call graph may be incomplete, use the verbose option to the cg phase.
[Spark] Pointer Assignment Graph in 0.3 seconds.
[Spark] Type masks in 0.0 seconds.
[Spark] Pointer Graph simplified in 0.0 seconds.
[Spark] Propagation in 0.0 seconds.
[Spark] Solution found in 0.0 seconds.
hcai's internal transform
Running static analysis for security-relevant feature characterization
[GatorHierarchy] [32mVERBOSE[0m [HIER] All classes: 2263
[GatorHierarchy] [32mVERBOSE[0m [App: 1160, Lib : 1092, Phantom: 11]
[GatorHierarchy] [32mVERBOSE[0m [HIER] Activities: 26, lib activities: 3
[GatorHierarchy] [32mVERBOSE[0m [HIER] App views: 8, Lib views: 20
[GatorHierarchy] [32mVERBOSE[0m [HIER] App Dialogs: 0, Lib Dialogs: 3
[TIMECOST] [32mVERBOSE[0m buildApplicationCodeMap parsing starting at 1650378925532
[TIMECOST] [32mVERBOSE[0m buildApplicationCodeMap parsing finished at 1650378928054
[Instantiated app classes] [32mVERBOSE[0m total number: 446
[WARNING] [32mVERBOSE[0m Callback method :onCreate in Class com.chinat2t.yuncoo.BaseActivity added
[WARNING] [32mVERBOSE[0m Callback method :onClick in Class com.chinat2t.yuncoo.BaseActivity added
[WARNING] [32mVERBOSE[0m Callback method :onCreate in Class com.chinat2t.yuncoo.BaseActivity added
[WARNING] [32mVERBOSE[0m Callback method :onClick in Class com.chinat2t.yuncoo.BaseActivity added
[WARNING] [32mVERBOSE[0m Callback method :onCreate in Class com.chinat2t.yuncoo.BaseActivity added
[WARNING] [32mVERBOSE[0m Callback method :onKeyUp in Class com.chinat2t.yuncoo.Menu3Activity added
[WARNING] [32mVERBOSE[0m Callback method :onClick in Class com.chinat2t.yuncoo.BaseActivity added
[WARNING] [32mVERBOSE[0m Callback method :getItem in Class android.support.v4.widget.CursorAdapter added
[WARNING] [32mVERBOSE[0m Callback method :getView in Class android.support.v4.widget.CursorAdapter added
[WARNING] [32mVERBOSE[0m Callback method :getDropDownView in Class android.support.v4.widget.CursorAdapter added
[WARNING] [32mVERBOSE[0m Callback method :getFilter in Class android.support.v4.widget.CursorAdapter added
[WARNING] [32mVERBOSE[0m Callback method :getCount in Class android.support.v4.widget.CursorAdapter added
[WARNING] [32mVERBOSE[0m Callback method :getItemId in Class android.support.v4.widget.CursorAdapter added
[WARNING] [32mVERBOSE[0m Callback method :hasStableIds in Class android.support.v4.widget.CursorAdapter added
[WARNING] [32mVERBOSE[0m Callback method :onCreate in Class com.chinat2t.yuncoo.BaseActivity added
[WARNING] [32mVERBOSE[0m Callback method :onClick in Class com.chinat2t.yuncoo.BaseActivity added
[WARNING] [32mVERBOSE[0m Callback method :onCreate in Class com.chinat2t.yuncoo.WelComeActivity added
[WARNING] [32mVERBOSE[0m Callback method :onCreate in Class com.chinat2t.yuncoo.BaseActivity added
[WARNING] [32mVERBOSE[0m Callback method :onClick in Class com.chinat2t.yuncoo.BaseActivity added
[WARNING] [32mVERBOSE[0m Callback method :onCreate in Class com.chinat2t.yuncoo.HomeActivity added
[WARNING] [32mVERBOSE[0m Callback method :onCreate in Class com.chinat2t.yuncoo.BaseActivity added
[WARNING] [32mVERBOSE[0m Callback method :onKeyUp in Class com.chinat2t.yuncoo.Menu2Activity added
[WARNING] [32mVERBOSE[0m Callback method :onClick in Class com.chinat2t.yuncoo.BaseActivity added
[WARNING] [32mVERBOSE[0m Callback method :onLowMemory in Class android.support.v4.app.Fragment added
[WARNING] [32mVERBOSE[0m Callback method :onCreateContextMenu in Class android.support.v4.app.Fragment added
[WARNING] [32mVERBOSE[0m Callback method :onConfigurationChanged in Class android.support.v4.app.Fragment added
[WARNING] [32mVERBOSE[0m Callback method :onCreate in Class com.chinat2t.yuncoo.BaseActivity added
[WARNING] [32mVERBOSE[0m Callback method :onClick in Class com.chinat2t.yuncoo.BaseActivity added
[WARNING] [32mVERBOSE[0m Callback method :generateLayoutParams in Class android.support.v4.view.ViewPager added
[WARNING] [32mVERBOSE[0m Callback method :draw in Class android.support.v4.view.ViewPager added
[WARNING] [32mVERBOSE[0m Callback method :onRestoreInstanceState in Class android.support.v4.view.ViewPager added
[WARNING] [32mVERBOSE[0m Callback method :onRequestFocusInDescendants in Class android.support.v4.view.ViewPager added
[WARNING] [32mVERBOSE[0m Callback method :generateDefaultLayoutParams in Class android.support.v4.view.ViewPager added
[WARNING] [32mVERBOSE[0m Callback method :onMeasure in Class android.support.v4.view.ViewPager added
[WARNING] [32mVERBOSE[0m Callback method :addView in Class android.support.v4.view.ViewPager added
[WARNING] [32mVERBOSE[0m Callback method :onSaveInstanceState in Class android.support.v4.view.ViewPager added
[WARNING] [32mVERBOSE[0m Callback method :onLayout in Class android.support.v4.view.ViewPager added
[WARNING] [32mVERBOSE[0m Callback method :onTouchEvent in Class android.support.v4.view.ViewPager added
[WARNING] [32mVERBOSE[0m Callback method :addTouchables in Class android.support.v4.view.ViewPager added
[WARNING] [32mVERBOSE[0m Callback method :onDetachedFromWindow in Class android.support.v4.view.ViewPager added
[WARNING] [32mVERBOSE[0m Callback method :computeScroll in Class android.support.v4.view.ViewPager added
[WARNING] [32mVERBOSE[0m Callback method :onAttachedToWindow in Class android.support.v4.view.ViewPager added
[WARNING] [32mVERBOSE[0m Callback method :onInterceptTouchEvent in Class android.support.v4.view.ViewPager added
[WARNING] [32mVERBOSE[0m Callback method :verifyDrawable in Class android.support.v4.view.ViewPager added
[WARNING] [32mVERBOSE[0m Callback method :dispatchPopulateAccessibilityEvent in Class android.support.v4.view.ViewPager added
[WARNING] [32mVERBOSE[0m Callback method :onSizeChanged in Class android.support.v4.view.ViewPager added
[WARNING] [32mVERBOSE[0m Callback method :dispatchKeyEvent in Class android.support.v4.view.ViewPager added
[WARNING] [32mVERBOSE[0m Callback method :addFocusables in Class android.support.v4.view.ViewPager added
[WARNING] [32mVERBOSE[0m Callback method :onDraw in Class android.support.v4.view.ViewPager added
[WARNING] [32mVERBOSE[0m Callback method :generateLayoutParams in Class android.support.v4.view.ViewPager added
[WARNING] [32mVERBOSE[0m Callback method :drawableStateChanged in Class android.support.v4.view.ViewPager added
[WARNING] [32mVERBOSE[0m Callback method :getChildDrawingOrder in Class android.support.v4.view.ViewPager added
[WARNING] [32mVERBOSE[0m Callback method :checkLayoutParams in Class android.support.v4.view.ViewPager added
[WARNING] [32mVERBOSE[0m Callback method :onPause in Class com.chinat2t.yuncoo.Menu1Activity added
[WARNING] [32mVERBOSE[0m Callback method :onStop in Class com.chinat2t.yuncoo.Menu1Activity added
[WARNING] [32mVERBOSE[0m Callback method :onCreate in Class com.chinat2t.yuncoo.BaseActivity added
[WARNING] [32mVERBOSE[0m Callback method :onKeyUp in Class com.chinat2t.yuncoo.Menu1Activity added
[WARNING] [32mVERBOSE[0m Callback method :onStart in Class com.chinat2t.yuncoo.Menu1Activity added
[WARNING] [32mVERBOSE[0m Callback method :onRestart in Class com.chinat2t.yuncoo.Menu1Activity added
[WARNING] [32mVERBOSE[0m Callback method :onClick in Class com.chinat2t.yuncoo.BaseActivity added
[WARNING] [32mVERBOSE[0m Callback method :onResume in Class com.chinat2t.yuncoo.Menu1Activity added
[WARNING] [32mVERBOSE[0m Callback method :onCreate in Class com.chinat2t.yuncoo.BaseActivity added
[WARNING] [32mVERBOSE[0m Callback method :onClick in Class com.chinat2t.yuncoo.BaseActivity added
[WARNING] [32mVERBOSE[0m Callback method :onInterceptTouchEvent in Class com.chinat2t.yuncoo.util.ScrollViewExtend added
[WARNING] [32mVERBOSE[0m Callback method :onMeasure in Class android.support.v4.view.PagerTitleStrip added
[WARNING] [32mVERBOSE[0m Callback method :requestLayout in Class android.support.v4.view.PagerTitleStrip added
[WARNING] [32mVERBOSE[0m Callback method :onLayout in Class android.support.v4.view.PagerTitleStrip added
[WARNING] [32mVERBOSE[0m Callback method :setBackgroundColor in Class android.support.v4.view.PagerTabStrip added
[WARNING] [32mVERBOSE[0m Callback method :onTouchEvent in Class android.support.v4.view.PagerTabStrip added
[WARNING] [32mVERBOSE[0m Callback method :onDetachedFromWindow in Class android.support.v4.view.PagerTitleStrip added
[WARNING] [32mVERBOSE[0m Callback method :onAttachedToWindow in Class android.support.v4.view.PagerTitleStrip added
[WARNING] [32mVERBOSE[0m Callback method :setBackgroundResource in Class android.support.v4.view.PagerTabStrip added
[WARNING] [32mVERBOSE[0m Callback method :setPadding in Class android.support.v4.view.PagerTabStrip added
[WARNING] [32mVERBOSE[0m Callback method :onDraw in Class android.support.v4.view.PagerTabStrip added
[WARNING] [32mVERBOSE[0m Callback method :setBackgroundDrawable in Class android.support.v4.view.PagerTabStrip added
[WARNING] [32mVERBOSE[0m Callback method :onCreate in Class com.chinat2t.yuncoo.MainActivity added
[WARNING] [32mVERBOSE[0m Callback method :onKeyUp in Class com.chinat2t.yuncoo.MainActivity added
[WARNING] [32mVERBOSE[0m Callback method :onCreate in Class com.chinat2t.yuncoo.BaseActivity added
[WARNING] [32mVERBOSE[0m Callback method :onClick in Class com.chinat2t.yuncoo.BaseActivity added
[WARNING] [32mVERBOSE[0m Callback method :onDown in Class com.chinat2t.yuncoo.util.PullDownListView added
[WARNING] [32mVERBOSE[0m Callback method :onFling in Class com.chinat2t.yuncoo.util.PullDownListView added
[WARNING] [32mVERBOSE[0m Callback method :onFinishInflate in Class com.chinat2t.yuncoo.util.PullDownListView added
[WARNING] [32mVERBOSE[0m Callback method :onAnimationEnd in Class com.chinat2t.yuncoo.util.PullDownListView added
[WARNING] [32mVERBOSE[0m Callback method :onLayout in Class com.chinat2t.yuncoo.util.PullDownListView added
[WARNING] [32mVERBOSE[0m Callback method :onSingleTapUp in Class com.chinat2t.yuncoo.util.PullDownListView added
[WARNING] [32mVERBOSE[0m Callback method :onAnimationRepeat in Class com.chinat2t.yuncoo.util.PullDownListView added
[WARNING] [32mVERBOSE[0m Callback method :dispatchTouchEvent in Class com.chinat2t.yuncoo.util.PullDownListView added
[WARNING] [32mVERBOSE[0m Callback method :onAnimationStart in Class com.chinat2t.yuncoo.util.PullDownListView added
[WARNING] [32mVERBOSE[0m Callback method :onScroll in Class com.chinat2t.yuncoo.util.PullDownListView added
[WARNING] [32mVERBOSE[0m Callback method :onLongPress in Class com.chinat2t.yuncoo.util.PullDownListView added
[WARNING] [32mVERBOSE[0m Callback method :onShowPress in Class com.chinat2t.yuncoo.util.PullDownListView added
[WARNING] [32mVERBOSE[0m Callback method :onKeyDown in Class android.support.v4.app.FragmentActivity added
[WARNING] [32mVERBOSE[0m Callback method :onPanelClosed in Class android.support.v4.app.FragmentActivity added
[WARNING] [32mVERBOSE[0m Callback method :onConfigurationChanged in Class android.support.v4.app.FragmentActivity added
[WARNING] [32mVERBOSE[0m Callback method :onMenuItemSelected in Class android.support.v4.app.FragmentActivity added
[WARNING] [32mVERBOSE[0m Callback method :onBackPressed in Class android.support.v4.app.FragmentActivity added
[WARNING] [32mVERBOSE[0m Callback method :onRetainNonConfigurationInstance in Class android.support.v4.app.FragmentActivity added
[WARNING] [32mVERBOSE[0m Callback method :onNewIntent in Class android.support.v4.app.FragmentActivity added
[WARNING] [32mVERBOSE[0m Callback method :onPause in Class android.support.v4.app.FragmentActivity added
[WARNING] [32mVERBOSE[0m Callback method :onStop in Class android.support.v4.app.FragmentActivity added
[WARNING] [32mVERBOSE[0m Callback method :onCreatePanelMenu in Class android.support.v4.app.FragmentActivity added
[WARNING] [32mVERBOSE[0m Callback method :dump in Class android.support.v4.app.FragmentActivity added
[WARNING] [32mVERBOSE[0m Callback method :onCreate in Class android.support.v4.app.FragmentActivity added
[WARNING] [32mVERBOSE[0m Callback method :onCreateView in Class android.support.v4.app.FragmentActivity added
[WARNING] [32mVERBOSE[0m Callback method :onPreparePanel in Class android.support.v4.app.FragmentActivity added
[WARNING] [32mVERBOSE[0m Callback method :onDestroy in Class android.support.v4.app.FragmentActivity added
[WARNING] [32mVERBOSE[0m Callback method :onStart in Class android.support.v4.app.FragmentActivity added
[WARNING] [32mVERBOSE[0m Callback method :onSaveInstanceState in Class android.support.v4.app.FragmentActivity added
[WARNING] [32mVERBOSE[0m Callback method :startActivityForResult in Class android.support.v4.app.FragmentActivity added
[WARNING] [32mVERBOSE[0m Callback method :onActivityResult in Class android.support.v4.app.FragmentActivity added
[WARNING] [32mVERBOSE[0m Callback method :onPostResume in Class android.support.v4.app.FragmentActivity added
[WARNING] [32mVERBOSE[0m Callback method :onResume in Class android.support.v4.app.FragmentActivity added
[WARNING] [32mVERBOSE[0m Callback method :onLowMemory in Class android.support.v4.app.FragmentActivity added
[WARNING] [32mVERBOSE[0m Callback method :onCreate in Class com.chinat2t.yuncoo.BaseActivity added
[WARNING] [32mVERBOSE[0m Callback method :onClick in Class com.chinat2t.yuncoo.BaseActivity added
[WARNING] [32mVERBOSE[0m Callback method :onCreate in Class com.chinat2t.yuncoo.BaseActivity added
[WARNING] [32mVERBOSE[0m Callback method :onKeyUp in Class com.chinat2t.yuncoo.Menu4Activity added
[WARNING] [32mVERBOSE[0m Callback method :onClick in Class com.chinat2t.yuncoo.BaseActivity added
[WARNING] [32mVERBOSE[0m Callback method :onCreate in Class com.chinat2t.yuncoo.BaseActivity added
[WARNING] [32mVERBOSE[0m Callback method :onClick in Class com.chinat2t.yuncoo.BaseActivity added
[WARNING] [32mVERBOSE[0m Callback method :onRestoreInstanceState in Class android.support.v4.app.FragmentTabHost added
[WARNING] [32mVERBOSE[0m Callback method :onTabChanged in Class android.support.v4.app.FragmentTabHost added
[WARNING] [32mVERBOSE[0m Callback method :setOnTabChangedListener in Class android.support.v4.app.FragmentTabHost added
[WARNING] [32mVERBOSE[0m Callback method :onSaveInstanceState in Class android.support.v4.app.FragmentTabHost added
[WARNING] [32mVERBOSE[0m Callback method :onDetachedFromWindow in Class android.support.v4.app.FragmentTabHost added
[WARNING] [32mVERBOSE[0m Callback method :onAttachedToWindow in Class android.support.v4.app.FragmentTabHost added
[WARNING] [32mVERBOSE[0m Callback method :setup in Class android.support.v4.app.FragmentTabHost added
[WARNING] [32mVERBOSE[0m Callback method :onCreate in Class com.chinat2t.yuncoo.BaseActivity added
[WARNING] [32mVERBOSE[0m Callback method :onKeyUp in Class com.chinat2t.yuncoo.Menu5Activity added
[WARNING] [32mVERBOSE[0m Callback method :onClick in Class com.chinat2t.yuncoo.BaseActivity added
[WARNING] [32mVERBOSE[0m Callback method :getItem in Class android.support.v4.widget.CursorAdapter added
[WARNING] [32mVERBOSE[0m Callback method :getView in Class android.support.v4.widget.CursorAdapter added
[WARNING] [32mVERBOSE[0m Callback method :getDropDownView in Class android.support.v4.widget.CursorAdapter added
[WARNING] [32mVERBOSE[0m Callback method :getFilter in Class android.support.v4.widget.CursorAdapter added
[WARNING] [32mVERBOSE[0m Callback method :getCount in Class android.support.v4.widget.CursorAdapter added
[WARNING] [32mVERBOSE[0m Callback method :getItemId in Class android.support.v4.widget.CursorAdapter added
[WARNING] [32mVERBOSE[0m Callback method :hasStableIds in Class android.support.v4.widget.CursorAdapter added
[WARNING] [32mVERBOSE[0m Callback method :onMeasure in Class com.chinat2t.yuncoo.LeftSliderLayout added
[WARNING] [32mVERBOSE[0m Callback method :onLayout in Class com.chinat2t.yuncoo.LeftSliderLayout added
[WARNING] [32mVERBOSE[0m Callback method :onTouchEvent in Class com.chinat2t.yuncoo.LeftSliderLayout added
[WARNING] [32mVERBOSE[0m Callback method :computeScroll in Class com.chinat2t.yuncoo.LeftSliderLayout added
[WARNING] [32mVERBOSE[0m Callback method :onInterceptTouchEvent in Class com.chinat2t.yuncoo.LeftSliderLayout added
[WARNING] [32mVERBOSE[0m Callback method :onCreate in Class com.chinat2t.yuncoo.BaseActivity added
[WARNING] [32mVERBOSE[0m Callback method :onClick in Class com.chinat2t.yuncoo.BaseActivity added
[WARNING] [32mVERBOSE[0m Callback method :onCreate in Class com.chinat2t.yuncoo.MenuActivity added
[WARNING] [32mVERBOSE[0m Callback method :onClick in Class com.chinat2t.yuncoo.MenuActivity added
[WARNING] [32mVERBOSE[0m Callback method :onCreate in Class com.chinat2t.yuncoo.BaseActivity added
[WARNING] [32mVERBOSE[0m Callback method :onClick in Class com.chinat2t.yuncoo.BaseActivity added
[WARNING] [32mVERBOSE[0m Callback method :getItem in Class com.chinat2t.yuncoo.adapter.HomeListItemAdapter1 added
[WARNING] [32mVERBOSE[0m Callback method :getView in Class com.chinat2t.yuncoo.adapter.HomeListItemAdapter1 added
[WARNING] [32mVERBOSE[0m Callback method :getCount in Class com.chinat2t.yuncoo.adapter.HomeListItemAdapter1 added
[WARNING] [32mVERBOSE[0m Callback method :getItemId in Class com.chinat2t.yuncoo.adapter.HomeListItemAdapter1 added
[WARNING] [32mVERBOSE[0m Callback method :onCreate in Class com.chinat2t.yuncoo.BaseActivity added
[WARNING] [32mVERBOSE[0m Callback method :onClick in Class com.chinat2t.yuncoo.BaseActivity added
[WARNING] [32mVERBOSE[0m Callback method :onLowMemory in Class android.support.v4.app.Fragment added
[WARNING] [32mVERBOSE[0m Callback method :onCreateContextMenu in Class android.support.v4.app.Fragment added
[WARNING] [32mVERBOSE[0m Callback method :onConfigurationChanged in Class android.support.v4.app.Fragment added
[WARNING] [32mVERBOSE[0m Callback method :onStop in Class com.chinat2t.yuncoo.TestListActivity added
[WARNING] [32mVERBOSE[0m Callback method :onCreate in Class com.chinat2t.yuncoo.BaseActivity added
[WARNING] [32mVERBOSE[0m Callback method :onKeyUp in Class com.chinat2t.yuncoo.TestListActivity added
[WARNING] [32mVERBOSE[0m Callback method :onStart in Class com.chinat2t.yuncoo.TestListActivity added
[WARNING] [32mVERBOSE[0m Callback method :onClick in Class com.chinat2t.yuncoo.TestListActivity added
[WARNING] [32mVERBOSE[0m Callback method :onLowMemory in Class android.support.v4.app.Fragment added
[WARNING] [32mVERBOSE[0m Callback method :onCreateContextMenu in Class android.support.v4.app.Fragment added
[WARNING] [32mVERBOSE[0m Callback method :onDismiss in Class android.support.v4.app.DialogFragment added
[WARNING] [32mVERBOSE[0m Callback method :onCancel in Class android.support.v4.app.DialogFragment added
[WARNING] [32mVERBOSE[0m Callback method :onConfigurationChanged in Class android.support.v4.app.Fragment added
[WARNING] [32mVERBOSE[0m Callback method :onCreate in Class com.chinat2t.yuncoo.BaseActivity added
[WARNING] [32mVERBOSE[0m Callback method :onClick in Class com.chinat2t.yuncoo.BaseActivity added
[WARNING] [32mVERBOSE[0m Callback method :getItem in Class android.support.v4.widget.CursorAdapter added
[WARNING] [32mVERBOSE[0m Callback method :getView in Class android.support.v4.widget.CursorAdapter added
[WARNING] [32mVERBOSE[0m Callback method :getDropDownView in Class android.support.v4.widget.CursorAdapter added
[WARNING] [32mVERBOSE[0m Callback method :getFilter in Class android.support.v4.widget.CursorAdapter added
[WARNING] [32mVERBOSE[0m Callback method :getCount in Class android.support.v4.widget.CursorAdapter added
[WARNING] [32mVERBOSE[0m Callback method :getItemId in Class android.support.v4.widget.CursorAdapter added
[WARNING] [32mVERBOSE[0m Callback method :hasStableIds in Class android.support.v4.widget.CursorAdapter added
[WARNING] [32mVERBOSE[0m Callback method :onCreate in Class com.chinat2t.yuncoo.BaseActivity added
[WARNING] [32mVERBOSE[0m Callback method :onClick in Class com.chinat2t.yuncoo.BaseActivity added
[WARNING] [32mVERBOSE[0m Callback method :onCreate in Class com.chinat2t.yuncoo.BaseActivity added
[WARNING] [32mVERBOSE[0m Callback method :onClick in Class com.chinat2t.yuncoo.BaseActivity added
[WARNING] [32mVERBOSE[0m Callback method :onMeasure in Class android.support.v4.view.PagerTitleStrip added
[WARNING] [32mVERBOSE[0m Callback method :requestLayout in Class android.support.v4.view.PagerTitleStrip added
[WARNING] [32mVERBOSE[0m Callback method :onLayout in Class android.support.v4.view.PagerTitleStrip added
[WARNING] [32mVERBOSE[0m Callback method :onDetachedFromWindow in Class android.support.v4.view.PagerTitleStrip added
[WARNING] [32mVERBOSE[0m Callback method :onAttachedToWindow in Class android.support.v4.view.PagerTitleStrip added
0 ICC links found and 0 cg edges added due to ICC links
dynamic conflated call graph: 386 methods; 386 nodes; 459 edges.
maxpossibleFlows=3
maxpossibleFlows=1
1 taint flow paths FOUND from <android.view.ContextThemeWrapper: android.content.res.Resources getResources()> to <android.widget.TextView: void setText(java.lang.CharSequence)>
maxpossibleFlows=2
maxpossibleFlows=2
maxpossibleFlows=1
1 taint flow paths FOUND from <android.support.v4.view.ViewConfigurationCompat: int getScaledPagingTouchSlop(android.view.ViewConfiguration)> to <android.support.v4.view.ViewCompat: void setAccessibilityDelegate(android.view.View,android.support.v4.view.AccessibilityDelegateCompat)>
maxpossibleFlows=1
1 taint flow paths FOUND from <android.view.ViewConfiguration: int getScaledMinimumFlingVelocity()> to <android.support.v4.view.ViewCompat: void setAccessibilityDelegate(android.view.View,android.support.v4.view.AccessibilityDelegateCompat)>
maxpossibleFlows=3
3 taint flow paths FOUND from <android.view.MotionEvent: float getRawX()> to <android.util.Log: int d(java.lang.String,java.lang.String)>
maxpossibleFlows=1
1 taint flow paths FOUND from <android.app.Activity: android.content.Intent getIntent()> to <android.widget.TextView: void setText(java.lang.CharSequence)>
maxpossibleFlows=1
maxpossibleFlows=1
maxpossibleFlows=1
maxpossibleFlows=1
maxpossibleFlows=2
2 taint flow paths FOUND from <android.content.res.Resources: int getDimensionPixelSize(int)> to <android.view.ViewGroup: void setClipChildren(boolean)>
maxpossibleFlows=1
1 taint flow paths FOUND from <android.content.Intent: android.os.Bundle getExtras()> to <android.widget.TextView: void setText(java.lang.CharSequence)>
maxpossibleFlows=3
maxpossibleFlows=1
1 taint flow paths FOUND from <android.view.View: android.content.Context getContext()> to <android.support.v4.view.ViewCompat: void setAccessibilityDelegate(android.view.View,android.support.v4.view.AccessibilityDelegateCompat)>
maxpossibleFlows=2
2 taint flow paths FOUND from <android.view.View: android.content.res.Resources getResources()> to <android.view.ViewGroup: void setClipChildren(boolean)>
maxpossibleFlows=1
1 taint flow paths FOUND from <android.content.res.Resources: android.graphics.drawable.Drawable getDrawable(int)> to <android.widget.TextView: void setText(java.lang.CharSequence)>
maxpossibleFlows=1
maxpossibleFlows=1
maxpossibleFlows=1
maxpossibleFlows=1
maxpossibleFlows=1
maxpossibleFlows=3
3 taint flow paths FOUND from <android.view.MotionEvent: float getRawY()> to <android.util.Log: int d(java.lang.String,java.lang.String)>
maxpossibleFlows=3
maxpossibleFlows=1
1 taint flow paths FOUND from <android.content.res.Resources: java.lang.String getString(int)> to <android.widget.TextView: void setText(java.lang.CharSequence)>
maxpossibleFlows=1
maxpossibleFlows=1
maxpossibleFlows=1
1 taint flow paths FOUND from <java.lang.StringBuilder: java.lang.String toString()> to <android.util.Log: int i(java.lang.String,java.lang.String)>
maxpossibleFlows=1
maxpossibleFlows=1
maxpossibleFlows=1
maxpossibleFlows=1
maxpossibleFlows=1
maxpossibleFlows=1
maxpossibleFlows=1
maxpossibleFlows=1
maxpossibleFlows=1
1 taint flow paths FOUND from <android.support.v4.view.ViewCompat: int getImportantForAccessibility(android.view.View)> to <android.support.v4.view.ViewCompat: void setImportantForAccessibility(android.view.View,int)>
maxpossibleFlows=2
maxpossibleFlows=2
maxpossibleFlows=2
maxpossibleFlows=31
31 taint flow paths FOUND from <android.view.View: int getTop()> to <android.widget.TextView: void setText(java.lang.CharSequence)>
maxpossibleFlows=1
1 taint flow paths FOUND from <android.view.ViewConfiguration: android.view.ViewConfiguration get(android.content.Context)> to <android.support.v4.view.ViewCompat: void setAccessibilityDelegate(android.view.View,android.support.v4.view.AccessibilityDelegateCompat)>
maxpossibleFlows=2
maxpossibleFlows=2
maxpossibleFlows=2
maxpossibleFlows=2
maxpossibleFlows=2
2 taint flow paths FOUND from <android.view.ViewGroup: android.view.View getChildAt(int)> to <android.view.View: void setVisibility(int)>
maxpossibleFlows=1
maxpossibleFlows=1
1 taint flow paths FOUND from <android.content.res.Resources: android.util.DisplayMetrics getDisplayMetrics()> to <android.support.v4.view.ViewCompat: void setAccessibilityDelegate(android.view.View,android.support.v4.view.AccessibilityDelegateCompat)>
maxpossibleFlows=1
1 taint flow paths FOUND from <android.view.ViewConfiguration: int getScaledMaximumFlingVelocity()> to <android.support.v4.view.ViewCompat: void setAccessibilityDelegate(android.view.View,android.support.v4.view.AccessibilityDelegateCompat)>
maxpossibleFlows=1
maxpossibleFlows=1
1 taint flow paths FOUND from <android.content.ContextWrapper: android.content.res.Resources getResources()> to <android.support.v4.view.ViewCompat: void setAccessibilityDelegate(android.view.View,android.support.v4.view.AccessibilityDelegateCompat)>
maxpossibleFlows=1
maxpossibleFlows=2
maxpossibleFlows=1
maxpossibleFlows=2
maxpossibleFlows=2
maxpossibleFlows=1
maxpossibleFlows=1
maxpossibleFlows=1
maxpossibleFlows=1
maxpossibleFlows=1
maxpossibleFlows=1
maxpossibleFlows=1
maxpossibleFlows=1
maxpossibleFlows=1
maxpossibleFlows=2
maxpossibleFlows=2
maxpossibleFlows=2
2 taint flow paths FOUND from <android.view.LayoutInflater: android.view.View inflate(int,android.view.ViewGroup)> to <android.view.View: void setVisibility(int)>
maxpossibleFlows=1
maxpossibleFlows=1
maxpossibleFlows=1
maxpossibleFlows=1
maxpossibleFlows=1
maxpossibleFlows=1
maxpossibleFlows=1
maxpossibleFlows=1
maxpossibleFlows=1
maxpossibleFlows=1
maxpossibleFlows=1
1 taint flow paths FOUND from <android.view.ContextThemeWrapper: android.content.res.Resources getResources()> to <android.widget.TextView: void setText(java.lang.CharSequence)>
maxpossibleFlows=2
maxpossibleFlows=31
31 taint flow paths FOUND from <android.view.View: int getTop()> to <android.widget.ImageView: void setVisibility(int)>
maxpossibleFlows=1
1 taint flow paths FOUND from <android.support.v4.view.ViewConfigurationCompat: int getScaledPagingTouchSlop(android.view.ViewConfiguration)> to <android.support.v4.view.ViewCompat: void setAccessibilityDelegate(android.view.View,android.support.v4.view.AccessibilityDelegateCompat)>
maxpossibleFlows=1
maxpossibleFlows=1
maxpossibleFlows=1
maxpossibleFlows=1
maxpossibleFlows=1
maxpossibleFlows=1
maxpossibleFlows=1
maxpossibleFlows=1
maxpossibleFlows=1
maxpossibleFlows=1
1 taint flow paths FOUND from <android.support.v4.view.ViewConfigurationCompat: int getScaledPagingTouchSlop(android.view.ViewConfiguration)> to <android.support.v4.view.ViewCompat: void setImportantForAccessibility(android.view.View,int)>
maxpossibleFlows=1
maxpossibleFlows=1
maxpossibleFlows=1
maxpossibleFlows=1
maxpossibleFlows=1
maxpossibleFlows=1
maxpossibleFlows=1
maxpossibleFlows=1
maxpossibleFlows=1
maxpossibleFlows=1
maxpossibleFlows=1
maxpossibleFlows=1
maxpossibleFlows=1
maxpossibleFlows=1
maxpossibleFlows=1
maxpossibleFlows=1
maxpossibleFlows=1
maxpossibleFlows=1
maxpossibleFlows=1
maxpossibleFlows=1
maxpossibleFlows=1
maxpossibleFlows=1
maxpossibleFlows=1
maxpossibleFlows=1
maxpossibleFlows=1
maxpossibleFlows=1
maxpossibleFlows=1
maxpossibleFlows=1
maxpossibleFlows=1
maxpossibleFlows=1
maxpossibleFlows=1
maxpossibleFlows=1
maxpossibleFlows=1
maxpossibleFlows=1
maxpossibleFlows=1
maxpossibleFlows=1
maxpossibleFlows=2
maxpossibleFlows=2
2 taint flow paths FOUND from <android.content.res.Resources: int getDimensionPixelSize(int)> to <android.view.ViewGroup: void setClipChildren(boolean)>
maxpossibleFlows=1
maxpossibleFlows=1
maxpossibleFlows=1
maxpossibleFlows=1
maxpossibleFlows=1
maxpossibleFlows=1
maxpossibleFlows=1
maxpossibleFlows=1
maxpossibleFlows=1
maxpossibleFlows=1
maxpossibleFlows=1
maxpossibleFlows=1
maxpossibleFlows=1
maxpossibleFlows=1
maxpossibleFlows=2
maxpossibleFlows=2
2 taint flow paths FOUND from <android.content.res.Resources: int getDimensionPixelSize(int)> to <android.view.View: void setDrawingCacheEnabled(boolean)>
maxpossibleFlows=2
2 taint flow paths FOUND from <android.view.View: android.content.Context getContext()> to <android.view.View: void setVisibility(int)>
maxpossibleFlows=1
1 taint flow paths FOUND from <android.view.ContextThemeWrapper: android.content.res.Resources getResources()> to <android.widget.TabHost: void setCurrentTabByTag(java.lang.String)>
maxpossibleFlows=1
maxpossibleFlows=1
maxpossibleFlows=1
maxpossibleFlows=1
maxpossibleFlows=1
maxpossibleFlows=1
maxpossibleFlows=1
maxpossibleFlows=1
maxpossibleFlows=1
maxpossibleFlows=1
maxpossibleFlows=1
maxpossibleFlows=1
1 taint flow paths FOUND from <java.lang.StringBuilder: java.lang.String toString()> to <android.util.Log: int i(java.lang.String,java.lang.String)>
maxpossibleFlows=3
maxpossibleFlows=3
3 taint flow paths FOUND from <android.view.MotionEvent: float getRawX()> to <android.util.Log: int d(java.lang.String,java.lang.String)>
[WARNING] [32mVERBOSE[0m Callback method :<init> in Class android.support.v4.app.Fragment
[WARNING] [32mVERBOSE[0m Callback method :onConfigurationChanged in Class android.support.v4.app.Fragment
[WARNING] [32mVERBOSE[0m Callback method :onCreateContextMenu in Class android.support.v4.app.Fragment
[WARNING] [32mVERBOSE[0m Callback method :onLowMemory in Class android.support.v4.app.Fragment
[WARNING] [32mVERBOSE[0m Callback method :<init> in Class android.support.v4.app.DialogFragment
[WARNING] [32mVERBOSE[0m Callback method :onCancel in Class android.support.v4.app.DialogFragment
[WARNING] [32mVERBOSE[0m Callback method :onDismiss in Class android.support.v4.app.DialogFragment
[WARNING] [32mVERBOSE[0m Callback method :onAttachedToWindow in Class android.support.v4.app.FragmentTabHost
[WARNING] [32mVERBOSE[0m Callback method :onDetachedFromWindow in Class android.support.v4.app.FragmentTabHost
[WARNING] [32mVERBOSE[0m Callback method :onRestoreInstanceState in Class android.support.v4.app.FragmentTabHost
[WARNING] [32mVERBOSE[0m Callback method :onSaveInstanceState in Class android.support.v4.app.FragmentTabHost
[WARNING] [32mVERBOSE[0m Callback method :onTabChanged in Class android.support.v4.app.FragmentTabHost
[WARNING] [32mVERBOSE[0m Callback method :setOnTabChangedListener in Class android.support.v4.app.FragmentTabHost
[WARNING] [32mVERBOSE[0m Callback method :setup in Class android.support.v4.app.FragmentTabHost
[WARNING] [32mVERBOSE[0m Hierarchy.virtualDispatch called with non-concrete receiver class: com.chinat2t.yuncoo.BaseActivity, subsig: void <init>()
[WARNING] [32mVERBOSE[0m Callback method :<init> in Class com.chinat2t.yuncoo.BaseActivity
[WARNING] [32mVERBOSE[0m Hierarchy.virtualDispatch called with non-concrete receiver class: com.chinat2t.yuncoo.BaseActivity, subsig: void onClick(android.view.View)
[WARNING] [32mVERBOSE[0m Callback method :onClick in Class com.chinat2t.yuncoo.BaseActivity
[WARNING] [32mVERBOSE[0m Hierarchy.virtualDispatch called with non-concrete receiver class: com.chinat2t.yuncoo.BaseActivity, subsig: void onCreate(android.os.Bundle)
[WARNING] [32mVERBOSE[0m Callback method :onCreate in Class com.chinat2t.yuncoo.BaseActivity
[WARNING] [32mVERBOSE[0m Callback method :dispatchTouchEvent in Class com.chinat2t.yuncoo.util.PullDownListView
[WARNING] [32mVERBOSE[0m Callback method :onAnimationEnd in Class com.chinat2t.yuncoo.util.PullDownListView
[WARNING] [32mVERBOSE[0m Callback method :onAnimationRepeat in Class com.chinat2t.yuncoo.util.PullDownListView
[WARNING] [32mVERBOSE[0m Callback method :onAnimationStart in Class com.chinat2t.yuncoo.util.PullDownListView
[WARNING] [32mVERBOSE[0m Callback method :onDown in Class com.chinat2t.yuncoo.util.PullDownListView
[WARNING] [32mVERBOSE[0m Callback method :onFinishInflate in Class com.chinat2t.yuncoo.util.PullDownListView
[WARNING] [32mVERBOSE[0m Callback method :onFling in Class com.chinat2t.yuncoo.util.PullDownListView
[WARNING] [32mVERBOSE[0m Callback method :onLayout in Class com.chinat2t.yuncoo.util.PullDownListView
[WARNING] [32mVERBOSE[0m Callback method :onLongPress in Class com.chinat2t.yuncoo.util.PullDownListView
[WARNING] [32mVERBOSE[0m Callback method :onScroll in Class com.chinat2t.yuncoo.util.PullDownListView
[WARNING] [32mVERBOSE[0m Callback method :onShowPress in Class com.chinat2t.yuncoo.util.PullDownListView
[WARNING] [32mVERBOSE[0m Callback method :onSingleTapUp in Class com.chinat2t.yuncoo.util.PullDownListView
[WARNING] [32mVERBOSE[0m Callback method :<init> in Class com.chinat2t.yuncoo.MenuActivity
[WARNING] [32mVERBOSE[0m Callback method :onClick in Class com.chinat2t.yuncoo.MenuActivity
[WARNING] [32mVERBOSE[0m Callback method :onCreate in Class com.chinat2t.yuncoo.MenuActivity
[WARNING] [32mVERBOSE[0m Callback method :<init> in Class com.chinat2t.yuncoo.TestListActivity
[WARNING] [32mVERBOSE[0m Callback method :onClick in Class com.chinat2t.yuncoo.TestListActivity
[WARNING] [32mVERBOSE[0m Callback method :onKeyUp in Class com.chinat2t.yuncoo.TestListActivity
[WARNING] [32mVERBOSE[0m Callback method :onStart in Class com.chinat2t.yuncoo.TestListActivity
[WARNING] [32mVERBOSE[0m Callback method :onStop in Class com.chinat2t.yuncoo.TestListActivity
Result for benign-app-61-8B1E57EEDC39E8AF15ED49FD3C5D25F3866E6F9F0873AD7CBBABA8912CCD3C06.apkcom.chinat2t10539zw.templte