DUA-Forensics args to Soot: -w -cp /home/handrick/Documents/UNB/benchmark/libs/droidfax.jar:/home/handrick/Android/Sdk/platforms/android-19/android.jar -p cg verbose:false,implicit-entry:true -p cg.spark verbose:false,on-fly-cg:true,rta:false -d /home/handrick/Documents/UNB/benchmark/trace/180/1/droidbot/benign-app-87-C855893D5231540B18997609825E488F1D3CFE3E9CF22E26A821E49E229A850A.apk.logcat -process-dir /home/handrick/Documents/UNB/benchmark/data/input/benign-app-87-C855893D5231540B18997609825E488F1D3CFE3E9CF22E26A821E49E229A850A.apk 
Soot started on Fri Apr 15 00:43:21 CEST 2022
Warning: com.ironsource.mobilcore.BaseFlowBasedAdUnit is a phantom class!
Warning: java.lang.invoke.LambdaMetafactory is a phantom class!
Warning: java.lang.ref.Finalizer is a phantom class!
get type from 'Z'
[Call Graph] For information on where the call graph may be incomplete, use the verbose option to the cg phase.
[Spark] Pointer Assignment Graph in 0.0 seconds.
[Spark] Type masks in 0.0 seconds.
[Spark] Pointer Graph simplified in 0.0 seconds.
[Spark] Propagation in 0.0 seconds.
[Spark] Solution found in 0.0 seconds.
hcai's internal transform
Running static analysis for security-relevant feature characterization
[GatorHierarchy] [32mVERBOSE[0m [HIER] All classes: 1080
[GatorHierarchy] [32mVERBOSE[0m [App: 176, Lib : 901, Phantom: 3]
[GatorHierarchy] [32mVERBOSE[0m [HIER] Activities: 2, lib activities: 1
[GatorHierarchy] [32mVERBOSE[0m [HIER] App views: 4, Lib views: 20
[GatorHierarchy] [32mVERBOSE[0m [HIER] App Dialogs: 0, Lib Dialogs: 4
[TIMECOST] [32mVERBOSE[0m buildApplicationCodeMap parsing starting at 1649976202708
[TIMECOST] [32mVERBOSE[0m buildApplicationCodeMap parsing finished at 1649976204317
[Instantiated app classes] [32mVERBOSE[0m total number: 180
[WARNING] [32mVERBOSE[0m Callback method :onWindowFocusChanged in Class com.google.ads.AdActivity added
[WARNING] [32mVERBOSE[0m Callback method :onPause in Class com.google.ads.AdActivity added
[WARNING] [32mVERBOSE[0m Callback method :onCreate in Class com.google.ads.AdActivity added
[WARNING] [32mVERBOSE[0m Callback method :onDestroy in Class com.google.ads.AdActivity added
[WARNING] [32mVERBOSE[0m Callback method :onActivityResult in Class com.google.ads.AdActivity added
[WARNING] [32mVERBOSE[0m Callback method :onClick in Class com.google.ads.AdActivity added
[WARNING] [32mVERBOSE[0m Callback method :onKeyDown in Class com.gamayun.biketothefuturefree.ActivityPlay added
[WARNING] [32mVERBOSE[0m Callback method :onConfigurationChanged in Class com.gamayun.biketothefuturefree.ActivityPlay added
[WARNING] [32mVERBOSE[0m Callback method :onPause in Class com.gamayun.biketothefuturefree.ActivityPlay added
[WARNING] [32mVERBOSE[0m Callback method :onStop in Class com.gamayun.biketothefuturefree.ActivityPlay added
[WARNING] [32mVERBOSE[0m Callback method :onCreate in Class com.gamayun.biketothefuturefree.ActivityPlay added
[WARNING] [32mVERBOSE[0m Callback method :onSensorChanged in Class com.gamayun.biketothefuturefree.ActivityPlay added
[WARNING] [32mVERBOSE[0m Callback method :onKeyUp in Class com.gamayun.biketothefuturefree.ActivityPlay added
[WARNING] [32mVERBOSE[0m Callback method :onDestroy in Class com.gamayun.biketothefuturefree.ActivityPlay added
[WARNING] [32mVERBOSE[0m Callback method :onStart in Class com.gamayun.biketothefuturefree.ActivityPlay added
[WARNING] [32mVERBOSE[0m Callback method :onAccuracyChanged in Class com.gamayun.biketothefuturefree.ActivityPlay added
[WARNING] [32mVERBOSE[0m Callback method :onResume in Class com.gamayun.biketothefuturefree.ActivityPlay added
0 ICC links found and 0 cg edges added due to ICC links
dynamic conflated call graph: 393 methods; 393 nodes; 517 edges.
maxpossibleFlows=2
maxpossibleFlows=2
maxpossibleFlows=2
maxpossibleFlows=2
maxpossibleFlows=2
maxpossibleFlows=2
maxpossibleFlows=2
maxpossibleFlows=2
maxpossibleFlows=2
maxpossibleFlows=2
maxpossibleFlows=2
maxpossibleFlows=2
maxpossibleFlows=2
maxpossibleFlows=2
maxpossibleFlows=2
maxpossibleFlows=2
maxpossibleFlows=2
maxpossibleFlows=2
maxpossibleFlows=2
maxpossibleFlows=2
maxpossibleFlows=2
maxpossibleFlows=2
maxpossibleFlows=2
maxpossibleFlows=2
maxpossibleFlows=2
maxpossibleFlows=2
maxpossibleFlows=2
maxpossibleFlows=2
maxpossibleFlows=2
maxpossibleFlows=2
maxpossibleFlows=2
maxpossibleFlows=2
maxpossibleFlows=2
maxpossibleFlows=2
maxpossibleFlows=2
maxpossibleFlows=2
maxpossibleFlows=2
maxpossibleFlows=2
maxpossibleFlows=2
maxpossibleFlows=2
maxpossibleFlows=2
maxpossibleFlows=2
maxpossibleFlows=2
maxpossibleFlows=2
maxpossibleFlows=2
maxpossibleFlows=2
maxpossibleFlows=2
maxpossibleFlows=2
maxpossibleFlows=2
maxpossibleFlows=2
maxpossibleFlows=2
maxpossibleFlows=2
maxpossibleFlows=2
maxpossibleFlows=2
maxpossibleFlows=2
maxpossibleFlows=2
maxpossibleFlows=2
maxpossibleFlows=2
maxpossibleFlows=2
maxpossibleFlows=2
maxpossibleFlows=2
maxpossibleFlows=2
maxpossibleFlows=2
maxpossibleFlows=2
maxpossibleFlows=2
maxpossibleFlows=2
maxpossibleFlows=2
maxpossibleFlows=2
maxpossibleFlows=2
maxpossibleFlows=2
maxpossibleFlows=2
maxpossibleFlows=2
maxpossibleFlows=2
maxpossibleFlows=2
maxpossibleFlows=2
maxpossibleFlows=2
maxpossibleFlows=2
maxpossibleFlows=2
maxpossibleFlows=2
maxpossibleFlows=2
maxpossibleFlows=2
maxpossibleFlows=2
maxpossibleFlows=2
maxpossibleFlows=2
maxpossibleFlows=2
maxpossibleFlows=2
maxpossibleFlows=2
maxpossibleFlows=2
maxpossibleFlows=2
maxpossibleFlows=2
maxpossibleFlows=2
maxpossibleFlows=2
maxpossibleFlows=2
maxpossibleFlows=2
maxpossibleFlows=2
maxpossibleFlows=2
maxpossibleFlows=2
maxpossibleFlows=2
maxpossibleFlows=1
maxpossibleFlows=2
maxpossibleFlows=2
maxpossibleFlows=2
maxpossibleFlows=2
maxpossibleFlows=2
maxpossibleFlows=2
maxpossibleFlows=2
maxpossibleFlows=2
maxpossibleFlows=2
maxpossibleFlows=2
maxpossibleFlows=2
maxpossibleFlows=2
maxpossibleFlows=2
maxpossibleFlows=2
maxpossibleFlows=2
maxpossibleFlows=2
maxpossibleFlows=2
maxpossibleFlows=2
maxpossibleFlows=2
maxpossibleFlows=2
maxpossibleFlows=2
maxpossibleFlows=2
maxpossibleFlows=2
maxpossibleFlows=2
maxpossibleFlows=2
maxpossibleFlows=2
maxpossibleFlows=2
maxpossibleFlows=2
maxpossibleFlows=2
maxpossibleFlows=2
maxpossibleFlows=2
maxpossibleFlows=2
maxpossibleFlows=2
maxpossibleFlows=2
maxpossibleFlows=2
maxpossibleFlows=2
maxpossibleFlows=2
maxpossibleFlows=2
maxpossibleFlows=2
maxpossibleFlows=2
maxpossibleFlows=2
maxpossibleFlows=2
maxpossibleFlows=2
maxpossibleFlows=2
maxpossibleFlows=2
maxpossibleFlows=2
maxpossibleFlows=2
maxpossibleFlows=2
maxpossibleFlows=2
maxpossibleFlows=2
maxpossibleFlows=4
4 taint flow paths FOUND from <android.content.ContextWrapper: java.io.File getDatabasePath(java.lang.String)> to <android.webkit.WebSettings: void setDisplayZoomControls(boolean)>
maxpossibleFlows=2
maxpossibleFlows=2
maxpossibleFlows=2
maxpossibleFlows=1
maxpossibleFlows=2
maxpossibleFlows=2
maxpossibleFlows=2
maxpossibleFlows=2
maxpossibleFlows=2
maxpossibleFlows=2
maxpossibleFlows=2
maxpossibleFlows=2
maxpossibleFlows=2
maxpossibleFlows=2
maxpossibleFlows=2
maxpossibleFlows=2
maxpossibleFlows=2
maxpossibleFlows=2
maxpossibleFlows=2
maxpossibleFlows=2
maxpossibleFlows=2
maxpossibleFlows=2
maxpossibleFlows=2
maxpossibleFlows=2
maxpossibleFlows=2
maxpossibleFlows=2
maxpossibleFlows=2
maxpossibleFlows=2
maxpossibleFlows=2
maxpossibleFlows=2
maxpossibleFlows=2
maxpossibleFlows=4
maxpossibleFlows=4
maxpossibleFlows=4
maxpossibleFlows=4
maxpossibleFlows=4
maxpossibleFlows=4
maxpossibleFlows=2
maxpossibleFlows=4
maxpossibleFlows=2
maxpossibleFlows=2
maxpossibleFlows=4
maxpossibleFlows=4
maxpossibleFlows=4
maxpossibleFlows=4
maxpossibleFlows=2
maxpossibleFlows=4
maxpossibleFlows=2
maxpossibleFlows=4
maxpossibleFlows=4
maxpossibleFlows=4
maxpossibleFlows=2
maxpossibleFlows=4
4 taint flow paths FOUND from <android.view.View: android.content.Context getContext()> to <android.webkit.WebSettings: void setUserAgentString(java.lang.String)>
maxpossibleFlows=2
maxpossibleFlows=2
maxpossibleFlows=2
maxpossibleFlows=2
maxpossibleFlows=2
maxpossibleFlows=2
maxpossibleFlows=2
maxpossibleFlows=2
maxpossibleFlows=2
maxpossibleFlows=2
maxpossibleFlows=2
maxpossibleFlows=2
maxpossibleFlows=2
maxpossibleFlows=2
maxpossibleFlows=2
maxpossibleFlows=2
maxpossibleFlows=2
maxpossibleFlows=2
maxpossibleFlows=2
maxpossibleFlows=2
maxpossibleFlows=2
maxpossibleFlows=2
maxpossibleFlows=2
maxpossibleFlows=2
maxpossibleFlows=2
maxpossibleFlows=2
maxpossibleFlows=2
maxpossibleFlows=2
maxpossibleFlows=1
maxpossibleFlows=2
maxpossibleFlows=2
maxpossibleFlows=2
maxpossibleFlows=2
maxpossibleFlows=2
maxpossibleFlows=2
maxpossibleFlows=2
maxpossibleFlows=2
maxpossibleFlows=2
maxpossibleFlows=2
maxpossibleFlows=2
maxpossibleFlows=2
maxpossibleFlows=2
maxpossibleFlows=2
maxpossibleFlows=2
maxpossibleFlows=2
maxpossibleFlows=2
maxpossibleFlows=2
maxpossibleFlows=2
maxpossibleFlows=2
maxpossibleFlows=2
maxpossibleFlows=2
maxpossibleFlows=2
maxpossibleFlows=2
maxpossibleFlows=2
maxpossibleFlows=2
maxpossibleFlows=1
maxpossibleFlows=2
maxpossibleFlows=2
maxpossibleFlows=2
maxpossibleFlows=2
maxpossibleFlows=2
maxpossibleFlows=2
maxpossibleFlows=2
maxpossibleFlows=2
maxpossibleFlows=2
maxpossibleFlows=2
maxpossibleFlows=2
1 taint flow paths FOUND from <java.lang.StringBuilder: java.lang.String toString()> to <android.view.Window: void setFlags(int,int)>
maxpossibleFlows=1
maxpossibleFlows=1
maxpossibleFlows=1
maxpossibleFlows=1
maxpossibleFlows=1
maxpossibleFlows=1
maxpossibleFlows=1
maxpossibleFlows=1
maxpossibleFlows=1
maxpossibleFlows=1
maxpossibleFlows=1
maxpossibleFlows=1
maxpossibleFlows=1
maxpossibleFlows=1
maxpossibleFlows=1
maxpossibleFlows=1
maxpossibleFlows=1
maxpossibleFlows=1
maxpossibleFlows=1
maxpossibleFlows=1
maxpossibleFlows=1
maxpossibleFlows=2
maxpossibleFlows=4
4 taint flow paths FOUND from <java.lang.Long: long longValue()> to <android.webkit.WebSettings: void setDisplayZoomControls(boolean)>
maxpossibleFlows=2
maxpossibleFlows=2
maxpossibleFlows=4
maxpossibleFlows=4
maxpossibleFlows=4
maxpossibleFlows=4
maxpossibleFlows=4
maxpossibleFlows=4
maxpossibleFlows=2
maxpossibleFlows=4
maxpossibleFlows=2
maxpossibleFlows=2
maxpossibleFlows=4
maxpossibleFlows=4
maxpossibleFlows=4
maxpossibleFlows=4
maxpossibleFlows=2
maxpossibleFlows=4
maxpossibleFlows=2
maxpossibleFlows=4
maxpossibleFlows=4
maxpossibleFlows=4
maxpossibleFlows=2
maxpossibleFlows=4
4 taint flow paths FOUND from <android.content.ContextWrapper: android.content.Context getApplicationContext()> to <android.webkit.WebSettings: void setUserAgentString(java.lang.String)>
maxpossibleFlows=2
maxpossibleFlows=2
maxpossibleFlows=2
maxpossibleFlows=2
maxpossibleFlows=2
maxpossibleFlows=2
maxpossibleFlows=2
maxpossibleFlows=2
maxpossibleFlows=2
maxpossibleFlows=2
maxpossibleFlows=2
maxpossibleFlows=2
maxpossibleFlows=2
maxpossibleFlows=2
maxpossibleFlows=2
maxpossibleFlows=2
maxpossibleFlows=2
maxpossibleFlows=2
maxpossibleFlows=2
maxpossibleFlows=2
maxpossibleFlows=2
maxpossibleFlows=2
maxpossibleFlows=2
maxpossibleFlows=2
maxpossibleFlows=2
maxpossibleFlows=2
maxpossibleFlows=2
maxpossibleFlows=2
maxpossibleFlows=2
maxpossibleFlows=2
maxpossibleFlows=2
maxpossibleFlows=2
maxpossibleFlows=2
maxpossibleFlows=2
maxpossibleFlows=2
maxpossibleFlows=2
maxpossibleFlows=2
maxpossibleFlows=2
maxpossibleFlows=2
maxpossibleFlows=2
maxpossibleFlows=2
maxpossibleFlows=2
maxpossibleFlows=2
maxpossibleFlows=2
maxpossibleFlows=2
maxpossibleFlows=2
maxpossibleFlows=2
maxpossibleFlows=2
maxpossibleFlows=2
maxpossibleFlows=2
maxpossibleFlows=2
maxpossibleFlows=2
maxpossibleFlows=2
maxpossibleFlows=2
maxpossibleFlows=2
maxpossibleFlows=2
maxpossibleFlows=2
maxpossibleFlows=2
maxpossibleFlows=2
maxpossibleFlows=2
maxpossibleFlows=2
maxpossibleFlows=2
maxpossibleFlows=2
maxpossibleFlows=2
maxpossibleFlows=2
maxpossibleFlows=2
maxpossibleFlows=2
maxpossibleFlows=2
maxpossibleFlows=2
maxpossibleFlows=2
maxpossibleFlows=2
maxpossibleFlows=2
maxpossibleFlows=2
maxpossibleFlows=2
maxpossibleFlows=2
maxpossibleFlows=2
maxpossibleFlows=2
maxpossibleFlows=2
maxpossibleFlows=2
maxpossibleFlows=2
maxpossibleFlows=2
maxpossibleFlows=2
maxpossibleFlows=2
maxpossibleFlows=2
maxpossibleFlows=2
maxpossibleFlows=2
maxpossibleFlows=2
maxpossibleFlows=2
maxpossibleFlows=2
maxpossibleFlows=2
maxpossibleFlows=2
maxpossibleFlows=2
maxpossibleFlows=2
maxpossibleFlows=2
maxpossibleFlows=2
maxpossibleFlows=2
maxpossibleFlows=2
maxpossibleFlows=2
maxpossibleFlows=2
maxpossibleFlows=2
maxpossibleFlows=2
maxpossibleFlows=4
4 taint flow paths FOUND from <java.io.File: java.lang.String getAbsolutePath()> to <android.webkit.WebSettings: void setDisplayZoomControls(boolean)>
maxpossibleFlows=2
maxpossibleFlows=2
maxpossibleFlows=2
maxpossibleFlows=2
maxpossibleFlows=2
maxpossibleFlows=2
maxpossibleFlows=2
maxpossibleFlows=2
maxpossibleFlows=2
maxpossibleFlows=2
maxpossibleFlows=2
maxpossibleFlows=2
1 taint flow paths FOUND from <android.app.Activity: java.lang.Object getSystemService(java.lang.String)> to <android.view.Window: void setFlags(int,int)>
maxpossibleFlows=2
maxpossibleFlows=2
maxpossibleFlows=4
4 taint flow paths FOUND from <android.content.ContextWrapper: java.io.File getCacheDir()> to <android.webkit.WebSettings: void setDisplayZoomControls(boolean)>
maxpossibleFlows=1
maxpossibleFlows=1
maxpossibleFlows=1
maxpossibleFlows=1
maxpossibleFlows=1
maxpossibleFlows=1
maxpossibleFlows=1
maxpossibleFlows=1
maxpossibleFlows=1
maxpossibleFlows=1
maxpossibleFlows=1
maxpossibleFlows=1
maxpossibleFlows=1
maxpossibleFlows=1
maxpossibleFlows=1
maxpossibleFlows=1
maxpossibleFlows=1
maxpossibleFlows=1
maxpossibleFlows=1
maxpossibleFlows=1
maxpossibleFlows=1
maxpossibleFlows=1
maxpossibleFlows=1
maxpossibleFlows=1
maxpossibleFlows=2
maxpossibleFlows=2
maxpossibleFlows=2
maxpossibleFlows=2
maxpossibleFlows=2
maxpossibleFlows=2
maxpossibleFlows=2
maxpossibleFlows=2
maxpossibleFlows=2
maxpossibleFlows=2
maxpossibleFlows=2
maxpossibleFlows=2
maxpossibleFlows=2
maxpossibleFlows=2
maxpossibleFlows=2
maxpossibleFlows=2
maxpossibleFlows=2
maxpossibleFlows=2
maxpossibleFlows=2
maxpossibleFlows=2
maxpossibleFlows=2
maxpossibleFlows=2
maxpossibleFlows=2
maxpossibleFlows=2
maxpossibleFlows=2
maxpossibleFlows=2
maxpossibleFlows=2
maxpossibleFlows=2
maxpossibleFlows=2
maxpossibleFlows=2
maxpossibleFlows=2
maxpossibleFlows=2
maxpossibleFlows=2
maxpossibleFlows=2
maxpossibleFlows=2
maxpossibleFlows=2
2 taint flow paths FOUND from <android.app.Activity: android.view.Window getWindow()> to <android.view.Window: void setFlags(int,int)>
maxpossibleFlows=2
maxpossibleFlows=2
maxpossibleFlows=2
maxpossibleFlows=2
maxpossibleFlows=2
maxpossibleFlows=2
maxpossibleFlows=2
maxpossibleFlows=2
maxpossibleFlows=2
maxpossibleFlows=2
maxpossibleFlows=2
maxpossibleFlows=2
maxpossibleFlows=2
1 taint flow paths FOUND from <android.content.ContextWrapper: java.lang.String getPackageName()> to <android.view.Window: void setFlags(int,int)>
maxpossibleFlows=2
maxpossibleFlows=4
maxpossibleFlows=4
4 taint flow paths FOUND from <android.webkit.WebView: android.webkit.WebSettings getSettings()> to <android.webkit.WebSettings: void setSavePassword(boolean)>
maxpossibleFlows=2
maxpossibleFlows=2
maxpossibleFlows=2
maxpossibleFlows=2
maxpossibleFlows=2
maxpossibleFlows=2
maxpossibleFlows=2
maxpossibleFlows=2
maxpossibleFlows=2
maxpossibleFlows=2
maxpossibleFlows=2
maxpossibleFlows=2
maxpossibleFlows=2
maxpossibleFlows=1
maxpossibleFlows=2
maxpossibleFlows=2
maxpossibleFlows=2
maxpossibleFlows=2
maxpossibleFlows=2
maxpossibleFlows=2
maxpossibleFlows=2
maxpossibleFlows=2
maxpossibleFlows=2
maxpossibleFlows=1
maxpossibleFlows=2
maxpossibleFlows=2
maxpossibleFlows=2
maxpossibleFlows=2
maxpossibleFlows=2
maxpossibleFlows=2
maxpossibleFlows=1
maxpossibleFlows=2
maxpossibleFlows=2
maxpossibleFlows=2
maxpossibleFlows=2
maxpossibleFlows=1
maxpossibleFlows=2
maxpossibleFlows=2
maxpossibleFlows=2
maxpossibleFlows=2
maxpossibleFlows=2
maxpossibleFlows=2
maxpossibleFlows=1
maxpossibleFlows=2
maxpossibleFlows=1
maxpossibleFlows=2
maxpossibleFlows=2
maxpossibleFlows=2
maxpossibleFlows=2
maxpossibleFlows=2
maxpossibleFlows=2
maxpossibleFlows=2
maxpossibleFlows=2
maxpossibleFlows=2
maxpossibleFlows=2
maxpossibleFlows=2
maxpossibleFlows=2
maxpossibleFlows=2
maxpossibleFlows=2
maxpossibleFlows=2
maxpossibleFlows=2
maxpossibleFlows=2
maxpossibleFlows=2
maxpossibleFlows=4
4 taint flow paths FOUND from <android.content.ContextWrapper: java.io.File getDatabasePath(java.lang.String)> to <android.webkit.WebSettings: void setDisplayZoomControls(boolean)>
maxpossibleFlows=2
maxpossibleFlows=2
maxpossibleFlows=2
maxpossibleFlows=2
maxpossibleFlows=2
maxpossibleFlows=2
maxpossibleFlows=4
maxpossibleFlows=2
maxpossibleFlows=4
maxpossibleFlows=2
maxpossibleFlows=2
maxpossibleFlows=2
maxpossibleFlows=1
maxpossibleFlows=4
maxpossibleFlows=4
maxpossibleFlows=2
maxpossibleFlows=2
maxpossibleFlows=2
maxpossibleFlows=2
maxpossibleFlows=4
maxpossibleFlows=2
maxpossibleFlows=4
maxpossibleFlows=1
maxpossibleFlows=2
maxpossibleFlows=2
maxpossibleFlows=2
maxpossibleFlows=4
4 taint flow paths FOUND from <android.webkit.WebView: android.webkit.WebSettings getSettings()> to <android.webkit.WebSettings: void setSavePassword(boolean)>
maxpossibleFlows=2
maxpossibleFlows=2
maxpossibleFlows=2
maxpossibleFlows=2
maxpossibleFlows=2
maxpossibleFlows=2
maxpossibleFlows=4
maxpossibleFlows=2
maxpossibleFlows=4
maxpossibleFlows=2
maxpossibleFlows=2
maxpossibleFlows=2
maxpossibleFlows=1
maxpossibleFlows=4
maxpossibleFlows=4
maxpossibleFlows=2
maxpossibleFlows=2
maxpossibleFlows=2
maxpossibleFlows=2
maxpossibleFlows=4
maxpossibleFlows=2
maxpossibleFlows=4
maxpossibleFlows=1
maxpossibleFlows=2
maxpossibleFlows=2
maxpossibleFlows=2
maxpossibleFlows=4
maxpossibleFlows=2
maxpossibleFlows=2
maxpossibleFlows=2
maxpossibleFlows=2
maxpossibleFlows=2
maxpossibleFlows=2
maxpossibleFlows=4
4 taint flow paths FOUND from <android.content.ContextWrapper: java.io.File getDatabasePath(java.lang.String)> to <android.webkit.WebSettings: void setSupportZoom(boolean)>
maxpossibleFlows=2
maxpossibleFlows=2
maxpossibleFlows=2
maxpossibleFlows=2
maxpossibleFlows=2
maxpossibleFlows=2
maxpossibleFlows=4
maxpossibleFlows=2
maxpossibleFlows=4
maxpossibleFlows=2
maxpossibleFlows=2
maxpossibleFlows=2
maxpossibleFlows=1
maxpossibleFlows=4
maxpossibleFlows=4
maxpossibleFlows=2
maxpossibleFlows=2
maxpossibleFlows=2
maxpossibleFlows=2
maxpossibleFlows=4
maxpossibleFlows=2
maxpossibleFlows=4
maxpossibleFlows=1
maxpossibleFlows=2
maxpossibleFlows=2
maxpossibleFlows=2
maxpossibleFlows=4
4 taint flow paths FOUND from <android.webkit.WebView: android.webkit.WebSettings getSettings()> to <android.webkit.WebSettings: void setJavaScriptEnabled(boolean)>
maxpossibleFlows=2
maxpossibleFlows=2
maxpossibleFlows=2
maxpossibleFlows=2
maxpossibleFlows=2
maxpossibleFlows=2
maxpossibleFlows=4
maxpossibleFlows=2
maxpossibleFlows=4
maxpossibleFlows=2
maxpossibleFlows=2
maxpossibleFlows=2
maxpossibleFlows=1
maxpossibleFlows=4
maxpossibleFlows=4
maxpossibleFlows=2
maxpossibleFlows=2
maxpossibleFlows=2
maxpossibleFlows=2
maxpossibleFlows=4
3 taint flow paths FOUND from <java.io.File: java.lang.String getAbsolutePath()> to <android.webkit.WebSettings: void setAppCacheEnabled(boolean)>
maxpossibleFlows=2
maxpossibleFlows=2
maxpossibleFlows=2
maxpossibleFlows=2
maxpossibleFlows=2
maxpossibleFlows=2
maxpossibleFlows=2
maxpossibleFlows=2
maxpossibleFlows=2
maxpossibleFlows=2
maxpossibleFlows=2
maxpossibleFlows=2
maxpossibleFlows=2
maxpossibleFlows=2
maxpossibleFlows=2
maxpossibleFlows=2
maxpossibleFlows=2
maxpossibleFlows=2
maxpossibleFlows=2
maxpossibleFlows=2
maxpossibleFlows=2
maxpossibleFlows=1
maxpossibleFlows=2
maxpossibleFlows=2
maxpossibleFlows=2
maxpossibleFlows=2
maxpossibleFlows=2
maxpossibleFlows=2
maxpossibleFlows=2
maxpossibleFlows=2
maxpossibleFlows=2
maxpossibleFlows=2
maxpossibleFlows=4
4 taint flow paths FOUND from <android.content.ContextWrapper: java.io.File getDatabasePath(java.lang.String)> to <android.webkit.WebSettings: void setBuiltInZoomControls(boolean)>
maxpossibleFlows=2
maxpossibleFlows=2
maxpossibleFlows=2
maxpossibleFlows=2
maxpossibleFlows=2
maxpossibleFlows=2
maxpossibleFlows=2
maxpossibleFlows=2
maxpossibleFlows=2
maxpossibleFlows=2
maxpossibleFlows=2
maxpossibleFlows=2
maxpossibleFlows=1
maxpossibleFlows=2
maxpossibleFlows=2
maxpossibleFlows=2
maxpossibleFlows=2
maxpossibleFlows=2
maxpossibleFlows=2
maxpossibleFlows=2
maxpossibleFlows=2
maxpossibleFlows=2
maxpossibleFlows=1
maxpossibleFlows=2
maxpossibleFlows=2
maxpossibleFlows=2
maxpossibleFlows=2
maxpossibleFlows=2
maxpossibleFlows=2
maxpossibleFlows=2
maxpossibleFlows=2
maxpossibleFlows=2
maxpossibleFlows=2
maxpossibleFlows=2
maxpossibleFlows=2
maxpossibleFlows=2
maxpossibleFlows=2
maxpossibleFlows=2
maxpossibleFlows=2
1 taint flow paths FOUND from <java.lang.StringBuilder: java.lang.String toString()> to <android.view.Window: void setFlags(int,int)>
maxpossibleFlows=2
maxpossibleFlows=2
maxpossibleFlows=2
maxpossibleFlows=2
maxpossibleFlows=2
maxpossibleFlows=2
maxpossibleFlows=4
maxpossibleFlows=2
maxpossibleFlows=4
maxpossibleFlows=2
maxpossibleFlows=2
maxpossibleFlows=2
maxpossibleFlows=1
maxpossibleFlows=4
4 taint flow paths FOUND from <java.lang.Long: long longValue()> to <android.webkit.WebSettings: void setAppCacheMaxSize(long)>
maxpossibleFlows=2
maxpossibleFlows=2
maxpossibleFlows=2
maxpossibleFlows=2
maxpossibleFlows=2
maxpossibleFlows=2
maxpossibleFlows=4
maxpossibleFlows=2
maxpossibleFlows=4
maxpossibleFlows=2
maxpossibleFlows=2
maxpossibleFlows=2
maxpossibleFlows=1
maxpossibleFlows=4
maxpossibleFlows=4
maxpossibleFlows=2
maxpossibleFlows=2
maxpossibleFlows=2
maxpossibleFlows=2
maxpossibleFlows=4
maxpossibleFlows=2
maxpossibleFlows=4
maxpossibleFlows=1
maxpossibleFlows=2
maxpossibleFlows=2
maxpossibleFlows=2
maxpossibleFlows=4
4 taint flow paths FOUND from <android.webkit.WebView: android.webkit.WebSettings getSettings()> to <android.webkit.WebView: void setScrollBarStyle(int)>
maxpossibleFlows=2
maxpossibleFlows=2
maxpossibleFlows=2
maxpossibleFlows=2
maxpossibleFlows=2
maxpossibleFlows=2
maxpossibleFlows=4
maxpossibleFlows=2
maxpossibleFlows=4
maxpossibleFlows=2
maxpossibleFlows=2
maxpossibleFlows=2
maxpossibleFlows=1
maxpossibleFlows=4
maxpossibleFlows=4
maxpossibleFlows=2
maxpossibleFlows=2
maxpossibleFlows=2
maxpossibleFlows=2
maxpossibleFlows=4
maxpossibleFlows=2
maxpossibleFlows=4
maxpossibleFlows=1
maxpossibleFlows=2
maxpossibleFlows=2
maxpossibleFlows=2
maxpossibleFlows=4
4 taint flow paths FOUND from <android.webkit.WebView: android.webkit.WebSettings getSettings()> to <android.webkit.WebSettings: void setSupportMultipleWindows(boolean)>
maxpossibleFlows=2
maxpossibleFlows=2
maxpossibleFlows=2
maxpossibleFlows=2
maxpossibleFlows=2
maxpossibleFlows=2
maxpossibleFlows=4
maxpossibleFlows=2
maxpossibleFlows=4
maxpossibleFlows=2
maxpossibleFlows=2
maxpossibleFlows=2
maxpossibleFlows=1
maxpossibleFlows=4
4 taint flow paths FOUND from <java.lang.Long: long longValue()> to <android.webkit.WebSettings: void setDatabaseEnabled(boolean)>
maxpossibleFlows=2
maxpossibleFlows=2
maxpossibleFlows=2
maxpossibleFlows=2
maxpossibleFlows=2
maxpossibleFlows=2
maxpossibleFlows=2
maxpossibleFlows=2
maxpossibleFlows=2
maxpossibleFlows=2
maxpossibleFlows=2
maxpossibleFlows=2
maxpossibleFlows=1
maxpossibleFlows=2
maxpossibleFlows=2
maxpossibleFlows=2
maxpossibleFlows=2
maxpossibleFlows=2
maxpossibleFlows=2
maxpossibleFlows=2
maxpossibleFlows=2
maxpossibleFlows=2
maxpossibleFlows=1
maxpossibleFlows=2
maxpossibleFlows=2
maxpossibleFlows=2
maxpossibleFlows=2
maxpossibleFlows=2
maxpossibleFlows=2
maxpossibleFlows=2
maxpossibleFlows=2
maxpossibleFlows=2
maxpossibleFlows=2
maxpossibleFlows=4
maxpossibleFlows=2
maxpossibleFlows=4
maxpossibleFlows=2
maxpossibleFlows=2
maxpossibleFlows=2
maxpossibleFlows=1
maxpossibleFlows=4
4 taint flow paths FOUND from <java.lang.Long: long longValue()> to <android.webkit.WebSettings: void setAppCachePath(java.lang.String)>
maxpossibleFlows=2
maxpossibleFlows=2
maxpossibleFlows=2
maxpossibleFlows=2
maxpossibleFlows=2
maxpossibleFlows=2
maxpossibleFlows=2
maxpossibleFlows=2
maxpossibleFlows=2
maxpossibleFlows=2
maxpossibleFlows=2
maxpossibleFlows=2
1 taint flow paths FOUND from <java.lang.StringBuilder: java.lang.String toString()> to <android.app.Activity: void setContentView(int)>
maxpossibleFlows=2
maxpossibleFlows=2
maxpossibleFlows=2
maxpossibleFlows=2
maxpossibleFlows=2
maxpossibleFlows=2
maxpossibleFlows=4
maxpossibleFlows=2
maxpossibleFlows=4
maxpossibleFlows=2
maxpossibleFlows=2
maxpossibleFlows=2
maxpossibleFlows=1
maxpossibleFlows=4
maxpossibleFlows=4
maxpossibleFlows=2
maxpossibleFlows=2
maxpossibleFlows=2
maxpossibleFlows=2
maxpossibleFlows=4
maxpossibleFlows=2
maxpossibleFlows=4
maxpossibleFlows=1
maxpossibleFlows=2
maxpossibleFlows=2
maxpossibleFlows=2
maxpossibleFlows=4
4 taint flow paths FOUND from <android.webkit.WebView: android.webkit.WebSettings getSettings()> to <android.webkit.WebView: void setDownloadListener(android.webkit.DownloadListener)>
maxpossibleFlows=2
maxpossibleFlows=2
maxpossibleFlows=2
maxpossibleFlows=2
maxpossibleFlows=2
maxpossibleFlows=2
maxpossibleFlows=4
4 taint flow paths FOUND from <android.content.ContextWrapper: java.io.File getDatabasePath(java.lang.String)> to <android.webkit.WebSettings: void setDatabasePath(java.lang.String)>
maxpossibleFlows=2
maxpossibleFlows=2
maxpossibleFlows=2
maxpossibleFlows=2
maxpossibleFlows=2
maxpossibleFlows=2
maxpossibleFlows=4
4 taint flow paths FOUND from <android.content.ContextWrapper: java.io.File getDatabasePath(java.lang.String)> to <android.webkit.WebSettings: void setDomStorageEnabled(boolean)>
maxpossibleFlows=2
maxpossibleFlows=2
maxpossibleFlows=2
maxpossibleFlows=2
maxpossibleFlows=2
maxpossibleFlows=2
maxpossibleFlows=2
maxpossibleFlows=2
maxpossibleFlows=2
maxpossibleFlows=2
maxpossibleFlows=2
maxpossibleFlows=2
maxpossibleFlows=1
maxpossibleFlows=2
maxpossibleFlows=2
maxpossibleFlows=2
maxpossibleFlows=2
maxpossibleFlows=2
maxpossibleFlows=2
maxpossibleFlows=2
maxpossibleFlows=2
maxpossibleFlows=2
maxpossibleFlows=1
maxpossibleFlows=2
maxpossibleFlows=2
maxpossibleFlows=2
maxpossibleFlows=2
maxpossibleFlows=2
maxpossibleFlows=2
maxpossibleFlows=2
maxpossibleFlows=2
maxpossibleFlows=2
maxpossibleFlows=2
maxpossibleFlows=4
maxpossibleFlows=2
maxpossibleFlows=4
4 taint flow paths FOUND from <android.view.View: android.content.Context getContext()> to <android.webkit.WebSettings: void setUserAgentString(java.lang.String)>
maxpossibleFlows=2
maxpossibleFlows=2
maxpossibleFlows=2
maxpossibleFlows=2
maxpossibleFlows=2
maxpossibleFlows=2
maxpossibleFlows=4
maxpossibleFlows=2
maxpossibleFlows=4
maxpossibleFlows=2
maxpossibleFlows=2
maxpossibleFlows=2
maxpossibleFlows=1
maxpossibleFlows=4
maxpossibleFlows=4
maxpossibleFlows=2
maxpossibleFlows=2
maxpossibleFlows=2
maxpossibleFlows=2
maxpossibleFlows=4
maxpossibleFlows=2
maxpossibleFlows=4
maxpossibleFlows=1
maxpossibleFlows=2
maxpossibleFlows=2
maxpossibleFlows=2
maxpossibleFlows=4
4 taint flow paths FOUND from <android.webkit.WebView: android.webkit.WebSettings getSettings()> to <android.webkit.WebView: void setWebChromeClient(android.webkit.WebChromeClient)>
[WARNING] [32mVERBOSE[0m Callback method :<init> in Class com.gamayun.biketothefuturefree.ActivityPlay
[WARNING] [32mVERBOSE[0m Callback method :onAccuracyChanged in Class com.gamayun.biketothefuturefree.ActivityPlay
[WARNING] [32mVERBOSE[0m Callback method :onConfigurationChanged in Class com.gamayun.biketothefuturefree.ActivityPlay
[WARNING] [32mVERBOSE[0m Callback method :onCreate in Class com.gamayun.biketothefuturefree.ActivityPlay
[WARNING] [32mVERBOSE[0m Callback method :onDestroy in Class com.gamayun.biketothefuturefree.ActivityPlay
[WARNING] [32mVERBOSE[0m Callback method :onKeyDown in Class com.gamayun.biketothefuturefree.ActivityPlay
[WARNING] [32mVERBOSE[0m Callback method :onKeyUp in Class com.gamayun.biketothefuturefree.ActivityPlay
[WARNING] [32mVERBOSE[0m Callback method :onPause in Class com.gamayun.biketothefuturefree.ActivityPlay
[WARNING] [32mVERBOSE[0m Callback method :onResume in Class com.gamayun.biketothefuturefree.ActivityPlay
[WARNING] [32mVERBOSE[0m Callback method :onSensorChanged in Class com.gamayun.biketothefuturefree.ActivityPlay
[WARNING] [32mVERBOSE[0m Callback method :onStart in Class com.gamayun.biketothefuturefree.ActivityPlay
[WARNING] [32mVERBOSE[0m Callback method :onStop in Class com.gamayun.biketothefuturefree.ActivityPlay
[WARNING] [32mVERBOSE[0m Callback method :<init> in Class com.google.ads.AdActivity
[WARNING] [32mVERBOSE[0m Callback method :onActivityResult in Class com.google.ads.AdActivity
[WARNING] [32mVERBOSE[0m Callback method :onClick in Class com.google.ads.AdActivity
[WARNING] [32mVERBOSE[0m Callback method :onCreate in Class com.google.ads.AdActivity
[WARNING] [32mVERBOSE[0m Callback method :onDestroy in Class com.google.ads.AdActivity
[WARNING] [32mVERBOSE[0m Callback method :onPause in Class com.google.ads.AdActivity
[WARNING] [32mVERBOSE[0m Callback method :onWindowFocusChanged in Class com.google.ads.AdActivity
Result for benign-app-87-C855893D5231540B18997609825E488F1D3CFE3E9CF22E26A821E49E229A850A.apkcom.gamayun.biketothefuturefree