DUA-Forensics args to Soot: -w -cp /home/hcosta/bench/benchmark/libs/droidfax.jar:/home/hcosta/Android/Sdk/platforms/android-28/android.jar -p cg verbose:false,implicit-entry:true -p cg.spark verbose:false,on-fly-cg:true,rta:false -d /home/hcosta/bench/benchmark/trace/180/3/droidbot/benign-app-78-B2BA92F966D68D468C3D1CC9865B551156EEF42260BC46C9714CA6E3D0D8CC3D.apk.logcat -process-dir /home/hcosta/bench/benchmark/data/input/benign-app-78-B2BA92F966D68D468C3D1CC9865B551156EEF42260BC46C9714CA6E3D0D8CC3D.apk 
Soot started on Wed Apr 20 23:48:21 CEST 2022
Warning: com.ironsource.mobilcore.BaseFlowBasedAdUnit is a phantom class!
Warning: java.lang.invoke.LambdaMetafactory is a phantom class!
Warning: java.lang.ref.Finalizer is a phantom class!
Warning: org.apache.http.HttpEntity is a phantom class!
Warning: org.apache.http.HttpResponse is a phantom class!
Warning: org.apache.http.NameValuePair is a phantom class!
Warning: org.apache.http.StatusLine is a phantom class!
Warning: org.apache.http.client.HttpClient is a phantom class!
Warning: org.apache.http.client.entity.UrlEncodedFormEntity is a phantom class!
Warning: org.apache.http.client.methods.HttpGet is a phantom class!
Warning: org.apache.http.client.methods.HttpPost is a phantom class!
Warning: org.apache.http.client.methods.HttpUriRequest is a phantom class!
Warning: org.apache.http.client.utils.URLEncodedUtils is a phantom class!
Warning: org.apache.http.impl.client.DefaultHttpClient is a phantom class!
Warning: org.apache.http.message.BasicNameValuePair is a phantom class!
[Call Graph] For information on where the call graph may be incomplete, use the verbose option to the cg phase.
[Spark] Pointer Assignment Graph in 0.0 seconds.
[Spark] Type masks in 0.0 seconds.
[Spark] Pointer Graph simplified in 0.0 seconds.
[Spark] Propagation in 0.0 seconds.
[Spark] Solution found in 0.0 seconds.
hcai's internal transform
Running static analysis for security-relevant feature characterization
[GatorHierarchy] [32mVERBOSE[0m [HIER] All classes: 1683
[GatorHierarchy] [32mVERBOSE[0m [App: 486, Lib : 1182, Phantom: 15]
[GatorHierarchy] [32mVERBOSE[0m [HIER] Activities: 11, lib activities: 1
[GatorHierarchy] [32mVERBOSE[0m [HIER] App views: 16, Lib views: 22
[GatorHierarchy] [32mVERBOSE[0m [HIER] App Dialogs: 2, Lib Dialogs: 4
[TIMECOST] [32mVERBOSE[0m buildApplicationCodeMap parsing starting at 1650491302800
[TIMECOST] [32mVERBOSE[0m buildApplicationCodeMap parsing finished at 1650491305358
[Instantiated app classes] [32mVERBOSE[0m total number: 371
[WARNING] [32mVERBOSE[0m Callback method :onPause in Class jp.basicinc.gamefeat.android.sdk.view.GameFeatPopupActivity added
[WARNING] [32mVERBOSE[0m Callback method :onStop in Class jp.basicinc.gamefeat.android.sdk.view.GameFeatPopupActivity added
[WARNING] [32mVERBOSE[0m Callback method :onCreate in Class jp.basicinc.gamefeat.android.sdk.view.GameFeatPopupActivity added
[WARNING] [32mVERBOSE[0m Callback method :onResume in Class jp.basicinc.gamefeat.android.sdk.view.GameFeatPopupActivity added
[WARNING] [32mVERBOSE[0m Callback method :onKeyDown in Class android.support.v4.app.FragmentActivity added
[WARNING] [32mVERBOSE[0m Callback method :onPanelClosed in Class android.support.v4.app.FragmentActivity added
[WARNING] [32mVERBOSE[0m Callback method :onConfigurationChanged in Class android.support.v4.app.FragmentActivity added
[WARNING] [32mVERBOSE[0m Callback method :onMenuItemSelected in Class android.support.v4.app.FragmentActivity added
[WARNING] [32mVERBOSE[0m Callback method :onBackPressed in Class android.support.v4.app.FragmentActivity added
[WARNING] [32mVERBOSE[0m Callback method :onRetainNonConfigurationInstance in Class android.support.v4.app.FragmentActivity added
[WARNING] [32mVERBOSE[0m Callback method :onNewIntent in Class android.support.v4.app.FragmentActivity added
[WARNING] [32mVERBOSE[0m Callback method :onPause in Class android.support.v4.app.FragmentActivity added
[WARNING] [32mVERBOSE[0m Callback method :onStop in Class android.support.v4.app.FragmentActivity added
[WARNING] [32mVERBOSE[0m Callback method :onCreatePanelMenu in Class android.support.v4.app.FragmentActivity added
[WARNING] [32mVERBOSE[0m Callback method :dump in Class android.support.v4.app.FragmentActivity added
[WARNING] [32mVERBOSE[0m Callback method :onCreate in Class android.support.v4.app.FragmentActivity added
[WARNING] [32mVERBOSE[0m Callback method :onCreateView in Class android.support.v4.app.FragmentActivity added
[WARNING] [32mVERBOSE[0m Callback method :onDestroy in Class android.support.v4.app.FragmentActivity added
[WARNING] [32mVERBOSE[0m Callback method :onPreparePanel in Class android.support.v4.app.FragmentActivity added
[WARNING] [32mVERBOSE[0m Callback method :onStart in Class android.support.v4.app.FragmentActivity added
[WARNING] [32mVERBOSE[0m Callback method :onSaveInstanceState in Class android.support.v4.app.FragmentActivity added
[WARNING] [32mVERBOSE[0m Callback method :startActivityForResult in Class android.support.v4.app.FragmentActivity added
[WARNING] [32mVERBOSE[0m Callback method :onActivityResult in Class android.support.v4.app.FragmentActivity added
[WARNING] [32mVERBOSE[0m Callback method :onPostResume in Class android.support.v4.app.FragmentActivity added
[WARNING] [32mVERBOSE[0m Callback method :onResume in Class android.support.v4.app.FragmentActivity added
[WARNING] [32mVERBOSE[0m Callback method :onLowMemory in Class android.support.v4.app.FragmentActivity added
[WARNING] [32mVERBOSE[0m Callback method :onDraw in Class com.todayallo.funafuna.view.HatenaView added
[WARNING] [32mVERBOSE[0m Callback method :onReceive in Class jp.basicinc.gamefeat.android.sdk.receiver.GameFeatBroadcastReceiver added
[WARNING] [32mVERBOSE[0m Callback method :onRestoreInstanceState in Class android.support.v4.app.FragmentTabHost added
[WARNING] [32mVERBOSE[0m Callback method :onTabChanged in Class android.support.v4.app.FragmentTabHost added
[WARNING] [32mVERBOSE[0m Callback method :setOnTabChangedListener in Class android.support.v4.app.FragmentTabHost added
[WARNING] [32mVERBOSE[0m Callback method :onSaveInstanceState in Class android.support.v4.app.FragmentTabHost added
[WARNING] [32mVERBOSE[0m Callback method :onDetachedFromWindow in Class android.support.v4.app.FragmentTabHost added
[WARNING] [32mVERBOSE[0m Callback method :onAttachedToWindow in Class android.support.v4.app.FragmentTabHost added
[WARNING] [32mVERBOSE[0m Callback method :setup in Class android.support.v4.app.FragmentTabHost added
[WARNING] [32mVERBOSE[0m Callback method :onTouch in Class com.todayallo.funafuna.activities.HelpActivity added
[WARNING] [32mVERBOSE[0m Callback method :onPause in Class com.todayallo.funafuna.activities.HelpActivity added
[WARNING] [32mVERBOSE[0m Callback method :onCreate in Class com.todayallo.funafuna.activities.HelpActivity added
[WARNING] [32mVERBOSE[0m Callback method :dispatchKeyEvent in Class com.todayallo.funafuna.activities.HelpActivity added
[WARNING] [32mVERBOSE[0m Callback method :onDestroy in Class com.todayallo.funafuna.activities.HelpActivity added
[WARNING] [32mVERBOSE[0m Callback method :onStart in Class com.todayallo.funafuna.activities.HelpActivity added
[WARNING] [32mVERBOSE[0m Callback method :onLowMemory in Class android.support.v4.app.Fragment added
[WARNING] [32mVERBOSE[0m Callback method :onCreateContextMenu in Class android.support.v4.app.Fragment added
[WARNING] [32mVERBOSE[0m Callback method :onCancel in Class android.support.v4.app.DialogFragment added
[WARNING] [32mVERBOSE[0m Callback method :onDismiss in Class android.support.v4.app.DialogFragment added
[WARNING] [32mVERBOSE[0m Callback method :onConfigurationChanged in Class android.support.v4.app.Fragment added
[WARNING] [32mVERBOSE[0m Callback method :getItem in Class android.support.v4.widget.CursorAdapter added
[WARNING] [32mVERBOSE[0m Callback method :getView in Class android.support.v4.widget.CursorAdapter added
[WARNING] [32mVERBOSE[0m Callback method :getDropDownView in Class android.support.v4.widget.CursorAdapter added
[WARNING] [32mVERBOSE[0m Callback method :getFilter in Class android.support.v4.widget.CursorAdapter added
[WARNING] [32mVERBOSE[0m Callback method :getCount in Class android.support.v4.widget.CursorAdapter added
[WARNING] [32mVERBOSE[0m Callback method :getItemId in Class android.support.v4.widget.CursorAdapter added
[WARNING] [32mVERBOSE[0m Callback method :hasStableIds in Class android.support.v4.widget.CursorAdapter added
[WARNING] [32mVERBOSE[0m Callback method :onMeasure in Class android.support.v4.view.PagerTitleStrip added
[WARNING] [32mVERBOSE[0m Callback method :requestLayout in Class android.support.v4.view.PagerTitleStrip added
[WARNING] [32mVERBOSE[0m Callback method :onLayout in Class android.support.v4.view.PagerTitleStrip added
[WARNING] [32mVERBOSE[0m Callback method :setBackgroundColor in Class android.support.v4.view.PagerTabStrip added
[WARNING] [32mVERBOSE[0m Callback method :onTouchEvent in Class android.support.v4.view.PagerTabStrip added
[WARNING] [32mVERBOSE[0m Callback method :onDetachedFromWindow in Class android.support.v4.view.PagerTitleStrip added
[WARNING] [32mVERBOSE[0m Callback method :onAttachedToWindow in Class android.support.v4.view.PagerTitleStrip added
[WARNING] [32mVERBOSE[0m Callback method :setBackgroundResource in Class android.support.v4.view.PagerTabStrip added
[WARNING] [32mVERBOSE[0m Callback method :setPadding in Class android.support.v4.view.PagerTabStrip added
[WARNING] [32mVERBOSE[0m Callback method :onDraw in Class android.support.v4.view.PagerTabStrip added
[WARNING] [32mVERBOSE[0m Callback method :setBackgroundDrawable in Class android.support.v4.view.PagerTabStrip added
[WARNING] [32mVERBOSE[0m Callback method :getItem in Class android.support.v4.widget.CursorAdapter added
[WARNING] [32mVERBOSE[0m Callback method :getView in Class android.support.v4.widget.CursorAdapter added
[WARNING] [32mVERBOSE[0m Callback method :getDropDownView in Class android.support.v4.widget.CursorAdapter added
[WARNING] [32mVERBOSE[0m Callback method :getFilter in Class android.support.v4.widget.CursorAdapter added
[WARNING] [32mVERBOSE[0m Callback method :getCount in Class android.support.v4.widget.CursorAdapter added
[WARNING] [32mVERBOSE[0m Callback method :getItemId in Class android.support.v4.widget.CursorAdapter added
[WARNING] [32mVERBOSE[0m Callback method :hasStableIds in Class android.support.v4.widget.CursorAdapter added
[WARNING] [32mVERBOSE[0m Callback method :onLayout in Class jp.basicinc.gamefeat.android.sdk.view.FontFitTextView added
[WARNING] [32mVERBOSE[0m Callback method :onWindowFocusChanged in Class jp.basicinc.gamefeat.android.sdk.view.GameFeatOverlayActivity added
[WARNING] [32mVERBOSE[0m Callback method :onConfigurationChanged in Class jp.basicinc.gamefeat.android.sdk.view.GameFeatOverlayActivity added
[WARNING] [32mVERBOSE[0m Callback method :onPause in Class jp.basicinc.gamefeat.android.sdk.view.GameFeatOverlayActivity added
[WARNING] [32mVERBOSE[0m Callback method :onStop in Class jp.basicinc.gamefeat.android.sdk.view.GameFeatOverlayActivity added
[WARNING] [32mVERBOSE[0m Callback method :onCreate in Class jp.basicinc.gamefeat.android.sdk.view.GameFeatOverlayActivity added
[WARNING] [32mVERBOSE[0m Callback method :onDestroy in Class jp.basicinc.gamefeat.android.sdk.view.GameFeatOverlayActivity added
[WARNING] [32mVERBOSE[0m Callback method :onResume in Class jp.basicinc.gamefeat.android.sdk.view.GameFeatOverlayActivity added
[WARNING] [32mVERBOSE[0m Callback method :onLayout in Class com.todayallo.funafuna.view.FontFitTextView added
[WARNING] [32mVERBOSE[0m Callback method :onTouch in Class com.todayallo.funafuna.activities.EndingActivity added
[WARNING] [32mVERBOSE[0m Callback method :onPause in Class com.todayallo.funafuna.activities.EndingActivity added
[WARNING] [32mVERBOSE[0m Callback method :onCreate in Class com.todayallo.funafuna.activities.EndingActivity added
[WARNING] [32mVERBOSE[0m Callback method :onDestroy in Class com.todayallo.funafuna.activities.EndingActivity added
[WARNING] [32mVERBOSE[0m Callback method :onStart in Class com.todayallo.funafuna.activities.EndingActivity added
[WARNING] [32mVERBOSE[0m Callback method :onCreate in Class jp.basicinc.gamefeat.android.sdk.view.GameFeatAppChildActivity added
[WARNING] [32mVERBOSE[0m Callback method :onResume in Class jp.basicinc.gamefeat.android.sdk.view.GameFeatAppChildActivity added
[WARNING] [32mVERBOSE[0m Callback method :onCreate in Class jp.basicinc.gamefeat.android.sdk.view.GameFeatAppActivity added
[WARNING] [32mVERBOSE[0m Callback method :onResume in Class jp.basicinc.gamefeat.android.sdk.view.GameFeatAppActivity added
[WARNING] [32mVERBOSE[0m Callback method :setLineSpacing in Class com.todayallo.funafuna.view.AutoResizeTextView added
[WARNING] [32mVERBOSE[0m Callback method :onLayout in Class com.todayallo.funafuna.view.AutoResizeTextView added
[WARNING] [32mVERBOSE[0m Callback method :onSizeChanged in Class com.todayallo.funafuna.view.AutoResizeTextView added
[WARNING] [32mVERBOSE[0m Callback method :onTextChanged in Class com.todayallo.funafuna.view.AutoResizeTextView added
[WARNING] [32mVERBOSE[0m Callback method :setTextSize in Class com.todayallo.funafuna.view.AutoResizeTextView added
[WARNING] [32mVERBOSE[0m Callback method :setTextSize in Class com.todayallo.funafuna.view.AutoResizeTextView added
[WARNING] [32mVERBOSE[0m Callback method :onLowMemory in Class android.support.v4.app.Fragment added
[WARNING] [32mVERBOSE[0m Callback method :onCreateContextMenu in Class android.support.v4.app.Fragment added
[WARNING] [32mVERBOSE[0m Callback method :onConfigurationChanged in Class android.support.v4.app.Fragment added
[WARNING] [32mVERBOSE[0m Callback method :onLowMemory in Class android.support.v4.app.Fragment added
[WARNING] [32mVERBOSE[0m Callback method :onCreateContextMenu in Class android.support.v4.app.Fragment added
[WARNING] [32mVERBOSE[0m Callback method :onConfigurationChanged in Class android.support.v4.app.Fragment added
[WARNING] [32mVERBOSE[0m Callback method :getItem in Class android.support.v4.widget.CursorAdapter added
[WARNING] [32mVERBOSE[0m Callback method :getView in Class android.support.v4.widget.CursorAdapter added
[WARNING] [32mVERBOSE[0m Callback method :getDropDownView in Class android.support.v4.widget.CursorAdapter added
[WARNING] [32mVERBOSE[0m Callback method :getFilter in Class android.support.v4.widget.CursorAdapter added
[WARNING] [32mVERBOSE[0m Callback method :getCount in Class android.support.v4.widget.CursorAdapter added
[WARNING] [32mVERBOSE[0m Callback method :getItemId in Class android.support.v4.widget.CursorAdapter added
[WARNING] [32mVERBOSE[0m Callback method :hasStableIds in Class android.support.v4.widget.CursorAdapter added
[WARNING] [32mVERBOSE[0m Callback method :onBind in Class com.todayallo.funafuna.services.NotifyService added
[WARNING] [32mVERBOSE[0m Callback method :onCreate in Class com.todayallo.funafuna.services.NotifyService added
[WARNING] [32mVERBOSE[0m Callback method :onStart in Class com.todayallo.funafuna.services.NotifyService added
[WARNING] [32mVERBOSE[0m Callback method :onMeasure in Class android.support.v4.view.PagerTitleStrip added
[WARNING] [32mVERBOSE[0m Callback method :requestLayout in Class android.support.v4.view.PagerTitleStrip added
[WARNING] [32mVERBOSE[0m Callback method :onLayout in Class android.support.v4.view.PagerTitleStrip added
[WARNING] [32mVERBOSE[0m Callback method :onDetachedFromWindow in Class android.support.v4.view.PagerTitleStrip added
[WARNING] [32mVERBOSE[0m Callback method :onAttachedToWindow in Class android.support.v4.view.PagerTitleStrip added
[WARNING] [32mVERBOSE[0m Callback method :onTouch in Class com.todayallo.funafuna.activities.MoreActivity added
[WARNING] [32mVERBOSE[0m Callback method :onPause in Class com.todayallo.funafuna.activities.MoreActivity added
[WARNING] [32mVERBOSE[0m Callback method :onCreate in Class com.todayallo.funafuna.activities.MoreActivity added
[WARNING] [32mVERBOSE[0m Callback method :dispatchKeyEvent in Class com.todayallo.funafuna.activities.MoreActivity added
[WARNING] [32mVERBOSE[0m Callback method :onDestroy in Class com.todayallo.funafuna.activities.MoreActivity added
[WARNING] [32mVERBOSE[0m Callback method :onStart in Class com.todayallo.funafuna.activities.MoreActivity added
[WARNING] [32mVERBOSE[0m Callback method :generateLayoutParams in Class android.support.v4.view.ViewPager added
[WARNING] [32mVERBOSE[0m Callback method :draw in Class android.support.v4.view.ViewPager added
[WARNING] [32mVERBOSE[0m Callback method :onRestoreInstanceState in Class android.support.v4.view.ViewPager added
[WARNING] [32mVERBOSE[0m Callback method :onRequestFocusInDescendants in Class android.support.v4.view.ViewPager added
[WARNING] [32mVERBOSE[0m Callback method :generateDefaultLayoutParams in Class android.support.v4.view.ViewPager added
[WARNING] [32mVERBOSE[0m Callback method :onMeasure in Class android.support.v4.view.ViewPager added
[WARNING] [32mVERBOSE[0m Callback method :addView in Class android.support.v4.view.ViewPager added
[WARNING] [32mVERBOSE[0m Callback method :onSaveInstanceState in Class android.support.v4.view.ViewPager added
[WARNING] [32mVERBOSE[0m Callback method :onLayout in Class android.support.v4.view.ViewPager added
[WARNING] [32mVERBOSE[0m Callback method :onTouchEvent in Class android.support.v4.view.ViewPager added
[WARNING] [32mVERBOSE[0m Callback method :addTouchables in Class android.support.v4.view.ViewPager added
[WARNING] [32mVERBOSE[0m Callback method :onDetachedFromWindow in Class android.support.v4.view.ViewPager added
[WARNING] [32mVERBOSE[0m Callback method :computeScroll in Class android.support.v4.view.ViewPager added
[WARNING] [32mVERBOSE[0m Callback method :onAttachedToWindow in Class android.support.v4.view.ViewPager added
[WARNING] [32mVERBOSE[0m Callback method :onInterceptTouchEvent in Class android.support.v4.view.ViewPager added
[WARNING] [32mVERBOSE[0m Callback method :verifyDrawable in Class android.support.v4.view.ViewPager added
[WARNING] [32mVERBOSE[0m Callback method :dispatchPopulateAccessibilityEvent in Class android.support.v4.view.ViewPager added
[WARNING] [32mVERBOSE[0m Callback method :onSizeChanged in Class android.support.v4.view.ViewPager added
[WARNING] [32mVERBOSE[0m Callback method :dispatchKeyEvent in Class android.support.v4.view.ViewPager added
[WARNING] [32mVERBOSE[0m Callback method :addFocusables in Class android.support.v4.view.ViewPager added
[WARNING] [32mVERBOSE[0m Callback method :removeView in Class android.support.v4.view.ViewPager added
[WARNING] [32mVERBOSE[0m Callback method :onDraw in Class android.support.v4.view.ViewPager added
[WARNING] [32mVERBOSE[0m Callback method :generateLayoutParams in Class android.support.v4.view.ViewPager added
[WARNING] [32mVERBOSE[0m Callback method :drawableStateChanged in Class android.support.v4.view.ViewPager added
[WARNING] [32mVERBOSE[0m Callback method :getChildDrawingOrder in Class android.support.v4.view.ViewPager added
[WARNING] [32mVERBOSE[0m Callback method :checkLayoutParams in Class android.support.v4.view.ViewPager added
[WARNING] [32mVERBOSE[0m Callback method :onTouch in Class com.todayallo.funafuna.activities.MainActivity added
[WARNING] [32mVERBOSE[0m Callback method :onPause in Class com.todayallo.funafuna.activities.MainActivity added
[WARNING] [32mVERBOSE[0m Callback method :onCreate in Class com.todayallo.funafuna.activities.MainActivity added
[WARNING] [32mVERBOSE[0m Callback method :dispatchKeyEvent in Class com.todayallo.funafuna.activities.MainActivity added
[WARNING] [32mVERBOSE[0m Callback method :onDestroy in Class com.todayallo.funafuna.activities.MainActivity added
[WARNING] [32mVERBOSE[0m Callback method :onActivityResult in Class com.todayallo.funafuna.activities.MainActivity added
[WARNING] [32mVERBOSE[0m Callback method :onResume in Class com.todayallo.funafuna.activities.MainActivity added
[WARNING] [32mVERBOSE[0m Callback method :onTouch in Class com.todayallo.funafuna.activities.ZukanActivity added
[WARNING] [32mVERBOSE[0m Callback method :onPause in Class com.todayallo.funafuna.activities.ZukanActivity added
[WARNING] [32mVERBOSE[0m Callback method :onCreate in Class com.todayallo.funafuna.activities.ZukanActivity added
[WARNING] [32mVERBOSE[0m Callback method :dispatchKeyEvent in Class com.todayallo.funafuna.activities.ZukanActivity added
[WARNING] [32mVERBOSE[0m Callback method :onDestroy in Class com.todayallo.funafuna.activities.ZukanActivity added
[WARNING] [32mVERBOSE[0m Callback method :onStart in Class com.todayallo.funafuna.activities.ZukanActivity added
[WARNING] [32mVERBOSE[0m Callback method :onActivityResult in Class com.todayallo.funafuna.activities.ZukanActivity added
0 ICC links found and 0 cg edges added due to ICC links
dynamic conflated call graph: 380 methods; 380 nodes; 562 edges.
maxpossibleFlows=4
maxpossibleFlows=4
maxpossibleFlows=4
maxpossibleFlows=4
maxpossibleFlows=4
maxpossibleFlows=4
maxpossibleFlows=4
maxpossibleFlows=4
maxpossibleFlows=4
maxpossibleFlows=4
maxpossibleFlows=4
maxpossibleFlows=4
maxpossibleFlows=4
maxpossibleFlows=4
maxpossibleFlows=4
maxpossibleFlows=4
maxpossibleFlows=4
maxpossibleFlows=4
maxpossibleFlows=4
maxpossibleFlows=4
maxpossibleFlows=4
maxpossibleFlows=4
maxpossibleFlows=4
maxpossibleFlows=4
maxpossibleFlows=16
16 taint flow paths FOUND from <android.graphics.Bitmap: int getHeight()> to <android.widget.ImageView: void setImageBitmap(android.graphics.Bitmap)>
maxpossibleFlows=6
6 taint flow paths FOUND from <android.database.sqlite.SQLiteOpenHelper: android.database.sqlite.SQLiteDatabase getWritableDatabase()> to <android.database.sqlite.SQLiteProgram: void bindLong(int,long)>
maxpossibleFlows=4
maxpossibleFlows=4
maxpossibleFlows=4
maxpossibleFlows=4
maxpossibleFlows=4
maxpossibleFlows=4
maxpossibleFlows=4
maxpossibleFlows=4
maxpossibleFlows=4
maxpossibleFlows=6
6 taint flow paths FOUND from <android.net.Uri: android.net.Uri parse(java.lang.String)> to <android.app.AlarmManager: void set(int,long,android.app.PendingIntent)>
maxpossibleFlows=4
maxpossibleFlows=4
maxpossibleFlows=4
maxpossibleFlows=16
10 taint flow paths FOUND from <android.view.ContextThemeWrapper: android.content.res.Resources getResources()> to <android.widget.ImageView: void setImageBitmap(android.graphics.Bitmap)>
maxpossibleFlows=4
maxpossibleFlows=4
maxpossibleFlows=4
maxpossibleFlows=16
maxpossibleFlows=4
3 taint flow paths FOUND from <android.content.res.Resources: java.lang.String getString(int)> to <android.app.Activity: void setContentView(int)>
maxpossibleFlows=4
maxpossibleFlows=4
maxpossibleFlows=4
maxpossibleFlows=12
maxpossibleFlows=4
3 taint flow paths FOUND from <java.lang.StringBuilder: java.lang.String toString()> to <android.view.SurfaceView: void setZOrderOnTop(boolean)>
maxpossibleFlows=4
maxpossibleFlows=4
maxpossibleFlows=4
maxpossibleFlows=16
16 taint flow paths FOUND from <android.graphics.Bitmap: int getWidth()> to <android.widget.ImageView: void setImageBitmap(android.graphics.Bitmap)>
maxpossibleFlows=4
4 taint flow paths FOUND from <android.content.res.Resources: android.content.res.AssetManager getAssets()> to <android.content.res.AssetManager: java.io.InputStream open(java.lang.String)>
maxpossibleFlows=4
4 taint flow paths FOUND from <java.lang.Double: double doubleValue()> to <android.webkit.WebSettings: void setJavaScriptCanOpenWindowsAutomatically(boolean)>
maxpossibleFlows=6
5 taint flow paths FOUND from <java.lang.Float: float floatValue()> to <android.database.sqlite.SQLiteProgram: void bindLong(int,long)>
maxpossibleFlows=4
maxpossibleFlows=4
maxpossibleFlows=4
maxpossibleFlows=4
maxpossibleFlows=4
maxpossibleFlows=4
maxpossibleFlows=4
maxpossibleFlows=4
maxpossibleFlows=4
maxpossibleFlows=4
maxpossibleFlows=1
maxpossibleFlows=1
maxpossibleFlows=1
maxpossibleFlows=1
maxpossibleFlows=1
maxpossibleFlows=1
maxpossibleFlows=1
maxpossibleFlows=1
maxpossibleFlows=1
maxpossibleFlows=1
maxpossibleFlows=1
maxpossibleFlows=1
maxpossibleFlows=1
maxpossibleFlows=1
maxpossibleFlows=1
maxpossibleFlows=1
maxpossibleFlows=1
maxpossibleFlows=1
maxpossibleFlows=1
maxpossibleFlows=1
maxpossibleFlows=1
maxpossibleFlows=4
maxpossibleFlows=4
maxpossibleFlows=4
maxpossibleFlows=4
maxpossibleFlows=4
maxpossibleFlows=4
maxpossibleFlows=4
maxpossibleFlows=4
maxpossibleFlows=4
maxpossibleFlows=4
4 taint flow paths FOUND from <android.content.ContextWrapper: android.content.res.Resources getResources()> to <android.content.res.AssetManager: java.io.InputStream open(java.lang.String)>
maxpossibleFlows=4
maxpossibleFlows=4
maxpossibleFlows=4
maxpossibleFlows=4
maxpossibleFlows=4
3 taint flow paths FOUND from <android.content.res.Resources: int getIdentifier(java.lang.String,java.lang.String,java.lang.String)> to <android.view.SurfaceView: void setZOrderOnTop(boolean)>
maxpossibleFlows=4
maxpossibleFlows=4
maxpossibleFlows=4
maxpossibleFlows=4
maxpossibleFlows=4
maxpossibleFlows=4
maxpossibleFlows=4
maxpossibleFlows=4
maxpossibleFlows=4
maxpossibleFlows=6
6 taint flow paths FOUND from <android.app.PendingIntent: android.app.PendingIntent getService(android.content.Context,int,android.content.Intent,int)> to <android.app.AlarmManager: void set(int,long,android.app.PendingIntent)>
maxpossibleFlows=1
maxpossibleFlows=1
maxpossibleFlows=1
maxpossibleFlows=1
maxpossibleFlows=1
maxpossibleFlows=1
maxpossibleFlows=1
maxpossibleFlows=1
maxpossibleFlows=1
maxpossibleFlows=1
maxpossibleFlows=3
maxpossibleFlows=3
maxpossibleFlows=3
maxpossibleFlows=3
maxpossibleFlows=3
maxpossibleFlows=3
maxpossibleFlows=3
maxpossibleFlows=3
maxpossibleFlows=3
maxpossibleFlows=3
maxpossibleFlows=4
maxpossibleFlows=4
maxpossibleFlows=4
maxpossibleFlows=4
maxpossibleFlows=4
maxpossibleFlows=4
maxpossibleFlows=4
maxpossibleFlows=4
maxpossibleFlows=4
maxpossibleFlows=4
maxpossibleFlows=4
maxpossibleFlows=4
maxpossibleFlows=4
maxpossibleFlows=4
maxpossibleFlows=4
maxpossibleFlows=4
maxpossibleFlows=4
maxpossibleFlows=4
maxpossibleFlows=4
maxpossibleFlows=4
maxpossibleFlows=3
maxpossibleFlows=3
maxpossibleFlows=3
maxpossibleFlows=3
maxpossibleFlows=3
maxpossibleFlows=3
maxpossibleFlows=3
maxpossibleFlows=3
maxpossibleFlows=3
maxpossibleFlows=3
maxpossibleFlows=1
maxpossibleFlows=1
maxpossibleFlows=1
maxpossibleFlows=1
maxpossibleFlows=1
maxpossibleFlows=1
maxpossibleFlows=1
maxpossibleFlows=1
maxpossibleFlows=1
maxpossibleFlows=1
maxpossibleFlows=4
maxpossibleFlows=4
maxpossibleFlows=4
maxpossibleFlows=4
1 taint flow paths FOUND from <android.app.Activity: java.lang.Object getSystemService(java.lang.String)> to <android.widget.ImageView: void setImageBitmap(android.graphics.Bitmap)>
maxpossibleFlows=4
maxpossibleFlows=4
maxpossibleFlows=4
maxpossibleFlows=4
1 taint flow paths FOUND from <android.media.AudioManager: int getStreamMaxVolume(int)> to <android.widget.ImageView: void setImageBitmap(android.graphics.Bitmap)>
maxpossibleFlows=3
maxpossibleFlows=3
maxpossibleFlows=3
maxpossibleFlows=3
maxpossibleFlows=3
maxpossibleFlows=3
maxpossibleFlows=3
maxpossibleFlows=3
maxpossibleFlows=3
maxpossibleFlows=3
maxpossibleFlows=4
maxpossibleFlows=4
maxpossibleFlows=4
maxpossibleFlows=16
16 taint flow paths FOUND from <android.graphics.Bitmap: android.graphics.Bitmap createScaledBitmap(android.graphics.Bitmap,int,int,boolean)> to <android.widget.ImageView: void setImageBitmap(android.graphics.Bitmap)>
maxpossibleFlows=4
maxpossibleFlows=4
maxpossibleFlows=4
maxpossibleFlows=2
maxpossibleFlows=2
maxpossibleFlows=4
maxpossibleFlows=2
maxpossibleFlows=4
maxpossibleFlows=4
maxpossibleFlows=2
maxpossibleFlows=2
maxpossibleFlows=2
maxpossibleFlows=2
maxpossibleFlows=2
maxpossibleFlows=2
maxpossibleFlows=2
maxpossibleFlows=2
maxpossibleFlows=2
maxpossibleFlows=2
maxpossibleFlows=2
maxpossibleFlows=4
maxpossibleFlows=4
maxpossibleFlows=4
maxpossibleFlows=4
maxpossibleFlows=4
maxpossibleFlows=4
maxpossibleFlows=4
maxpossibleFlows=4
maxpossibleFlows=4
maxpossibleFlows=4
maxpossibleFlows=4
maxpossibleFlows=4
maxpossibleFlows=4
maxpossibleFlows=4
maxpossibleFlows=4
3 taint flow paths FOUND from <android.content.ContextWrapper: java.lang.String getPackageName()> to <android.view.SurfaceView: void setZOrderOnTop(boolean)>
maxpossibleFlows=4
4 taint flow paths FOUND from <android.webkit.WebView: android.webkit.WebSettings getSettings()> to <android.webkit.WebSettings: void setJavaScriptCanOpenWindowsAutomatically(boolean)>
maxpossibleFlows=4
maxpossibleFlows=4
maxpossibleFlows=4
maxpossibleFlows=4
maxpossibleFlows=4
maxpossibleFlows=4
maxpossibleFlows=4
maxpossibleFlows=4
maxpossibleFlows=4
maxpossibleFlows=4
maxpossibleFlows=4
maxpossibleFlows=4
3 taint flow paths FOUND from <android.view.View: android.content.res.Resources getResources()> to <android.view.SurfaceView: void setZOrderOnTop(boolean)>
maxpossibleFlows=4
maxpossibleFlows=4
maxpossibleFlows=4
maxpossibleFlows=4
maxpossibleFlows=4
maxpossibleFlows=4
maxpossibleFlows=4
maxpossibleFlows=4
maxpossibleFlows=4
maxpossibleFlows=4
maxpossibleFlows=6
6 taint flow paths FOUND from <java.util.Calendar: long getTimeInMillis()> to <android.app.AlarmManager: void set(int,long,android.app.PendingIntent)>
maxpossibleFlows=6
6 taint flow paths FOUND from <java.util.Calendar: java.util.Calendar getInstance()> to <android.app.AlarmManager: void set(int,long,android.app.PendingIntent)>
maxpossibleFlows=4
maxpossibleFlows=4
maxpossibleFlows=4
maxpossibleFlows=4
maxpossibleFlows=4
maxpossibleFlows=4
maxpossibleFlows=4
maxpossibleFlows=4
maxpossibleFlows=4
4 taint flow paths FOUND from <java.lang.Double: double doubleValue()> to <android.webkit.WebSettings: void setJavaScriptCanOpenWindowsAutomatically(boolean)>
maxpossibleFlows=4
maxpossibleFlows=4
maxpossibleFlows=4
maxpossibleFlows=4
maxpossibleFlows=4
maxpossibleFlows=4
maxpossibleFlows=4
maxpossibleFlows=4
maxpossibleFlows=4
4 taint flow paths FOUND from <java.lang.Double: double doubleValue()> to <android.webkit.WebSettings: void setSupportMultipleWindows(boolean)>
maxpossibleFlows=4
maxpossibleFlows=4
maxpossibleFlows=4
maxpossibleFlows=4
maxpossibleFlows=4
maxpossibleFlows=4
maxpossibleFlows=4
maxpossibleFlows=4
maxpossibleFlows=4
4 taint flow paths FOUND from <java.lang.Double: double doubleValue()> to <android.webkit.WebSettings: void setJavaScriptEnabled(boolean)>
maxpossibleFlows=4
maxpossibleFlows=4
maxpossibleFlows=16
16 taint flow paths FOUND from <android.graphics.Bitmap: int getHeight()> to <android.widget.ImageView: void setImageBitmap(android.graphics.Bitmap)>
maxpossibleFlows=4
maxpossibleFlows=4
3 taint flow paths FOUND from <android.graphics.Bitmap: int getHeight()> to <android.view.SurfaceView: void setZOrderOnTop(boolean)>
maxpossibleFlows=4
maxpossibleFlows=4
maxpossibleFlows=4
3 taint flow paths FOUND from <android.graphics.Bitmap: int getHeight()> to <android.app.Activity: void setContentView(int)>
maxpossibleFlows=4
maxpossibleFlows=4
maxpossibleFlows=4
maxpossibleFlows=4
maxpossibleFlows=4
maxpossibleFlows=4
maxpossibleFlows=4
maxpossibleFlows=4
maxpossibleFlows=4
4 taint flow paths FOUND from <java.lang.Double: double doubleValue()> to <android.webkit.WebView: void setWebViewClient(android.webkit.WebViewClient)>
maxpossibleFlows=4
maxpossibleFlows=4
maxpossibleFlows=4
3 taint flow paths FOUND from <android.graphics.Bitmap: int getHeight()> to <android.app.Activity: void setVolumeControlStream(int)>
maxpossibleFlows=4
maxpossibleFlows=4
maxpossibleFlows=4
maxpossibleFlows=4
maxpossibleFlows=4
maxpossibleFlows=4
maxpossibleFlows=4
maxpossibleFlows=4
maxpossibleFlows=4
4 taint flow paths FOUND from <java.lang.Double: double doubleValue()> to <android.webkit.WebView: void setInitialScale(int)>
maxpossibleFlows=4
maxpossibleFlows=4
maxpossibleFlows=4
maxpossibleFlows=4
maxpossibleFlows=4
maxpossibleFlows=4
maxpossibleFlows=4
maxpossibleFlows=4
maxpossibleFlows=4
4 taint flow paths FOUND from <java.lang.Double: double doubleValue()> to <android.webkit.WebView: void setWebChromeClient(android.webkit.WebChromeClient)>
maxpossibleFlows=6
6 taint flow paths FOUND from <android.database.sqlite.SQLiteOpenHelper: android.database.sqlite.SQLiteDatabase getWritableDatabase()> to <android.database.sqlite.SQLiteProgram: void bindLong(int,long)>
maxpossibleFlows=4
4 taint flow paths FOUND from <android.content.res.Resources: android.content.res.AssetManager getAssets()> to <android.content.res.AssetManager: java.io.InputStream open(java.lang.String)>
maxpossibleFlows=6
6 taint flow paths FOUND from <android.net.Uri: android.net.Uri parse(java.lang.String)> to <android.app.AlarmManager: void set(int,long,android.app.PendingIntent)>
maxpossibleFlows=4
maxpossibleFlows=4
maxpossibleFlows=4
3 taint flow paths FOUND from <android.graphics.Bitmap: int getHeight()> to <android.media.AudioManager: void setStreamVolume(int,int,int)>
maxpossibleFlows=6
1 taint flow paths FOUND from <android.database.sqlite.SQLiteOpenHelper: android.database.sqlite.SQLiteDatabase getWritableDatabase()> to <android.database.sqlite.SQLiteProgram: void bindDouble(int,double)>
[WARNING] [32mVERBOSE[0m Callback method :<init> in Class android.support.v4.app.Fragment
[WARNING] [32mVERBOSE[0m Callback method :onConfigurationChanged in Class android.support.v4.app.Fragment
[WARNING] [32mVERBOSE[0m Callback method :onCreateContextMenu in Class android.support.v4.app.Fragment
[WARNING] [32mVERBOSE[0m Callback method :onLowMemory in Class android.support.v4.app.Fragment
[WARNING] [32mVERBOSE[0m Callback method :<init> in Class android.support.v4.app.DialogFragment
[WARNING] [32mVERBOSE[0m Callback method :onCancel in Class android.support.v4.app.DialogFragment
[WARNING] [32mVERBOSE[0m Callback method :onDismiss in Class android.support.v4.app.DialogFragment
[WARNING] [32mVERBOSE[0m Callback method :onAttachedToWindow in Class android.support.v4.app.FragmentTabHost
[WARNING] [32mVERBOSE[0m Callback method :onDetachedFromWindow in Class android.support.v4.app.FragmentTabHost
[WARNING] [32mVERBOSE[0m Callback method :onRestoreInstanceState in Class android.support.v4.app.FragmentTabHost
[WARNING] [32mVERBOSE[0m Callback method :onSaveInstanceState in Class android.support.v4.app.FragmentTabHost
[WARNING] [32mVERBOSE[0m Callback method :onTabChanged in Class android.support.v4.app.FragmentTabHost
[WARNING] [32mVERBOSE[0m Callback method :setOnTabChangedListener in Class android.support.v4.app.FragmentTabHost
[WARNING] [32mVERBOSE[0m Callback method :setup in Class android.support.v4.app.FragmentTabHost
[WARNING] [32mVERBOSE[0m Callback method :<init> in Class com.todayallo.funafuna.activities.EndingActivity
[WARNING] [32mVERBOSE[0m Callback method :onCreate in Class com.todayallo.funafuna.activities.EndingActivity
[WARNING] [32mVERBOSE[0m Callback method :onDestroy in Class com.todayallo.funafuna.activities.EndingActivity
[WARNING] [32mVERBOSE[0m Callback method :onPause in Class com.todayallo.funafuna.activities.EndingActivity
[WARNING] [32mVERBOSE[0m Callback method :onStart in Class com.todayallo.funafuna.activities.EndingActivity
[WARNING] [32mVERBOSE[0m Callback method :onTouch in Class com.todayallo.funafuna.activities.EndingActivity
[WARNING] [32mVERBOSE[0m Callback method :<init> in Class com.todayallo.funafuna.activities.HelpActivity
[WARNING] [32mVERBOSE[0m Callback method :dispatchKeyEvent in Class com.todayallo.funafuna.activities.HelpActivity
[WARNING] [32mVERBOSE[0m Callback method :onCreate in Class com.todayallo.funafuna.activities.HelpActivity
[WARNING] [32mVERBOSE[0m Callback method :onDestroy in Class com.todayallo.funafuna.activities.HelpActivity
[WARNING] [32mVERBOSE[0m Callback method :onPause in Class com.todayallo.funafuna.activities.HelpActivity
[WARNING] [32mVERBOSE[0m Callback method :onStart in Class com.todayallo.funafuna.activities.HelpActivity
[WARNING] [32mVERBOSE[0m Callback method :onTouch in Class com.todayallo.funafuna.activities.HelpActivity
[WARNING] [32mVERBOSE[0m Callback method :<init> in Class com.todayallo.funafuna.activities.MainActivity
[WARNING] [32mVERBOSE[0m Callback method :dispatchKeyEvent in Class com.todayallo.funafuna.activities.MainActivity
[WARNING] [32mVERBOSE[0m Callback method :onActivityResult in Class com.todayallo.funafuna.activities.MainActivity
[WARNING] [32mVERBOSE[0m Callback method :onCreate in Class com.todayallo.funafuna.activities.MainActivity
[WARNING] [32mVERBOSE[0m Callback method :onDestroy in Class com.todayallo.funafuna.activities.MainActivity
[WARNING] [32mVERBOSE[0m Callback method :onPause in Class com.todayallo.funafuna.activities.MainActivity
[WARNING] [32mVERBOSE[0m Callback method :onResume in Class com.todayallo.funafuna.activities.MainActivity
[WARNING] [32mVERBOSE[0m Callback method :onTouch in Class com.todayallo.funafuna.activities.MainActivity
[WARNING] [32mVERBOSE[0m Callback method :<init> in Class com.todayallo.funafuna.activities.MoreActivity
[WARNING] [32mVERBOSE[0m Callback method :dispatchKeyEvent in Class com.todayallo.funafuna.activities.MoreActivity
[WARNING] [32mVERBOSE[0m Callback method :onCreate in Class com.todayallo.funafuna.activities.MoreActivity
[WARNING] [32mVERBOSE[0m Callback method :onDestroy in Class com.todayallo.funafuna.activities.MoreActivity
[WARNING] [32mVERBOSE[0m Callback method :onPause in Class com.todayallo.funafuna.activities.MoreActivity
[WARNING] [32mVERBOSE[0m Callback method :onStart in Class com.todayallo.funafuna.activities.MoreActivity
[WARNING] [32mVERBOSE[0m Callback method :onTouch in Class com.todayallo.funafuna.activities.MoreActivity
[WARNING] [32mVERBOSE[0m Callback method :<init> in Class com.todayallo.funafuna.activities.ZukanActivity
[WARNING] [32mVERBOSE[0m Callback method :dispatchKeyEvent in Class com.todayallo.funafuna.activities.ZukanActivity
[WARNING] [32mVERBOSE[0m Callback method :onActivityResult in Class com.todayallo.funafuna.activities.ZukanActivity
[WARNING] [32mVERBOSE[0m Callback method :onCreate in Class com.todayallo.funafuna.activities.ZukanActivity
[WARNING] [32mVERBOSE[0m Callback method :onDestroy in Class com.todayallo.funafuna.activities.ZukanActivity
[WARNING] [32mVERBOSE[0m Callback method :onPause in Class com.todayallo.funafuna.activities.ZukanActivity
[WARNING] [32mVERBOSE[0m Callback method :onStart in Class com.todayallo.funafuna.activities.ZukanActivity
[WARNING] [32mVERBOSE[0m Callback method :onTouch in Class com.todayallo.funafuna.activities.ZukanActivity
Result for benign-app-78-B2BA92F966D68D468C3D1CC9865B551156EEF42260BC46C9714CA6E3D0D8CC3D.apkcom.todayallo.funafuna