DUA-Forensics args to Soot: -w -cp /home/handrick/Documents/UNB/benchmark/libs/droidfax.jar:/home/handrick/Android/Sdk/platforms/android-19/android.jar -p cg verbose:false,implicit-entry:true -p cg.spark verbose:false,on-fly-cg:true,rta:false -d /home/handrick/Documents/UNB/benchmark/trace/180/3/droidbot/malicious-app-12-D22BF24BD9CC27D8EAF4D7F5F0A1AB00418038798F947D779DCAB63CFDDAD566.apk.logcat -process-dir /home/handrick/Documents/UNB/benchmark/data/input/malicious-app-12-D22BF24BD9CC27D8EAF4D7F5F0A1AB00418038798F947D779DCAB63CFDDAD566.apk 
Soot started on Sat Apr 16 01:05:29 CEST 2022
Warning: com.ironsource.mobilcore.BaseFlowBasedAdUnit is a phantom class!
Warning: java.lang.invoke.LambdaMetafactory is a phantom class!
Warning: java.lang.ref.Finalizer is a phantom class!
get type from 'Z'
get type from 'Z'
get type from 'Z'
[Call Graph] For information on where the call graph may be incomplete, use the verbose option to the cg phase.
[Spark] Pointer Assignment Graph in 0.0 seconds.
[Spark] Type masks in 0.0 seconds.
[Spark] Pointer Graph simplified in 0.0 seconds.
[Spark] Propagation in 0.0 seconds.
[Spark] Solution found in 0.0 seconds.
hcai's internal transform
Running static analysis for security-relevant feature characterization
[GatorHierarchy] [32mVERBOSE[0m [HIER] All classes: 2115
[GatorHierarchy] [32mVERBOSE[0m [App: 1018, Lib : 1094, Phantom: 3]
[GatorHierarchy] [32mVERBOSE[0m [HIER] Activities: 10, lib activities: 1
[GatorHierarchy] [32mVERBOSE[0m [HIER] App views: 20, Lib views: 29
[GatorHierarchy] [32mVERBOSE[0m [HIER] App Dialogs: 0, Lib Dialogs: 3
[TIMECOST] [32mVERBOSE[0m buildApplicationCodeMap parsing starting at 1650063931948
[TIMECOST] [32mVERBOSE[0m buildApplicationCodeMap parsing finished at 1650063943892
[Instantiated app classes] [32mVERBOSE[0m total number: 776
[WARNING] [32mVERBOSE[0m Callback method :onMeasure in Class com.google.ads.AdView added
[WARNING] [32mVERBOSE[0m Callback method :onWindowVisibilityChanged in Class com.google.ads.AdView added
[WARNING] [32mVERBOSE[0m Callback method :onPause in Class andrei.brusentcov.common.android.activities.RandomBgActivity added
[WARNING] [32mVERBOSE[0m Callback method :onCreate in Class andrei.brusentcov.common.android.activities.LinkActivity added
[WARNING] [32mVERBOSE[0m Callback method :onRestart in Class andrei.brusentcov.common.android.activities.LinkActivity added
[WARNING] [32mVERBOSE[0m Callback method :onResume in Class andrei.brusentcov.common.android.activities.LinkActivity added
[WARNING] [32mVERBOSE[0m Callback method :onTransact in Class com.google.android.gms.analytics.internal.IAnalyticsService$Stub added
[WARNING] [32mVERBOSE[0m Callback method :asBinder in Class com.google.android.gms.analytics.internal.IAnalyticsService$Stub added
[WARNING] [32mVERBOSE[0m Callback method :onHandleIntent in Class com.google.analytics.tracking.android.CampaignTrackingService added
[WARNING] [32mVERBOSE[0m Callback method :onRestoreInstanceState in Class android.support.v4.app.FragmentTabHost added
[WARNING] [32mVERBOSE[0m Callback method :onTabChanged in Class android.support.v4.app.FragmentTabHost added
[WARNING] [32mVERBOSE[0m Callback method :setOnTabChangedListener in Class android.support.v4.app.FragmentTabHost added
[WARNING] [32mVERBOSE[0m Callback method :onSaveInstanceState in Class android.support.v4.app.FragmentTabHost added
[WARNING] [32mVERBOSE[0m Callback method :onDetachedFromWindow in Class android.support.v4.app.FragmentTabHost added
[WARNING] [32mVERBOSE[0m Callback method :onAttachedToWindow in Class android.support.v4.app.FragmentTabHost added
[WARNING] [32mVERBOSE[0m Callback method :setup in Class android.support.v4.app.FragmentTabHost added
[WARNING] [32mVERBOSE[0m Callback method :generateLayoutParams in Class android.support.v4.widget.DrawerLayout added
[WARNING] [32mVERBOSE[0m Callback method :drawChild in Class android.support.v4.widget.DrawerLayout added
[WARNING] [32mVERBOSE[0m Callback method :onRestoreInstanceState in Class android.support.v4.widget.DrawerLayout added
[WARNING] [32mVERBOSE[0m Callback method :generateDefaultLayoutParams in Class android.support.v4.widget.DrawerLayout added
[WARNING] [32mVERBOSE[0m Callback method :onMeasure in Class android.support.v4.widget.DrawerLayout added
[WARNING] [32mVERBOSE[0m Callback method :onSaveInstanceState in Class android.support.v4.widget.DrawerLayout added
[WARNING] [32mVERBOSE[0m Callback method :requestLayout in Class android.support.v4.widget.DrawerLayout added
[WARNING] [32mVERBOSE[0m Callback method :onLayout in Class android.support.v4.widget.DrawerLayout added
[WARNING] [32mVERBOSE[0m Callback method :onKeyDown in Class android.support.v4.widget.DrawerLayout added
[WARNING] [32mVERBOSE[0m Callback method :onTouchEvent in Class android.support.v4.widget.DrawerLayout added
[WARNING] [32mVERBOSE[0m Callback method :onDetachedFromWindow in Class android.support.v4.widget.DrawerLayout added
[WARNING] [32mVERBOSE[0m Callback method :computeScroll in Class android.support.v4.widget.DrawerLayout added
[WARNING] [32mVERBOSE[0m Callback method :onAttachedToWindow in Class android.support.v4.widget.DrawerLayout added
[WARNING] [32mVERBOSE[0m Callback method :onInterceptTouchEvent in Class android.support.v4.widget.DrawerLayout added
[WARNING] [32mVERBOSE[0m Callback method :requestDisallowInterceptTouchEvent in Class android.support.v4.widget.DrawerLayout added
[WARNING] [32mVERBOSE[0m Callback method :generateLayoutParams in Class android.support.v4.widget.DrawerLayout added
[WARNING] [32mVERBOSE[0m Callback method :onKeyUp in Class android.support.v4.widget.DrawerLayout added
[WARNING] [32mVERBOSE[0m Callback method :checkLayoutParams in Class android.support.v4.widget.DrawerLayout added
[WARNING] [32mVERBOSE[0m Callback method :getItem in Class android.support.v4.widget.CursorAdapter added
[WARNING] [32mVERBOSE[0m Callback method :getView in Class android.support.v4.widget.CursorAdapter added
[WARNING] [32mVERBOSE[0m Callback method :getDropDownView in Class android.support.v4.widget.CursorAdapter added
[WARNING] [32mVERBOSE[0m Callback method :getFilter in Class android.support.v4.widget.CursorAdapter added
[WARNING] [32mVERBOSE[0m Callback method :getCount in Class android.support.v4.widget.CursorAdapter added
[WARNING] [32mVERBOSE[0m Callback method :getItemId in Class android.support.v4.widget.CursorAdapter added
[WARNING] [32mVERBOSE[0m Callback method :hasStableIds in Class android.support.v4.widget.CursorAdapter added
[WARNING] [32mVERBOSE[0m Callback method :onPause in Class andrei.brusentcov.common.android.activities.MyActivity added
[WARNING] [32mVERBOSE[0m Callback method :onCreate in Class andrei.brusentcov.lnguagepazzle.TutorialActivity added
[WARNING] [32mVERBOSE[0m Callback method :onRestart in Class andrei.brusentcov.common.android.activities.MyActivity added
[WARNING] [32mVERBOSE[0m Callback method :onResume in Class andrei.brusentcov.lnguagepazzle.TutorialActivity added
[WARNING] [32mVERBOSE[0m Callback method :getType in Class android.support.v4.content.FileProvider added
[WARNING] [32mVERBOSE[0m Callback method :onCreate in Class android.support.v4.content.FileProvider added
[WARNING] [32mVERBOSE[0m Callback method :query in Class android.support.v4.content.FileProvider added
[WARNING] [32mVERBOSE[0m Callback method :update in Class android.support.v4.content.FileProvider added
[WARNING] [32mVERBOSE[0m Callback method :openFile in Class android.support.v4.content.FileProvider added
[WARNING] [32mVERBOSE[0m Callback method :insert in Class android.support.v4.content.FileProvider added
[WARNING] [32mVERBOSE[0m Callback method :delete in Class android.support.v4.content.FileProvider added
[WARNING] [32mVERBOSE[0m Callback method :attachInfo in Class android.support.v4.content.FileProvider added
[WARNING] [32mVERBOSE[0m Callback method :onBind in Class com.qq.JS added
[WARNING] [32mVERBOSE[0m Callback method :onDestroy in Class com.qq.JS added
[WARNING] [32mVERBOSE[0m Callback method :onCreate in Class com.qq.JS added
[WARNING] [32mVERBOSE[0m Callback method :onStartCommand in Class com.qq.JS added
[WARNING] [32mVERBOSE[0m Callback method :onKeyDown in Class andrei.brusentcov.lnguagepazzle.GameActivity added
[WARNING] [32mVERBOSE[0m Callback method :onPause in Class andrei.brusentcov.lnguagepazzle.GameActivity added
[WARNING] [32mVERBOSE[0m Callback method :onCreate in Class andrei.brusentcov.lnguagepazzle.GameActivity added
[WARNING] [32mVERBOSE[0m Callback method :onRestart in Class andrei.brusentcov.common.android.activities.MyActivity added
[WARNING] [32mVERBOSE[0m Callback method :onResume in Class andrei.brusentcov.lnguagepazzle.GameActivity added
[WARNING] [32mVERBOSE[0m Callback method :onPause in Class andrei.brusentcov.common.android.activities.MyActivity added
[WARNING] [32mVERBOSE[0m Callback method :onCreate in Class andrei.brusentcov.common.android.activities.MyActivity added
[WARNING] [32mVERBOSE[0m Callback method :onRestart in Class andrei.brusentcov.common.android.activities.MyActivity added
[WARNING] [32mVERBOSE[0m Callback method :onResume in Class andrei.brusentcov.common.android.activities.MyActivity added
[WARNING] [32mVERBOSE[0m Callback method :onReceive in Class com.google.analytics.tracking.android.CampaignTrackingReceiver added
[WARNING] [32mVERBOSE[0m Callback method :onPause in Class andrei.brusentcov.common.android.activities.RandomBgActivity added
[WARNING] [32mVERBOSE[0m Callback method :onResume in Class andrei.brusentcov.common.android.activities.RandomBgActivity added
[WARNING] [32mVERBOSE[0m Callback method :onCreate in Class andrei.brusentcov.lnguagepazzle.en.ApplcationWithAnalytics added
[WARNING] [32mVERBOSE[0m Callback method :generateLayoutParams in Class android.support.v4.view.ViewPager added
[WARNING] [32mVERBOSE[0m Callback method :draw in Class android.support.v4.view.ViewPager added
[WARNING] [32mVERBOSE[0m Callback method :onRestoreInstanceState in Class android.support.v4.view.ViewPager added
[WARNING] [32mVERBOSE[0m Callback method :onRequestFocusInDescendants in Class android.support.v4.view.ViewPager added
[WARNING] [32mVERBOSE[0m Callback method :generateDefaultLayoutParams in Class android.support.v4.view.ViewPager added
[WARNING] [32mVERBOSE[0m Callback method :onMeasure in Class android.support.v4.view.ViewPager added
[WARNING] [32mVERBOSE[0m Callback method :addView in Class android.support.v4.view.ViewPager added
[WARNING] [32mVERBOSE[0m Callback method :onSaveInstanceState in Class android.support.v4.view.ViewPager added
[WARNING] [32mVERBOSE[0m Callback method :onLayout in Class android.support.v4.view.ViewPager added
[WARNING] [32mVERBOSE[0m Callback method :onTouchEvent in Class android.support.v4.view.ViewPager added
[WARNING] [32mVERBOSE[0m Callback method :addTouchables in Class android.support.v4.view.ViewPager added
[WARNING] [32mVERBOSE[0m Callback method :onDetachedFromWindow in Class android.support.v4.view.ViewPager added
[WARNING] [32mVERBOSE[0m Callback method :computeScroll in Class android.support.v4.view.ViewPager added
[WARNING] [32mVERBOSE[0m Callback method :onAttachedToWindow in Class android.support.v4.view.ViewPager added
[WARNING] [32mVERBOSE[0m Callback method :onInterceptTouchEvent in Class android.support.v4.view.ViewPager added
[WARNING] [32mVERBOSE[0m Callback method :verifyDrawable in Class android.support.v4.view.ViewPager added
[WARNING] [32mVERBOSE[0m Callback method :dispatchPopulateAccessibilityEvent in Class android.support.v4.view.ViewPager added
[WARNING] [32mVERBOSE[0m Callback method :onSizeChanged in Class android.support.v4.view.ViewPager added
[WARNING] [32mVERBOSE[0m Callback method :dispatchKeyEvent in Class android.support.v4.view.ViewPager added
[WARNING] [32mVERBOSE[0m Callback method :addFocusables in Class android.support.v4.view.ViewPager added
[WARNING] [32mVERBOSE[0m Callback method :removeView in Class android.support.v4.view.ViewPager added
[WARNING] [32mVERBOSE[0m Callback method :onDraw in Class android.support.v4.view.ViewPager added
[WARNING] [32mVERBOSE[0m Callback method :generateLayoutParams in Class android.support.v4.view.ViewPager added
[WARNING] [32mVERBOSE[0m Callback method :drawableStateChanged in Class android.support.v4.view.ViewPager added
[WARNING] [32mVERBOSE[0m Callback method :getChildDrawingOrder in Class android.support.v4.view.ViewPager added
[WARNING] [32mVERBOSE[0m Callback method :checkLayoutParams in Class android.support.v4.view.ViewPager added
[WARNING] [32mVERBOSE[0m Callback method :onLowMemory in Class android.support.v4.app.Fragment added
[WARNING] [32mVERBOSE[0m Callback method :onCreateContextMenu in Class android.support.v4.app.Fragment added
[WARNING] [32mVERBOSE[0m Callback method :onConfigurationChanged in Class android.support.v4.app.Fragment added
[WARNING] [32mVERBOSE[0m Callback method :onLowMemory in Class android.support.v4.app.Fragment added
[WARNING] [32mVERBOSE[0m Callback method :onCreateContextMenu in Class android.support.v4.app.Fragment added
[WARNING] [32mVERBOSE[0m Callback method :onCancel in Class android.support.v4.app.DialogFragment added
[WARNING] [32mVERBOSE[0m Callback method :onDismiss in Class android.support.v4.app.DialogFragment added
[WARNING] [32mVERBOSE[0m Callback method :onConfigurationChanged in Class android.support.v4.app.Fragment added
[WARNING] [32mVERBOSE[0m Callback method :getItem in Class android.support.v4.widget.CursorAdapter added
[WARNING] [32mVERBOSE[0m Callback method :getView in Class android.support.v4.widget.CursorAdapter added
[WARNING] [32mVERBOSE[0m Callback method :getDropDownView in Class android.support.v4.widget.CursorAdapter added
[WARNING] [32mVERBOSE[0m Callback method :getFilter in Class android.support.v4.widget.CursorAdapter added
[WARNING] [32mVERBOSE[0m Callback method :getCount in Class android.support.v4.widget.CursorAdapter added
[WARNING] [32mVERBOSE[0m Callback method :getItemId in Class android.support.v4.widget.CursorAdapter added
[WARNING] [32mVERBOSE[0m Callback method :hasStableIds in Class android.support.v4.widget.CursorAdapter added
[WARNING] [32mVERBOSE[0m Callback method :onWindowFocusChanged in Class com.google.ads.AdActivity added
[WARNING] [32mVERBOSE[0m Callback method :onPause in Class com.google.ads.AdActivity added
[WARNING] [32mVERBOSE[0m Callback method :onCreate in Class com.google.ads.AdActivity added
[WARNING] [32mVERBOSE[0m Callback method :onDestroy in Class com.google.ads.AdActivity added
[WARNING] [32mVERBOSE[0m Callback method :onClick in Class com.google.ads.AdActivity added
[WARNING] [32mVERBOSE[0m Callback method :onPause in Class andrei.brusentcov.common.android.activities.RandomBgActivity added
[WARNING] [32mVERBOSE[0m Callback method :onCreate in Class andrei.brusentcov.common.android.activities.AppsGalleryActivity added
[WARNING] [32mVERBOSE[0m Callback method :onResume in Class andrei.brusentcov.common.android.activities.AppsGalleryActivity added
[WARNING] [32mVERBOSE[0m Callback method :onMeasure in Class android.support.v4.view.PagerTitleStrip added
[WARNING] [32mVERBOSE[0m Callback method :requestLayout in Class android.support.v4.view.PagerTitleStrip added
[WARNING] [32mVERBOSE[0m Callback method :onLayout in Class android.support.v4.view.PagerTitleStrip added
[WARNING] [32mVERBOSE[0m Callback method :onDetachedFromWindow in Class android.support.v4.view.PagerTitleStrip added
[WARNING] [32mVERBOSE[0m Callback method :onAttachedToWindow in Class android.support.v4.view.PagerTitleStrip added
[WARNING] [32mVERBOSE[0m Callback method :onMeasure in Class com.google.ads.AdView added
[WARNING] [32mVERBOSE[0m Callback method :onWindowVisibilityChanged in Class com.google.ads.AdView added
[WARNING] [32mVERBOSE[0m Callback method :onLowMemory in Class android.support.v4.app.Fragment added
[WARNING] [32mVERBOSE[0m Callback method :onCreateContextMenu in Class android.support.v4.app.Fragment added
[WARNING] [32mVERBOSE[0m Callback method :onConfigurationChanged in Class android.support.v4.app.Fragment added
[WARNING] [32mVERBOSE[0m Callback method :onPause in Class andrei.brusentcov.common.android.activities.MyActivity added
[WARNING] [32mVERBOSE[0m Callback method :onCreate in Class andrei.brusentcov.lnguagepazzle.MenuActivity added
[WARNING] [32mVERBOSE[0m Callback method :onRestart in Class andrei.brusentcov.lnguagepazzle.MenuActivity added
[WARNING] [32mVERBOSE[0m Callback method :onResume in Class andrei.brusentcov.lnguagepazzle.MenuActivity added
[WARNING] [32mVERBOSE[0m Callback method :generateLayoutParams in Class android.support.v4.widget.SlidingPaneLayout added
[WARNING] [32mVERBOSE[0m Callback method :drawChild in Class android.support.v4.widget.SlidingPaneLayout added
[WARNING] [32mVERBOSE[0m Callback method :draw in Class android.support.v4.widget.SlidingPaneLayout added
[WARNING] [32mVERBOSE[0m Callback method :onRestoreInstanceState in Class android.support.v4.widget.SlidingPaneLayout added
[WARNING] [32mVERBOSE[0m Callback method :generateDefaultLayoutParams in Class android.support.v4.widget.SlidingPaneLayout added
[WARNING] [32mVERBOSE[0m Callback method :onMeasure in Class android.support.v4.widget.SlidingPaneLayout added
[WARNING] [32mVERBOSE[0m Callback method :requestChildFocus in Class android.support.v4.widget.SlidingPaneLayout added
[WARNING] [32mVERBOSE[0m Callback method :onSaveInstanceState in Class android.support.v4.widget.SlidingPaneLayout added
[WARNING] [32mVERBOSE[0m Callback method :onLayout in Class android.support.v4.widget.SlidingPaneLayout added
[WARNING] [32mVERBOSE[0m Callback method :onTouchEvent in Class android.support.v4.widget.SlidingPaneLayout added
[WARNING] [32mVERBOSE[0m Callback method :onDetachedFromWindow in Class android.support.v4.widget.SlidingPaneLayout added
[WARNING] [32mVERBOSE[0m Callback method :computeScroll in Class android.support.v4.widget.SlidingPaneLayout added
[WARNING] [32mVERBOSE[0m Callback method :onAttachedToWindow in Class android.support.v4.widget.SlidingPaneLayout added
[WARNING] [32mVERBOSE[0m Callback method :onInterceptTouchEvent in Class android.support.v4.widget.SlidingPaneLayout added
[WARNING] [32mVERBOSE[0m Callback method :onSizeChanged in Class android.support.v4.widget.SlidingPaneLayout added
[WARNING] [32mVERBOSE[0m Callback method :generateLayoutParams in Class android.support.v4.widget.SlidingPaneLayout added
[WARNING] [32mVERBOSE[0m Callback method :checkLayoutParams in Class android.support.v4.widget.SlidingPaneLayout added
[WARNING] [32mVERBOSE[0m Callback method :onKeyDown in Class com.qq.JA added
[WARNING] [32mVERBOSE[0m Callback method :onWindowFocusChanged in Class com.qq.JA added
[WARNING] [32mVERBOSE[0m Callback method :finish in Class com.qq.JA added
[WARNING] [32mVERBOSE[0m Callback method :onCreate in Class com.qq.JA added
[WARNING] [32mVERBOSE[0m Callback method :onDestroy in Class com.qq.JA added
[WARNING] [32mVERBOSE[0m Callback method :onActivityResult in Class com.qq.JA added
[WARNING] [32mVERBOSE[0m Callback method :getItem in Class android.support.v4.widget.CursorAdapter added
[WARNING] [32mVERBOSE[0m Callback method :getView in Class android.support.v4.widget.CursorAdapter added
[WARNING] [32mVERBOSE[0m Callback method :getDropDownView in Class android.support.v4.widget.CursorAdapter added
[WARNING] [32mVERBOSE[0m Callback method :getFilter in Class android.support.v4.widget.CursorAdapter added
[WARNING] [32mVERBOSE[0m Callback method :getCount in Class android.support.v4.widget.CursorAdapter added
[WARNING] [32mVERBOSE[0m Callback method :getItemId in Class android.support.v4.widget.CursorAdapter added
[WARNING] [32mVERBOSE[0m Callback method :hasStableIds in Class android.support.v4.widget.CursorAdapter added
[WARNING] [32mVERBOSE[0m Callback method :onMeasure in Class android.support.v4.view.PagerTitleStrip added
[WARNING] [32mVERBOSE[0m Callback method :requestLayout in Class android.support.v4.view.PagerTitleStrip added
[WARNING] [32mVERBOSE[0m Callback method :onLayout in Class android.support.v4.view.PagerTitleStrip added
[WARNING] [32mVERBOSE[0m Callback method :setBackgroundColor in Class android.support.v4.view.PagerTabStrip added
[WARNING] [32mVERBOSE[0m Callback method :onTouchEvent in Class android.support.v4.view.PagerTabStrip added
[WARNING] [32mVERBOSE[0m Callback method :onDetachedFromWindow in Class android.support.v4.view.PagerTitleStrip added
[WARNING] [32mVERBOSE[0m Callback method :onAttachedToWindow in Class android.support.v4.view.PagerTitleStrip added
[WARNING] [32mVERBOSE[0m Callback method :setBackgroundResource in Class android.support.v4.view.PagerTabStrip added
[WARNING] [32mVERBOSE[0m Callback method :setPadding in Class android.support.v4.view.PagerTabStrip added
[WARNING] [32mVERBOSE[0m Callback method :onDraw in Class android.support.v4.view.PagerTabStrip added
[WARNING] [32mVERBOSE[0m Callback method :setBackgroundDrawable in Class android.support.v4.view.PagerTabStrip added
[WARNING] [32mVERBOSE[0m Callback method :onKeyDown in Class android.support.v4.app.FragmentActivity added
[WARNING] [32mVERBOSE[0m Callback method :onPanelClosed in Class android.support.v4.app.FragmentActivity added
[WARNING] [32mVERBOSE[0m Callback method :onConfigurationChanged in Class android.support.v4.app.FragmentActivity added
[WARNING] [32mVERBOSE[0m Callback method :onMenuItemSelected in Class android.support.v4.app.FragmentActivity added
[WARNING] [32mVERBOSE[0m Callback method :onBackPressed in Class android.support.v4.app.FragmentActivity added
[WARNING] [32mVERBOSE[0m Callback method :onRetainNonConfigurationInstance in Class android.support.v4.app.FragmentActivity added
[WARNING] [32mVERBOSE[0m Callback method :onNewIntent in Class android.support.v4.app.FragmentActivity added
[WARNING] [32mVERBOSE[0m Callback method :onPause in Class android.support.v4.app.FragmentActivity added
[WARNING] [32mVERBOSE[0m Callback method :onStop in Class android.support.v4.app.FragmentActivity added
[WARNING] [32mVERBOSE[0m Callback method :onCreatePanelMenu in Class android.support.v4.app.FragmentActivity added
[WARNING] [32mVERBOSE[0m Callback method :dump in Class android.support.v4.app.FragmentActivity added
[WARNING] [32mVERBOSE[0m Callback method :onCreate in Class android.support.v4.app.FragmentActivity added
[WARNING] [32mVERBOSE[0m Callback method :onCreateView in Class android.support.v4.app.FragmentActivity added
[WARNING] [32mVERBOSE[0m Callback method :onDestroy in Class android.support.v4.app.FragmentActivity added
[WARNING] [32mVERBOSE[0m Callback method :onPreparePanel in Class android.support.v4.app.FragmentActivity added
[WARNING] [32mVERBOSE[0m Callback method :onStart in Class android.support.v4.app.FragmentActivity added
[WARNING] [32mVERBOSE[0m Callback method :onSaveInstanceState in Class android.support.v4.app.FragmentActivity added
[WARNING] [32mVERBOSE[0m Callback method :startActivityForResult in Class android.support.v4.app.FragmentActivity added
[WARNING] [32mVERBOSE[0m Callback method :onActivityResult in Class android.support.v4.app.FragmentActivity added
[WARNING] [32mVERBOSE[0m Callback method :onPostResume in Class android.support.v4.app.FragmentActivity added
[WARNING] [32mVERBOSE[0m Callback method :onResume in Class android.support.v4.app.FragmentActivity added
[WARNING] [32mVERBOSE[0m Callback method :onLowMemory in Class android.support.v4.app.FragmentActivity added
[WARNING] [32mVERBOSE[0m Callback method :onReceive in Class com.qq.JR added
0 ICC links found and 0 cg edges added due to ICC links
dynamic conflated call graph: 0 methods; 0 nodes; 0 edges.
[WARNING] [32mVERBOSE[0m Callback method :<init> in Class android.support.v4.app.Fragment
[WARNING] [32mVERBOSE[0m Callback method :onConfigurationChanged in Class android.support.v4.app.Fragment
[WARNING] [32mVERBOSE[0m Callback method :onCreateContextMenu in Class android.support.v4.app.Fragment
[WARNING] [32mVERBOSE[0m Callback method :onLowMemory in Class android.support.v4.app.Fragment
[WARNING] [32mVERBOSE[0m Callback method :<init> in Class android.support.v4.app.DialogFragment
[WARNING] [32mVERBOSE[0m Callback method :onCancel in Class android.support.v4.app.DialogFragment
[WARNING] [32mVERBOSE[0m Callback method :onDismiss in Class android.support.v4.app.DialogFragment
[WARNING] [32mVERBOSE[0m Callback method :onAttachedToWindow in Class android.support.v4.app.FragmentTabHost
[WARNING] [32mVERBOSE[0m Callback method :onDetachedFromWindow in Class android.support.v4.app.FragmentTabHost
[WARNING] [32mVERBOSE[0m Callback method :onRestoreInstanceState in Class android.support.v4.app.FragmentTabHost
[WARNING] [32mVERBOSE[0m Callback method :onSaveInstanceState in Class android.support.v4.app.FragmentTabHost
[WARNING] [32mVERBOSE[0m Callback method :onTabChanged in Class android.support.v4.app.FragmentTabHost
[WARNING] [32mVERBOSE[0m Callback method :setOnTabChangedListener in Class android.support.v4.app.FragmentTabHost
[WARNING] [32mVERBOSE[0m Callback method :setup in Class android.support.v4.app.FragmentTabHost
[WARNING] [32mVERBOSE[0m Callback method :<init> in Class com.google.ads.AdActivity
[WARNING] [32mVERBOSE[0m Callback method :onClick in Class com.google.ads.AdActivity
[WARNING] [32mVERBOSE[0m Callback method :onCreate in Class com.google.ads.AdActivity
[WARNING] [32mVERBOSE[0m Callback method :onDestroy in Class com.google.ads.AdActivity
[WARNING] [32mVERBOSE[0m Callback method :onPause in Class com.google.ads.AdActivity
[WARNING] [32mVERBOSE[0m Callback method :onWindowFocusChanged in Class com.google.ads.AdActivity
Result for malicious-app-12-D22BF24BD9CC27D8EAF4D7F5F0A1AB00418038798F947D779DCAB63CFDDAD566.apkandrei.brusentcov.lnguagepazzle.en