DUA-Forensics args to Soot: -w -cp /home/handrick/Documents/UNB/benchmark/libs/droidfax.jar:/home/handrick/Android/Sdk/platforms/android-19/android.jar -p cg verbose:false,implicit-entry:true -p cg.spark verbose:false,on-fly-cg:true,rta:false -d /home/handrick/Documents/UNB/benchmark/trace/180/1/droidbot/malicious-app-1381-078E0AE6E398798FBAB485EC894BE593AC2F064A280BAB6EDACC8C7579BBBA70.apk.logcat -process-dir /home/handrick/Documents/UNB/benchmark/data/input/malicious-app-1381-078E0AE6E398798FBAB485EC894BE593AC2F064A280BAB6EDACC8C7579BBBA70.apk 
Soot started on Wed May 18 15:15:26 CEST 2022
Warning: com.ironsource.mobilcore.BaseFlowBasedAdUnit is a phantom class!
Warning: java.lang.invoke.LambdaMetafactory is a phantom class!
Warning: java.lang.ref.Finalizer is a phantom class!
Warning: com.wiyun.game.WiGame is a phantom class!
[Call Graph] For information on where the call graph may be incomplete, use the verbose option to the cg phase.
[Spark] Pointer Assignment Graph in 0.0 seconds.
[Spark] Type masks in 0.0 seconds.
[Spark] Pointer Graph simplified in 0.0 seconds.
[Spark] Propagation in 0.0 seconds.
[Spark] Solution found in 0.0 seconds.
hcai's internal transform
Running static analysis for security-relevant feature characterization
[GatorHierarchy] [32mVERBOSE[0m [HIER] All classes: 645
[GatorHierarchy] [32mVERBOSE[0m [App: 43, Lib : 598, Phantom: 4]
[GatorHierarchy] [32mVERBOSE[0m [HIER] Activities: 6, lib activities: 1
[GatorHierarchy] [32mVERBOSE[0m [HIER] App views: 2, Lib views: 5
[GatorHierarchy] [32mVERBOSE[0m [HIER] App Dialogs: 0, Lib Dialogs: 2
[TIMECOST] [32mVERBOSE[0m buildApplicationCodeMap parsing starting at 1652879727168
[TIMECOST] [32mVERBOSE[0m buildApplicationCodeMap parsing finished at 1652879727622
[Instantiated app classes] [32mVERBOSE[0m total number: 31
[WARNING] [32mVERBOSE[0m Callback method :onStop in Class org.nwhy.WhackAMolesysgr.Splash added
[WARNING] [32mVERBOSE[0m Callback method :onCreate in Class org.nwhy.WhackAMolesysgr.Splash added
[WARNING] [32mVERBOSE[0m Callback method :onCreate in Class org.nwhy.WhackAMolesysgr.VSGame added
[WARNING] [32mVERBOSE[0m Callback method :onCreateOptionsMenu in Class org.nwhy.WhackAMolesysgr.VSGame added
[WARNING] [32mVERBOSE[0m Callback method :onOptionsItemSelected in Class org.nwhy.WhackAMolesysgr.VSGame added
[WARNING] [32mVERBOSE[0m Callback method :onCreate in Class com.ccx.xm.AdActivity added
[WARNING] [32mVERBOSE[0m Callback method :onCreate in Class org.nwhy.WhackAMolesysgr.About added
[WARNING] [32mVERBOSE[0m Callback method :onCreate in Class org.nwhy.WhackAMolesysgr.Game added
[WARNING] [32mVERBOSE[0m Callback method :onCreateOptionsMenu in Class org.nwhy.WhackAMolesysgr.Game added
[WARNING] [32mVERBOSE[0m Callback method :onOptionsItemSelected in Class org.nwhy.WhackAMolesysgr.Game added
[WARNING] [32mVERBOSE[0m Callback method :onReceive in Class com.games.AdReciver added
[WARNING] [32mVERBOSE[0m Callback method :onCreate in Class org.nwhy.WhackAMolesysgr.WhackAMole added
[WARNING] [32mVERBOSE[0m Callback method :onDestroy in Class org.nwhy.WhackAMolesysgr.WhackAMole added
0 ICC links found and 0 cg edges added due to ICC links
dynamic conflated call graph: 0 methods; 0 nodes; 0 edges.
Result for malicious-app-1381-078E0AE6E398798FBAB485EC894BE593AC2F064A280BAB6EDACC8C7579BBBA70.apkorg.nwhy.WhackAMolesysgr