DUA-Forensics args to Soot: -w -cp /home/hcosta/bench/benchmark/libs/droidfax.jar:/home/hcosta/Android/Sdk/platforms/android-28/android.jar -p cg verbose:false,implicit-entry:true -p cg.spark verbose:false,on-fly-cg:true,rta:false -d /home/hcosta/bench/benchmark/trace/180/1/droidbot/benign-app-57-876BD61DF420E1473EDF1A63FB762F3BCD910B79086F34FF777046CCE44369E1.apk.logcat -process-dir /home/hcosta/bench/benchmark/data/input/benign-app-57-876BD61DF420E1473EDF1A63FB762F3BCD910B79086F34FF777046CCE44369E1.apk 
Soot started on Tue Apr 19 16:30:29 CEST 2022
Warning: com.ironsource.mobilcore.BaseFlowBasedAdUnit is a phantom class!
Warning: java.lang.invoke.LambdaMetafactory is a phantom class!
Warning: java.lang.ref.Finalizer is a phantom class!
[Call Graph] For information on where the call graph may be incomplete, use the verbose option to the cg phase.
[Spark] Pointer Assignment Graph in 0.0 seconds.
[Spark] Type masks in 0.0 seconds.
[Spark] Pointer Graph simplified in 0.0 seconds.
[Spark] Propagation in 0.0 seconds.
[Spark] Solution found in 0.0 seconds.
hcai's internal transform
Running static analysis for security-relevant feature characterization
[GatorHierarchy] [32mVERBOSE[0m [HIER] All classes: 1860
[GatorHierarchy] [32mVERBOSE[0m [App: 741, Lib : 1116, Phantom: 3]
[GatorHierarchy] [32mVERBOSE[0m [HIER] Activities: 8, lib activities: 1
[GatorHierarchy] [32mVERBOSE[0m [HIER] App views: 4, Lib views: 20
[GatorHierarchy] [32mVERBOSE[0m [HIER] App Dialogs: 0, Lib Dialogs: 3
[TIMECOST] [32mVERBOSE[0m buildApplicationCodeMap parsing starting at 1650378630374
[TIMECOST] [32mVERBOSE[0m buildApplicationCodeMap parsing finished at 1650378634227
[Instantiated app classes] [32mVERBOSE[0m total number: 658
[WARNING] [32mVERBOSE[0m Callback method :onBackPressed in Class com.overcastgames.android.astrofrontier.activity.SpaceQuestBaseActivity added
[WARNING] [32mVERBOSE[0m Callback method :onPause in Class com.overcastgames.android.astrofrontier.activity.SpaceQuestBaseActivity added
[WARNING] [32mVERBOSE[0m Callback method :onCreate in Class com.overcastgames.android.astrofrontier.activity.SpaceQuestBaseActivity added
[WARNING] [32mVERBOSE[0m Callback method :onDestroy in Class com.overcastgames.android.astrofrontier.activity.SpaceQuestBaseActivity added
[WARNING] [32mVERBOSE[0m Callback method :onRestart in Class com.overcastgames.android.games.SimpleActivity added
[WARNING] [32mVERBOSE[0m Callback method :onActivityResult in Class com.overcastgames.android.games.SimpleActivity added
[WARNING] [32mVERBOSE[0m Callback method :onResume in Class com.overcastgames.android.astrofrontier.activity.SpaceQuestBaseActivity added
[WARNING] [32mVERBOSE[0m Callback method :onLowMemory in Class com.overcastgames.android.astrofrontier.activity.SpaceQuestBaseActivity added
[WARNING] [32mVERBOSE[0m Callback method :onKeyLongPress in Class com.overcastgames.android.games.SimpleView added
[WARNING] [32mVERBOSE[0m Callback method :surfaceCreated in Class com.overcastgames.android.games.SimpleView added
[WARNING] [32mVERBOSE[0m Callback method :onKeyDown in Class com.overcastgames.android.games.SimpleView added
[WARNING] [32mVERBOSE[0m Callback method :onTouchEvent in Class com.overcastgames.android.games.SimpleView added
[WARNING] [32mVERBOSE[0m Callback method :surfaceDestroyed in Class com.overcastgames.android.games.SimpleView added
[WARNING] [32mVERBOSE[0m Callback method :surfaceChanged in Class com.overcastgames.android.games.SimpleView added
[WARNING] [32mVERBOSE[0m Callback method :onDraw in Class com.overcastgames.android.games.SimpleView added
[WARNING] [32mVERBOSE[0m Callback method :onKeyUp in Class com.overcastgames.android.games.SimpleView added
[WARNING] [32mVERBOSE[0m Callback method :onBackPressed in Class com.overcastgames.android.astrofrontier.activity.SpaceQuestGameActivity added
[WARNING] [32mVERBOSE[0m Callback method :onRestoreInstanceState in Class com.overcastgames.android.astrofrontier.activity.SpaceQuestGameActivity added
[WARNING] [32mVERBOSE[0m Callback method :onPause in Class com.overcastgames.android.astrofrontier.activity.SpaceQuestBaseActivity added
[WARNING] [32mVERBOSE[0m Callback method :onStop in Class com.overcastgames.android.astrofrontier.activity.SpaceQuestGameActivity added
[WARNING] [32mVERBOSE[0m Callback method :onCreate in Class com.overcastgames.android.astrofrontier.activity.SpaceQuestGameActivity added
[WARNING] [32mVERBOSE[0m Callback method :onDestroy in Class com.overcastgames.android.astrofrontier.activity.SpaceQuestGameActivity added
[WARNING] [32mVERBOSE[0m Callback method :onStart in Class com.overcastgames.android.astrofrontier.activity.SpaceQuestGameActivity added
[WARNING] [32mVERBOSE[0m Callback method :onRestart in Class com.overcastgames.android.games.SimpleActivity added
[WARNING] [32mVERBOSE[0m Callback method :onSaveInstanceState in Class com.overcastgames.android.astrofrontier.activity.SpaceQuestGameActivity added
[WARNING] [32mVERBOSE[0m Callback method :onActivityResult in Class com.overcastgames.android.astrofrontier.activity.SpaceQuestGameActivity added
[WARNING] [32mVERBOSE[0m Callback method :onResume in Class com.overcastgames.android.astrofrontier.activity.SpaceQuestBaseActivity added
[WARNING] [32mVERBOSE[0m Callback method :onLowMemory in Class com.overcastgames.android.astrofrontier.activity.SpaceQuestBaseActivity added
[WARNING] [32mVERBOSE[0m Callback method :onReceive in Class com.google.android.apps.analytics.AnalyticsReceiver added
[WARNING] [32mVERBOSE[0m Callback method :onWindowFocusChanged in Class com.google.ads.AdActivity added
[WARNING] [32mVERBOSE[0m Callback method :onPause in Class com.google.ads.AdActivity added
[WARNING] [32mVERBOSE[0m Callback method :onCreate in Class com.google.ads.AdActivity added
[WARNING] [32mVERBOSE[0m Callback method :onDestroy in Class com.google.ads.AdActivity added
[WARNING] [32mVERBOSE[0m Callback method :onActivityResult in Class com.google.ads.AdActivity added
[WARNING] [32mVERBOSE[0m Callback method :onClick in Class com.google.ads.AdActivity added
[WARNING] [32mVERBOSE[0m Callback method :onPause in Class com.overcastgames.android.games.SimpleActivity added
[WARNING] [32mVERBOSE[0m Callback method :onCreate in Class com.overcastgames.android.astrofrontier.activity.MenuMakerActivity added
[WARNING] [32mVERBOSE[0m Callback method :onRestart in Class com.overcastgames.android.games.SimpleActivity added
[WARNING] [32mVERBOSE[0m Callback method :onActivityResult in Class com.overcastgames.android.games.SimpleActivity added
[WARNING] [32mVERBOSE[0m Callback method :onResume in Class com.overcastgames.android.games.SimpleActivity added
[WARNING] [32mVERBOSE[0m Callback method :surfaceCreated in Class com.overcastgames.android.games.a added
[WARNING] [32mVERBOSE[0m Callback method :surfaceDestroyed in Class com.overcastgames.android.games.a added
[WARNING] [32mVERBOSE[0m Callback method :surfaceChanged in Class com.overcastgames.android.games.a added
[WARNING] [32mVERBOSE[0m Callback method :onBackPressed in Class com.overcastgames.android.astrofrontier.lite.activity.SpaceQuestGameLiteActivity added
[WARNING] [32mVERBOSE[0m Callback method :onRestoreInstanceState in Class com.overcastgames.android.astrofrontier.lite.activity.SpaceQuestGameLiteActivity added
[WARNING] [32mVERBOSE[0m Callback method :onPause in Class com.overcastgames.android.astrofrontier.activity.SpaceQuestBaseActivity added
[WARNING] [32mVERBOSE[0m Callback method :onStop in Class com.overcastgames.android.astrofrontier.lite.activity.SpaceQuestGameLiteActivity added
[WARNING] [32mVERBOSE[0m Callback method :onCreate in Class com.overcastgames.android.astrofrontier.lite.activity.SpaceQuestGameLiteActivity added
[WARNING] [32mVERBOSE[0m Callback method :onDestroy in Class com.overcastgames.android.astrofrontier.lite.activity.SpaceQuestGameLiteActivity added
[WARNING] [32mVERBOSE[0m Callback method :onStart in Class com.overcastgames.android.astrofrontier.lite.activity.SpaceQuestGameLiteActivity added
[WARNING] [32mVERBOSE[0m Callback method :onRestart in Class com.overcastgames.android.games.SimpleActivity added
[WARNING] [32mVERBOSE[0m Callback method :onSaveInstanceState in Class com.overcastgames.android.astrofrontier.lite.activity.SpaceQuestGameLiteActivity added
[WARNING] [32mVERBOSE[0m Callback method :onActivityResult in Class com.overcastgames.android.astrofrontier.lite.activity.SpaceQuestGameLiteActivity added
[WARNING] [32mVERBOSE[0m Callback method :onResume in Class com.overcastgames.android.astrofrontier.activity.SpaceQuestBaseActivity added
[WARNING] [32mVERBOSE[0m Callback method :onLowMemory in Class com.overcastgames.android.astrofrontier.activity.SpaceQuestBaseActivity added
[WARNING] [32mVERBOSE[0m Callback method :onPause in Class com.overcastgames.android.games.SimpleActivity added
[WARNING] [32mVERBOSE[0m Callback method :onCreate in Class com.overcastgames.android.astrofrontier.activity.FlockMakerActivity added
[WARNING] [32mVERBOSE[0m Callback method :onRestart in Class com.overcastgames.android.games.SimpleActivity added
[WARNING] [32mVERBOSE[0m Callback method :onActivityResult in Class com.overcastgames.android.games.SimpleActivity added
[WARNING] [32mVERBOSE[0m Callback method :onResume in Class com.overcastgames.android.games.SimpleActivity added
[WARNING] [32mVERBOSE[0m Callback method :onPause in Class com.overcastgames.android.games.SimpleActivity added
[WARNING] [32mVERBOSE[0m Callback method :onRestart in Class com.overcastgames.android.games.SimpleActivity added
[WARNING] [32mVERBOSE[0m Callback method :onActivityResult in Class com.overcastgames.android.games.SimpleActivity added
[WARNING] [32mVERBOSE[0m Callback method :onResume in Class com.overcastgames.android.games.SimpleActivity added
[WARNING] [32mVERBOSE[0m Callback method :onPause in Class com.overcastgames.android.games.SimpleActivity added
[WARNING] [32mVERBOSE[0m Callback method :onCreate in Class com.overcastgames.android.astrofrontier.activity.EmitterMakerActivity added
[WARNING] [32mVERBOSE[0m Callback method :onRestart in Class com.overcastgames.android.games.SimpleActivity added
[WARNING] [32mVERBOSE[0m Callback method :onActivityResult in Class com.overcastgames.android.games.SimpleActivity added
[WARNING] [32mVERBOSE[0m Callback method :onResume in Class com.overcastgames.android.games.SimpleActivity added
0 ICC links found and 0 cg edges added due to ICC links
dynamic conflated call graph: 617 methods; 617 nodes; 1440 edges.
maxpossibleFlows=1
maxpossibleFlows=1
maxpossibleFlows=27
maxpossibleFlows=1
maxpossibleFlows=1
maxpossibleFlows=1
maxpossibleFlows=1
maxpossibleFlows=1
maxpossibleFlows=27
maxpossibleFlows=1
maxpossibleFlows=1
maxpossibleFlows=1
maxpossibleFlows=1
maxpossibleFlows=1
maxpossibleFlows=1
maxpossibleFlows=1
maxpossibleFlows=1
maxpossibleFlows=1
maxpossibleFlows=1
maxpossibleFlows=1
maxpossibleFlows=1
maxpossibleFlows=1
maxpossibleFlows=1
maxpossibleFlows=1
maxpossibleFlows=1
maxpossibleFlows=1
maxpossibleFlows=17690
maxpossibleFlows=9
maxpossibleFlows=17692
maxpossibleFlows=17049
maxpossibleFlows=1
maxpossibleFlows=1
maxpossibleFlows=4271
maxpossibleFlows=2
2 taint flow paths FOUND from <android.view.SurfaceView: android.view.SurfaceHolder getHolder()> to <android.view.View: void setFocusable(boolean)>
maxpossibleFlows=1
maxpossibleFlows=1
maxpossibleFlows=1
maxpossibleFlows=1
maxpossibleFlows=1
maxpossibleFlows=1
maxpossibleFlows=1
maxpossibleFlows=1
maxpossibleFlows=1
maxpossibleFlows=1
maxpossibleFlows=2
2 taint flow paths FOUND from <android.view.SurfaceView: android.view.SurfaceHolder getHolder()> to <android.view.View: void setFocusable(boolean)>
maxpossibleFlows=1
maxpossibleFlows=1
maxpossibleFlows=1
maxpossibleFlows=1
maxpossibleFlows=1
maxpossibleFlows=1
maxpossibleFlows=1
maxpossibleFlows=1
maxpossibleFlows=1
maxpossibleFlows=1
maxpossibleFlows=1
maxpossibleFlows=27
maxpossibleFlows=27
maxpossibleFlows=1
maxpossibleFlows=17690
maxpossibleFlows=17692
maxpossibleFlows=17049
maxpossibleFlows=4271
maxpossibleFlows=1
maxpossibleFlows=1
maxpossibleFlows=1
maxpossibleFlows=1
maxpossibleFlows=1
maxpossibleFlows=9
[WARNING] [32mVERBOSE[0m Callback method :<init> in Class com.google.ads.AdActivity
[WARNING] [32mVERBOSE[0m Callback method :onActivityResult in Class com.google.ads.AdActivity
[WARNING] [32mVERBOSE[0m Callback method :onClick in Class com.google.ads.AdActivity
[WARNING] [32mVERBOSE[0m Callback method :onCreate in Class com.google.ads.AdActivity
[WARNING] [32mVERBOSE[0m Callback method :onDestroy in Class com.google.ads.AdActivity
[WARNING] [32mVERBOSE[0m Callback method :onPause in Class com.google.ads.AdActivity
[WARNING] [32mVERBOSE[0m Callback method :onWindowFocusChanged in Class com.google.ads.AdActivity
[WARNING] [32mVERBOSE[0m Callback method :onDraw in Class com.overcastgames.android.games.SimpleView
[WARNING] [32mVERBOSE[0m Callback method :onKeyDown in Class com.overcastgames.android.games.SimpleView
[WARNING] [32mVERBOSE[0m Callback method :onKeyLongPress in Class com.overcastgames.android.games.SimpleView
[WARNING] [32mVERBOSE[0m Callback method :onKeyUp in Class com.overcastgames.android.games.SimpleView
[WARNING] [32mVERBOSE[0m Callback method :onTouchEvent in Class com.overcastgames.android.games.SimpleView
[WARNING] [32mVERBOSE[0m Callback method :surfaceChanged in Class com.overcastgames.android.games.SimpleView
[WARNING] [32mVERBOSE[0m Callback method :surfaceCreated in Class com.overcastgames.android.games.SimpleView
[WARNING] [32mVERBOSE[0m Callback method :surfaceDestroyed in Class com.overcastgames.android.games.SimpleView
[WARNING] [32mVERBOSE[0m Hierarchy.virtualDispatch called with non-concrete receiver class: com.overcastgames.android.games.a, subsig: void surfaceChanged(android.view.SurfaceHolder,int,int,int)
[WARNING] [32mVERBOSE[0m Callback method :surfaceChanged in Class com.overcastgames.android.games.a
[WARNING] [32mVERBOSE[0m Hierarchy.virtualDispatch called with non-concrete receiver class: com.overcastgames.android.games.a, subsig: void surfaceCreated(android.view.SurfaceHolder)
[WARNING] [32mVERBOSE[0m Callback method :surfaceCreated in Class com.overcastgames.android.games.a
[WARNING] [32mVERBOSE[0m Hierarchy.virtualDispatch called with non-concrete receiver class: com.overcastgames.android.games.a, subsig: void surfaceDestroyed(android.view.SurfaceHolder)
[WARNING] [32mVERBOSE[0m Callback method :surfaceDestroyed in Class com.overcastgames.android.games.a
Result for benign-app-57-876BD61DF420E1473EDF1A63FB762F3BCD910B79086F34FF777046CCE44369E1.apkcom.overcastgames.android.astrofrontier