DUA-Forensics args to Soot: -w -cp /home/handrick/Documents/UNB/benchmark/libs/droidfax.jar:/home/handrick/Android/Sdk/platforms/android-19/android.jar -p cg verbose:false,implicit-entry:true -p cg.spark verbose:false,on-fly-cg:true,rta:false -d /home/handrick/Documents/UNB/benchmark/trace/180/3/droidbot/malicious-app-62-1D239AC5886F9A6C321F0CD520E5CF507D7BD97B72AEEC0A3A93F2CE1AF19F66.apk.logcat -process-dir /home/handrick/Documents/UNB/benchmark/data/input/malicious-app-62-1D239AC5886F9A6C321F0CD520E5CF507D7BD97B72AEEC0A3A93F2CE1AF19F66.apk 
Soot started on Sat Apr 16 00:50:35 CEST 2022
Warning: com.ironsource.mobilcore.BaseFlowBasedAdUnit is a phantom class!
Warning: java.lang.invoke.LambdaMetafactory is a phantom class!
Warning: java.lang.ref.Finalizer is a phantom class!
Warning: android.app.ActivityManagerNative is a phantom class!
Warning: android.app.IActivityManager is a phantom class!
Warning: android.content.pm.IPackageDataObserver$Stub is a phantom class!
Warning: android.content.pm.IPackageDataObserver is a phantom class!
Warning: android.content.pm.IPackageStatsObserver$Stub is a phantom class!
Warning: android.content.pm.IPackageStatsObserver is a phantom class!
Warning: android.content.pm.PackageParser$Package is a phantom class!
Warning: android.content.pm.PackageParser is a phantom class!
Warning: android.os.BatteryStats$Uid is a phantom class!
Warning: android.os.ServiceManager is a phantom class!
Warning: com.android.internal.os.PowerProfile is a phantom class!
Warning: com.android.internal.telephony.ITelephony$Stub is a phantom class!
Warning: com.android.internal.telephony.ITelephony is a phantom class!
get type from 'Lcom/flurry/org/codehaus/jackson/annotate/JsonAutoDetect$Visibility;'
get type from 'Lcom/flurry/org/codehaus/jackson/annotate/JsonAutoDetect$Visibility;'
get type from 'Lcom/flurry/org/codehaus/jackson/annotate/JsonAutoDetect$Visibility;'
get type from 'Lcom/flurry/org/codehaus/jackson/annotate/JsonAutoDetect$Visibility;'
get type from 'Lcom/flurry/org/codehaus/jackson/annotate/JsonAutoDetect$Visibility;'
get type from 'Lcom/flurry/org/codehaus/jackson/annotate/JsonMethod;'
Warning: com.google.ads.AdSize is a phantom class!
Warning: com.google.ads.AdListener is a phantom class!
Warning: com.google.ads.Ad is a phantom class!
Warning: com.google.ads.AdRequest$ErrorCode is a phantom class!
Warning: com.google.ads.InterstitialAd is a phantom class!
Warning: com.inmobi.androidsdk.IMAdListener is a phantom class!
Warning: com.inmobi.androidsdk.IMAdView is a phantom class!
Warning: com.inmobi.androidsdk.IMAdRequest$ErrorCode is a phantom class!
Warning: com.inmobi.androidsdk.IMAdInterstitial is a phantom class!
Warning: com.inmobi.androidsdk.IMAdInterstitialListener is a phantom class!
Warning: com.jumptap.adtag.JtAdViewListener is a phantom class!
Warning: com.jumptap.adtag.JtAdView is a phantom class!
Warning: com.millennialmedia.android.RequestListener is a phantom class!
Warning: com.millennialmedia.android.MMAd is a phantom class!
Warning: com.millennialmedia.android.MMException is a phantom class!
Warning: com.millennialmedia.android.MMInterstitial is a phantom class!
Warning: com.mobclix.android.sdk.MobclixAdView is a phantom class!
Warning: com.mobclix.android.sdk.MobclixAdViewListener is a phantom class!
Warning: com.mobclix.android.sdk.MobclixFullScreenAdViewListener is a phantom class!
Warning: com.mobclix.android.sdk.MobclixFullScreenAdView is a phantom class!
get type from 'Z'
get type from 'Lcom/flurry/android/monolithic/sdk/impl/sg;'
get type from 'Lcom/flurry/android/monolithic/sdk/impl/sf;'
get type from 'Z'
get type from 'Z'
get type from 'Z'
get type from 'Z'
get type from 'Z'
get type from 'Lcom/flurry/org/codehaus/jackson/annotate/JsonTypeInfo$As;'
get type from 'Z'
get type from 'Z'
get type from 'Z'
get type from 'Z'
get type from 'Z'
Warning: com.google.ads.AdRequest is a phantom class!
Warning: com.google.ads.AdView is a phantom class!
Warning: com.inmobi.androidsdk.IMAdInterstitial$State is a phantom class!
Warning: com.inmobi.androidsdk.IMAdRequest is a phantom class!
get type from 'Z'
get type from 'Z'
get type from 'Lcom/j256/ormlite/field/DataType;'
get type from 'Z'
get type from 'Z'
get type from 'Z'
get type from 'Z'
get type from 'Z'
get type from 'Z'
get type from 'I'
get type from 'Z'
get type from 'Z'
get type from 'Z'
get type from 'Z'
get type from 'Z'
get type from 'Z'
get type from 'Z'
get type from 'I'
get type from 'Z'
get type from 'I'
get type from 'I'
Warning: com.jumptap.adtag.JtAdInterstitial is a phantom class!
Warning: com.jumptap.adtag.JtAdWidgetSettings is a phantom class!
Warning: com.jumptap.adtag.JtAdWidgetSettingsFactory is a phantom class!
Warning: com.jumptap.adtag.utils.JtException is a phantom class!
Warning: com.millennialmedia.android.MMAdView is a phantom class!
Warning: com.millennialmedia.android.MMSDK is a phantom class!
Warning: com.mobclix.android.sdk.MobclixIABRectangleMAdView is a phantom class!
Warning: com.mobclix.android.sdk.MobclixMMABannerXLAdView is a phantom class!
No main class given. Inferred 'com.j256.ormlite.android.apptools.OrmLiteConfigUtil' as main class.
[Call Graph] For information on where the call graph may be incomplete, use the verbose option to the cg phase.
[Spark] Pointer Assignment Graph in 0.7 seconds.
[Spark] Type masks in 0.0 seconds.
[Spark] Pointer Graph simplified in 0.0 seconds.
[Spark] Propagation in 0.4 seconds.
[Spark] Solution found in 0.4 seconds.
hcai's internal transform
Running static analysis for method/class coverage characterization
0 ICC links found and 0 cg edges added due to ICC links
dynamic conflated call graph: 0 methods; 0 nodes; 0 edges.
feature-vector-key = malicious-app-62-1D239AC5886F9A6C321F0CD520E5CF507D7BD97B72AEEC0A3A93F2CE1AF19F66.apk
Result for malicious-app-62-1D239AC5886F9A6C321F0CD520E5CF507D7BD97B72AEEC0A3A93F2CE1AF19F66.apkcom.myaircover.security