DUA-Forensics args to Soot: -w -cp /home/handrick/Documents/UNB/benchmark/libs/droidfax.jar:/home/handrick/Android/Sdk/platforms/android-19/android.jar -p cg verbose:false,implicit-entry:true -p cg.spark verbose:false,on-fly-cg:true,rta:false -d /home/handrick/Documents/UNB/benchmark/trace/180/3/droidbot/malicious-app-102-73CAE12E86EF62ECB1B8A0C1535995EB0915396A1ADFB7B2D145B528205C9296.apk.logcat -process-dir /home/handrick/Documents/UNB/benchmark/data/input/malicious-app-102-73CAE12E86EF62ECB1B8A0C1535995EB0915396A1ADFB7B2D145B528205C9296.apk 
Soot started on Sat Apr 16 01:08:02 CEST 2022
Warning: com.ironsource.mobilcore.BaseFlowBasedAdUnit is a phantom class!
Warning: java.lang.invoke.LambdaMetafactory is a phantom class!
Warning: java.lang.ref.Finalizer is a phantom class!
Warning: java.awt.Graphics is a phantom class!
Warning: java.awt.GraphicsEnvironment is a phantom class!
Warning: java.awt.Image is a phantom class!
Warning: java.awt.Point is a phantom class!
Warning: java.awt.Toolkit is a phantom class!
Warning: java.awt.color.ColorSpace is a phantom class!
Warning: java.awt.datatransfer.Clipboard is a phantom class!
Warning: java.awt.datatransfer.DataFlavor is a phantom class!
Warning: java.awt.datatransfer.FlavorMap is a phantom class!
Warning: java.awt.datatransfer.SystemFlavorMap is a phantom class!
Warning: java.awt.datatransfer.Transferable is a phantom class!
Warning: java.awt.datatransfer.UnsupportedFlavorException is a phantom class!
Warning: java.awt.dnd.DragGestureEvent is a phantom class!
Warning: java.awt.dnd.DragSourceContext is a phantom class!
Warning: java.awt.dnd.DragSourceDragEvent is a phantom class!
Warning: java.awt.dnd.DragSourceDropEvent is a phantom class!
Warning: java.awt.dnd.DragSourceEvent is a phantom class!
Warning: java.awt.dnd.DropTargetContext is a phantom class!
Warning: java.awt.dnd.peer.DragSourceContextPeer is a phantom class!
Warning: java.awt.dnd.peer.DropTargetContextPeer is a phantom class!
Warning: java.awt.image.BufferedImage is a phantom class!
Warning: java.awt.image.ColorModel is a phantom class!
Warning: java.awt.image.ComponentColorModel is a phantom class!
Warning: java.awt.image.DataBuffer is a phantom class!
Warning: java.awt.image.DataBufferByte is a phantom class!
Warning: java.awt.image.DataBufferInt is a phantom class!
Warning: java.awt.image.DataBufferUShort is a phantom class!
Warning: java.awt.image.DirectColorModel is a phantom class!
Warning: java.awt.image.ImageObserver is a phantom class!
Warning: java.awt.image.Raster is a phantom class!
Warning: java.awt.image.WritableRaster is a phantom class!
Warning: java.beans.Beans is a phantom class!
Warning: javax.security.auth.callback.NameCallback is a phantom class!
Warning: javax.security.sasl.RealmCallback is a phantom class!
Warning: javax.security.sasl.RealmChoiceCallback is a phantom class!
Warning: javax.security.sasl.Sasl is a phantom class!
Warning: javax.security.sasl.SaslClient is a phantom class!
Warning: javax.security.sasl.SaslException is a phantom class!
[Call Graph] For information on where the call graph may be incomplete, use the verbose option to the cg phase.
[Spark] Pointer Assignment Graph in 0.0 seconds.
[Spark] Type masks in 0.0 seconds.
[Spark] Pointer Graph simplified in 0.0 seconds.
[Spark] Propagation in 0.0 seconds.
[Spark] Solution found in 0.0 seconds.
hcai's internal transform
Running static analysis for security-relevant feature characterization
[GatorHierarchy] [32mVERBOSE[0m [HIER] All classes: 1302
[GatorHierarchy] [32mVERBOSE[0m [App: 382, Lib : 879, Phantom: 41]
[GatorHierarchy] [32mVERBOSE[0m [HIER] Activities: 3, lib activities: 2
[GatorHierarchy] [32mVERBOSE[0m [HIER] App views: 0, Lib views: 13
[GatorHierarchy] [32mVERBOSE[0m [HIER] App Dialogs: 0, Lib Dialogs: 4
[TIMECOST] [32mVERBOSE[0m buildApplicationCodeMap parsing starting at 1650064083843
[TIMECOST] [32mVERBOSE[0m buildApplicationCodeMap parsing finished at 1650064089508
[Instantiated app classes] [32mVERBOSE[0m total number: 361
[WARNING] [32mVERBOSE[0m Callback method :onKeyDown in Class cn.etouch.tool.logcat.LogCatViewerActivity added
[WARNING] [32mVERBOSE[0m Callback method :onPause in Class cn.etouch.tool.logcat.LogCatViewerActivity added
[WARNING] [32mVERBOSE[0m Callback method :onCreate in Class cn.etouch.tool.logcat.LogCatViewerActivity added
[WARNING] [32mVERBOSE[0m Callback method :onCreateOptionsMenu in Class cn.etouch.tool.logcat.LogCatViewerActivity added
[WARNING] [32mVERBOSE[0m Callback method :onActivityResult in Class cn.etouch.tool.logcat.LogCatViewerActivity added
[WARNING] [32mVERBOSE[0m Callback method :onOptionsItemSelected in Class cn.etouch.tool.logcat.LogCatViewerActivity added
[WARNING] [32mVERBOSE[0m Callback method :onResume in Class cn.etouch.tool.logcat.LogCatViewerActivity added
[WARNING] [32mVERBOSE[0m Callback method :onCreate in Class cn.etouch.tool.report.CrashApplication added
[WARNING] [32mVERBOSE[0m Callback method :onListItemClick in Class cn.etouch.tool.logcat.explorer.SelectFolderActivity added
[WARNING] [32mVERBOSE[0m Callback method :onPause in Class cn.etouch.tool.logcat.explorer.SelectFolderActivity added
[WARNING] [32mVERBOSE[0m Callback method :onCreate in Class cn.etouch.tool.logcat.explorer.SelectFolderActivity added
[WARNING] [32mVERBOSE[0m Callback method :onResume in Class cn.etouch.tool.logcat.explorer.SelectFolderActivity added
[WARNING] [32mVERBOSE[0m Callback method :onCreate in Class com.mobclick.android.UmengFeedback added
0 ICC links found and 0 cg edges added due to ICC links
dynamic conflated call graph: 215 methods; 215 nodes; 301 edges.
maxpossibleFlows=3
maxpossibleFlows=1
maxpossibleFlows=5
maxpossibleFlows=5
maxpossibleFlows=1
maxpossibleFlows=4
maxpossibleFlows=5
maxpossibleFlows=5
maxpossibleFlows=5
maxpossibleFlows=1
maxpossibleFlows=1
maxpossibleFlows=1
maxpossibleFlows=5
maxpossibleFlows=5
maxpossibleFlows=5
maxpossibleFlows=5
maxpossibleFlows=5
maxpossibleFlows=5
maxpossibleFlows=1
maxpossibleFlows=1
maxpossibleFlows=1
maxpossibleFlows=1
maxpossibleFlows=4
maxpossibleFlows=1
maxpossibleFlows=5
maxpossibleFlows=5
1 taint flow paths FOUND from <java.lang.StringBuilder: java.lang.String toString()> to <org.json.JSONObject: org.json.JSONObject put(java.lang.String,double)>
maxpossibleFlows=5
maxpossibleFlows=5
1 taint flow paths FOUND from <android.content.ContextWrapper: android.content.ContentResolver getContentResolver()> to <org.json.JSONObject: org.json.JSONObject put(java.lang.String,double)>
maxpossibleFlows=5
1 taint flow paths FOUND from <android.telephony.TelephonyManager: java.lang.String getDeviceId()> to <org.json.JSONObject: org.json.JSONObject put(java.lang.String,int)>
maxpossibleFlows=5
maxpossibleFlows=5
maxpossibleFlows=5
5 taint flow paths FOUND from <org.json.JSONArray: org.json.JSONArray put(java.lang.Object)> to <android.util.Log: int i(java.lang.String,java.lang.String)>
maxpossibleFlows=1
maxpossibleFlows=4
maxpossibleFlows=5
1 taint flow paths FOUND from <android.content.ContextWrapper: android.content.pm.PackageManager getPackageManager()> to <org.json.JSONObject: org.json.JSONObject put(java.lang.String,int)>
maxpossibleFlows=3
maxpossibleFlows=5
maxpossibleFlows=5
maxpossibleFlows=5
maxpossibleFlows=6
6 taint flow paths FOUND from <java.io.File: java.io.File[] listFiles()> to <android.os.Handler: boolean sendEmptyMessage(int)>
maxpossibleFlows=6
6 taint flow paths FOUND from <java.io.File: java.lang.String getName()> to <android.os.Handler: boolean sendEmptyMessage(int)>
maxpossibleFlows=5
maxpossibleFlows=5
maxpossibleFlows=5
5 taint flow paths FOUND from <org.json.JSONObject: java.lang.String getString(java.lang.String)> to <android.util.Log: int i(java.lang.String,java.lang.String)>
maxpossibleFlows=5
maxpossibleFlows=5
maxpossibleFlows=10
10 taint flow paths FOUND from <android.os.Bundle: java.lang.String getString(java.lang.String)> to <android.util.Log: int i(java.lang.String,java.lang.String)>
maxpossibleFlows=6
6 taint flow paths FOUND from <java.io.File: java.lang.String getPath()> to <android.os.Handler: boolean sendEmptyMessage(int)>
maxpossibleFlows=10
5 taint flow paths FOUND from <android.app.Activity: java.lang.Object getSystemService(java.lang.String)> to <org.json.JSONObject: org.json.JSONObject put(java.lang.String,int)>
maxpossibleFlows=5
maxpossibleFlows=5
1 taint flow paths FOUND from <android.telephony.TelephonyManager: java.lang.String getNetworkOperatorName()> to <org.json.JSONObject: org.json.JSONObject put(java.lang.String,double)>
maxpossibleFlows=5
1 taint flow paths FOUND from <android.content.ContextWrapper: java.lang.String getPackageName()> to <org.json.JSONObject: org.json.JSONObject put(java.lang.String,int)>
maxpossibleFlows=3
maxpossibleFlows=3
maxpossibleFlows=6
6 taint flow paths FOUND from <java.io.File: java.io.File[] listFiles()> to <android.os.Handler: boolean sendEmptyMessage(int)>
maxpossibleFlows=1
maxpossibleFlows=5
maxpossibleFlows=5
maxpossibleFlows=1
maxpossibleFlows=5
maxpossibleFlows=5
maxpossibleFlows=5
maxpossibleFlows=5
maxpossibleFlows=5
1 taint flow paths FOUND from <android.telephony.TelephonyManager: java.lang.String getDeviceId()> to <org.json.JSONObject: org.json.JSONObject put(java.lang.String,int)>
maxpossibleFlows=1
maxpossibleFlows=1
maxpossibleFlows=1
maxpossibleFlows=1
maxpossibleFlows=1
maxpossibleFlows=5
maxpossibleFlows=5
maxpossibleFlows=1
maxpossibleFlows=5
maxpossibleFlows=5
maxpossibleFlows=5
1 taint flow paths FOUND from <java.lang.StringBuilder: java.lang.String toString()> to <org.json.JSONObject: org.json.JSONObject put(java.lang.String,double)>
maxpossibleFlows=1
maxpossibleFlows=1
maxpossibleFlows=1
maxpossibleFlows=1
maxpossibleFlows=1
maxpossibleFlows=1
maxpossibleFlows=1
maxpossibleFlows=4
maxpossibleFlows=5
maxpossibleFlows=1
maxpossibleFlows=5
maxpossibleFlows=5
maxpossibleFlows=4
maxpossibleFlows=4
4 taint flow paths FOUND from <java.lang.StringBuilder: java.lang.String toString()> to <android.util.Log: int i(java.lang.String,java.lang.String)>
Result for malicious-app-102-73CAE12E86EF62ECB1B8A0C1535995EB0915396A1ADFB7B2D145B528205C9296.apkcn.etouch.tool