DUA-Forensics args to Soot: -w -cp /home/handrick/Documents/UNB/benchmark/libs/droidfax.jar:/home/handrick/Android/Sdk/platforms/android-19/android.jar -p cg verbose:false,implicit-entry:true -p cg.spark verbose:false,on-fly-cg:true,rta:false -d /home/handrick/Documents/UNB/benchmark/trace/180/2/droidbot/malicious-app-28-216CFE2B3FA445495D754773A2E4D06F7BE66D09E410B30ECA84FE875A00C170.apk.logcat -process-dir /home/handrick/Documents/UNB/benchmark/data/input/malicious-app-28-216CFE2B3FA445495D754773A2E4D06F7BE66D09E410B30ECA84FE875A00C170.apk 
Soot started on Fri Apr 15 12:25:13 CEST 2022
Warning: com.ironsource.mobilcore.BaseFlowBasedAdUnit is a phantom class!
Warning: java.lang.invoke.LambdaMetafactory is a phantom class!
Warning: java.lang.ref.Finalizer is a phantom class!
get type from 'Z'
Warning: com.google.android.gms.ads.AdListener is a phantom class!
Warning: com.google.android.gms.ads.AdRequest is a phantom class!
Warning: com.google.android.gms.ads.AdSize is a phantom class!
Warning: com.google.android.gms.ads.identifier.AdvertisingIdClient$Info is a phantom class!
Warning: com.google.android.gms.ads.identifier.AdvertisingIdClient is a phantom class!
Warning: com.google.android.gms.common.GooglePlayServicesNotAvailableException is a phantom class!
Warning: com.google.android.gms.common.GooglePlayServicesRepairableException is a phantom class!
Warning: com.google.android.gms.common.GooglePlayServicesUtil is a phantom class!
get type from 'Z'
get type from 'Z'
[Call Graph] For information on where the call graph may be incomplete, use the verbose option to the cg phase.
[Spark] Pointer Assignment Graph in 0.0 seconds.
[Spark] Type masks in 0.0 seconds.
[Spark] Pointer Graph simplified in 0.0 seconds.
[Spark] Propagation in 0.0 seconds.
[Spark] Solution found in 0.0 seconds.
hcai's internal transform
Running static analysis for method/class coverage characterization
0 ICC links found and 0 cg edges added due to ICC links
dynamic conflated call graph: 645 methods; 645 nodes; 903 edges.
feature-vector-key = malicious-app-28-216CFE2B3FA445495D754773A2E4D06F7BE66D09E410B30ECA84FE875A00C170.apk
Result for malicious-app-28-216CFE2B3FA445495D754773A2E4D06F7BE66D09E410B30ECA84FE875A00C170.apktoftwood.games.snakesandladders