DUA-Forensics args to Soot: -w -cp /home/handrick/Documents/UNB/benchmark/libs/droidfax.jar:/home/handrick/Android/Sdk/platforms/android-19/android.jar -p cg verbose:false,implicit-entry:true -p cg.spark verbose:false,on-fly-cg:true,rta:false -d /home/handrick/Documents/UNB/benchmark/trace/180/2/droidbot/benign-app-21-26D97DA55404AE77C352322EFDBAE62F9796F99A335C048D71022B9F0FF755BB.apk.logcat -process-dir /home/handrick/Documents/UNB/benchmark/data/input/benign-app-21-26D97DA55404AE77C352322EFDBAE62F9796F99A335C048D71022B9F0FF755BB.apk 
Soot started on Fri Apr 15 12:46:56 CEST 2022
Warning: com.ironsource.mobilcore.BaseFlowBasedAdUnit is a phantom class!
Warning: java.lang.invoke.LambdaMetafactory is a phantom class!
Warning: java.lang.ref.Finalizer is a phantom class!
Warning: winterwell.bob.BuildTask is a phantom class!
Warning: org.junit.Test is a phantom class!
Warning: org.scribe.http.Request$Verb is a phantom class!
Warning: org.scribe.http.Request is a phantom class!
Warning: org.scribe.http.Response is a phantom class!
Warning: org.scribe.oauth.Scribe is a phantom class!
Warning: org.scribe.oauth.Token is a phantom class!
Warning: winterwell.bob.tasks.CompileTask is a phantom class!
Warning: winterwell.bob.tasks.CopyTask is a phantom class!
Warning: winterwell.bob.tasks.GitTask is a phantom class!
Warning: winterwell.bob.tasks.JarTask is a phantom class!
Warning: winterwell.bob.tasks.JavaDocTask is a phantom class!
Warning: winterwell.utils.Printer is a phantom class!
Warning: winterwell.utils.StringUtils is a phantom class!
Warning: winterwell.utils.TodoException is a phantom class!
Warning: winterwell.utils.Utils is a phantom class!
Warning: winterwell.utils.containers.ArrayMap is a phantom class!
Warning: winterwell.utils.io.FileUtils is a phantom class!
Warning: winterwell.utils.io.XStreamBinaryConverter is a phantom class!
No main class given. Inferred 'winterwell.jtwitter.TwitterTest' as main class.
[Call Graph] For information on where the call graph may be incomplete, use the verbose option to the cg phase.
[Spark] Pointer Assignment Graph in 0.1 seconds.
[Spark] Type masks in 0.0 seconds.
[Spark] Pointer Graph simplified in 0.0 seconds.
[Spark] Propagation in 0.0 seconds.
[Spark] Solution found in 0.0 seconds.
hcai's internal transform
Running static analysis for method/class coverage characterization
0 ICC links found and 0 cg edges added due to ICC links
dynamic conflated call graph: 456 methods; 456 nodes; 663 edges.
feature-vector-key = benign-app-21-26D97DA55404AE77C352322EFDBAE62F9796F99A335C048D71022B9F0FF755BB.apk
Result for benign-app-21-26D97DA55404AE77C352322EFDBAE62F9796F99A335C048D71022B9F0FF755BB.apkru.qixi.android.smartrabbits