DUA-Forensics args to Soot: -w -cp /home/handrick/Documents/UNB/benchmark/libs/droidfax.jar:/home/handrick/Android/Sdk/platforms/android-19/android.jar -p cg verbose:false,implicit-entry:true -p cg.spark verbose:false,on-fly-cg:true,rta:false -d /home/handrick/Documents/UNB/benchmark/trace/180/3/droidbot/malicious-app-90-BD570C0F3268F0659F04BD6AA6C9E41DF1EC69F906AEF858E3A717B943B575B3.apk.logcat -process-dir /home/handrick/Documents/UNB/benchmark/data/input/malicious-app-90-BD570C0F3268F0659F04BD6AA6C9E41DF1EC69F906AEF858E3A717B943B575B3.apk 
Soot started on Sat Apr 16 00:31:01 CEST 2022
Warning: com.ironsource.mobilcore.BaseFlowBasedAdUnit is a phantom class!
Warning: java.lang.invoke.LambdaMetafactory is a phantom class!
Warning: java.lang.ref.Finalizer is a phantom class!
Warning: com.aaaa.ZhuamobActivity is a phantom class!
Warning: com.zhuamob.android.ZhuamobLayout is a phantom class!
No main class given. Inferred 'com.badlogic.gdx.math.Intersector' as main class.
[Call Graph] For information on where the call graph may be incomplete, use the verbose option to the cg phase.
[Spark] Pointer Assignment Graph in 0.2 seconds.
[Spark] Type masks in 0.0 seconds.
[Spark] Pointer Graph simplified in 0.0 seconds.
[Spark] Propagation in 0.0 seconds.
[Spark] Solution found in 0.0 seconds.
hcai's internal transform
Running static analysis for method/class coverage characterization
0 ICC links found and 0 cg edges added due to ICC links
dynamic conflated call graph: 848 methods; 848 nodes; 1420 edges.
feature-vector-key = malicious-app-90-BD570C0F3268F0659F04BD6AA6C9E41DF1EC69F906AEF858E3A717B943B575B3.apk
Result for malicious-app-90-BD570C0F3268F0659F04BD6AA6C9E41DF1EC69F906AEF858E3A717B943B575B3.apkcom.rhaonplus.survivealone