DUA-Forensics args to Soot: -w -cp /home/handrick/Documents/UNB/benchmark/libs/droidfax.jar:/home/handrick/Android/Sdk/platforms/android-19/android.jar -p cg verbose:false,implicit-entry:true -p cg.spark verbose:false,on-fly-cg:true,rta:false -d /home/handrick/Documents/UNB/benchmark/trace/180/3/droidbot/benign-app-28-353A67299B1DE7E9AC3831020B6F0065172287F8B7C9DB99860552F93C22A74A.apk.logcat -process-dir /home/handrick/Documents/UNB/benchmark/data/input/benign-app-28-353A67299B1DE7E9AC3831020B6F0065172287F8B7C9DB99860552F93C22A74A.apk 
Soot started on Sat Apr 16 01:08:30 CEST 2022
Warning: com.ironsource.mobilcore.BaseFlowBasedAdUnit is a phantom class!
Warning: java.lang.invoke.LambdaMetafactory is a phantom class!
Warning: java.lang.ref.Finalizer is a phantom class!
get type from 'Z'
Warning: com.nuance.nmdp.speechkit.GenericCommand$Listener is a phantom class!
Warning: com.nuance.nmdp.speechkit.DataUploadCommand$Listener is a phantom class!
Warning: com.nuance.nmdp.speechkit.DataUploadCommand is a phantom class!
Warning: com.nuance.nmdp.speechkit.SpeechKit is a phantom class!
Warning: com.nuance.nmdp.speechkit.Recognizer is a phantom class!
Warning: com.nuance.nmdp.speechkit.Vocalizer is a phantom class!
Warning: com.nuance.nmdp.speechkit.Recognizer$Listener is a phantom class!
Warning: com.nuance.nmdp.speechkit.Vocalizer$Listener is a phantom class!
Warning: com.nuance.nmdp.speechkit.SpeechError is a phantom class!
Warning: com.nuance.nmdp.speechkit.GenericCommand is a phantom class!
Warning: com.nuance.nmdp.speechkit.GenericResult is a phantom class!
Warning: com.nuance.nmdp.speechkit.DataUploadResult is a phantom class!
Warning: com.nuance.nmdp.speechkit.Recognition is a phantom class!
get type from 'Z'
get type from 'Z'
Warning: com.nuance.nmdp.speechkit.SpeechKit$CmdSetType is a phantom class!
Warning: com.nuance.nmdp.speechkit.recognitionresult.DetailedResult is a phantom class!
Warning: com.nuance.nmdp.speechkit.util.dataupload.Action$ActionType is a phantom class!
Warning: com.nuance.nmdp.speechkit.util.dataupload.Action is a phantom class!
Warning: com.nuance.nmdp.speechkit.util.dataupload.Data$DataType is a phantom class!
Warning: com.nuance.nmdp.speechkit.util.dataupload.Data is a phantom class!
Warning: com.nuance.nmdp.speechkit.util.dataupload.DataBlock is a phantom class!
Warning: com.nuance.nmdp.speechkit.util.pdx.PdxValue$Dictionary is a phantom class!
Warning: com.nuance.nmdp.speechkit.util.pdx.PdxValue is a phantom class!
[Call Graph] For information on where the call graph may be incomplete, use the verbose option to the cg phase.
[Spark] Pointer Assignment Graph in 0.0 seconds.
[Spark] Type masks in 0.0 seconds.
[Spark] Pointer Graph simplified in 0.0 seconds.
[Spark] Propagation in 0.0 seconds.
[Spark] Solution found in 0.0 seconds.
hcai's internal transform
Running static analysis for method/class coverage characterization
0 ICC links found and 0 cg edges added due to ICC links
dynamic conflated call graph: 331 methods; 331 nodes; 441 edges.
feature-vector-key = benign-app-28-353A67299B1DE7E9AC3831020B6F0065172287F8B7C9DB99860552F93C22A74A.apk
Result for benign-app-28-353A67299B1DE7E9AC3831020B6F0065172287F8B7C9DB99860552F93C22A74A.apktoftwood.games.snakesandladders