DUA-Forensics args to Soot: -w -cp /home/handrick/Documents/UNB/benchmark/libs/droidfax.jar:/home/handrick/Android/Sdk/platforms/android-19/android.jar -p cg verbose:false,implicit-entry:true -p cg.spark verbose:false,on-fly-cg:true,rta:false -d /home/handrick/Documents/UNB/benchmark/trace/180/1/droidbot/malicious-app-6-3617D1E16767606A8059054E556FAB99281B60C2C428A79212D606AB0E91B98C.apk.logcat -process-dir /home/handrick/Documents/UNB/benchmark/data/input/malicious-app-6-3617D1E16767606A8059054E556FAB99281B60C2C428A79212D606AB0E91B98C.apk 
Soot started on Fri Apr 15 01:29:21 CEST 2022
Warning: com.ironsource.mobilcore.BaseFlowBasedAdUnit is a phantom class!
Warning: java.lang.invoke.LambdaMetafactory is a phantom class!
Warning: java.lang.ref.Finalizer is a phantom class!
[Call Graph] For information on where the call graph may be incomplete, use the verbose option to the cg phase.
[Spark] Pointer Assignment Graph in 0.0 seconds.
[Spark] Type masks in 0.0 seconds.
[Spark] Pointer Graph simplified in 0.0 seconds.
[Spark] Propagation in 0.0 seconds.
[Spark] Solution found in 0.0 seconds.
hcai's internal transform
Running static analysis for security-relevant feature characterization
[GatorHierarchy] [32mVERBOSE[0m [HIER] All classes: 1585
[GatorHierarchy] [32mVERBOSE[0m [App: 671, Lib : 911, Phantom: 3]
[GatorHierarchy] [32mVERBOSE[0m [HIER] Activities: 19, lib activities: 4
[GatorHierarchy] [32mVERBOSE[0m [HIER] App views: 12, Lib views: 23
[GatorHierarchy] [32mVERBOSE[0m [HIER] App Dialogs: 0, Lib Dialogs: 3
[TIMECOST] [32mVERBOSE[0m buildApplicationCodeMap parsing starting at 1649978963449
[TIMECOST] [32mVERBOSE[0m buildApplicationCodeMap parsing finished at 1649978967710
[Instantiated app classes] [32mVERBOSE[0m total number: 494
[WARNING] [32mVERBOSE[0m Callback method :onClick in Class org.montrealtransit.android.dialog.SubwayStationSelectBusLineStop added
[WARNING] [32mVERBOSE[0m Callback method :getType in Class org.montrealtransit.android.provider.BixiProvider added
[WARNING] [32mVERBOSE[0m Callback method :onCreate in Class org.montrealtransit.android.provider.BixiProvider added
[WARNING] [32mVERBOSE[0m Callback method :bulkInsert in Class org.montrealtransit.android.provider.BixiProvider added
[WARNING] [32mVERBOSE[0m Callback method :query in Class org.montrealtransit.android.provider.BixiProvider added
[WARNING] [32mVERBOSE[0m Callback method :update in Class org.montrealtransit.android.provider.BixiProvider added
[WARNING] [32mVERBOSE[0m Callback method :insert in Class org.montrealtransit.android.provider.BixiProvider added
[WARNING] [32mVERBOSE[0m Callback method :delete in Class org.montrealtransit.android.provider.BixiProvider added
[WARNING] [32mVERBOSE[0m Callback method :getItem in Class android.support.v4.widget.CursorAdapter added
[WARNING] [32mVERBOSE[0m Callback method :getView in Class android.support.v4.widget.CursorAdapter added
[WARNING] [32mVERBOSE[0m Callback method :getDropDownView in Class android.support.v4.widget.CursorAdapter added
[WARNING] [32mVERBOSE[0m Callback method :getFilter in Class android.support.v4.widget.CursorAdapter added
[WARNING] [32mVERBOSE[0m Callback method :getCount in Class android.support.v4.widget.CursorAdapter added
[WARNING] [32mVERBOSE[0m Callback method :getItemId in Class android.support.v4.widget.CursorAdapter added
[WARNING] [32mVERBOSE[0m Callback method :hasStableIds in Class android.support.v4.widget.CursorAdapter added
[WARNING] [32mVERBOSE[0m Callback method :onProviderEnabled in Class org.montrealtransit.android.activity.BusLineInfo added
[WARNING] [32mVERBOSE[0m Callback method :onLocationChanged in Class org.montrealtransit.android.activity.BusLineInfo added
[WARNING] [32mVERBOSE[0m Callback method :onWindowFocusChanged in Class org.montrealtransit.android.activity.BusLineInfo added
[WARNING] [32mVERBOSE[0m Callback method :onStatusChanged in Class org.montrealtransit.android.activity.BusLineInfo added
[WARNING] [32mVERBOSE[0m Callback method :onPause in Class org.montrealtransit.android.activity.BusLineInfo added
[WARNING] [32mVERBOSE[0m Callback method :onScroll in Class org.montrealtransit.android.activity.BusLineInfo added
[WARNING] [32mVERBOSE[0m Callback method :onCreate in Class org.montrealtransit.android.activity.BusLineInfo added
[WARNING] [32mVERBOSE[0m Callback method :onCreateOptionsMenu in Class org.montrealtransit.android.activity.BusLineInfo added
[WARNING] [32mVERBOSE[0m Callback method :onSensorChanged in Class org.montrealtransit.android.activity.BusLineInfo added
[WARNING] [32mVERBOSE[0m Callback method :onProviderDisabled in Class org.montrealtransit.android.activity.BusLineInfo added
[WARNING] [32mVERBOSE[0m Callback method :onAccuracyChanged in Class org.montrealtransit.android.activity.BusLineInfo added
[WARNING] [32mVERBOSE[0m Callback method :onOptionsItemSelected in Class org.montrealtransit.android.activity.BusLineInfo added
[WARNING] [32mVERBOSE[0m Callback method :onResume in Class org.montrealtransit.android.activity.BusLineInfo added
[WARNING] [32mVERBOSE[0m Callback method :onScrollStateChanged in Class org.montrealtransit.android.activity.BusLineInfo added
[WARNING] [32mVERBOSE[0m Callback method :onCreate in Class org.montrealtransit.android.activity.MainScreen added
[WARNING] [32mVERBOSE[0m Callback method :onResume in Class org.montrealtransit.android.activity.MainScreen added
[WARNING] [32mVERBOSE[0m Callback method :onLowMemory in Class android.support.v4.app.Fragment added
[WARNING] [32mVERBOSE[0m Callback method :onCreateContextMenu in Class android.support.v4.app.Fragment added
[WARNING] [32mVERBOSE[0m Callback method :onDismiss in Class android.support.v4.app.DialogFragment added
[WARNING] [32mVERBOSE[0m Callback method :onCancel in Class android.support.v4.app.DialogFragment added
[WARNING] [32mVERBOSE[0m Callback method :onConfigurationChanged in Class android.support.v4.app.Fragment added
[WARNING] [32mVERBOSE[0m Callback method :onRestoreInstanceState in Class com.viewpagerindicator.UnderlinePageIndicator added
[WARNING] [32mVERBOSE[0m Callback method :onSaveInstanceState in Class com.viewpagerindicator.UnderlinePageIndicator added
[WARNING] [32mVERBOSE[0m Callback method :onTouchEvent in Class com.viewpagerindicator.UnderlinePageIndicator added
[WARNING] [32mVERBOSE[0m Callback method :onDraw in Class com.viewpagerindicator.UnderlinePageIndicator added
[WARNING] [32mVERBOSE[0m Callback method :onProviderEnabled in Class org.montrealtransit.android.activity.SubwayLineInfo added
[WARNING] [32mVERBOSE[0m Callback method :onLocationChanged in Class org.montrealtransit.android.activity.SubwayLineInfo added
[WARNING] [32mVERBOSE[0m Callback method :onWindowFocusChanged in Class org.montrealtransit.android.activity.SubwayLineInfo added
[WARNING] [32mVERBOSE[0m Callback method :onStatusChanged in Class org.montrealtransit.android.activity.SubwayLineInfo added
[WARNING] [32mVERBOSE[0m Callback method :onPause in Class org.montrealtransit.android.activity.SubwayLineInfo added
[WARNING] [32mVERBOSE[0m Callback method :onScroll in Class org.montrealtransit.android.activity.SubwayLineInfo added
[WARNING] [32mVERBOSE[0m Callback method :onCreate in Class org.montrealtransit.android.activity.SubwayLineInfo added
[WARNING] [32mVERBOSE[0m Callback method :onCreateOptionsMenu in Class org.montrealtransit.android.activity.SubwayLineInfo added
[WARNING] [32mVERBOSE[0m Callback method :onSensorChanged in Class org.montrealtransit.android.activity.SubwayLineInfo added
[WARNING] [32mVERBOSE[0m Callback method :onProviderDisabled in Class org.montrealtransit.android.activity.SubwayLineInfo added
[WARNING] [32mVERBOSE[0m Callback method :onAccuracyChanged in Class org.montrealtransit.android.activity.SubwayLineInfo added
[WARNING] [32mVERBOSE[0m Callback method :onOptionsItemSelected in Class org.montrealtransit.android.activity.SubwayLineInfo added
[WARNING] [32mVERBOSE[0m Callback method :onResume in Class org.montrealtransit.android.activity.SubwayLineInfo added
[WARNING] [32mVERBOSE[0m Callback method :onScrollStateChanged in Class org.montrealtransit.android.activity.SubwayLineInfo added
[WARNING] [32mVERBOSE[0m Callback method :getItem in Class android.support.v4.widget.CursorAdapter added
[WARNING] [32mVERBOSE[0m Callback method :getView in Class android.support.v4.widget.CursorAdapter added
[WARNING] [32mVERBOSE[0m Callback method :getDropDownView in Class android.support.v4.widget.CursorAdapter added
[WARNING] [32mVERBOSE[0m Callback method :getFilter in Class android.support.v4.widget.CursorAdapter added
[WARNING] [32mVERBOSE[0m Callback method :getCount in Class android.support.v4.widget.CursorAdapter added
[WARNING] [32mVERBOSE[0m Callback method :getItemId in Class android.support.v4.widget.CursorAdapter added
[WARNING] [32mVERBOSE[0m Callback method :hasStableIds in Class android.support.v4.widget.CursorAdapter added
[WARNING] [32mVERBOSE[0m Callback method :onProviderEnabled in Class org.montrealtransit.android.activity.BusStopInfo added
[WARNING] [32mVERBOSE[0m Callback method :onLocationChanged in Class org.montrealtransit.android.activity.BusStopInfo added
[WARNING] [32mVERBOSE[0m Callback method :onWindowFocusChanged in Class org.montrealtransit.android.activity.BusStopInfo added
[WARNING] [32mVERBOSE[0m Callback method :onStatusChanged in Class org.montrealtransit.android.activity.BusStopInfo added
[WARNING] [32mVERBOSE[0m Callback method :onRetainNonConfigurationInstance in Class org.montrealtransit.android.activity.BusStopInfo added
[WARNING] [32mVERBOSE[0m Callback method :onNewIntent in Class org.montrealtransit.android.activity.BusStopInfo added
[WARNING] [32mVERBOSE[0m Callback method :onPause in Class org.montrealtransit.android.activity.BusStopInfo added
[WARNING] [32mVERBOSE[0m Callback method :onCreate in Class org.montrealtransit.android.activity.BusStopInfo added
[WARNING] [32mVERBOSE[0m Callback method :onCreateOptionsMenu in Class org.montrealtransit.android.activity.BusStopInfo added
[WARNING] [32mVERBOSE[0m Callback method :onSensorChanged in Class org.montrealtransit.android.activity.BusStopInfo added
[WARNING] [32mVERBOSE[0m Callback method :onDestroy in Class org.montrealtransit.android.activity.BusStopInfo added
[WARNING] [32mVERBOSE[0m Callback method :onProviderDisabled in Class org.montrealtransit.android.activity.BusStopInfo added
[WARNING] [32mVERBOSE[0m Callback method :onClick in Class org.montrealtransit.android.activity.BusStopInfo added
[WARNING] [32mVERBOSE[0m Callback method :onAccuracyChanged in Class org.montrealtransit.android.activity.BusStopInfo added
[WARNING] [32mVERBOSE[0m Callback method :onOptionsItemSelected in Class org.montrealtransit.android.activity.BusStopInfo added
[WARNING] [32mVERBOSE[0m Callback method :onResume in Class org.montrealtransit.android.activity.BusStopInfo added
[WARNING] [32mVERBOSE[0m Callback method :onCreate in Class org.montrealtransit.android.activity.FavListLiveFolder added
[WARNING] [32mVERBOSE[0m Callback method :onReceive in Class com.google.android.apps.analytics.AnalyticsReceiver added
[WARNING] [32mVERBOSE[0m Callback method :onMeasure in Class com.viewpagerindicator.TabPageIndicator added
[WARNING] [32mVERBOSE[0m Callback method :onDetachedFromWindow in Class com.viewpagerindicator.TabPageIndicator added
[WARNING] [32mVERBOSE[0m Callback method :onAttachedToWindow in Class com.viewpagerindicator.TabPageIndicator added
[WARNING] [32mVERBOSE[0m Callback method :onCreate in Class org.montrealtransit.android.services.BackupAgentHelper added
[WARNING] [32mVERBOSE[0m Callback method :onCreate in Class org.montrealtransit.android.activity.BusStopCodeTab added
[WARNING] [32mVERBOSE[0m Callback method :onCreateOptionsMenu in Class org.montrealtransit.android.activity.BusStopCodeTab added
[WARNING] [32mVERBOSE[0m Callback method :onDestroy in Class org.montrealtransit.android.activity.BusStopCodeTab added
[WARNING] [32mVERBOSE[0m Callback method :onOptionsItemSelected in Class org.montrealtransit.android.activity.BusStopCodeTab added
[WARNING] [32mVERBOSE[0m Callback method :onResume in Class org.montrealtransit.android.activity.BusStopCodeTab added
[WARNING] [32mVERBOSE[0m Callback method :onMeasure in Class android.support.v4.view.PagerTitleStrip added
[WARNING] [32mVERBOSE[0m Callback method :requestLayout in Class android.support.v4.view.PagerTitleStrip added
[WARNING] [32mVERBOSE[0m Callback method :onLayout in Class android.support.v4.view.PagerTitleStrip added
[WARNING] [32mVERBOSE[0m Callback method :onDetachedFromWindow in Class android.support.v4.view.PagerTitleStrip added
[WARNING] [32mVERBOSE[0m Callback method :onAttachedToWindow in Class android.support.v4.view.PagerTitleStrip added
[WARNING] [32mVERBOSE[0m Callback method :onProviderEnabled in Class org.montrealtransit.android.activity.FavListTab added
[WARNING] [32mVERBOSE[0m Callback method :onLocationChanged in Class org.montrealtransit.android.activity.FavListTab added
[WARNING] [32mVERBOSE[0m Callback method :onWindowFocusChanged in Class org.montrealtransit.android.activity.FavListTab added
[WARNING] [32mVERBOSE[0m Callback method :onStatusChanged in Class org.montrealtransit.android.activity.FavListTab added
[WARNING] [32mVERBOSE[0m Callback method :onPause in Class org.montrealtransit.android.activity.FavListTab added
[WARNING] [32mVERBOSE[0m Callback method :onCreate in Class org.montrealtransit.android.activity.FavListTab added
[WARNING] [32mVERBOSE[0m Callback method :onCreateOptionsMenu in Class org.montrealtransit.android.activity.FavListTab added
[WARNING] [32mVERBOSE[0m Callback method :onSensorChanged in Class org.montrealtransit.android.activity.FavListTab added
[WARNING] [32mVERBOSE[0m Callback method :onStart in Class org.montrealtransit.android.activity.FavListTab added
[WARNING] [32mVERBOSE[0m Callback method :onProviderDisabled in Class org.montrealtransit.android.activity.FavListTab added
[WARNING] [32mVERBOSE[0m Callback method :onAccuracyChanged in Class org.montrealtransit.android.activity.FavListTab added
[WARNING] [32mVERBOSE[0m Callback method :onOptionsItemSelected in Class org.montrealtransit.android.activity.FavListTab added
[WARNING] [32mVERBOSE[0m Callback method :onResume in Class org.montrealtransit.android.activity.FavListTab added
[WARNING] [32mVERBOSE[0m Callback method :generateLayoutParams in Class android.support.v4.view.ViewPager added
[WARNING] [32mVERBOSE[0m Callback method :draw in Class android.support.v4.view.ViewPager added
[WARNING] [32mVERBOSE[0m Callback method :onRestoreInstanceState in Class android.support.v4.view.ViewPager added
[WARNING] [32mVERBOSE[0m Callback method :onRequestFocusInDescendants in Class android.support.v4.view.ViewPager added
[WARNING] [32mVERBOSE[0m Callback method :generateDefaultLayoutParams in Class android.support.v4.view.ViewPager added
[WARNING] [32mVERBOSE[0m Callback method :onMeasure in Class android.support.v4.view.ViewPager added
[WARNING] [32mVERBOSE[0m Callback method :addView in Class android.support.v4.view.ViewPager added
[WARNING] [32mVERBOSE[0m Callback method :onSaveInstanceState in Class android.support.v4.view.ViewPager added
[WARNING] [32mVERBOSE[0m Callback method :onLayout in Class android.support.v4.view.ViewPager added
[WARNING] [32mVERBOSE[0m Callback method :onTouchEvent in Class android.support.v4.view.ViewPager added
[WARNING] [32mVERBOSE[0m Callback method :addTouchables in Class android.support.v4.view.ViewPager added
[WARNING] [32mVERBOSE[0m Callback method :computeScroll in Class android.support.v4.view.ViewPager added
[WARNING] [32mVERBOSE[0m Callback method :onAttachedToWindow in Class android.support.v4.view.ViewPager added
[WARNING] [32mVERBOSE[0m Callback method :onInterceptTouchEvent in Class android.support.v4.view.ViewPager added
[WARNING] [32mVERBOSE[0m Callback method :verifyDrawable in Class android.support.v4.view.ViewPager added
[WARNING] [32mVERBOSE[0m Callback method :dispatchPopulateAccessibilityEvent in Class android.support.v4.view.ViewPager added
[WARNING] [32mVERBOSE[0m Callback method :onSizeChanged in Class android.support.v4.view.ViewPager added
[WARNING] [32mVERBOSE[0m Callback method :dispatchKeyEvent in Class android.support.v4.view.ViewPager added
[WARNING] [32mVERBOSE[0m Callback method :addFocusables in Class android.support.v4.view.ViewPager added
[WARNING] [32mVERBOSE[0m Callback method :onDraw in Class android.support.v4.view.ViewPager added
[WARNING] [32mVERBOSE[0m Callback method :generateLayoutParams in Class android.support.v4.view.ViewPager added
[WARNING] [32mVERBOSE[0m Callback method :drawableStateChanged in Class android.support.v4.view.ViewPager added
[WARNING] [32mVERBOSE[0m Callback method :checkLayoutParams in Class android.support.v4.view.ViewPager added
[WARNING] [32mVERBOSE[0m Callback method :onKeyDown in Class android.support.v4.app.FragmentActivity added
[WARNING] [32mVERBOSE[0m Callback method :onProviderEnabled in Class org.montrealtransit.android.activity.v4.BusLineInfo added
[WARNING] [32mVERBOSE[0m Callback method :onLocationChanged in Class org.montrealtransit.android.activity.v4.BusLineInfo added
[WARNING] [32mVERBOSE[0m Callback method :onWindowFocusChanged in Class org.montrealtransit.android.activity.v4.BusLineInfo added
[WARNING] [32mVERBOSE[0m Callback method :onPanelClosed in Class android.support.v4.app.FragmentActivity added
[WARNING] [32mVERBOSE[0m Callback method :onConfigurationChanged in Class android.support.v4.app.FragmentActivity added
[WARNING] [32mVERBOSE[0m Callback method :onMenuItemSelected in Class android.support.v4.app.FragmentActivity added
[WARNING] [32mVERBOSE[0m Callback method :onStatusChanged in Class org.montrealtransit.android.activity.v4.BusLineInfo added
[WARNING] [32mVERBOSE[0m Callback method :onBackPressed in Class android.support.v4.app.FragmentActivity added
[WARNING] [32mVERBOSE[0m Callback method :onRetainNonConfigurationInstance in Class android.support.v4.app.FragmentActivity added
[WARNING] [32mVERBOSE[0m Callback method :onPause in Class org.montrealtransit.android.activity.v4.BusLineInfo added
[WARNING] [32mVERBOSE[0m Callback method :onStop in Class android.support.v4.app.FragmentActivity added
[WARNING] [32mVERBOSE[0m Callback method :onCreatePanelMenu in Class android.support.v4.app.FragmentActivity added
[WARNING] [32mVERBOSE[0m Callback method :dump in Class android.support.v4.app.FragmentActivity added
[WARNING] [32mVERBOSE[0m Callback method :onCreate in Class org.montrealtransit.android.activity.v4.BusLineInfo added
[WARNING] [32mVERBOSE[0m Callback method :onCreateView in Class android.support.v4.app.FragmentActivity added
[WARNING] [32mVERBOSE[0m Callback method :onCreateOptionsMenu in Class org.montrealtransit.android.activity.v4.BusLineInfo added
[WARNING] [32mVERBOSE[0m Callback method :onSensorChanged in Class org.montrealtransit.android.activity.v4.BusLineInfo added
[WARNING] [32mVERBOSE[0m Callback method :onDestroy in Class android.support.v4.app.FragmentActivity added
[WARNING] [32mVERBOSE[0m Callback method :onPreparePanel in Class android.support.v4.app.FragmentActivity added
[WARNING] [32mVERBOSE[0m Callback method :onStart in Class android.support.v4.app.FragmentActivity added
[WARNING] [32mVERBOSE[0m Callback method :onProviderDisabled in Class org.montrealtransit.android.activity.v4.BusLineInfo added
[WARNING] [32mVERBOSE[0m Callback method :onAccuracyChanged in Class org.montrealtransit.android.activity.v4.BusLineInfo added
[WARNING] [32mVERBOSE[0m Callback method :onSaveInstanceState in Class android.support.v4.app.FragmentActivity added
[WARNING] [32mVERBOSE[0m Callback method :startActivityForResult in Class android.support.v4.app.FragmentActivity added
[WARNING] [32mVERBOSE[0m Callback method :onActivityResult in Class android.support.v4.app.FragmentActivity added
[WARNING] [32mVERBOSE[0m Callback method :onOptionsItemSelected in Class org.montrealtransit.android.activity.v4.BusLineInfo added
[WARNING] [32mVERBOSE[0m Callback method :onPostResume in Class android.support.v4.app.FragmentActivity added
[WARNING] [32mVERBOSE[0m Callback method :onResume in Class org.montrealtransit.android.activity.v4.BusLineInfo added
[WARNING] [32mVERBOSE[0m Callback method :onLowMemory in Class android.support.v4.app.FragmentActivity added
[WARNING] [32mVERBOSE[0m Callback method :onKeyDown in Class android.support.v4.app.FragmentActivity added
[WARNING] [32mVERBOSE[0m Callback method :onWindowFocusChanged in Class org.montrealtransit.android.activity.v4.BusTab added
[WARNING] [32mVERBOSE[0m Callback method :onPanelClosed in Class android.support.v4.app.FragmentActivity added
[WARNING] [32mVERBOSE[0m Callback method :onConfigurationChanged in Class android.support.v4.app.FragmentActivity added
[WARNING] [32mVERBOSE[0m Callback method :onMenuItemSelected in Class android.support.v4.app.FragmentActivity added
[WARNING] [32mVERBOSE[0m Callback method :onBackPressed in Class android.support.v4.app.FragmentActivity added
[WARNING] [32mVERBOSE[0m Callback method :onRetainNonConfigurationInstance in Class android.support.v4.app.FragmentActivity added
[WARNING] [32mVERBOSE[0m Callback method :onPause in Class android.support.v4.app.FragmentActivity added
[WARNING] [32mVERBOSE[0m Callback method :onStop in Class android.support.v4.app.FragmentActivity added
[WARNING] [32mVERBOSE[0m Callback method :onCreatePanelMenu in Class android.support.v4.app.FragmentActivity added
[WARNING] [32mVERBOSE[0m Callback method :dump in Class android.support.v4.app.FragmentActivity added
[WARNING] [32mVERBOSE[0m Callback method :onCreate in Class org.montrealtransit.android.activity.v4.BusTab added
[WARNING] [32mVERBOSE[0m Callback method :onCreateView in Class android.support.v4.app.FragmentActivity added
[WARNING] [32mVERBOSE[0m Callback method :onCreateOptionsMenu in Class org.montrealtransit.android.activity.v4.BusTab added
[WARNING] [32mVERBOSE[0m Callback method :onDestroy in Class android.support.v4.app.FragmentActivity added
[WARNING] [32mVERBOSE[0m Callback method :onPreparePanel in Class android.support.v4.app.FragmentActivity added
[WARNING] [32mVERBOSE[0m Callback method :onStart in Class android.support.v4.app.FragmentActivity added
[WARNING] [32mVERBOSE[0m Callback method :onSaveInstanceState in Class android.support.v4.app.FragmentActivity added
[WARNING] [32mVERBOSE[0m Callback method :startActivityForResult in Class android.support.v4.app.FragmentActivity added
[WARNING] [32mVERBOSE[0m Callback method :onActivityResult in Class android.support.v4.app.FragmentActivity added
[WARNING] [32mVERBOSE[0m Callback method :onOptionsItemSelected in Class org.montrealtransit.android.activity.v4.BusTab added
[WARNING] [32mVERBOSE[0m Callback method :onPostResume in Class android.support.v4.app.FragmentActivity added
[WARNING] [32mVERBOSE[0m Callback method :onResume in Class org.montrealtransit.android.activity.v4.BusTab added
[WARNING] [32mVERBOSE[0m Callback method :onLowMemory in Class android.support.v4.app.FragmentActivity added
[WARNING] [32mVERBOSE[0m Callback method :onKeyDown in Class android.support.v4.app.FragmentActivity added
[WARNING] [32mVERBOSE[0m Callback method :onProviderEnabled in Class org.montrealtransit.android.activity.v4.SubwayLineInfo added
[WARNING] [32mVERBOSE[0m Callback method :onLocationChanged in Class org.montrealtransit.android.activity.v4.SubwayLineInfo added
[WARNING] [32mVERBOSE[0m Callback method :onWindowFocusChanged in Class org.montrealtransit.android.activity.v4.SubwayLineInfo added
[WARNING] [32mVERBOSE[0m Callback method :onPanelClosed in Class android.support.v4.app.FragmentActivity added
[WARNING] [32mVERBOSE[0m Callback method :onConfigurationChanged in Class android.support.v4.app.FragmentActivity added
[WARNING] [32mVERBOSE[0m Callback method :onMenuItemSelected in Class android.support.v4.app.FragmentActivity added
[WARNING] [32mVERBOSE[0m Callback method :onStatusChanged in Class org.montrealtransit.android.activity.v4.SubwayLineInfo added
[WARNING] [32mVERBOSE[0m Callback method :onBackPressed in Class android.support.v4.app.FragmentActivity added
[WARNING] [32mVERBOSE[0m Callback method :onRetainNonConfigurationInstance in Class android.support.v4.app.FragmentActivity added
[WARNING] [32mVERBOSE[0m Callback method :onPause in Class org.montrealtransit.android.activity.v4.SubwayLineInfo added
[WARNING] [32mVERBOSE[0m Callback method :onStop in Class android.support.v4.app.FragmentActivity added
[WARNING] [32mVERBOSE[0m Callback method :onCreatePanelMenu in Class android.support.v4.app.FragmentActivity added
[WARNING] [32mVERBOSE[0m Callback method :dump in Class android.support.v4.app.FragmentActivity added
[WARNING] [32mVERBOSE[0m Callback method :onCreate in Class org.montrealtransit.android.activity.v4.SubwayLineInfo added
[WARNING] [32mVERBOSE[0m Callback method :onCreateView in Class android.support.v4.app.FragmentActivity added
[WARNING] [32mVERBOSE[0m Callback method :onCreateOptionsMenu in Class org.montrealtransit.android.activity.v4.SubwayLineInfo added
[WARNING] [32mVERBOSE[0m Callback method :onSensorChanged in Class org.montrealtransit.android.activity.v4.SubwayLineInfo added
[WARNING] [32mVERBOSE[0m Callback method :onDestroy in Class android.support.v4.app.FragmentActivity added
[WARNING] [32mVERBOSE[0m Callback method :onPreparePanel in Class android.support.v4.app.FragmentActivity added
[WARNING] [32mVERBOSE[0m Callback method :onStart in Class android.support.v4.app.FragmentActivity added
[WARNING] [32mVERBOSE[0m Callback method :onProviderDisabled in Class org.montrealtransit.android.activity.v4.SubwayLineInfo added
[WARNING] [32mVERBOSE[0m Callback method :onAccuracyChanged in Class org.montrealtransit.android.activity.v4.SubwayLineInfo added
[WARNING] [32mVERBOSE[0m Callback method :onSaveInstanceState in Class android.support.v4.app.FragmentActivity added
[WARNING] [32mVERBOSE[0m Callback method :startActivityForResult in Class android.support.v4.app.FragmentActivity added
[WARNING] [32mVERBOSE[0m Callback method :onActivityResult in Class android.support.v4.app.FragmentActivity added
[WARNING] [32mVERBOSE[0m Callback method :onOptionsItemSelected in Class org.montrealtransit.android.activity.v4.SubwayLineInfo added
[WARNING] [32mVERBOSE[0m Callback method :onPostResume in Class android.support.v4.app.FragmentActivity added
[WARNING] [32mVERBOSE[0m Callback method :onResume in Class org.montrealtransit.android.activity.v4.SubwayLineInfo added
[WARNING] [32mVERBOSE[0m Callback method :onLowMemory in Class android.support.v4.app.FragmentActivity added
[WARNING] [32mVERBOSE[0m Callback method :onProviderEnabled in Class org.montrealtransit.android.activity.SubwayStationInfo added
[WARNING] [32mVERBOSE[0m Callback method :onLocationChanged in Class org.montrealtransit.android.activity.SubwayStationInfo added
[WARNING] [32mVERBOSE[0m Callback method :onWindowFocusChanged in Class org.montrealtransit.android.activity.SubwayStationInfo added
[WARNING] [32mVERBOSE[0m Callback method :onStatusChanged in Class org.montrealtransit.android.activity.SubwayStationInfo added
[WARNING] [32mVERBOSE[0m Callback method :onPause in Class org.montrealtransit.android.activity.SubwayStationInfo added
[WARNING] [32mVERBOSE[0m Callback method :onCreate in Class org.montrealtransit.android.activity.SubwayStationInfo added
[WARNING] [32mVERBOSE[0m Callback method :onCreateOptionsMenu in Class org.montrealtransit.android.activity.SubwayStationInfo added
[WARNING] [32mVERBOSE[0m Callback method :onSensorChanged in Class org.montrealtransit.android.activity.SubwayStationInfo added
[WARNING] [32mVERBOSE[0m Callback method :onProviderDisabled in Class org.montrealtransit.android.activity.SubwayStationInfo added
[WARNING] [32mVERBOSE[0m Callback method :onAccuracyChanged in Class org.montrealtransit.android.activity.SubwayStationInfo added
[WARNING] [32mVERBOSE[0m Callback method :onOptionsItemSelected in Class org.montrealtransit.android.activity.SubwayStationInfo added
[WARNING] [32mVERBOSE[0m Callback method :onResume in Class org.montrealtransit.android.activity.SubwayStationInfo added
[WARNING] [32mVERBOSE[0m Callback method :onProviderEnabled in Class org.montrealtransit.android.activity.BusTab added
[WARNING] [32mVERBOSE[0m Callback method :onLocationChanged in Class org.montrealtransit.android.activity.BusTab added
[WARNING] [32mVERBOSE[0m Callback method :onWindowFocusChanged in Class org.montrealtransit.android.activity.BusTab added
[WARNING] [32mVERBOSE[0m Callback method :onStatusChanged in Class org.montrealtransit.android.activity.BusTab added
[WARNING] [32mVERBOSE[0m Callback method :onPause in Class org.montrealtransit.android.activity.BusTab added
[WARNING] [32mVERBOSE[0m Callback method :onScroll in Class org.montrealtransit.android.activity.BusTab added
[WARNING] [32mVERBOSE[0m Callback method :onItemClick in Class org.montrealtransit.android.activity.BusTab added
[WARNING] [32mVERBOSE[0m Callback method :onCreate in Class org.montrealtransit.android.activity.BusTab added
[WARNING] [32mVERBOSE[0m Callback method :onCreateOptionsMenu in Class org.montrealtransit.android.activity.BusTab added
[WARNING] [32mVERBOSE[0m Callback method :onSensorChanged in Class org.montrealtransit.android.activity.BusTab added
[WARNING] [32mVERBOSE[0m Callback method :onProviderDisabled in Class org.montrealtransit.android.activity.BusTab added
[WARNING] [32mVERBOSE[0m Callback method :onAccuracyChanged in Class org.montrealtransit.android.activity.BusTab added
[WARNING] [32mVERBOSE[0m Callback method :onOptionsItemSelected in Class org.montrealtransit.android.activity.BusTab added
[WARNING] [32mVERBOSE[0m Callback method :onResume in Class org.montrealtransit.android.activity.BusTab added
[WARNING] [32mVERBOSE[0m Callback method :onScrollStateChanged in Class org.montrealtransit.android.activity.BusTab added
[WARNING] [32mVERBOSE[0m Callback method :onCreate in Class org.montrealtransit.android.activity.UserPreferences added
[WARNING] [32mVERBOSE[0m Callback method :onResume in Class org.montrealtransit.android.activity.UserPreferences added
[WARNING] [32mVERBOSE[0m Callback method :onRestoreInstanceState in Class com.viewpagerindicator.CirclePageIndicator added
[WARNING] [32mVERBOSE[0m Callback method :onMeasure in Class com.viewpagerindicator.CirclePageIndicator added
[WARNING] [32mVERBOSE[0m Callback method :onSaveInstanceState in Class com.viewpagerindicator.CirclePageIndicator added
[WARNING] [32mVERBOSE[0m Callback method :onTouchEvent in Class com.viewpagerindicator.CirclePageIndicator added
[WARNING] [32mVERBOSE[0m Callback method :onDraw in Class com.viewpagerindicator.CirclePageIndicator added
[WARNING] [32mVERBOSE[0m Callback method :onCreate in Class org.montrealtransit.android.activity.SplashScreen added
[WARNING] [32mVERBOSE[0m Callback method :onResume in Class org.montrealtransit.android.activity.SplashScreen added
[WARNING] [32mVERBOSE[0m Callback method :getItem in Class android.support.v4.widget.CursorAdapter added
[WARNING] [32mVERBOSE[0m Callback method :getView in Class android.support.v4.widget.CursorAdapter added
[WARNING] [32mVERBOSE[0m Callback method :getDropDownView in Class android.support.v4.widget.CursorAdapter added
[WARNING] [32mVERBOSE[0m Callback method :getFilter in Class android.support.v4.widget.CursorAdapter added
[WARNING] [32mVERBOSE[0m Callback method :getCount in Class android.support.v4.widget.CursorAdapter added
[WARNING] [32mVERBOSE[0m Callback method :getItemId in Class android.support.v4.widget.CursorAdapter added
[WARNING] [32mVERBOSE[0m Callback method :hasStableIds in Class android.support.v4.widget.CursorAdapter added
[WARNING] [32mVERBOSE[0m Callback method :onRestoreInstanceState in Class com.viewpagerindicator.TitlePageIndicator added
[WARNING] [32mVERBOSE[0m Callback method :onMeasure in Class com.viewpagerindicator.TitlePageIndicator added
[WARNING] [32mVERBOSE[0m Callback method :onSaveInstanceState in Class com.viewpagerindicator.TitlePageIndicator added
[WARNING] [32mVERBOSE[0m Callback method :onTouchEvent in Class com.viewpagerindicator.TitlePageIndicator added
[WARNING] [32mVERBOSE[0m Callback method :onDraw in Class com.viewpagerindicator.TitlePageIndicator added
[WARNING] [32mVERBOSE[0m Callback method :onDetachedFromWindow in Class com.viewpagerindicator.IconPageIndicator added
[WARNING] [32mVERBOSE[0m Callback method :onAttachedToWindow in Class com.viewpagerindicator.IconPageIndicator added
[WARNING] [32mVERBOSE[0m Callback method :onProviderEnabled in Class org.montrealtransit.android.activity.BikeStationInfo added
[WARNING] [32mVERBOSE[0m Callback method :onLocationChanged in Class org.montrealtransit.android.activity.BikeStationInfo added
[WARNING] [32mVERBOSE[0m Callback method :onWindowFocusChanged in Class org.montrealtransit.android.activity.BikeStationInfo added
[WARNING] [32mVERBOSE[0m Callback method :onStatusChanged in Class org.montrealtransit.android.activity.BikeStationInfo added
[WARNING] [32mVERBOSE[0m Callback method :onPause in Class org.montrealtransit.android.activity.BikeStationInfo added
[WARNING] [32mVERBOSE[0m Callback method :onCreate in Class org.montrealtransit.android.activity.BikeStationInfo added
[WARNING] [32mVERBOSE[0m Callback method :onCreateOptionsMenu in Class org.montrealtransit.android.activity.BikeStationInfo added
[WARNING] [32mVERBOSE[0m Callback method :onSensorChanged in Class org.montrealtransit.android.activity.BikeStationInfo added
[WARNING] [32mVERBOSE[0m Callback method :onDestroy in Class org.montrealtransit.android.activity.BikeStationInfo added
[WARNING] [32mVERBOSE[0m Callback method :onProviderDisabled in Class org.montrealtransit.android.activity.BikeStationInfo added
[WARNING] [32mVERBOSE[0m Callback method :onAccuracyChanged in Class org.montrealtransit.android.activity.BikeStationInfo added
[WARNING] [32mVERBOSE[0m Callback method :onOptionsItemSelected in Class org.montrealtransit.android.activity.BikeStationInfo added
[WARNING] [32mVERBOSE[0m Callback method :onResume in Class org.montrealtransit.android.activity.BikeStationInfo added
[WARNING] [32mVERBOSE[0m Callback method :onRestoreInstanceState in Class com.viewpagerindicator.LinePageIndicator added
[WARNING] [32mVERBOSE[0m Callback method :onMeasure in Class com.viewpagerindicator.LinePageIndicator added
[WARNING] [32mVERBOSE[0m Callback method :onSaveInstanceState in Class com.viewpagerindicator.LinePageIndicator added
[WARNING] [32mVERBOSE[0m Callback method :onTouchEvent in Class com.viewpagerindicator.LinePageIndicator added
[WARNING] [32mVERBOSE[0m Callback method :onDraw in Class com.viewpagerindicator.LinePageIndicator added
[WARNING] [32mVERBOSE[0m Callback method :onProviderEnabled in Class org.montrealtransit.android.activity.SubwayTab added
[WARNING] [32mVERBOSE[0m Callback method :onLocationChanged in Class org.montrealtransit.android.activity.SubwayTab added
[WARNING] [32mVERBOSE[0m Callback method :onWindowFocusChanged in Class org.montrealtransit.android.activity.SubwayTab added
[WARNING] [32mVERBOSE[0m Callback method :onConfigurationChanged in Class org.montrealtransit.android.activity.SubwayTab added
[WARNING] [32mVERBOSE[0m Callback method :onStatusChanged in Class org.montrealtransit.android.activity.SubwayTab added
[WARNING] [32mVERBOSE[0m Callback method :onPrepareOptionsMenu in Class org.montrealtransit.android.activity.SubwayTab added
[WARNING] [32mVERBOSE[0m Callback method :onPause in Class org.montrealtransit.android.activity.SubwayTab added
[WARNING] [32mVERBOSE[0m Callback method :onScroll in Class org.montrealtransit.android.activity.SubwayTab added
[WARNING] [32mVERBOSE[0m Callback method :onItemClick in Class org.montrealtransit.android.activity.SubwayTab added
[WARNING] [32mVERBOSE[0m Callback method :onCreate in Class org.montrealtransit.android.activity.SubwayTab added
[WARNING] [32mVERBOSE[0m Callback method :onCreateOptionsMenu in Class org.montrealtransit.android.activity.SubwayTab added
[WARNING] [32mVERBOSE[0m Callback method :onSensorChanged in Class org.montrealtransit.android.activity.SubwayTab added
[WARNING] [32mVERBOSE[0m Callback method :onDestroy in Class org.montrealtransit.android.activity.SubwayTab added
[WARNING] [32mVERBOSE[0m Callback method :onProviderDisabled in Class org.montrealtransit.android.activity.SubwayTab added
[WARNING] [32mVERBOSE[0m Callback method :onAccuracyChanged in Class org.montrealtransit.android.activity.SubwayTab added
[WARNING] [32mVERBOSE[0m Callback method :onOptionsItemSelected in Class org.montrealtransit.android.activity.SubwayTab added
[WARNING] [32mVERBOSE[0m Callback method :onResume in Class org.montrealtransit.android.activity.SubwayTab added
[WARNING] [32mVERBOSE[0m Callback method :onScrollStateChanged in Class org.montrealtransit.android.activity.SubwayTab added
[WARNING] [32mVERBOSE[0m Callback method :getType in Class org.montrealtransit.android.provider.StmProvider added
[WARNING] [32mVERBOSE[0m Callback method :onCreate in Class org.montrealtransit.android.provider.StmProvider added
[WARNING] [32mVERBOSE[0m Callback method :query in Class org.montrealtransit.android.provider.StmProvider added
[WARNING] [32mVERBOSE[0m Callback method :update in Class org.montrealtransit.android.provider.StmProvider added
[WARNING] [32mVERBOSE[0m Callback method :insert in Class org.montrealtransit.android.provider.StmProvider added
[WARNING] [32mVERBOSE[0m Callback method :delete in Class org.montrealtransit.android.provider.StmProvider added
[WARNING] [32mVERBOSE[0m Callback method :onKeyDown in Class android.support.v4.app.FragmentActivity added
[WARNING] [32mVERBOSE[0m Callback method :onPanelClosed in Class android.support.v4.app.FragmentActivity added
[WARNING] [32mVERBOSE[0m Callback method :onConfigurationChanged in Class android.support.v4.app.FragmentActivity added
[WARNING] [32mVERBOSE[0m Callback method :onMenuItemSelected in Class android.support.v4.app.FragmentActivity added
[WARNING] [32mVERBOSE[0m Callback method :onBackPressed in Class android.support.v4.app.FragmentActivity added
[WARNING] [32mVERBOSE[0m Callback method :onRetainNonConfigurationInstance in Class android.support.v4.app.FragmentActivity added
[WARNING] [32mVERBOSE[0m Callback method :onPause in Class android.support.v4.app.FragmentActivity added
[WARNING] [32mVERBOSE[0m Callback method :onStop in Class android.support.v4.app.FragmentActivity added
[WARNING] [32mVERBOSE[0m Callback method :onCreatePanelMenu in Class android.support.v4.app.FragmentActivity added
[WARNING] [32mVERBOSE[0m Callback method :dump in Class android.support.v4.app.FragmentActivity added
[WARNING] [32mVERBOSE[0m Callback method :onCreate in Class android.support.v4.app.FragmentActivity added
[WARNING] [32mVERBOSE[0m Callback method :onCreateView in Class android.support.v4.app.FragmentActivity added
[WARNING] [32mVERBOSE[0m Callback method :onDestroy in Class android.support.v4.app.FragmentActivity added
[WARNING] [32mVERBOSE[0m Callback method :onPreparePanel in Class android.support.v4.app.FragmentActivity added
[WARNING] [32mVERBOSE[0m Callback method :onStart in Class android.support.v4.app.FragmentActivity added
[WARNING] [32mVERBOSE[0m Callback method :onSaveInstanceState in Class android.support.v4.app.FragmentActivity added
[WARNING] [32mVERBOSE[0m Callback method :startActivityForResult in Class android.support.v4.app.FragmentActivity added
[WARNING] [32mVERBOSE[0m Callback method :onActivityResult in Class android.support.v4.app.FragmentActivity added
[WARNING] [32mVERBOSE[0m Callback method :onPostResume in Class android.support.v4.app.FragmentActivity added
[WARNING] [32mVERBOSE[0m Callback method :onResume in Class android.support.v4.app.FragmentActivity added
[WARNING] [32mVERBOSE[0m Callback method :onLowMemory in Class android.support.v4.app.FragmentActivity added
[WARNING] [32mVERBOSE[0m Callback method :onNewIntent in Class org.montrealtransit.android.activity.SearchResult added
[WARNING] [32mVERBOSE[0m Callback method :onCreate in Class org.montrealtransit.android.activity.SearchResult added
[WARNING] [32mVERBOSE[0m Callback method :onCreateOptionsMenu in Class org.montrealtransit.android.activity.SearchResult added
[WARNING] [32mVERBOSE[0m Callback method :onOptionsItemSelected in Class org.montrealtransit.android.activity.SearchResult added
[WARNING] [32mVERBOSE[0m Callback method :onResume in Class org.montrealtransit.android.activity.SearchResult added
[WARNING] [32mVERBOSE[0m Callback method :getType in Class org.montrealtransit.android.provider.DataProvider added
[WARNING] [32mVERBOSE[0m Callback method :onCreate in Class org.montrealtransit.android.provider.DataProvider added
[WARNING] [32mVERBOSE[0m Callback method :query in Class org.montrealtransit.android.provider.DataProvider added
[WARNING] [32mVERBOSE[0m Callback method :update in Class org.montrealtransit.android.provider.DataProvider added
[WARNING] [32mVERBOSE[0m Callback method :insert in Class org.montrealtransit.android.provider.DataProvider added
[WARNING] [32mVERBOSE[0m Callback method :delete in Class org.montrealtransit.android.provider.DataProvider added
[WARNING] [32mVERBOSE[0m Callback method :onProviderEnabled in Class org.montrealtransit.android.activity.BikeTab added
[WARNING] [32mVERBOSE[0m Callback method :onLocationChanged in Class org.montrealtransit.android.activity.BikeTab added
[WARNING] [32mVERBOSE[0m Callback method :onWindowFocusChanged in Class org.montrealtransit.android.activity.BikeTab added
[WARNING] [32mVERBOSE[0m Callback method :onConfigurationChanged in Class org.montrealtransit.android.activity.BikeTab added
[WARNING] [32mVERBOSE[0m Callback method :onStatusChanged in Class org.montrealtransit.android.activity.BikeTab added
[WARNING] [32mVERBOSE[0m Callback method :onPause in Class org.montrealtransit.android.activity.BikeTab added
[WARNING] [32mVERBOSE[0m Callback method :onScroll in Class org.montrealtransit.android.activity.BikeTab added
[WARNING] [32mVERBOSE[0m Callback method :onItemClick in Class org.montrealtransit.android.activity.BikeTab added
[WARNING] [32mVERBOSE[0m Callback method :onCreate in Class org.montrealtransit.android.activity.BikeTab added
[WARNING] [32mVERBOSE[0m Callback method :onCreateOptionsMenu in Class org.montrealtransit.android.activity.BikeTab added
[WARNING] [32mVERBOSE[0m Callback method :onSensorChanged in Class org.montrealtransit.android.activity.BikeTab added
[WARNING] [32mVERBOSE[0m Callback method :onDestroy in Class org.montrealtransit.android.activity.BikeTab added
[WARNING] [32mVERBOSE[0m Callback method :onProviderDisabled in Class org.montrealtransit.android.activity.BikeTab added
[WARNING] [32mVERBOSE[0m Callback method :onAccuracyChanged in Class org.montrealtransit.android.activity.BikeTab added
[WARNING] [32mVERBOSE[0m Callback method :onOptionsItemSelected in Class org.montrealtransit.android.activity.BikeTab added
[WARNING] [32mVERBOSE[0m Callback method :onResume in Class org.montrealtransit.android.activity.BikeTab added
[WARNING] [32mVERBOSE[0m Callback method :onScrollStateChanged in Class org.montrealtransit.android.activity.BikeTab added
[WARNING] [32mVERBOSE[0m Callback method :onLowMemory in Class android.support.v4.app.Fragment added
[WARNING] [32mVERBOSE[0m Callback method :onCreateContextMenu in Class android.support.v4.app.Fragment added
[WARNING] [32mVERBOSE[0m Callback method :onConfigurationChanged in Class android.support.v4.app.Fragment added
[WARNING] [32mVERBOSE[0m Callback method :onLowMemory in Class android.support.v4.app.Fragment added
[WARNING] [32mVERBOSE[0m Callback method :onCreateContextMenu in Class android.support.v4.app.Fragment added
[WARNING] [32mVERBOSE[0m Callback method :onConfigurationChanged in Class android.support.v4.app.Fragment added
[WARNING] [32mVERBOSE[0m Callback method :onPostExecute in Class org.montrealtransit.android.services.nextstop.AbstractNextStopProvider added
[WARNING] [32mVERBOSE[0m Callback method :onProgressUpdate in Class org.montrealtransit.android.services.nextstop.AbstractNextStopProvider added
2 ICC links found and 1 cg edges added due to ICC links
dynamic conflated call graph: 870 methods; 870 nodes; 1278 edges.
maxpossibleFlows=3
maxpossibleFlows=3
maxpossibleFlows=3
maxpossibleFlows=3
maxpossibleFlows=2
maxpossibleFlows=1
maxpossibleFlows=3
maxpossibleFlows=3
maxpossibleFlows=3
maxpossibleFlows=3
maxpossibleFlows=3
maxpossibleFlows=2
maxpossibleFlows=1
maxpossibleFlows=3
maxpossibleFlows=1
maxpossibleFlows=1
maxpossibleFlows=1
maxpossibleFlows=1
maxpossibleFlows=1
maxpossibleFlows=1
maxpossibleFlows=1
maxpossibleFlows=5
5 taint flow paths FOUND from <android.view.ContextThemeWrapper: android.content.res.Resources getResources()> to <android.widget.TabHost$TabSpec: android.widget.TabHost$TabSpec setContent(android.content.Intent)>
maxpossibleFlows=1
1 taint flow paths FOUND from <android.content.ContextWrapper: android.content.ContentResolver getContentResolver()> to <android.preference.Preference: void setSummary(int)>
maxpossibleFlows=28
maxpossibleFlows=4
maxpossibleFlows=4
maxpossibleFlows=4
maxpossibleFlows=2
maxpossibleFlows=1
maxpossibleFlows=2
maxpossibleFlows=1
maxpossibleFlows=1
maxpossibleFlows=2
maxpossibleFlows=3
maxpossibleFlows=11
maxpossibleFlows=1
maxpossibleFlows=4
maxpossibleFlows=4
maxpossibleFlows=4
maxpossibleFlows=1
maxpossibleFlows=1
maxpossibleFlows=1
maxpossibleFlows=1
maxpossibleFlows=1
maxpossibleFlows=1
maxpossibleFlows=1
maxpossibleFlows=1
maxpossibleFlows=27
maxpossibleFlows=4
maxpossibleFlows=4
maxpossibleFlows=4
maxpossibleFlows=4
maxpossibleFlows=3
maxpossibleFlows=4
maxpossibleFlows=4
maxpossibleFlows=4
maxpossibleFlows=4
maxpossibleFlows=5
maxpossibleFlows=2
maxpossibleFlows=3
maxpossibleFlows=3
maxpossibleFlows=4
maxpossibleFlows=4
maxpossibleFlows=4
maxpossibleFlows=3
maxpossibleFlows=1
maxpossibleFlows=6
maxpossibleFlows=6
maxpossibleFlows=4
maxpossibleFlows=4
maxpossibleFlows=1
maxpossibleFlows=4
maxpossibleFlows=1
maxpossibleFlows=4
3 taint flow paths FOUND from <android.app.Activity: android.content.Intent getIntent()> to <android.app.Activity: void setContentView(int)>
maxpossibleFlows=1
maxpossibleFlows=1
maxpossibleFlows=1
1 taint flow paths FOUND from <android.view.LayoutInflater: android.view.View inflate(int,android.view.ViewGroup,boolean)> to <android.widget.TabHost$TabSpec: android.widget.TabHost$TabSpec setContent(android.content.Intent)>
maxpossibleFlows=4
maxpossibleFlows=4
maxpossibleFlows=4
maxpossibleFlows=4
maxpossibleFlows=5
maxpossibleFlows=2
maxpossibleFlows=3
maxpossibleFlows=1
maxpossibleFlows=1
maxpossibleFlows=1
maxpossibleFlows=1
maxpossibleFlows=2
maxpossibleFlows=4
maxpossibleFlows=2
maxpossibleFlows=4
maxpossibleFlows=4
maxpossibleFlows=2
maxpossibleFlows=2
maxpossibleFlows=2
maxpossibleFlows=2
maxpossibleFlows=6
1 taint flow paths FOUND from <android.content.Context: java.lang.String getString(int,java.lang.Object[])> to <android.widget.TextView: void setText(java.lang.CharSequence)>
maxpossibleFlows=1
maxpossibleFlows=1
maxpossibleFlows=3
maxpossibleFlows=3
maxpossibleFlows=3
maxpossibleFlows=3
maxpossibleFlows=3
maxpossibleFlows=3
maxpossibleFlows=1
maxpossibleFlows=1
maxpossibleFlows=1
maxpossibleFlows=1
maxpossibleFlows=1
maxpossibleFlows=5
5 taint flow paths FOUND from <android.content.res.Resources: android.graphics.drawable.Drawable getDrawable(int)> to <android.widget.TabHost$TabSpec: android.widget.TabHost$TabSpec setContent(android.content.Intent)>
maxpossibleFlows=1
maxpossibleFlows=2
maxpossibleFlows=2
maxpossibleFlows=2
maxpossibleFlows=1
maxpossibleFlows=26
maxpossibleFlows=4
maxpossibleFlows=4
maxpossibleFlows=4
maxpossibleFlows=4
maxpossibleFlows=3
maxpossibleFlows=5
maxpossibleFlows=4
maxpossibleFlows=1
maxpossibleFlows=5
maxpossibleFlows=1
maxpossibleFlows=1
maxpossibleFlows=5
maxpossibleFlows=2
maxpossibleFlows=1
maxpossibleFlows=6
maxpossibleFlows=1
maxpossibleFlows=1
maxpossibleFlows=8
maxpossibleFlows=1
maxpossibleFlows=6
maxpossibleFlows=1
maxpossibleFlows=1
maxpossibleFlows=19
maxpossibleFlows=6
maxpossibleFlows=1
maxpossibleFlows=6
maxpossibleFlows=1
maxpossibleFlows=1
maxpossibleFlows=1
maxpossibleFlows=1
1 taint flow paths FOUND from <android.app.ActivityGroup: android.app.LocalActivityManager getLocalActivityManager()> to <android.widget.TabHost$TabSpec: android.widget.TabHost$TabSpec setContent(android.content.Intent)>
maxpossibleFlows=1
maxpossibleFlows=1
1 taint flow paths FOUND from <android.content.ContextWrapper: android.content.pm.PackageManager getPackageManager()> to <java.lang.String: boolean startsWith(java.lang.String)>
maxpossibleFlows=1
maxpossibleFlows=4
maxpossibleFlows=4
maxpossibleFlows=4
maxpossibleFlows=6
maxpossibleFlows=6
6 taint flow paths FOUND from <android.os.Environment: java.lang.String getExternalStorageState()> to <java.net.URL: java.net.URLConnection openConnection()>
maxpossibleFlows=4
maxpossibleFlows=4
maxpossibleFlows=4
maxpossibleFlows=4
maxpossibleFlows=4
maxpossibleFlows=4
maxpossibleFlows=6
maxpossibleFlows=6
maxpossibleFlows=4
maxpossibleFlows=14
14 taint flow paths FOUND from <android.content.ContextWrapper: android.content.res.Resources getResources()> to <android.content.res.Resources: java.io.InputStream openRawResource(int)>
maxpossibleFlows=1
maxpossibleFlows=1
maxpossibleFlows=1
maxpossibleFlows=1
maxpossibleFlows=1
maxpossibleFlows=1
maxpossibleFlows=1
maxpossibleFlows=1
maxpossibleFlows=4
maxpossibleFlows=4
maxpossibleFlows=4
maxpossibleFlows=4
maxpossibleFlows=4
maxpossibleFlows=1
maxpossibleFlows=4
maxpossibleFlows=1
maxpossibleFlows=1
1 taint flow paths FOUND from <android.app.Activity: android.view.LayoutInflater getLayoutInflater()> to <android.widget.TabHost$TabSpec: android.widget.TabHost$TabSpec setContent(android.content.Intent)>
maxpossibleFlows=3
maxpossibleFlows=1
1 taint flow paths FOUND from <java.util.AbstractList: java.util.Iterator iterator()> to <java.lang.String: boolean startsWith(java.lang.String)>
maxpossibleFlows=3
maxpossibleFlows=3
maxpossibleFlows=3
maxpossibleFlows=3
maxpossibleFlows=2
maxpossibleFlows=1
maxpossibleFlows=3
maxpossibleFlows=12
maxpossibleFlows=1
maxpossibleFlows=1
maxpossibleFlows=1
maxpossibleFlows=1
maxpossibleFlows=1
maxpossibleFlows=1
maxpossibleFlows=1
maxpossibleFlows=1
maxpossibleFlows=3
maxpossibleFlows=1
1 taint flow paths FOUND from <android.content.Context: java.lang.String getString(int)> to <android.app.AlertDialog$Builder: android.app.AlertDialog$Builder setTitle(int)>
maxpossibleFlows=1
maxpossibleFlows=5
maxpossibleFlows=5
maxpossibleFlows=3
maxpossibleFlows=3
maxpossibleFlows=2
maxpossibleFlows=1
maxpossibleFlows=4
maxpossibleFlows=4
maxpossibleFlows=4
maxpossibleFlows=4
maxpossibleFlows=4
maxpossibleFlows=2
maxpossibleFlows=6
1 taint flow paths FOUND from <android.content.Context: java.lang.String getString(int,java.lang.Object[])> to <android.widget.TextView: void setText(java.lang.CharSequence)>
maxpossibleFlows=1
maxpossibleFlows=1
maxpossibleFlows=1
1 taint flow paths FOUND from <android.content.Context: java.lang.String getString(int)> to <android.app.AlertDialog$Builder: android.app.AlertDialog$Builder setTitle(int)>
maxpossibleFlows=3
maxpossibleFlows=3
maxpossibleFlows=1
maxpossibleFlows=1
maxpossibleFlows=4
maxpossibleFlows=4
maxpossibleFlows=4
maxpossibleFlows=4
maxpossibleFlows=1
maxpossibleFlows=4
maxpossibleFlows=1
maxpossibleFlows=1
1 taint flow paths FOUND from <android.content.ContextWrapper: android.content.pm.PackageManager getPackageManager()> to <java.lang.String: boolean startsWith(java.lang.String)>
maxpossibleFlows=1
maxpossibleFlows=1
maxpossibleFlows=1
maxpossibleFlows=1
maxpossibleFlows=1
maxpossibleFlows=1
maxpossibleFlows=1
1 taint flow paths FOUND from <android.content.ContextWrapper: android.content.ContentResolver getContentResolver()> to <android.preference.Preference: void setSummary(int)>
maxpossibleFlows=4
maxpossibleFlows=4
maxpossibleFlows=4
maxpossibleFlows=4
maxpossibleFlows=4
maxpossibleFlows=4
maxpossibleFlows=4
maxpossibleFlows=4
maxpossibleFlows=3
maxpossibleFlows=3
maxpossibleFlows=2
maxpossibleFlows=1
maxpossibleFlows=4
maxpossibleFlows=4
maxpossibleFlows=4
maxpossibleFlows=4
maxpossibleFlows=4
maxpossibleFlows=2
maxpossibleFlows=3
maxpossibleFlows=2
maxpossibleFlows=4
maxpossibleFlows=5
maxpossibleFlows=1
maxpossibleFlows=1
maxpossibleFlows=4
maxpossibleFlows=3
maxpossibleFlows=3
maxpossibleFlows=1
maxpossibleFlows=3
maxpossibleFlows=8
maxpossibleFlows=14
14 taint flow paths FOUND from <android.content.ContextWrapper: android.content.res.Resources getResources()> to <android.content.res.Resources: java.io.InputStream openRawResource(int)>
maxpossibleFlows=4
maxpossibleFlows=4
maxpossibleFlows=4
maxpossibleFlows=4
maxpossibleFlows=4
maxpossibleFlows=4
maxpossibleFlows=4
maxpossibleFlows=4
maxpossibleFlows=4
maxpossibleFlows=4
maxpossibleFlows=4
maxpossibleFlows=4
maxpossibleFlows=4
maxpossibleFlows=4
maxpossibleFlows=4
maxpossibleFlows=4
maxpossibleFlows=1
maxpossibleFlows=1
maxpossibleFlows=1
maxpossibleFlows=1
maxpossibleFlows=1
maxpossibleFlows=1
maxpossibleFlows=1
maxpossibleFlows=1
maxpossibleFlows=1
maxpossibleFlows=1
maxpossibleFlows=1
maxpossibleFlows=4
maxpossibleFlows=4
maxpossibleFlows=4
3 taint flow paths FOUND from <android.app.Activity: android.content.Intent getIntent()> to <android.app.Activity: void setContentView(int)>
maxpossibleFlows=1
maxpossibleFlows=1
maxpossibleFlows=1
1 taint flow paths FOUND from <android.content.Context: java.lang.String getString(int)> to <android.app.AlertDialog$Builder: android.app.AlertDialog$Builder setNegativeButton(int,android.content.DialogInterface$OnClickListener)>
maxpossibleFlows=3
maxpossibleFlows=3
maxpossibleFlows=2
maxpossibleFlows=1
maxpossibleFlows=4
maxpossibleFlows=5
maxpossibleFlows=3
maxpossibleFlows=4
maxpossibleFlows=5
maxpossibleFlows=2
maxpossibleFlows=6
1 taint flow paths FOUND from <android.content.Context: java.lang.String getString(int,java.lang.Object[])> to <android.view.View: void setVisibility(int)>
maxpossibleFlows=2
maxpossibleFlows=2
maxpossibleFlows=1
maxpossibleFlows=2
maxpossibleFlows=2
maxpossibleFlows=2
maxpossibleFlows=2
maxpossibleFlows=1
maxpossibleFlows=1
maxpossibleFlows=2
maxpossibleFlows=2
maxpossibleFlows=1
maxpossibleFlows=1
maxpossibleFlows=1
maxpossibleFlows=1
maxpossibleFlows=1
maxpossibleFlows=3
maxpossibleFlows=1
maxpossibleFlows=3
maxpossibleFlows=3
maxpossibleFlows=1
maxpossibleFlows=3
maxpossibleFlows=1
maxpossibleFlows=3
maxpossibleFlows=1
maxpossibleFlows=2
maxpossibleFlows=3
maxpossibleFlows=1
maxpossibleFlows=1
maxpossibleFlows=3
maxpossibleFlows=1
maxpossibleFlows=1
maxpossibleFlows=1
maxpossibleFlows=1
maxpossibleFlows=1
maxpossibleFlows=1
maxpossibleFlows=1
maxpossibleFlows=1
maxpossibleFlows=1
maxpossibleFlows=1
maxpossibleFlows=1
maxpossibleFlows=26
maxpossibleFlows=28
maxpossibleFlows=11
maxpossibleFlows=27
maxpossibleFlows=26
maxpossibleFlows=19
maxpossibleFlows=1
maxpossibleFlows=1
maxpossibleFlows=1
maxpossibleFlows=12
maxpossibleFlows=1
maxpossibleFlows=6
maxpossibleFlows=6
maxpossibleFlows=6
maxpossibleFlows=6
maxpossibleFlows=6
maxpossibleFlows=6
maxpossibleFlows=6
maxpossibleFlows=5
maxpossibleFlows=3
maxpossibleFlows=3
maxpossibleFlows=1
maxpossibleFlows=3
maxpossibleFlows=2
maxpossibleFlows=3
maxpossibleFlows=3
maxpossibleFlows=3
maxpossibleFlows=1
maxpossibleFlows=5
5 taint flow paths FOUND from <android.view.ContextThemeWrapper: android.content.res.Resources getResources()> to <android.widget.TabHost$TabSpec: android.widget.TabHost$TabSpec setContent(android.content.Intent)>
maxpossibleFlows=6
maxpossibleFlows=6
6 taint flow paths FOUND from <android.content.Context: java.lang.String getString(int,java.lang.Object[])> to <java.net.URL: java.net.URLConnection openConnection()>
[WARNING] [32mVERBOSE[0m Callback method :<init> in Class android.support.v4.app.Fragment
[WARNING] [32mVERBOSE[0m Callback method :onConfigurationChanged in Class android.support.v4.app.Fragment
[WARNING] [32mVERBOSE[0m Callback method :onCreateContextMenu in Class android.support.v4.app.Fragment
[WARNING] [32mVERBOSE[0m Callback method :onLowMemory in Class android.support.v4.app.Fragment
[WARNING] [32mVERBOSE[0m Callback method :<init> in Class android.support.v4.app.DialogFragment
[WARNING] [32mVERBOSE[0m Callback method :onCancel in Class android.support.v4.app.DialogFragment
[WARNING] [32mVERBOSE[0m Callback method :onDismiss in Class android.support.v4.app.DialogFragment
[WARNING] [32mVERBOSE[0m Callback method :<init> in Class org.montrealtransit.android.activity.BikeStationInfo
[WARNING] [32mVERBOSE[0m Callback method :onAccuracyChanged in Class org.montrealtransit.android.activity.BikeStationInfo
[WARNING] [32mVERBOSE[0m Callback method :onCreate in Class org.montrealtransit.android.activity.BikeStationInfo
[WARNING] [32mVERBOSE[0m Callback method :onCreateOptionsMenu in Class org.montrealtransit.android.activity.BikeStationInfo
[WARNING] [32mVERBOSE[0m Callback method :onDestroy in Class org.montrealtransit.android.activity.BikeStationInfo
[WARNING] [32mVERBOSE[0m Callback method :onLocationChanged in Class org.montrealtransit.android.activity.BikeStationInfo
[WARNING] [32mVERBOSE[0m Callback method :onOptionsItemSelected in Class org.montrealtransit.android.activity.BikeStationInfo
[WARNING] [32mVERBOSE[0m Callback method :onPause in Class org.montrealtransit.android.activity.BikeStationInfo
[WARNING] [32mVERBOSE[0m Callback method :onProviderDisabled in Class org.montrealtransit.android.activity.BikeStationInfo
[WARNING] [32mVERBOSE[0m Callback method :onProviderEnabled in Class org.montrealtransit.android.activity.BikeStationInfo
[WARNING] [32mVERBOSE[0m Callback method :onResume in Class org.montrealtransit.android.activity.BikeStationInfo
[WARNING] [32mVERBOSE[0m Callback method :onSensorChanged in Class org.montrealtransit.android.activity.BikeStationInfo
[WARNING] [32mVERBOSE[0m Callback method :onStatusChanged in Class org.montrealtransit.android.activity.BikeStationInfo
[WARNING] [32mVERBOSE[0m Callback method :onWindowFocusChanged in Class org.montrealtransit.android.activity.BikeStationInfo
[WARNING] [32mVERBOSE[0m Callback method :<init> in Class org.montrealtransit.android.activity.BikeTab
[WARNING] [32mVERBOSE[0m Callback method :onAccuracyChanged in Class org.montrealtransit.android.activity.BikeTab
[WARNING] [32mVERBOSE[0m Callback method :onConfigurationChanged in Class org.montrealtransit.android.activity.BikeTab
[WARNING] [32mVERBOSE[0m Callback method :onCreate in Class org.montrealtransit.android.activity.BikeTab
[WARNING] [32mVERBOSE[0m Callback method :onCreateOptionsMenu in Class org.montrealtransit.android.activity.BikeTab
[WARNING] [32mVERBOSE[0m Callback method :onDestroy in Class org.montrealtransit.android.activity.BikeTab
[WARNING] [32mVERBOSE[0m Callback method :onItemClick in Class org.montrealtransit.android.activity.BikeTab
[WARNING] [32mVERBOSE[0m Callback method :onLocationChanged in Class org.montrealtransit.android.activity.BikeTab
[WARNING] [32mVERBOSE[0m Callback method :onOptionsItemSelected in Class org.montrealtransit.android.activity.BikeTab
[WARNING] [32mVERBOSE[0m Callback method :onPause in Class org.montrealtransit.android.activity.BikeTab
[WARNING] [32mVERBOSE[0m Callback method :onProviderDisabled in Class org.montrealtransit.android.activity.BikeTab
[WARNING] [32mVERBOSE[0m Callback method :onProviderEnabled in Class org.montrealtransit.android.activity.BikeTab
[WARNING] [32mVERBOSE[0m Callback method :onResume in Class org.montrealtransit.android.activity.BikeTab
[WARNING] [32mVERBOSE[0m Callback method :onScroll in Class org.montrealtransit.android.activity.BikeTab
[WARNING] [32mVERBOSE[0m Callback method :onScrollStateChanged in Class org.montrealtransit.android.activity.BikeTab
[WARNING] [32mVERBOSE[0m Callback method :onSensorChanged in Class org.montrealtransit.android.activity.BikeTab
[WARNING] [32mVERBOSE[0m Callback method :onStatusChanged in Class org.montrealtransit.android.activity.BikeTab
[WARNING] [32mVERBOSE[0m Callback method :onWindowFocusChanged in Class org.montrealtransit.android.activity.BikeTab
[WARNING] [32mVERBOSE[0m Callback method :<init> in Class org.montrealtransit.android.activity.BusLineInfo
[WARNING] [32mVERBOSE[0m Callback method :onAccuracyChanged in Class org.montrealtransit.android.activity.BusLineInfo
[WARNING] [32mVERBOSE[0m Callback method :onCreate in Class org.montrealtransit.android.activity.BusLineInfo
[WARNING] [32mVERBOSE[0m Callback method :onCreateOptionsMenu in Class org.montrealtransit.android.activity.BusLineInfo
[WARNING] [32mVERBOSE[0m Callback method :onLocationChanged in Class org.montrealtransit.android.activity.BusLineInfo
[WARNING] [32mVERBOSE[0m Callback method :onOptionsItemSelected in Class org.montrealtransit.android.activity.BusLineInfo
[WARNING] [32mVERBOSE[0m Callback method :onPause in Class org.montrealtransit.android.activity.BusLineInfo
[WARNING] [32mVERBOSE[0m Callback method :onProviderDisabled in Class org.montrealtransit.android.activity.BusLineInfo
[WARNING] [32mVERBOSE[0m Callback method :onProviderEnabled in Class org.montrealtransit.android.activity.BusLineInfo
[WARNING] [32mVERBOSE[0m Callback method :onResume in Class org.montrealtransit.android.activity.BusLineInfo
[WARNING] [32mVERBOSE[0m Callback method :onScroll in Class org.montrealtransit.android.activity.BusLineInfo
[WARNING] [32mVERBOSE[0m Callback method :onScrollStateChanged in Class org.montrealtransit.android.activity.BusLineInfo
[WARNING] [32mVERBOSE[0m Callback method :onSensorChanged in Class org.montrealtransit.android.activity.BusLineInfo
[WARNING] [32mVERBOSE[0m Callback method :onStatusChanged in Class org.montrealtransit.android.activity.BusLineInfo
[WARNING] [32mVERBOSE[0m Callback method :onWindowFocusChanged in Class org.montrealtransit.android.activity.BusLineInfo
[WARNING] [32mVERBOSE[0m Callback method :<init> in Class org.montrealtransit.android.activity.BusStopInfo
[WARNING] [32mVERBOSE[0m Callback method :onAccuracyChanged in Class org.montrealtransit.android.activity.BusStopInfo
[WARNING] [32mVERBOSE[0m Callback method :onClick in Class org.montrealtransit.android.activity.BusStopInfo
[WARNING] [32mVERBOSE[0m Callback method :onCreate in Class org.montrealtransit.android.activity.BusStopInfo
[WARNING] [32mVERBOSE[0m Callback method :onCreateOptionsMenu in Class org.montrealtransit.android.activity.BusStopInfo
[WARNING] [32mVERBOSE[0m Callback method :onDestroy in Class org.montrealtransit.android.activity.BusStopInfo
[WARNING] [32mVERBOSE[0m Callback method :onLocationChanged in Class org.montrealtransit.android.activity.BusStopInfo
[WARNING] [32mVERBOSE[0m Callback method :onNewIntent in Class org.montrealtransit.android.activity.BusStopInfo
[WARNING] [32mVERBOSE[0m Callback method :onOptionsItemSelected in Class org.montrealtransit.android.activity.BusStopInfo
[WARNING] [32mVERBOSE[0m Callback method :onPause in Class org.montrealtransit.android.activity.BusStopInfo
[WARNING] [32mVERBOSE[0m Callback method :onProviderDisabled in Class org.montrealtransit.android.activity.BusStopInfo
[WARNING] [32mVERBOSE[0m Callback method :onProviderEnabled in Class org.montrealtransit.android.activity.BusStopInfo
[WARNING] [32mVERBOSE[0m Callback method :onResume in Class org.montrealtransit.android.activity.BusStopInfo
[WARNING] [32mVERBOSE[0m Callback method :onRetainNonConfigurationInstance in Class org.montrealtransit.android.activity.BusStopInfo
[WARNING] [32mVERBOSE[0m Callback method :onSensorChanged in Class org.montrealtransit.android.activity.BusStopInfo
[WARNING] [32mVERBOSE[0m Callback method :onStatusChanged in Class org.montrealtransit.android.activity.BusStopInfo
[WARNING] [32mVERBOSE[0m Callback method :onWindowFocusChanged in Class org.montrealtransit.android.activity.BusStopInfo
[WARNING] [32mVERBOSE[0m Callback method :<init> in Class org.montrealtransit.android.activity.BusTab
[WARNING] [32mVERBOSE[0m Callback method :onAccuracyChanged in Class org.montrealtransit.android.activity.BusTab
[WARNING] [32mVERBOSE[0m Callback method :onCreate in Class org.montrealtransit.android.activity.BusTab
[WARNING] [32mVERBOSE[0m Callback method :onCreateOptionsMenu in Class org.montrealtransit.android.activity.BusTab
[WARNING] [32mVERBOSE[0m Callback method :onItemClick in Class org.montrealtransit.android.activity.BusTab
[WARNING] [32mVERBOSE[0m Callback method :onLocationChanged in Class org.montrealtransit.android.activity.BusTab
[WARNING] [32mVERBOSE[0m Callback method :onOptionsItemSelected in Class org.montrealtransit.android.activity.BusTab
[WARNING] [32mVERBOSE[0m Callback method :onPause in Class org.montrealtransit.android.activity.BusTab
[WARNING] [32mVERBOSE[0m Callback method :onProviderDisabled in Class org.montrealtransit.android.activity.BusTab
[WARNING] [32mVERBOSE[0m Callback method :onProviderEnabled in Class org.montrealtransit.android.activity.BusTab
[WARNING] [32mVERBOSE[0m Callback method :onResume in Class org.montrealtransit.android.activity.BusTab
[WARNING] [32mVERBOSE[0m Callback method :onScroll in Class org.montrealtransit.android.activity.BusTab
[WARNING] [32mVERBOSE[0m Callback method :onScrollStateChanged in Class org.montrealtransit.android.activity.BusTab
[WARNING] [32mVERBOSE[0m Callback method :onSensorChanged in Class org.montrealtransit.android.activity.BusTab
[WARNING] [32mVERBOSE[0m Callback method :onStatusChanged in Class org.montrealtransit.android.activity.BusTab
[WARNING] [32mVERBOSE[0m Callback method :onWindowFocusChanged in Class org.montrealtransit.android.activity.BusTab
[WARNING] [32mVERBOSE[0m Callback method :<init> in Class org.montrealtransit.android.activity.FavListTab
[WARNING] [32mVERBOSE[0m Callback method :onAccuracyChanged in Class org.montrealtransit.android.activity.FavListTab
[WARNING] [32mVERBOSE[0m Callback method :onCreate in Class org.montrealtransit.android.activity.FavListTab
[WARNING] [32mVERBOSE[0m Callback method :onCreateOptionsMenu in Class org.montrealtransit.android.activity.FavListTab
[WARNING] [32mVERBOSE[0m Callback method :onLocationChanged in Class org.montrealtransit.android.activity.FavListTab
[WARNING] [32mVERBOSE[0m Callback method :onOptionsItemSelected in Class org.montrealtransit.android.activity.FavListTab
[WARNING] [32mVERBOSE[0m Callback method :onPause in Class org.montrealtransit.android.activity.FavListTab
[WARNING] [32mVERBOSE[0m Callback method :onProviderDisabled in Class org.montrealtransit.android.activity.FavListTab
[WARNING] [32mVERBOSE[0m Callback method :onProviderEnabled in Class org.montrealtransit.android.activity.FavListTab
[WARNING] [32mVERBOSE[0m Callback method :onResume in Class org.montrealtransit.android.activity.FavListTab
[WARNING] [32mVERBOSE[0m Callback method :onSensorChanged in Class org.montrealtransit.android.activity.FavListTab
[WARNING] [32mVERBOSE[0m Callback method :onStart in Class org.montrealtransit.android.activity.FavListTab
[WARNING] [32mVERBOSE[0m Callback method :onStatusChanged in Class org.montrealtransit.android.activity.FavListTab
[WARNING] [32mVERBOSE[0m Callback method :onWindowFocusChanged in Class org.montrealtransit.android.activity.FavListTab
[WARNING] [32mVERBOSE[0m Callback method :<init> in Class org.montrealtransit.android.activity.SubwayLineInfo
[WARNING] [32mVERBOSE[0m Callback method :onAccuracyChanged in Class org.montrealtransit.android.activity.SubwayLineInfo
[WARNING] [32mVERBOSE[0m Callback method :onCreate in Class org.montrealtransit.android.activity.SubwayLineInfo
[WARNING] [32mVERBOSE[0m Callback method :onCreateOptionsMenu in Class org.montrealtransit.android.activity.SubwayLineInfo
[WARNING] [32mVERBOSE[0m Callback method :onLocationChanged in Class org.montrealtransit.android.activity.SubwayLineInfo
[WARNING] [32mVERBOSE[0m Callback method :onOptionsItemSelected in Class org.montrealtransit.android.activity.SubwayLineInfo
[WARNING] [32mVERBOSE[0m Callback method :onPause in Class org.montrealtransit.android.activity.SubwayLineInfo
[WARNING] [32mVERBOSE[0m Callback method :onProviderDisabled in Class org.montrealtransit.android.activity.SubwayLineInfo
[WARNING] [32mVERBOSE[0m Callback method :onProviderEnabled in Class org.montrealtransit.android.activity.SubwayLineInfo
[WARNING] [32mVERBOSE[0m Callback method :onResume in Class org.montrealtransit.android.activity.SubwayLineInfo
[WARNING] [32mVERBOSE[0m Callback method :onScroll in Class org.montrealtransit.android.activity.SubwayLineInfo
[WARNING] [32mVERBOSE[0m Callback method :onScrollStateChanged in Class org.montrealtransit.android.activity.SubwayLineInfo
[WARNING] [32mVERBOSE[0m Callback method :onSensorChanged in Class org.montrealtransit.android.activity.SubwayLineInfo
[WARNING] [32mVERBOSE[0m Callback method :onStatusChanged in Class org.montrealtransit.android.activity.SubwayLineInfo
[WARNING] [32mVERBOSE[0m Callback method :onWindowFocusChanged in Class org.montrealtransit.android.activity.SubwayLineInfo
[WARNING] [32mVERBOSE[0m Callback method :<init> in Class org.montrealtransit.android.activity.SubwayStationInfo
[WARNING] [32mVERBOSE[0m Callback method :onAccuracyChanged in Class org.montrealtransit.android.activity.SubwayStationInfo
[WARNING] [32mVERBOSE[0m Callback method :onCreate in Class org.montrealtransit.android.activity.SubwayStationInfo
[WARNING] [32mVERBOSE[0m Callback method :onCreateOptionsMenu in Class org.montrealtransit.android.activity.SubwayStationInfo
[WARNING] [32mVERBOSE[0m Callback method :onLocationChanged in Class org.montrealtransit.android.activity.SubwayStationInfo
[WARNING] [32mVERBOSE[0m Callback method :onOptionsItemSelected in Class org.montrealtransit.android.activity.SubwayStationInfo
[WARNING] [32mVERBOSE[0m Callback method :onPause in Class org.montrealtransit.android.activity.SubwayStationInfo
[WARNING] [32mVERBOSE[0m Callback method :onProviderDisabled in Class org.montrealtransit.android.activity.SubwayStationInfo
[WARNING] [32mVERBOSE[0m Callback method :onProviderEnabled in Class org.montrealtransit.android.activity.SubwayStationInfo
[WARNING] [32mVERBOSE[0m Callback method :onResume in Class org.montrealtransit.android.activity.SubwayStationInfo
[WARNING] [32mVERBOSE[0m Callback method :onSensorChanged in Class org.montrealtransit.android.activity.SubwayStationInfo
[WARNING] [32mVERBOSE[0m Callback method :onStatusChanged in Class org.montrealtransit.android.activity.SubwayStationInfo
[WARNING] [32mVERBOSE[0m Callback method :onWindowFocusChanged in Class org.montrealtransit.android.activity.SubwayStationInfo
[WARNING] [32mVERBOSE[0m Callback method :<init> in Class org.montrealtransit.android.activity.SubwayTab
[WARNING] [32mVERBOSE[0m Callback method :onAccuracyChanged in Class org.montrealtransit.android.activity.SubwayTab
[WARNING] [32mVERBOSE[0m Callback method :onConfigurationChanged in Class org.montrealtransit.android.activity.SubwayTab
[WARNING] [32mVERBOSE[0m Callback method :onCreate in Class org.montrealtransit.android.activity.SubwayTab
[WARNING] [32mVERBOSE[0m Callback method :onCreateOptionsMenu in Class org.montrealtransit.android.activity.SubwayTab
[WARNING] [32mVERBOSE[0m Callback method :onDestroy in Class org.montrealtransit.android.activity.SubwayTab
[WARNING] [32mVERBOSE[0m Callback method :onItemClick in Class org.montrealtransit.android.activity.SubwayTab
[WARNING] [32mVERBOSE[0m Callback method :onLocationChanged in Class org.montrealtransit.android.activity.SubwayTab
[WARNING] [32mVERBOSE[0m Callback method :onOptionsItemSelected in Class org.montrealtransit.android.activity.SubwayTab
[WARNING] [32mVERBOSE[0m Callback method :onPause in Class org.montrealtransit.android.activity.SubwayTab
[WARNING] [32mVERBOSE[0m Callback method :onPrepareOptionsMenu in Class org.montrealtransit.android.activity.SubwayTab
[WARNING] [32mVERBOSE[0m Callback method :onProviderDisabled in Class org.montrealtransit.android.activity.SubwayTab
[WARNING] [32mVERBOSE[0m Callback method :onProviderEnabled in Class org.montrealtransit.android.activity.SubwayTab
[WARNING] [32mVERBOSE[0m Callback method :onResume in Class org.montrealtransit.android.activity.SubwayTab
[WARNING] [32mVERBOSE[0m Callback method :onScroll in Class org.montrealtransit.android.activity.SubwayTab
[WARNING] [32mVERBOSE[0m Callback method :onScrollStateChanged in Class org.montrealtransit.android.activity.SubwayTab
[WARNING] [32mVERBOSE[0m Callback method :onSensorChanged in Class org.montrealtransit.android.activity.SubwayTab
[WARNING] [32mVERBOSE[0m Callback method :onStatusChanged in Class org.montrealtransit.android.activity.SubwayTab
[WARNING] [32mVERBOSE[0m Callback method :onWindowFocusChanged in Class org.montrealtransit.android.activity.SubwayTab
[WARNING] [32mVERBOSE[0m Callback method :<init> in Class org.montrealtransit.android.activity.v4.BusLineInfo
[WARNING] [32mVERBOSE[0m Callback method :onAccuracyChanged in Class org.montrealtransit.android.activity.v4.BusLineInfo
[WARNING] [32mVERBOSE[0m Callback method :onCreate in Class org.montrealtransit.android.activity.v4.BusLineInfo
[WARNING] [32mVERBOSE[0m Callback method :onCreateOptionsMenu in Class org.montrealtransit.android.activity.v4.BusLineInfo
[WARNING] [32mVERBOSE[0m Callback method :onLocationChanged in Class org.montrealtransit.android.activity.v4.BusLineInfo
[WARNING] [32mVERBOSE[0m Callback method :onOptionsItemSelected in Class org.montrealtransit.android.activity.v4.BusLineInfo
[WARNING] [32mVERBOSE[0m Callback method :onPause in Class org.montrealtransit.android.activity.v4.BusLineInfo
[WARNING] [32mVERBOSE[0m Callback method :onProviderDisabled in Class org.montrealtransit.android.activity.v4.BusLineInfo
[WARNING] [32mVERBOSE[0m Callback method :onProviderEnabled in Class org.montrealtransit.android.activity.v4.BusLineInfo
[WARNING] [32mVERBOSE[0m Callback method :onResume in Class org.montrealtransit.android.activity.v4.BusLineInfo
[WARNING] [32mVERBOSE[0m Callback method :onSensorChanged in Class org.montrealtransit.android.activity.v4.BusLineInfo
[WARNING] [32mVERBOSE[0m Callback method :onStatusChanged in Class org.montrealtransit.android.activity.v4.BusLineInfo
[WARNING] [32mVERBOSE[0m Callback method :onWindowFocusChanged in Class org.montrealtransit.android.activity.v4.BusLineInfo
[WARNING] [32mVERBOSE[0m Callback method :<init> in Class org.montrealtransit.android.activity.v4.SubwayLineInfo
[WARNING] [32mVERBOSE[0m Callback method :onAccuracyChanged in Class org.montrealtransit.android.activity.v4.SubwayLineInfo
[WARNING] [32mVERBOSE[0m Callback method :onCreate in Class org.montrealtransit.android.activity.v4.SubwayLineInfo
[WARNING] [32mVERBOSE[0m Callback method :onCreateOptionsMenu in Class org.montrealtransit.android.activity.v4.SubwayLineInfo
[WARNING] [32mVERBOSE[0m Callback method :onLocationChanged in Class org.montrealtransit.android.activity.v4.SubwayLineInfo
[WARNING] [32mVERBOSE[0m Callback method :onOptionsItemSelected in Class org.montrealtransit.android.activity.v4.SubwayLineInfo
[WARNING] [32mVERBOSE[0m Callback method :onPause in Class org.montrealtransit.android.activity.v4.SubwayLineInfo
[WARNING] [32mVERBOSE[0m Callback method :onProviderDisabled in Class org.montrealtransit.android.activity.v4.SubwayLineInfo
[WARNING] [32mVERBOSE[0m Callback method :onProviderEnabled in Class org.montrealtransit.android.activity.v4.SubwayLineInfo
[WARNING] [32mVERBOSE[0m Callback method :onResume in Class org.montrealtransit.android.activity.v4.SubwayLineInfo
[WARNING] [32mVERBOSE[0m Callback method :onSensorChanged in Class org.montrealtransit.android.activity.v4.SubwayLineInfo
[WARNING] [32mVERBOSE[0m Callback method :onStatusChanged in Class org.montrealtransit.android.activity.v4.SubwayLineInfo
[WARNING] [32mVERBOSE[0m Callback method :onWindowFocusChanged in Class org.montrealtransit.android.activity.v4.SubwayLineInfo
[WARNING] [32mVERBOSE[0m Callback method :onClick in Class org.montrealtransit.android.dialog.SubwayStationSelectBusLineStop
Result for malicious-app-6-3617D1E16767606A8059054E556FAB99281B60C2C428A79212D606AB0E91B98C.apkorg.montrealtransit.android