DUA-Forensics args to Soot: -w -cp /home/handrick/Documents/UNB/benchmark/libs/droidfax.jar:/home/handrick/Android/Sdk/platforms/android-19/android.jar -p cg verbose:false,implicit-entry:true -p cg.spark verbose:false,on-fly-cg:true,rta:false -d /home/handrick/Documents/UNB/benchmark/trace/180/1/droidbot/malicious-app-77-3D236B2A21DB5BB5D704A6A55B4A49F145EECE8F5FBF1825D8B0E31FB1E0EF20.apk.logcat -process-dir /home/handrick/Documents/UNB/benchmark/data/input/malicious-app-77-3D236B2A21DB5BB5D704A6A55B4A49F145EECE8F5FBF1825D8B0E31FB1E0EF20.apk 
Soot started on Fri Apr 15 01:11:57 CEST 2022
Warning: com.ironsource.mobilcore.BaseFlowBasedAdUnit is a phantom class!
Warning: java.lang.invoke.LambdaMetafactory is a phantom class!
Warning: java.lang.ref.Finalizer is a phantom class!
Warning: android.webkit.CacheManager is a phantom class!
[Call Graph] For information on where the call graph may be incomplete, use the verbose option to the cg phase.
[Spark] Pointer Assignment Graph in 0.0 seconds.
[Spark] Type masks in 0.0 seconds.
[Spark] Pointer Graph simplified in 0.0 seconds.
[Spark] Propagation in 0.0 seconds.
[Spark] Solution found in 0.0 seconds.
hcai's internal transform
Running static analysis for security-relevant feature characterization
[GatorHierarchy] [32mVERBOSE[0m [HIER] All classes: 1790
[GatorHierarchy] [32mVERBOSE[0m [App: 631, Lib : 1155, Phantom: 4]
[GatorHierarchy] [32mVERBOSE[0m [HIER] Activities: 9, lib activities: 3
[GatorHierarchy] [32mVERBOSE[0m [HIER] App views: 17, Lib views: 29
[GatorHierarchy] [32mVERBOSE[0m [HIER] App Dialogs: 0, Lib Dialogs: 4
[TIMECOST] [32mVERBOSE[0m buildApplicationCodeMap parsing starting at 1649977918994
array element type: (filled narr)int
array element type: (filled narr)int
[TIMECOST] [32mVERBOSE[0m buildApplicationCodeMap parsing finished at 1649977926089
[Instantiated app classes] [32mVERBOSE[0m total number: 506
[WARNING] [32mVERBOSE[0m Callback method :onCreate in Class com.kuguo.ad.MainActivity added
[WARNING] [32mVERBOSE[0m Callback method :onDestroy in Class com.kuguo.ad.MainActivity added
[WARNING] [32mVERBOSE[0m Callback method :onActivityResult in Class com.kuguo.ad.MainActivity added
[WARNING] [32mVERBOSE[0m Callback method :onBind in Class com.kuguo.ad.MainService added
[WARNING] [32mVERBOSE[0m Callback method :onDestroy in Class com.kuguo.ad.MainService added
[WARNING] [32mVERBOSE[0m Callback method :onCreate in Class com.kuguo.ad.MainService added
[WARNING] [32mVERBOSE[0m Callback method :onStartCommand in Class com.kuguo.ad.MainService added
[WARNING] [32mVERBOSE[0m Callback method :onLowMemory in Class android.support.v4.app.Fragment added
[WARNING] [32mVERBOSE[0m Callback method :onCreateContextMenu in Class android.support.v4.app.Fragment added
[WARNING] [32mVERBOSE[0m Callback method :onCancel in Class android.support.v4.app.DialogFragment added
[WARNING] [32mVERBOSE[0m Callback method :onDismiss in Class android.support.v4.app.DialogFragment added
[WARNING] [32mVERBOSE[0m Callback method :onConfigurationChanged in Class android.support.v4.app.Fragment added
[WARNING] [32mVERBOSE[0m Callback method :onBind in Class com.umeng.common.net.DownloadingService added
[WARNING] [32mVERBOSE[0m Callback method :onDestroy in Class com.umeng.common.net.DownloadingService added
[WARNING] [32mVERBOSE[0m Callback method :onCreate in Class com.umeng.common.net.DownloadingService added
[WARNING] [32mVERBOSE[0m Callback method :onStart in Class com.umeng.common.net.DownloadingService added
[WARNING] [32mVERBOSE[0m Callback method :getItem in Class android.support.v4.widget.CursorAdapter added
[WARNING] [32mVERBOSE[0m Callback method :getView in Class android.support.v4.widget.CursorAdapter added
[WARNING] [32mVERBOSE[0m Callback method :getDropDownView in Class android.support.v4.widget.CursorAdapter added
[WARNING] [32mVERBOSE[0m Callback method :getFilter in Class android.support.v4.widget.CursorAdapter added
[WARNING] [32mVERBOSE[0m Callback method :getCount in Class android.support.v4.widget.CursorAdapter added
[WARNING] [32mVERBOSE[0m Callback method :getItemId in Class android.support.v4.widget.CursorAdapter added
[WARNING] [32mVERBOSE[0m Callback method :hasStableIds in Class android.support.v4.widget.CursorAdapter added
[WARNING] [32mVERBOSE[0m Callback method :onSensorChanged in Class com.blutrumpet.sdk.phonegap.AccelListener added
[WARNING] [32mVERBOSE[0m Callback method :onAccuracyChanged in Class com.blutrumpet.sdk.phonegap.AccelListener added
[WARNING] [32mVERBOSE[0m Callback method :onKeyDown in Class android.support.v4.app.FragmentActivity added
[WARNING] [32mVERBOSE[0m Callback method :onPanelClosed in Class android.support.v4.app.FragmentActivity added
[WARNING] [32mVERBOSE[0m Callback method :onConfigurationChanged in Class android.support.v4.app.FragmentActivity added
[WARNING] [32mVERBOSE[0m Callback method :onMenuItemSelected in Class android.support.v4.app.FragmentActivity added
[WARNING] [32mVERBOSE[0m Callback method :onBackPressed in Class android.support.v4.app.FragmentActivity added
[WARNING] [32mVERBOSE[0m Callback method :onRetainNonConfigurationInstance in Class android.support.v4.app.FragmentActivity added
[WARNING] [32mVERBOSE[0m Callback method :onPause in Class android.support.v4.app.FragmentActivity added
[WARNING] [32mVERBOSE[0m Callback method :onStop in Class android.support.v4.app.FragmentActivity added
[WARNING] [32mVERBOSE[0m Callback method :onCreatePanelMenu in Class android.support.v4.app.FragmentActivity added
[WARNING] [32mVERBOSE[0m Callback method :dump in Class android.support.v4.app.FragmentActivity added
[WARNING] [32mVERBOSE[0m Callback method :onCreate in Class android.support.v4.app.FragmentActivity added
[WARNING] [32mVERBOSE[0m Callback method :onCreateView in Class android.support.v4.app.FragmentActivity added
[WARNING] [32mVERBOSE[0m Callback method :onPreparePanel in Class android.support.v4.app.FragmentActivity added
[WARNING] [32mVERBOSE[0m Callback method :onDestroy in Class android.support.v4.app.FragmentActivity added
[WARNING] [32mVERBOSE[0m Callback method :onStart in Class android.support.v4.app.FragmentActivity added
[WARNING] [32mVERBOSE[0m Callback method :onSaveInstanceState in Class android.support.v4.app.FragmentActivity added
[WARNING] [32mVERBOSE[0m Callback method :startActivityForResult in Class android.support.v4.app.FragmentActivity added
[WARNING] [32mVERBOSE[0m Callback method :onActivityResult in Class android.support.v4.app.FragmentActivity added
[WARNING] [32mVERBOSE[0m Callback method :onPostResume in Class android.support.v4.app.FragmentActivity added
[WARNING] [32mVERBOSE[0m Callback method :onResume in Class android.support.v4.app.FragmentActivity added
[WARNING] [32mVERBOSE[0m Callback method :onLowMemory in Class android.support.v4.app.FragmentActivity added
[WARNING] [32mVERBOSE[0m Callback method :onMeasure in Class com.blutrumpet.sdk.phonegap.api.BTWebViewDelegate$LinearLayoutSoftKeyboardDetect added
[WARNING] [32mVERBOSE[0m Callback method :onCreate in Class com.hyperkani.airhockey.AirHockeyApplication added
[WARNING] [32mVERBOSE[0m Callback method :onCreate in Class com.hyperkani.airhockey.AirHockeyPreferences added
[WARNING] [32mVERBOSE[0m Callback method :onReceive in Class net.crazymedia.iad.AdPushReceiver added
[WARNING] [32mVERBOSE[0m Callback method :onLowMemory in Class android.support.v4.app.Fragment added
[WARNING] [32mVERBOSE[0m Callback method :onCreateContextMenu in Class android.support.v4.app.Fragment added
[WARNING] [32mVERBOSE[0m Callback method :onConfigurationChanged in Class android.support.v4.app.Fragment added
[WARNING] [32mVERBOSE[0m Callback method :getItem in Class android.support.v4.widget.CursorAdapter added
[WARNING] [32mVERBOSE[0m Callback method :getView in Class android.support.v4.widget.CursorAdapter added
[WARNING] [32mVERBOSE[0m Callback method :getDropDownView in Class android.support.v4.widget.CursorAdapter added
[WARNING] [32mVERBOSE[0m Callback method :getFilter in Class android.support.v4.widget.CursorAdapter added
[WARNING] [32mVERBOSE[0m Callback method :getCount in Class android.support.v4.widget.CursorAdapter added
[WARNING] [32mVERBOSE[0m Callback method :getItemId in Class android.support.v4.widget.CursorAdapter added
[WARNING] [32mVERBOSE[0m Callback method :hasStableIds in Class android.support.v4.widget.CursorAdapter added
[WARNING] [32mVERBOSE[0m Callback method :setRenderer in Class com.hyperkani.airhockey.AirHockeyGLSurfaceView added
[WARNING] [32mVERBOSE[0m Callback method :dispatchTouchEvent in Class com.hyperkani.airhockey.AirHockeyGLSurfaceView added
[WARNING] [32mVERBOSE[0m Callback method :onKeyDown in Class com.hyperkani.airhockey.AirHockeyMainMenuNormal added
[WARNING] [32mVERBOSE[0m Callback method :onTouch in Class com.hyperkani.airhockey.AirHockeyMainMenuNormal added
[WARNING] [32mVERBOSE[0m Callback method :onStopTrackingTouch in Class com.hyperkani.airhockey.AirHockeyMainMenuNormal added
[WARNING] [32mVERBOSE[0m Callback method :onPause in Class com.hyperkani.airhockey.AirHockeyMainMenuNormal added
[WARNING] [32mVERBOSE[0m Callback method :onStop in Class com.hyperkani.airhockey.AirHockeyMainMenuNormal added
[WARNING] [32mVERBOSE[0m Callback method :onCreate in Class com.hyperkani.airhockey.AirHockeyMainMenuNormal added
[WARNING] [32mVERBOSE[0m Callback method :onProgressChanged in Class com.hyperkani.airhockey.AirHockeyMainMenuNormal added
[WARNING] [32mVERBOSE[0m Callback method :onDestroy in Class com.hyperkani.airhockey.AirHockeyMainMenuNormal added
[WARNING] [32mVERBOSE[0m Callback method :onStart in Class com.hyperkani.airhockey.AirHockeyMainMenuNormal added
[WARNING] [32mVERBOSE[0m Callback method :onStartTrackingTouch in Class com.hyperkani.airhockey.AirHockeyMainMenuNormal added
[WARNING] [32mVERBOSE[0m Callback method :onActivityResult in Class com.hyperkani.airhockey.AirHockeyMainMenuNormal added
[WARNING] [32mVERBOSE[0m Callback method :onClick in Class com.hyperkani.airhockey.AirHockeyMainMenuNormal added
[WARNING] [32mVERBOSE[0m Callback method :onResume in Class com.hyperkani.airhockey.AirHockeyMainMenuNormal added
[WARNING] [32mVERBOSE[0m Callback method :onUnbind in Class net.crazymedia.iad.AdPushService added
[WARNING] [32mVERBOSE[0m Callback method :onBind in Class net.crazymedia.iad.AdPushService added
[WARNING] [32mVERBOSE[0m Callback method :onDestroy in Class net.crazymedia.iad.AdPushService added
[WARNING] [32mVERBOSE[0m Callback method :onCreate in Class net.crazymedia.iad.AdPushService added
[WARNING] [32mVERBOSE[0m Callback method :onStart in Class net.crazymedia.iad.AdPushService added
[WARNING] [32mVERBOSE[0m Callback method :onKeyDown in Class net.crazymedia.iad.AdPushActivity added
[WARNING] [32mVERBOSE[0m Callback method :onRestoreInstanceState in Class net.crazymedia.iad.AdPushActivity added
[WARNING] [32mVERBOSE[0m Callback method :onCreate in Class net.crazymedia.iad.AdPushActivity added
[WARNING] [32mVERBOSE[0m Callback method :onDestroy in Class net.crazymedia.iad.AdPushActivity added
[WARNING] [32mVERBOSE[0m Callback method :onSaveInstanceState in Class net.crazymedia.iad.AdPushActivity added
[WARNING] [32mVERBOSE[0m Callback method :finish in Class com.kuguo.ad.BoutiqueActivity added
[WARNING] [32mVERBOSE[0m Callback method :onItemClick in Class com.kuguo.ad.BoutiqueActivity added
[WARNING] [32mVERBOSE[0m Callback method :onCreate in Class com.kuguo.ad.BoutiqueActivity added
[WARNING] [32mVERBOSE[0m Callback method :onKeyDown in Class com.hyperkani.airhockey.AirHockeyGame added
[WARNING] [32mVERBOSE[0m Callback method :onPause in Class com.hyperkani.airhockey.AirHockeyGame added
[WARNING] [32mVERBOSE[0m Callback method :onStop in Class com.hyperkani.airhockey.AirHockeyGame added
[WARNING] [32mVERBOSE[0m Callback method :onCreate in Class com.hyperkani.airhockey.AirHockeyGame added
[WARNING] [32mVERBOSE[0m Callback method :onKeyUp in Class com.hyperkani.airhockey.AirHockeyGame added
[WARNING] [32mVERBOSE[0m Callback method :onStart in Class com.hyperkani.airhockey.AirHockeyGame added
[WARNING] [32mVERBOSE[0m Callback method :onSaveInstanceState in Class com.hyperkani.airhockey.AirHockeyGame added
[WARNING] [32mVERBOSE[0m Callback method :onActivityResult in Class com.hyperkani.airhockey.AirHockeyGame added
[WARNING] [32mVERBOSE[0m Callback method :onClick in Class com.hyperkani.airhockey.AirHockeyGame added
[WARNING] [32mVERBOSE[0m Callback method :onResume in Class com.hyperkani.airhockey.AirHockeyGame added
[WARNING] [32mVERBOSE[0m Callback method :onReceive in Class com.kuguo.ad.MainReceiver added
[WARNING] [32mVERBOSE[0m Callback method :onLowMemory in Class android.support.v4.app.Fragment added
[WARNING] [32mVERBOSE[0m Callback method :onCreateContextMenu in Class android.support.v4.app.Fragment added
[WARNING] [32mVERBOSE[0m Callback method :onConfigurationChanged in Class android.support.v4.app.Fragment added
[WARNING] [32mVERBOSE[0m Callback method :onMeasure in Class android.support.v4.view.PagerTitleStrip added
[WARNING] [32mVERBOSE[0m Callback method :requestLayout in Class android.support.v4.view.PagerTitleStrip added
[WARNING] [32mVERBOSE[0m Callback method :onLayout in Class android.support.v4.view.PagerTitleStrip added
[WARNING] [32mVERBOSE[0m Callback method :onDetachedFromWindow in Class android.support.v4.view.PagerTitleStrip added
[WARNING] [32mVERBOSE[0m Callback method :onAttachedToWindow in Class android.support.v4.view.PagerTitleStrip added
[WARNING] [32mVERBOSE[0m Callback method :getItem in Class android.support.v4.widget.CursorAdapter added
[WARNING] [32mVERBOSE[0m Callback method :getView in Class android.support.v4.widget.CursorAdapter added
[WARNING] [32mVERBOSE[0m Callback method :getDropDownView in Class android.support.v4.widget.CursorAdapter added
[WARNING] [32mVERBOSE[0m Callback method :getFilter in Class android.support.v4.widget.CursorAdapter added
[WARNING] [32mVERBOSE[0m Callback method :getCount in Class android.support.v4.widget.CursorAdapter added
[WARNING] [32mVERBOSE[0m Callback method :getItemId in Class android.support.v4.widget.CursorAdapter added
[WARNING] [32mVERBOSE[0m Callback method :hasStableIds in Class android.support.v4.widget.CursorAdapter added
[WARNING] [32mVERBOSE[0m Callback method :generateLayoutParams in Class android.support.v4.view.ViewPager added
[WARNING] [32mVERBOSE[0m Callback method :draw in Class android.support.v4.view.ViewPager added
[WARNING] [32mVERBOSE[0m Callback method :onRestoreInstanceState in Class android.support.v4.view.ViewPager added
[WARNING] [32mVERBOSE[0m Callback method :onRequestFocusInDescendants in Class android.support.v4.view.ViewPager added
[WARNING] [32mVERBOSE[0m Callback method :generateDefaultLayoutParams in Class android.support.v4.view.ViewPager added
[WARNING] [32mVERBOSE[0m Callback method :onMeasure in Class android.support.v4.view.ViewPager added
[WARNING] [32mVERBOSE[0m Callback method :addView in Class android.support.v4.view.ViewPager added
[WARNING] [32mVERBOSE[0m Callback method :onSaveInstanceState in Class android.support.v4.view.ViewPager added
[WARNING] [32mVERBOSE[0m Callback method :onLayout in Class android.support.v4.view.ViewPager added
[WARNING] [32mVERBOSE[0m Callback method :onTouchEvent in Class android.support.v4.view.ViewPager added
[WARNING] [32mVERBOSE[0m Callback method :addTouchables in Class android.support.v4.view.ViewPager added
[WARNING] [32mVERBOSE[0m Callback method :computeScroll in Class android.support.v4.view.ViewPager added
[WARNING] [32mVERBOSE[0m Callback method :onAttachedToWindow in Class android.support.v4.view.ViewPager added
[WARNING] [32mVERBOSE[0m Callback method :onInterceptTouchEvent in Class android.support.v4.view.ViewPager added
[WARNING] [32mVERBOSE[0m Callback method :verifyDrawable in Class android.support.v4.view.ViewPager added
[WARNING] [32mVERBOSE[0m Callback method :dispatchPopulateAccessibilityEvent in Class android.support.v4.view.ViewPager added
[WARNING] [32mVERBOSE[0m Callback method :onSizeChanged in Class android.support.v4.view.ViewPager added
[WARNING] [32mVERBOSE[0m Callback method :dispatchKeyEvent in Class android.support.v4.view.ViewPager added
[WARNING] [32mVERBOSE[0m Callback method :addFocusables in Class android.support.v4.view.ViewPager added
[WARNING] [32mVERBOSE[0m Callback method :onDraw in Class android.support.v4.view.ViewPager added
[WARNING] [32mVERBOSE[0m Callback method :generateLayoutParams in Class android.support.v4.view.ViewPager added
[WARNING] [32mVERBOSE[0m Callback method :drawableStateChanged in Class android.support.v4.view.ViewPager added
[WARNING] [32mVERBOSE[0m Callback method :checkLayoutParams in Class android.support.v4.view.ViewPager added
[WARNING] [32mVERBOSE[0m Callback method :onMeasure in Class kankan.wheel.widget.WheelView added
[WARNING] [32mVERBOSE[0m Callback method :onLayout in Class kankan.wheel.widget.WheelView added
[WARNING] [32mVERBOSE[0m Callback method :onTouchEvent in Class kankan.wheel.widget.WheelView added
[WARNING] [32mVERBOSE[0m Callback method :onDraw in Class kankan.wheel.widget.WheelView added
[WARNING] [32mVERBOSE[0m Callback method :onKeyDown in Class com.hyperkani.airhockey.AirHockeyMainMenuAdfree added
[WARNING] [32mVERBOSE[0m Callback method :onTouch in Class com.hyperkani.airhockey.AirHockeyMainMenuAdfree added
[WARNING] [32mVERBOSE[0m Callback method :onStopTrackingTouch in Class com.hyperkani.airhockey.AirHockeyMainMenuAdfree added
[WARNING] [32mVERBOSE[0m Callback method :onPause in Class com.hyperkani.airhockey.AirHockeyMainMenuAdfree added
[WARNING] [32mVERBOSE[0m Callback method :onStop in Class com.hyperkani.airhockey.AirHockeyMainMenuAdfree added
[WARNING] [32mVERBOSE[0m Callback method :onCreate in Class com.hyperkani.airhockey.AirHockeyMainMenuAdfree added
[WARNING] [32mVERBOSE[0m Callback method :onProgressChanged in Class com.hyperkani.airhockey.AirHockeyMainMenuAdfree added
[WARNING] [32mVERBOSE[0m Callback method :onDestroy in Class com.hyperkani.airhockey.AirHockeyMainMenuAdfree added
[WARNING] [32mVERBOSE[0m Callback method :onStart in Class com.hyperkani.airhockey.AirHockeyMainMenuAdfree added
[WARNING] [32mVERBOSE[0m Callback method :onStartTrackingTouch in Class com.hyperkani.airhockey.AirHockeyMainMenuAdfree added
[WARNING] [32mVERBOSE[0m Callback method :onActivityResult in Class com.hyperkani.airhockey.AirHockeyMainMenuAdfree added
[WARNING] [32mVERBOSE[0m Callback method :onClick in Class com.hyperkani.airhockey.AirHockeyMainMenuAdfree added
[WARNING] [32mVERBOSE[0m Callback method :onResume in Class com.hyperkani.airhockey.AirHockeyMainMenuAdfree added
[WARNING] [32mVERBOSE[0m Callback method :onKeyDown in Class com.inneractive.api.ads.InneractiveFullScreenView added
[WARNING] [32mVERBOSE[0m Callback method :onCreate in Class com.inneractive.api.ads.InneractiveFullScreenView added
0 ICC links found and 0 cg edges added due to ICC links
dynamic conflated call graph: 634 methods; 634 nodes; 1082 edges.
maxpossibleFlows=1
maxpossibleFlows=1
maxpossibleFlows=2
maxpossibleFlows=1
maxpossibleFlows=1
maxpossibleFlows=1
maxpossibleFlows=1
maxpossibleFlows=1
maxpossibleFlows=1
maxpossibleFlows=1
maxpossibleFlows=2
maxpossibleFlows=2
maxpossibleFlows=6
maxpossibleFlows=2
maxpossibleFlows=1
maxpossibleFlows=5
maxpossibleFlows=2
maxpossibleFlows=1
maxpossibleFlows=1
maxpossibleFlows=2
maxpossibleFlows=2
maxpossibleFlows=1
maxpossibleFlows=1
maxpossibleFlows=1
maxpossibleFlows=1
maxpossibleFlows=1
maxpossibleFlows=7
maxpossibleFlows=1
maxpossibleFlows=2
maxpossibleFlows=1
maxpossibleFlows=1
maxpossibleFlows=4
maxpossibleFlows=5
maxpossibleFlows=3
maxpossibleFlows=5
maxpossibleFlows=4
maxpossibleFlows=5
maxpossibleFlows=3
maxpossibleFlows=5
maxpossibleFlows=2
maxpossibleFlows=2
maxpossibleFlows=5
maxpossibleFlows=1
maxpossibleFlows=1
maxpossibleFlows=5
maxpossibleFlows=3
maxpossibleFlows=6
maxpossibleFlows=4
maxpossibleFlows=5
maxpossibleFlows=3
maxpossibleFlows=5
maxpossibleFlows=2
maxpossibleFlows=2
maxpossibleFlows=2
maxpossibleFlows=1
maxpossibleFlows=1
maxpossibleFlows=5
maxpossibleFlows=1
maxpossibleFlows=2
2 taint flow paths FOUND from <android.telephony.TelephonyManager: java.lang.String getNetworkOperator()> to <org.json.JSONObject: org.json.JSONObject put(java.lang.String,int)>
maxpossibleFlows=1
maxpossibleFlows=1
maxpossibleFlows=1
maxpossibleFlows=1
1 taint flow paths FOUND from <org.json.JSONArray: org.json.JSONArray put(java.lang.Object)> to <org.apache.http.params.BasicHttpParams: org.apache.http.params.HttpParams setParameter(java.lang.String,java.lang.Object)>
maxpossibleFlows=5
5 taint flow paths FOUND from <android.widget.ProgressBar: int getProgress()> to <android.widget.TextView: void setText(java.lang.CharSequence)>
maxpossibleFlows=5
maxpossibleFlows=5
maxpossibleFlows=3
maxpossibleFlows=5
maxpossibleFlows=4
maxpossibleFlows=5
maxpossibleFlows=3
maxpossibleFlows=5
maxpossibleFlows=2
maxpossibleFlows=2
maxpossibleFlows=5
maxpossibleFlows=5
maxpossibleFlows=3
maxpossibleFlows=5
maxpossibleFlows=4
maxpossibleFlows=5
maxpossibleFlows=3
maxpossibleFlows=5
maxpossibleFlows=2
maxpossibleFlows=2
maxpossibleFlows=5
maxpossibleFlows=5
maxpossibleFlows=3
maxpossibleFlows=5
maxpossibleFlows=4
maxpossibleFlows=5
maxpossibleFlows=5
maxpossibleFlows=3
maxpossibleFlows=1
maxpossibleFlows=5
maxpossibleFlows=2
maxpossibleFlows=2
maxpossibleFlows=5
maxpossibleFlows=1
maxpossibleFlows=1
maxpossibleFlows=1
maxpossibleFlows=7
maxpossibleFlows=5
maxpossibleFlows=3
maxpossibleFlows=6
maxpossibleFlows=4
maxpossibleFlows=3
maxpossibleFlows=5
maxpossibleFlows=3
maxpossibleFlows=5
maxpossibleFlows=2
maxpossibleFlows=2
maxpossibleFlows=1
maxpossibleFlows=1
maxpossibleFlows=2
maxpossibleFlows=1
maxpossibleFlows=7
maxpossibleFlows=1
maxpossibleFlows=1
maxpossibleFlows=1
maxpossibleFlows=1
maxpossibleFlows=5
maxpossibleFlows=1
maxpossibleFlows=1
maxpossibleFlows=5
maxpossibleFlows=3
maxpossibleFlows=6
maxpossibleFlows=4
maxpossibleFlows=5
maxpossibleFlows=3
maxpossibleFlows=5
maxpossibleFlows=2
maxpossibleFlows=2
maxpossibleFlows=5
maxpossibleFlows=5
5 taint flow paths FOUND from <android.app.Activity: android.view.WindowManager getWindowManager()> to <android.view.SurfaceView: void setVisibility(int)>
maxpossibleFlows=5
maxpossibleFlows=5
maxpossibleFlows=3
maxpossibleFlows=5
maxpossibleFlows=4
maxpossibleFlows=5
maxpossibleFlows=3
maxpossibleFlows=5
maxpossibleFlows=2
maxpossibleFlows=2
maxpossibleFlows=2
maxpossibleFlows=5
maxpossibleFlows=1
maxpossibleFlows=1
maxpossibleFlows=5
maxpossibleFlows=3
maxpossibleFlows=6
maxpossibleFlows=4
maxpossibleFlows=5
maxpossibleFlows=3
maxpossibleFlows=5
maxpossibleFlows=2
maxpossibleFlows=2
maxpossibleFlows=3
maxpossibleFlows=3
maxpossibleFlows=3
maxpossibleFlows=3
maxpossibleFlows=3
maxpossibleFlows=3
maxpossibleFlows=3
maxpossibleFlows=3
maxpossibleFlows=2
maxpossibleFlows=2
maxpossibleFlows=5
maxpossibleFlows=1
maxpossibleFlows=1
maxpossibleFlows=5
maxpossibleFlows=3
maxpossibleFlows=6
maxpossibleFlows=4
maxpossibleFlows=5
maxpossibleFlows=3
maxpossibleFlows=5
maxpossibleFlows=2
maxpossibleFlows=2
maxpossibleFlows=1
maxpossibleFlows=1
maxpossibleFlows=1
maxpossibleFlows=1
maxpossibleFlows=1
maxpossibleFlows=4
maxpossibleFlows=4
maxpossibleFlows=3
maxpossibleFlows=4
maxpossibleFlows=4
maxpossibleFlows=4
maxpossibleFlows=3
maxpossibleFlows=4
maxpossibleFlows=2
maxpossibleFlows=2
maxpossibleFlows=1
maxpossibleFlows=1
maxpossibleFlows=1
maxpossibleFlows=1
maxpossibleFlows=1
maxpossibleFlows=1
maxpossibleFlows=1
maxpossibleFlows=7
7 taint flow paths FOUND from <java.lang.String: byte[] getBytes(java.lang.String)> to <java.io.OutputStream: void write(byte[])>
maxpossibleFlows=2
maxpossibleFlows=1
maxpossibleFlows=1
maxpossibleFlows=3
maxpossibleFlows=5
maxpossibleFlows=5
maxpossibleFlows=5
maxpossibleFlows=5
maxpossibleFlows=3
maxpossibleFlows=5
maxpossibleFlows=4
maxpossibleFlows=5
maxpossibleFlows=3
maxpossibleFlows=5
maxpossibleFlows=2
maxpossibleFlows=2
maxpossibleFlows=2
maxpossibleFlows=1
maxpossibleFlows=1
maxpossibleFlows=5
maxpossibleFlows=5
maxpossibleFlows=3
3 taint flow paths FOUND from <java.util.TimeZone: java.util.TimeZone getTimeZone(java.lang.String)> to <java.text.DateFormat: void setTimeZone(java.util.TimeZone)>
maxpossibleFlows=2
maxpossibleFlows=1
maxpossibleFlows=1
maxpossibleFlows=12
12 taint flow paths FOUND from <org.apache.http.impl.client.AbstractHttpClient: org.apache.http.params.HttpParams getParams()> to <org.apache.http.params.BasicHttpParams: org.apache.http.params.HttpParams setParameter(java.lang.String,java.lang.Object)>
maxpossibleFlows=5
maxpossibleFlows=5
maxpossibleFlows=3
maxpossibleFlows=5
maxpossibleFlows=4
maxpossibleFlows=1
maxpossibleFlows=5
5 taint flow paths FOUND from <android.app.PendingIntent: android.app.PendingIntent getBroadcast(android.content.Context,int,android.content.Intent,int)> to <android.app.AlarmManager: void setRepeating(int,long,long,android.app.PendingIntent)>
maxpossibleFlows=1
maxpossibleFlows=1
maxpossibleFlows=7
7 taint flow paths FOUND from <android.os.Environment: java.io.File getExternalStorageDirectory()> to <java.io.OutputStream: void write(byte[])>
maxpossibleFlows=2
2 taint flow paths FOUND from <android.content.Intent: java.lang.String getAction()> to <android.content.ContextWrapper: android.content.ComponentName startService(android.content.Intent)>
maxpossibleFlows=1
maxpossibleFlows=5
5 taint flow paths FOUND from <java.lang.StringBuilder: java.lang.String toString()> to <android.widget.TextView: void setText(java.lang.CharSequence)>
maxpossibleFlows=1
maxpossibleFlows=1
maxpossibleFlows=7
maxpossibleFlows=5
maxpossibleFlows=1
maxpossibleFlows=1
maxpossibleFlows=5
maxpossibleFlows=1
maxpossibleFlows=1
maxpossibleFlows=5
maxpossibleFlows=3
maxpossibleFlows=6
maxpossibleFlows=4
maxpossibleFlows=5
maxpossibleFlows=3
maxpossibleFlows=5
maxpossibleFlows=2
maxpossibleFlows=2
maxpossibleFlows=5
maxpossibleFlows=1
maxpossibleFlows=1
maxpossibleFlows=5
5 taint flow paths FOUND from <android.content.ContextWrapper: android.content.pm.PackageManager getPackageManager()> to <android.view.Window: void setFlags(int,int)>
maxpossibleFlows=1
maxpossibleFlows=1
maxpossibleFlows=7
maxpossibleFlows=1
maxpossibleFlows=2
maxpossibleFlows=5
maxpossibleFlows=5
maxpossibleFlows=5
maxpossibleFlows=1
maxpossibleFlows=1
maxpossibleFlows=5
maxpossibleFlows=3
maxpossibleFlows=6
maxpossibleFlows=4
maxpossibleFlows=5
maxpossibleFlows=3
maxpossibleFlows=5
maxpossibleFlows=2
maxpossibleFlows=2
maxpossibleFlows=1
maxpossibleFlows=1
maxpossibleFlows=2
maxpossibleFlows=1
maxpossibleFlows=7
maxpossibleFlows=5
maxpossibleFlows=3
maxpossibleFlows=1
maxpossibleFlows=4
maxpossibleFlows=1
maxpossibleFlows=5
maxpossibleFlows=3
maxpossibleFlows=1
maxpossibleFlows=2
maxpossibleFlows=2
maxpossibleFlows=2
maxpossibleFlows=5
maxpossibleFlows=5
maxpossibleFlows=3
maxpossibleFlows=5
maxpossibleFlows=4
maxpossibleFlows=4
maxpossibleFlows=5
maxpossibleFlows=3
maxpossibleFlows=1
maxpossibleFlows=5
maxpossibleFlows=2
maxpossibleFlows=2
maxpossibleFlows=5
maxpossibleFlows=1
maxpossibleFlows=1
maxpossibleFlows=5
maxpossibleFlows=3
maxpossibleFlows=6
maxpossibleFlows=4
maxpossibleFlows=5
maxpossibleFlows=3
maxpossibleFlows=5
maxpossibleFlows=2
maxpossibleFlows=2
maxpossibleFlows=1
maxpossibleFlows=1
maxpossibleFlows=1
maxpossibleFlows=1
maxpossibleFlows=1
maxpossibleFlows=5
maxpossibleFlows=1
maxpossibleFlows=1
maxpossibleFlows=5
maxpossibleFlows=3
maxpossibleFlows=6
maxpossibleFlows=4
maxpossibleFlows=5
maxpossibleFlows=3
maxpossibleFlows=5
maxpossibleFlows=2
maxpossibleFlows=2
maxpossibleFlows=1
1 taint flow paths FOUND from <android.app.Activity: java.lang.Object getSystemService(java.lang.String)> to <org.json.JSONObject: org.json.JSONObject put(java.lang.String,int)>
maxpossibleFlows=5
maxpossibleFlows=5
maxpossibleFlows=3
maxpossibleFlows=5
maxpossibleFlows=4
maxpossibleFlows=5
maxpossibleFlows=3
maxpossibleFlows=5
maxpossibleFlows=2
maxpossibleFlows=2
maxpossibleFlows=2
maxpossibleFlows=1
maxpossibleFlows=1
maxpossibleFlows=1
1 taint flow paths FOUND from <android.os.PowerManager: android.os.PowerManager$WakeLock newWakeLock(int,java.lang.String)> to <android.content.ContextWrapper: android.content.ComponentName startService(android.content.Intent)>
maxpossibleFlows=1
maxpossibleFlows=1
maxpossibleFlows=7
maxpossibleFlows=1
maxpossibleFlows=1
maxpossibleFlows=1
maxpossibleFlows=1
maxpossibleFlows=7
maxpossibleFlows=1
maxpossibleFlows=2
maxpossibleFlows=2
maxpossibleFlows=4
maxpossibleFlows=5
5 taint flow paths FOUND from <android.content.Context: java.lang.String getString(int)> to <android.widget.TextView: void setText(java.lang.CharSequence)>
maxpossibleFlows=5
maxpossibleFlows=5
5 taint flow paths FOUND from <android.app.Activity: android.view.Window getWindow()> to <android.view.Window: void setFlags(int,int)>
maxpossibleFlows=5
maxpossibleFlows=1
maxpossibleFlows=1
maxpossibleFlows=5
maxpossibleFlows=3
maxpossibleFlows=6
6 taint flow paths FOUND from <android.content.ContextWrapper: java.lang.String getPackageName()> to <android.location.Criteria: void setAccuracy(int)>
maxpossibleFlows=5
maxpossibleFlows=5
5 taint flow paths FOUND from <android.view.Display: int getHeight()> to <android.view.SurfaceView: void setVisibility(int)>
maxpossibleFlows=1
1 taint flow paths FOUND from <android.telephony.TelephonyManager: android.telephony.CellLocation getCellLocation()> to <org.json.JSONObject: org.json.JSONObject put(java.lang.String,int)>
maxpossibleFlows=5
maxpossibleFlows=1
maxpossibleFlows=1
maxpossibleFlows=5
maxpossibleFlows=3
maxpossibleFlows=6
maxpossibleFlows=4
maxpossibleFlows=5
maxpossibleFlows=3
maxpossibleFlows=5
maxpossibleFlows=2
maxpossibleFlows=2
maxpossibleFlows=1
1 taint flow paths FOUND from <android.telephony.gsm.GsmCellLocation: int getCid()> to <org.json.JSONObject: org.json.JSONObject put(java.lang.String,int)>
maxpossibleFlows=5
maxpossibleFlows=1
maxpossibleFlows=1
maxpossibleFlows=5
maxpossibleFlows=3
maxpossibleFlows=6
maxpossibleFlows=4
maxpossibleFlows=5
maxpossibleFlows=3
maxpossibleFlows=5
maxpossibleFlows=2
maxpossibleFlows=2
maxpossibleFlows=1
1 taint flow paths FOUND from <android.telephony.gsm.GsmCellLocation: int getLac()> to <org.json.JSONObject: org.json.JSONObject put(java.lang.String,int)>
maxpossibleFlows=4
maxpossibleFlows=4
maxpossibleFlows=3
maxpossibleFlows=4
maxpossibleFlows=4
maxpossibleFlows=1
maxpossibleFlows=4
3 taint flow paths FOUND from <java.util.Calendar: long getTimeInMillis()> to <android.app.AlarmManager: void setRepeating(int,long,long,android.app.PendingIntent)>
maxpossibleFlows=4
maxpossibleFlows=1
maxpossibleFlows=1
maxpossibleFlows=4
maxpossibleFlows=3
maxpossibleFlows=4
maxpossibleFlows=4
maxpossibleFlows=1
maxpossibleFlows=4
3 taint flow paths FOUND from <java.util.Calendar: java.util.Calendar getInstance()> to <android.app.AlarmManager: void setRepeating(int,long,long,android.app.PendingIntent)>
maxpossibleFlows=1
maxpossibleFlows=1
maxpossibleFlows=1
maxpossibleFlows=1
maxpossibleFlows=1
maxpossibleFlows=1
maxpossibleFlows=1
maxpossibleFlows=1
maxpossibleFlows=4
maxpossibleFlows=5
maxpossibleFlows=2
2 taint flow paths FOUND from <android.telephony.TelephonyManager: java.lang.String getNetworkOperator()> to <org.json.JSONObject: org.json.JSONObject put(java.lang.String,int)>
maxpossibleFlows=5
5 taint flow paths FOUND from <android.widget.ProgressBar: int getProgress()> to <android.widget.TextView: void setText(java.lang.CharSequence)>
maxpossibleFlows=1
maxpossibleFlows=1
maxpossibleFlows=1
maxpossibleFlows=1
1 taint flow paths FOUND from <android.telephony.TelephonyManager: java.lang.String getNetworkOperator()> to <org.json.JSONObject: org.json.JSONObject put(java.lang.String,boolean)>
maxpossibleFlows=1
maxpossibleFlows=1
maxpossibleFlows=1
maxpossibleFlows=2
maxpossibleFlows=1
maxpossibleFlows=2
maxpossibleFlows=1
maxpossibleFlows=1
maxpossibleFlows=1
maxpossibleFlows=1
maxpossibleFlows=2
maxpossibleFlows=2
maxpossibleFlows=2
2 taint flow paths FOUND from <android.content.Intent: java.lang.String getAction()> to <android.content.ContextWrapper: android.content.ComponentName startService(android.content.Intent)>
maxpossibleFlows=1
maxpossibleFlows=1
maxpossibleFlows=1
maxpossibleFlows=1
maxpossibleFlows=1
maxpossibleFlows=1
maxpossibleFlows=1
maxpossibleFlows=1
maxpossibleFlows=1
maxpossibleFlows=1
maxpossibleFlows=1
maxpossibleFlows=1
1 taint flow paths FOUND from <android.content.Intent: java.lang.String getAction()> to <android.content.Intent: android.content.Intent setAction(java.lang.String)>
maxpossibleFlows=2
maxpossibleFlows=1
maxpossibleFlows=7
maxpossibleFlows=1
maxpossibleFlows=1
maxpossibleFlows=7
maxpossibleFlows=7
maxpossibleFlows=1
maxpossibleFlows=7
7 taint flow paths FOUND from <java.lang.String: byte[] getBytes(java.lang.String)> to <java.io.OutputStream: void write(byte[])>
maxpossibleFlows=1
maxpossibleFlows=1
maxpossibleFlows=1
maxpossibleFlows=1
maxpossibleFlows=1
1 taint flow paths FOUND from <android.app.Activity: java.lang.Object getSystemService(java.lang.String)> to <android.content.Intent: android.content.Intent setClass(android.content.Context,java.lang.Class)>
maxpossibleFlows=2
maxpossibleFlows=5
maxpossibleFlows=5
maxpossibleFlows=5
maxpossibleFlows=5
maxpossibleFlows=5
maxpossibleFlows=5
maxpossibleFlows=5
maxpossibleFlows=5
maxpossibleFlows=5
maxpossibleFlows=3
maxpossibleFlows=5
maxpossibleFlows=4
maxpossibleFlows=5
maxpossibleFlows=5
maxpossibleFlows=5
maxpossibleFlows=5
maxpossibleFlows=5
5 taint flow paths FOUND from <android.content.ContextWrapper: android.content.pm.PackageManager getPackageManager()> to <android.view.Window: void setFlags(int,int)>
maxpossibleFlows=5
maxpossibleFlows=5
5 taint flow paths FOUND from <android.app.Activity: android.view.WindowManager getWindowManager()> to <android.view.SurfaceView: void setVisibility(int)>
maxpossibleFlows=2
maxpossibleFlows=3
maxpossibleFlows=3
maxpossibleFlows=3
maxpossibleFlows=3
maxpossibleFlows=3
maxpossibleFlows=3
maxpossibleFlows=3
maxpossibleFlows=3
maxpossibleFlows=3
maxpossibleFlows=3
maxpossibleFlows=3
maxpossibleFlows=3
maxpossibleFlows=3
maxpossibleFlows=3
maxpossibleFlows=3
maxpossibleFlows=3
maxpossibleFlows=3
3 taint flow paths FOUND from <android.content.ContextWrapper: android.content.pm.PackageManager getPackageManager()> to <android.app.Activity: void setContentView(int)>
maxpossibleFlows=6
maxpossibleFlows=5
maxpossibleFlows=6
maxpossibleFlows=1
maxpossibleFlows=5
maxpossibleFlows=5
maxpossibleFlows=5
maxpossibleFlows=6
maxpossibleFlows=1
maxpossibleFlows=6
maxpossibleFlows=5
maxpossibleFlows=6
maxpossibleFlows=3
maxpossibleFlows=6
maxpossibleFlows=1
maxpossibleFlows=4
maxpossibleFlows=1
maxpossibleFlows=5
maxpossibleFlows=1
maxpossibleFlows=5
maxpossibleFlows=1
maxpossibleFlows=6
maxpossibleFlows=6
maxpossibleFlows=6
6 taint flow paths FOUND from <android.content.ContextWrapper: android.content.pm.PackageManager getPackageManager()> to <android.location.Criteria: void setAccuracy(int)>
maxpossibleFlows=2
maxpossibleFlows=4
maxpossibleFlows=4
maxpossibleFlows=4
maxpossibleFlows=4
maxpossibleFlows=4
maxpossibleFlows=4
maxpossibleFlows=4
maxpossibleFlows=4
maxpossibleFlows=4
maxpossibleFlows=3
maxpossibleFlows=4
maxpossibleFlows=4
maxpossibleFlows=4
maxpossibleFlows=4
maxpossibleFlows=4
maxpossibleFlows=4
maxpossibleFlows=4
2 taint flow paths FOUND from <android.content.ContextWrapper: android.content.pm.PackageManager getPackageManager()> to <android.app.Activity: void setVolumeControlStream(int)>
maxpossibleFlows=1
maxpossibleFlows=1
maxpossibleFlows=1
maxpossibleFlows=1
maxpossibleFlows=5
maxpossibleFlows=2
2 taint flow paths FOUND from <android.telephony.TelephonyManager: java.lang.String getNetworkOperator()> to <org.apache.http.params.BasicHttpParams: org.apache.http.params.HttpParams setParameter(java.lang.String,java.lang.Object)>
maxpossibleFlows=5
maxpossibleFlows=5
maxpossibleFlows=5
maxpossibleFlows=5
maxpossibleFlows=5
maxpossibleFlows=5
maxpossibleFlows=5
maxpossibleFlows=5
maxpossibleFlows=5
maxpossibleFlows=5
maxpossibleFlows=3
maxpossibleFlows=5
maxpossibleFlows=4
maxpossibleFlows=5
maxpossibleFlows=5
5 taint flow paths FOUND from <android.app.PendingIntent: android.app.PendingIntent getBroadcast(android.content.Context,int,android.content.Intent,int)> to <android.app.AlarmManager: void setRepeating(int,long,long,android.app.PendingIntent)>
maxpossibleFlows=2
maxpossibleFlows=3
maxpossibleFlows=3
maxpossibleFlows=3
maxpossibleFlows=3
maxpossibleFlows=3
maxpossibleFlows=3
maxpossibleFlows=3
maxpossibleFlows=3
maxpossibleFlows=3
maxpossibleFlows=3
maxpossibleFlows=3
maxpossibleFlows=3
maxpossibleFlows=3
maxpossibleFlows=3
maxpossibleFlows=3
maxpossibleFlows=3
maxpossibleFlows=3
3 taint flow paths FOUND from <android.content.ContextWrapper: android.content.pm.PackageManager getPackageManager()> to <android.os.Handler: boolean sendMessageDelayed(android.os.Message,long)>
maxpossibleFlows=3
3 taint flow paths FOUND from <java.util.TimeZone: java.util.TimeZone getTimeZone(java.lang.String)> to <java.text.DateFormat: void setTimeZone(java.util.TimeZone)>
maxpossibleFlows=1
maxpossibleFlows=1
maxpossibleFlows=1
maxpossibleFlows=1
maxpossibleFlows=1
maxpossibleFlows=1
maxpossibleFlows=1
maxpossibleFlows=1
1 taint flow paths FOUND from <android.app.PendingIntent: android.app.PendingIntent getBroadcast(android.content.Context,int,android.content.Intent,int)> to <android.app.AlarmManager: void set(int,long,android.app.PendingIntent)>
maxpossibleFlows=1
maxpossibleFlows=1
maxpossibleFlows=2
maxpossibleFlows=5
maxpossibleFlows=5
maxpossibleFlows=1
maxpossibleFlows=1
maxpossibleFlows=5
maxpossibleFlows=5
maxpossibleFlows=5
maxpossibleFlows=5
maxpossibleFlows=1
maxpossibleFlows=5
maxpossibleFlows=5
maxpossibleFlows=5
maxpossibleFlows=3
maxpossibleFlows=5
maxpossibleFlows=4
maxpossibleFlows=1
maxpossibleFlows=2
maxpossibleFlows=5
maxpossibleFlows=1
maxpossibleFlows=5
maxpossibleFlows=2
maxpossibleFlows=2
2 taint flow paths FOUND from <java.lang.StringBuilder: java.lang.String toString()> to <android.util.Log: int d(java.lang.String,java.lang.String)>
maxpossibleFlows=2
maxpossibleFlows=2
maxpossibleFlows=2
maxpossibleFlows=2
maxpossibleFlows=2
maxpossibleFlows=2
maxpossibleFlows=2
maxpossibleFlows=2
maxpossibleFlows=2
maxpossibleFlows=2
maxpossibleFlows=2
maxpossibleFlows=2
maxpossibleFlows=2
maxpossibleFlows=2
maxpossibleFlows=2
maxpossibleFlows=4
3 taint flow paths FOUND from <java.lang.StringBuilder: java.lang.String toString()> to <android.util.Log: int i(java.lang.String,java.lang.String)>
maxpossibleFlows=2
maxpossibleFlows=2
maxpossibleFlows=2
maxpossibleFlows=2
maxpossibleFlows=2
maxpossibleFlows=2
maxpossibleFlows=2
maxpossibleFlows=2
maxpossibleFlows=2
maxpossibleFlows=2
maxpossibleFlows=2
maxpossibleFlows=2
maxpossibleFlows=2
maxpossibleFlows=2
maxpossibleFlows=2
maxpossibleFlows=2
maxpossibleFlows=2
maxpossibleFlows=2
maxpossibleFlows=2
maxpossibleFlows=2
maxpossibleFlows=2
maxpossibleFlows=2
maxpossibleFlows=2
maxpossibleFlows=2
maxpossibleFlows=2
maxpossibleFlows=2
maxpossibleFlows=2
maxpossibleFlows=2
maxpossibleFlows=2
maxpossibleFlows=2
maxpossibleFlows=2
maxpossibleFlows=2
maxpossibleFlows=2
maxpossibleFlows=2
maxpossibleFlows=1
maxpossibleFlows=1
maxpossibleFlows=2
2 taint flow paths FOUND from <android.content.Intent: java.lang.String getAction()> to <android.os.Handler: boolean sendEmptyMessageDelayed(int,long)>
[WARNING] [32mVERBOSE[0m Callback method :<init> in Class android.support.v4.app.Fragment
[WARNING] [32mVERBOSE[0m Callback method :onConfigurationChanged in Class android.support.v4.app.Fragment
[WARNING] [32mVERBOSE[0m Callback method :onCreateContextMenu in Class android.support.v4.app.Fragment
[WARNING] [32mVERBOSE[0m Callback method :onLowMemory in Class android.support.v4.app.Fragment
[WARNING] [32mVERBOSE[0m Callback method :<init> in Class android.support.v4.app.DialogFragment
[WARNING] [32mVERBOSE[0m Callback method :onCancel in Class android.support.v4.app.DialogFragment
[WARNING] [32mVERBOSE[0m Callback method :onDismiss in Class android.support.v4.app.DialogFragment
[WARNING] [32mVERBOSE[0m Callback method :<init> in Class com.blutrumpet.sdk.phonegap.AccelListener
[WARNING] [32mVERBOSE[0m Callback method :onAccuracyChanged in Class com.blutrumpet.sdk.phonegap.AccelListener
[WARNING] [32mVERBOSE[0m Callback method :onSensorChanged in Class com.blutrumpet.sdk.phonegap.AccelListener
[WARNING] [32mVERBOSE[0m Callback method :<init> in Class com.hyperkani.airhockey.AirHockeyGame
[WARNING] [32mVERBOSE[0m Callback method :onActivityResult in Class com.hyperkani.airhockey.AirHockeyGame
[WARNING] [32mVERBOSE[0m Callback method :onClick in Class com.hyperkani.airhockey.AirHockeyGame
[WARNING] [32mVERBOSE[0m Callback method :onCreate in Class com.hyperkani.airhockey.AirHockeyGame
[WARNING] [32mVERBOSE[0m Callback method :onKeyDown in Class com.hyperkani.airhockey.AirHockeyGame
[WARNING] [32mVERBOSE[0m Callback method :onKeyUp in Class com.hyperkani.airhockey.AirHockeyGame
[WARNING] [32mVERBOSE[0m Callback method :onPause in Class com.hyperkani.airhockey.AirHockeyGame
[WARNING] [32mVERBOSE[0m Callback method :onResume in Class com.hyperkani.airhockey.AirHockeyGame
[WARNING] [32mVERBOSE[0m Callback method :onSaveInstanceState in Class com.hyperkani.airhockey.AirHockeyGame
[WARNING] [32mVERBOSE[0m Callback method :onStart in Class com.hyperkani.airhockey.AirHockeyGame
[WARNING] [32mVERBOSE[0m Callback method :onStop in Class com.hyperkani.airhockey.AirHockeyGame
[WARNING] [32mVERBOSE[0m Callback method :<init> in Class com.hyperkani.airhockey.AirHockeyMainMenuAdfree
[WARNING] [32mVERBOSE[0m Callback method :onActivityResult in Class com.hyperkani.airhockey.AirHockeyMainMenuAdfree
[WARNING] [32mVERBOSE[0m Callback method :onClick in Class com.hyperkani.airhockey.AirHockeyMainMenuAdfree
[WARNING] [32mVERBOSE[0m Callback method :onCreate in Class com.hyperkani.airhockey.AirHockeyMainMenuAdfree
[WARNING] [32mVERBOSE[0m Callback method :onDestroy in Class com.hyperkani.airhockey.AirHockeyMainMenuAdfree
[WARNING] [32mVERBOSE[0m Callback method :onKeyDown in Class com.hyperkani.airhockey.AirHockeyMainMenuAdfree
[WARNING] [32mVERBOSE[0m Callback method :onPause in Class com.hyperkani.airhockey.AirHockeyMainMenuAdfree
[WARNING] [32mVERBOSE[0m Callback method :onProgressChanged in Class com.hyperkani.airhockey.AirHockeyMainMenuAdfree
[WARNING] [32mVERBOSE[0m Callback method :onResume in Class com.hyperkani.airhockey.AirHockeyMainMenuAdfree
[WARNING] [32mVERBOSE[0m Callback method :onStart in Class com.hyperkani.airhockey.AirHockeyMainMenuAdfree
[WARNING] [32mVERBOSE[0m Callback method :onStartTrackingTouch in Class com.hyperkani.airhockey.AirHockeyMainMenuAdfree
[WARNING] [32mVERBOSE[0m Callback method :onStop in Class com.hyperkani.airhockey.AirHockeyMainMenuAdfree
[WARNING] [32mVERBOSE[0m Callback method :onStopTrackingTouch in Class com.hyperkani.airhockey.AirHockeyMainMenuAdfree
[WARNING] [32mVERBOSE[0m Callback method :onTouch in Class com.hyperkani.airhockey.AirHockeyMainMenuAdfree
[WARNING] [32mVERBOSE[0m Callback method :<init> in Class com.hyperkani.airhockey.AirHockeyMainMenuNormal
[WARNING] [32mVERBOSE[0m Callback method :onActivityResult in Class com.hyperkani.airhockey.AirHockeyMainMenuNormal
[WARNING] [32mVERBOSE[0m Callback method :onClick in Class com.hyperkani.airhockey.AirHockeyMainMenuNormal
[WARNING] [32mVERBOSE[0m Callback method :onCreate in Class com.hyperkani.airhockey.AirHockeyMainMenuNormal
[WARNING] [32mVERBOSE[0m Callback method :onDestroy in Class com.hyperkani.airhockey.AirHockeyMainMenuNormal
[WARNING] [32mVERBOSE[0m Callback method :onKeyDown in Class com.hyperkani.airhockey.AirHockeyMainMenuNormal
[WARNING] [32mVERBOSE[0m Callback method :onPause in Class com.hyperkani.airhockey.AirHockeyMainMenuNormal
[WARNING] [32mVERBOSE[0m Callback method :onProgressChanged in Class com.hyperkani.airhockey.AirHockeyMainMenuNormal
[WARNING] [32mVERBOSE[0m Callback method :onResume in Class com.hyperkani.airhockey.AirHockeyMainMenuNormal
[WARNING] [32mVERBOSE[0m Callback method :onStart in Class com.hyperkani.airhockey.AirHockeyMainMenuNormal
[WARNING] [32mVERBOSE[0m Callback method :onStartTrackingTouch in Class com.hyperkani.airhockey.AirHockeyMainMenuNormal
[WARNING] [32mVERBOSE[0m Callback method :onStop in Class com.hyperkani.airhockey.AirHockeyMainMenuNormal
[WARNING] [32mVERBOSE[0m Callback method :onStopTrackingTouch in Class com.hyperkani.airhockey.AirHockeyMainMenuNormal
[WARNING] [32mVERBOSE[0m Callback method :onTouch in Class com.hyperkani.airhockey.AirHockeyMainMenuNormal
[WARNING] [32mVERBOSE[0m Callback method :<init> in Class com.kuguo.ad.BoutiqueActivity
[WARNING] [32mVERBOSE[0m Callback method :finish in Class com.kuguo.ad.BoutiqueActivity
[WARNING] [32mVERBOSE[0m Callback method :onCreate in Class com.kuguo.ad.BoutiqueActivity
[WARNING] [32mVERBOSE[0m Callback method :onItemClick in Class com.kuguo.ad.BoutiqueActivity
Result for malicious-app-77-3D236B2A21DB5BB5D704A6A55B4A49F145EECE8F5FBF1825D8B0E31FB1E0EF20.apkcom.hyperkani.airhockey