DUA-Forensics args to Soot: -w -cp /home/hcosta/bench/benchmark/libs/droidfax.jar:/home/hcosta/Android/Sdk/platforms/android-28/android.jar -p cg verbose:false,implicit-entry:true -p cg.spark verbose:false,on-fly-cg:true,rta:false -d /home/hcosta/bench/benchmark/trace/180/5/droidbot/benign-app-35-479524F88939A67F8DDD7A4235A26E6228A81FA56A00666795E439B00B41F1F8.apk.logcat -process-dir /home/hcosta/bench/benchmark/data/input/benign-app-35-479524F88939A67F8DDD7A4235A26E6228A81FA56A00666795E439B00B41F1F8.apk 
Soot started on Thu Apr 21 12:23:42 CEST 2022
Warning: com.ironsource.mobilcore.BaseFlowBasedAdUnit is a phantom class!
Warning: java.lang.invoke.LambdaMetafactory is a phantom class!
Warning: java.lang.ref.Finalizer is a phantom class!
[Call Graph] For information on where the call graph may be incomplete, use the verbose option to the cg phase.
[Spark] Pointer Assignment Graph in 0.0 seconds.
[Spark] Type masks in 0.0 seconds.
[Spark] Pointer Graph simplified in 0.0 seconds.
[Spark] Propagation in 0.0 seconds.
[Spark] Solution found in 0.0 seconds.
hcai's internal transform
Running static analysis for security-relevant feature characterization
[GatorHierarchy] [32mVERBOSE[0m [HIER] All classes: 983
[GatorHierarchy] [32mVERBOSE[0m [App: 75, Lib : 905, Phantom: 3]
[GatorHierarchy] [32mVERBOSE[0m [HIER] Activities: 9, lib activities: 1
[GatorHierarchy] [32mVERBOSE[0m [HIER] App views: 1, Lib views: 15
[GatorHierarchy] [32mVERBOSE[0m [HIER] App Dialogs: 0, Lib Dialogs: 3
[TIMECOST] [32mVERBOSE[0m buildApplicationCodeMap parsing starting at 1650536623107
[TIMECOST] [32mVERBOSE[0m buildApplicationCodeMap parsing finished at 1650536624243
[Instantiated app classes] [32mVERBOSE[0m total number: 71
[WARNING] [32mVERBOSE[0m Callback method :onPause in Class com.magicwach.rdefense.GameActivity added
[WARNING] [32mVERBOSE[0m Callback method :onStop in Class com.magicwach.rdefense.GameActivity added
[WARNING] [32mVERBOSE[0m Callback method :onCreate in Class com.magicwach.rdefense.GameActivity added
[WARNING] [32mVERBOSE[0m Callback method :onCreateOptionsMenu in Class com.magicwach.rdefense.GameActivity added
[WARNING] [32mVERBOSE[0m Callback method :onStart in Class com.magicwach.rdefense.GameActivity added
[WARNING] [32mVERBOSE[0m Callback method :onOptionsItemSelected in Class com.magicwach.rdefense.GameActivity added
[WARNING] [32mVERBOSE[0m Callback method :onResume in Class com.magicwach.rdefense.GameActivity added
[WARNING] [32mVERBOSE[0m Callback method :onKeyDown in Class com.magicwach.rdefense.AchievementActivity added
[WARNING] [32mVERBOSE[0m Callback method :onCreate in Class com.magicwach.rdefense.AchievementActivity added
[WARNING] [32mVERBOSE[0m Callback method :onClick in Class com.magicwach.rdefense.AchievementActivity added
[WARNING] [32mVERBOSE[0m Callback method :onCreate in Class com.magicwach.rdefense.DebugActivity added
[WARNING] [32mVERBOSE[0m Callback method :onClick in Class com.magicwach.rdefense.DebugActivity added
[WARNING] [32mVERBOSE[0m Callback method :onKeyDown in Class com.magicwach.rdefense.CreditsActivity added
[WARNING] [32mVERBOSE[0m Callback method :onCreate in Class com.magicwach.rdefense.CreditsActivity added
[WARNING] [32mVERBOSE[0m Callback method :onClick in Class com.magicwach.rdefense.CreditsActivity added
[WARNING] [32mVERBOSE[0m Callback method :onCreate in Class com.magicwach.rdefense.LevelSelectActivity added
[WARNING] [32mVERBOSE[0m Callback method :onClick in Class com.magicwach.rdefense.LevelSelectActivity added
[WARNING] [32mVERBOSE[0m Callback method :onKeyDown in Class com.magicwach.rdefense.MixerSelectActivity added
[WARNING] [32mVERBOSE[0m Callback method :onCreate in Class com.magicwach.rdefense.MixerSelectActivity added
[WARNING] [32mVERBOSE[0m Callback method :onClick in Class com.magicwach.rdefense.MixerSelectActivity added
[WARNING] [32mVERBOSE[0m Callback method :onCreateDialog in Class com.magicwach.rdefense.TitleActivity added
[WARNING] [32mVERBOSE[0m Callback method :onCreate in Class com.magicwach.rdefense.TitleActivity added
[WARNING] [32mVERBOSE[0m Callback method :onClick in Class com.magicwach.rdefense.TitleActivity added
[WARNING] [32mVERBOSE[0m Callback method :onKeyDown in Class com.magicwach.rdefense.RewardActivity added
[WARNING] [32mVERBOSE[0m Callback method :onCreate in Class com.magicwach.rdefense.RewardActivity added
[WARNING] [32mVERBOSE[0m Callback method :onClick in Class com.magicwach.rdefense.RewardActivity added
[WARNING] [32mVERBOSE[0m Callback method :onKeyDown in Class com.magicwach.rdefense.OptionsActivity added
[WARNING] [32mVERBOSE[0m Callback method :onCreate in Class com.magicwach.rdefense.OptionsActivity added
[WARNING] [32mVERBOSE[0m Callback method :onClick in Class com.magicwach.rdefense.OptionsActivity added
0 ICC links found and 0 cg edges added due to ICC links
dynamic conflated call graph: 105 methods; 105 nodes; 147 edges.
maxpossibleFlows=8
maxpossibleFlows=8
maxpossibleFlows=8
maxpossibleFlows=8
maxpossibleFlows=8
1 taint flow paths FOUND from <android.content.ContextWrapper: android.content.SharedPreferences getSharedPreferences(java.lang.String,int)> to <android.widget.TextView: void setText(java.lang.CharSequence)>
maxpossibleFlows=8
maxpossibleFlows=8
maxpossibleFlows=8
maxpossibleFlows=8
maxpossibleFlows=6
6 taint flow paths FOUND from <java.lang.StringBuilder: java.lang.String toString()> to <android.widget.TextView: void setText(java.lang.CharSequence)>
maxpossibleFlows=2
2 taint flow paths FOUND from <java.lang.StringBuffer: java.lang.String toString()> to <android.widget.TextView: void setText(java.lang.CharSequence)>
maxpossibleFlows=8
maxpossibleFlows=8
maxpossibleFlows=8
maxpossibleFlows=8
maxpossibleFlows=66
66 taint flow paths FOUND from <android.view.View: android.view.ViewGroup$LayoutParams getLayoutParams()> to <android.widget.TextView: void setText(java.lang.CharSequence)>
maxpossibleFlows=1
1 taint flow paths FOUND from <android.view.View: int getId()> to <android.app.Activity: void startActivity(android.content.Intent)>
maxpossibleFlows=8
maxpossibleFlows=8
1 taint flow paths FOUND from <android.content.ContextWrapper: android.content.SharedPreferences getSharedPreferences(java.lang.String,int)> to <android.widget.TextView: void setText(java.lang.CharSequence)>
maxpossibleFlows=8
maxpossibleFlows=8
8 taint flow paths FOUND from <android.content.ContextWrapper: android.content.SharedPreferences getSharedPreferences(java.lang.String,int)> to <android.widget.TextView: void setEnabled(boolean)>
maxpossibleFlows=1
1 taint flow paths FOUND from <android.view.View: int getId()> to <android.app.Activity: void startActivity(android.content.Intent)>
maxpossibleFlows=8
maxpossibleFlows=8
maxpossibleFlows=8
maxpossibleFlows=8
maxpossibleFlows=2
maxpossibleFlows=8
maxpossibleFlows=6
maxpossibleFlows=1
maxpossibleFlows=1
maxpossibleFlows=63
maxpossibleFlows=8
maxpossibleFlows=8
8 taint flow paths FOUND from <android.content.ContextWrapper: android.content.SharedPreferences getSharedPreferences(java.lang.String,int)> to <android.app.Activity: void setRequestedOrientation(int)>
[WARNING] [32mVERBOSE[0m Callback method :<init> in Class com.magicwach.rdefense.AchievementActivity
[WARNING] [32mVERBOSE[0m Callback method :onClick in Class com.magicwach.rdefense.AchievementActivity
[WARNING] [32mVERBOSE[0m Callback method :onCreate in Class com.magicwach.rdefense.AchievementActivity
[WARNING] [32mVERBOSE[0m Callback method :onKeyDown in Class com.magicwach.rdefense.AchievementActivity
[WARNING] [32mVERBOSE[0m Callback method :<init> in Class com.magicwach.rdefense.CreditsActivity
[WARNING] [32mVERBOSE[0m Callback method :onClick in Class com.magicwach.rdefense.CreditsActivity
[WARNING] [32mVERBOSE[0m Callback method :onCreate in Class com.magicwach.rdefense.CreditsActivity
[WARNING] [32mVERBOSE[0m Callback method :onKeyDown in Class com.magicwach.rdefense.CreditsActivity
[WARNING] [32mVERBOSE[0m Callback method :<init> in Class com.magicwach.rdefense.DebugActivity
[WARNING] [32mVERBOSE[0m Callback method :onClick in Class com.magicwach.rdefense.DebugActivity
[WARNING] [32mVERBOSE[0m Callback method :onCreate in Class com.magicwach.rdefense.DebugActivity
[WARNING] [32mVERBOSE[0m Callback method :<init> in Class com.magicwach.rdefense.LevelSelectActivity
[WARNING] [32mVERBOSE[0m Callback method :onClick in Class com.magicwach.rdefense.LevelSelectActivity
[WARNING] [32mVERBOSE[0m Callback method :onCreate in Class com.magicwach.rdefense.LevelSelectActivity
[WARNING] [32mVERBOSE[0m Callback method :<init> in Class com.magicwach.rdefense.MixerSelectActivity
[WARNING] [32mVERBOSE[0m Callback method :onClick in Class com.magicwach.rdefense.MixerSelectActivity
[WARNING] [32mVERBOSE[0m Callback method :onCreate in Class com.magicwach.rdefense.MixerSelectActivity
[WARNING] [32mVERBOSE[0m Callback method :onKeyDown in Class com.magicwach.rdefense.MixerSelectActivity
[WARNING] [32mVERBOSE[0m Callback method :<init> in Class com.magicwach.rdefense.OptionsActivity
[WARNING] [32mVERBOSE[0m Callback method :onClick in Class com.magicwach.rdefense.OptionsActivity
[WARNING] [32mVERBOSE[0m Callback method :onCreate in Class com.magicwach.rdefense.OptionsActivity
[WARNING] [32mVERBOSE[0m Callback method :onKeyDown in Class com.magicwach.rdefense.OptionsActivity
[WARNING] [32mVERBOSE[0m Callback method :<init> in Class com.magicwach.rdefense.RewardActivity
[WARNING] [32mVERBOSE[0m Callback method :onClick in Class com.magicwach.rdefense.RewardActivity
[WARNING] [32mVERBOSE[0m Callback method :onCreate in Class com.magicwach.rdefense.RewardActivity
[WARNING] [32mVERBOSE[0m Callback method :onKeyDown in Class com.magicwach.rdefense.RewardActivity
[WARNING] [32mVERBOSE[0m Callback method :<init> in Class com.magicwach.rdefense.TitleActivity
[WARNING] [32mVERBOSE[0m Callback method :onClick in Class com.magicwach.rdefense.TitleActivity
[WARNING] [32mVERBOSE[0m Callback method :onCreate in Class com.magicwach.rdefense.TitleActivity
[WARNING] [32mVERBOSE[0m Callback method :onCreateDialog in Class com.magicwach.rdefense.TitleActivity
Result for benign-app-35-479524F88939A67F8DDD7A4235A26E6228A81FA56A00666795E439B00B41F1F8.apkcom.magicwach.rdefense