DUA-Forensics args to Soot: -w -cp /home/hcosta/bench/benchmark/libs/droidfax.jar:/home/hcosta/Android/Sdk/platforms/android-28/android.jar -p cg verbose:false,implicit-entry:true -p cg.spark verbose:false,on-fly-cg:true,rta:false -d /home/hcosta/bench/benchmark/trace/180/5/droidbot/benign-app-46-6C8A5B1FF6B22F522A0D22DD42A1CF6769722B47B41B8293AC58D6709467A0C8.apk.logcat -process-dir /home/hcosta/bench/benchmark/data/input/benign-app-46-6C8A5B1FF6B22F522A0D22DD42A1CF6769722B47B41B8293AC58D6709467A0C8.apk 
Soot started on Thu Apr 21 12:31:31 CEST 2022
Warning: com.ironsource.mobilcore.BaseFlowBasedAdUnit is a phantom class!
Warning: java.lang.invoke.LambdaMetafactory is a phantom class!
Warning: java.lang.ref.Finalizer is a phantom class!
[Call Graph] For information on where the call graph may be incomplete, use the verbose option to the cg phase.
[Spark] Pointer Assignment Graph in 0.0 seconds.
[Spark] Type masks in 0.0 seconds.
[Spark] Pointer Graph simplified in 0.0 seconds.
[Spark] Propagation in 0.0 seconds.
[Spark] Solution found in 0.0 seconds.
hcai's internal transform
Running static analysis for security-relevant feature characterization
[GatorHierarchy] [32mVERBOSE[0m [HIER] All classes: 1015
[GatorHierarchy] [32mVERBOSE[0m [App: 55, Lib : 957, Phantom: 3]
[GatorHierarchy] [32mVERBOSE[0m [HIER] Activities: 8, lib activities: 1
[GatorHierarchy] [32mVERBOSE[0m [HIER] App views: 3, Lib views: 19
[GatorHierarchy] [32mVERBOSE[0m [HIER] App Dialogs: 0, Lib Dialogs: 3
[TIMECOST] [32mVERBOSE[0m buildApplicationCodeMap parsing starting at 1650537092568
[TIMECOST] [32mVERBOSE[0m buildApplicationCodeMap parsing finished at 1650537093114
[Instantiated app classes] [32mVERBOSE[0m total number: 85
[WARNING] [32mVERBOSE[0m Callback method :onCreate in Class oms.sdt.main added
[WARNING] [32mVERBOSE[0m Callback method :onClick in Class oms.sdt.main added
[WARNING] [32mVERBOSE[0m Callback method :onCreate in Class oms.sdt.setupcolor added
[WARNING] [32mVERBOSE[0m Callback method :onClick in Class oms.sdt.setupcolor added
[WARNING] [32mVERBOSE[0m Callback method :onCreate in Class oms.sdt.settime added
[WARNING] [32mVERBOSE[0m Callback method :onClick in Class oms.sdt.settime added
[WARNING] [32mVERBOSE[0m Callback method :onCreate in Class oms.sdt.colorlist added
[WARNING] [32mVERBOSE[0m Callback method :onClick in Class oms.sdt.colorlist added
[WARNING] [32mVERBOSE[0m Callback method :onCreate in Class oms.sdt.light added
[WARNING] [32mVERBOSE[0m Callback method :onClick in Class oms.sdt.light added
[WARNING] [32mVERBOSE[0m Callback method :onCreate in Class oms.sdt.multicolor added
[WARNING] [32mVERBOSE[0m Callback method :onClick in Class oms.sdt.multicolor added
[WARNING] [32mVERBOSE[0m Callback method :onCreate in Class oms.sdt.deletecolor added
[WARNING] [32mVERBOSE[0m Callback method :onClick in Class oms.sdt.deletecolor added
[WARNING] [32mVERBOSE[0m Callback method :onCreate in Class oms.sdt.first added
[WARNING] [32mVERBOSE[0m Callback method :onClick in Class oms.sdt.first added
0 ICC links found and 0 cg edges added due to ICC links
dynamic conflated call graph: 129 methods; 129 nodes; 155 edges.
maxpossibleFlows=1
1 taint flow paths FOUND from <android.location.LocationManager: java.lang.String getBestProvider(android.location.Criteria,boolean)> to <android.util.Log: int w(java.lang.String,java.lang.String)>
maxpossibleFlows=2
2 taint flow paths FOUND from <android.view.Display: int getWidth()> to <android.app.Activity: void setContentView(int)>
maxpossibleFlows=2
maxpossibleFlows=2
maxpossibleFlows=2
2 taint flow paths FOUND from <java.net.URLConnection: java.io.OutputStream getOutputStream()> to <android.util.Log: int e(java.lang.String,java.lang.String,java.lang.Throwable)>
maxpossibleFlows=2
2 taint flow paths FOUND from <android.view.Window: android.view.WindowManager getWindowManager()> to <android.app.Activity: void setContentView(int)>
maxpossibleFlows=1
maxpossibleFlows=2
maxpossibleFlows=1
1 taint flow paths FOUND from <android.view.View: int getId()> to <android.app.Activity: void startActivity(android.content.Intent)>
maxpossibleFlows=1
maxpossibleFlows=2
2 taint flow paths FOUND from <java.lang.StringBuilder: java.lang.String toString()> to <android.util.Log: int i(java.lang.String,java.lang.String)>
maxpossibleFlows=1
maxpossibleFlows=1
1 taint flow paths FOUND from <android.app.Activity: java.lang.Object getSystemService(java.lang.String)> to <android.util.Log: int w(java.lang.String,java.lang.String)>
maxpossibleFlows=1
maxpossibleFlows=1
maxpossibleFlows=1
maxpossibleFlows=1
maxpossibleFlows=1
maxpossibleFlows=1
maxpossibleFlows=1
maxpossibleFlows=1
maxpossibleFlows=1
maxpossibleFlows=1
maxpossibleFlows=2
maxpossibleFlows=2
maxpossibleFlows=2
2 taint flow paths FOUND from <java.lang.Throwable: java.lang.String getMessage()> to <android.util.Log: int e(java.lang.String,java.lang.String,java.lang.Throwable)>
maxpossibleFlows=1
1 taint flow paths FOUND from <android.app.Activity: android.view.Window getWindow()> to <android.widget.TextView: void setTextColor(int)>
maxpossibleFlows=2
maxpossibleFlows=1
maxpossibleFlows=2
maxpossibleFlows=2
maxpossibleFlows=1
maxpossibleFlows=2
maxpossibleFlows=2
maxpossibleFlows=1
maxpossibleFlows=2
maxpossibleFlows=1
maxpossibleFlows=1
maxpossibleFlows=2
2 taint flow paths FOUND from <android.view.Display: int getHeight()> to <android.app.Activity: void setContentView(int)>
maxpossibleFlows=2
maxpossibleFlows=1
maxpossibleFlows=1
maxpossibleFlows=1
maxpossibleFlows=2
maxpossibleFlows=2
maxpossibleFlows=1
1 taint flow paths FOUND from <android.location.LocationManager: java.lang.String getBestProvider(android.location.Criteria,boolean)> to <android.util.Log: int w(java.lang.String,java.lang.String)>
maxpossibleFlows=1
maxpossibleFlows=2
2 taint flow paths FOUND from <java.lang.StringBuilder: java.lang.String toString()> to <android.util.Log: int i(java.lang.String,java.lang.String)>
maxpossibleFlows=2
maxpossibleFlows=2
maxpossibleFlows=2
2 taint flow paths FOUND from <java.lang.StringBuilder: java.lang.String toString()> to <android.util.Log: int d(java.lang.String,java.lang.String)>
maxpossibleFlows=2
2 taint flow paths FOUND from <java.net.URLConnection: java.io.OutputStream getOutputStream()> to <android.util.Log: int e(java.lang.String,java.lang.String,java.lang.Throwable)>
maxpossibleFlows=1
1 taint flow paths FOUND from <android.app.Activity: android.view.Window getWindow()> to <android.widget.TextView: void setTextColor(int)>
maxpossibleFlows=1
maxpossibleFlows=1
1 taint flow paths FOUND from <java.lang.StringBuilder: java.lang.String toString()> to <android.content.ContextWrapper: java.io.FileOutputStream openFileOutput(java.lang.String,int)>
maxpossibleFlows=2
2 taint flow paths FOUND from <java.net.URLConnection: java.io.OutputStream getOutputStream()> to <java.io.PrintWriter: void write(java.lang.String)>
maxpossibleFlows=1
1 taint flow paths FOUND from <android.view.View: int getId()> to <android.app.Activity: void startActivity(android.content.Intent)>
maxpossibleFlows=2
2 taint flow paths FOUND from <android.view.Display: int getWidth()> to <android.app.Activity: void setContentView(int)>
maxpossibleFlows=2
maxpossibleFlows=1
maxpossibleFlows=1
maxpossibleFlows=1
maxpossibleFlows=2
maxpossibleFlows=2
maxpossibleFlows=1
maxpossibleFlows=1
1 taint flow paths FOUND from <java.lang.StringBuilder: java.lang.String toString()> to <java.io.Writer: void write(java.lang.String)>
maxpossibleFlows=1
maxpossibleFlows=1
1 taint flow paths FOUND from <android.app.Activity: java.lang.Object getSystemService(java.lang.String)> to <android.location.Criteria: void setAccuracy(int)>
maxpossibleFlows=1
1 taint flow paths FOUND from <android.view.View: int getId()> to <android.content.Intent: android.content.Intent setClass(android.content.Context,java.lang.Class)>
maxpossibleFlows=2
2 taint flow paths FOUND from <android.view.Display: int getWidth()> to <android.view.Window: void setFlags(int,int)>
maxpossibleFlows=2
maxpossibleFlows=1
maxpossibleFlows=1
maxpossibleFlows=1
maxpossibleFlows=2
maxpossibleFlows=2
[WARNING] [32mVERBOSE[0m Callback method :<init> in Class oms.sdt.colorlist
[WARNING] [32mVERBOSE[0m Callback method :onClick in Class oms.sdt.colorlist
[WARNING] [32mVERBOSE[0m Callback method :onCreate in Class oms.sdt.colorlist
[WARNING] [32mVERBOSE[0m Callback method :<init> in Class oms.sdt.deletecolor
[WARNING] [32mVERBOSE[0m Callback method :onClick in Class oms.sdt.deletecolor
[WARNING] [32mVERBOSE[0m Callback method :onCreate in Class oms.sdt.deletecolor
[WARNING] [32mVERBOSE[0m Callback method :<init> in Class oms.sdt.first
[WARNING] [32mVERBOSE[0m Callback method :onClick in Class oms.sdt.first
[WARNING] [32mVERBOSE[0m Callback method :onCreate in Class oms.sdt.first
[WARNING] [32mVERBOSE[0m Callback method :<init> in Class oms.sdt.light
[WARNING] [32mVERBOSE[0m Callback method :onClick in Class oms.sdt.light
[WARNING] [32mVERBOSE[0m Callback method :onCreate in Class oms.sdt.light
[WARNING] [32mVERBOSE[0m Callback method :<init> in Class oms.sdt.main
[WARNING] [32mVERBOSE[0m Callback method :onClick in Class oms.sdt.main
[WARNING] [32mVERBOSE[0m Callback method :onCreate in Class oms.sdt.main
[WARNING] [32mVERBOSE[0m Callback method :<init> in Class oms.sdt.multicolor
[WARNING] [32mVERBOSE[0m Callback method :onClick in Class oms.sdt.multicolor
[WARNING] [32mVERBOSE[0m Callback method :onCreate in Class oms.sdt.multicolor
[WARNING] [32mVERBOSE[0m Callback method :<init> in Class oms.sdt.settime
[WARNING] [32mVERBOSE[0m Callback method :onClick in Class oms.sdt.settime
[WARNING] [32mVERBOSE[0m Callback method :onCreate in Class oms.sdt.settime
[WARNING] [32mVERBOSE[0m Callback method :<init> in Class oms.sdt.setupcolor
[WARNING] [32mVERBOSE[0m Callback method :onClick in Class oms.sdt.setupcolor
[WARNING] [32mVERBOSE[0m Callback method :onCreate in Class oms.sdt.setupcolor
Result for benign-app-46-6C8A5B1FF6B22F522A0D22DD42A1CF6769722B47B41B8293AC58D6709467A0C8.apkoms.sdt