DUA-Forensics args to Soot: -w -cp /home/hcosta/bench/benchmark/libs/droidfax.jar:/home/hcosta/Android/Sdk/platforms/android-28/android.jar -p cg verbose:false,implicit-entry:true -p cg.spark verbose:false,on-fly-cg:true,rta:false -d /home/hcosta/bench/benchmark/trace/180/1/droidbot/benign-app-2004-9E6DA0135FD6E58BB6C5BF9C1FB5C17E20D689E7C00840AD459BC3A19AF83AA3.apk.logcat -process-dir /home/hcosta/bench/benchmark/data/input/benign-app-2004-9E6DA0135FD6E58BB6C5BF9C1FB5C17E20D689E7C00840AD459BC3A19AF83AA3.apk 
Soot started on Tue Aug 02 13:33:13 CEST 2022
Warning: com.ironsource.mobilcore.BaseFlowBasedAdUnit is a phantom class!
Warning: java.lang.invoke.LambdaMetafactory is a phantom class!
Warning: java.lang.ref.Finalizer is a phantom class!
Warning: android.net.http.AndroidHttpClient is a phantom class!
Warning: com.google.ads.AdRequest is a phantom class!
Warning: com.google.ads.AdView is a phantom class!
Warning: com.google.ads.AdRequest$ErrorCode is a phantom class!
Warning: com.google.ads.AdSize is a phantom class!
Warning: com.google.ads.mediation.MediationAdRequest is a phantom class!
Warning: com.google.ads.mediation.MediationBannerAdapter is a phantom class!
Warning: com.google.ads.mediation.MediationBannerListener is a phantom class!
Warning: com.google.ads.mediation.MediationInterstitialAdapter is a phantom class!
Warning: com.google.ads.mediation.MediationInterstitialListener is a phantom class!
Warning: com.google.ads.mediation.MediationServerParameters$Parameter is a phantom class!
Warning: com.google.ads.mediation.MediationServerParameters is a phantom class!
Warning: com.google.ads.mediation.NetworkExtras is a phantom class!
Warning: org.apache.http.client.methods.HttpGet is a phantom class!
Warning: org.apache.http.HttpEntity is a phantom class!
Warning: org.apache.http.HttpHost is a phantom class!
Warning: org.apache.http.HttpResponse is a phantom class!
Warning: org.apache.http.StatusLine is a phantom class!
Warning: org.apache.http.client.ClientProtocolException is a phantom class!
Warning: org.apache.http.client.HttpClient is a phantom class!
Warning: org.apache.http.client.methods.HttpUriRequest is a phantom class!
Warning: org.apache.http.impl.client.DefaultHttpClient is a phantom class!
Warning: org.apache.http.params.HttpProtocolParams is a phantom class!
Warning: org.apache.http.protocol.BasicHttpContext is a phantom class!
Warning: org.apache.http.protocol.HttpContext is a phantom class!
[Call Graph] For information on where the call graph may be incomplete, use the verbose option to the cg phase.
[Spark] Pointer Assignment Graph in 0.0 seconds.
[Spark] Type masks in 0.0 seconds.
[Spark] Pointer Graph simplified in 0.0 seconds.
[Spark] Propagation in 0.0 seconds.
[Spark] Solution found in 0.0 seconds.
hcai's internal transform
Running static analysis for security-relevant feature characterization
[GatorHierarchy] [32mVERBOSE[0m [HIER] All classes: 1465
[GatorHierarchy] [32mVERBOSE[0m [App: 227, Lib : 1210, Phantom: 28]
[GatorHierarchy] [32mVERBOSE[0m [HIER] Activities: 6, lib activities: 1
[GatorHierarchy] [32mVERBOSE[0m [HIER] App views: 13, Lib views: 22
[GatorHierarchy] [32mVERBOSE[0m [HIER] App Dialogs: 1, Lib Dialogs: 4
[TIMECOST] [32mVERBOSE[0m buildApplicationCodeMap parsing starting at 1659439994349
[TIMECOST] [32mVERBOSE[0m buildApplicationCodeMap parsing finished at 1659439995841
[Instantiated app classes] [32mVERBOSE[0m total number: 233
[WARNING] [32mVERBOSE[0m Callback method :onKeyDown in Class org.cocos2dx.lib.Cocos2dxGLSurfaceView added
[WARNING] [32mVERBOSE[0m Callback method :onTouchEvent in Class org.cocos2dx.lib.Cocos2dxGLSurfaceView added
[WARNING] [32mVERBOSE[0m Callback method :onPause in Class org.cocos2dx.lib.Cocos2dxGLSurfaceView added
[WARNING] [32mVERBOSE[0m Callback method :onSizeChanged in Class org.cocos2dx.lib.Cocos2dxGLSurfaceView added
[WARNING] [32mVERBOSE[0m Callback method :onResume in Class org.cocos2dx.lib.Cocos2dxGLSurfaceView added
[WARNING] [32mVERBOSE[0m Callback method :onPause in Class org.cocos2dx.lib.Cocos2dxActivity added
[WARNING] [32mVERBOSE[0m Callback method :onCreate in Class org.cocos2dx.lib.Cocos2dxActivity added
[WARNING] [32mVERBOSE[0m Callback method :onResume in Class org.cocos2dx.lib.Cocos2dxActivity added
[WARNING] [32mVERBOSE[0m Callback method :onKeyDown in Class org.cocos2dx.lib.Cocos2dxEditText added
[WARNING] [32mVERBOSE[0m Callback method :onReceive in Class com.games.AdReciver added
[WARNING] [32mVERBOSE[0m Callback method :onPause in Class com.balloonisland.hfxw.StarGems added
[WARNING] [32mVERBOSE[0m Callback method :onStop in Class com.balloonisland.hfxw.StarGems added
[WARNING] [32mVERBOSE[0m Callback method :onCreate in Class com.balloonisland.hfxw.StarGems added
[WARNING] [32mVERBOSE[0m Callback method :onDestroy in Class com.balloonisland.hfxw.StarGems added
[WARNING] [32mVERBOSE[0m Callback method :onStart in Class com.balloonisland.hfxw.StarGems added
[WARNING] [32mVERBOSE[0m Callback method :onActivityResult in Class com.balloonisland.hfxw.StarGems added
[WARNING] [32mVERBOSE[0m Callback method :onResume in Class com.balloonisland.hfxw.StarGems added
[WARNING] [32mVERBOSE[0m Callback method :onCreate in Class com.mobfox.sdk.InAppWebView added
[WARNING] [32mVERBOSE[0m Callback method :onCreate in Class com.ccx.xm.AdActivity added
[WARNING] [32mVERBOSE[0m Callback method :onCreate in Class com.balloonisland.hfxw.OpeningActivity added
[WARNING] [32mVERBOSE[0m Callback method :onKeyDown in Class com.mobfox.video.sdk.MobFoxRichMediaActivity added
[WARNING] [32mVERBOSE[0m Callback method :onConfigurationChanged in Class com.mobfox.video.sdk.MobFoxRichMediaActivity added
[WARNING] [32mVERBOSE[0m Callback method :finish in Class com.mobfox.video.sdk.MobFoxRichMediaActivity added
[WARNING] [32mVERBOSE[0m Callback method :onPause in Class com.mobfox.video.sdk.MobFoxRichMediaActivity added
[WARNING] [32mVERBOSE[0m Callback method :onCreate in Class com.mobfox.video.sdk.MobFoxRichMediaActivity added
[WARNING] [32mVERBOSE[0m Callback method :onDestroy in Class com.mobfox.video.sdk.MobFoxRichMediaActivity added
[WARNING] [32mVERBOSE[0m Callback method :onResume in Class com.mobfox.video.sdk.MobFoxRichMediaActivity added
0 ICC links found and 0 cg edges added due to ICC links
dynamic conflated call graph: 0 methods; 0 nodes; 0 edges.
Result for benign-app-2004-9E6DA0135FD6E58BB6C5BF9C1FB5C17E20D689E7C00840AD459BC3A19AF83AA3.apkcom.balloonisland.hfxw