DUA-Forensics args to Soot: -w -cp /home/hcosta/bench/benchmark/libs/droidfax.jar:/home/hcosta/Android/Sdk/platforms/android-28/android.jar -p cg verbose:false,implicit-entry:true -p cg.spark verbose:false,on-fly-cg:true,rta:false -d /home/hcosta/bench/benchmark/trace/180/6/droidbot/benign-app-77-ACFDF7692C6246568C5CA46EF7801916C38AEAE43E068B189830A9450AB47B2F.apk.logcat -process-dir /home/hcosta/bench/benchmark/data/input/benign-app-77-ACFDF7692C6246568C5CA46EF7801916C38AEAE43E068B189830A9450AB47B2F.apk 
Soot started on Fri Apr 22 09:03:03 CEST 2022
Warning: com.ironsource.mobilcore.BaseFlowBasedAdUnit is a phantom class!
Warning: java.lang.invoke.LambdaMetafactory is a phantom class!
Warning: java.lang.ref.Finalizer is a phantom class!
Warning: android.webkit.CacheManager is a phantom class!
Warning: org.apache.http.impl.client.DefaultHttpClient is a phantom class!
Warning: org.apache.http.HttpResponse is a phantom class!
Warning: org.apache.http.client.methods.HttpUriRequest is a phantom class!
Warning: org.apache.http.client.ClientProtocolException is a phantom class!
Warning: org.apache.http.client.HttpClient is a phantom class!
Warning: org.apache.http.HttpEntity is a phantom class!
Warning: junit.framework.Assert is a phantom class!
Warning: org.apache.http.Header is a phantom class!
Warning: org.apache.http.StatusLine is a phantom class!
Warning: org.apache.http.client.methods.HttpGet is a phantom class!
Warning: org.apache.http.client.methods.HttpPost is a phantom class!
Warning: org.apache.http.entity.StringEntity is a phantom class!
Warning: org.apache.http.params.BasicHttpParams is a phantom class!
[Call Graph] For information on where the call graph may be incomplete, use the verbose option to the cg phase.
[Spark] Pointer Assignment Graph in 0.0 seconds.
[Spark] Type masks in 0.0 seconds.
[Spark] Pointer Graph simplified in 0.0 seconds.
[Spark] Propagation in 0.0 seconds.
[Spark] Solution found in 0.0 seconds.
hcai's internal transform
Running static analysis for security-relevant feature characterization
[GatorHierarchy] [32mVERBOSE[0m [HIER] All classes: 1815
[GatorHierarchy] [32mVERBOSE[0m [App: 441, Lib : 1357, Phantom: 17]
[GatorHierarchy] [32mVERBOSE[0m [HIER] Activities: 6, lib activities: 3
[GatorHierarchy] [32mVERBOSE[0m [HIER] App views: 8, Lib views: 26
[GatorHierarchy] [32mVERBOSE[0m [HIER] App Dialogs: 0, Lib Dialogs: 4
[TIMECOST] [32mVERBOSE[0m buildApplicationCodeMap parsing starting at 1650610984159
[TIMECOST] [32mVERBOSE[0m buildApplicationCodeMap parsing finished at 1650610987371
[Instantiated app classes] [32mVERBOSE[0m total number: 356
[WARNING] [32mVERBOSE[0m Callback method :onLowMemory in Class android.support.v4.app.Fragment added
[WARNING] [32mVERBOSE[0m Callback method :onCreateContextMenu in Class android.support.v4.app.Fragment added
[WARNING] [32mVERBOSE[0m Callback method :onConfigurationChanged in Class android.support.v4.app.Fragment added
[WARNING] [32mVERBOSE[0m Callback method :onLowMemory in Class android.support.v4.app.Fragment added
[WARNING] [32mVERBOSE[0m Callback method :onCreateContextMenu in Class android.support.v4.app.Fragment added
[WARNING] [32mVERBOSE[0m Callback method :onCancel in Class android.support.v4.app.DialogFragment added
[WARNING] [32mVERBOSE[0m Callback method :onDismiss in Class android.support.v4.app.DialogFragment added
[WARNING] [32mVERBOSE[0m Callback method :onConfigurationChanged in Class android.support.v4.app.Fragment added
[WARNING] [32mVERBOSE[0m Callback method :onKeyDown in Class android.support.v4.app.FragmentActivity added
[WARNING] [32mVERBOSE[0m Callback method :onPanelClosed in Class android.support.v4.app.FragmentActivity added
[WARNING] [32mVERBOSE[0m Callback method :onConfigurationChanged in Class android.support.v4.app.FragmentActivity added
[WARNING] [32mVERBOSE[0m Callback method :onMenuItemSelected in Class android.support.v4.app.FragmentActivity added
[WARNING] [32mVERBOSE[0m Callback method :onBackPressed in Class android.support.v4.app.FragmentActivity added
[WARNING] [32mVERBOSE[0m Callback method :onRetainNonConfigurationInstance in Class android.support.v4.app.FragmentActivity added
[WARNING] [32mVERBOSE[0m Callback method :onPause in Class android.support.v4.app.FragmentActivity added
[WARNING] [32mVERBOSE[0m Callback method :onStop in Class android.support.v4.app.FragmentActivity added
[WARNING] [32mVERBOSE[0m Callback method :onCreatePanelMenu in Class android.support.v4.app.FragmentActivity added
[WARNING] [32mVERBOSE[0m Callback method :dump in Class android.support.v4.app.FragmentActivity added
[WARNING] [32mVERBOSE[0m Callback method :onCreate in Class android.support.v4.app.FragmentActivity added
[WARNING] [32mVERBOSE[0m Callback method :onCreateView in Class android.support.v4.app.FragmentActivity added
[WARNING] [32mVERBOSE[0m Callback method :onDestroy in Class android.support.v4.app.FragmentActivity added
[WARNING] [32mVERBOSE[0m Callback method :onPreparePanel in Class android.support.v4.app.FragmentActivity added
[WARNING] [32mVERBOSE[0m Callback method :onStart in Class android.support.v4.app.FragmentActivity added
[WARNING] [32mVERBOSE[0m Callback method :onSaveInstanceState in Class android.support.v4.app.FragmentActivity added
[WARNING] [32mVERBOSE[0m Callback method :startActivityForResult in Class android.support.v4.app.FragmentActivity added
[WARNING] [32mVERBOSE[0m Callback method :onActivityResult in Class android.support.v4.app.FragmentActivity added
[WARNING] [32mVERBOSE[0m Callback method :onPostResume in Class android.support.v4.app.FragmentActivity added
[WARNING] [32mVERBOSE[0m Callback method :onResume in Class android.support.v4.app.FragmentActivity added
[WARNING] [32mVERBOSE[0m Callback method :onLowMemory in Class android.support.v4.app.FragmentActivity added
[WARNING] [32mVERBOSE[0m Callback method :getItem in Class android.support.v4.widget.CursorAdapter added
[WARNING] [32mVERBOSE[0m Callback method :getView in Class android.support.v4.widget.CursorAdapter added
[WARNING] [32mVERBOSE[0m Callback method :getDropDownView in Class android.support.v4.widget.CursorAdapter added
[WARNING] [32mVERBOSE[0m Callback method :getFilter in Class android.support.v4.widget.CursorAdapter added
[WARNING] [32mVERBOSE[0m Callback method :getCount in Class android.support.v4.widget.CursorAdapter added
[WARNING] [32mVERBOSE[0m Callback method :getItemId in Class android.support.v4.widget.CursorAdapter added
[WARNING] [32mVERBOSE[0m Callback method :hasStableIds in Class android.support.v4.widget.CursorAdapter added
[WARNING] [32mVERBOSE[0m Callback method :onKeyDown in Class com.hyperkani.airhockey.AirHockeyMainMenuNormal added
[WARNING] [32mVERBOSE[0m Callback method :onTouch in Class com.hyperkani.airhockey.AirHockeyMainMenuNormal added
[WARNING] [32mVERBOSE[0m Callback method :onStopTrackingTouch in Class com.hyperkani.airhockey.AirHockeyMainMenuNormal added
[WARNING] [32mVERBOSE[0m Callback method :onPause in Class com.hyperkani.airhockey.AirHockeyMainMenuNormal added
[WARNING] [32mVERBOSE[0m Callback method :onStop in Class com.hyperkani.airhockey.AirHockeyMainMenuNormal added
[WARNING] [32mVERBOSE[0m Callback method :onCreate in Class com.hyperkani.airhockey.AirHockeyMainMenuNormal added
[WARNING] [32mVERBOSE[0m Callback method :onProgressChanged in Class com.hyperkani.airhockey.AirHockeyMainMenuNormal added
[WARNING] [32mVERBOSE[0m Callback method :onDestroy in Class com.hyperkani.airhockey.AirHockeyMainMenuNormal added
[WARNING] [32mVERBOSE[0m Callback method :onStart in Class com.hyperkani.airhockey.AirHockeyMainMenuNormal added
[WARNING] [32mVERBOSE[0m Callback method :onStartTrackingTouch in Class com.hyperkani.airhockey.AirHockeyMainMenuNormal added
[WARNING] [32mVERBOSE[0m Callback method :onActivityResult in Class com.hyperkani.airhockey.AirHockeyMainMenuNormal added
[WARNING] [32mVERBOSE[0m Callback method :onClick in Class com.hyperkani.airhockey.AirHockeyMainMenuNormal added
[WARNING] [32mVERBOSE[0m Callback method :onResume in Class com.hyperkani.airhockey.AirHockeyMainMenuNormal added
[WARNING] [32mVERBOSE[0m Callback method :onCreate in Class com.hyperkani.airhockey.AirHockeyPreferences added
[WARNING] [32mVERBOSE[0m Callback method :onKeyDown in Class com.inneractive.api.ads.InneractiveFullScreenView added
[WARNING] [32mVERBOSE[0m Callback method :onCreate in Class com.inneractive.api.ads.InneractiveFullScreenView added
[WARNING] [32mVERBOSE[0m Callback method :onSensorChanged in Class com.blutrumpet.sdk.phonegap.AccelListener added
[WARNING] [32mVERBOSE[0m Callback method :onAccuracyChanged in Class com.blutrumpet.sdk.phonegap.AccelListener added
[WARNING] [32mVERBOSE[0m Callback method :onLowMemory in Class android.support.v4.app.Fragment added
[WARNING] [32mVERBOSE[0m Callback method :onCreateContextMenu in Class android.support.v4.app.Fragment added
[WARNING] [32mVERBOSE[0m Callback method :onConfigurationChanged in Class android.support.v4.app.Fragment added
[WARNING] [32mVERBOSE[0m Callback method :onCreate in Class com.hyperkani.airhockey.AirHockeyApplication added
[WARNING] [32mVERBOSE[0m Callback method :onKeyDown in Class com.hyperkani.airhockey.AirHockeyMainMenuAdfree added
[WARNING] [32mVERBOSE[0m Callback method :onTouch in Class com.hyperkani.airhockey.AirHockeyMainMenuAdfree added
[WARNING] [32mVERBOSE[0m Callback method :onStopTrackingTouch in Class com.hyperkani.airhockey.AirHockeyMainMenuAdfree added
[WARNING] [32mVERBOSE[0m Callback method :onPause in Class com.hyperkani.airhockey.AirHockeyMainMenuAdfree added
[WARNING] [32mVERBOSE[0m Callback method :onStop in Class com.hyperkani.airhockey.AirHockeyMainMenuAdfree added
[WARNING] [32mVERBOSE[0m Callback method :onCreate in Class com.hyperkani.airhockey.AirHockeyMainMenuAdfree added
[WARNING] [32mVERBOSE[0m Callback method :onProgressChanged in Class com.hyperkani.airhockey.AirHockeyMainMenuAdfree added
[WARNING] [32mVERBOSE[0m Callback method :onDestroy in Class com.hyperkani.airhockey.AirHockeyMainMenuAdfree added
[WARNING] [32mVERBOSE[0m Callback method :onStart in Class com.hyperkani.airhockey.AirHockeyMainMenuAdfree added
[WARNING] [32mVERBOSE[0m Callback method :onStartTrackingTouch in Class com.hyperkani.airhockey.AirHockeyMainMenuAdfree added
[WARNING] [32mVERBOSE[0m Callback method :onActivityResult in Class com.hyperkani.airhockey.AirHockeyMainMenuAdfree added
[WARNING] [32mVERBOSE[0m Callback method :onClick in Class com.hyperkani.airhockey.AirHockeyMainMenuAdfree added
[WARNING] [32mVERBOSE[0m Callback method :onResume in Class com.hyperkani.airhockey.AirHockeyMainMenuAdfree added
[WARNING] [32mVERBOSE[0m Callback method :generateLayoutParams in Class android.support.v4.view.ViewPager added
[WARNING] [32mVERBOSE[0m Callback method :draw in Class android.support.v4.view.ViewPager added
[WARNING] [32mVERBOSE[0m Callback method :onRestoreInstanceState in Class android.support.v4.view.ViewPager added
[WARNING] [32mVERBOSE[0m Callback method :onRequestFocusInDescendants in Class android.support.v4.view.ViewPager added
[WARNING] [32mVERBOSE[0m Callback method :generateDefaultLayoutParams in Class android.support.v4.view.ViewPager added
[WARNING] [32mVERBOSE[0m Callback method :onMeasure in Class android.support.v4.view.ViewPager added
[WARNING] [32mVERBOSE[0m Callback method :addView in Class android.support.v4.view.ViewPager added
[WARNING] [32mVERBOSE[0m Callback method :onSaveInstanceState in Class android.support.v4.view.ViewPager added
[WARNING] [32mVERBOSE[0m Callback method :onLayout in Class android.support.v4.view.ViewPager added
[WARNING] [32mVERBOSE[0m Callback method :onTouchEvent in Class android.support.v4.view.ViewPager added
[WARNING] [32mVERBOSE[0m Callback method :addTouchables in Class android.support.v4.view.ViewPager added
[WARNING] [32mVERBOSE[0m Callback method :computeScroll in Class android.support.v4.view.ViewPager added
[WARNING] [32mVERBOSE[0m Callback method :onAttachedToWindow in Class android.support.v4.view.ViewPager added
[WARNING] [32mVERBOSE[0m Callback method :onInterceptTouchEvent in Class android.support.v4.view.ViewPager added
[WARNING] [32mVERBOSE[0m Callback method :verifyDrawable in Class android.support.v4.view.ViewPager added
[WARNING] [32mVERBOSE[0m Callback method :dispatchPopulateAccessibilityEvent in Class android.support.v4.view.ViewPager added
[WARNING] [32mVERBOSE[0m Callback method :onSizeChanged in Class android.support.v4.view.ViewPager added
[WARNING] [32mVERBOSE[0m Callback method :dispatchKeyEvent in Class android.support.v4.view.ViewPager added
[WARNING] [32mVERBOSE[0m Callback method :addFocusables in Class android.support.v4.view.ViewPager added
[WARNING] [32mVERBOSE[0m Callback method :onDraw in Class android.support.v4.view.ViewPager added
[WARNING] [32mVERBOSE[0m Callback method :generateLayoutParams in Class android.support.v4.view.ViewPager added
[WARNING] [32mVERBOSE[0m Callback method :drawableStateChanged in Class android.support.v4.view.ViewPager added
[WARNING] [32mVERBOSE[0m Callback method :checkLayoutParams in Class android.support.v4.view.ViewPager added
[WARNING] [32mVERBOSE[0m Callback method :getItem in Class android.support.v4.widget.CursorAdapter added
[WARNING] [32mVERBOSE[0m Callback method :getView in Class android.support.v4.widget.CursorAdapter added
[WARNING] [32mVERBOSE[0m Callback method :getDropDownView in Class android.support.v4.widget.CursorAdapter added
[WARNING] [32mVERBOSE[0m Callback method :getFilter in Class android.support.v4.widget.CursorAdapter added
[WARNING] [32mVERBOSE[0m Callback method :getCount in Class android.support.v4.widget.CursorAdapter added
[WARNING] [32mVERBOSE[0m Callback method :getItemId in Class android.support.v4.widget.CursorAdapter added
[WARNING] [32mVERBOSE[0m Callback method :hasStableIds in Class android.support.v4.widget.CursorAdapter added
[WARNING] [32mVERBOSE[0m Callback method :onMeasure in Class kankan.wheel.widget.WheelView added
[WARNING] [32mVERBOSE[0m Callback method :onLayout in Class kankan.wheel.widget.WheelView added
[WARNING] [32mVERBOSE[0m Callback method :onTouchEvent in Class kankan.wheel.widget.WheelView added
[WARNING] [32mVERBOSE[0m Callback method :onDraw in Class kankan.wheel.widget.WheelView added
[WARNING] [32mVERBOSE[0m Callback method :onKeyDown in Class com.hyperkani.airhockey.AirHockeyGame added
[WARNING] [32mVERBOSE[0m Callback method :onPause in Class com.hyperkani.airhockey.AirHockeyGame added
[WARNING] [32mVERBOSE[0m Callback method :onStop in Class com.hyperkani.airhockey.AirHockeyGame added
[WARNING] [32mVERBOSE[0m Callback method :onCreate in Class com.hyperkani.airhockey.AirHockeyGame added
[WARNING] [32mVERBOSE[0m Callback method :onKeyUp in Class com.hyperkani.airhockey.AirHockeyGame added
[WARNING] [32mVERBOSE[0m Callback method :onStart in Class com.hyperkani.airhockey.AirHockeyGame added
[WARNING] [32mVERBOSE[0m Callback method :onSaveInstanceState in Class com.hyperkani.airhockey.AirHockeyGame added
[WARNING] [32mVERBOSE[0m Callback method :onActivityResult in Class com.hyperkani.airhockey.AirHockeyGame added
[WARNING] [32mVERBOSE[0m Callback method :onClick in Class com.hyperkani.airhockey.AirHockeyGame added
[WARNING] [32mVERBOSE[0m Callback method :onResume in Class com.hyperkani.airhockey.AirHockeyGame added
[WARNING] [32mVERBOSE[0m Callback method :setRenderer in Class com.hyperkani.airhockey.AirHockeyGLSurfaceView added
[WARNING] [32mVERBOSE[0m Callback method :dispatchTouchEvent in Class com.hyperkani.airhockey.AirHockeyGLSurfaceView added
[WARNING] [32mVERBOSE[0m Callback method :onMeasure in Class com.blutrumpet.sdk.phonegap.api.BTWebViewDelegate$LinearLayoutSoftKeyboardDetect added
[WARNING] [32mVERBOSE[0m Callback method :getItem in Class android.support.v4.widget.CursorAdapter added
[WARNING] [32mVERBOSE[0m Callback method :getView in Class android.support.v4.widget.CursorAdapter added
[WARNING] [32mVERBOSE[0m Callback method :getDropDownView in Class android.support.v4.widget.CursorAdapter added
[WARNING] [32mVERBOSE[0m Callback method :getFilter in Class android.support.v4.widget.CursorAdapter added
[WARNING] [32mVERBOSE[0m Callback method :getCount in Class android.support.v4.widget.CursorAdapter added
[WARNING] [32mVERBOSE[0m Callback method :getItemId in Class android.support.v4.widget.CursorAdapter added
[WARNING] [32mVERBOSE[0m Callback method :hasStableIds in Class android.support.v4.widget.CursorAdapter added
[WARNING] [32mVERBOSE[0m Callback method :onMeasure in Class android.support.v4.view.PagerTitleStrip added
[WARNING] [32mVERBOSE[0m Callback method :requestLayout in Class android.support.v4.view.PagerTitleStrip added
[WARNING] [32mVERBOSE[0m Callback method :onLayout in Class android.support.v4.view.PagerTitleStrip added
[WARNING] [32mVERBOSE[0m Callback method :onDetachedFromWindow in Class android.support.v4.view.PagerTitleStrip added
[WARNING] [32mVERBOSE[0m Callback method :onAttachedToWindow in Class android.support.v4.view.PagerTitleStrip added
0 ICC links found and 0 cg edges added due to ICC links
dynamic conflated call graph: 471 methods; 471 nodes; 651 edges.
maxpossibleFlows=1
maxpossibleFlows=1
maxpossibleFlows=1
maxpossibleFlows=1
maxpossibleFlows=1
maxpossibleFlows=4
maxpossibleFlows=1
maxpossibleFlows=1
maxpossibleFlows=26
26 taint flow paths FOUND from <android.view.ContextThemeWrapper: android.content.res.Resources getResources()> to <android.preference.ListPreference: void setSummary(java.lang.CharSequence)>
maxpossibleFlows=1
1 taint flow paths FOUND from <java.lang.String: java.lang.String toString()> to <android.preference.ListPreference: void setSummary(java.lang.CharSequence)>
maxpossibleFlows=26
26 taint flow paths FOUND from <android.content.res.Resources: java.lang.String getQuantityString(int,int,java.lang.Object[])> to <android.preference.ListPreference: void setSummary(java.lang.CharSequence)>
maxpossibleFlows=2
maxpossibleFlows=2
maxpossibleFlows=26
maxpossibleFlows=26
maxpossibleFlows=5
maxpossibleFlows=2
maxpossibleFlows=2
maxpossibleFlows=1
1 taint flow paths FOUND from <android.widget.ProgressBar: int getProgress()> to <android.widget.TextView: void setText(java.lang.CharSequence)>
maxpossibleFlows=1
maxpossibleFlows=1
maxpossibleFlows=1
maxpossibleFlows=1
maxpossibleFlows=1
maxpossibleFlows=2
maxpossibleFlows=2
maxpossibleFlows=19
19 taint flow paths FOUND from <android.preference.Preference: java.lang.String getKey()> to <android.app.Activity: void startActivity(android.content.Intent)>
maxpossibleFlows=2
maxpossibleFlows=2
maxpossibleFlows=2
2 taint flow paths FOUND from <android.app.Fragment: android.app.Activity getActivity()> to <android.widget.TextView: void setText(java.lang.CharSequence)>
maxpossibleFlows=1
maxpossibleFlows=1
1 taint flow paths FOUND from <android.app.Activity: android.view.WindowManager getWindowManager()> to <android.view.SurfaceView: void setVisibility(int)>
maxpossibleFlows=1
maxpossibleFlows=2
maxpossibleFlows=2
maxpossibleFlows=1
maxpossibleFlows=64
maxpossibleFlows=64
maxpossibleFlows=2
maxpossibleFlows=2
maxpossibleFlows=44
44 taint flow paths FOUND from <android.content.Context: java.lang.String getString(int,java.lang.Object[])> to <android.widget.TextView: void setEnabled(boolean)>
maxpossibleFlows=1
1 taint flow paths FOUND from <android.preference.ListPreference: java.lang.CharSequence[] getEntries()> to <android.preference.ListPreference: void setSummary(java.lang.CharSequence)>
maxpossibleFlows=1
maxpossibleFlows=1
maxpossibleFlows=1
maxpossibleFlows=1
maxpossibleFlows=1
maxpossibleFlows=2
maxpossibleFlows=2
maxpossibleFlows=1
maxpossibleFlows=1
maxpossibleFlows=1
maxpossibleFlows=1
maxpossibleFlows=1
maxpossibleFlows=78
78 taint flow paths FOUND from <android.preference.ListPreference: java.lang.CharSequence getEntry()> to <android.preference.ListPreference: void setSummary(java.lang.CharSequence)>
maxpossibleFlows=1
maxpossibleFlows=1
1 taint flow paths FOUND from <android.app.Fragment: java.lang.String getString(int)> to <android.app.AlertDialog$Builder: android.app.AlertDialog$Builder setPositiveButton(int,android.content.DialogInterface$OnClickListener)>
maxpossibleFlows=5
maxpossibleFlows=1
maxpossibleFlows=1
maxpossibleFlows=1
maxpossibleFlows=1
maxpossibleFlows=2
maxpossibleFlows=1
maxpossibleFlows=1
maxpossibleFlows=2
maxpossibleFlows=44
maxpossibleFlows=1
maxpossibleFlows=5
maxpossibleFlows=2
maxpossibleFlows=2
maxpossibleFlows=1
1 taint flow paths FOUND from <java.lang.StringBuilder: java.lang.String toString()> to <android.widget.TextView: void setText(java.lang.CharSequence)>
maxpossibleFlows=1
maxpossibleFlows=1
maxpossibleFlows=1
maxpossibleFlows=1
1 taint flow paths FOUND from <android.content.ContextWrapper: android.content.pm.PackageManager getPackageManager()> to <android.widget.TextView: void setText(java.lang.CharSequence)>
maxpossibleFlows=2
maxpossibleFlows=2
maxpossibleFlows=1
maxpossibleFlows=26
maxpossibleFlows=26
maxpossibleFlows=2
maxpossibleFlows=1
maxpossibleFlows=1
maxpossibleFlows=26
maxpossibleFlows=5
maxpossibleFlows=64
64 taint flow paths FOUND from <android.app.Fragment: android.os.Bundle getArguments()> to <android.app.AlertDialog$Builder: android.app.AlertDialog$Builder setPositiveButton(int,android.content.DialogInterface$OnClickListener)>
maxpossibleFlows=2
maxpossibleFlows=2
maxpossibleFlows=1
1 taint flow paths FOUND from <android.view.LayoutInflater: android.view.View inflate(int,android.view.ViewGroup)> to <android.widget.TextView: void setText(java.lang.CharSequence)>
maxpossibleFlows=1
1 taint flow paths FOUND from <android.app.Activity: android.view.LayoutInflater getLayoutInflater()> to <android.widget.TextView: void setText(java.lang.CharSequence)>
maxpossibleFlows=1
maxpossibleFlows=1
maxpossibleFlows=1
maxpossibleFlows=1
maxpossibleFlows=1
maxpossibleFlows=1
maxpossibleFlows=5
maxpossibleFlows=1
1 taint flow paths FOUND from <android.content.Context: java.lang.String getString(int)> to <android.widget.TextView: void setText(java.lang.CharSequence)>
maxpossibleFlows=1
1 taint flow paths FOUND from <android.app.Fragment: java.lang.String getString(int,java.lang.Object[])> to <android.widget.TextView: void setText(java.lang.CharSequence)>
maxpossibleFlows=1
1 taint flow paths FOUND from <android.app.Activity: android.view.Window getWindow()> to <android.app.Activity: void setContentView(int)>
maxpossibleFlows=2
maxpossibleFlows=1
1 taint flow paths FOUND from <android.content.ContextWrapper: java.lang.String getPackageName()> to <android.widget.TextView: void setText(java.lang.CharSequence)>
maxpossibleFlows=1
maxpossibleFlows=1
1 taint flow paths FOUND from <android.view.Display: int getHeight()> to <android.view.SurfaceView: void setVisibility(int)>
maxpossibleFlows=1
maxpossibleFlows=1
maxpossibleFlows=2
maxpossibleFlows=1
maxpossibleFlows=1
maxpossibleFlows=2
maxpossibleFlows=1
1 taint flow paths FOUND from <android.widget.ProgressBar: int getProgress()> to <android.widget.TextView: void setText(java.lang.CharSequence)>
maxpossibleFlows=1
maxpossibleFlows=2
maxpossibleFlows=2
maxpossibleFlows=2
maxpossibleFlows=2
maxpossibleFlows=2
maxpossibleFlows=2
maxpossibleFlows=2
maxpossibleFlows=2
maxpossibleFlows=2
maxpossibleFlows=1
maxpossibleFlows=1
maxpossibleFlows=2
maxpossibleFlows=2
maxpossibleFlows=2
maxpossibleFlows=26
26 taint flow paths FOUND from <android.view.ContextThemeWrapper: android.content.res.Resources getResources()> to <android.preference.ListPreference: void setSummary(java.lang.CharSequence)>
maxpossibleFlows=26
maxpossibleFlows=26
maxpossibleFlows=26
maxpossibleFlows=26
maxpossibleFlows=1
maxpossibleFlows=26
maxpossibleFlows=26
maxpossibleFlows=26
maxpossibleFlows=26
26 taint flow paths FOUND from <android.content.Context: java.lang.String getString(int)> to <android.preference.Preference: void setSummary(int)>
maxpossibleFlows=5
maxpossibleFlows=5
maxpossibleFlows=5
maxpossibleFlows=2
maxpossibleFlows=2
maxpossibleFlows=5
maxpossibleFlows=5
maxpossibleFlows=5
maxpossibleFlows=2
maxpossibleFlows=2
maxpossibleFlows=2
maxpossibleFlows=2
maxpossibleFlows=1
maxpossibleFlows=2
maxpossibleFlows=2
maxpossibleFlows=2
maxpossibleFlows=2
maxpossibleFlows=2
maxpossibleFlows=2
maxpossibleFlows=2
maxpossibleFlows=2
maxpossibleFlows=2
maxpossibleFlows=1
maxpossibleFlows=1
maxpossibleFlows=2
maxpossibleFlows=2
maxpossibleFlows=2
maxpossibleFlows=1
maxpossibleFlows=1
1 taint flow paths FOUND from <android.app.Activity: android.view.WindowManager getWindowManager()> to <android.view.SurfaceView: void setVisibility(int)>
maxpossibleFlows=64
64 taint flow paths FOUND from <android.app.Fragment: android.app.Activity getActivity()> to <android.app.AlertDialog$Builder: android.app.AlertDialog$Builder setPositiveButton(int,android.content.DialogInterface$OnClickListener)>
maxpossibleFlows=44
44 taint flow paths FOUND from <android.content.Context: java.lang.String getString(int,java.lang.Object[])> to <android.widget.TextView: void setEnabled(boolean)>
maxpossibleFlows=4
maxpossibleFlows=19
19 taint flow paths FOUND from <android.preference.Preference: java.lang.String getKey()> to <android.app.Activity: void startActivity(android.content.Intent)>
maxpossibleFlows=1
maxpossibleFlows=1
maxpossibleFlows=1
maxpossibleFlows=1
maxpossibleFlows=1
maxpossibleFlows=1
1 taint flow paths FOUND from <android.content.ContextWrapper: android.content.pm.PackageManager getPackageManager()> to <android.app.Activity: void setContentView(int)>
maxpossibleFlows=64
64 taint flow paths FOUND from <android.app.Fragment: android.app.Activity getActivity()> to <android.app.AlertDialog$Builder: android.app.AlertDialog$Builder setNegativeButton(int,android.content.DialogInterface$OnClickListener)>
maxpossibleFlows=1
maxpossibleFlows=1
maxpossibleFlows=1
maxpossibleFlows=1
maxpossibleFlows=1
maxpossibleFlows=1
maxpossibleFlows=1
maxpossibleFlows=1
1 taint flow paths FOUND from <android.content.Context: java.lang.String getString(int)> to <android.app.Activity: void setVolumeControlStream(int)>
maxpossibleFlows=1
maxpossibleFlows=1
maxpossibleFlows=1
maxpossibleFlows=1
maxpossibleFlows=1
maxpossibleFlows=1
1 taint flow paths FOUND from <android.content.ContextWrapper: android.content.pm.PackageManager getPackageManager()> to <android.os.Handler: boolean sendMessageDelayed(android.os.Message,long)>
maxpossibleFlows=1
maxpossibleFlows=1
maxpossibleFlows=1
maxpossibleFlows=1
maxpossibleFlows=1
1 taint flow paths FOUND from <java.lang.StringBuilder: java.lang.String toString()> to <android.util.Log: int i(java.lang.String,java.lang.String)>
maxpossibleFlows=1
maxpossibleFlows=1
maxpossibleFlows=1
maxpossibleFlows=1
maxpossibleFlows=1
maxpossibleFlows=1
maxpossibleFlows=1
maxpossibleFlows=1
maxpossibleFlows=1
maxpossibleFlows=1
maxpossibleFlows=1
[WARNING] [32mVERBOSE[0m Callback method :<init> in Class android.support.v4.app.Fragment
[WARNING] [32mVERBOSE[0m Callback method :onConfigurationChanged in Class android.support.v4.app.Fragment
[WARNING] [32mVERBOSE[0m Callback method :onCreateContextMenu in Class android.support.v4.app.Fragment
[WARNING] [32mVERBOSE[0m Callback method :onLowMemory in Class android.support.v4.app.Fragment
[WARNING] [32mVERBOSE[0m Callback method :<init> in Class android.support.v4.app.DialogFragment
[WARNING] [32mVERBOSE[0m Callback method :onCancel in Class android.support.v4.app.DialogFragment
[WARNING] [32mVERBOSE[0m Callback method :onDismiss in Class android.support.v4.app.DialogFragment
[WARNING] [32mVERBOSE[0m Callback method :<init> in Class com.blutrumpet.sdk.phonegap.AccelListener
[WARNING] [32mVERBOSE[0m Callback method :onAccuracyChanged in Class com.blutrumpet.sdk.phonegap.AccelListener
[WARNING] [32mVERBOSE[0m Callback method :onSensorChanged in Class com.blutrumpet.sdk.phonegap.AccelListener
[WARNING] [32mVERBOSE[0m Callback method :<init> in Class com.hyperkani.airhockey.AirHockeyGame
[WARNING] [32mVERBOSE[0m Callback method :onActivityResult in Class com.hyperkani.airhockey.AirHockeyGame
[WARNING] [32mVERBOSE[0m Callback method :onClick in Class com.hyperkani.airhockey.AirHockeyGame
[WARNING] [32mVERBOSE[0m Callback method :onCreate in Class com.hyperkani.airhockey.AirHockeyGame
[WARNING] [32mVERBOSE[0m Callback method :onKeyDown in Class com.hyperkani.airhockey.AirHockeyGame
[WARNING] [32mVERBOSE[0m Callback method :onKeyUp in Class com.hyperkani.airhockey.AirHockeyGame
[WARNING] [32mVERBOSE[0m Callback method :onPause in Class com.hyperkani.airhockey.AirHockeyGame
[WARNING] [32mVERBOSE[0m Callback method :onResume in Class com.hyperkani.airhockey.AirHockeyGame
[WARNING] [32mVERBOSE[0m Callback method :onSaveInstanceState in Class com.hyperkani.airhockey.AirHockeyGame
[WARNING] [32mVERBOSE[0m Callback method :onStart in Class com.hyperkani.airhockey.AirHockeyGame
[WARNING] [32mVERBOSE[0m Callback method :onStop in Class com.hyperkani.airhockey.AirHockeyGame
[WARNING] [32mVERBOSE[0m Callback method :<init> in Class com.hyperkani.airhockey.AirHockeyMainMenuAdfree
[WARNING] [32mVERBOSE[0m Callback method :onActivityResult in Class com.hyperkani.airhockey.AirHockeyMainMenuAdfree
[WARNING] [32mVERBOSE[0m Callback method :onClick in Class com.hyperkani.airhockey.AirHockeyMainMenuAdfree
[WARNING] [32mVERBOSE[0m Callback method :onCreate in Class com.hyperkani.airhockey.AirHockeyMainMenuAdfree
[WARNING] [32mVERBOSE[0m Callback method :onDestroy in Class com.hyperkani.airhockey.AirHockeyMainMenuAdfree
[WARNING] [32mVERBOSE[0m Callback method :onKeyDown in Class com.hyperkani.airhockey.AirHockeyMainMenuAdfree
[WARNING] [32mVERBOSE[0m Callback method :onPause in Class com.hyperkani.airhockey.AirHockeyMainMenuAdfree
[WARNING] [32mVERBOSE[0m Callback method :onProgressChanged in Class com.hyperkani.airhockey.AirHockeyMainMenuAdfree
[WARNING] [32mVERBOSE[0m Callback method :onResume in Class com.hyperkani.airhockey.AirHockeyMainMenuAdfree
[WARNING] [32mVERBOSE[0m Callback method :onStart in Class com.hyperkani.airhockey.AirHockeyMainMenuAdfree
[WARNING] [32mVERBOSE[0m Callback method :onStartTrackingTouch in Class com.hyperkani.airhockey.AirHockeyMainMenuAdfree
[WARNING] [32mVERBOSE[0m Callback method :onStop in Class com.hyperkani.airhockey.AirHockeyMainMenuAdfree
[WARNING] [32mVERBOSE[0m Callback method :onStopTrackingTouch in Class com.hyperkani.airhockey.AirHockeyMainMenuAdfree
[WARNING] [32mVERBOSE[0m Callback method :onTouch in Class com.hyperkani.airhockey.AirHockeyMainMenuAdfree
[WARNING] [32mVERBOSE[0m Callback method :<init> in Class com.hyperkani.airhockey.AirHockeyMainMenuNormal
[WARNING] [32mVERBOSE[0m Callback method :onActivityResult in Class com.hyperkani.airhockey.AirHockeyMainMenuNormal
[WARNING] [32mVERBOSE[0m Callback method :onClick in Class com.hyperkani.airhockey.AirHockeyMainMenuNormal
[WARNING] [32mVERBOSE[0m Callback method :onCreate in Class com.hyperkani.airhockey.AirHockeyMainMenuNormal
[WARNING] [32mVERBOSE[0m Callback method :onDestroy in Class com.hyperkani.airhockey.AirHockeyMainMenuNormal
[WARNING] [32mVERBOSE[0m Callback method :onKeyDown in Class com.hyperkani.airhockey.AirHockeyMainMenuNormal
[WARNING] [32mVERBOSE[0m Callback method :onPause in Class com.hyperkani.airhockey.AirHockeyMainMenuNormal
[WARNING] [32mVERBOSE[0m Callback method :onProgressChanged in Class com.hyperkani.airhockey.AirHockeyMainMenuNormal
[WARNING] [32mVERBOSE[0m Callback method :onResume in Class com.hyperkani.airhockey.AirHockeyMainMenuNormal
[WARNING] [32mVERBOSE[0m Callback method :onStart in Class com.hyperkani.airhockey.AirHockeyMainMenuNormal
[WARNING] [32mVERBOSE[0m Callback method :onStartTrackingTouch in Class com.hyperkani.airhockey.AirHockeyMainMenuNormal
[WARNING] [32mVERBOSE[0m Callback method :onStop in Class com.hyperkani.airhockey.AirHockeyMainMenuNormal
[WARNING] [32mVERBOSE[0m Callback method :onStopTrackingTouch in Class com.hyperkani.airhockey.AirHockeyMainMenuNormal
[WARNING] [32mVERBOSE[0m Callback method :onTouch in Class com.hyperkani.airhockey.AirHockeyMainMenuNormal
Result for benign-app-77-ACFDF7692C6246568C5CA46EF7801916C38AEAE43E068B189830A9450AB47B2F.apkcom.hyperkani.airhockey