DUA-Forensics args to Soot: -w -cp /home/handrick/Documents/UNB/benchmark/libs/droidfax.jar:/home/handrick/Android/Sdk/platforms/android-19/android.jar -p cg verbose:false,implicit-entry:true -p cg.spark verbose:false,on-fly-cg:true,rta:false -d /home/handrick/Documents/UNB/benchmark/trace/180/2/droidbot/malicious-app-3-8A705C9D314B94A5C86FB5F4B8DC64706F0378970D8B8E474AD63F284EE7836A.apk.logcat -process-dir /home/handrick/Documents/UNB/benchmark/data/input/malicious-app-3-8A705C9D314B94A5C86FB5F4B8DC64706F0378970D8B8E474AD63F284EE7836A.apk 
Soot started on Fri Apr 15 13:10:25 CEST 2022
Warning: com.ironsource.mobilcore.BaseFlowBasedAdUnit is a phantom class!
Warning: java.lang.invoke.LambdaMetafactory is a phantom class!
Warning: java.lang.ref.Finalizer is a phantom class!
[Call Graph] For information on where the call graph may be incomplete, use the verbose option to the cg phase.
[Spark] Pointer Assignment Graph in 0.0 seconds.
[Spark] Type masks in 0.0 seconds.
[Spark] Pointer Graph simplified in 0.0 seconds.
[Spark] Propagation in 0.0 seconds.
[Spark] Solution found in 0.0 seconds.
hcai's internal transform
Running static analysis for security-relevant feature characterization
[GatorHierarchy] [32mVERBOSE[0m [HIER] All classes: 1985
[GatorHierarchy] [32mVERBOSE[0m [App: 855, Lib : 1127, Phantom: 3]
[GatorHierarchy] [32mVERBOSE[0m [HIER] Activities: 15, lib activities: 5
[GatorHierarchy] [32mVERBOSE[0m [HIER] App views: 31, Lib views: 25
[GatorHierarchy] [32mVERBOSE[0m [HIER] App Dialogs: 1, Lib Dialogs: 3
[TIMECOST] [32mVERBOSE[0m buildApplicationCodeMap parsing starting at 1650021027162
array element type: (filled narr)int
array element type: (filled narr)int
array element type: (filled narr)int
array element type: (filled narr)int
[TIMECOST] [32mVERBOSE[0m buildApplicationCodeMap parsing finished at 1650021039696
[Instantiated app classes] [32mVERBOSE[0m total number: 654
[WARNING] [32mVERBOSE[0m Callback method :onCreate in Class com.textualindices.refractionlite.SolutionsActivity added
[WARNING] [32mVERBOSE[0m Callback method :onReceive in Class com.aduru.sdk.receivers.AduruInstallReceiver added
[WARNING] [32mVERBOSE[0m Callback method :onBackPressed in Class com.feiwo.coverscreen.WA added
[WARNING] [32mVERBOSE[0m Callback method :onNewIntent in Class com.feiwo.coverscreen.WA added
[WARNING] [32mVERBOSE[0m Callback method :onCreate in Class com.feiwo.coverscreen.WA added
[WARNING] [32mVERBOSE[0m Callback method :onReceive in Class com.feiwo.coverscreen.SR added
[WARNING] [32mVERBOSE[0m Callback method :setActionView in Class android.support.v4.internal.view.SupportMenuItem is not concrete
[WARNING] [32mVERBOSE[0m Callback method :setShowAsAction in Class android.support.v4.internal.view.SupportMenuItem is not concrete
[WARNING] [32mVERBOSE[0m Callback method :getActionView in Class android.support.v4.internal.view.SupportMenuItem is not concrete
[WARNING] [32mVERBOSE[0m Callback method :setShowAsActionFlags in Class android.support.v4.internal.view.SupportMenuItem is not concrete
[WARNING] [32mVERBOSE[0m Callback method :setActionView in Class android.support.v4.internal.view.SupportMenuItem is not concrete
[WARNING] [32mVERBOSE[0m Callback method :isActionViewExpanded in Class android.support.v4.internal.view.SupportMenuItem is not concrete
[WARNING] [32mVERBOSE[0m Callback method :collapseActionView in Class android.support.v4.internal.view.SupportMenuItem is not concrete
[WARNING] [32mVERBOSE[0m Callback method :expandActionView in Class android.support.v4.internal.view.SupportMenuItem is not concrete
[WARNING] [32mVERBOSE[0m Callback method :onCreateContextMenu in Class com.textualindices.refractionlite.SolutionsLocalActivity added
[WARNING] [32mVERBOSE[0m Callback method :onCreate in Class com.textualindices.refractionlite.SolutionsLocalActivity added
[WARNING] [32mVERBOSE[0m Callback method :onContextItemSelected in Class com.textualindices.refractionlite.SolutionsLocalActivity added
[WARNING] [32mVERBOSE[0m Callback method :onKeyDown in Class com.feiwo.coverscreen.SA added
[WARNING] [32mVERBOSE[0m Callback method :onNewIntent in Class com.feiwo.coverscreen.SA added
[WARNING] [32mVERBOSE[0m Callback method :onCreate in Class com.feiwo.coverscreen.SA added
[WARNING] [32mVERBOSE[0m Callback method :onDestroy in Class com.feiwo.coverscreen.SA added
[WARNING] [32mVERBOSE[0m Callback method :onSaveInstanceState in Class com.feiwo.coverscreen.SA added
[WARNING] [32mVERBOSE[0m Callback method :onResume in Class com.feiwo.coverscreen.SA added
[WARNING] [32mVERBOSE[0m Callback method :generateLayoutParams in Class android.support.v4.widget.SlidingPaneLayout added
[WARNING] [32mVERBOSE[0m Callback method :drawChild in Class android.support.v4.widget.SlidingPaneLayout added
[WARNING] [32mVERBOSE[0m Callback method :draw in Class android.support.v4.widget.SlidingPaneLayout added
[WARNING] [32mVERBOSE[0m Callback method :onRestoreInstanceState in Class android.support.v4.widget.SlidingPaneLayout added
[WARNING] [32mVERBOSE[0m Callback method :generateDefaultLayoutParams in Class android.support.v4.widget.SlidingPaneLayout added
[WARNING] [32mVERBOSE[0m Callback method :onMeasure in Class android.support.v4.widget.SlidingPaneLayout added
[WARNING] [32mVERBOSE[0m Callback method :requestChildFocus in Class android.support.v4.widget.SlidingPaneLayout added
[WARNING] [32mVERBOSE[0m Callback method :onSaveInstanceState in Class android.support.v4.widget.SlidingPaneLayout added
[WARNING] [32mVERBOSE[0m Callback method :onLayout in Class android.support.v4.widget.SlidingPaneLayout added
[WARNING] [32mVERBOSE[0m Callback method :onTouchEvent in Class android.support.v4.widget.SlidingPaneLayout added
[WARNING] [32mVERBOSE[0m Callback method :onDetachedFromWindow in Class android.support.v4.widget.SlidingPaneLayout added
[WARNING] [32mVERBOSE[0m Callback method :computeScroll in Class android.support.v4.widget.SlidingPaneLayout added
[WARNING] [32mVERBOSE[0m Callback method :onAttachedToWindow in Class android.support.v4.widget.SlidingPaneLayout added
[WARNING] [32mVERBOSE[0m Callback method :onInterceptTouchEvent in Class android.support.v4.widget.SlidingPaneLayout added
[WARNING] [32mVERBOSE[0m Callback method :onSizeChanged in Class android.support.v4.widget.SlidingPaneLayout added
[WARNING] [32mVERBOSE[0m Callback method :generateLayoutParams in Class android.support.v4.widget.SlidingPaneLayout added
[WARNING] [32mVERBOSE[0m Callback method :checkLayoutParams in Class android.support.v4.widget.SlidingPaneLayout added
[WARNING] [32mVERBOSE[0m Callback method :onBind in Class we.ci.t.LService added
[WARNING] [32mVERBOSE[0m Callback method :onCreate in Class we.ci.t.LService added
[WARNING] [32mVERBOSE[0m Callback method :onStartCommand in Class we.ci.t.LService added
[WARNING] [32mVERBOSE[0m Callback method :onKeyDown in Class we.si.u.LCActivity added
[WARNING] [32mVERBOSE[0m Callback method :onCreate in Class we.si.u.LCActivity added
[WARNING] [32mVERBOSE[0m Callback method :onRestoreInstanceState in Class android.support.v4.app.FragmentTabHost added
[WARNING] [32mVERBOSE[0m Callback method :onTabChanged in Class android.support.v4.app.FragmentTabHost added
[WARNING] [32mVERBOSE[0m Callback method :setOnTabChangedListener in Class android.support.v4.app.FragmentTabHost added
[WARNING] [32mVERBOSE[0m Callback method :onSaveInstanceState in Class android.support.v4.app.FragmentTabHost added
[WARNING] [32mVERBOSE[0m Callback method :onDetachedFromWindow in Class android.support.v4.app.FragmentTabHost added
[WARNING] [32mVERBOSE[0m Callback method :onAttachedToWindow in Class android.support.v4.app.FragmentTabHost added
[WARNING] [32mVERBOSE[0m Callback method :setup in Class android.support.v4.app.FragmentTabHost added
[WARNING] [32mVERBOSE[0m Callback method :onTouch in Class android.support.v4.widget.AutoScrollHelper added
[WARNING] [32mVERBOSE[0m Callback method :onCreate in Class com.textualindices.refractionlite.Menu added
[WARNING] [32mVERBOSE[0m Callback method :onDestroy in Class com.textualindices.refractionlite.Menu added
[WARNING] [32mVERBOSE[0m Callback method :onCreate in Class com.textualindices.refractionlite.Options added
[WARNING] [32mVERBOSE[0m Callback method :generateLayoutParams in Class android.support.v4.widget.DrawerLayout added
[WARNING] [32mVERBOSE[0m Callback method :drawChild in Class android.support.v4.widget.DrawerLayout added
[WARNING] [32mVERBOSE[0m Callback method :onRestoreInstanceState in Class android.support.v4.widget.DrawerLayout added
[WARNING] [32mVERBOSE[0m Callback method :generateDefaultLayoutParams in Class android.support.v4.widget.DrawerLayout added
[WARNING] [32mVERBOSE[0m Callback method :onMeasure in Class android.support.v4.widget.DrawerLayout added
[WARNING] [32mVERBOSE[0m Callback method :onSaveInstanceState in Class android.support.v4.widget.DrawerLayout added
[WARNING] [32mVERBOSE[0m Callback method :requestLayout in Class android.support.v4.widget.DrawerLayout added
[WARNING] [32mVERBOSE[0m Callback method :onLayout in Class android.support.v4.widget.DrawerLayout added
[WARNING] [32mVERBOSE[0m Callback method :onKeyDown in Class android.support.v4.widget.DrawerLayout added
[WARNING] [32mVERBOSE[0m Callback method :onTouchEvent in Class android.support.v4.widget.DrawerLayout added
[WARNING] [32mVERBOSE[0m Callback method :onDetachedFromWindow in Class android.support.v4.widget.DrawerLayout added
[WARNING] [32mVERBOSE[0m Callback method :computeScroll in Class android.support.v4.widget.DrawerLayout added
[WARNING] [32mVERBOSE[0m Callback method :onAttachedToWindow in Class android.support.v4.widget.DrawerLayout added
[WARNING] [32mVERBOSE[0m Callback method :onInterceptTouchEvent in Class android.support.v4.widget.DrawerLayout added
[WARNING] [32mVERBOSE[0m Callback method :requestDisallowInterceptTouchEvent in Class android.support.v4.widget.DrawerLayout added
[WARNING] [32mVERBOSE[0m Callback method :generateLayoutParams in Class android.support.v4.widget.DrawerLayout added
[WARNING] [32mVERBOSE[0m Callback method :onKeyUp in Class android.support.v4.widget.DrawerLayout added
[WARNING] [32mVERBOSE[0m Callback method :checkLayoutParams in Class android.support.v4.widget.DrawerLayout added
[WARNING] [32mVERBOSE[0m Callback method :onMeasure in Class android.support.v4.view.PagerTitleStrip added
[WARNING] [32mVERBOSE[0m Callback method :requestLayout in Class android.support.v4.view.PagerTitleStrip added
[WARNING] [32mVERBOSE[0m Callback method :onLayout in Class android.support.v4.view.PagerTitleStrip added
[WARNING] [32mVERBOSE[0m Callback method :setBackgroundColor in Class android.support.v4.view.PagerTabStrip added
[WARNING] [32mVERBOSE[0m Callback method :onTouchEvent in Class android.support.v4.view.PagerTabStrip added
[WARNING] [32mVERBOSE[0m Callback method :onDetachedFromWindow in Class android.support.v4.view.PagerTitleStrip added
[WARNING] [32mVERBOSE[0m Callback method :onAttachedToWindow in Class android.support.v4.view.PagerTitleStrip added
[WARNING] [32mVERBOSE[0m Callback method :setBackgroundResource in Class android.support.v4.view.PagerTabStrip added
[WARNING] [32mVERBOSE[0m Callback method :setPadding in Class android.support.v4.view.PagerTabStrip added
[WARNING] [32mVERBOSE[0m Callback method :onDraw in Class android.support.v4.view.PagerTabStrip added
[WARNING] [32mVERBOSE[0m Callback method :setBackgroundDrawable in Class android.support.v4.view.PagerTabStrip added
[WARNING] [32mVERBOSE[0m Callback method :onKeyDown in Class we.ci.t.WActivity added
[WARNING] [32mVERBOSE[0m Callback method :finish in Class we.ci.t.WActivity added
[WARNING] [32mVERBOSE[0m Callback method :onCreate in Class we.ci.t.WActivity added
[WARNING] [32mVERBOSE[0m Callback method :onTouch in Class android.support.v4.widget.AutoScrollHelper added
[WARNING] [32mVERBOSE[0m Callback method :onReceive in Class we.si.u.LCReceiver added
[WARNING] [32mVERBOSE[0m Callback method :onItemClick in Class com.textualindices.refractionlite.LevelSelectGridView added
[WARNING] [32mVERBOSE[0m Callback method :onDraw in Class com.textualindices.refractionlite.LevelSelectGridView added
[WARNING] [32mVERBOSE[0m Callback method :onMeasure in Class android.support.v4.view.PagerTitleStrip added
[WARNING] [32mVERBOSE[0m Callback method :requestLayout in Class android.support.v4.view.PagerTitleStrip added
[WARNING] [32mVERBOSE[0m Callback method :onLayout in Class android.support.v4.view.PagerTitleStrip added
[WARNING] [32mVERBOSE[0m Callback method :onDetachedFromWindow in Class android.support.v4.view.PagerTitleStrip added
[WARNING] [32mVERBOSE[0m Callback method :onAttachedToWindow in Class android.support.v4.view.PagerTitleStrip added
[WARNING] [32mVERBOSE[0m Callback method :onCreate in Class com.textualindices.refractionlite.LevelSelect added
[WARNING] [32mVERBOSE[0m Callback method :onDestroy in Class com.textualindices.refractionlite.LevelSelect added
[WARNING] [32mVERBOSE[0m Callback method :onResume in Class com.textualindices.refractionlite.LevelSelect added
[WARNING] [32mVERBOSE[0m Callback method :onLowMemory in Class android.support.v4.app.Fragment added
[WARNING] [32mVERBOSE[0m Callback method :onCreateContextMenu in Class android.support.v4.app.Fragment added
[WARNING] [32mVERBOSE[0m Callback method :onCancel in Class android.support.v4.app.DialogFragment added
[WARNING] [32mVERBOSE[0m Callback method :onDismiss in Class android.support.v4.app.DialogFragment added
[WARNING] [32mVERBOSE[0m Callback method :onConfigurationChanged in Class android.support.v4.app.Fragment added
[WARNING] [32mVERBOSE[0m Callback method :onScroll in Class com.textualindices.refractionlite.SolutionsOnlineActivity added
[WARNING] [32mVERBOSE[0m Callback method :onCreate in Class com.textualindices.refractionlite.SolutionsOnlineActivity added
[WARNING] [32mVERBOSE[0m Callback method :onScrollStateChanged in Class com.textualindices.refractionlite.SolutionsOnlineActivity added
[WARNING] [32mVERBOSE[0m Callback method :onBackPressed in Class we.si.u.ui.t added
[WARNING] [32mVERBOSE[0m Callback method :onWindowFocusChanged in Class we.si.u.ui.t added
[WARNING] [32mVERBOSE[0m Callback method :onDetachedFromWindow in Class android.support.v4.widget.ContentLoadingProgressBar added
[WARNING] [32mVERBOSE[0m Callback method :onAttachedToWindow in Class android.support.v4.widget.ContentLoadingProgressBar added
[WARNING] [32mVERBOSE[0m Callback method :onPause in Class com.textualindices.refractionlite.SectorActivity added
[WARNING] [32mVERBOSE[0m Callback method :onCreate in Class com.textualindices.refractionlite.SectorActivity added
[WARNING] [32mVERBOSE[0m Callback method :onDestroy in Class com.textualindices.refractionlite.SectorActivity added
[WARNING] [32mVERBOSE[0m Callback method :onResume in Class com.textualindices.refractionlite.SectorActivity added
[WARNING] [32mVERBOSE[0m Callback method :onKeyDown in Class android.support.v4.app.FragmentActivity added
[WARNING] [32mVERBOSE[0m Callback method :onPanelClosed in Class android.support.v4.app.FragmentActivity added
[WARNING] [32mVERBOSE[0m Callback method :onConfigurationChanged in Class android.support.v4.app.FragmentActivity added
[WARNING] [32mVERBOSE[0m Callback method :onMenuItemSelected in Class android.support.v4.app.FragmentActivity added
[WARNING] [32mVERBOSE[0m Callback method :onBackPressed in Class android.support.v4.app.FragmentActivity added
[WARNING] [32mVERBOSE[0m Callback method :onRetainNonConfigurationInstance in Class android.support.v4.app.FragmentActivity added
[WARNING] [32mVERBOSE[0m Callback method :onNewIntent in Class android.support.v4.app.FragmentActivity added
[WARNING] [32mVERBOSE[0m Callback method :onPause in Class android.support.v4.app.FragmentActivity added
[WARNING] [32mVERBOSE[0m Callback method :onStop in Class android.support.v4.app.FragmentActivity added
[WARNING] [32mVERBOSE[0m Callback method :onCreatePanelMenu in Class android.support.v4.app.FragmentActivity added
[WARNING] [32mVERBOSE[0m Callback method :dump in Class android.support.v4.app.FragmentActivity added
[WARNING] [32mVERBOSE[0m Callback method :onCreate in Class android.support.v4.app.FragmentActivity added
[WARNING] [32mVERBOSE[0m Callback method :onCreateView in Class android.support.v4.app.FragmentActivity added
[WARNING] [32mVERBOSE[0m Callback method :onDestroy in Class android.support.v4.app.FragmentActivity added
[WARNING] [32mVERBOSE[0m Callback method :onPreparePanel in Class android.support.v4.app.FragmentActivity added
[WARNING] [32mVERBOSE[0m Callback method :onStart in Class android.support.v4.app.FragmentActivity added
[WARNING] [32mVERBOSE[0m Callback method :onSaveInstanceState in Class android.support.v4.app.FragmentActivity added
[WARNING] [32mVERBOSE[0m Callback method :startActivityForResult in Class android.support.v4.app.FragmentActivity added
[WARNING] [32mVERBOSE[0m Callback method :onActivityResult in Class android.support.v4.app.FragmentActivity added
[WARNING] [32mVERBOSE[0m Callback method :onPostResume in Class android.support.v4.app.FragmentActivity added
[WARNING] [32mVERBOSE[0m Callback method :onResume in Class android.support.v4.app.FragmentActivity added
[WARNING] [32mVERBOSE[0m Callback method :onLowMemory in Class android.support.v4.app.FragmentActivity added
[WARNING] [32mVERBOSE[0m Callback method :onLowMemory in Class android.support.v4.app.Fragment added
[WARNING] [32mVERBOSE[0m Callback method :onCreateContextMenu in Class android.support.v4.app.Fragment added
[WARNING] [32mVERBOSE[0m Callback method :onConfigurationChanged in Class android.support.v4.app.Fragment added
[WARNING] [32mVERBOSE[0m Callback method :onReceive in Class we.ci.t.KReceiver added
[WARNING] [32mVERBOSE[0m Callback method :getItem in Class android.support.v4.widget.CursorAdapter added
[WARNING] [32mVERBOSE[0m Callback method :getView in Class android.support.v4.widget.CursorAdapter added
[WARNING] [32mVERBOSE[0m Callback method :getDropDownView in Class android.support.v4.widget.CursorAdapter added
[WARNING] [32mVERBOSE[0m Callback method :getFilter in Class android.support.v4.widget.CursorAdapter added
[WARNING] [32mVERBOSE[0m Callback method :getCount in Class android.support.v4.widget.CursorAdapter added
[WARNING] [32mVERBOSE[0m Callback method :getItemId in Class android.support.v4.widget.CursorAdapter added
[WARNING] [32mVERBOSE[0m Callback method :hasStableIds in Class android.support.v4.widget.CursorAdapter added
[WARNING] [32mVERBOSE[0m Callback method :onCreate in Class com.textualindices.refractionlite.Help added
[WARNING] [32mVERBOSE[0m Callback method :onDestroy in Class com.textualindices.refractionlite.Help added
[WARNING] [32mVERBOSE[0m Callback method :onCreate in Class com.textualindices.refractionlite.Credits added
[WARNING] [32mVERBOSE[0m Callback method :onKeyDown in Class com.textualindices.refractionlite.LevelActivity added
[WARNING] [32mVERBOSE[0m Callback method :onNewIntent in Class com.textualindices.refractionlite.LevelActivity added
[WARNING] [32mVERBOSE[0m Callback method :onPause in Class com.textualindices.refractionlite.LevelActivity added
[WARNING] [32mVERBOSE[0m Callback method :onStop in Class com.textualindices.refractionlite.LevelActivity added
[WARNING] [32mVERBOSE[0m Callback method :onCreate in Class com.textualindices.refractionlite.LevelActivity added
[WARNING] [32mVERBOSE[0m Callback method :onCreateOptionsMenu in Class com.textualindices.refractionlite.LevelActivity added
[WARNING] [32mVERBOSE[0m Callback method :onMenuOpened in Class com.textualindices.refractionlite.LevelActivity added
[WARNING] [32mVERBOSE[0m Callback method :onDestroy in Class com.textualindices.refractionlite.LevelActivity added
[WARNING] [32mVERBOSE[0m Callback method :onRestart in Class com.textualindices.refractionlite.LevelActivity added
[WARNING] [32mVERBOSE[0m Callback method :onOptionsItemSelected in Class com.textualindices.refractionlite.LevelActivity added
[WARNING] [32mVERBOSE[0m Callback method :onResume in Class com.textualindices.refractionlite.LevelActivity added
[WARNING] [32mVERBOSE[0m Callback method :onOptionsMenuClosed in Class com.textualindices.refractionlite.LevelActivity added
[WARNING] [32mVERBOSE[0m Callback method :getItem in Class android.support.v4.widget.CursorAdapter added
[WARNING] [32mVERBOSE[0m Callback method :getView in Class android.support.v4.widget.CursorAdapter added
[WARNING] [32mVERBOSE[0m Callback method :getDropDownView in Class android.support.v4.widget.CursorAdapter added
[WARNING] [32mVERBOSE[0m Callback method :getFilter in Class android.support.v4.widget.CursorAdapter added
[WARNING] [32mVERBOSE[0m Callback method :getCount in Class android.support.v4.widget.CursorAdapter added
[WARNING] [32mVERBOSE[0m Callback method :getItemId in Class android.support.v4.widget.CursorAdapter added
[WARNING] [32mVERBOSE[0m Callback method :hasStableIds in Class android.support.v4.widget.CursorAdapter added
[WARNING] [32mVERBOSE[0m Callback method :onDraw in Class com.textualindices.refractionlite.MenuViewBackup added
[WARNING] [32mVERBOSE[0m Callback method :getItem in Class android.support.v4.widget.CursorAdapter added
[WARNING] [32mVERBOSE[0m Callback method :getView in Class android.support.v4.widget.CursorAdapter added
[WARNING] [32mVERBOSE[0m Callback method :getDropDownView in Class android.support.v4.widget.CursorAdapter added
[WARNING] [32mVERBOSE[0m Callback method :getFilter in Class android.support.v4.widget.CursorAdapter added
[WARNING] [32mVERBOSE[0m Callback method :getCount in Class android.support.v4.widget.CursorAdapter added
[WARNING] [32mVERBOSE[0m Callback method :getItemId in Class android.support.v4.widget.CursorAdapter added
[WARNING] [32mVERBOSE[0m Callback method :hasStableIds in Class android.support.v4.widget.CursorAdapter added
[WARNING] [32mVERBOSE[0m Callback method :getType in Class android.support.v4.content.FileProvider added
[WARNING] [32mVERBOSE[0m Callback method :onCreate in Class android.support.v4.content.FileProvider added
[WARNING] [32mVERBOSE[0m Callback method :query in Class android.support.v4.content.FileProvider added
[WARNING] [32mVERBOSE[0m Callback method :update in Class android.support.v4.content.FileProvider added
[WARNING] [32mVERBOSE[0m Callback method :openFile in Class android.support.v4.content.FileProvider added
[WARNING] [32mVERBOSE[0m Callback method :insert in Class android.support.v4.content.FileProvider added
[WARNING] [32mVERBOSE[0m Callback method :delete in Class android.support.v4.content.FileProvider added
[WARNING] [32mVERBOSE[0m Callback method :attachInfo in Class android.support.v4.content.FileProvider added
[WARNING] [32mVERBOSE[0m Callback method :onPrepareDialogBuilder in Class com.textualindices.refractionlite.ListPreferenceMultiSelect added
[WARNING] [32mVERBOSE[0m Callback method :onDialogClosed in Class com.textualindices.refractionlite.ListPreferenceMultiSelect added
[WARNING] [32mVERBOSE[0m Callback method :setEntries in Class com.textualindices.refractionlite.ListPreferenceMultiSelect added
[WARNING] [32mVERBOSE[0m Callback method :onLowMemory in Class android.support.v4.app.Fragment added
[WARNING] [32mVERBOSE[0m Callback method :onCreateContextMenu in Class android.support.v4.app.Fragment added
[WARNING] [32mVERBOSE[0m Callback method :onConfigurationChanged in Class android.support.v4.app.Fragment added
0 ICC links found and 0 cg edges added due to ICC links
dynamic conflated call graph: 576 methods; 576 nodes; 997 edges.
maxpossibleFlows=1
maxpossibleFlows=1
maxpossibleFlows=1
maxpossibleFlows=1
maxpossibleFlows=1
maxpossibleFlows=1
maxpossibleFlows=173
maxpossibleFlows=173
maxpossibleFlows=173
maxpossibleFlows=173
maxpossibleFlows=173
maxpossibleFlows=1
maxpossibleFlows=1
maxpossibleFlows=1
maxpossibleFlows=1
maxpossibleFlows=1
1 taint flow paths FOUND from <android.content.ContextWrapper: android.content.res.AssetManager getAssets()> to <android.content.res.AssetManager: java.io.InputStream open(java.lang.String)>
maxpossibleFlows=1
maxpossibleFlows=1
maxpossibleFlows=1
maxpossibleFlows=1
maxpossibleFlows=1
maxpossibleFlows=1
maxpossibleFlows=1
maxpossibleFlows=1
maxpossibleFlows=1
maxpossibleFlows=1
maxpossibleFlows=1
maxpossibleFlows=1
maxpossibleFlows=1
maxpossibleFlows=1
maxpossibleFlows=1
maxpossibleFlows=1
maxpossibleFlows=1
maxpossibleFlows=13
maxpossibleFlows=1
maxpossibleFlows=1
maxpossibleFlows=1
maxpossibleFlows=1
maxpossibleFlows=1
maxpossibleFlows=1
maxpossibleFlows=1
maxpossibleFlows=1
maxpossibleFlows=6848
maxpossibleFlows=6533
maxpossibleFlows=1
maxpossibleFlows=1
maxpossibleFlows=6104
6104 taint flow paths FOUND from <java.text.DateFormat: java.lang.String format(java.util.Date)> to <java.net.URLConnection: void setRequestProperty(java.lang.String,java.lang.String)>
maxpossibleFlows=1
maxpossibleFlows=1
maxpossibleFlows=1
maxpossibleFlows=1
maxpossibleFlows=1
maxpossibleFlows=1
maxpossibleFlows=1
maxpossibleFlows=6748
maxpossibleFlows=6533
maxpossibleFlows=1
maxpossibleFlows=1
maxpossibleFlows=1
maxpossibleFlows=1
maxpossibleFlows=1
maxpossibleFlows=1
maxpossibleFlows=1
maxpossibleFlows=1
maxpossibleFlows=1
maxpossibleFlows=1
maxpossibleFlows=1
maxpossibleFlows=1
maxpossibleFlows=1
maxpossibleFlows=1
maxpossibleFlows=1
maxpossibleFlows=1
1 taint flow paths FOUND from <android.app.Activity: android.content.Intent getIntent()> to <android.widget.TextView: void setText(java.lang.CharSequence)>
maxpossibleFlows=6888
maxpossibleFlows=6533
maxpossibleFlows=1
maxpossibleFlows=6086
maxpossibleFlows=6086
maxpossibleFlows=6086
maxpossibleFlows=1
maxpossibleFlows=1
maxpossibleFlows=11
maxpossibleFlows=1
maxpossibleFlows=1
maxpossibleFlows=1
maxpossibleFlows=1
maxpossibleFlows=1
maxpossibleFlows=1
maxpossibleFlows=1
maxpossibleFlows=1
1 taint flow paths FOUND from <android.view.View: android.content.Context getContext()> to <android.content.res.AssetManager: java.io.InputStream open(java.lang.String)>
maxpossibleFlows=3
maxpossibleFlows=1
maxpossibleFlows=1
maxpossibleFlows=1
maxpossibleFlows=1
maxpossibleFlows=1
maxpossibleFlows=1
maxpossibleFlows=10
maxpossibleFlows=1
maxpossibleFlows=1
maxpossibleFlows=1
maxpossibleFlows=1
maxpossibleFlows=1
maxpossibleFlows=1
maxpossibleFlows=1
maxpossibleFlows=1
maxpossibleFlows=1
maxpossibleFlows=1
maxpossibleFlows=1
maxpossibleFlows=1
1 taint flow paths FOUND from <android.view.View: android.content.res.Resources getResources()> to <android.widget.TextView: void setText(java.lang.CharSequence)>
maxpossibleFlows=3
maxpossibleFlows=1
maxpossibleFlows=1
maxpossibleFlows=1
maxpossibleFlows=1
maxpossibleFlows=1
1 taint flow paths FOUND from <java.lang.String: byte[] getBytes(java.lang.String)> to <java.io.OutputStream: void write(byte[])>
maxpossibleFlows=13072
maxpossibleFlows=6533
maxpossibleFlows=6104
maxpossibleFlows=6114
maxpossibleFlows=6120
maxpossibleFlows=1
1 taint flow paths FOUND from <android.content.ContextWrapper: android.content.Context getBaseContext()> to <android.widget.TextView: void setText(java.lang.CharSequence)>
maxpossibleFlows=1
1 taint flow paths FOUND from <java.util.TimeZone: java.util.TimeZone getTimeZone(java.lang.String)> to <java.text.DateFormat: void setTimeZone(java.util.TimeZone)>
maxpossibleFlows=6848
maxpossibleFlows=6533
maxpossibleFlows=1
maxpossibleFlows=1
maxpossibleFlows=1
maxpossibleFlows=1
maxpossibleFlows=1
maxpossibleFlows=3
3 taint flow paths FOUND from <java.lang.StringBuilder: java.lang.String toString()> to <android.content.res.AssetManager: java.io.InputStream open(java.lang.String)>
maxpossibleFlows=3
maxpossibleFlows=1
maxpossibleFlows=1
maxpossibleFlows=1
maxpossibleFlows=1
maxpossibleFlows=1
maxpossibleFlows=1
maxpossibleFlows=1
maxpossibleFlows=1
maxpossibleFlows=1
maxpossibleFlows=1
maxpossibleFlows=1
1 taint flow paths FOUND from <android.content.ContextWrapper: android.content.Context getApplicationContext()> to <android.app.Activity: void setContentView(android.view.View)>
maxpossibleFlows=6809
maxpossibleFlows=6533
maxpossibleFlows=1
maxpossibleFlows=1
maxpossibleFlows=1
maxpossibleFlows=1
1 taint flow paths FOUND from <android.preference.PreferenceManager: android.content.SharedPreferences getDefaultSharedPreferences(android.content.Context)> to <android.view.View: void setKeepScreenOn(boolean)>
maxpossibleFlows=1
1 taint flow paths FOUND from <android.content.res.Resources: android.util.DisplayMetrics getDisplayMetrics()> to <android.view.View: void setClickable(boolean)>
maxpossibleFlows=1
maxpossibleFlows=1
maxpossibleFlows=1
maxpossibleFlows=1
maxpossibleFlows=1
maxpossibleFlows=2
maxpossibleFlows=1
maxpossibleFlows=2
2 taint flow paths FOUND from <java.lang.StringBuffer: java.lang.String toString()> to <android.util.Log: int v(java.lang.String,java.lang.String)>
maxpossibleFlows=1
1 taint flow paths FOUND from <android.content.ContextWrapper: android.content.res.Resources getResources()> to <android.view.View: void setClickable(boolean)>
maxpossibleFlows=1
1 taint flow paths FOUND from <android.content.Intent: int getIntExtra(java.lang.String,int)> to <android.widget.TextView: void setText(java.lang.CharSequence)>
maxpossibleFlows=1
1 taint flow paths FOUND from <java.io.File: java.lang.String getAbsolutePath()> to <android.util.Log: int v(java.lang.String,java.lang.String)>
maxpossibleFlows=1
maxpossibleFlows=1
maxpossibleFlows=1
maxpossibleFlows=1
maxpossibleFlows=1
maxpossibleFlows=1
maxpossibleFlows=1
maxpossibleFlows=1
maxpossibleFlows=6719
maxpossibleFlows=1
maxpossibleFlows=6533
maxpossibleFlows=1
maxpossibleFlows=1
maxpossibleFlows=1
maxpossibleFlows=1
maxpossibleFlows=6086
maxpossibleFlows=1
maxpossibleFlows=1
maxpossibleFlows=6086
maxpossibleFlows=1
maxpossibleFlows=6086
maxpossibleFlows=1
maxpossibleFlows=1
maxpossibleFlows=1
maxpossibleFlows=53
maxpossibleFlows=1
maxpossibleFlows=1
maxpossibleFlows=6888
maxpossibleFlows=6533
maxpossibleFlows=1
maxpossibleFlows=6086
maxpossibleFlows=6086
maxpossibleFlows=6086
maxpossibleFlows=22
maxpossibleFlows=1
maxpossibleFlows=1
maxpossibleFlows=1
maxpossibleFlows=1
maxpossibleFlows=1
maxpossibleFlows=1
maxpossibleFlows=1
maxpossibleFlows=1
maxpossibleFlows=162
maxpossibleFlows=162
maxpossibleFlows=6104
6104 taint flow paths FOUND from <android.net.Proxy: java.lang.String getDefaultHost()> to <java.net.URLConnection: void setRequestProperty(java.lang.String,java.lang.String)>
maxpossibleFlows=1
maxpossibleFlows=1
maxpossibleFlows=1
maxpossibleFlows=1
maxpossibleFlows=1
maxpossibleFlows=1
maxpossibleFlows=1
maxpossibleFlows=1
maxpossibleFlows=1
1 taint flow paths FOUND from <java.util.TimeZone: java.util.TimeZone getTimeZone(java.lang.String)> to <java.text.DateFormat: void setTimeZone(java.util.TimeZone)>
maxpossibleFlows=1
maxpossibleFlows=1
maxpossibleFlows=1
1 taint flow paths FOUND from <android.content.ContextWrapper: android.content.res.AssetManager getAssets()> to <android.content.res.AssetManager: java.io.InputStream open(java.lang.String)>
maxpossibleFlows=1
maxpossibleFlows=1
1 taint flow paths FOUND from <android.view.View: android.content.Context getContext()> to <android.view.View: void setClickable(boolean)>
maxpossibleFlows=1
maxpossibleFlows=1
maxpossibleFlows=1
maxpossibleFlows=173
maxpossibleFlows=6848
maxpossibleFlows=6748
maxpossibleFlows=6888
maxpossibleFlows=1
maxpossibleFlows=13072
maxpossibleFlows=6848
maxpossibleFlows=13072
13072 taint flow paths FOUND from <java.lang.StringBuilder: java.lang.String toString()> to <org.json.JSONObject: org.json.JSONObject put(java.lang.String,int)>
maxpossibleFlows=1
1 taint flow paths FOUND from <android.content.ContextWrapper: android.content.res.AssetManager getAssets()> to <android.widget.TextView: void setText(java.lang.CharSequence)>
maxpossibleFlows=1
maxpossibleFlows=1
maxpossibleFlows=1
maxpossibleFlows=173
maxpossibleFlows=6533
maxpossibleFlows=6533
maxpossibleFlows=6533
maxpossibleFlows=1
maxpossibleFlows=6533
maxpossibleFlows=6533
maxpossibleFlows=6533
6533 taint flow paths FOUND from <java.lang.StringBuilder: java.lang.String toString()> to <org.json.JSONObject: org.json.JSONObject put(java.lang.String,boolean)>
maxpossibleFlows=24
23 taint flow paths FOUND from <java.lang.StringBuilder: java.lang.String toString()> to <java.lang.String: boolean startsWith(java.lang.String)>
maxpossibleFlows=1
maxpossibleFlows=1
maxpossibleFlows=1
maxpossibleFlows=1
maxpossibleFlows=1
maxpossibleFlows=1
maxpossibleFlows=1
maxpossibleFlows=1
maxpossibleFlows=1
maxpossibleFlows=1
1 taint flow paths FOUND from <android.preference.PreferenceManager: android.content.SharedPreferences getDefaultSharedPreferences(android.content.Context)> to <android.view.View: void setKeepScreenOn(boolean)>
maxpossibleFlows=1
maxpossibleFlows=1
maxpossibleFlows=1
maxpossibleFlows=1
maxpossibleFlows=1
maxpossibleFlows=1
maxpossibleFlows=1
maxpossibleFlows=1
maxpossibleFlows=1
maxpossibleFlows=1
maxpossibleFlows=1
maxpossibleFlows=1
maxpossibleFlows=1
maxpossibleFlows=1
maxpossibleFlows=1
maxpossibleFlows=1
maxpossibleFlows=1
maxpossibleFlows=1
maxpossibleFlows=1
maxpossibleFlows=1
maxpossibleFlows=1
maxpossibleFlows=1
maxpossibleFlows=1
maxpossibleFlows=1
maxpossibleFlows=1
maxpossibleFlows=1
maxpossibleFlows=1
maxpossibleFlows=1
maxpossibleFlows=1
maxpossibleFlows=1
maxpossibleFlows=1
maxpossibleFlows=1
maxpossibleFlows=1
maxpossibleFlows=1
maxpossibleFlows=1
maxpossibleFlows=1
maxpossibleFlows=1
maxpossibleFlows=1
1 taint flow paths FOUND from <java.lang.String: byte[] getBytes(java.lang.String)> to <java.io.OutputStream: void write(byte[])>
maxpossibleFlows=1
maxpossibleFlows=1
1 taint flow paths FOUND from <android.view.View: android.content.Context getContext()> to <android.view.View: void setFocusable(boolean)>
maxpossibleFlows=173
maxpossibleFlows=6104
6104 taint flow paths FOUND from <java.text.DateFormat: java.lang.String format(java.util.Date)> to <java.net.URLConnection: void setRequestProperty(java.lang.String,java.lang.String)>
maxpossibleFlows=1
1 taint flow paths FOUND from <java.lang.StringBuilder: java.lang.String toString()> to <android.view.View: void setBackgroundColor(int)>
maxpossibleFlows=1
maxpossibleFlows=1
maxpossibleFlows=13
maxpossibleFlows=1
maxpossibleFlows=11
maxpossibleFlows=1
maxpossibleFlows=1
maxpossibleFlows=1
maxpossibleFlows=10
maxpossibleFlows=14
maxpossibleFlows=1
maxpossibleFlows=1
maxpossibleFlows=64
63 taint flow paths FOUND from <java.lang.StringBuilder: java.lang.String toString()> to <android.graphics.Paint: void setTextAlign(android.graphics.Paint$Align)>
maxpossibleFlows=1
maxpossibleFlows=1
maxpossibleFlows=1
maxpossibleFlows=1
maxpossibleFlows=1
1 taint flow paths FOUND from <android.content.ContextWrapper: android.content.res.AssetManager getAssets()> to <android.widget.TextView: void setTextSize(float)>
maxpossibleFlows=1
maxpossibleFlows=1
maxpossibleFlows=1
maxpossibleFlows=1
maxpossibleFlows=1
maxpossibleFlows=1
maxpossibleFlows=1
maxpossibleFlows=1
maxpossibleFlows=1
1 taint flow paths FOUND from <android.content.ContextWrapper: android.content.Context getApplicationContext()> to <android.app.Activity: void setContentView(android.view.View)>
maxpossibleFlows=1
1 taint flow paths FOUND from <android.content.ContextWrapper: android.content.res.AssetManager getAssets()> to <android.widget.TextView: void setPadding(int,int,int,int)>
maxpossibleFlows=1
maxpossibleFlows=1
maxpossibleFlows=1
maxpossibleFlows=1
maxpossibleFlows=1
maxpossibleFlows=1
maxpossibleFlows=1
maxpossibleFlows=1
maxpossibleFlows=1
maxpossibleFlows=1
maxpossibleFlows=1
maxpossibleFlows=1
maxpossibleFlows=1
maxpossibleFlows=1
maxpossibleFlows=2
maxpossibleFlows=1
maxpossibleFlows=1
maxpossibleFlows=1
maxpossibleFlows=1
maxpossibleFlows=1
maxpossibleFlows=1
maxpossibleFlows=1
maxpossibleFlows=1
maxpossibleFlows=1
maxpossibleFlows=1
1 taint flow paths FOUND from <android.content.ContextWrapper: android.content.Context getApplicationContext()> to <android.app.Activity: void setVolumeControlStream(int)>
maxpossibleFlows=173
maxpossibleFlows=6114
6114 taint flow paths FOUND from <java.text.DateFormat: java.lang.String format(java.util.Date)> to <java.net.HttpURLConnection: void setRequestMethod(java.lang.String)>
maxpossibleFlows=1
1 taint flow paths FOUND from <android.content.ContextWrapper: android.content.res.AssetManager getAssets()> to <android.widget.TextView: void setTypeface(android.graphics.Typeface)>
maxpossibleFlows=1
maxpossibleFlows=1
maxpossibleFlows=1
maxpossibleFlows=1
maxpossibleFlows=1
maxpossibleFlows=1
maxpossibleFlows=1
maxpossibleFlows=1
maxpossibleFlows=1
maxpossibleFlows=1
maxpossibleFlows=1
maxpossibleFlows=2
2 taint flow paths FOUND from <java.lang.StringBuilder: java.lang.String toString()> to <android.util.Log: int d(java.lang.String,java.lang.String)>
maxpossibleFlows=1
maxpossibleFlows=1
maxpossibleFlows=1
maxpossibleFlows=1
maxpossibleFlows=1
maxpossibleFlows=1
maxpossibleFlows=1
maxpossibleFlows=1
maxpossibleFlows=1
maxpossibleFlows=1
maxpossibleFlows=1
maxpossibleFlows=1
maxpossibleFlows=1
maxpossibleFlows=1
maxpossibleFlows=1
maxpossibleFlows=1
maxpossibleFlows=1
maxpossibleFlows=1
maxpossibleFlows=2
2 taint flow paths FOUND from <java.lang.StringBuffer: java.lang.String toString()> to <android.util.Log: int v(java.lang.String,java.lang.String)>
maxpossibleFlows=173
maxpossibleFlows=6120
6120 taint flow paths FOUND from <java.text.DateFormat: java.lang.String format(java.util.Date)> to <java.net.URL: java.net.URLConnection openConnection()>
[WARNING] [32mVERBOSE[0m Callback method :<init> in Class android.support.v4.app.Fragment
[WARNING] [32mVERBOSE[0m Callback method :onConfigurationChanged in Class android.support.v4.app.Fragment
[WARNING] [32mVERBOSE[0m Callback method :onCreateContextMenu in Class android.support.v4.app.Fragment
[WARNING] [32mVERBOSE[0m Callback method :onLowMemory in Class android.support.v4.app.Fragment
[WARNING] [32mVERBOSE[0m Callback method :<init> in Class android.support.v4.app.DialogFragment
[WARNING] [32mVERBOSE[0m Callback method :onCancel in Class android.support.v4.app.DialogFragment
[WARNING] [32mVERBOSE[0m Callback method :onDismiss in Class android.support.v4.app.DialogFragment
[WARNING] [32mVERBOSE[0m Callback method :onAttachedToWindow in Class android.support.v4.app.FragmentTabHost
[WARNING] [32mVERBOSE[0m Callback method :onDetachedFromWindow in Class android.support.v4.app.FragmentTabHost
[WARNING] [32mVERBOSE[0m Callback method :onRestoreInstanceState in Class android.support.v4.app.FragmentTabHost
[WARNING] [32mVERBOSE[0m Callback method :onSaveInstanceState in Class android.support.v4.app.FragmentTabHost
[WARNING] [32mVERBOSE[0m Callback method :onTabChanged in Class android.support.v4.app.FragmentTabHost
[WARNING] [32mVERBOSE[0m Callback method :setOnTabChangedListener in Class android.support.v4.app.FragmentTabHost
[WARNING] [32mVERBOSE[0m Callback method :setup in Class android.support.v4.app.FragmentTabHost
[WARNING] [32mVERBOSE[0m Hierarchy.virtualDispatch called with non-concrete receiver class: android.support.v4.widget.AutoScrollHelper, subsig: boolean onTouch(android.view.View,android.view.MotionEvent)
[WARNING] [32mVERBOSE[0m Callback method :onTouch in Class android.support.v4.widget.AutoScrollHelper
[WARNING] [32mVERBOSE[0m Callback method :onDraw in Class com.textualindices.refractionlite.LevelSelectGridView
[WARNING] [32mVERBOSE[0m Callback method :onItemClick in Class com.textualindices.refractionlite.LevelSelectGridView
[WARNING] [32mVERBOSE[0m Callback method :<init> in Class com.textualindices.refractionlite.SolutionsOnlineActivity
[WARNING] [32mVERBOSE[0m Callback method :onCreate in Class com.textualindices.refractionlite.SolutionsOnlineActivity
[WARNING] [32mVERBOSE[0m Callback method :onScroll in Class com.textualindices.refractionlite.SolutionsOnlineActivity
[WARNING] [32mVERBOSE[0m Callback method :onScrollStateChanged in Class com.textualindices.refractionlite.SolutionsOnlineActivity
Result for malicious-app-3-8A705C9D314B94A5C86FB5F4B8DC64706F0378970D8B8E474AD63F284EE7836A.apkcom.textualindices.refractionlite