DUA-Forensics args to Soot: -w -cp /home/handrick/Documents/UNB/benchmark/libs/droidfax.jar:/home/handrick/Android/Sdk/platforms/android-19/android.jar -p cg verbose:false,implicit-entry:true -p cg.spark verbose:false,on-fly-cg:true,rta:false -d /home/handrick/Documents/UNB/benchmark/trace/180/2/droidbot/malicious-app-69-3302A79051F7FFE20D56CE94D0DE0041E1F7217F6CE976DCEBB7093954B74BD8.apk.logcat -process-dir /home/handrick/Documents/UNB/benchmark/data/input/malicious-app-69-3302A79051F7FFE20D56CE94D0DE0041E1F7217F6CE976DCEBB7093954B74BD8.apk 
Soot started on Fri Apr 15 13:01:10 CEST 2022
Warning: com.ironsource.mobilcore.BaseFlowBasedAdUnit is a phantom class!
Warning: java.lang.invoke.LambdaMetafactory is a phantom class!
Warning: java.lang.ref.Finalizer is a phantom class!
get type from 'I'
get type from 'I'
get type from 'Z'
get type from 'Z'
No main class given. Inferred 'org.joda.time.tz.ZoneInfoCompiler' as main class.
[Call Graph] For information on where the call graph may be incomplete, use the verbose option to the cg phase.
[Spark] Pointer Assignment Graph in 0.1 seconds.
[Spark] Type masks in 0.0 seconds.
[Spark] Pointer Graph simplified in 0.0 seconds.
[Spark] Propagation in 1.6 seconds.
[Spark] Solution found in 1.6 seconds.
hcai's internal transform
Running static analysis for method/class coverage characterization
0 ICC links found and 0 cg edges added due to ICC links
dynamic conflated call graph: 883 methods; 883 nodes; 1290 edges.
feature-vector-key = malicious-app-69-3302A79051F7FFE20D56CE94D0DE0041E1F7217F6CE976DCEBB7093954B74BD8.apk
Result for malicious-app-69-3302A79051F7FFE20D56CE94D0DE0041E1F7217F6CE976DCEBB7093954B74BD8.apkcom.mhuang.overclocking