DUA-Forensics args to Soot: -w -cp /home/hcosta/bench/benchmark/libs/droidfax.jar:/home/hcosta/Android/Sdk/platforms/android-28/android.jar -p cg verbose:false,implicit-entry:true -p cg.spark verbose:false,on-fly-cg:true,rta:false -d /home/hcosta/bench/benchmark/trace/180/4/droidbot/benign-app-100-D4702B44ADBBC14415857E526DB8D252F99CD4A2CB8927981F011BCF700FF235.apk.logcat -process-dir /home/hcosta/bench/benchmark/data/input/benign-app-100-D4702B44ADBBC14415857E526DB8D252F99CD4A2CB8927981F011BCF700FF235.apk 
Soot started on Thu Apr 21 06:16:40 CEST 2022
Warning: com.ironsource.mobilcore.BaseFlowBasedAdUnit is a phantom class!
Warning: java.lang.invoke.LambdaMetafactory is a phantom class!
Warning: java.lang.ref.Finalizer is a phantom class!
Warning: javax.naming.Context is a phantom class!
Warning: javax.naming.Name is a phantom class!
Warning: javax.naming.NamingEnumeration is a phantom class!
Warning: javax.naming.NamingException is a phantom class!
Warning: javax.naming.RefAddr is a phantom class!
Warning: javax.naming.Reference is a phantom class!
Warning: javax.naming.Referenceable is a phantom class!
Warning: javax.naming.StringRefAddr is a phantom class!
Warning: javax.naming.directory.Attribute is a phantom class!
Warning: javax.naming.directory.Attributes is a phantom class!
Warning: javax.naming.directory.DirContext is a phantom class!
Warning: javax.naming.directory.InitialDirContext is a phantom class!
Warning: javax.naming.spi.ObjectFactory is a phantom class!
Warning: javax.sql.XAConnection is a phantom class!
Warning: javax.sql.XADataSource is a phantom class!
Warning: javax.transaction.xa.XAException is a phantom class!
Warning: javax.transaction.xa.XAResource is a phantom class!
Warning: javax.transaction.xa.Xid is a phantom class!
No main class given. Inferred 'oracle.sql.converter.CharacterConverterGB18030' as main class.
[Call Graph] For information on where the call graph may be incomplete, use the verbose option to the cg phase.
[Spark] Pointer Assignment Graph in 0.3 seconds.
[Spark] Type masks in 0.0 seconds.
[Spark] Pointer Graph simplified in 0.0 seconds.
[Spark] Propagation in 0.0 seconds.
[Spark] Solution found in 0.0 seconds.
hcai's internal transform
Running static analysis for method/class coverage characterization
0 ICC links found and 0 cg edges added due to ICC links
dynamic conflated call graph: 79 methods; 79 nodes; 103 edges.
feature-vector-key = benign-app-100-D4702B44ADBBC14415857E526DB8D252F99CD4A2CB8927981F011BCF700FF235.apk
Result for benign-app-100-D4702B44ADBBC14415857E526DB8D252F99CD4A2CB8927981F011BCF700FF235.apkcom.liuyu.goOracle