DUA-Forensics args to Soot: -w -cp /home/hcosta/bench/benchmark/libs/droidfax.jar:/home/hcosta/Android/Sdk/platforms/android-28/android.jar -p cg verbose:false,implicit-entry:true -p cg.spark verbose:false,on-fly-cg:true,rta:false -d /home/hcosta/bench/benchmark/trace/180/1/droidbot/benign-app-16-23480B1F2E2EBF81CA14A367CC6447D4B97A01E3B734A2080A22EAA669FB88E5.apk.logcat -process-dir /home/hcosta/bench/benchmark/data/input/benign-app-16-23480B1F2E2EBF81CA14A367CC6447D4B97A01E3B734A2080A22EAA669FB88E5.apk 
Soot started on Tue Apr 19 16:34:42 CEST 2022
Warning: com.ironsource.mobilcore.BaseFlowBasedAdUnit is a phantom class!
Warning: java.lang.invoke.LambdaMetafactory is a phantom class!
Warning: java.lang.ref.Finalizer is a phantom class!
[Call Graph] For information on where the call graph may be incomplete, use the verbose option to the cg phase.
[Spark] Pointer Assignment Graph in 0.0 seconds.
[Spark] Type masks in 0.0 seconds.
[Spark] Pointer Graph simplified in 0.0 seconds.
[Spark] Propagation in 0.0 seconds.
[Spark] Solution found in 0.0 seconds.
hcai's internal transform
Running static analysis for security-relevant feature characterization
[GatorHierarchy] [32mVERBOSE[0m [HIER] All classes: 1009
[GatorHierarchy] [32mVERBOSE[0m [App: 51, Lib : 955, Phantom: 3]
[GatorHierarchy] [32mVERBOSE[0m [HIER] Activities: 3, lib activities: 3
[GatorHierarchy] [32mVERBOSE[0m [HIER] App views: 0, Lib views: 11
[GatorHierarchy] [32mVERBOSE[0m [HIER] App Dialogs: 0, Lib Dialogs: 3
[TIMECOST] [32mVERBOSE[0m buildApplicationCodeMap parsing starting at 1650378883163
array element type: (filled narr)int
array element type: (filled narr)int
array element type: (filled narr)int
array element type: (filled narr)int
[TIMECOST] [32mVERBOSE[0m buildApplicationCodeMap parsing finished at 1650378883915
[Instantiated app classes] [32mVERBOSE[0m total number: 42
[WARNING] [32mVERBOSE[0m Callback method :onTouchEvent in Class com.chessquare.cchess.ui.BoardActivity added
[WARNING] [32mVERBOSE[0m Callback method :onCreate in Class com.chessquare.cchess.ui.BoardActivity added
[WARNING] [32mVERBOSE[0m Callback method :onCreateOptionsMenu in Class com.chessquare.cchess.ui.BoardActivity added
[WARNING] [32mVERBOSE[0m Callback method :onSaveInstanceState in Class com.chessquare.cchess.ui.BoardActivity added
[WARNING] [32mVERBOSE[0m Callback method :onOptionsItemSelected in Class com.chessquare.cchess.ui.BoardActivity added
[WARNING] [32mVERBOSE[0m Callback method :onResume in Class com.chessquare.cchess.ui.BoardActivity added
[WARNING] [32mVERBOSE[0m Callback method :onPreferenceChange in Class com.chessquare.cchess.ui.SettingsActivity added
[WARNING] [32mVERBOSE[0m Callback method :onCreate in Class com.chessquare.cchess.ui.SettingsActivity added
[WARNING] [32mVERBOSE[0m Callback method :onCreate in Class com.chessquare.cchess.commonui.Help added
0 ICC links found and 0 cg edges added due to ICC links
dynamic conflated call graph: 93 methods; 93 nodes; 87 edges.
maxpossibleFlows=1
maxpossibleFlows=2
maxpossibleFlows=3
3 taint flow paths FOUND from <android.view.View: android.view.View getRootView()> to <android.view.View: void setKeepScreenOn(boolean)>
maxpossibleFlows=1
maxpossibleFlows=2
maxpossibleFlows=41
41 taint flow paths FOUND from <android.view.View: android.content.Context getContext()> to <android.widget.ImageView: void setVisibility(int)>
maxpossibleFlows=3
maxpossibleFlows=3
maxpossibleFlows=1
maxpossibleFlows=1
maxpossibleFlows=41
41 taint flow paths FOUND from <android.view.View: android.content.Context getContext()> to <android.widget.ImageView: void setVisibility(int)>
maxpossibleFlows=3
3 taint flow paths FOUND from <android.view.View: android.view.View getRootView()> to <android.view.View: void setKeepScreenOn(boolean)>
maxpossibleFlows=2
maxpossibleFlows=2
maxpossibleFlows=1
[WARNING] [32mVERBOSE[0m Callback method :<init> in Class com.chessquare.cchess.ui.SettingsActivity
[WARNING] [32mVERBOSE[0m Callback method :onCreate in Class com.chessquare.cchess.ui.SettingsActivity
[WARNING] [32mVERBOSE[0m Callback method :onPreferenceChange in Class com.chessquare.cchess.ui.SettingsActivity
Result for benign-app-16-23480B1F2E2EBF81CA14A367CC6447D4B97A01E3B734A2080A22EAA669FB88E5.apkcom.cchess