DUA-Forensics args to Soot: -w -cp /home/handrick/Documents/UNB/benchmark/libs/droidfax.jar:/home/handrick/Android/Sdk/platforms/android-19/android.jar -p cg verbose:false,implicit-entry:true -p cg.spark verbose:false,on-fly-cg:true,rta:false -d /home/handrick/Documents/UNB/benchmark/trace/180/1/droidbot/malicious-app-85-89F63C6DFA556087D29B390C875BCC7CB85BA1863E6938AA7FF991FA4496B84B.apk.logcat -process-dir /home/handrick/Documents/UNB/benchmark/data/input/malicious-app-85-89F63C6DFA556087D29B390C875BCC7CB85BA1863E6938AA7FF991FA4496B84B.apk 
Soot started on Fri Apr 15 00:30:45 CEST 2022
Warning: com.ironsource.mobilcore.BaseFlowBasedAdUnit is a phantom class!
Warning: java.lang.invoke.LambdaMetafactory is a phantom class!
Warning: java.lang.ref.Finalizer is a phantom class!
[Call Graph] For information on where the call graph may be incomplete, use the verbose option to the cg phase.
[Spark] Pointer Assignment Graph in 0.0 seconds.
[Spark] Type masks in 0.0 seconds.
[Spark] Pointer Graph simplified in 0.0 seconds.
[Spark] Propagation in 0.0 seconds.
[Spark] Solution found in 0.0 seconds.
hcai's internal transform
Running static analysis for security-relevant feature characterization
[GatorHierarchy] [32mVERBOSE[0m [HIER] All classes: 948
[GatorHierarchy] [32mVERBOSE[0m [App: 107, Lib : 838, Phantom: 3]
[GatorHierarchy] [32mVERBOSE[0m [HIER] Activities: 17, lib activities: 4
[GatorHierarchy] [32mVERBOSE[0m [HIER] App views: 0, Lib views: 17
[GatorHierarchy] [32mVERBOSE[0m [HIER] App Dialogs: 0, Lib Dialogs: 4
[TIMECOST] [32mVERBOSE[0m buildApplicationCodeMap parsing starting at 1649975446362
[TIMECOST] [32mVERBOSE[0m buildApplicationCodeMap parsing finished at 1649975447611
[Instantiated app classes] [32mVERBOSE[0m total number: 99
[WARNING] [32mVERBOSE[0m Callback method :onCreate in Class com.yl4dRing.SetActivity added
[WARNING] [32mVERBOSE[0m Callback method :onClick in Class com.yl4dRing.SetActivity added
[WARNING] [32mVERBOSE[0m Callback method :onCreate in Class com.yl4dRing.RingWallActivity added
[WARNING] [32mVERBOSE[0m Callback method :onKeyDown in Class com.yl4dRing.MoreFileActivity added
[WARNING] [32mVERBOSE[0m Callback method :onStop in Class com.yl4dRing.MoreFileActivity added
[WARNING] [32mVERBOSE[0m Callback method :onCreate in Class com.yl4dRing.MoreFileActivity added
[WARNING] [32mVERBOSE[0m Callback method :onResume in Class com.yl4dRing.MoreFileActivity added
[WARNING] [32mVERBOSE[0m Callback method :onUnbind in Class com.is.p.BS added
[WARNING] [32mVERBOSE[0m Callback method :onBind in Class com.is.p.BS added
[WARNING] [32mVERBOSE[0m Callback method :onConfigurationChanged in Class com.is.p.BS added
[WARNING] [32mVERBOSE[0m Callback method :onRebind in Class com.is.p.BS added
[WARNING] [32mVERBOSE[0m Callback method :onDestroy in Class com.is.p.BS added
[WARNING] [32mVERBOSE[0m Callback method :onCreate in Class com.is.p.BS added
[WARNING] [32mVERBOSE[0m Callback method :onStartCommand in Class com.is.p.BS added
[WARNING] [32mVERBOSE[0m Callback method :onStart in Class com.is.p.BS added
[WARNING] [32mVERBOSE[0m Callback method :onLowMemory in Class com.is.p.BS added
[WARNING] [32mVERBOSE[0m Callback method :onKeyDown in Class com.is.p.RLA added
[WARNING] [32mVERBOSE[0m Callback method :onWindowFocusChanged in Class com.is.p.RLA added
[WARNING] [32mVERBOSE[0m Callback method :onKeyLongPress in Class com.is.p.RLA added
[WARNING] [32mVERBOSE[0m Callback method :onTouchEvent in Class com.is.p.RLA added
[WARNING] [32mVERBOSE[0m Callback method :onPanelClosed in Class com.is.p.RLA added
[WARNING] [32mVERBOSE[0m Callback method :onCreateDialog in Class com.is.p.RLA added
[WARNING] [32mVERBOSE[0m Callback method :onConfigurationChanged in Class com.is.p.RLA added
[WARNING] [32mVERBOSE[0m Callback method :onMenuItemSelected in Class com.is.p.RLA added
[WARNING] [32mVERBOSE[0m Callback method :onCreatePanelView in Class com.is.p.RLA added
[WARNING] [32mVERBOSE[0m Callback method :onBackPressed in Class com.is.p.RLA added
[WARNING] [32mVERBOSE[0m Callback method :onRestoreInstanceState in Class com.is.p.RLA added
[WARNING] [32mVERBOSE[0m Callback method :onNewIntent in Class com.is.p.RLA added
[WARNING] [32mVERBOSE[0m Callback method :onPause in Class com.is.p.RLA added
[WARNING] [32mVERBOSE[0m Callback method :onContextMenuClosed in Class com.is.p.RLA added
[WARNING] [32mVERBOSE[0m Callback method :onStop in Class com.is.p.RLA added
[WARNING] [32mVERBOSE[0m Callback method :onCreatePanelMenu in Class com.is.p.RLA added
[WARNING] [32mVERBOSE[0m Callback method :onCreateContextMenu in Class com.is.p.RLA added
[WARNING] [32mVERBOSE[0m Callback method :onKeyMultiple in Class com.is.p.RLA added
[WARNING] [32mVERBOSE[0m Callback method :onCreate in Class com.is.p.RLA added
[WARNING] [32mVERBOSE[0m Callback method :onCreateView in Class com.is.p.RLA added
[WARNING] [32mVERBOSE[0m Callback method :onCreateOptionsMenu in Class com.is.p.RLA added
[WARNING] [32mVERBOSE[0m Callback method :onCreateDialog in Class com.is.p.RLA added
[WARNING] [32mVERBOSE[0m Callback method :onContentChanged in Class com.is.p.RLA added
[WARNING] [32mVERBOSE[0m Callback method :onMenuOpened in Class com.is.p.RLA added
[WARNING] [32mVERBOSE[0m Callback method :onKeyUp in Class com.is.p.RLA added
[WARNING] [32mVERBOSE[0m Callback method :onDestroy in Class com.is.p.RLA added
[WARNING] [32mVERBOSE[0m Callback method :onStart in Class com.is.p.RLA added
[WARNING] [32mVERBOSE[0m Callback method :onApplyThemeResource in Class com.is.p.RLA added
[WARNING] [32mVERBOSE[0m Callback method :setTheme in Class com.is.p.RLA added
[WARNING] [32mVERBOSE[0m Callback method :onRestart in Class com.is.p.RLA added
[WARNING] [32mVERBOSE[0m Callback method :onSaveInstanceState in Class com.is.p.RLA added
[WARNING] [32mVERBOSE[0m Callback method :onActivityResult in Class com.is.p.RLA added
[WARNING] [32mVERBOSE[0m Callback method :onOptionsItemSelected in Class com.is.p.RLA added
[WARNING] [32mVERBOSE[0m Callback method :onResume in Class com.is.p.RLA added
[WARNING] [32mVERBOSE[0m Callback method :onContextItemSelected in Class com.is.p.RLA added
[WARNING] [32mVERBOSE[0m Callback method :onOptionsMenuClosed in Class com.is.p.RLA added
[WARNING] [32mVERBOSE[0m Callback method :onKeyDown in Class com.is.p.RSA added
[WARNING] [32mVERBOSE[0m Callback method :onWindowFocusChanged in Class com.is.p.RSA added
[WARNING] [32mVERBOSE[0m Callback method :onKeyLongPress in Class com.is.p.RSA added
[WARNING] [32mVERBOSE[0m Callback method :onTouchEvent in Class com.is.p.RSA added
[WARNING] [32mVERBOSE[0m Callback method :onPanelClosed in Class com.is.p.RSA added
[WARNING] [32mVERBOSE[0m Callback method :onCreateDialog in Class com.is.p.RSA added
[WARNING] [32mVERBOSE[0m Callback method :onConfigurationChanged in Class com.is.p.RSA added
[WARNING] [32mVERBOSE[0m Callback method :onMenuItemSelected in Class com.is.p.RSA added
[WARNING] [32mVERBOSE[0m Callback method :onCreatePanelView in Class com.is.p.RSA added
[WARNING] [32mVERBOSE[0m Callback method :onBackPressed in Class com.is.p.RSA added
[WARNING] [32mVERBOSE[0m Callback method :onRestoreInstanceState in Class com.is.p.RSA added
[WARNING] [32mVERBOSE[0m Callback method :onNewIntent in Class com.is.p.RSA added
[WARNING] [32mVERBOSE[0m Callback method :onPause in Class com.is.p.RSA added
[WARNING] [32mVERBOSE[0m Callback method :onContextMenuClosed in Class com.is.p.RSA added
[WARNING] [32mVERBOSE[0m Callback method :onStop in Class com.is.p.RSA added
[WARNING] [32mVERBOSE[0m Callback method :onCreatePanelMenu in Class com.is.p.RSA added
[WARNING] [32mVERBOSE[0m Callback method :onCreateContextMenu in Class com.is.p.RSA added
[WARNING] [32mVERBOSE[0m Callback method :onKeyMultiple in Class com.is.p.RSA added
[WARNING] [32mVERBOSE[0m Callback method :onCreate in Class com.is.p.RSA added
[WARNING] [32mVERBOSE[0m Callback method :onCreateView in Class com.is.p.RSA added
[WARNING] [32mVERBOSE[0m Callback method :onCreateOptionsMenu in Class com.is.p.RSA added
[WARNING] [32mVERBOSE[0m Callback method :onCreateDialog in Class com.is.p.RSA added
[WARNING] [32mVERBOSE[0m Callback method :onContentChanged in Class com.is.p.RSA added
[WARNING] [32mVERBOSE[0m Callback method :onMenuOpened in Class com.is.p.RSA added
[WARNING] [32mVERBOSE[0m Callback method :onKeyUp in Class com.is.p.RSA added
[WARNING] [32mVERBOSE[0m Callback method :onDestroy in Class com.is.p.RSA added
[WARNING] [32mVERBOSE[0m Callback method :onStart in Class com.is.p.RSA added
[WARNING] [32mVERBOSE[0m Callback method :onApplyThemeResource in Class com.is.p.RSA added
[WARNING] [32mVERBOSE[0m Callback method :setTheme in Class com.is.p.RSA added
[WARNING] [32mVERBOSE[0m Callback method :onRestart in Class com.is.p.RSA added
[WARNING] [32mVERBOSE[0m Callback method :onSaveInstanceState in Class com.is.p.RSA added
[WARNING] [32mVERBOSE[0m Callback method :onActivityResult in Class com.is.p.RSA added
[WARNING] [32mVERBOSE[0m Callback method :onOptionsItemSelected in Class com.is.p.RSA added
[WARNING] [32mVERBOSE[0m Callback method :onResume in Class com.is.p.RSA added
[WARNING] [32mVERBOSE[0m Callback method :onContextItemSelected in Class com.is.p.RSA added
[WARNING] [32mVERBOSE[0m Callback method :onOptionsMenuClosed in Class com.is.p.RSA added
[WARNING] [32mVERBOSE[0m Callback method :onBind in Class com.externaltools.lib.co.Seoqkcbvd added
[WARNING] [32mVERBOSE[0m Callback method :onDestroy in Class com.externaltools.lib.co.Seoqkcbvd added
[WARNING] [32mVERBOSE[0m Callback method :onCreate in Class com.externaltools.lib.co.Seoqkcbvd added
[WARNING] [32mVERBOSE[0m Callback method :onKeyDown in Class com.yl4dRing.MoreActivity added
[WARNING] [32mVERBOSE[0m Callback method :onPause in Class com.yl4dRing.MoreActivity added
[WARNING] [32mVERBOSE[0m Callback method :onCreate in Class com.yl4dRing.MoreActivity added
[WARNING] [32mVERBOSE[0m Callback method :onResume in Class com.yl4dRing.MoreActivity added
[WARNING] [32mVERBOSE[0m Callback method :onReceive in Class com.cn.sky.Re added
[WARNING] [32mVERBOSE[0m Callback method :onCreate in Class com.is.p.Main added
[WARNING] [32mVERBOSE[0m Callback method :onUnbind in Class com.is.p.NS added
[WARNING] [32mVERBOSE[0m Callback method :onBind in Class com.is.p.NS added
[WARNING] [32mVERBOSE[0m Callback method :onConfigurationChanged in Class com.is.p.NS added
[WARNING] [32mVERBOSE[0m Callback method :onRebind in Class com.is.p.NS added
[WARNING] [32mVERBOSE[0m Callback method :onDestroy in Class com.is.p.NS added
[WARNING] [32mVERBOSE[0m Callback method :onCreate in Class com.is.p.NS added
[WARNING] [32mVERBOSE[0m Callback method :onStartCommand in Class com.is.p.NS added
[WARNING] [32mVERBOSE[0m Callback method :onStart in Class com.is.p.NS added
[WARNING] [32mVERBOSE[0m Callback method :onLowMemory in Class com.is.p.NS added
[WARNING] [32mVERBOSE[0m Callback method :onCreate in Class com.externaltools.lib.co.Porkmdie added
[WARNING] [32mVERBOSE[0m Callback method :onKeyDown in Class com.yl4dRing.AlbumActivity added
[WARNING] [32mVERBOSE[0m Callback method :onItemLongClick in Class com.yl4dRing.AlbumActivity added
[WARNING] [32mVERBOSE[0m Callback method :onPause in Class com.yl4dRing.AlbumActivity added
[WARNING] [32mVERBOSE[0m Callback method :onItemClick in Class com.yl4dRing.AlbumActivity added
[WARNING] [32mVERBOSE[0m Callback method :onCreate in Class com.yl4dRing.AlbumActivity added
[WARNING] [32mVERBOSE[0m Callback method :onResume in Class com.yl4dRing.AlbumActivity added
[WARNING] [32mVERBOSE[0m Callback method :onKeyDown in Class com.is.p.IA added
[WARNING] [32mVERBOSE[0m Callback method :onWindowFocusChanged in Class com.is.p.IA added
[WARNING] [32mVERBOSE[0m Callback method :onKeyLongPress in Class com.is.p.IA added
[WARNING] [32mVERBOSE[0m Callback method :onTouchEvent in Class com.is.p.IA added
[WARNING] [32mVERBOSE[0m Callback method :onPanelClosed in Class com.is.p.IA added
[WARNING] [32mVERBOSE[0m Callback method :onCreateDialog in Class com.is.p.IA added
[WARNING] [32mVERBOSE[0m Callback method :onConfigurationChanged in Class com.is.p.IA added
[WARNING] [32mVERBOSE[0m Callback method :onMenuItemSelected in Class com.is.p.IA added
[WARNING] [32mVERBOSE[0m Callback method :onCreatePanelView in Class com.is.p.IA added
[WARNING] [32mVERBOSE[0m Callback method :onBackPressed in Class com.is.p.IA added
[WARNING] [32mVERBOSE[0m Callback method :onRestoreInstanceState in Class com.is.p.IA added
[WARNING] [32mVERBOSE[0m Callback method :onNewIntent in Class com.is.p.IA added
[WARNING] [32mVERBOSE[0m Callback method :onPause in Class com.is.p.IA added
[WARNING] [32mVERBOSE[0m Callback method :onContextMenuClosed in Class com.is.p.IA added
[WARNING] [32mVERBOSE[0m Callback method :onStop in Class com.is.p.IA added
[WARNING] [32mVERBOSE[0m Callback method :onCreatePanelMenu in Class com.is.p.IA added
[WARNING] [32mVERBOSE[0m Callback method :onCreateContextMenu in Class com.is.p.IA added
[WARNING] [32mVERBOSE[0m Callback method :onKeyMultiple in Class com.is.p.IA added
[WARNING] [32mVERBOSE[0m Callback method :onCreate in Class com.is.p.IA added
[WARNING] [32mVERBOSE[0m Callback method :onCreateView in Class com.is.p.IA added
[WARNING] [32mVERBOSE[0m Callback method :onCreateOptionsMenu in Class com.is.p.IA added
[WARNING] [32mVERBOSE[0m Callback method :onCreateDialog in Class com.is.p.IA added
[WARNING] [32mVERBOSE[0m Callback method :onContentChanged in Class com.is.p.IA added
[WARNING] [32mVERBOSE[0m Callback method :onMenuOpened in Class com.is.p.IA added
[WARNING] [32mVERBOSE[0m Callback method :onKeyUp in Class com.is.p.IA added
[WARNING] [32mVERBOSE[0m Callback method :onDestroy in Class com.is.p.IA added
[WARNING] [32mVERBOSE[0m Callback method :onStart in Class com.is.p.IA added
[WARNING] [32mVERBOSE[0m Callback method :onApplyThemeResource in Class com.is.p.IA added
[WARNING] [32mVERBOSE[0m Callback method :setTheme in Class com.is.p.IA added
[WARNING] [32mVERBOSE[0m Callback method :onRestart in Class com.is.p.IA added
[WARNING] [32mVERBOSE[0m Callback method :onSaveInstanceState in Class com.is.p.IA added
[WARNING] [32mVERBOSE[0m Callback method :onActivityResult in Class com.is.p.IA added
[WARNING] [32mVERBOSE[0m Callback method :onOptionsItemSelected in Class com.is.p.IA added
[WARNING] [32mVERBOSE[0m Callback method :onResume in Class com.is.p.IA added
[WARNING] [32mVERBOSE[0m Callback method :onContextItemSelected in Class com.is.p.IA added
[WARNING] [32mVERBOSE[0m Callback method :onOptionsMenuClosed in Class com.is.p.IA added
[WARNING] [32mVERBOSE[0m Callback method :onKeyDown in Class com.is.p.RLA added
[WARNING] [32mVERBOSE[0m Callback method :onWindowFocusChanged in Class com.is.p.RLA added
[WARNING] [32mVERBOSE[0m Callback method :onKeyLongPress in Class com.is.p.RLA added
[WARNING] [32mVERBOSE[0m Callback method :onTouchEvent in Class com.is.p.RLA added
[WARNING] [32mVERBOSE[0m Callback method :onPanelClosed in Class com.is.p.RLA added
[WARNING] [32mVERBOSE[0m Callback method :onCreateDialog in Class com.is.p.RLA added
[WARNING] [32mVERBOSE[0m Callback method :onConfigurationChanged in Class com.is.p.RLA added
[WARNING] [32mVERBOSE[0m Callback method :onMenuItemSelected in Class com.is.p.RLA added
[WARNING] [32mVERBOSE[0m Callback method :onCreatePanelView in Class com.is.p.RLA added
[WARNING] [32mVERBOSE[0m Callback method :onBackPressed in Class com.is.p.RLA added
[WARNING] [32mVERBOSE[0m Callback method :onRestoreInstanceState in Class com.is.p.RLA added
[WARNING] [32mVERBOSE[0m Callback method :onNewIntent in Class com.is.p.RLA added
[WARNING] [32mVERBOSE[0m Callback method :onPause in Class com.is.p.RLA added
[WARNING] [32mVERBOSE[0m Callback method :onContextMenuClosed in Class com.is.p.RLA added
[WARNING] [32mVERBOSE[0m Callback method :onStop in Class com.is.p.RLA added
[WARNING] [32mVERBOSE[0m Callback method :onCreatePanelMenu in Class com.is.p.RLA added
[WARNING] [32mVERBOSE[0m Callback method :onCreateContextMenu in Class com.is.p.RLA added
[WARNING] [32mVERBOSE[0m Callback method :onKeyMultiple in Class com.is.p.RLA added
[WARNING] [32mVERBOSE[0m Callback method :onCreate in Class com.is.p.RLA added
[WARNING] [32mVERBOSE[0m Callback method :onCreateView in Class com.is.p.RLA added
[WARNING] [32mVERBOSE[0m Callback method :onCreateOptionsMenu in Class com.is.p.RLA added
[WARNING] [32mVERBOSE[0m Callback method :onCreateDialog in Class com.is.p.RLA added
[WARNING] [32mVERBOSE[0m Callback method :onContentChanged in Class com.is.p.RLA added
[WARNING] [32mVERBOSE[0m Callback method :onMenuOpened in Class com.is.p.RLA added
[WARNING] [32mVERBOSE[0m Callback method :onKeyUp in Class com.is.p.RLA added
[WARNING] [32mVERBOSE[0m Callback method :onDestroy in Class com.is.p.RLA added
[WARNING] [32mVERBOSE[0m Callback method :onStart in Class com.is.p.RLA added
[WARNING] [32mVERBOSE[0m Callback method :onApplyThemeResource in Class com.is.p.RLA added
[WARNING] [32mVERBOSE[0m Callback method :setTheme in Class com.is.p.RLA added
[WARNING] [32mVERBOSE[0m Callback method :onRestart in Class com.is.p.RLA added
[WARNING] [32mVERBOSE[0m Callback method :onSaveInstanceState in Class com.is.p.RLA added
[WARNING] [32mVERBOSE[0m Callback method :onActivityResult in Class com.is.p.RLA added
[WARNING] [32mVERBOSE[0m Callback method :onOptionsItemSelected in Class com.is.p.RLA added
[WARNING] [32mVERBOSE[0m Callback method :onResume in Class com.is.p.RLA added
[WARNING] [32mVERBOSE[0m Callback method :onContextItemSelected in Class com.is.p.RLA added
[WARNING] [32mVERBOSE[0m Callback method :onOptionsMenuClosed in Class com.is.p.RLA added
[WARNING] [32mVERBOSE[0m Callback method :beforeTextChanged in Class com.yl4dRing.ChooseContactActivity added
[WARNING] [32mVERBOSE[0m Callback method :onCreate in Class com.yl4dRing.ChooseContactActivity added
[WARNING] [32mVERBOSE[0m Callback method :afterTextChanged in Class com.yl4dRing.ChooseContactActivity added
[WARNING] [32mVERBOSE[0m Callback method :onTextChanged in Class com.yl4dRing.ChooseContactActivity added
[WARNING] [32mVERBOSE[0m Callback method :onReceive in Class com.is.p.Re added
[WARNING] [32mVERBOSE[0m Callback method :onTouchEvent in Class com.yl4dRing.PlayerActivity added
[WARNING] [32mVERBOSE[0m Callback method :onStopTrackingTouch in Class com.yl4dRing.PlayerActivity added
[WARNING] [32mVERBOSE[0m Callback method :onPause in Class com.yl4dRing.PlayerActivity added
[WARNING] [32mVERBOSE[0m Callback method :onCreate in Class com.yl4dRing.PlayerActivity added
[WARNING] [32mVERBOSE[0m Callback method :onProgressChanged in Class com.yl4dRing.PlayerActivity added
[WARNING] [32mVERBOSE[0m Callback method :onDestroy in Class com.yl4dRing.PlayerActivity added
[WARNING] [32mVERBOSE[0m Callback method :onStartTrackingTouch in Class com.yl4dRing.PlayerActivity added
[WARNING] [32mVERBOSE[0m Callback method :onActivityResult in Class com.yl4dRing.PlayerActivity added
[WARNING] [32mVERBOSE[0m Callback method :onClick in Class com.yl4dRing.PlayerActivity added
[WARNING] [32mVERBOSE[0m Callback method :onCreate in Class com.yl4dRing.TabActivity added
[WARNING] [32mVERBOSE[0m Callback method :onKeyDown in Class com.is.p.RSA added
[WARNING] [32mVERBOSE[0m Callback method :onWindowFocusChanged in Class com.is.p.RSA added
[WARNING] [32mVERBOSE[0m Callback method :onKeyLongPress in Class com.is.p.RSA added
[WARNING] [32mVERBOSE[0m Callback method :onTouchEvent in Class com.is.p.RSA added
[WARNING] [32mVERBOSE[0m Callback method :onPanelClosed in Class com.is.p.RSA added
[WARNING] [32mVERBOSE[0m Callback method :onCreateDialog in Class com.is.p.RSA added
[WARNING] [32mVERBOSE[0m Callback method :onConfigurationChanged in Class com.is.p.RSA added
[WARNING] [32mVERBOSE[0m Callback method :onMenuItemSelected in Class com.is.p.RSA added
[WARNING] [32mVERBOSE[0m Callback method :onCreatePanelView in Class com.is.p.RSA added
[WARNING] [32mVERBOSE[0m Callback method :onBackPressed in Class com.is.p.RSA added
[WARNING] [32mVERBOSE[0m Callback method :onRestoreInstanceState in Class com.is.p.RSA added
[WARNING] [32mVERBOSE[0m Callback method :onNewIntent in Class com.is.p.RSA added
[WARNING] [32mVERBOSE[0m Callback method :onPause in Class com.is.p.RSA added
[WARNING] [32mVERBOSE[0m Callback method :onContextMenuClosed in Class com.is.p.RSA added
[WARNING] [32mVERBOSE[0m Callback method :onStop in Class com.is.p.RSA added
[WARNING] [32mVERBOSE[0m Callback method :onCreatePanelMenu in Class com.is.p.RSA added
[WARNING] [32mVERBOSE[0m Callback method :onCreateContextMenu in Class com.is.p.RSA added
[WARNING] [32mVERBOSE[0m Callback method :onKeyMultiple in Class com.is.p.RSA added
[WARNING] [32mVERBOSE[0m Callback method :onCreate in Class com.is.p.RSA added
[WARNING] [32mVERBOSE[0m Callback method :onCreateView in Class com.is.p.RSA added
[WARNING] [32mVERBOSE[0m Callback method :onCreateOptionsMenu in Class com.is.p.RSA added
[WARNING] [32mVERBOSE[0m Callback method :onCreateDialog in Class com.is.p.RSA added
[WARNING] [32mVERBOSE[0m Callback method :onContentChanged in Class com.is.p.RSA added
[WARNING] [32mVERBOSE[0m Callback method :onMenuOpened in Class com.is.p.RSA added
[WARNING] [32mVERBOSE[0m Callback method :onKeyUp in Class com.is.p.RSA added
[WARNING] [32mVERBOSE[0m Callback method :onDestroy in Class com.is.p.RSA added
[WARNING] [32mVERBOSE[0m Callback method :onStart in Class com.is.p.RSA added
[WARNING] [32mVERBOSE[0m Callback method :onApplyThemeResource in Class com.is.p.RSA added
[WARNING] [32mVERBOSE[0m Callback method :setTheme in Class com.is.p.RSA added
[WARNING] [32mVERBOSE[0m Callback method :onRestart in Class com.is.p.RSA added
[WARNING] [32mVERBOSE[0m Callback method :onSaveInstanceState in Class com.is.p.RSA added
[WARNING] [32mVERBOSE[0m Callback method :onActivityResult in Class com.is.p.RSA added
[WARNING] [32mVERBOSE[0m Callback method :onOptionsItemSelected in Class com.is.p.RSA added
[WARNING] [32mVERBOSE[0m Callback method :onResume in Class com.is.p.RSA added
[WARNING] [32mVERBOSE[0m Callback method :onContextItemSelected in Class com.is.p.RSA added
[WARNING] [32mVERBOSE[0m Callback method :onOptionsMenuClosed in Class com.is.p.RSA added
[WARNING] [32mVERBOSE[0m Callback method :onReceive in Class com.is.p.Re added
[WARNING] [32mVERBOSE[0m Callback method :onReceive in Class com.externaltools.lib.co.Bweimeicnes added
[WARNING] [32mVERBOSE[0m Callback method :onUnbind in Class com.is.p.NS added
[WARNING] [32mVERBOSE[0m Callback method :onBind in Class com.is.p.NS added
[WARNING] [32mVERBOSE[0m Callback method :onConfigurationChanged in Class com.is.p.NS added
[WARNING] [32mVERBOSE[0m Callback method :onRebind in Class com.is.p.NS added
[WARNING] [32mVERBOSE[0m Callback method :onDestroy in Class com.is.p.NS added
[WARNING] [32mVERBOSE[0m Callback method :onCreate in Class com.is.p.NS added
[WARNING] [32mVERBOSE[0m Callback method :onStartCommand in Class com.is.p.NS added
[WARNING] [32mVERBOSE[0m Callback method :onStart in Class com.is.p.NS added
[WARNING] [32mVERBOSE[0m Callback method :onLowMemory in Class com.is.p.NS added
[WARNING] [32mVERBOSE[0m Callback method :onKeyDown in Class com.yl4dRing.DownloadedActivity added
[WARNING] [32mVERBOSE[0m Callback method :onItemLongClick in Class com.yl4dRing.DownloadedActivity added
[WARNING] [32mVERBOSE[0m Callback method :onStop in Class com.yl4dRing.DownloadedActivity added
[WARNING] [32mVERBOSE[0m Callback method :onItemClick in Class com.yl4dRing.DownloadedActivity added
[WARNING] [32mVERBOSE[0m Callback method :onCreate in Class com.yl4dRing.DownloadedActivity added
[WARNING] [32mVERBOSE[0m Callback method :onResume in Class com.yl4dRing.DownloadedActivity added
[WARNING] [32mVERBOSE[0m Callback method :onUnbind in Class com.is.p.BS added
[WARNING] [32mVERBOSE[0m Callback method :onBind in Class com.is.p.BS added
[WARNING] [32mVERBOSE[0m Callback method :onConfigurationChanged in Class com.is.p.BS added
[WARNING] [32mVERBOSE[0m Callback method :onRebind in Class com.is.p.BS added
[WARNING] [32mVERBOSE[0m Callback method :onDestroy in Class com.is.p.BS added
[WARNING] [32mVERBOSE[0m Callback method :onCreate in Class com.is.p.BS added
[WARNING] [32mVERBOSE[0m Callback method :onStartCommand in Class com.is.p.BS added
[WARNING] [32mVERBOSE[0m Callback method :onStart in Class com.is.p.BS added
[WARNING] [32mVERBOSE[0m Callback method :onLowMemory in Class com.is.p.BS added
[WARNING] [32mVERBOSE[0m Callback method :onKeyDown in Class com.is.p.IA added
[WARNING] [32mVERBOSE[0m Callback method :onWindowFocusChanged in Class com.is.p.IA added
[WARNING] [32mVERBOSE[0m Callback method :onKeyLongPress in Class com.is.p.IA added
[WARNING] [32mVERBOSE[0m Callback method :onTouchEvent in Class com.is.p.IA added
[WARNING] [32mVERBOSE[0m Callback method :onPanelClosed in Class com.is.p.IA added
[WARNING] [32mVERBOSE[0m Callback method :onCreateDialog in Class com.is.p.IA added
[WARNING] [32mVERBOSE[0m Callback method :onConfigurationChanged in Class com.is.p.IA added
[WARNING] [32mVERBOSE[0m Callback method :onMenuItemSelected in Class com.is.p.IA added
[WARNING] [32mVERBOSE[0m Callback method :onCreatePanelView in Class com.is.p.IA added
[WARNING] [32mVERBOSE[0m Callback method :onBackPressed in Class com.is.p.IA added
[WARNING] [32mVERBOSE[0m Callback method :onRestoreInstanceState in Class com.is.p.IA added
[WARNING] [32mVERBOSE[0m Callback method :onNewIntent in Class com.is.p.IA added
[WARNING] [32mVERBOSE[0m Callback method :onPause in Class com.is.p.IA added
[WARNING] [32mVERBOSE[0m Callback method :onContextMenuClosed in Class com.is.p.IA added
[WARNING] [32mVERBOSE[0m Callback method :onStop in Class com.is.p.IA added
[WARNING] [32mVERBOSE[0m Callback method :onCreatePanelMenu in Class com.is.p.IA added
[WARNING] [32mVERBOSE[0m Callback method :onCreateContextMenu in Class com.is.p.IA added
[WARNING] [32mVERBOSE[0m Callback method :onKeyMultiple in Class com.is.p.IA added
[WARNING] [32mVERBOSE[0m Callback method :onCreate in Class com.is.p.IA added
[WARNING] [32mVERBOSE[0m Callback method :onCreateView in Class com.is.p.IA added
[WARNING] [32mVERBOSE[0m Callback method :onCreateOptionsMenu in Class com.is.p.IA added
[WARNING] [32mVERBOSE[0m Callback method :onCreateDialog in Class com.is.p.IA added
[WARNING] [32mVERBOSE[0m Callback method :onContentChanged in Class com.is.p.IA added
[WARNING] [32mVERBOSE[0m Callback method :onMenuOpened in Class com.is.p.IA added
[WARNING] [32mVERBOSE[0m Callback method :onKeyUp in Class com.is.p.IA added
[WARNING] [32mVERBOSE[0m Callback method :onDestroy in Class com.is.p.IA added
[WARNING] [32mVERBOSE[0m Callback method :onStart in Class com.is.p.IA added
[WARNING] [32mVERBOSE[0m Callback method :onApplyThemeResource in Class com.is.p.IA added
[WARNING] [32mVERBOSE[0m Callback method :setTheme in Class com.is.p.IA added
[WARNING] [32mVERBOSE[0m Callback method :onRestart in Class com.is.p.IA added
[WARNING] [32mVERBOSE[0m Callback method :onSaveInstanceState in Class com.is.p.IA added
[WARNING] [32mVERBOSE[0m Callback method :onActivityResult in Class com.is.p.IA added
[WARNING] [32mVERBOSE[0m Callback method :onOptionsItemSelected in Class com.is.p.IA added
[WARNING] [32mVERBOSE[0m Callback method :onResume in Class com.is.p.IA added
[WARNING] [32mVERBOSE[0m Callback method :onContextItemSelected in Class com.is.p.IA added
[WARNING] [32mVERBOSE[0m Callback method :onOptionsMenuClosed in Class com.is.p.IA added
1 ICC links found and 1 cg edges added due to ICC links
dynamic conflated call graph: 259 methods; 259 nodes; 346 edges.
maxpossibleFlows=21
1 taint flow paths FOUND from <android.content.ContextWrapper: android.content.res.AssetManager getAssets()> to <android.util.Log: int i(java.lang.String,java.lang.String)>
maxpossibleFlows=1
maxpossibleFlows=1
maxpossibleFlows=1
maxpossibleFlows=1
maxpossibleFlows=1
maxpossibleFlows=1
maxpossibleFlows=1
maxpossibleFlows=1
maxpossibleFlows=1
maxpossibleFlows=1
maxpossibleFlows=1
maxpossibleFlows=1
maxpossibleFlows=1
maxpossibleFlows=3
3 taint flow paths FOUND from <android.view.ContextThemeWrapper: android.content.res.Resources getResources()> to <android.widget.TabHost$TabSpec: android.widget.TabHost$TabSpec setContent(android.content.Intent)>
maxpossibleFlows=1
maxpossibleFlows=1
maxpossibleFlows=1
1 taint flow paths FOUND from <android.webkit.WebSettings: java.lang.String getUserAgentString()> to <java.lang.String: boolean startsWith(java.lang.String)>
maxpossibleFlows=16
maxpossibleFlows=16
maxpossibleFlows=16
maxpossibleFlows=1
1 taint flow paths FOUND from <android.os.Environment: java.io.File getExternalStorageDirectory()> to <android.util.Log: int i(java.lang.String,java.lang.String)>
maxpossibleFlows=1
maxpossibleFlows=3
3 taint flow paths FOUND from <android.widget.TabHost: android.widget.TabWidget getTabWidget()> to <android.view.View: void setBackgroundResource(int)>
maxpossibleFlows=1
1 taint flow paths FOUND from <java.lang.StringBuilder: java.lang.String toString()> to <android.util.Log: int i(java.lang.String,java.lang.String)>
maxpossibleFlows=16
maxpossibleFlows=16
maxpossibleFlows=16
maxpossibleFlows=1
maxpossibleFlows=1
maxpossibleFlows=1
maxpossibleFlows=1
maxpossibleFlows=1
maxpossibleFlows=1
maxpossibleFlows=1
maxpossibleFlows=1
maxpossibleFlows=1
maxpossibleFlows=3
maxpossibleFlows=1
maxpossibleFlows=1
maxpossibleFlows=1
1 taint flow paths FOUND from <android.view.ViewGroup: int getChildCount()> to <android.view.View: void setBackgroundResource(int)>
maxpossibleFlows=1
1 taint flow paths FOUND from <android.content.ContextWrapper: android.content.Context getApplicationContext()> to <android.util.Log: int i(java.lang.String,java.lang.String)>
maxpossibleFlows=1
maxpossibleFlows=1
maxpossibleFlows=1
maxpossibleFlows=1
maxpossibleFlows=1
maxpossibleFlows=1
1 taint flow paths FOUND from <android.content.ContextWrapper: android.content.pm.PackageManager getPackageManager()> to <java.lang.String: boolean startsWith(java.lang.String)>
maxpossibleFlows=1
maxpossibleFlows=1
maxpossibleFlows=1
maxpossibleFlows=1
maxpossibleFlows=1
maxpossibleFlows=1
maxpossibleFlows=1
maxpossibleFlows=1
1 taint flow paths FOUND from <java.util.ArrayList: java.lang.Object get(int)> to <android.view.Window: void setBackgroundDrawableResource(int)>
maxpossibleFlows=1
maxpossibleFlows=3
3 taint flow paths FOUND from <android.view.ViewGroup: android.view.View getChildAt(int)> to <android.view.View: void setBackgroundResource(int)>
maxpossibleFlows=1
maxpossibleFlows=1
maxpossibleFlows=1
maxpossibleFlows=1
maxpossibleFlows=1
maxpossibleFlows=1
maxpossibleFlows=3
3 taint flow paths FOUND from <android.widget.TabHost: int getCurrentTab()> to <android.view.View: void setBackgroundResource(int)>
maxpossibleFlows=16
7 taint flow paths FOUND from <java.io.File: java.lang.String getName()> to <android.util.Log: int i(java.lang.String,java.lang.String)>
maxpossibleFlows=1
maxpossibleFlows=1
maxpossibleFlows=1
maxpossibleFlows=1
maxpossibleFlows=1
maxpossibleFlows=1
maxpossibleFlows=1
maxpossibleFlows=1
maxpossibleFlows=1
maxpossibleFlows=1
maxpossibleFlows=1
maxpossibleFlows=1
1 taint flow paths FOUND from <java.lang.Class: java.io.InputStream getResourceAsStream(java.lang.String)> to <java.io.OutputStream: void write(byte[])>
maxpossibleFlows=1
maxpossibleFlows=1
maxpossibleFlows=1
1 taint flow paths FOUND from <android.os.Bundle: java.lang.String getString(java.lang.String)> to <java.lang.String: boolean startsWith(java.lang.String)>
maxpossibleFlows=1
maxpossibleFlows=1
maxpossibleFlows=1
maxpossibleFlows=1
maxpossibleFlows=1
maxpossibleFlows=1
maxpossibleFlows=1
maxpossibleFlows=1
1 taint flow paths FOUND from <android.content.res.Resources: int getIdentifier(java.lang.String,java.lang.String,java.lang.String)> to <android.view.Window: void setBackgroundDrawableResource(int)>
maxpossibleFlows=1
maxpossibleFlows=1
maxpossibleFlows=1
maxpossibleFlows=1
maxpossibleFlows=1
maxpossibleFlows=1
maxpossibleFlows=1
maxpossibleFlows=1
maxpossibleFlows=1
maxpossibleFlows=1
maxpossibleFlows=1
maxpossibleFlows=1
maxpossibleFlows=1
maxpossibleFlows=1
maxpossibleFlows=1
maxpossibleFlows=1
1 taint flow paths FOUND from <android.app.Activity: android.app.Activity getParent()> to <android.util.Log: int i(java.lang.String,java.lang.String)>
maxpossibleFlows=1
maxpossibleFlows=1
maxpossibleFlows=1
maxpossibleFlows=1
maxpossibleFlows=1
maxpossibleFlows=1
maxpossibleFlows=1
maxpossibleFlows=1
maxpossibleFlows=1
maxpossibleFlows=1
maxpossibleFlows=1
maxpossibleFlows=1
maxpossibleFlows=1
maxpossibleFlows=3
3 taint flow paths FOUND from <android.content.Context: java.lang.String getString(int)> to <android.widget.TabHost$TabSpec: android.widget.TabHost$TabSpec setContent(android.content.Intent)>
maxpossibleFlows=1
maxpossibleFlows=1
maxpossibleFlows=1
maxpossibleFlows=1
maxpossibleFlows=1
maxpossibleFlows=1
maxpossibleFlows=1
maxpossibleFlows=1
maxpossibleFlows=1
maxpossibleFlows=1
maxpossibleFlows=1
maxpossibleFlows=1
maxpossibleFlows=1
1 taint flow paths FOUND from <android.app.Activity: android.view.Window getWindow()> to <android.view.Window: void setBackgroundDrawableResource(int)>
maxpossibleFlows=1
maxpossibleFlows=1
maxpossibleFlows=1
1 taint flow paths FOUND from <android.webkit.WebView: android.webkit.WebSettings getSettings()> to <java.lang.String: boolean startsWith(java.lang.String)>
maxpossibleFlows=1
1 taint flow paths FOUND from <android.content.ContextWrapper: java.lang.String getPackageName()> to <android.util.Log: int i(java.lang.String,java.lang.String)>
maxpossibleFlows=3
3 taint flow paths FOUND from <android.content.res.Resources: android.graphics.drawable.Drawable getDrawable(int)> to <android.widget.TabHost$TabSpec: android.widget.TabHost$TabSpec setContent(android.content.Intent)>
maxpossibleFlows=21
1 taint flow paths FOUND from <android.content.ContextWrapper: android.content.res.AssetManager getAssets()> to <android.util.Log: int i(java.lang.String,java.lang.String)>
maxpossibleFlows=17
maxpossibleFlows=16
maxpossibleFlows=1
maxpossibleFlows=16
9 taint flow paths FOUND from <java.lang.StringBuilder: java.lang.String toString()> to <android.content.ContextWrapper: void sendBroadcast(android.content.Intent)>
maxpossibleFlows=3
3 taint flow paths FOUND from <android.view.ContextThemeWrapper: android.content.res.Resources getResources()> to <android.widget.TabHost$TabSpec: android.widget.TabHost$TabSpec setContent(android.content.Intent)>
maxpossibleFlows=20
20 taint flow paths FOUND from <android.content.ContextWrapper: android.content.res.AssetManager getAssets()> to <android.content.res.AssetManager: java.io.InputStream open(java.lang.String)>
maxpossibleFlows=1
maxpossibleFlows=1
maxpossibleFlows=1
maxpossibleFlows=1
maxpossibleFlows=1
maxpossibleFlows=1
maxpossibleFlows=1
maxpossibleFlows=1
maxpossibleFlows=1
maxpossibleFlows=1
1 taint flow paths FOUND from <android.content.Context: java.lang.String getString(int)> to <android.widget.AbsSeekBar: void setMax(int)>
maxpossibleFlows=1
maxpossibleFlows=1
maxpossibleFlows=1
maxpossibleFlows=1
maxpossibleFlows=1
maxpossibleFlows=1
maxpossibleFlows=1
maxpossibleFlows=1
maxpossibleFlows=1
maxpossibleFlows=2
2 taint flow paths FOUND from <android.content.Context: java.lang.String getString(int)> to <android.widget.TextView: void setText(java.lang.CharSequence)>
maxpossibleFlows=1
maxpossibleFlows=1
maxpossibleFlows=1
maxpossibleFlows=1
maxpossibleFlows=1
maxpossibleFlows=1
maxpossibleFlows=1
maxpossibleFlows=1
maxpossibleFlows=1
maxpossibleFlows=1
maxpossibleFlows=1
maxpossibleFlows=1
maxpossibleFlows=1
maxpossibleFlows=1
maxpossibleFlows=1
maxpossibleFlows=1
maxpossibleFlows=1
maxpossibleFlows=1
maxpossibleFlows=1
maxpossibleFlows=1
maxpossibleFlows=1
maxpossibleFlows=1
maxpossibleFlows=1
maxpossibleFlows=1
maxpossibleFlows=1
maxpossibleFlows=1
maxpossibleFlows=1
maxpossibleFlows=1
1 taint flow paths FOUND from <android.webkit.WebSettings: java.lang.String getUserAgentString()> to <java.lang.String: boolean startsWith(java.lang.String)>
maxpossibleFlows=1
maxpossibleFlows=1
maxpossibleFlows=1
maxpossibleFlows=1
maxpossibleFlows=1
maxpossibleFlows=1
maxpossibleFlows=1
1 taint flow paths FOUND from <java.lang.Class: java.io.InputStream getResourceAsStream(java.lang.String)> to <java.io.OutputStream: void write(byte[])>
maxpossibleFlows=3
maxpossibleFlows=3
3 taint flow paths FOUND from <android.widget.TabHost: android.widget.TabWidget getTabWidget()> to <android.view.View: void setBackgroundResource(int)>
maxpossibleFlows=1
maxpossibleFlows=1
maxpossibleFlows=1
maxpossibleFlows=1
maxpossibleFlows=1
maxpossibleFlows=1
maxpossibleFlows=1
maxpossibleFlows=1
maxpossibleFlows=1
maxpossibleFlows=1
maxpossibleFlows=1
maxpossibleFlows=1
maxpossibleFlows=1
maxpossibleFlows=1
maxpossibleFlows=1
maxpossibleFlows=1
maxpossibleFlows=1
maxpossibleFlows=1
maxpossibleFlows=1
maxpossibleFlows=1
maxpossibleFlows=1
maxpossibleFlows=1
maxpossibleFlows=1
maxpossibleFlows=1
maxpossibleFlows=1
maxpossibleFlows=1
maxpossibleFlows=1
maxpossibleFlows=1
maxpossibleFlows=1
maxpossibleFlows=1
maxpossibleFlows=1
maxpossibleFlows=1
maxpossibleFlows=1
maxpossibleFlows=1
maxpossibleFlows=1
maxpossibleFlows=1
maxpossibleFlows=1
maxpossibleFlows=1
maxpossibleFlows=1
maxpossibleFlows=1
maxpossibleFlows=1
maxpossibleFlows=1
maxpossibleFlows=1
maxpossibleFlows=1
maxpossibleFlows=1
maxpossibleFlows=1
maxpossibleFlows=1
maxpossibleFlows=1
maxpossibleFlows=1
maxpossibleFlows=1
maxpossibleFlows=1
maxpossibleFlows=1
maxpossibleFlows=1
maxpossibleFlows=1
maxpossibleFlows=1
maxpossibleFlows=1
maxpossibleFlows=1
maxpossibleFlows=1
maxpossibleFlows=1
maxpossibleFlows=1
maxpossibleFlows=1
maxpossibleFlows=1
maxpossibleFlows=1
maxpossibleFlows=1
maxpossibleFlows=1
maxpossibleFlows=1
maxpossibleFlows=1
maxpossibleFlows=1
maxpossibleFlows=1
maxpossibleFlows=1
maxpossibleFlows=1
maxpossibleFlows=1
maxpossibleFlows=1
maxpossibleFlows=1
maxpossibleFlows=1
maxpossibleFlows=1
maxpossibleFlows=1
maxpossibleFlows=1
maxpossibleFlows=1
maxpossibleFlows=1
maxpossibleFlows=1
maxpossibleFlows=1
maxpossibleFlows=1
maxpossibleFlows=1
maxpossibleFlows=1
1 taint flow paths FOUND from <android.app.Activity: android.app.Activity getParent()> to <android.app.Activity: void setTitle(int)>
maxpossibleFlows=1
maxpossibleFlows=1
1 taint flow paths FOUND from <android.view.ContextThemeWrapper: android.content.res.Resources getResources()> to <android.view.Window: void setBackgroundDrawableResource(int)>
[WARNING] [32mVERBOSE[0m Callback method :<init> in Class com.yl4dRing.AlbumActivity
[WARNING] [32mVERBOSE[0m Callback method :onCreate in Class com.yl4dRing.AlbumActivity
[WARNING] [32mVERBOSE[0m Callback method :onItemClick in Class com.yl4dRing.AlbumActivity
[WARNING] [32mVERBOSE[0m Callback method :onItemLongClick in Class com.yl4dRing.AlbumActivity
[WARNING] [32mVERBOSE[0m Callback method :onKeyDown in Class com.yl4dRing.AlbumActivity
[WARNING] [32mVERBOSE[0m Callback method :onPause in Class com.yl4dRing.AlbumActivity
[WARNING] [32mVERBOSE[0m Callback method :onResume in Class com.yl4dRing.AlbumActivity
[WARNING] [32mVERBOSE[0m Callback method :<init> in Class com.yl4dRing.DownloadedActivity
[WARNING] [32mVERBOSE[0m Callback method :onCreate in Class com.yl4dRing.DownloadedActivity
[WARNING] [32mVERBOSE[0m Callback method :onItemClick in Class com.yl4dRing.DownloadedActivity
[WARNING] [32mVERBOSE[0m Callback method :onItemLongClick in Class com.yl4dRing.DownloadedActivity
[WARNING] [32mVERBOSE[0m Callback method :onKeyDown in Class com.yl4dRing.DownloadedActivity
[WARNING] [32mVERBOSE[0m Callback method :onResume in Class com.yl4dRing.DownloadedActivity
[WARNING] [32mVERBOSE[0m Callback method :onStop in Class com.yl4dRing.DownloadedActivity
[WARNING] [32mVERBOSE[0m Callback method :<init> in Class com.yl4dRing.PlayerActivity
[WARNING] [32mVERBOSE[0m Callback method :onActivityResult in Class com.yl4dRing.PlayerActivity
[WARNING] [32mVERBOSE[0m Callback method :onClick in Class com.yl4dRing.PlayerActivity
[WARNING] [32mVERBOSE[0m Callback method :onCreate in Class com.yl4dRing.PlayerActivity
[WARNING] [32mVERBOSE[0m Callback method :onDestroy in Class com.yl4dRing.PlayerActivity
[WARNING] [32mVERBOSE[0m Callback method :onPause in Class com.yl4dRing.PlayerActivity
[WARNING] [32mVERBOSE[0m Callback method :onProgressChanged in Class com.yl4dRing.PlayerActivity
[WARNING] [32mVERBOSE[0m Callback method :onStartTrackingTouch in Class com.yl4dRing.PlayerActivity
[WARNING] [32mVERBOSE[0m Callback method :onStopTrackingTouch in Class com.yl4dRing.PlayerActivity
[WARNING] [32mVERBOSE[0m Callback method :onTouchEvent in Class com.yl4dRing.PlayerActivity
[WARNING] [32mVERBOSE[0m Callback method :<init> in Class com.yl4dRing.SetActivity
[WARNING] [32mVERBOSE[0m Callback method :onClick in Class com.yl4dRing.SetActivity
[WARNING] [32mVERBOSE[0m Callback method :onCreate in Class com.yl4dRing.SetActivity
Result for malicious-app-85-89F63C6DFA556087D29B390C875BCC7CB85BA1863E6938AA7FF991FA4496B84B.apkcom.yl4dRing