DUA-Forensics args to Soot: -w -cp /home/hcosta/bench/benchmark/libs/droidfax.jar:/home/hcosta/Android/Sdk/platforms/android-28/android.jar -p cg verbose:false,implicit-entry:true -p cg.spark verbose:false,on-fly-cg:true,rta:false -d /home/hcosta/bench/benchmark/trace/180/6/droidbot/benign-app-47-72ACC63208C5518BDF8E745BCA1B264866D27704D0B0CA89559CBE593A0D840A.apk.logcat -process-dir /home/hcosta/bench/benchmark/data/input/benign-app-47-72ACC63208C5518BDF8E745BCA1B264866D27704D0B0CA89559CBE593A0D840A.apk 
Soot started on Fri Apr 22 09:08:51 CEST 2022
Warning: com.ironsource.mobilcore.BaseFlowBasedAdUnit is a phantom class!
Warning: java.lang.invoke.LambdaMetafactory is a phantom class!
Warning: java.lang.ref.Finalizer is a phantom class!
Warning: org.apache.http.HttpEntity is a phantom class!
Warning: org.apache.http.HttpHost is a phantom class!
Warning: org.apache.http.HttpRequest is a phantom class!
Warning: org.apache.http.HttpResponse is a phantom class!
Warning: org.apache.http.StatusLine is a phantom class!
Warning: org.apache.http.client.ClientProtocolException is a phantom class!
Warning: org.apache.http.client.HttpClient is a phantom class!
Warning: org.apache.http.client.methods.HttpGet is a phantom class!
Warning: org.apache.http.impl.client.DefaultHttpClient is a phantom class!
[Call Graph] For information on where the call graph may be incomplete, use the verbose option to the cg phase.
[Spark] Pointer Assignment Graph in 0.0 seconds.
[Spark] Type masks in 0.0 seconds.
[Spark] Pointer Graph simplified in 0.0 seconds.
[Spark] Propagation in 0.0 seconds.
[Spark] Solution found in 0.0 seconds.
hcai's internal transform
Running static analysis for method/class coverage characterization
0 ICC links found and 0 cg edges added due to ICC links
dynamic conflated call graph: 145 methods; 145 nodes; 207 edges.
feature-vector-key = benign-app-47-72ACC63208C5518BDF8E745BCA1B264866D27704D0B0CA89559CBE593A0D840A.apk
Result for benign-app-47-72ACC63208C5518BDF8E745BCA1B264866D27704D0B0CA89559CBE593A0D840A.apkcom.gau.screenguru.finger