DUA-Forensics args to Soot: -w -cp /home/handrick/Documents/UNB/benchmark/libs/droidfax.jar:/home/handrick/Android/Sdk/platforms/android-19/android.jar -p cg verbose:false,implicit-entry:true -p cg.spark verbose:false,on-fly-cg:true,rta:false -d /home/handrick/Documents/UNB/benchmark/trace/180/3/droidbot/benign-app-55-81091F430A6D82CE4FC51DD09D42E91DA246EC89053B79752A483C482DD33D45.apk.logcat -process-dir /home/handrick/Documents/UNB/benchmark/data/input/benign-app-55-81091F430A6D82CE4FC51DD09D42E91DA246EC89053B79752A483C482DD33D45.apk 
Soot started on Sat Apr 16 00:51:36 CEST 2022
Warning: com.ironsource.mobilcore.BaseFlowBasedAdUnit is a phantom class!
Warning: java.lang.invoke.LambdaMetafactory is a phantom class!
Warning: java.lang.ref.Finalizer is a phantom class!
[Call Graph] For information on where the call graph may be incomplete, use the verbose option to the cg phase.
[Spark] Pointer Assignment Graph in 0.0 seconds.
[Spark] Type masks in 0.0 seconds.
[Spark] Pointer Graph simplified in 0.0 seconds.
[Spark] Propagation in 0.0 seconds.
[Spark] Solution found in 0.0 seconds.
hcai's internal transform
Running static analysis for security-relevant feature characterization
[GatorHierarchy] [32mVERBOSE[0m [HIER] All classes: 929
[GatorHierarchy] [32mVERBOSE[0m [App: 257, Lib : 669, Phantom: 3]
[GatorHierarchy] [32mVERBOSE[0m [HIER] Activities: 40, lib activities: 1
[GatorHierarchy] [32mVERBOSE[0m [HIER] App views: 2, Lib views: 14
[GatorHierarchy] [32mVERBOSE[0m [HIER] App Dialogs: 0, Lib Dialogs: 2
[TIMECOST] [32mVERBOSE[0m buildApplicationCodeMap parsing starting at 1650063098039
[TIMECOST] [32mVERBOSE[0m buildApplicationCodeMap parsing finished at 1650063124115
[Instantiated app classes] [32mVERBOSE[0m total number: 226
[WARNING] [32mVERBOSE[0m Callback method :onTouchEvent in Class com.catapults.Level3_1 added
[WARNING] [32mVERBOSE[0m Callback method :onBackPressed in Class com.catapults.Level3_1 added
[WARNING] [32mVERBOSE[0m Callback method :onCreate in Class com.catapults.Level3_1 added
[WARNING] [32mVERBOSE[0m Callback method :onDestroy in Class com.catapults.Level3_1 added
[WARNING] [32mVERBOSE[0m Callback method :onTouchEvent in Class com.catapults.Multiplayer3 added
[WARNING] [32mVERBOSE[0m Callback method :onPause in Class com.catapults.Multiplayer3 added
[WARNING] [32mVERBOSE[0m Callback method :onStop in Class com.catapults.Multiplayer3 added
[WARNING] [32mVERBOSE[0m Callback method :onCreate in Class com.catapults.Multiplayer3 added
[WARNING] [32mVERBOSE[0m Callback method :onCreateOptionsMenu in Class com.catapults.Multiplayer3 added
[WARNING] [32mVERBOSE[0m Callback method :onDestroy in Class com.catapults.Multiplayer3 added
[WARNING] [32mVERBOSE[0m Callback method :onStart in Class com.catapults.Multiplayer3 added
[WARNING] [32mVERBOSE[0m Callback method :onActivityResult in Class com.catapults.Multiplayer3 added
[WARNING] [32mVERBOSE[0m Callback method :onOptionsItemSelected in Class com.catapults.Multiplayer3 added
[WARNING] [32mVERBOSE[0m Callback method :onResume in Class com.catapults.Multiplayer3 added
[WARNING] [32mVERBOSE[0m Callback method :onCreate in Class com.catapults.FifthActivity added
[WARNING] [32mVERBOSE[0m Callback method :onTouchEvent in Class com.catapults.Level2_2 added
[WARNING] [32mVERBOSE[0m Callback method :onBackPressed in Class com.catapults.Level2_2 added
[WARNING] [32mVERBOSE[0m Callback method :onCreate in Class com.catapults.Level2_2 added
[WARNING] [32mVERBOSE[0m Callback method :onDestroy in Class com.catapults.Level2_2 added
[WARNING] [32mVERBOSE[0m Callback method :onCreate in Class com.catapults.MultiplayerDeviceList added
[WARNING] [32mVERBOSE[0m Callback method :onDestroy in Class com.catapults.MultiplayerDeviceList added
[WARNING] [32mVERBOSE[0m Callback method :onKeyDown in Class com.catapults.FourthActivity added
[WARNING] [32mVERBOSE[0m Callback method :onCreate in Class com.catapults.FourthActivity added
[WARNING] [32mVERBOSE[0m Callback method :onCreate in Class com.catapults.MultiplayerMain added
[WARNING] [32mVERBOSE[0m Callback method :onBackPressed in Class com.catapults.Story1 added
[WARNING] [32mVERBOSE[0m Callback method :onCreate in Class com.catapults.Story1 added
[WARNING] [32mVERBOSE[0m Callback method :onTouchEvent in Class com.catapults.Multiplayer4 added
[WARNING] [32mVERBOSE[0m Callback method :onPause in Class com.catapults.Multiplayer4 added
[WARNING] [32mVERBOSE[0m Callback method :onStop in Class com.catapults.Multiplayer4 added
[WARNING] [32mVERBOSE[0m Callback method :onCreate in Class com.catapults.Multiplayer4 added
[WARNING] [32mVERBOSE[0m Callback method :onCreateOptionsMenu in Class com.catapults.Multiplayer4 added
[WARNING] [32mVERBOSE[0m Callback method :onDestroy in Class com.catapults.Multiplayer4 added
[WARNING] [32mVERBOSE[0m Callback method :onStart in Class com.catapults.Multiplayer4 added
[WARNING] [32mVERBOSE[0m Callback method :onActivityResult in Class com.catapults.Multiplayer4 added
[WARNING] [32mVERBOSE[0m Callback method :onOptionsItemSelected in Class com.catapults.Multiplayer4 added
[WARNING] [32mVERBOSE[0m Callback method :onResume in Class com.catapults.Multiplayer4 added
[WARNING] [32mVERBOSE[0m Callback method :onTouchEvent in Class com.catapults.Level1_1 added
[WARNING] [32mVERBOSE[0m Callback method :onBackPressed in Class com.catapults.Level1_1 added
[WARNING] [32mVERBOSE[0m Callback method :onCreate in Class com.catapults.Level1_1 added
[WARNING] [32mVERBOSE[0m Callback method :onDestroy in Class com.catapults.Level1_1 added
[WARNING] [32mVERBOSE[0m Callback method :onTouchEvent in Class com.catapults.Level1_3 added
[WARNING] [32mVERBOSE[0m Callback method :onBackPressed in Class com.catapults.Level1_3 added
[WARNING] [32mVERBOSE[0m Callback method :onCreate in Class com.catapults.Level1_3 added
[WARNING] [32mVERBOSE[0m Callback method :onDestroy in Class com.catapults.Level1_3 added
[WARNING] [32mVERBOSE[0m Callback method :onTouchEvent in Class com.catapults.Level2_3 added
[WARNING] [32mVERBOSE[0m Callback method :onBackPressed in Class com.catapults.Level2_3 added
[WARNING] [32mVERBOSE[0m Callback method :onCreate in Class com.catapults.Level2_3 added
[WARNING] [32mVERBOSE[0m Callback method :onDestroy in Class com.catapults.Level2_3 added
[WARNING] [32mVERBOSE[0m Callback method :onTouchEvent in Class com.catapults.Level5_2 added
[WARNING] [32mVERBOSE[0m Callback method :onBackPressed in Class com.catapults.Level5_2 added
[WARNING] [32mVERBOSE[0m Callback method :onCreate in Class com.catapults.Level5_2 added
[WARNING] [32mVERBOSE[0m Callback method :onDestroy in Class com.catapults.Level5_2 added
[WARNING] [32mVERBOSE[0m Callback method :onTouchEvent in Class com.catapults.Level4_1 added
[WARNING] [32mVERBOSE[0m Callback method :onBackPressed in Class com.catapults.Level4_1 added
[WARNING] [32mVERBOSE[0m Callback method :onCreate in Class com.catapults.Level4_1 added
[WARNING] [32mVERBOSE[0m Callback method :onDestroy in Class com.catapults.Level4_1 added
[WARNING] [32mVERBOSE[0m Callback method :onTouchEvent in Class com.catapults.Level4_3 added
[WARNING] [32mVERBOSE[0m Callback method :onBackPressed in Class com.catapults.Level4_3 added
[WARNING] [32mVERBOSE[0m Callback method :onCreate in Class com.catapults.Level4_3 added
[WARNING] [32mVERBOSE[0m Callback method :onDestroy in Class com.catapults.Level4_3 added
[WARNING] [32mVERBOSE[0m Callback method :onCreate in Class com.catapults.Bluetooth added
[WARNING] [32mVERBOSE[0m Callback method :onActivityResult in Class com.catapults.Bluetooth added
[WARNING] [32mVERBOSE[0m Callback method :onCreate in Class com.catapults.Story3 added
[WARNING] [32mVERBOSE[0m Callback method :onTouchEvent in Class com.catapults.Multiplayer added
[WARNING] [32mVERBOSE[0m Callback method :onBackPressed in Class com.catapults.Multiplayer added
[WARNING] [32mVERBOSE[0m Callback method :onPause in Class com.catapults.Multiplayer added
[WARNING] [32mVERBOSE[0m Callback method :onStop in Class com.catapults.Multiplayer added
[WARNING] [32mVERBOSE[0m Callback method :onCreate in Class com.catapults.Multiplayer added
[WARNING] [32mVERBOSE[0m Callback method :onCreateOptionsMenu in Class com.catapults.Multiplayer added
[WARNING] [32mVERBOSE[0m Callback method :onDestroy in Class com.catapults.Multiplayer added
[WARNING] [32mVERBOSE[0m Callback method :onStart in Class com.catapults.Multiplayer added
[WARNING] [32mVERBOSE[0m Callback method :onActivityResult in Class com.catapults.Multiplayer added
[WARNING] [32mVERBOSE[0m Callback method :onOptionsItemSelected in Class com.catapults.Multiplayer added
[WARNING] [32mVERBOSE[0m Callback method :onResume in Class com.catapults.Multiplayer added
[WARNING] [32mVERBOSE[0m Callback method :onBackPressed in Class com.catapults.WinScreen2 added
[WARNING] [32mVERBOSE[0m Callback method :onCreate in Class com.catapults.WinScreen2 added
[WARNING] [32mVERBOSE[0m Callback method :onCreate in Class com.catapults.Story4 added
[WARNING] [32mVERBOSE[0m Callback method :onTouchEvent in Class com.catapults.StartAnim added
[WARNING] [32mVERBOSE[0m Callback method :onCreate in Class com.catapults.StartAnim added
[WARNING] [32mVERBOSE[0m Callback method :onTouchEvent in Class com.catapults.Multiplayer5 added
[WARNING] [32mVERBOSE[0m Callback method :onPause in Class com.catapults.Multiplayer5 added
[WARNING] [32mVERBOSE[0m Callback method :onStop in Class com.catapults.Multiplayer5 added
[WARNING] [32mVERBOSE[0m Callback method :onCreate in Class com.catapults.Multiplayer5 added
[WARNING] [32mVERBOSE[0m Callback method :onCreateOptionsMenu in Class com.catapults.Multiplayer5 added
[WARNING] [32mVERBOSE[0m Callback method :onDestroy in Class com.catapults.Multiplayer5 added
[WARNING] [32mVERBOSE[0m Callback method :onStart in Class com.catapults.Multiplayer5 added
[WARNING] [32mVERBOSE[0m Callback method :onActivityResult in Class com.catapults.Multiplayer5 added
[WARNING] [32mVERBOSE[0m Callback method :onOptionsItemSelected in Class com.catapults.Multiplayer5 added
[WARNING] [32mVERBOSE[0m Callback method :onResume in Class com.catapults.Multiplayer5 added
[WARNING] [32mVERBOSE[0m Callback method :onCreate in Class com.catapults.Story5 added
[WARNING] [32mVERBOSE[0m Callback method :onTouchEvent in Class com.catapults.Level3_3 added
[WARNING] [32mVERBOSE[0m Callback method :onBackPressed in Class com.catapults.Level3_3 added
[WARNING] [32mVERBOSE[0m Callback method :onCreate in Class com.catapults.Level3_3 added
[WARNING] [32mVERBOSE[0m Callback method :onDestroy in Class com.catapults.Level3_3 added
[WARNING] [32mVERBOSE[0m Callback method :onBackPressed in Class com.catapults.WinScreen4 added
[WARNING] [32mVERBOSE[0m Callback method :onCreate in Class com.catapults.WinScreen4 added
[WARNING] [32mVERBOSE[0m Callback method :onTouchEvent in Class com.catapults.Level4_2 added
[WARNING] [32mVERBOSE[0m Callback method :onBackPressed in Class com.catapults.Level4_2 added
[WARNING] [32mVERBOSE[0m Callback method :onCreate in Class com.catapults.Level4_2 added
[WARNING] [32mVERBOSE[0m Callback method :onDestroy in Class com.catapults.Level4_2 added
[WARNING] [32mVERBOSE[0m Callback method :onBackPressed in Class com.catapults.SecondActivity added
[WARNING] [32mVERBOSE[0m Callback method :onPause in Class com.catapults.SecondActivity added
[WARNING] [32mVERBOSE[0m Callback method :onCreate in Class com.catapults.SecondActivity added
[WARNING] [32mVERBOSE[0m Callback method :onResume in Class com.catapults.SecondActivity added
[WARNING] [32mVERBOSE[0m Callback method :onTouchEvent in Class com.catapults.Level5_1 added
[WARNING] [32mVERBOSE[0m Callback method :onBackPressed in Class com.catapults.Level5_1 added
[WARNING] [32mVERBOSE[0m Callback method :onCreate in Class com.catapults.Level5_1 added
[WARNING] [32mVERBOSE[0m Callback method :onDestroy in Class com.catapults.Level5_1 added
[WARNING] [32mVERBOSE[0m Callback method :onCreate in Class com.catapults.Story2 added
[WARNING] [32mVERBOSE[0m Callback method :onTouchEvent in Class com.catapults.Multiplayer2 added
[WARNING] [32mVERBOSE[0m Callback method :onPause in Class com.catapults.Multiplayer2 added
[WARNING] [32mVERBOSE[0m Callback method :onStop in Class com.catapults.Multiplayer2 added
[WARNING] [32mVERBOSE[0m Callback method :onCreate in Class com.catapults.Multiplayer2 added
[WARNING] [32mVERBOSE[0m Callback method :onCreateOptionsMenu in Class com.catapults.Multiplayer2 added
[WARNING] [32mVERBOSE[0m Callback method :onDestroy in Class com.catapults.Multiplayer2 added
[WARNING] [32mVERBOSE[0m Callback method :onStart in Class com.catapults.Multiplayer2 added
[WARNING] [32mVERBOSE[0m Callback method :onActivityResult in Class com.catapults.Multiplayer2 added
[WARNING] [32mVERBOSE[0m Callback method :onOptionsItemSelected in Class com.catapults.Multiplayer2 added
[WARNING] [32mVERBOSE[0m Callback method :onResume in Class com.catapults.Multiplayer2 added
[WARNING] [32mVERBOSE[0m Callback method :onPause in Class com.catapults.ChooseLang added
[WARNING] [32mVERBOSE[0m Callback method :onCreate in Class com.catapults.ChooseLang added
[WARNING] [32mVERBOSE[0m Callback method :onResume in Class com.catapults.ChooseLang added
[WARNING] [32mVERBOSE[0m Callback method :onBackPressed in Class com.catapults.WinScreen_final added
[WARNING] [32mVERBOSE[0m Callback method :onCreate in Class com.catapults.WinScreen_final added
[WARNING] [32mVERBOSE[0m Callback method :onTouchEvent in Class com.catapults.Level3_2 added
[WARNING] [32mVERBOSE[0m Callback method :onBackPressed in Class com.catapults.Level3_2 added
[WARNING] [32mVERBOSE[0m Callback method :onCreate in Class com.catapults.Level3_2 added
[WARNING] [32mVERBOSE[0m Callback method :onDestroy in Class com.catapults.Level3_2 added
[WARNING] [32mVERBOSE[0m Callback method :onBackPressed in Class com.catapults.WinScreen3 added
[WARNING] [32mVERBOSE[0m Callback method :onCreate in Class com.catapults.WinScreen3 added
[WARNING] [32mVERBOSE[0m Callback method :onTouchEvent in Class com.catapults.Level5_3 added
[WARNING] [32mVERBOSE[0m Callback method :onBackPressed in Class com.catapults.Level5_3 added
[WARNING] [32mVERBOSE[0m Callback method :onCreate in Class com.catapults.Level5_3 added
[WARNING] [32mVERBOSE[0m Callback method :onDestroy in Class com.catapults.Level5_3 added
[WARNING] [32mVERBOSE[0m Callback method :onBackPressed in Class com.catapults.mainActivity added
[WARNING] [32mVERBOSE[0m Callback method :onPause in Class com.catapults.mainActivity added
[WARNING] [32mVERBOSE[0m Callback method :onCreate in Class com.catapults.mainActivity added
[WARNING] [32mVERBOSE[0m Callback method :onResume in Class com.catapults.mainActivity added
[WARNING] [32mVERBOSE[0m Callback method :onBackPressed in Class com.catapults.WinScreen1 added
[WARNING] [32mVERBOSE[0m Callback method :onCreate in Class com.catapults.WinScreen1 added
[WARNING] [32mVERBOSE[0m Callback method :onDraw in Class com.catapults.DrawView added
[WARNING] [32mVERBOSE[0m Callback method :onTouchEvent in Class com.catapults.Level1_2 added
[WARNING] [32mVERBOSE[0m Callback method :onBackPressed in Class com.catapults.Level1_2 added
[WARNING] [32mVERBOSE[0m Callback method :onCreate in Class com.catapults.Level1_2 added
[WARNING] [32mVERBOSE[0m Callback method :onDestroy in Class com.catapults.Level1_2 added
[WARNING] [32mVERBOSE[0m Callback method :onTouchEvent in Class com.catapults.Level2_1 added
[WARNING] [32mVERBOSE[0m Callback method :onBackPressed in Class com.catapults.Level2_1 added
[WARNING] [32mVERBOSE[0m Callback method :onCreate in Class com.catapults.Level2_1 added
[WARNING] [32mVERBOSE[0m Callback method :onDestroy in Class com.catapults.Level2_1 added
[WARNING] [32mVERBOSE[0m Callback method :onBackPressed in Class com.catapults.WinScreen5 added
[WARNING] [32mVERBOSE[0m Callback method :onCreate in Class com.catapults.WinScreen5 added
0 ICC links found and 0 cg edges added due to ICC links
dynamic conflated call graph: 0 methods; 0 nodes; 0 edges.
Result for benign-app-55-81091F430A6D82CE4FC51DD09D42E91DA246EC89053B79752A483C482DD33D45.apkcom.catapults