DUA-Forensics args to Soot: -w -cp /home/hcosta/bench/benchmark/libs/droidfax.jar:/home/hcosta/Android/Sdk/platforms/android-28/android.jar -p cg verbose:false,implicit-entry:true -p cg.spark verbose:false,on-fly-cg:true,rta:false -d /home/hcosta/bench/benchmark/trace/180/3/droidbot/benign-app-21-26D97DA55404AE77C352322EFDBAE62F9796F99A335C048D71022B9F0FF755BB.apk.logcat -process-dir /home/hcosta/bench/benchmark/data/input/benign-app-21-26D97DA55404AE77C352322EFDBAE62F9796F99A335C048D71022B9F0FF755BB.apk 
Soot started on Wed Apr 20 23:48:27 CEST 2022
Warning: com.ironsource.mobilcore.BaseFlowBasedAdUnit is a phantom class!
Warning: java.lang.invoke.LambdaMetafactory is a phantom class!
Warning: java.lang.ref.Finalizer is a phantom class!
Warning: winterwell.bob.BuildTask is a phantom class!
Warning: org.apache.http.client.methods.HttpUriRequest is a phantom class!
Warning: org.apache.http.HttpResponse is a phantom class!
Warning: org.apache.http.HttpEntity is a phantom class!
Warning: org.apache.http.NameValuePair is a phantom class!
Warning: org.apache.http.impl.client.BasicCookieStore is a phantom class!
Warning: org.apache.http.impl.cookie.BasicClientCookie is a phantom class!
Warning: org.apache.http.cookie.Cookie is a phantom class!
Warning: org.apache.http.impl.client.AbstractHttpClient is a phantom class!
Warning: org.apache.http.impl.client.DefaultHttpClient is a phantom class!
Warning: org.apache.http.conn.ClientConnectionManager is a phantom class!
Warning: org.apache.http.client.ResponseHandler is a phantom class!
Warning: org.apache.http.protocol.HttpContext is a phantom class!
Warning: org.apache.http.client.ClientProtocolException is a phantom class!
Warning: org.apache.http.HttpRequestInterceptor is a phantom class!
Warning: org.apache.http.HttpRequest is a phantom class!
Warning: org.apache.http.HttpException is a phantom class!
Warning: org.apache.http.HttpResponseInterceptor is a phantom class!
Warning: org.apache.http.entity.HttpEntityWrapper is a phantom class!
Warning: org.apache.http.Header is a phantom class!
Warning: junit.framework.TestCase is a phantom class!
Warning: junit.framework.TestResult is a phantom class!
Warning: org.apache.http.client.HttpClient is a phantom class!
Warning: org.apache.http.HeaderElement is a phantom class!
Warning: org.apache.http.HttpEntityEnclosingRequest is a phantom class!
Warning: org.apache.http.HttpHost is a phantom class!
Warning: org.apache.http.RequestLine is a phantom class!
Warning: org.apache.http.StatusLine is a phantom class!
Warning: org.apache.http.client.CookieStore is a phantom class!
Warning: org.apache.http.client.entity.UrlEncodedFormEntity is a phantom class!
Warning: org.apache.http.client.methods.HttpDelete is a phantom class!
Warning: org.apache.http.client.methods.HttpEntityEnclosingRequestBase is a phantom class!
Warning: org.apache.http.client.methods.HttpGet is a phantom class!
Warning: org.apache.http.client.methods.HttpPost is a phantom class!
Warning: org.apache.http.client.methods.HttpPut is a phantom class!
Warning: org.apache.http.conn.scheme.PlainSocketFactory is a phantom class!
Warning: org.apache.http.conn.scheme.Scheme is a phantom class!
Warning: org.apache.http.conn.scheme.SchemeRegistry is a phantom class!
Warning: org.apache.http.entity.ByteArrayEntity is a phantom class!
Warning: org.apache.http.impl.conn.tsccm.ThreadSafeClientConnManager is a phantom class!
Warning: org.apache.http.impl.cookie.DateParseException is a phantom class!
Warning: org.apache.http.impl.cookie.DateUtils is a phantom class!
Warning: org.apache.http.message.BasicHeader is a phantom class!
Warning: org.apache.http.message.BasicNameValuePair is a phantom class!
Warning: org.apache.http.params.BasicHttpParams is a phantom class!
Warning: org.apache.http.protocol.BasicHttpContext is a phantom class!
Warning: org.apache.http.util.EntityUtils is a phantom class!
Warning: org.junit.Test is a phantom class!
Warning: org.scribe.http.Request$Verb is a phantom class!
Warning: org.scribe.http.Request is a phantom class!
Warning: org.scribe.http.Response is a phantom class!
Warning: org.scribe.oauth.Scribe is a phantom class!
Warning: org.scribe.oauth.Token is a phantom class!
Warning: winterwell.bob.tasks.CompileTask is a phantom class!
Warning: winterwell.bob.tasks.CopyTask is a phantom class!
Warning: winterwell.bob.tasks.GitTask is a phantom class!
Warning: winterwell.bob.tasks.JarTask is a phantom class!
Warning: winterwell.bob.tasks.JavaDocTask is a phantom class!
Warning: winterwell.utils.Printer is a phantom class!
Warning: winterwell.utils.StringUtils is a phantom class!
Warning: winterwell.utils.TodoException is a phantom class!
Warning: winterwell.utils.Utils is a phantom class!
Warning: winterwell.utils.containers.ArrayMap is a phantom class!
Warning: winterwell.utils.io.FileUtils is a phantom class!
Warning: winterwell.utils.io.XStreamBinaryConverter is a phantom class!
No main class given. Inferred 'winterwell.jtwitter.TwitterTest' as main class.
[Call Graph] For information on where the call graph may be incomplete, use the verbose option to the cg phase.
[Spark] Pointer Assignment Graph in 0.1 seconds.
[Spark] Type masks in 0.0 seconds.
[Spark] Pointer Graph simplified in 0.0 seconds.
[Spark] Propagation in 0.0 seconds.
[Spark] Solution found in 0.0 seconds.
hcai's internal transform
Running static analysis for method/class coverage characterization
0 ICC links found and 0 cg edges added due to ICC links
dynamic conflated call graph: 584 methods; 584 nodes; 831 edges.
feature-vector-key = benign-app-21-26D97DA55404AE77C352322EFDBAE62F9796F99A335C048D71022B9F0FF755BB.apk
Result for benign-app-21-26D97DA55404AE77C352322EFDBAE62F9796F99A335C048D71022B9F0FF755BB.apkru.qixi.android.smartrabbits