DUA-Forensics args to Soot: -w -cp /home/hcosta/bench/benchmark/libs/droidfax.jar:/home/hcosta/Android/Sdk/platforms/android-28/android.jar -p cg verbose:false,implicit-entry:true -p cg.spark verbose:false,on-fly-cg:true,rta:false -d /home/hcosta/bench/benchmark/trace/180/6/droidbot/benign-app-19-2528FC8BB788005AE524BCCD2738B380066BD38ABAF4D1388410D39E7DF8B4B8.apk.logcat -process-dir /home/hcosta/bench/benchmark/data/input/benign-app-19-2528FC8BB788005AE524BCCD2738B380066BD38ABAF4D1388410D39E7DF8B4B8.apk 
Soot started on Fri Apr 22 09:01:29 CEST 2022
Warning: com.ironsource.mobilcore.BaseFlowBasedAdUnit is a phantom class!
Warning: java.lang.invoke.LambdaMetafactory is a phantom class!
Warning: java.lang.ref.Finalizer is a phantom class!
[Call Graph] For information on where the call graph may be incomplete, use the verbose option to the cg phase.
[Spark] Pointer Assignment Graph in 0.0 seconds.
[Spark] Type masks in 0.0 seconds.
[Spark] Pointer Graph simplified in 0.0 seconds.
[Spark] Propagation in 0.0 seconds.
[Spark] Solution found in 0.0 seconds.
hcai's internal transform
Running static analysis for security-relevant feature characterization
[GatorHierarchy] [32mVERBOSE[0m [HIER] All classes: 1115
[GatorHierarchy] [32mVERBOSE[0m [App: 167, Lib : 945, Phantom: 3]
[GatorHierarchy] [32mVERBOSE[0m [HIER] Activities: 1, lib activities: 1
[GatorHierarchy] [32mVERBOSE[0m [HIER] App views: 2, Lib views: 7
[GatorHierarchy] [32mVERBOSE[0m [HIER] App Dialogs: 0, Lib Dialogs: 2
[TIMECOST] [32mVERBOSE[0m buildApplicationCodeMap parsing starting at 1650610890620
array element type (narr range): int
array element type (narr range): int
array element type (narr range): int
array element type (narr range): int
array element type: (filled narr)int
[TIMECOST] [32mVERBOSE[0m buildApplicationCodeMap parsing finished at 1650610893873
[Instantiated app classes] [32mVERBOSE[0m total number: 120
[WARNING] [32mVERBOSE[0m Callback method :onKeyDown in Class Mag3DLite.SF3D.GameMain added
[WARNING] [32mVERBOSE[0m Callback method :onTouchEvent in Class Mag3DLite.SF3D.GameMain added
[WARNING] [32mVERBOSE[0m Callback method :onPause in Class Mag3DLite.SF3D.GameMain added
[WARNING] [32mVERBOSE[0m Callback method :onCreate in Class Mag3DLite.SF3D.GameMain added
[WARNING] [32mVERBOSE[0m Callback method :onKeyUp in Class Mag3DLite.SF3D.GameMain added
[WARNING] [32mVERBOSE[0m Callback method :onDestroy in Class Mag3DLite.SF3D.GameMain added
[WARNING] [32mVERBOSE[0m Callback method :onResume in Class Mag3DLite.SF3D.GameMain added
[WARNING] [32mVERBOSE[0m Callback method :onWindowFocusChanged in Class Mag3DLite.Renderer.GLSurfaceView added
[WARNING] [32mVERBOSE[0m Callback method :surfaceCreated in Class Mag3DLite.Renderer.GLSurfaceView added
[WARNING] [32mVERBOSE[0m Callback method :onKeyDown in Class Mag3DLite.Renderer.GLSurfaceView added
[WARNING] [32mVERBOSE[0m Callback method :onDetachedFromWindow in Class Mag3DLite.Renderer.GLSurfaceView added
[WARNING] [32mVERBOSE[0m Callback method :surfaceDestroyed in Class Mag3DLite.Renderer.GLSurfaceView added
[WARNING] [32mVERBOSE[0m Callback method :surfaceChanged in Class Mag3DLite.Renderer.GLSurfaceView added
[WARNING] [32mVERBOSE[0m Callback method :onKeyUp in Class Mag3DLite.Renderer.GLSurfaceView added
[WARNING] [32mVERBOSE[0m Callback method :handleMessage in Class Mag3DLite.Core.ViewAnimator added
0 ICC links found and 0 cg edges added due to ICC links
dynamic conflated call graph: 857 methods; 857 nodes; 1438 edges.
maxpossibleFlows=3
3 taint flow paths FOUND from <android.view.ContextThemeWrapper: android.content.res.Resources getResources()> to <android.widget.TabHost: void setCurrentTabByTag(java.lang.String)>
maxpossibleFlows=18
maxpossibleFlows=18
maxpossibleFlows=3
3 taint flow paths FOUND from <android.support.v4.view.ViewConfigurationCompat: int getScaledPagingTouchSlop(android.view.ViewConfiguration)> to <android.support.v4.view.ViewCompat: void setAccessibilityDelegate(android.view.View,android.support.v4.view.AccessibilityDelegateCompat)>
maxpossibleFlows=1
maxpossibleFlows=1
maxpossibleFlows=1
maxpossibleFlows=1
maxpossibleFlows=1
maxpossibleFlows=1
maxpossibleFlows=3
3 taint flow paths FOUND from <android.view.ViewConfiguration: int getScaledMinimumFlingVelocity()> to <android.support.v4.view.ViewCompat: void setAccessibilityDelegate(android.view.View,android.support.v4.view.AccessibilityDelegateCompat)>
maxpossibleFlows=1
1 taint flow paths FOUND from <android.app.Activity: android.content.Intent getIntent()> to <android.widget.TextView: void setText(java.lang.CharSequence)>
maxpossibleFlows=3
maxpossibleFlows=3
maxpossibleFlows=3
maxpossibleFlows=3
maxpossibleFlows=18
18 taint flow paths FOUND from <android.content.res.Resources: int getDimensionPixelSize(int)> to <android.view.ViewGroup: void setClipChildren(boolean)>
maxpossibleFlows=1
1 taint flow paths FOUND from <android.content.Intent: android.os.Bundle getExtras()> to <android.widget.TextView: void setText(java.lang.CharSequence)>
maxpossibleFlows=3
3 taint flow paths FOUND from <android.view.View: android.content.Context getContext()> to <android.support.v4.view.ViewCompat: void setAccessibilityDelegate(android.view.View,android.support.v4.view.AccessibilityDelegateCompat)>
maxpossibleFlows=2
maxpossibleFlows=4
maxpossibleFlows=2
maxpossibleFlows=24
maxpossibleFlows=18
18 taint flow paths FOUND from <android.view.View: android.content.res.Resources getResources()> to <android.view.ViewGroup: void setClipChildren(boolean)>
maxpossibleFlows=3
3 taint flow paths FOUND from <android.content.res.Resources: android.graphics.drawable.Drawable getDrawable(int)> to <android.widget.TabHost: void setCurrentTabByTag(java.lang.String)>
maxpossibleFlows=3
maxpossibleFlows=3
maxpossibleFlows=3
maxpossibleFlows=3
maxpossibleFlows=1
maxpossibleFlows=1
maxpossibleFlows=1
maxpossibleFlows=1
maxpossibleFlows=4
4 taint flow paths FOUND from <java.lang.String: java.lang.String trim()> to <android.util.Log: int i(java.lang.String,java.lang.String)>
maxpossibleFlows=18
maxpossibleFlows=1
1 taint flow paths FOUND from <android.content.res.Resources: java.lang.String getString(int)> to <android.widget.TextView: void setText(java.lang.CharSequence)>
maxpossibleFlows=4
4 taint flow paths FOUND from <java.lang.StringBuilder: java.lang.String toString()> to <android.util.Log: int i(java.lang.String,java.lang.String)>
maxpossibleFlows=1
maxpossibleFlows=1
maxpossibleFlows=1
maxpossibleFlows=1
maxpossibleFlows=1
maxpossibleFlows=1
maxpossibleFlows=3
maxpossibleFlows=3
maxpossibleFlows=1
maxpossibleFlows=3
maxpossibleFlows=1
maxpossibleFlows=3
maxpossibleFlows=3
maxpossibleFlows=3
maxpossibleFlows=3
3 taint flow paths FOUND from <android.support.v4.view.ViewCompat: int getImportantForAccessibility(android.view.View)> to <android.support.v4.view.ViewCompat: void setImportantForAccessibility(android.view.View,int)>
maxpossibleFlows=9
maxpossibleFlows=9
maxpossibleFlows=9
maxpossibleFlows=75
75 taint flow paths FOUND from <android.view.View: int getTop()> to <android.widget.TextView: void setText(java.lang.CharSequence)>
maxpossibleFlows=3
3 taint flow paths FOUND from <android.view.ViewConfiguration: android.view.ViewConfiguration get(android.content.Context)> to <android.support.v4.view.ViewCompat: void setAccessibilityDelegate(android.view.View,android.support.v4.view.AccessibilityDelegateCompat)>
maxpossibleFlows=9
maxpossibleFlows=9
maxpossibleFlows=18
maxpossibleFlows=18
maxpossibleFlows=18
18 taint flow paths FOUND from <android.view.ViewGroup: android.view.View getChildAt(int)> to <android.view.View: void setVisibility(int)>
maxpossibleFlows=3
maxpossibleFlows=3
maxpossibleFlows=3
maxpossibleFlows=3
3 taint flow paths FOUND from <android.content.res.Resources: android.util.DisplayMetrics getDisplayMetrics()> to <android.support.v4.view.ViewCompat: void setAccessibilityDelegate(android.view.View,android.support.v4.view.AccessibilityDelegateCompat)>
maxpossibleFlows=3
3 taint flow paths FOUND from <android.view.ViewConfiguration: int getScaledMaximumFlingVelocity()> to <android.support.v4.view.ViewCompat: void setAccessibilityDelegate(android.view.View,android.support.v4.view.AccessibilityDelegateCompat)>
maxpossibleFlows=3
maxpossibleFlows=4
maxpossibleFlows=3
maxpossibleFlows=3
maxpossibleFlows=3
maxpossibleFlows=3
3 taint flow paths FOUND from <android.content.ContextWrapper: android.content.res.Resources getResources()> to <android.support.v4.view.ViewCompat: void setAccessibilityDelegate(android.view.View,android.support.v4.view.AccessibilityDelegateCompat)>
maxpossibleFlows=3
maxpossibleFlows=1
maxpossibleFlows=3
maxpossibleFlows=3
maxpossibleFlows=1
maxpossibleFlows=2
maxpossibleFlows=1
1 taint flow paths FOUND from <android.content.res.Resources: int getIdentifier(java.lang.String,java.lang.String,java.lang.String)> to <android.content.res.Resources: java.io.InputStream openRawResource(int)>
maxpossibleFlows=3
maxpossibleFlows=3
maxpossibleFlows=3
maxpossibleFlows=3
maxpossibleFlows=3
maxpossibleFlows=3
maxpossibleFlows=3
maxpossibleFlows=18
maxpossibleFlows=18
maxpossibleFlows=18
18 taint flow paths FOUND from <android.view.LayoutInflater: android.view.View inflate(int,android.view.ViewGroup)> to <android.view.View: void setVisibility(int)>
maxpossibleFlows=2
maxpossibleFlows=1
maxpossibleFlows=19
maxpossibleFlows=163
163 taint flow paths FOUND from <java.util.Vector: java.lang.Object get(int)> to <java.util.Vector: java.lang.Object set(int,java.lang.Object)>
maxpossibleFlows=1
maxpossibleFlows=1
maxpossibleFlows=1
maxpossibleFlows=1
1 taint flow paths FOUND from <android.app.Activity: java.lang.Object getSystemService(java.lang.String)> to <android.app.Activity: void setContentView(android.view.View)>
maxpossibleFlows=1
maxpossibleFlows=1
maxpossibleFlows=1
maxpossibleFlows=1
1 taint flow paths FOUND from <android.os.PowerManager: android.os.PowerManager$WakeLock newWakeLock(int,java.lang.String)> to <android.app.Activity: void setContentView(android.view.View)>
maxpossibleFlows=1
maxpossibleFlows=1
maxpossibleFlows=3
3 taint flow paths FOUND from <java.lang.Class: java.lang.reflect.Constructor getConstructor(java.lang.Class[])> to <android.util.Log: int i(java.lang.String,java.lang.String)>
maxpossibleFlows=1
maxpossibleFlows=3
maxpossibleFlows=3
maxpossibleFlows=3
maxpossibleFlows=1
maxpossibleFlows=1
1 taint flow paths FOUND from <android.app.Activity: android.view.Window getWindow()> to <android.view.Window: void setFlags(int,int)>
maxpossibleFlows=3
maxpossibleFlows=1
maxpossibleFlows=3
maxpossibleFlows=3
maxpossibleFlows=1
maxpossibleFlows=2
maxpossibleFlows=1
1 taint flow paths FOUND from <android.content.ContextWrapper: java.lang.String getPackageName()> to <android.content.res.Resources: java.io.InputStream openRawResource(int)>
maxpossibleFlows=1
maxpossibleFlows=2
maxpossibleFlows=1
maxpossibleFlows=4
4 taint flow paths FOUND from <java.lang.String: java.lang.String trim()> to <android.util.Log: int i(java.lang.String,java.lang.String)>
maxpossibleFlows=1
maxpossibleFlows=4
maxpossibleFlows=1
maxpossibleFlows=1
maxpossibleFlows=1
maxpossibleFlows=1
maxpossibleFlows=4
maxpossibleFlows=1
maxpossibleFlows=1
maxpossibleFlows=1
maxpossibleFlows=1
maxpossibleFlows=1
maxpossibleFlows=1
maxpossibleFlows=1
maxpossibleFlows=3
3 taint flow paths FOUND from <android.view.ContextThemeWrapper: android.content.res.Resources getResources()> to <android.widget.TabHost: void setCurrentTabByTag(java.lang.String)>
maxpossibleFlows=19
maxpossibleFlows=3
maxpossibleFlows=3
maxpossibleFlows=3
maxpossibleFlows=3
maxpossibleFlows=3
maxpossibleFlows=3
maxpossibleFlows=3
maxpossibleFlows=3
maxpossibleFlows=3
maxpossibleFlows=3
maxpossibleFlows=1
1 taint flow paths FOUND from <android.view.ContextThemeWrapper: android.content.res.Resources getResources()> to <android.widget.TextView: void setText(java.lang.CharSequence)>
maxpossibleFlows=9
maxpossibleFlows=75
75 taint flow paths FOUND from <android.view.View: int getTop()> to <android.widget.ImageView: void setVisibility(int)>
maxpossibleFlows=3
3 taint flow paths FOUND from <android.support.v4.view.ViewConfigurationCompat: int getScaledPagingTouchSlop(android.view.ViewConfiguration)> to <android.support.v4.view.ViewCompat: void setAccessibilityDelegate(android.view.View,android.support.v4.view.AccessibilityDelegateCompat)>
maxpossibleFlows=1
maxpossibleFlows=1
maxpossibleFlows=1
maxpossibleFlows=3
maxpossibleFlows=3
maxpossibleFlows=3
maxpossibleFlows=3
maxpossibleFlows=3
maxpossibleFlows=3
maxpossibleFlows=3
maxpossibleFlows=3
maxpossibleFlows=3
maxpossibleFlows=3
3 taint flow paths FOUND from <android.support.v4.view.ViewConfigurationCompat: int getScaledPagingTouchSlop(android.view.ViewConfiguration)> to <android.support.v4.view.ViewCompat: void setImportantForAccessibility(android.view.View,int)>
maxpossibleFlows=3
maxpossibleFlows=3
maxpossibleFlows=3
maxpossibleFlows=3
maxpossibleFlows=3
maxpossibleFlows=3
maxpossibleFlows=3
maxpossibleFlows=3
maxpossibleFlows=3
maxpossibleFlows=1
maxpossibleFlows=1
maxpossibleFlows=1
maxpossibleFlows=1
maxpossibleFlows=1
maxpossibleFlows=1
1 taint flow paths FOUND from <android.app.Activity: android.view.Window getWindow()> to <android.view.Window: void setFlags(int,int)>
maxpossibleFlows=1
maxpossibleFlows=1
maxpossibleFlows=1
maxpossibleFlows=1
maxpossibleFlows=2
maxpossibleFlows=1
maxpossibleFlows=2
maxpossibleFlows=2
maxpossibleFlows=1
maxpossibleFlows=2
maxpossibleFlows=2
maxpossibleFlows=163
163 taint flow paths FOUND from <java.util.Vector: java.lang.Object get(int)> to <java.util.Vector: java.lang.Object set(int,java.lang.Object)>
maxpossibleFlows=3
maxpossibleFlows=3
maxpossibleFlows=3
maxpossibleFlows=3
maxpossibleFlows=3
maxpossibleFlows=3
maxpossibleFlows=3
maxpossibleFlows=3
maxpossibleFlows=3
maxpossibleFlows=1
maxpossibleFlows=24
maxpossibleFlows=1
maxpossibleFlows=1
maxpossibleFlows=2
maxpossibleFlows=1
maxpossibleFlows=25
25 taint flow paths FOUND from <android.content.ContextWrapper: android.content.res.Resources getResources()> to <android.content.res.Resources: java.io.InputStream openRawResource(int)>
maxpossibleFlows=3
maxpossibleFlows=3
maxpossibleFlows=3
maxpossibleFlows=3
maxpossibleFlows=3
maxpossibleFlows=3
maxpossibleFlows=3
maxpossibleFlows=3
maxpossibleFlows=3
maxpossibleFlows=3
maxpossibleFlows=3
maxpossibleFlows=3
maxpossibleFlows=3
maxpossibleFlows=3
maxpossibleFlows=3
maxpossibleFlows=3
maxpossibleFlows=3
maxpossibleFlows=3
maxpossibleFlows=1
1 taint flow paths FOUND from <android.app.Activity: java.lang.Object getSystemService(java.lang.String)> to <android.app.Activity: void setContentView(android.view.View)>
maxpossibleFlows=18
maxpossibleFlows=18
18 taint flow paths FOUND from <android.content.res.Resources: int getDimensionPixelSize(int)> to <android.view.ViewGroup: void setClipChildren(boolean)>
maxpossibleFlows=1
maxpossibleFlows=1
maxpossibleFlows=3
maxpossibleFlows=1
maxpossibleFlows=3
maxpossibleFlows=3
maxpossibleFlows=1
maxpossibleFlows=1
maxpossibleFlows=1
maxpossibleFlows=3
maxpossibleFlows=3
maxpossibleFlows=1
maxpossibleFlows=3
maxpossibleFlows=1
maxpossibleFlows=18
maxpossibleFlows=18
18 taint flow paths FOUND from <android.content.res.Resources: int getDimensionPixelSize(int)> to <android.view.View: void setDrawingCacheEnabled(boolean)>
maxpossibleFlows=18
18 taint flow paths FOUND from <android.view.View: android.content.Context getContext()> to <android.view.View: void setVisibility(int)>
[WARNING] [32mVERBOSE[0m Callback method :onDetachedFromWindow in Class Mag3DLite.Renderer.GLSurfaceView
[WARNING] [32mVERBOSE[0m Callback method :onKeyDown in Class Mag3DLite.Renderer.GLSurfaceView
[WARNING] [32mVERBOSE[0m Callback method :onKeyUp in Class Mag3DLite.Renderer.GLSurfaceView
[WARNING] [32mVERBOSE[0m Callback method :onWindowFocusChanged in Class Mag3DLite.Renderer.GLSurfaceView
[WARNING] [32mVERBOSE[0m Callback method :surfaceChanged in Class Mag3DLite.Renderer.GLSurfaceView
[WARNING] [32mVERBOSE[0m Callback method :surfaceCreated in Class Mag3DLite.Renderer.GLSurfaceView
[WARNING] [32mVERBOSE[0m Callback method :surfaceDestroyed in Class Mag3DLite.Renderer.GLSurfaceView
Result for benign-app-19-2528FC8BB788005AE524BCCD2738B380066BD38ABAF4D1388410D39E7DF8B4B8.apkMag3DLite.SF3D