DUA-Forensics args to Soot: -w -cp /home/handrick/Documents/UNB/benchmark/libs/droidfax.jar:/home/handrick/Android/Sdk/platforms/android-19/android.jar -p cg verbose:false,implicit-entry:true -p cg.spark verbose:false,on-fly-cg:true,rta:false -d /home/handrick/Documents/UNB/benchmark/trace/180/1/droidbot/benign-app-53-7F3CA999DF536604EA27AD1C15FCF0827146964C26C9C035D21C22620BFFFDB8.apk.logcat -process-dir /home/handrick/Documents/UNB/benchmark/data/input/benign-app-53-7F3CA999DF536604EA27AD1C15FCF0827146964C26C9C035D21C22620BFFFDB8.apk 
Soot started on Fri Apr 15 00:55:54 CEST 2022
Warning: com.ironsource.mobilcore.BaseFlowBasedAdUnit is a phantom class!
Warning: java.lang.invoke.LambdaMetafactory is a phantom class!
Warning: java.lang.ref.Finalizer is a phantom class!
[Call Graph] For information on where the call graph may be incomplete, use the verbose option to the cg phase.
[Spark] Pointer Assignment Graph in 0.0 seconds.
[Spark] Type masks in 0.0 seconds.
[Spark] Pointer Graph simplified in 0.0 seconds.
[Spark] Propagation in 0.0 seconds.
[Spark] Solution found in 0.0 seconds.
hcai's internal transform
Running static analysis for security-relevant feature characterization
[GatorHierarchy] [32mVERBOSE[0m [HIER] All classes: 2148
[GatorHierarchy] [32mVERBOSE[0m [App: 1046, Lib : 1099, Phantom: 3]
[GatorHierarchy] [32mVERBOSE[0m [HIER] Activities: 3, lib activities: 1
[GatorHierarchy] [32mVERBOSE[0m [HIER] App views: 9, Lib views: 20
[GatorHierarchy] [32mVERBOSE[0m [HIER] App Dialogs: 0, Lib Dialogs: 3
[TIMECOST] [32mVERBOSE[0m buildApplicationCodeMap parsing starting at 1649976956998
[TIMECOST] [32mVERBOSE[0m buildApplicationCodeMap parsing finished at 1649976967903
[Instantiated app classes] [32mVERBOSE[0m total number: 804
[WARNING] [32mVERBOSE[0m Callback method :onHandleIntent in Class com.google.tagmanager.InstallReferrerService added
[WARNING] [32mVERBOSE[0m Callback method :onLowMemory in Class android.support.v4.app.Fragment added
[WARNING] [32mVERBOSE[0m Callback method :onCreateContextMenu in Class android.support.v4.app.Fragment added
[WARNING] [32mVERBOSE[0m Callback method :onConfigurationChanged in Class android.support.v4.app.Fragment added
[WARNING] [32mVERBOSE[0m Callback method :onLowMemory in Class android.support.v4.app.Fragment added
[WARNING] [32mVERBOSE[0m Callback method :onCreateContextMenu in Class android.support.v4.app.Fragment added
[WARNING] [32mVERBOSE[0m Callback method :onDismiss in Class android.support.v4.app.DialogFragment added
[WARNING] [32mVERBOSE[0m Callback method :onCancel in Class android.support.v4.app.DialogFragment added
[WARNING] [32mVERBOSE[0m Callback method :onConfigurationChanged in Class android.support.v4.app.Fragment added
[WARNING] [32mVERBOSE[0m Callback method :onReceive in Class com.google.tagmanager.InstallReferrerReceiver added
[WARNING] [32mVERBOSE[0m Callback method :onBind in Class com.google.android.vending.expansion.downloader.impl.DownloaderService added
[WARNING] [32mVERBOSE[0m Callback method :onDestroy in Class com.google.android.vending.expansion.downloader.impl.DownloaderService added
[WARNING] [32mVERBOSE[0m Callback method :onCreate in Class com.google.android.vending.expansion.downloader.impl.DownloaderService added
[WARNING] [32mVERBOSE[0m Callback method :onStartCommand in Class com.google.android.vending.expansion.downloader.impl.CustomIntentService added
[WARNING] [32mVERBOSE[0m Callback method :onStart in Class com.google.android.vending.expansion.downloader.impl.CustomIntentService added
[WARNING] [32mVERBOSE[0m Callback method :onRestoreInstanceState in Class android.support.v4.app.FragmentTabHost added
[WARNING] [32mVERBOSE[0m Callback method :onTabChanged in Class android.support.v4.app.FragmentTabHost added
[WARNING] [32mVERBOSE[0m Callback method :setOnTabChangedListener in Class android.support.v4.app.FragmentTabHost added
[WARNING] [32mVERBOSE[0m Callback method :onSaveInstanceState in Class android.support.v4.app.FragmentTabHost added
[WARNING] [32mVERBOSE[0m Callback method :onDetachedFromWindow in Class android.support.v4.app.FragmentTabHost added
[WARNING] [32mVERBOSE[0m Callback method :onAttachedToWindow in Class android.support.v4.app.FragmentTabHost added
[WARNING] [32mVERBOSE[0m Callback method :setup in Class android.support.v4.app.FragmentTabHost added
[WARNING] [32mVERBOSE[0m Callback method :onBind in Class com.google.android.vending.expansion.downloader.impl.DownloaderService added
[WARNING] [32mVERBOSE[0m Callback method :onDestroy in Class com.google.android.vending.expansion.downloader.impl.DownloaderService added
[WARNING] [32mVERBOSE[0m Callback method :onCreate in Class com.google.android.vending.expansion.downloader.impl.DownloaderService added
[WARNING] [32mVERBOSE[0m Callback method :onStartCommand in Class com.google.android.vending.expansion.downloader.impl.CustomIntentService added
[WARNING] [32mVERBOSE[0m Callback method :onStart in Class com.google.android.vending.expansion.downloader.impl.CustomIntentService added
[WARNING] [32mVERBOSE[0m Callback method :onKeyDown in Class android.support.v4.app.FragmentActivity added
[WARNING] [32mVERBOSE[0m Callback method :onPanelClosed in Class android.support.v4.app.FragmentActivity added
[WARNING] [32mVERBOSE[0m Callback method :onConfigurationChanged in Class android.support.v4.app.FragmentActivity added
[WARNING] [32mVERBOSE[0m Callback method :onMenuItemSelected in Class android.support.v4.app.FragmentActivity added
[WARNING] [32mVERBOSE[0m Callback method :onBackPressed in Class android.support.v4.app.FragmentActivity added
[WARNING] [32mVERBOSE[0m Callback method :onRetainNonConfigurationInstance in Class android.support.v4.app.FragmentActivity added
[WARNING] [32mVERBOSE[0m Callback method :onNewIntent in Class android.support.v4.app.FragmentActivity added
[WARNING] [32mVERBOSE[0m Callback method :onPause in Class android.support.v4.app.FragmentActivity added
[WARNING] [32mVERBOSE[0m Callback method :onStop in Class android.support.v4.app.FragmentActivity added
[WARNING] [32mVERBOSE[0m Callback method :onCreatePanelMenu in Class android.support.v4.app.FragmentActivity added
[WARNING] [32mVERBOSE[0m Callback method :dump in Class android.support.v4.app.FragmentActivity added
[WARNING] [32mVERBOSE[0m Callback method :onCreate in Class android.support.v4.app.FragmentActivity added
[WARNING] [32mVERBOSE[0m Callback method :onCreateView in Class android.support.v4.app.FragmentActivity added
[WARNING] [32mVERBOSE[0m Callback method :onDestroy in Class android.support.v4.app.FragmentActivity added
[WARNING] [32mVERBOSE[0m Callback method :onPreparePanel in Class android.support.v4.app.FragmentActivity added
[WARNING] [32mVERBOSE[0m Callback method :onStart in Class android.support.v4.app.FragmentActivity added
[WARNING] [32mVERBOSE[0m Callback method :onSaveInstanceState in Class android.support.v4.app.FragmentActivity added
[WARNING] [32mVERBOSE[0m Callback method :startActivityForResult in Class android.support.v4.app.FragmentActivity added
[WARNING] [32mVERBOSE[0m Callback method :onActivityResult in Class android.support.v4.app.FragmentActivity added
[WARNING] [32mVERBOSE[0m Callback method :onPostResume in Class android.support.v4.app.FragmentActivity added
[WARNING] [32mVERBOSE[0m Callback method :onResume in Class android.support.v4.app.FragmentActivity added
[WARNING] [32mVERBOSE[0m Callback method :onLowMemory in Class android.support.v4.app.FragmentActivity added
[WARNING] [32mVERBOSE[0m Callback method :generateLayoutParams in Class android.support.v4.view.ViewPager added
[WARNING] [32mVERBOSE[0m Callback method :draw in Class android.support.v4.view.ViewPager added
[WARNING] [32mVERBOSE[0m Callback method :onRestoreInstanceState in Class android.support.v4.view.ViewPager added
[WARNING] [32mVERBOSE[0m Callback method :onRequestFocusInDescendants in Class android.support.v4.view.ViewPager added
[WARNING] [32mVERBOSE[0m Callback method :generateDefaultLayoutParams in Class android.support.v4.view.ViewPager added
[WARNING] [32mVERBOSE[0m Callback method :onMeasure in Class android.support.v4.view.ViewPager added
[WARNING] [32mVERBOSE[0m Callback method :addView in Class android.support.v4.view.ViewPager added
[WARNING] [32mVERBOSE[0m Callback method :onSaveInstanceState in Class android.support.v4.view.ViewPager added
[WARNING] [32mVERBOSE[0m Callback method :onLayout in Class android.support.v4.view.ViewPager added
[WARNING] [32mVERBOSE[0m Callback method :onTouchEvent in Class android.support.v4.view.ViewPager added
[WARNING] [32mVERBOSE[0m Callback method :addTouchables in Class android.support.v4.view.ViewPager added
[WARNING] [32mVERBOSE[0m Callback method :onDetachedFromWindow in Class android.support.v4.view.ViewPager added
[WARNING] [32mVERBOSE[0m Callback method :computeScroll in Class android.support.v4.view.ViewPager added
[WARNING] [32mVERBOSE[0m Callback method :onAttachedToWindow in Class android.support.v4.view.ViewPager added
[WARNING] [32mVERBOSE[0m Callback method :onInterceptTouchEvent in Class android.support.v4.view.ViewPager added
[WARNING] [32mVERBOSE[0m Callback method :verifyDrawable in Class android.support.v4.view.ViewPager added
[WARNING] [32mVERBOSE[0m Callback method :dispatchPopulateAccessibilityEvent in Class android.support.v4.view.ViewPager added
[WARNING] [32mVERBOSE[0m Callback method :onSizeChanged in Class android.support.v4.view.ViewPager added
[WARNING] [32mVERBOSE[0m Callback method :dispatchKeyEvent in Class android.support.v4.view.ViewPager added
[WARNING] [32mVERBOSE[0m Callback method :addFocusables in Class android.support.v4.view.ViewPager added
[WARNING] [32mVERBOSE[0m Callback method :onDraw in Class android.support.v4.view.ViewPager added
[WARNING] [32mVERBOSE[0m Callback method :generateLayoutParams in Class android.support.v4.view.ViewPager added
[WARNING] [32mVERBOSE[0m Callback method :drawableStateChanged in Class android.support.v4.view.ViewPager added
[WARNING] [32mVERBOSE[0m Callback method :getChildDrawingOrder in Class android.support.v4.view.ViewPager added
[WARNING] [32mVERBOSE[0m Callback method :checkLayoutParams in Class android.support.v4.view.ViewPager added
[WARNING] [32mVERBOSE[0m Callback method :onTransact in Class com.android.vending.billing.IInAppBillingService$Stub added
[WARNING] [32mVERBOSE[0m Callback method :asBinder in Class com.android.vending.billing.IInAppBillingService$Stub added
[WARNING] [32mVERBOSE[0m Callback method :onBind in Class com.google.android.vending.expansion.downloader.impl.CustomIntentService added
[WARNING] [32mVERBOSE[0m Callback method :onDestroy in Class com.google.android.vending.expansion.downloader.impl.CustomIntentService added
[WARNING] [32mVERBOSE[0m Callback method :onCreate in Class com.google.android.vending.expansion.downloader.impl.CustomIntentService added
[WARNING] [32mVERBOSE[0m Callback method :onStartCommand in Class com.google.android.vending.expansion.downloader.impl.CustomIntentService added
[WARNING] [32mVERBOSE[0m Callback method :onStart in Class com.google.android.vending.expansion.downloader.impl.CustomIntentService added
[WARNING] [32mVERBOSE[0m Callback method :getType in Class com.android.vending.expansion.zipfile.APEZProvider added
[WARNING] [32mVERBOSE[0m Callback method :onCreate in Class com.android.vending.expansion.zipfile.APEZProvider added
[WARNING] [32mVERBOSE[0m Callback method :query in Class com.android.vending.expansion.zipfile.APEZProvider added
[WARNING] [32mVERBOSE[0m Callback method :openAssetFile in Class com.android.vending.expansion.zipfile.APEZProvider added
[WARNING] [32mVERBOSE[0m Callback method :update in Class com.android.vending.expansion.zipfile.APEZProvider added
[WARNING] [32mVERBOSE[0m Callback method :openFile in Class com.android.vending.expansion.zipfile.APEZProvider added
[WARNING] [32mVERBOSE[0m Callback method :insert in Class com.android.vending.expansion.zipfile.APEZProvider added
[WARNING] [32mVERBOSE[0m Callback method :applyBatch in Class com.android.vending.expansion.zipfile.APEZProvider added
[WARNING] [32mVERBOSE[0m Callback method :delete in Class com.android.vending.expansion.zipfile.APEZProvider added
[WARNING] [32mVERBOSE[0m Callback method :onLowMemory in Class android.support.v4.app.Fragment added
[WARNING] [32mVERBOSE[0m Callback method :onCreateContextMenu in Class android.support.v4.app.Fragment added
[WARNING] [32mVERBOSE[0m Callback method :onConfigurationChanged in Class android.support.v4.app.Fragment added
[WARNING] [32mVERBOSE[0m Callback method :getItem in Class android.support.v4.widget.CursorAdapter added
[WARNING] [32mVERBOSE[0m Callback method :getView in Class android.support.v4.widget.CursorAdapter added
[WARNING] [32mVERBOSE[0m Callback method :getDropDownView in Class android.support.v4.widget.CursorAdapter added
[WARNING] [32mVERBOSE[0m Callback method :getFilter in Class android.support.v4.widget.CursorAdapter added
[WARNING] [32mVERBOSE[0m Callback method :getCount in Class android.support.v4.widget.CursorAdapter added
[WARNING] [32mVERBOSE[0m Callback method :getItemId in Class android.support.v4.widget.CursorAdapter added
[WARNING] [32mVERBOSE[0m Callback method :hasStableIds in Class android.support.v4.widget.CursorAdapter added
[WARNING] [32mVERBOSE[0m Callback method :onReceive in Class com.google.analytics.tracking.android.CampaignTrackingReceiver added
[WARNING] [32mVERBOSE[0m Callback method :onReceive in Class apkexpansion.tidsAlarmReceiver added
[WARNING] [32mVERBOSE[0m Callback method :getItem in Class android.support.v4.widget.CursorAdapter added
[WARNING] [32mVERBOSE[0m Callback method :getView in Class android.support.v4.widget.CursorAdapter added
[WARNING] [32mVERBOSE[0m Callback method :getDropDownView in Class android.support.v4.widget.CursorAdapter added
[WARNING] [32mVERBOSE[0m Callback method :getFilter in Class android.support.v4.widget.CursorAdapter added
[WARNING] [32mVERBOSE[0m Callback method :getCount in Class android.support.v4.widget.CursorAdapter added
[WARNING] [32mVERBOSE[0m Callback method :getItemId in Class android.support.v4.widget.CursorAdapter added
[WARNING] [32mVERBOSE[0m Callback method :hasStableIds in Class android.support.v4.widget.CursorAdapter added
[WARNING] [32mVERBOSE[0m Callback method :onTransact in Class com.google.android.vending.licensing.ILicensingService$Stub added
[WARNING] [32mVERBOSE[0m Callback method :asBinder in Class com.google.android.vending.licensing.ILicensingService$Stub added
[WARNING] [32mVERBOSE[0m Callback method :onCreate in Class com.google.tagmanager.PreviewActivity added
[WARNING] [32mVERBOSE[0m Callback method :onTransact in Class com.google.android.vending.licensing.ILicenseResultListener$Stub added
[WARNING] [32mVERBOSE[0m Callback method :asBinder in Class com.google.android.vending.licensing.ILicenseResultListener$Stub added
[WARNING] [32mVERBOSE[0m Callback method :onDown in Class the.lawless.Menu added
[WARNING] [32mVERBOSE[0m Callback method :onFling in Class the.lawless.Menu added
[WARNING] [32mVERBOSE[0m Callback method :onSingleTapUp in Class the.lawless.Menu added
[WARNING] [32mVERBOSE[0m Callback method :onScroll in Class the.lawless.Menu added
[WARNING] [32mVERBOSE[0m Callback method :onLongPress in Class the.lawless.Menu added
[WARNING] [32mVERBOSE[0m Callback method :onShowPress in Class the.lawless.Menu added
[WARNING] [32mVERBOSE[0m Callback method :onKeyDown in Class the.lawless.LawlessActivity added
[WARNING] [32mVERBOSE[0m Callback method :onBackPressed in Class the.lawless.LawlessActivity added
[WARNING] [32mVERBOSE[0m Callback method :onPause in Class the.lawless.LawlessActivity added
[WARNING] [32mVERBOSE[0m Callback method :onStop in Class the.lawless.LawlessActivity added
[WARNING] [32mVERBOSE[0m Callback method :onCreate in Class the.lawless.LawlessActivity added
[WARNING] [32mVERBOSE[0m Callback method :onDestroy in Class the.lawless.LawlessActivity added
[WARNING] [32mVERBOSE[0m Callback method :onStart in Class the.lawless.LawlessActivity added
[WARNING] [32mVERBOSE[0m Callback method :onRestart in Class the.lawless.LawlessActivity added
[WARNING] [32mVERBOSE[0m Callback method :onActivityResult in Class the.lawless.LawlessActivity added
[WARNING] [32mVERBOSE[0m Callback method :onResume in Class the.lawless.LawlessActivity added
[WARNING] [32mVERBOSE[0m Callback method :getItem in Class android.support.v4.widget.CursorAdapter added
[WARNING] [32mVERBOSE[0m Callback method :getView in Class android.support.v4.widget.CursorAdapter added
[WARNING] [32mVERBOSE[0m Callback method :getDropDownView in Class android.support.v4.widget.CursorAdapter added
[WARNING] [32mVERBOSE[0m Callback method :getFilter in Class android.support.v4.widget.CursorAdapter added
[WARNING] [32mVERBOSE[0m Callback method :getCount in Class android.support.v4.widget.CursorAdapter added
[WARNING] [32mVERBOSE[0m Callback method :getItemId in Class android.support.v4.widget.CursorAdapter added
[WARNING] [32mVERBOSE[0m Callback method :hasStableIds in Class android.support.v4.widget.CursorAdapter added
[WARNING] [32mVERBOSE[0m Callback method :onTransact in Class com.google.android.gms.analytics.internal.IAnalyticsService$Stub added
[WARNING] [32mVERBOSE[0m Callback method :asBinder in Class com.google.android.gms.analytics.internal.IAnalyticsService$Stub added
[WARNING] [32mVERBOSE[0m Callback method :onMeasure in Class android.support.v4.view.PagerTitleStrip added
[WARNING] [32mVERBOSE[0m Callback method :requestLayout in Class android.support.v4.view.PagerTitleStrip added
[WARNING] [32mVERBOSE[0m Callback method :onLayout in Class android.support.v4.view.PagerTitleStrip added
[WARNING] [32mVERBOSE[0m Callback method :setBackgroundColor in Class android.support.v4.view.PagerTabStrip added
[WARNING] [32mVERBOSE[0m Callback method :onTouchEvent in Class android.support.v4.view.PagerTabStrip added
[WARNING] [32mVERBOSE[0m Callback method :onDetachedFromWindow in Class android.support.v4.view.PagerTitleStrip added
[WARNING] [32mVERBOSE[0m Callback method :onAttachedToWindow in Class android.support.v4.view.PagerTitleStrip added
[WARNING] [32mVERBOSE[0m Callback method :setBackgroundResource in Class android.support.v4.view.PagerTabStrip added
[WARNING] [32mVERBOSE[0m Callback method :setPadding in Class android.support.v4.view.PagerTabStrip added
[WARNING] [32mVERBOSE[0m Callback method :onDraw in Class android.support.v4.view.PagerTabStrip added
[WARNING] [32mVERBOSE[0m Callback method :setBackgroundDrawable in Class android.support.v4.view.PagerTabStrip added
[WARNING] [32mVERBOSE[0m Callback method :onMeasure in Class android.support.v4.view.PagerTitleStrip added
[WARNING] [32mVERBOSE[0m Callback method :requestLayout in Class android.support.v4.view.PagerTitleStrip added
[WARNING] [32mVERBOSE[0m Callback method :onLayout in Class android.support.v4.view.PagerTitleStrip added
[WARNING] [32mVERBOSE[0m Callback method :onDetachedFromWindow in Class android.support.v4.view.PagerTitleStrip added
[WARNING] [32mVERBOSE[0m Callback method :onAttachedToWindow in Class android.support.v4.view.PagerTitleStrip added
0 ICC links found and 0 cg edges added due to ICC links
dynamic conflated call graph: 564 methods; 564 nodes; 1048 edges.
maxpossibleFlows=3
maxpossibleFlows=3
maxpossibleFlows=1
maxpossibleFlows=3
maxpossibleFlows=1
maxpossibleFlows=3
maxpossibleFlows=3
maxpossibleFlows=2
maxpossibleFlows=1
maxpossibleFlows=1
maxpossibleFlows=1
maxpossibleFlows=1
maxpossibleFlows=1
maxpossibleFlows=1
maxpossibleFlows=1
maxpossibleFlows=1
maxpossibleFlows=1
maxpossibleFlows=1
maxpossibleFlows=4
maxpossibleFlows=1
maxpossibleFlows=4
maxpossibleFlows=1
maxpossibleFlows=1
maxpossibleFlows=1
maxpossibleFlows=6
6 taint flow paths FOUND from <java.lang.String: java.lang.String toString()> to <android.app.NotificationManager: void notify(int,android.app.Notification)>
maxpossibleFlows=2
maxpossibleFlows=2
maxpossibleFlows=4
maxpossibleFlows=2
maxpossibleFlows=4
maxpossibleFlows=2
maxpossibleFlows=2
maxpossibleFlows=2
maxpossibleFlows=6
maxpossibleFlows=6
maxpossibleFlows=6
maxpossibleFlows=36
36 taint flow paths FOUND from <java.lang.StackTraceElement: java.lang.String getClassName()> to <java.lang.String: boolean startsWith(java.lang.String)>
maxpossibleFlows=3
maxpossibleFlows=3
maxpossibleFlows=1
maxpossibleFlows=1
maxpossibleFlows=1
maxpossibleFlows=3
maxpossibleFlows=3
maxpossibleFlows=1
maxpossibleFlows=1
1 taint flow paths FOUND from <java.io.ByteArrayOutputStream: java.lang.String toString()> to <android.content.res.Resources: java.io.InputStream openRawResource(int)>
maxpossibleFlows=1
maxpossibleFlows=1
maxpossibleFlows=20
maxpossibleFlows=1
maxpossibleFlows=3
maxpossibleFlows=1
maxpossibleFlows=1
maxpossibleFlows=1
maxpossibleFlows=5
maxpossibleFlows=1
maxpossibleFlows=1
maxpossibleFlows=5
maxpossibleFlows=3
2 taint flow paths FOUND from <android.view.View: android.content.Context getContext()> to <android.view.View: void setClickable(boolean)>
maxpossibleFlows=3
maxpossibleFlows=3
maxpossibleFlows=5
maxpossibleFlows=3
maxpossibleFlows=5
maxpossibleFlows=3
maxpossibleFlows=6
maxpossibleFlows=3
3 taint flow paths FOUND from <android.view.View: android.view.ViewGroup$LayoutParams getLayoutParams()> to <android.view.SurfaceView: void setVisibility(int)>
maxpossibleFlows=6
maxpossibleFlows=6
maxpossibleFlows=6
maxpossibleFlows=6
maxpossibleFlows=6
maxpossibleFlows=6
maxpossibleFlows=6
maxpossibleFlows=3
maxpossibleFlows=3
maxpossibleFlows=2
maxpossibleFlows=1
1 taint flow paths FOUND from <android.content.ContextWrapper: android.content.Context getBaseContext()> to <android.content.res.Resources: java.io.InputStream openRawResource(int)>
maxpossibleFlows=1
maxpossibleFlows=1
maxpossibleFlows=5
maxpossibleFlows=1
maxpossibleFlows=5
maxpossibleFlows=1
maxpossibleFlows=1
maxpossibleFlows=1
maxpossibleFlows=5
maxpossibleFlows=5
maxpossibleFlows=6
6 taint flow paths FOUND from <java.util.ArrayDeque: java.lang.Object poll()> to <android.util.Log: int i(java.lang.String,java.lang.String)>
maxpossibleFlows=3
maxpossibleFlows=4
maxpossibleFlows=20
maxpossibleFlows=2
maxpossibleFlows=6
maxpossibleFlows=3
maxpossibleFlows=3
maxpossibleFlows=2
maxpossibleFlows=6
6 taint flow paths FOUND from <java.lang.StringBuilder: java.lang.String toString()> to <android.util.Log: int i(java.lang.String,java.lang.String)>
maxpossibleFlows=1
maxpossibleFlows=1
maxpossibleFlows=12
maxpossibleFlows=1
maxpossibleFlows=5
maxpossibleFlows=1
maxpossibleFlows=1
maxpossibleFlows=1
maxpossibleFlows=1
maxpossibleFlows=1
maxpossibleFlows=5
maxpossibleFlows=1
maxpossibleFlows=5
maxpossibleFlows=1
maxpossibleFlows=1
maxpossibleFlows=1
maxpossibleFlows=2
maxpossibleFlows=2
maxpossibleFlows=5
5 taint flow paths FOUND from <android.content.ContextWrapper: android.content.Context getApplicationContext()> to <java.util.TreeSet: boolean add(java.lang.Object)>
maxpossibleFlows=1
maxpossibleFlows=1
maxpossibleFlows=20
maxpossibleFlows=1
maxpossibleFlows=3
maxpossibleFlows=1
maxpossibleFlows=1
maxpossibleFlows=1
maxpossibleFlows=3
maxpossibleFlows=3
maxpossibleFlows=1
maxpossibleFlows=3
maxpossibleFlows=1
maxpossibleFlows=3
maxpossibleFlows=3
maxpossibleFlows=2
maxpossibleFlows=1
maxpossibleFlows=1
maxpossibleFlows=5
maxpossibleFlows=1
maxpossibleFlows=5
maxpossibleFlows=1
maxpossibleFlows=1
maxpossibleFlows=1
maxpossibleFlows=6
maxpossibleFlows=6
1 taint flow paths FOUND from <java.lang.Throwable: java.lang.StackTraceElement[] getStackTrace()> to <java.lang.String: boolean startsWith(java.lang.String)>
maxpossibleFlows=2
maxpossibleFlows=2
maxpossibleFlows=5
maxpossibleFlows=2
2 taint flow paths FOUND from <android.content.ContextWrapper: android.content.pm.PackageManager getPackageManager()> to <android.content.ContextWrapper: boolean bindService(android.content.Intent,android.content.ServiceConnection,int)>
maxpossibleFlows=1
maxpossibleFlows=1
maxpossibleFlows=2
maxpossibleFlows=1
maxpossibleFlows=2
maxpossibleFlows=1
maxpossibleFlows=1
maxpossibleFlows=1
maxpossibleFlows=1
maxpossibleFlows=1
maxpossibleFlows=1
maxpossibleFlows=1
maxpossibleFlows=20
maxpossibleFlows=1
maxpossibleFlows=3
maxpossibleFlows=1
maxpossibleFlows=1
maxpossibleFlows=1
maxpossibleFlows=1
maxpossibleFlows=1
maxpossibleFlows=5
maxpossibleFlows=1
maxpossibleFlows=5
maxpossibleFlows=1
maxpossibleFlows=1
maxpossibleFlows=1
maxpossibleFlows=1
maxpossibleFlows=1
maxpossibleFlows=20
maxpossibleFlows=1
maxpossibleFlows=3
maxpossibleFlows=1
maxpossibleFlows=1
maxpossibleFlows=1
maxpossibleFlows=3
maxpossibleFlows=3
maxpossibleFlows=5
maxpossibleFlows=1
1 taint flow paths FOUND from <android.content.ContextWrapper: android.content.res.Resources getResources()> to <android.content.res.Resources: java.io.InputStream openRawResource(int)>
maxpossibleFlows=2
maxpossibleFlows=2
maxpossibleFlows=5
maxpossibleFlows=1
maxpossibleFlows=2
maxpossibleFlows=5
maxpossibleFlows=2
maxpossibleFlows=2
maxpossibleFlows=1
maxpossibleFlows=1
maxpossibleFlows=1
maxpossibleFlows=20
maxpossibleFlows=1
maxpossibleFlows=3
maxpossibleFlows=1
maxpossibleFlows=1
maxpossibleFlows=1
maxpossibleFlows=6
maxpossibleFlows=6
maxpossibleFlows=5
maxpossibleFlows=5
maxpossibleFlows=5
maxpossibleFlows=5
maxpossibleFlows=1
maxpossibleFlows=1
maxpossibleFlows=2
maxpossibleFlows=1
maxpossibleFlows=2
maxpossibleFlows=1
maxpossibleFlows=1
maxpossibleFlows=1
maxpossibleFlows=3
maxpossibleFlows=3
maxpossibleFlows=1
maxpossibleFlows=3
maxpossibleFlows=1
maxpossibleFlows=3
maxpossibleFlows=3
maxpossibleFlows=2
maxpossibleFlows=1
maxpossibleFlows=1
maxpossibleFlows=5
maxpossibleFlows=1
maxpossibleFlows=5
5 taint flow paths FOUND from <java.util.TreeSet: java.util.Iterator iterator()> to <java.lang.String: boolean startsWith(java.lang.String)>
maxpossibleFlows=1
maxpossibleFlows=1
maxpossibleFlows=5
maxpossibleFlows=1
maxpossibleFlows=5
maxpossibleFlows=1
maxpossibleFlows=1
maxpossibleFlows=1
maxpossibleFlows=6
6 taint flow paths FOUND from <android.content.Context: java.lang.String getString(int)> to <android.app.NotificationManager: void notify(int,android.app.Notification)>
maxpossibleFlows=6
6 taint flow paths FOUND from <android.app.Activity: android.view.Window getWindow()> to <android.app.Activity: void setContentView(int)>
maxpossibleFlows=2
maxpossibleFlows=2
maxpossibleFlows=5
5 taint flow paths FOUND from <android.content.ContextWrapper: java.lang.String getPackageName()> to <java.util.TreeSet: boolean add(java.lang.Object)>
maxpossibleFlows=3
maxpossibleFlows=1
maxpossibleFlows=1
maxpossibleFlows=2
maxpossibleFlows=3
maxpossibleFlows=1
maxpossibleFlows=3
2 taint flow paths FOUND from <android.view.View: android.content.Context getContext()> to <android.view.View: void setClickable(boolean)>
maxpossibleFlows=3
maxpossibleFlows=1
maxpossibleFlows=1
maxpossibleFlows=2
maxpossibleFlows=3
maxpossibleFlows=1
maxpossibleFlows=3
maxpossibleFlows=3
maxpossibleFlows=3
maxpossibleFlows=1
maxpossibleFlows=4
maxpossibleFlows=1
maxpossibleFlows=1
maxpossibleFlows=2
maxpossibleFlows=1
maxpossibleFlows=3
maxpossibleFlows=1
maxpossibleFlows=2
maxpossibleFlows=1
maxpossibleFlows=1
maxpossibleFlows=1
maxpossibleFlows=1
maxpossibleFlows=3
maxpossibleFlows=2
maxpossibleFlows=1
maxpossibleFlows=1
maxpossibleFlows=3
maxpossibleFlows=1
maxpossibleFlows=1
maxpossibleFlows=2
maxpossibleFlows=1
maxpossibleFlows=1
maxpossibleFlows=4
maxpossibleFlows=4
maxpossibleFlows=6
maxpossibleFlows=6
maxpossibleFlows=1
maxpossibleFlows=20
maxpossibleFlows=4
maxpossibleFlows=5
maxpossibleFlows=6
maxpossibleFlows=6
maxpossibleFlows=6
maxpossibleFlows=2
maxpossibleFlows=5
maxpossibleFlows=5
maxpossibleFlows=20
maxpossibleFlows=12
maxpossibleFlows=5
maxpossibleFlows=5
5 taint flow paths FOUND from <android.content.ContextWrapper: android.content.Context getApplicationContext()> to <java.util.TreeSet: boolean add(java.lang.Object)>
maxpossibleFlows=1
1 taint flow paths FOUND from <java.io.ByteArrayOutputStream: java.lang.String toString()> to <android.content.res.Resources: java.io.InputStream openRawResource(int)>
maxpossibleFlows=3
maxpossibleFlows=1
maxpossibleFlows=1
maxpossibleFlows=2
maxpossibleFlows=1
maxpossibleFlows=1
maxpossibleFlows=5
maxpossibleFlows=3
maxpossibleFlows=3
maxpossibleFlows=2
maxpossibleFlows=1
maxpossibleFlows=2
maxpossibleFlows=1
maxpossibleFlows=1
maxpossibleFlows=2
maxpossibleFlows=1
maxpossibleFlows=3
maxpossibleFlows=1
maxpossibleFlows=2
2 taint flow paths FOUND from <android.content.ContextWrapper: android.content.pm.PackageManager getPackageManager()> to <android.content.ContextWrapper: boolean bindService(android.content.Intent,android.content.ServiceConnection,int)>
maxpossibleFlows=1
maxpossibleFlows=1
maxpossibleFlows=4
maxpossibleFlows=4
maxpossibleFlows=6
maxpossibleFlows=36
36 taint flow paths FOUND from <java.lang.StackTraceElement: java.lang.String getClassName()> to <java.lang.String: boolean startsWith(java.lang.String)>
maxpossibleFlows=1
maxpossibleFlows=1
maxpossibleFlows=1
maxpossibleFlows=1
maxpossibleFlows=3
maxpossibleFlows=1
maxpossibleFlows=1
maxpossibleFlows=2
maxpossibleFlows=3
maxpossibleFlows=1
maxpossibleFlows=3
2 taint flow paths FOUND from <android.view.View: android.content.Context getContext()> to <android.view.ViewGroup: void setClipChildren(boolean)>
maxpossibleFlows=6
maxpossibleFlows=6
maxpossibleFlows=6
6 taint flow paths FOUND from <android.app.Activity: android.view.Window getWindow()> to <android.app.Activity: void setContentView(int)>
maxpossibleFlows=12
12 taint flow paths FOUND from <android.app.Activity: android.view.Window getWindow()> to <android.view.Window: void setFlags(int,int)>
maxpossibleFlows=3
maxpossibleFlows=1
maxpossibleFlows=1
maxpossibleFlows=2
maxpossibleFlows=3
maxpossibleFlows=1
maxpossibleFlows=3
3 taint flow paths FOUND from <android.view.View: android.content.Context getContext()> to <android.view.SurfaceView: void setVisibility(int)>
maxpossibleFlows=2
maxpossibleFlows=1
maxpossibleFlows=1
maxpossibleFlows=2
maxpossibleFlows=1
maxpossibleFlows=1
maxpossibleFlows=2
maxpossibleFlows=2
maxpossibleFlows=2
maxpossibleFlows=1
maxpossibleFlows=2
maxpossibleFlows=1
maxpossibleFlows=1
maxpossibleFlows=2
maxpossibleFlows=1
maxpossibleFlows=2
maxpossibleFlows=1
maxpossibleFlows=2
maxpossibleFlows=1
maxpossibleFlows=1
maxpossibleFlows=1
maxpossibleFlows=1
maxpossibleFlows=1
maxpossibleFlows=1
maxpossibleFlows=1
maxpossibleFlows=1
maxpossibleFlows=2
maxpossibleFlows=1
maxpossibleFlows=1
maxpossibleFlows=1
maxpossibleFlows=5
maxpossibleFlows=6
6 taint flow paths FOUND from <java.util.ArrayDeque: java.lang.Object poll()> to <android.util.Log: int i(java.lang.String,java.lang.String)>
maxpossibleFlows=6
6 taint flow paths FOUND from <java.lang.String: java.lang.String toString()> to <android.app.NotificationManager: void notify(int,android.app.Notification)>
[WARNING] [32mVERBOSE[0m Callback method :<init> in Class android.support.v4.app.Fragment
[WARNING] [32mVERBOSE[0m Callback method :onConfigurationChanged in Class android.support.v4.app.Fragment
[WARNING] [32mVERBOSE[0m Callback method :onCreateContextMenu in Class android.support.v4.app.Fragment
[WARNING] [32mVERBOSE[0m Callback method :onLowMemory in Class android.support.v4.app.Fragment
[WARNING] [32mVERBOSE[0m Callback method :<init> in Class android.support.v4.app.DialogFragment
[WARNING] [32mVERBOSE[0m Callback method :onCancel in Class android.support.v4.app.DialogFragment
[WARNING] [32mVERBOSE[0m Callback method :onDismiss in Class android.support.v4.app.DialogFragment
[WARNING] [32mVERBOSE[0m Callback method :onAttachedToWindow in Class android.support.v4.app.FragmentTabHost
[WARNING] [32mVERBOSE[0m Callback method :onDetachedFromWindow in Class android.support.v4.app.FragmentTabHost
[WARNING] [32mVERBOSE[0m Callback method :onRestoreInstanceState in Class android.support.v4.app.FragmentTabHost
[WARNING] [32mVERBOSE[0m Callback method :onSaveInstanceState in Class android.support.v4.app.FragmentTabHost
[WARNING] [32mVERBOSE[0m Callback method :onTabChanged in Class android.support.v4.app.FragmentTabHost
[WARNING] [32mVERBOSE[0m Callback method :setOnTabChangedListener in Class android.support.v4.app.FragmentTabHost
[WARNING] [32mVERBOSE[0m Callback method :setup in Class android.support.v4.app.FragmentTabHost
[WARNING] [32mVERBOSE[0m Callback method :onDown in Class the.lawless.Menu
[WARNING] [32mVERBOSE[0m Callback method :onFling in Class the.lawless.Menu
[WARNING] [32mVERBOSE[0m Callback method :onLongPress in Class the.lawless.Menu
[WARNING] [32mVERBOSE[0m Callback method :onScroll in Class the.lawless.Menu
[WARNING] [32mVERBOSE[0m Callback method :onShowPress in Class the.lawless.Menu
[WARNING] [32mVERBOSE[0m Callback method :onSingleTapUp in Class the.lawless.Menu
Result for benign-app-53-7F3CA999DF536604EA27AD1C15FCF0827146964C26C9C035D21C22620BFFFDB8.apkthe.lawless