DUA-Forensics args to Soot: -w -cp /home/handrick/Documents/UNB/benchmark/libs/droidfax.jar:/home/handrick/Android/Sdk/platforms/android-19/android.jar -p cg verbose:false,implicit-entry:true -p cg.spark verbose:false,on-fly-cg:true,rta:false -d /home/handrick/Documents/UNB/benchmark/trace/180/1/droidbot/benign-app-86-C85108609A0C8F00BF574365EB3A507EA8B9F4736BD11DD8CBDEB724CEAC860F.apk.logcat -process-dir /home/handrick/Documents/UNB/benchmark/data/input/benign-app-86-C85108609A0C8F00BF574365EB3A507EA8B9F4736BD11DD8CBDEB724CEAC860F.apk 
Soot started on Fri Apr 15 01:06:23 CEST 2022
Warning: com.ironsource.mobilcore.BaseFlowBasedAdUnit is a phantom class!
Warning: java.lang.invoke.LambdaMetafactory is a phantom class!
Warning: java.lang.ref.Finalizer is a phantom class!
[Call Graph] For information on where the call graph may be incomplete, use the verbose option to the cg phase.
[Spark] Pointer Assignment Graph in 0.0 seconds.
[Spark] Type masks in 0.0 seconds.
[Spark] Pointer Graph simplified in 0.0 seconds.
[Spark] Propagation in 0.0 seconds.
[Spark] Solution found in 0.0 seconds.
hcai's internal transform
Running static analysis for security-relevant feature characterization
[GatorHierarchy] [32mVERBOSE[0m [HIER] All classes: 790
[GatorHierarchy] [32mVERBOSE[0m [App: 101, Lib : 686, Phantom: 3]
[GatorHierarchy] [32mVERBOSE[0m [HIER] Activities: 1, lib activities: 3
[GatorHierarchy] [32mVERBOSE[0m [HIER] App views: 0, Lib views: 7
[GatorHierarchy] [32mVERBOSE[0m [HIER] App Dialogs: 0, Lib Dialogs: 4
[TIMECOST] [32mVERBOSE[0m buildApplicationCodeMap parsing starting at 1649977584213
[TIMECOST] [32mVERBOSE[0m buildApplicationCodeMap parsing finished at 1649977585232
[Instantiated app classes] [32mVERBOSE[0m total number: 116
[WARNING] [32mVERBOSE[0m Callback method :onReceive in Class eu.chainfire.triangleaway.BootCompleteReceiver added
[WARNING] [32mVERBOSE[0m Callback method :onReceive in Class eu.chainfire.triangleaway.SuRestoredReceiver added
[WARNING] [32mVERBOSE[0m Callback method :onUserLeaveHint in Class eu.chainfire.triangleaway.TriangleAwayActivity added
[WARNING] [32mVERBOSE[0m Callback method :onCreate in Class eu.chainfire.triangleaway.TriangleAwayActivity added
[WARNING] [32mVERBOSE[0m Callback method :onCreate in Class eu.chainfire.libsuperuser.Application added
[WARNING] [32mVERBOSE[0m Callback method :onBind in Class eu.chainfire.triangleaway.SystemResetService added
[WARNING] [32mVERBOSE[0m Callback method :onDestroy in Class eu.chainfire.triangleaway.SystemResetService added
[WARNING] [32mVERBOSE[0m Callback method :onCreate in Class eu.chainfire.triangleaway.SystemResetService added
[WARNING] [32mVERBOSE[0m Callback method :onStartCommand in Class eu.chainfire.triangleaway.SystemResetService added
[WARNING] [32mVERBOSE[0m Callback method :onHandleIntent in Class eu.chainfire.triangleaway.BootCompleteService added
[WARNING] [32mVERBOSE[0m Callback method :onBind in Class eu.chainfire.triangleaway.SuRestoredService added
[WARNING] [32mVERBOSE[0m Callback method :onCreate in Class eu.chainfire.triangleaway.SuRestoredService added
[WARNING] [32mVERBOSE[0m Callback method :onStartCommand in Class eu.chainfire.triangleaway.SuRestoredService added
0 ICC links found and 0 cg edges added due to ICC links
dynamic conflated call graph: 67 methods; 67 nodes; 67 edges.
Result for benign-app-86-C85108609A0C8F00BF574365EB3A507EA8B9F4736BD11DD8CBDEB724CEAC860F.apkeu.chainfire.triangleaway