DUA-Forensics args to Soot: -w -cp /home/handrick/Documents/UNB/benchmark/libs/droidfax.jar:/home/handrick/Android/Sdk/platforms/android-19/android.jar -p cg verbose:false,implicit-entry:true -p cg.spark verbose:false,on-fly-cg:true,rta:false -d /home/handrick/Documents/UNB/benchmark/trace/180/1/droidbot/malicious-app-18-8FF6FD070D2ECFF9F8EEDD32C7BDFB21E3B8BA480A7C44939EACE06BC909F5C2.apk.logcat -process-dir /home/handrick/Documents/UNB/benchmark/data/input/malicious-app-18-8FF6FD070D2ECFF9F8EEDD32C7BDFB21E3B8BA480A7C44939EACE06BC909F5C2.apk 
Soot started on Fri Apr 15 01:10:50 CEST 2022
Warning: com.ironsource.mobilcore.BaseFlowBasedAdUnit is a phantom class!
Warning: java.lang.invoke.LambdaMetafactory is a phantom class!
Warning: java.lang.ref.Finalizer is a phantom class!
[Call Graph] For information on where the call graph may be incomplete, use the verbose option to the cg phase.
[Spark] Pointer Assignment Graph in 0.0 seconds.
[Spark] Type masks in 0.0 seconds.
[Spark] Pointer Graph simplified in 0.0 seconds.
[Spark] Propagation in 0.0 seconds.
[Spark] Solution found in 0.0 seconds.
hcai's internal transform
Running static analysis for security-relevant feature characterization
[GatorHierarchy] [32mVERBOSE[0m [HIER] All classes: 1059
[GatorHierarchy] [32mVERBOSE[0m [App: 155, Lib : 901, Phantom: 3]
[GatorHierarchy] [32mVERBOSE[0m [HIER] Activities: 4, lib activities: 1
[GatorHierarchy] [32mVERBOSE[0m [HIER] App views: 7, Lib views: 18
[GatorHierarchy] [32mVERBOSE[0m [HIER] App Dialogs: 0, Lib Dialogs: 3
[TIMECOST] [32mVERBOSE[0m buildApplicationCodeMap parsing starting at 1649977851320
array element type: (filled narr)int
array element type: (filled narr)int
second round from stmt: $u0#3 = $u0#2[$u2]
[TIMECOST] [32mVERBOSE[0m buildApplicationCodeMap parsing finished at 1649977854402
[Instantiated app classes] [32mVERBOSE[0m total number: 216
[WARNING] [32mVERBOSE[0m Callback method :onPause in Class com.mathtest.activity.FinishActivity added
[WARNING] [32mVERBOSE[0m Callback method :onCreate in Class com.mathtest.activity.FinishActivity added
[WARNING] [32mVERBOSE[0m Callback method :onResume in Class com.mathtest.activity.FinishActivity added
[WARNING] [32mVERBOSE[0m Callback method :onNewIntent in Class com.mathtest.activity.PlayActivity added
[WARNING] [32mVERBOSE[0m Callback method :onPause in Class com.mathtest.activity.PlayActivity added
[WARNING] [32mVERBOSE[0m Callback method :onCreate in Class com.mathtest.activity.PlayActivity added
[WARNING] [32mVERBOSE[0m Callback method :onDestroy in Class com.mathtest.activity.PlayActivity added
[WARNING] [32mVERBOSE[0m Callback method :onResume in Class com.mathtest.activity.PlayActivity added
[WARNING] [32mVERBOSE[0m Callback method :onCreate in Class cn.domob.android.ads.DomobActivity added
[WARNING] [32mVERBOSE[0m Callback method :onUpdate in Class com.mathtest.activity.LuncherWidget added
[WARNING] [32mVERBOSE[0m Callback method :onCreateEngine in Class com.mathtest.activity.CubeWallpaper added
[WARNING] [32mVERBOSE[0m Callback method :onDestroy in Class com.mathtest.activity.CubeWallpaper added
[WARNING] [32mVERBOSE[0m Callback method :onCreate in Class com.mathtest.activity.CubeWallpaper added
[WARNING] [32mVERBOSE[0m Callback method :onKeyDown in Class com.mathtest.activity.ViewsMgrActivity added
[WARNING] [32mVERBOSE[0m Callback method :onWindowFocusChanged in Class com.mathtest.activity.ViewsMgrActivity added
[WARNING] [32mVERBOSE[0m Callback method :onStop in Class com.mathtest.activity.ViewsMgrActivity added
[WARNING] [32mVERBOSE[0m Callback method :onCreate in Class com.mathtest.activity.ViewsMgrActivity added
[WARNING] [32mVERBOSE[0m Callback method :onDestroy in Class com.mathtest.activity.ViewsMgrActivity added
[WARNING] [32mVERBOSE[0m Callback method :onStart in Class com.mathtest.activity.ViewsMgrActivity added
[WARNING] [32mVERBOSE[0m Callback method :onWindowFocusChanged in Class cn.domob.android.ads.DomobAdView added
[WARNING] [32mVERBOSE[0m Callback method :onMeasure in Class cn.domob.android.ads.DomobAdView added
[WARNING] [32mVERBOSE[0m Callback method :setBackgroundColor in Class cn.domob.android.ads.DomobAdView added
[WARNING] [32mVERBOSE[0m Callback method :onDetachedFromWindow in Class cn.domob.android.ads.DomobAdView added
[WARNING] [32mVERBOSE[0m Callback method :onAttachedToWindow in Class cn.domob.android.ads.DomobAdView added
[WARNING] [32mVERBOSE[0m Callback method :setVisibility in Class cn.domob.android.ads.DomobAdView added
[WARNING] [32mVERBOSE[0m Callback method :onWindowVisibilityChanged in Class cn.domob.android.ads.DomobAdView added
0 ICC links found and 0 cg edges added due to ICC links
dynamic conflated call graph: 150 methods; 150 nodes; 226 edges.
maxpossibleFlows=1
maxpossibleFlows=3
maxpossibleFlows=3
maxpossibleFlows=2
maxpossibleFlows=3
maxpossibleFlows=3
maxpossibleFlows=3
maxpossibleFlows=109
109 taint flow paths FOUND from <android.view.KeyEvent: int getRepeatCount()> to <android.app.Activity: boolean onKeyDown(int,android.view.KeyEvent)>
maxpossibleFlows=1
maxpossibleFlows=1
maxpossibleFlows=1
maxpossibleFlows=1
maxpossibleFlows=3
maxpossibleFlows=3
maxpossibleFlows=1
maxpossibleFlows=1
maxpossibleFlows=3
maxpossibleFlows=3
maxpossibleFlows=1
1 taint flow paths FOUND from <java.lang.StringBuilder: java.lang.String toString()> to <android.util.Log: int d(java.lang.String,java.lang.String)>
maxpossibleFlows=1
maxpossibleFlows=3
maxpossibleFlows=3
maxpossibleFlows=1
maxpossibleFlows=1
maxpossibleFlows=1
maxpossibleFlows=1
maxpossibleFlows=3
maxpossibleFlows=3
maxpossibleFlows=1
maxpossibleFlows=1
maxpossibleFlows=1
maxpossibleFlows=1
maxpossibleFlows=1
maxpossibleFlows=1
maxpossibleFlows=1
1 taint flow paths FOUND from <java.lang.StringBuilder: java.lang.String toString()> to <android.util.Log: int d(java.lang.String,java.lang.String)>
maxpossibleFlows=1
maxpossibleFlows=1
maxpossibleFlows=1
maxpossibleFlows=1
maxpossibleFlows=1
maxpossibleFlows=3
maxpossibleFlows=2
maxpossibleFlows=3
maxpossibleFlows=3
maxpossibleFlows=3
maxpossibleFlows=3
maxpossibleFlows=3
maxpossibleFlows=3
maxpossibleFlows=3
maxpossibleFlows=3
maxpossibleFlows=3
maxpossibleFlows=3
maxpossibleFlows=3
maxpossibleFlows=3
maxpossibleFlows=3
maxpossibleFlows=3
maxpossibleFlows=109
109 taint flow paths FOUND from <android.view.KeyEvent: int getRepeatCount()> to <android.app.Activity: boolean onKeyDown(int,android.view.KeyEvent)>
Result for malicious-app-18-8FF6FD070D2ECFF9F8EEDD32C7BDFB21E3B8BA480A7C44939EACE06BC909F5C2.apkcom.mathtest.activity