DUA-Forensics args to Soot: -w -cp /home/handrick/Documents/UNB/benchmark/libs/droidfax.jar:/home/handrick/Android/Sdk/platforms/android-19/android.jar -p cg verbose:false,implicit-entry:true -p cg.spark verbose:false,on-fly-cg:true,rta:false -d /home/handrick/Documents/UNB/benchmark/trace/180/1/droidbot/benign-app-1926-9745B71BEAD42A6B534DBEC4095B590204F470B891712E97A7485ABD07006031.apk.logcat -process-dir /home/handrick/Documents/UNB/benchmark/data/input/benign-app-1926-9745B71BEAD42A6B534DBEC4095B590204F470B891712E97A7485ABD07006031.apk 
Soot started on Sat Jul 30 15:39:34 CEST 2022
Warning: com.ironsource.mobilcore.BaseFlowBasedAdUnit is a phantom class!
Warning: java.lang.invoke.LambdaMetafactory is a phantom class!
Warning: java.lang.ref.Finalizer is a phantom class!
Warning: com.wiyun.game.WiGame is a phantom class!
[Call Graph] For information on where the call graph may be incomplete, use the verbose option to the cg phase.
[Spark] Pointer Assignment Graph in 0.0 seconds.
[Spark] Type masks in 0.0 seconds.
[Spark] Pointer Graph simplified in 0.0 seconds.
[Spark] Propagation in 0.0 seconds.
[Spark] Solution found in 0.0 seconds.
hcai's internal transform
Running static analysis for security-relevant feature characterization
[GatorHierarchy] [32mVERBOSE[0m [HIER] All classes: 645
[GatorHierarchy] [32mVERBOSE[0m [App: 43, Lib : 598, Phantom: 4]
[GatorHierarchy] [32mVERBOSE[0m [HIER] Activities: 6, lib activities: 1
[GatorHierarchy] [32mVERBOSE[0m [HIER] App views: 2, Lib views: 5
[GatorHierarchy] [32mVERBOSE[0m [HIER] App Dialogs: 0, Lib Dialogs: 2
[TIMECOST] [32mVERBOSE[0m buildApplicationCodeMap parsing starting at 1659188375128
[TIMECOST] [32mVERBOSE[0m buildApplicationCodeMap parsing finished at 1659188375664
[Instantiated app classes] [32mVERBOSE[0m total number: 32
[WARNING] [32mVERBOSE[0m Callback method :onCreate in Class org.nwhy.Whackczkm.Game added
[WARNING] [32mVERBOSE[0m Callback method :onCreateOptionsMenu in Class org.nwhy.Whackczkm.Game added
[WARNING] [32mVERBOSE[0m Callback method :onOptionsItemSelected in Class org.nwhy.Whackczkm.Game added
[WARNING] [32mVERBOSE[0m Callback method :onCreate in Class com.ccx.xm.AdActivity added
[WARNING] [32mVERBOSE[0m Callback method :onCreate in Class org.nwhy.Whackczkm.WhackAMole added
[WARNING] [32mVERBOSE[0m Callback method :onDestroy in Class org.nwhy.Whackczkm.WhackAMole added
[WARNING] [32mVERBOSE[0m Callback method :onCreate in Class org.nwhy.Whackczkm.VSGame added
[WARNING] [32mVERBOSE[0m Callback method :onCreateOptionsMenu in Class org.nwhy.Whackczkm.VSGame added
[WARNING] [32mVERBOSE[0m Callback method :onOptionsItemSelected in Class org.nwhy.Whackczkm.VSGame added
[WARNING] [32mVERBOSE[0m Callback method :onReceive in Class com.games.AdReciver added
[WARNING] [32mVERBOSE[0m Callback method :onCreate in Class org.nwhy.Whackczkm.About added
[WARNING] [32mVERBOSE[0m Callback method :onStop in Class org.nwhy.Whackczkm.Splash added
[WARNING] [32mVERBOSE[0m Callback method :onCreate in Class org.nwhy.Whackczkm.Splash added
0 ICC links found and 0 cg edges added due to ICC links
dynamic conflated call graph: 152 methods; 152 nodes; 177 edges.
maxpossibleFlows=2
maxpossibleFlows=1
maxpossibleFlows=1
maxpossibleFlows=2
maxpossibleFlows=2
maxpossibleFlows=2
2 taint flow paths FOUND from <android.content.ContextWrapper: android.content.res.AssetManager getAssets()> to <android.content.res.AssetManager: java.io.InputStream open(java.lang.String)>
maxpossibleFlows=1
maxpossibleFlows=1
maxpossibleFlows=1
maxpossibleFlows=1
maxpossibleFlows=1
maxpossibleFlows=1
maxpossibleFlows=1
maxpossibleFlows=2
maxpossibleFlows=1
maxpossibleFlows=1
maxpossibleFlows=2
maxpossibleFlows=2
maxpossibleFlows=5
maxpossibleFlows=2
1 taint flow paths FOUND from <java.lang.StringBuilder: java.lang.String toString()> to <android.content.res.AssetManager: java.io.InputStream open(java.lang.String)>
maxpossibleFlows=5
5 taint flow paths FOUND from <android.graphics.Bitmap: android.graphics.Bitmap createBitmap(int,int,android.graphics.Bitmap$Config)> to <android.graphics.drawable.Drawable: void setBounds(int,int,int,int)>
maxpossibleFlows=2
maxpossibleFlows=1
maxpossibleFlows=1
maxpossibleFlows=2
maxpossibleFlows=2
maxpossibleFlows=2
maxpossibleFlows=1
maxpossibleFlows=1
maxpossibleFlows=2
maxpossibleFlows=2
maxpossibleFlows=2
1 taint flow paths FOUND from <android.content.ContextWrapper: android.content.pm.ApplicationInfo getApplicationInfo()> to <android.content.res.AssetManager: java.io.InputStream open(java.lang.String)>
maxpossibleFlows=2
maxpossibleFlows=1
maxpossibleFlows=1
maxpossibleFlows=2
maxpossibleFlows=5
5 taint flow paths FOUND from <android.app.Activity: android.view.Window getWindow()> to <android.view.Window: void setFlags(int,int)>
maxpossibleFlows=2
maxpossibleFlows=1
maxpossibleFlows=1
maxpossibleFlows=2
maxpossibleFlows=2
maxpossibleFlows=5
5 taint flow paths FOUND from <android.content.res.Resources: android.graphics.drawable.Drawable getDrawable(int)> to <android.graphics.drawable.Drawable: void setBounds(int,int,int,int)>
maxpossibleFlows=2
maxpossibleFlows=2
2 taint flow paths FOUND from <android.content.ContextWrapper: android.content.res.AssetManager getAssets()> to <android.content.res.AssetManager: java.io.InputStream open(java.lang.String)>
maxpossibleFlows=1
maxpossibleFlows=5
maxpossibleFlows=5
5 taint flow paths FOUND from <android.graphics.Bitmap: android.graphics.Bitmap createBitmap(int,int,android.graphics.Bitmap$Config)> to <android.graphics.drawable.Drawable: void setBounds(int,int,int,int)>
maxpossibleFlows=1
maxpossibleFlows=1
1 taint flow paths FOUND from <android.content.ContextWrapper: android.content.res.AssetManager getAssets()> to <android.content.ContextWrapper: java.io.FileOutputStream openFileOutput(java.lang.String,int)>
maxpossibleFlows=1
maxpossibleFlows=1
1 taint flow paths FOUND from <android.content.ContextWrapper: android.content.res.AssetManager getAssets()> to <java.io.OutputStream: void write(byte[])>
maxpossibleFlows=1
maxpossibleFlows=2
maxpossibleFlows=2
maxpossibleFlows=1
maxpossibleFlows=2
maxpossibleFlows=2
maxpossibleFlows=2
maxpossibleFlows=2
maxpossibleFlows=2
maxpossibleFlows=2
maxpossibleFlows=2
maxpossibleFlows=1
maxpossibleFlows=2
maxpossibleFlows=2
maxpossibleFlows=2
maxpossibleFlows=2
maxpossibleFlows=2
maxpossibleFlows=2
maxpossibleFlows=2
maxpossibleFlows=5
5 taint flow paths FOUND from <android.app.Activity: android.view.Window getWindow()> to <android.view.Window: void setFlags(int,int)>
Result for benign-app-1926-9745B71BEAD42A6B534DBEC4095B590204F470B891712E97A7485ABD07006031.apkorg.nwhy.Whackczkm