DUA-Forensics args to Soot: -w -cp /home/handrick/Documents/UNB/benchmark/libs/droidfax.jar:/home/handrick/Android/Sdk/platforms/android-19/android.jar -p cg verbose:false,implicit-entry:true -p cg.spark verbose:false,on-fly-cg:true,rta:false -d /home/handrick/Documents/UNB/benchmark/trace/180/1/droidbot/benign-app-66-9374A9EA721DD8C3F2C80A66D73A2BF093D126A18B4F011D10E888B5D30CBE11.apk.logcat -process-dir /home/handrick/Documents/UNB/benchmark/data/input/benign-app-66-9374A9EA721DD8C3F2C80A66D73A2BF093D126A18B4F011D10E888B5D30CBE11.apk 
Soot started on Fri Apr 15 01:25:00 CEST 2022
Warning: com.ironsource.mobilcore.BaseFlowBasedAdUnit is a phantom class!
Warning: java.lang.invoke.LambdaMetafactory is a phantom class!
Warning: java.lang.ref.Finalizer is a phantom class!
get type from 'I'
get type from 'I'
get type from 'Z'
[Call Graph] For information on where the call graph may be incomplete, use the verbose option to the cg phase.
[Spark] Pointer Assignment Graph in 0.0 seconds.
[Spark] Type masks in 0.0 seconds.
[Spark] Pointer Graph simplified in 0.0 seconds.
[Spark] Propagation in 0.0 seconds.
[Spark] Solution found in 0.0 seconds.
hcai's internal transform
Running static analysis for method/class coverage characterization
0 ICC links found and 0 cg edges added due to ICC links
dynamic conflated call graph: 597 methods; 597 nodes; 860 edges.
feature-vector-key = benign-app-66-9374A9EA721DD8C3F2C80A66D73A2BF093D126A18B4F011D10E888B5D30CBE11.apk
Result for benign-app-66-9374A9EA721DD8C3F2C80A66D73A2BF093D126A18B4F011D10E888B5D30CBE11.apkde.ub0r.android.websms