DUA-Forensics args to Soot: -w -cp /home/hcosta/bench/benchmark/libs/droidfax.jar:/home/hcosta/Android/Sdk/platforms/android-28/android.jar -p cg verbose:false,implicit-entry:true -p cg.spark verbose:false,on-fly-cg:true,rta:false -d /home/hcosta/bench/benchmark/trace/180/6/droidbot/benign-app-87-C855893D5231540B18997609825E488F1D3CFE3E9CF22E26A821E49E229A850A.apk.logcat -process-dir /home/hcosta/bench/benchmark/data/input/benign-app-87-C855893D5231540B18997609825E488F1D3CFE3E9CF22E26A821E49E229A850A.apk 
Soot started on Fri Apr 22 09:08:26 CEST 2022
Warning: com.ironsource.mobilcore.BaseFlowBasedAdUnit is a phantom class!
Warning: java.lang.invoke.LambdaMetafactory is a phantom class!
Warning: java.lang.ref.Finalizer is a phantom class!
get type from 'Z'
Warning: org.apache.http.client.ResponseHandler is a phantom class!
Warning: org.apache.http.client.methods.HttpGet is a phantom class!
Warning: org.apache.http.client.methods.HttpUriRequest is a phantom class!
Warning: org.apache.http.impl.client.BasicResponseHandler is a phantom class!
Warning: org.apache.http.impl.client.DefaultHttpClient is a phantom class!
Warning: org.apache.http.params.BasicHttpParams is a phantom class!
[Call Graph] For information on where the call graph may be incomplete, use the verbose option to the cg phase.
[Spark] Pointer Assignment Graph in 0.0 seconds.
[Spark] Type masks in 0.0 seconds.
[Spark] Pointer Graph simplified in 0.0 seconds.
[Spark] Propagation in 0.0 seconds.
[Spark] Solution found in 0.0 seconds.
hcai's internal transform
Running static analysis for security-relevant feature characterization
[GatorHierarchy] [32mVERBOSE[0m [HIER] All classes: 1326
[GatorHierarchy] [32mVERBOSE[0m [App: 176, Lib : 1141, Phantom: 9]
[GatorHierarchy] [32mVERBOSE[0m [HIER] Activities: 2, lib activities: 1
[GatorHierarchy] [32mVERBOSE[0m [HIER] App views: 4, Lib views: 21
[GatorHierarchy] [32mVERBOSE[0m [HIER] App Dialogs: 0, Lib Dialogs: 4
[TIMECOST] [32mVERBOSE[0m buildApplicationCodeMap parsing starting at 1650611307078
[TIMECOST] [32mVERBOSE[0m buildApplicationCodeMap parsing finished at 1650611308232
[Instantiated app classes] [32mVERBOSE[0m total number: 180
[WARNING] [32mVERBOSE[0m Callback method :onKeyDown in Class com.gamayun.biketothefuturefree.ActivityPlay added
[WARNING] [32mVERBOSE[0m Callback method :onConfigurationChanged in Class com.gamayun.biketothefuturefree.ActivityPlay added
[WARNING] [32mVERBOSE[0m Callback method :onPause in Class com.gamayun.biketothefuturefree.ActivityPlay added
[WARNING] [32mVERBOSE[0m Callback method :onStop in Class com.gamayun.biketothefuturefree.ActivityPlay added
[WARNING] [32mVERBOSE[0m Callback method :onCreate in Class com.gamayun.biketothefuturefree.ActivityPlay added
[WARNING] [32mVERBOSE[0m Callback method :onSensorChanged in Class com.gamayun.biketothefuturefree.ActivityPlay added
[WARNING] [32mVERBOSE[0m Callback method :onKeyUp in Class com.gamayun.biketothefuturefree.ActivityPlay added
[WARNING] [32mVERBOSE[0m Callback method :onDestroy in Class com.gamayun.biketothefuturefree.ActivityPlay added
[WARNING] [32mVERBOSE[0m Callback method :onStart in Class com.gamayun.biketothefuturefree.ActivityPlay added
[WARNING] [32mVERBOSE[0m Callback method :onAccuracyChanged in Class com.gamayun.biketothefuturefree.ActivityPlay added
[WARNING] [32mVERBOSE[0m Callback method :onResume in Class com.gamayun.biketothefuturefree.ActivityPlay added
[WARNING] [32mVERBOSE[0m Callback method :onWindowFocusChanged in Class com.google.ads.AdActivity added
[WARNING] [32mVERBOSE[0m Callback method :onPause in Class com.google.ads.AdActivity added
[WARNING] [32mVERBOSE[0m Callback method :onCreate in Class com.google.ads.AdActivity added
[WARNING] [32mVERBOSE[0m Callback method :onDestroy in Class com.google.ads.AdActivity added
[WARNING] [32mVERBOSE[0m Callback method :onActivityResult in Class com.google.ads.AdActivity added
[WARNING] [32mVERBOSE[0m Callback method :onClick in Class com.google.ads.AdActivity added
2 ICC links found and 1 cg edges added due to ICC links
dynamic conflated call graph: 546 methods; 546 nodes; 753 edges.
maxpossibleFlows=1
maxpossibleFlows=1
maxpossibleFlows=1
maxpossibleFlows=1
maxpossibleFlows=1
maxpossibleFlows=1
maxpossibleFlows=1
maxpossibleFlows=1
maxpossibleFlows=1
maxpossibleFlows=1
maxpossibleFlows=1
maxpossibleFlows=1
maxpossibleFlows=1
maxpossibleFlows=1
maxpossibleFlows=1
maxpossibleFlows=1
maxpossibleFlows=1
maxpossibleFlows=1
maxpossibleFlows=1
maxpossibleFlows=1
maxpossibleFlows=1
maxpossibleFlows=1
maxpossibleFlows=1
maxpossibleFlows=1
maxpossibleFlows=1
maxpossibleFlows=1
maxpossibleFlows=1
maxpossibleFlows=1
maxpossibleFlows=1
maxpossibleFlows=1
maxpossibleFlows=1
maxpossibleFlows=1
maxpossibleFlows=1
maxpossibleFlows=1
maxpossibleFlows=1
maxpossibleFlows=1
maxpossibleFlows=1
maxpossibleFlows=1
maxpossibleFlows=1
maxpossibleFlows=1
maxpossibleFlows=1
maxpossibleFlows=1
maxpossibleFlows=1
maxpossibleFlows=1
maxpossibleFlows=1
maxpossibleFlows=1
maxpossibleFlows=1
maxpossibleFlows=1
maxpossibleFlows=1
maxpossibleFlows=1
maxpossibleFlows=2
2 taint flow paths FOUND from <android.net.Uri: android.net.Uri parse(java.lang.String)> to <android.app.Activity: void startActivity(android.content.Intent)>
maxpossibleFlows=2
2 taint flow paths FOUND from <java.lang.Class: java.lang.String getSimpleName()> to <android.util.Log: int i(java.lang.String,java.lang.String)>
maxpossibleFlows=1
maxpossibleFlows=1
maxpossibleFlows=1
maxpossibleFlows=1
maxpossibleFlows=1
maxpossibleFlows=1
maxpossibleFlows=1
maxpossibleFlows=1
maxpossibleFlows=1
maxpossibleFlows=1
maxpossibleFlows=1
maxpossibleFlows=1
maxpossibleFlows=1
maxpossibleFlows=1
maxpossibleFlows=1
maxpossibleFlows=1
maxpossibleFlows=1
maxpossibleFlows=1
maxpossibleFlows=1
maxpossibleFlows=1
maxpossibleFlows=1
maxpossibleFlows=1
maxpossibleFlows=1
maxpossibleFlows=1
maxpossibleFlows=1
maxpossibleFlows=1
maxpossibleFlows=1
maxpossibleFlows=1
maxpossibleFlows=1
maxpossibleFlows=1
maxpossibleFlows=1
maxpossibleFlows=1
maxpossibleFlows=1
maxpossibleFlows=1
maxpossibleFlows=1
maxpossibleFlows=1
maxpossibleFlows=1
maxpossibleFlows=1
maxpossibleFlows=1
maxpossibleFlows=1
maxpossibleFlows=1
maxpossibleFlows=1
maxpossibleFlows=1
maxpossibleFlows=1
maxpossibleFlows=1
maxpossibleFlows=1
maxpossibleFlows=1
maxpossibleFlows=1
maxpossibleFlows=1
maxpossibleFlows=1
maxpossibleFlows=1
maxpossibleFlows=1
maxpossibleFlows=1
maxpossibleFlows=1
maxpossibleFlows=1
maxpossibleFlows=1
maxpossibleFlows=1
maxpossibleFlows=1
maxpossibleFlows=1
maxpossibleFlows=1
maxpossibleFlows=1
maxpossibleFlows=1
maxpossibleFlows=1
maxpossibleFlows=1
maxpossibleFlows=1
maxpossibleFlows=1
maxpossibleFlows=1
maxpossibleFlows=1
maxpossibleFlows=1
maxpossibleFlows=1
maxpossibleFlows=1
maxpossibleFlows=1
maxpossibleFlows=1
maxpossibleFlows=1
maxpossibleFlows=1
maxpossibleFlows=1
maxpossibleFlows=1
maxpossibleFlows=5
maxpossibleFlows=5
maxpossibleFlows=1
maxpossibleFlows=1
maxpossibleFlows=1
maxpossibleFlows=1
maxpossibleFlows=1
maxpossibleFlows=1
maxpossibleFlows=1
maxpossibleFlows=1
maxpossibleFlows=1
maxpossibleFlows=1
maxpossibleFlows=1
maxpossibleFlows=1
maxpossibleFlows=1
maxpossibleFlows=1
maxpossibleFlows=1
maxpossibleFlows=1
maxpossibleFlows=1
maxpossibleFlows=1
maxpossibleFlows=1
maxpossibleFlows=1
maxpossibleFlows=1
maxpossibleFlows=1
maxpossibleFlows=1
maxpossibleFlows=1
maxpossibleFlows=1
maxpossibleFlows=1
maxpossibleFlows=1
maxpossibleFlows=1
maxpossibleFlows=1
maxpossibleFlows=1
maxpossibleFlows=1
maxpossibleFlows=1
maxpossibleFlows=1
maxpossibleFlows=1
maxpossibleFlows=1
maxpossibleFlows=1
maxpossibleFlows=1
maxpossibleFlows=1
maxpossibleFlows=1
maxpossibleFlows=1
maxpossibleFlows=1
maxpossibleFlows=1
maxpossibleFlows=1
maxpossibleFlows=1
maxpossibleFlows=1
maxpossibleFlows=1
maxpossibleFlows=1
maxpossibleFlows=1
maxpossibleFlows=1
maxpossibleFlows=1
maxpossibleFlows=1
maxpossibleFlows=1
maxpossibleFlows=1
maxpossibleFlows=1
maxpossibleFlows=1
maxpossibleFlows=1
maxpossibleFlows=1
maxpossibleFlows=1
maxpossibleFlows=1
maxpossibleFlows=1
maxpossibleFlows=1
maxpossibleFlows=1
maxpossibleFlows=1
maxpossibleFlows=1
maxpossibleFlows=1
maxpossibleFlows=1
maxpossibleFlows=1
maxpossibleFlows=1
maxpossibleFlows=1
maxpossibleFlows=1
maxpossibleFlows=1
maxpossibleFlows=1
maxpossibleFlows=1
maxpossibleFlows=6
6 taint flow paths FOUND from <android.content.ContextWrapper: java.io.File getDatabasePath(java.lang.String)> to <android.webkit.WebSettings: void setDisplayZoomControls(boolean)>
maxpossibleFlows=4
maxpossibleFlows=1
maxpossibleFlows=1
maxpossibleFlows=5
maxpossibleFlows=1
maxpossibleFlows=1
maxpossibleFlows=1
maxpossibleFlows=1
maxpossibleFlows=1
maxpossibleFlows=1
maxpossibleFlows=1
maxpossibleFlows=1
maxpossibleFlows=1
maxpossibleFlows=1
maxpossibleFlows=1
maxpossibleFlows=1
maxpossibleFlows=1
maxpossibleFlows=1
maxpossibleFlows=1
maxpossibleFlows=1
maxpossibleFlows=1
maxpossibleFlows=1
maxpossibleFlows=1
maxpossibleFlows=1
maxpossibleFlows=1
maxpossibleFlows=1
maxpossibleFlows=1
maxpossibleFlows=4
maxpossibleFlows=1
maxpossibleFlows=6
maxpossibleFlows=6
maxpossibleFlows=1
maxpossibleFlows=6
maxpossibleFlows=1
maxpossibleFlows=6
maxpossibleFlows=6
maxpossibleFlows=6
maxpossibleFlows=6
maxpossibleFlows=5
maxpossibleFlows=1
maxpossibleFlows=6
maxpossibleFlows=5
maxpossibleFlows=6
maxpossibleFlows=1
maxpossibleFlows=1
maxpossibleFlows=6
maxpossibleFlows=6
maxpossibleFlows=6
maxpossibleFlows=1
maxpossibleFlows=6
maxpossibleFlows=1
maxpossibleFlows=5
maxpossibleFlows=6
maxpossibleFlows=1
maxpossibleFlows=6
maxpossibleFlows=6
maxpossibleFlows=6
6 taint flow paths FOUND from <android.view.View: android.content.Context getContext()> to <android.webkit.WebSettings: void setUserAgentString(java.lang.String)>
maxpossibleFlows=1
maxpossibleFlows=4
maxpossibleFlows=5
maxpossibleFlows=1
maxpossibleFlows=1
maxpossibleFlows=1
maxpossibleFlows=1
maxpossibleFlows=1
maxpossibleFlows=1
maxpossibleFlows=1
maxpossibleFlows=1
maxpossibleFlows=1
maxpossibleFlows=1
maxpossibleFlows=1
maxpossibleFlows=1
maxpossibleFlows=1
maxpossibleFlows=1
maxpossibleFlows=1
maxpossibleFlows=1
maxpossibleFlows=1
maxpossibleFlows=1
maxpossibleFlows=1
maxpossibleFlows=1
maxpossibleFlows=1
maxpossibleFlows=1
maxpossibleFlows=1
maxpossibleFlows=1
maxpossibleFlows=1
maxpossibleFlows=4
maxpossibleFlows=1
maxpossibleFlows=1
maxpossibleFlows=1
maxpossibleFlows=1
maxpossibleFlows=1
maxpossibleFlows=1
maxpossibleFlows=1
maxpossibleFlows=1
maxpossibleFlows=1
maxpossibleFlows=1
maxpossibleFlows=1
maxpossibleFlows=1
maxpossibleFlows=1
maxpossibleFlows=1
maxpossibleFlows=1
maxpossibleFlows=1
maxpossibleFlows=1
maxpossibleFlows=1
maxpossibleFlows=1
maxpossibleFlows=1
maxpossibleFlows=1
maxpossibleFlows=1
maxpossibleFlows=1
maxpossibleFlows=1
maxpossibleFlows=4
maxpossibleFlows=1
maxpossibleFlows=1
maxpossibleFlows=1
maxpossibleFlows=1
maxpossibleFlows=1
maxpossibleFlows=1
maxpossibleFlows=1
maxpossibleFlows=1
maxpossibleFlows=1
maxpossibleFlows=1
maxpossibleFlows=1
maxpossibleFlows=1
maxpossibleFlows=1
maxpossibleFlows=1
maxpossibleFlows=1
maxpossibleFlows=1
maxpossibleFlows=1
maxpossibleFlows=1
maxpossibleFlows=1
maxpossibleFlows=1
maxpossibleFlows=1
maxpossibleFlows=1
maxpossibleFlows=1
maxpossibleFlows=1
maxpossibleFlows=1
1 taint flow paths FOUND from <android.content.Intent: java.lang.String getAction()> to <android.content.ContextWrapper: android.content.ComponentName startService(android.content.Intent)>
maxpossibleFlows=1
maxpossibleFlows=1
maxpossibleFlows=1
maxpossibleFlows=1
maxpossibleFlows=1
maxpossibleFlows=1
maxpossibleFlows=1
maxpossibleFlows=1
maxpossibleFlows=1
maxpossibleFlows=1
maxpossibleFlows=1
maxpossibleFlows=1
maxpossibleFlows=1
maxpossibleFlows=1
maxpossibleFlows=1
maxpossibleFlows=1
maxpossibleFlows=1
maxpossibleFlows=1
maxpossibleFlows=1
maxpossibleFlows=1
maxpossibleFlows=1
maxpossibleFlows=1
maxpossibleFlows=1
maxpossibleFlows=1
maxpossibleFlows=1
maxpossibleFlows=1
maxpossibleFlows=1
maxpossibleFlows=1
maxpossibleFlows=1
maxpossibleFlows=5
maxpossibleFlows=2
2 taint flow paths FOUND from <java.lang.StringBuilder: java.lang.String toString()> to <android.util.Log: int i(java.lang.String,java.lang.String)>
maxpossibleFlows=3
maxpossibleFlows=3
maxpossibleFlows=3
maxpossibleFlows=3
maxpossibleFlows=3
maxpossibleFlows=3
maxpossibleFlows=3
maxpossibleFlows=3
maxpossibleFlows=3
maxpossibleFlows=3
maxpossibleFlows=3
maxpossibleFlows=3
maxpossibleFlows=3
maxpossibleFlows=3
maxpossibleFlows=3
maxpossibleFlows=3
maxpossibleFlows=3
maxpossibleFlows=3
maxpossibleFlows=3
maxpossibleFlows=3
maxpossibleFlows=6
6 taint flow paths FOUND from <java.lang.Long: long longValue()> to <android.webkit.WebSettings: void setDisplayZoomControls(boolean)>
maxpossibleFlows=1
maxpossibleFlows=1
maxpossibleFlows=1
maxpossibleFlows=1
maxpossibleFlows=1
maxpossibleFlows=1
maxpossibleFlows=1
maxpossibleFlows=1
maxpossibleFlows=1
maxpossibleFlows=1
maxpossibleFlows=1
maxpossibleFlows=1
maxpossibleFlows=1
maxpossibleFlows=1
maxpossibleFlows=1
maxpossibleFlows=1
maxpossibleFlows=1
maxpossibleFlows=1
maxpossibleFlows=1
maxpossibleFlows=1
maxpossibleFlows=1
maxpossibleFlows=1
maxpossibleFlows=1
maxpossibleFlows=1
maxpossibleFlows=1
maxpossibleFlows=3
maxpossibleFlows=1
maxpossibleFlows=6
maxpossibleFlows=6
maxpossibleFlows=1
maxpossibleFlows=6
maxpossibleFlows=1
maxpossibleFlows=6
maxpossibleFlows=6
maxpossibleFlows=6
maxpossibleFlows=6
maxpossibleFlows=5
maxpossibleFlows=1
maxpossibleFlows=6
maxpossibleFlows=5
maxpossibleFlows=6
maxpossibleFlows=1
maxpossibleFlows=1
maxpossibleFlows=6
maxpossibleFlows=6
maxpossibleFlows=6
maxpossibleFlows=1
maxpossibleFlows=6
maxpossibleFlows=1
maxpossibleFlows=5
maxpossibleFlows=6
maxpossibleFlows=1
maxpossibleFlows=6
maxpossibleFlows=6
maxpossibleFlows=6
6 taint flow paths FOUND from <android.content.ContextWrapper: android.content.Context getApplicationContext()> to <android.webkit.WebSettings: void setUserAgentString(java.lang.String)>
maxpossibleFlows=1
maxpossibleFlows=1
maxpossibleFlows=1
maxpossibleFlows=1
1 taint flow paths FOUND from <android.content.ContextWrapper: android.content.pm.PackageManager getPackageManager()> to <android.content.ContextWrapper: android.content.ComponentName startService(android.content.Intent)>
maxpossibleFlows=5
maxpossibleFlows=5
maxpossibleFlows=1
1 taint flow paths FOUND from <android.preference.PreferenceManager: android.content.SharedPreferences getDefaultSharedPreferences(android.content.Context)> to <android.content.ContextWrapper: android.content.ComponentName startService(android.content.Intent)>
maxpossibleFlows=1
maxpossibleFlows=1
maxpossibleFlows=1
maxpossibleFlows=1
maxpossibleFlows=1
maxpossibleFlows=1
maxpossibleFlows=1
maxpossibleFlows=1
maxpossibleFlows=1
maxpossibleFlows=1
maxpossibleFlows=1
maxpossibleFlows=1
maxpossibleFlows=1
maxpossibleFlows=1
maxpossibleFlows=1
maxpossibleFlows=1
maxpossibleFlows=1
maxpossibleFlows=1
maxpossibleFlows=1
maxpossibleFlows=1
maxpossibleFlows=1
maxpossibleFlows=1
maxpossibleFlows=1
maxpossibleFlows=4
maxpossibleFlows=2
2 taint flow paths FOUND from <android.content.Intent: int getIntExtra(java.lang.String,int)> to <android.util.Log: int d(java.lang.String,java.lang.String)>
maxpossibleFlows=1
maxpossibleFlows=1
maxpossibleFlows=1
maxpossibleFlows=1
maxpossibleFlows=1
maxpossibleFlows=1
maxpossibleFlows=1
maxpossibleFlows=1
maxpossibleFlows=1
maxpossibleFlows=1
maxpossibleFlows=1
maxpossibleFlows=1
maxpossibleFlows=1
maxpossibleFlows=1
maxpossibleFlows=1
maxpossibleFlows=1
maxpossibleFlows=1
maxpossibleFlows=1
maxpossibleFlows=1
maxpossibleFlows=1
maxpossibleFlows=1
maxpossibleFlows=1
maxpossibleFlows=1
maxpossibleFlows=6
6 taint flow paths FOUND from <java.io.File: java.lang.String getAbsolutePath()> to <android.webkit.WebSettings: void setDisplayZoomControls(boolean)>
maxpossibleFlows=5
maxpossibleFlows=1
maxpossibleFlows=1
maxpossibleFlows=1
maxpossibleFlows=1
maxpossibleFlows=1
maxpossibleFlows=1
maxpossibleFlows=1
maxpossibleFlows=1
maxpossibleFlows=1
maxpossibleFlows=1
maxpossibleFlows=1
maxpossibleFlows=1
maxpossibleFlows=1
maxpossibleFlows=1
maxpossibleFlows=1
maxpossibleFlows=1
maxpossibleFlows=1
maxpossibleFlows=1
maxpossibleFlows=1
maxpossibleFlows=1
maxpossibleFlows=1
maxpossibleFlows=1
maxpossibleFlows=1
maxpossibleFlows=4
maxpossibleFlows=4
maxpossibleFlows=6
6 taint flow paths FOUND from <android.content.ContextWrapper: java.io.File getCacheDir()> to <android.webkit.WebSettings: void setDisplayZoomControls(boolean)>
maxpossibleFlows=1
maxpossibleFlows=1
maxpossibleFlows=1
maxpossibleFlows=1
maxpossibleFlows=1
maxpossibleFlows=1
maxpossibleFlows=1
maxpossibleFlows=1
maxpossibleFlows=1
maxpossibleFlows=1
maxpossibleFlows=1
maxpossibleFlows=1
maxpossibleFlows=1
maxpossibleFlows=1
maxpossibleFlows=1
maxpossibleFlows=1
maxpossibleFlows=1
maxpossibleFlows=1
maxpossibleFlows=1
maxpossibleFlows=1
maxpossibleFlows=1
maxpossibleFlows=1
maxpossibleFlows=1
maxpossibleFlows=1
maxpossibleFlows=1
maxpossibleFlows=1
maxpossibleFlows=1
maxpossibleFlows=1
maxpossibleFlows=1
maxpossibleFlows=1
maxpossibleFlows=1
maxpossibleFlows=1
maxpossibleFlows=1
maxpossibleFlows=1
maxpossibleFlows=1
maxpossibleFlows=1
maxpossibleFlows=1
maxpossibleFlows=1
maxpossibleFlows=1
maxpossibleFlows=1
maxpossibleFlows=1
maxpossibleFlows=1
maxpossibleFlows=1
maxpossibleFlows=1
maxpossibleFlows=1
maxpossibleFlows=1
maxpossibleFlows=1
maxpossibleFlows=1
maxpossibleFlows=1
maxpossibleFlows=1
maxpossibleFlows=1
1 taint flow paths FOUND from <android.app.Activity: android.view.Window getWindow()> to <android.view.Window: void setFlags(int,int)>
maxpossibleFlows=5
maxpossibleFlows=5
maxpossibleFlows=5
maxpossibleFlows=1
1 taint flow paths FOUND from <android.content.ContextWrapper: java.lang.String getPackageName()> to <android.content.ContextWrapper: android.content.ComponentName startService(android.content.Intent)>
maxpossibleFlows=6
maxpossibleFlows=6
6 taint flow paths FOUND from <android.webkit.WebView: android.webkit.WebSettings getSettings()> to <android.webkit.WebSettings: void setSavePassword(boolean)>
maxpossibleFlows=5
maxpossibleFlows=1
maxpossibleFlows=1
maxpossibleFlows=1
maxpossibleFlows=1
maxpossibleFlows=1
maxpossibleFlows=1
maxpossibleFlows=1
maxpossibleFlows=1
maxpossibleFlows=6
6 taint flow paths FOUND from <android.content.ContextWrapper: java.io.File getDatabasePath(java.lang.String)> to <android.webkit.WebSettings: void setDisplayZoomControls(boolean)>
maxpossibleFlows=1
maxpossibleFlows=1
maxpossibleFlows=1
maxpossibleFlows=1
maxpossibleFlows=1
maxpossibleFlows=1
maxpossibleFlows=1
maxpossibleFlows=1
maxpossibleFlows=6
maxpossibleFlows=1
maxpossibleFlows=6
maxpossibleFlows=1
maxpossibleFlows=1
maxpossibleFlows=1
maxpossibleFlows=1
maxpossibleFlows=3
maxpossibleFlows=6
maxpossibleFlows=1
maxpossibleFlows=6
maxpossibleFlows=1
maxpossibleFlows=5
maxpossibleFlows=1
maxpossibleFlows=1
maxpossibleFlows=6
maxpossibleFlows=1
maxpossibleFlows=6
maxpossibleFlows=1
maxpossibleFlows=1
maxpossibleFlows=1
maxpossibleFlows=5
maxpossibleFlows=6
6 taint flow paths FOUND from <android.webkit.WebView: android.webkit.WebSettings getSettings()> to <android.webkit.WebSettings: void setSavePassword(boolean)>
maxpossibleFlows=1
maxpossibleFlows=1
maxpossibleFlows=1
maxpossibleFlows=1
maxpossibleFlows=1
maxpossibleFlows=1
maxpossibleFlows=1
1 taint flow paths FOUND from <android.content.Intent: java.lang.String getAction()> to <android.content.ContextWrapper: android.content.ComponentName startService(android.content.Intent)>
maxpossibleFlows=1
maxpossibleFlows=1
maxpossibleFlows=1
maxpossibleFlows=1
maxpossibleFlows=1
maxpossibleFlows=1
maxpossibleFlows=1
maxpossibleFlows=1
maxpossibleFlows=6
maxpossibleFlows=1
maxpossibleFlows=6
maxpossibleFlows=1
maxpossibleFlows=1
maxpossibleFlows=1
maxpossibleFlows=1
maxpossibleFlows=3
maxpossibleFlows=6
maxpossibleFlows=1
maxpossibleFlows=6
maxpossibleFlows=1
maxpossibleFlows=5
maxpossibleFlows=1
maxpossibleFlows=1
maxpossibleFlows=6
5 taint flow paths FOUND from <java.io.File: java.lang.String getAbsolutePath()> to <android.webkit.WebSettings: void setAppCacheEnabled(boolean)>
maxpossibleFlows=1
maxpossibleFlows=1
maxpossibleFlows=1
maxpossibleFlows=1
maxpossibleFlows=1
maxpossibleFlows=1
maxpossibleFlows=1
maxpossibleFlows=1
maxpossibleFlows=1
maxpossibleFlows=1
maxpossibleFlows=1
maxpossibleFlows=1
maxpossibleFlows=1
maxpossibleFlows=1
maxpossibleFlows=1
maxpossibleFlows=1
maxpossibleFlows=1
maxpossibleFlows=1
maxpossibleFlows=1
maxpossibleFlows=1
maxpossibleFlows=1
maxpossibleFlows=1
maxpossibleFlows=1
maxpossibleFlows=1
1 taint flow paths FOUND from <android.app.Activity: android.view.Window getWindow()> to <android.view.Window: void setFlags(int,int)>
maxpossibleFlows=1
maxpossibleFlows=1
maxpossibleFlows=1
maxpossibleFlows=1
maxpossibleFlows=1
maxpossibleFlows=1
maxpossibleFlows=1
maxpossibleFlows=1
maxpossibleFlows=6
maxpossibleFlows=1
maxpossibleFlows=6
maxpossibleFlows=1
maxpossibleFlows=1
maxpossibleFlows=1
maxpossibleFlows=1
maxpossibleFlows=3
maxpossibleFlows=6
6 taint flow paths FOUND from <java.lang.Long: long longValue()> to <android.webkit.WebSettings: void setAppCacheMaxSize(long)>
maxpossibleFlows=1
maxpossibleFlows=1
maxpossibleFlows=1
maxpossibleFlows=1
maxpossibleFlows=1
maxpossibleFlows=1
maxpossibleFlows=1
maxpossibleFlows=1
maxpossibleFlows=6
maxpossibleFlows=1
maxpossibleFlows=6
maxpossibleFlows=1
maxpossibleFlows=1
maxpossibleFlows=1
maxpossibleFlows=1
maxpossibleFlows=3
maxpossibleFlows=6
maxpossibleFlows=1
maxpossibleFlows=6
maxpossibleFlows=1
maxpossibleFlows=5
maxpossibleFlows=1
maxpossibleFlows=1
maxpossibleFlows=6
maxpossibleFlows=1
maxpossibleFlows=6
maxpossibleFlows=1
maxpossibleFlows=1
maxpossibleFlows=1
maxpossibleFlows=5
maxpossibleFlows=6
6 taint flow paths FOUND from <android.webkit.WebView: android.webkit.WebSettings getSettings()> to <android.webkit.WebView: void setScrollBarStyle(int)>
maxpossibleFlows=1
maxpossibleFlows=1
maxpossibleFlows=1
maxpossibleFlows=1
maxpossibleFlows=1
maxpossibleFlows=1
maxpossibleFlows=1
maxpossibleFlows=1
maxpossibleFlows=6
maxpossibleFlows=1
maxpossibleFlows=6
maxpossibleFlows=1
maxpossibleFlows=1
maxpossibleFlows=1
maxpossibleFlows=1
maxpossibleFlows=3
maxpossibleFlows=6
maxpossibleFlows=1
maxpossibleFlows=6
maxpossibleFlows=1
maxpossibleFlows=5
maxpossibleFlows=1
maxpossibleFlows=1
maxpossibleFlows=6
maxpossibleFlows=1
maxpossibleFlows=6
maxpossibleFlows=1
maxpossibleFlows=1
maxpossibleFlows=1
maxpossibleFlows=5
maxpossibleFlows=6
6 taint flow paths FOUND from <android.webkit.WebView: android.webkit.WebSettings getSettings()> to <android.webkit.WebSettings: void setSupportMultipleWindows(boolean)>
maxpossibleFlows=1
maxpossibleFlows=1
maxpossibleFlows=1
maxpossibleFlows=1
maxpossibleFlows=1
maxpossibleFlows=1
maxpossibleFlows=1
maxpossibleFlows=1
maxpossibleFlows=6
maxpossibleFlows=1
maxpossibleFlows=6
maxpossibleFlows=1
maxpossibleFlows=1
maxpossibleFlows=1
maxpossibleFlows=1
maxpossibleFlows=3
maxpossibleFlows=6
6 taint flow paths FOUND from <java.lang.Long: long longValue()> to <android.webkit.WebSettings: void setDatabaseEnabled(boolean)>
maxpossibleFlows=1
maxpossibleFlows=1
maxpossibleFlows=1
maxpossibleFlows=1
maxpossibleFlows=1
maxpossibleFlows=1
maxpossibleFlows=1
maxpossibleFlows=1
maxpossibleFlows=5
maxpossibleFlows=1
maxpossibleFlows=5
maxpossibleFlows=1
maxpossibleFlows=1
maxpossibleFlows=1
maxpossibleFlows=1
maxpossibleFlows=3
maxpossibleFlows=5
maxpossibleFlows=1
maxpossibleFlows=5
maxpossibleFlows=1
maxpossibleFlows=5
maxpossibleFlows=1
maxpossibleFlows=1
maxpossibleFlows=5
maxpossibleFlows=1
maxpossibleFlows=5
maxpossibleFlows=1
maxpossibleFlows=1
maxpossibleFlows=1
maxpossibleFlows=5
maxpossibleFlows=5
maxpossibleFlows=1
maxpossibleFlows=2
2 taint flow paths FOUND from <android.net.Uri: android.net.Uri parse(java.lang.String)> to <android.app.Activity: void startActivity(android.content.Intent)>
maxpossibleFlows=1
maxpossibleFlows=1
maxpossibleFlows=1
maxpossibleFlows=1
maxpossibleFlows=1
maxpossibleFlows=1
maxpossibleFlows=1
maxpossibleFlows=1
maxpossibleFlows=6
6 taint flow paths FOUND from <android.content.ContextWrapper: java.io.File getDatabasePath(java.lang.String)> to <android.webkit.WebSettings: void setDomStorageEnabled(boolean)>
maxpossibleFlows=1
maxpossibleFlows=1
maxpossibleFlows=1
maxpossibleFlows=1
maxpossibleFlows=1
maxpossibleFlows=1
maxpossibleFlows=1
maxpossibleFlows=1
maxpossibleFlows=5
maxpossibleFlows=1
maxpossibleFlows=5
maxpossibleFlows=1
maxpossibleFlows=1
maxpossibleFlows=1
maxpossibleFlows=1
maxpossibleFlows=3
maxpossibleFlows=5
maxpossibleFlows=1
maxpossibleFlows=5
maxpossibleFlows=1
maxpossibleFlows=5
maxpossibleFlows=1
maxpossibleFlows=1
maxpossibleFlows=5
maxpossibleFlows=1
maxpossibleFlows=5
maxpossibleFlows=1
maxpossibleFlows=1
maxpossibleFlows=1
maxpossibleFlows=5
maxpossibleFlows=5
maxpossibleFlows=1
maxpossibleFlows=1
maxpossibleFlows=1
maxpossibleFlows=1
maxpossibleFlows=1
maxpossibleFlows=1
maxpossibleFlows=1
maxpossibleFlows=1
maxpossibleFlows=6
maxpossibleFlows=1
maxpossibleFlows=6
maxpossibleFlows=1
maxpossibleFlows=1
maxpossibleFlows=1
maxpossibleFlows=1
maxpossibleFlows=3
maxpossibleFlows=6
maxpossibleFlows=1
maxpossibleFlows=6
maxpossibleFlows=1
maxpossibleFlows=5
maxpossibleFlows=1
maxpossibleFlows=1
maxpossibleFlows=6
maxpossibleFlows=1
maxpossibleFlows=6
maxpossibleFlows=1
maxpossibleFlows=1
maxpossibleFlows=1
maxpossibleFlows=5
maxpossibleFlows=6
6 taint flow paths FOUND from <android.webkit.WebView: android.webkit.WebSettings getSettings()> to <android.webkit.WebView: void setWebChromeClient(android.webkit.WebChromeClient)>
maxpossibleFlows=1
maxpossibleFlows=1
maxpossibleFlows=1
maxpossibleFlows=1
maxpossibleFlows=1
maxpossibleFlows=1
maxpossibleFlows=1
maxpossibleFlows=1
maxpossibleFlows=1
maxpossibleFlows=1
maxpossibleFlows=1
1 taint flow paths FOUND from <android.content.ContextWrapper: android.content.pm.PackageManager getPackageManager()> to <android.widget.TextView: void setText(java.lang.CharSequence)>
maxpossibleFlows=1
maxpossibleFlows=1
maxpossibleFlows=1
maxpossibleFlows=1
maxpossibleFlows=1
maxpossibleFlows=1
maxpossibleFlows=1
maxpossibleFlows=1
maxpossibleFlows=1
maxpossibleFlows=1
maxpossibleFlows=1
1 taint flow paths FOUND from <android.content.ContextWrapper: android.content.pm.PackageManager getPackageManager()> to <android.content.Intent: android.content.Intent putExtra(java.lang.String,java.lang.String)>
maxpossibleFlows=1
maxpossibleFlows=1
maxpossibleFlows=1
maxpossibleFlows=1
maxpossibleFlows=1
maxpossibleFlows=1
maxpossibleFlows=1
maxpossibleFlows=1
maxpossibleFlows=6
maxpossibleFlows=1
maxpossibleFlows=6
maxpossibleFlows=1
maxpossibleFlows=1
maxpossibleFlows=1
maxpossibleFlows=1
maxpossibleFlows=3
maxpossibleFlows=6
maxpossibleFlows=1
maxpossibleFlows=6
maxpossibleFlows=1
maxpossibleFlows=5
maxpossibleFlows=1
maxpossibleFlows=1
maxpossibleFlows=6
maxpossibleFlows=1
maxpossibleFlows=6
maxpossibleFlows=1
maxpossibleFlows=1
maxpossibleFlows=1
maxpossibleFlows=5
maxpossibleFlows=6
maxpossibleFlows=1
maxpossibleFlows=1
maxpossibleFlows=1
maxpossibleFlows=1
maxpossibleFlows=1
maxpossibleFlows=1
maxpossibleFlows=1
maxpossibleFlows=1
maxpossibleFlows=6
6 taint flow paths FOUND from <android.content.ContextWrapper: java.io.File getDatabasePath(java.lang.String)> to <android.webkit.WebSettings: void setSupportZoom(boolean)>
maxpossibleFlows=1
maxpossibleFlows=1
maxpossibleFlows=1
maxpossibleFlows=1
maxpossibleFlows=1
maxpossibleFlows=1
maxpossibleFlows=1
maxpossibleFlows=1
maxpossibleFlows=6
maxpossibleFlows=1
maxpossibleFlows=6
maxpossibleFlows=1
maxpossibleFlows=1
maxpossibleFlows=1
maxpossibleFlows=1
maxpossibleFlows=3
maxpossibleFlows=6
maxpossibleFlows=1
maxpossibleFlows=6
maxpossibleFlows=1
maxpossibleFlows=1
1 taint flow paths FOUND from <android.preference.PreferenceManager: android.content.SharedPreferences getDefaultSharedPreferences(android.content.Context)> to <android.webkit.WebSettings: void setJavaScriptEnabled(boolean)>
maxpossibleFlows=1
maxpossibleFlows=1
maxpossibleFlows=1
maxpossibleFlows=1
maxpossibleFlows=1
maxpossibleFlows=1
maxpossibleFlows=1
maxpossibleFlows=1
maxpossibleFlows=1
maxpossibleFlows=1
maxpossibleFlows=1
maxpossibleFlows=1
maxpossibleFlows=1
maxpossibleFlows=1
maxpossibleFlows=1
maxpossibleFlows=1
maxpossibleFlows=1
maxpossibleFlows=1
maxpossibleFlows=1
maxpossibleFlows=1
maxpossibleFlows=1
maxpossibleFlows=1
maxpossibleFlows=1
maxpossibleFlows=1
maxpossibleFlows=1
maxpossibleFlows=1
maxpossibleFlows=1
maxpossibleFlows=1
maxpossibleFlows=1
maxpossibleFlows=1
maxpossibleFlows=1
maxpossibleFlows=1
maxpossibleFlows=1
maxpossibleFlows=1
maxpossibleFlows=6
6 taint flow paths FOUND from <android.content.ContextWrapper: java.io.File getDatabasePath(java.lang.String)> to <android.webkit.WebSettings: void setBuiltInZoomControls(boolean)>
maxpossibleFlows=1
maxpossibleFlows=1
maxpossibleFlows=1
maxpossibleFlows=1
maxpossibleFlows=1
maxpossibleFlows=1
maxpossibleFlows=1
maxpossibleFlows=1
maxpossibleFlows=1
maxpossibleFlows=1
maxpossibleFlows=1
1 taint flow paths FOUND from <android.content.ContextWrapper: android.content.pm.PackageManager getPackageManager()> to <android.widget.TextView: void setText(int)>
maxpossibleFlows=1
maxpossibleFlows=1
maxpossibleFlows=1
maxpossibleFlows=1
maxpossibleFlows=1
maxpossibleFlows=1
maxpossibleFlows=1
maxpossibleFlows=1
maxpossibleFlows=5
maxpossibleFlows=1
maxpossibleFlows=5
maxpossibleFlows=1
maxpossibleFlows=1
maxpossibleFlows=1
maxpossibleFlows=1
maxpossibleFlows=3
maxpossibleFlows=5
maxpossibleFlows=1
maxpossibleFlows=5
maxpossibleFlows=1
maxpossibleFlows=5
maxpossibleFlows=1
maxpossibleFlows=1
maxpossibleFlows=5
maxpossibleFlows=1
maxpossibleFlows=5
maxpossibleFlows=1
maxpossibleFlows=1
maxpossibleFlows=1
maxpossibleFlows=5
maxpossibleFlows=5
maxpossibleFlows=1
maxpossibleFlows=1
maxpossibleFlows=1
maxpossibleFlows=1
maxpossibleFlows=1
maxpossibleFlows=1
maxpossibleFlows=1
maxpossibleFlows=1
maxpossibleFlows=6
maxpossibleFlows=1
maxpossibleFlows=6
maxpossibleFlows=1
maxpossibleFlows=1
maxpossibleFlows=1
maxpossibleFlows=1
maxpossibleFlows=3
maxpossibleFlows=6
6 taint flow paths FOUND from <java.lang.Long: long longValue()> to <android.webkit.WebSettings: void setAppCachePath(java.lang.String)>
maxpossibleFlows=1
maxpossibleFlows=1
maxpossibleFlows=1
maxpossibleFlows=1
maxpossibleFlows=1
maxpossibleFlows=1
maxpossibleFlows=1
maxpossibleFlows=1
maxpossibleFlows=1
maxpossibleFlows=1
maxpossibleFlows=1
maxpossibleFlows=1
maxpossibleFlows=1
maxpossibleFlows=1
maxpossibleFlows=1
maxpossibleFlows=1
maxpossibleFlows=1
maxpossibleFlows=1
maxpossibleFlows=1
maxpossibleFlows=1
maxpossibleFlows=1
maxpossibleFlows=1
maxpossibleFlows=1
maxpossibleFlows=1
maxpossibleFlows=1
maxpossibleFlows=1
maxpossibleFlows=1
maxpossibleFlows=1
maxpossibleFlows=1
maxpossibleFlows=1
maxpossibleFlows=1
maxpossibleFlows=1
maxpossibleFlows=1
maxpossibleFlows=1
maxpossibleFlows=6
maxpossibleFlows=1
maxpossibleFlows=6
maxpossibleFlows=1
maxpossibleFlows=1
maxpossibleFlows=1
maxpossibleFlows=1
maxpossibleFlows=3
maxpossibleFlows=6
maxpossibleFlows=1
maxpossibleFlows=6
maxpossibleFlows=1
maxpossibleFlows=5
maxpossibleFlows=1
maxpossibleFlows=1
maxpossibleFlows=6
maxpossibleFlows=1
maxpossibleFlows=6
maxpossibleFlows=1
maxpossibleFlows=1
maxpossibleFlows=1
maxpossibleFlows=5
maxpossibleFlows=6
6 taint flow paths FOUND from <android.webkit.WebView: android.webkit.WebSettings getSettings()> to <android.webkit.WebView: void setDownloadListener(android.webkit.DownloadListener)>
maxpossibleFlows=1
maxpossibleFlows=1
maxpossibleFlows=1
maxpossibleFlows=1
maxpossibleFlows=1
maxpossibleFlows=1
maxpossibleFlows=1
maxpossibleFlows=1
maxpossibleFlows=6
6 taint flow paths FOUND from <android.content.ContextWrapper: java.io.File getDatabasePath(java.lang.String)> to <android.webkit.WebSettings: void setDatabasePath(java.lang.String)>
maxpossibleFlows=1
maxpossibleFlows=1
maxpossibleFlows=1
maxpossibleFlows=1
maxpossibleFlows=1
maxpossibleFlows=1
maxpossibleFlows=1
maxpossibleFlows=1
maxpossibleFlows=6
maxpossibleFlows=1
maxpossibleFlows=6
6 taint flow paths FOUND from <android.view.View: android.content.Context getContext()> to <android.webkit.WebSettings: void setUserAgentString(java.lang.String)>
maxpossibleFlows=1
maxpossibleFlows=1
maxpossibleFlows=1
maxpossibleFlows=1
maxpossibleFlows=1
maxpossibleFlows=4
maxpossibleFlows=1
maxpossibleFlows=1
maxpossibleFlows=3
maxpossibleFlows=1
maxpossibleFlows=1
maxpossibleFlows=1
maxpossibleFlows=1
maxpossibleFlows=1
maxpossibleFlows=1
maxpossibleFlows=1
maxpossibleFlows=3
maxpossibleFlows=5
maxpossibleFlows=5
maxpossibleFlows=1
maxpossibleFlows=1
maxpossibleFlows=2
2 taint flow paths FOUND from <java.lang.Class: java.lang.String getSimpleName()> to <android.util.Log: int i(java.lang.String,java.lang.String)>
maxpossibleFlows=1
1 taint flow paths FOUND from <android.content.Intent: java.lang.String getAction()> to <android.util.Log: int d(java.lang.String,java.lang.String)>
maxpossibleFlows=5
[WARNING] [32mVERBOSE[0m Callback method :<init> in Class com.gamayun.biketothefuturefree.ActivityPlay
[WARNING] [32mVERBOSE[0m Callback method :onAccuracyChanged in Class com.gamayun.biketothefuturefree.ActivityPlay
[WARNING] [32mVERBOSE[0m Callback method :onConfigurationChanged in Class com.gamayun.biketothefuturefree.ActivityPlay
[WARNING] [32mVERBOSE[0m Callback method :onCreate in Class com.gamayun.biketothefuturefree.ActivityPlay
[WARNING] [32mVERBOSE[0m Callback method :onDestroy in Class com.gamayun.biketothefuturefree.ActivityPlay
[WARNING] [32mVERBOSE[0m Callback method :onKeyDown in Class com.gamayun.biketothefuturefree.ActivityPlay
[WARNING] [32mVERBOSE[0m Callback method :onKeyUp in Class com.gamayun.biketothefuturefree.ActivityPlay
[WARNING] [32mVERBOSE[0m Callback method :onPause in Class com.gamayun.biketothefuturefree.ActivityPlay
[WARNING] [32mVERBOSE[0m Callback method :onResume in Class com.gamayun.biketothefuturefree.ActivityPlay
[WARNING] [32mVERBOSE[0m Callback method :onSensorChanged in Class com.gamayun.biketothefuturefree.ActivityPlay
[WARNING] [32mVERBOSE[0m Callback method :onStart in Class com.gamayun.biketothefuturefree.ActivityPlay
[WARNING] [32mVERBOSE[0m Callback method :onStop in Class com.gamayun.biketothefuturefree.ActivityPlay
[WARNING] [32mVERBOSE[0m Callback method :<init> in Class com.google.ads.AdActivity
[WARNING] [32mVERBOSE[0m Callback method :onActivityResult in Class com.google.ads.AdActivity
[WARNING] [32mVERBOSE[0m Callback method :onClick in Class com.google.ads.AdActivity
[WARNING] [32mVERBOSE[0m Callback method :onCreate in Class com.google.ads.AdActivity
[WARNING] [32mVERBOSE[0m Callback method :onDestroy in Class com.google.ads.AdActivity
[WARNING] [32mVERBOSE[0m Callback method :onPause in Class com.google.ads.AdActivity
[WARNING] [32mVERBOSE[0m Callback method :onWindowFocusChanged in Class com.google.ads.AdActivity
Result for benign-app-87-C855893D5231540B18997609825E488F1D3CFE3E9CF22E26A821E49E229A850A.apkcom.gamayun.biketothefuturefree