DUA-Forensics args to Soot: -w -cp /home/hcosta/bench/benchmark/libs/droidfax.jar:/home/hcosta/Android/Sdk/platforms/android-28/android.jar -p cg verbose:false,implicit-entry:true -p cg.spark verbose:false,on-fly-cg:true,rta:false -d /home/hcosta/bench/benchmark/trace/180/2/droidbot/benign-app-12-1C3E7C85DBEE8CD1293814356F5704AC02FB30D10187F7042C5083C5098EB48E.apk.logcat -process-dir /home/hcosta/bench/benchmark/data/input/benign-app-12-1C3E7C85DBEE8CD1293814356F5704AC02FB30D10187F7042C5083C5098EB48E.apk 
Soot started on Wed Apr 20 17:22:47 CEST 2022
Warning: com.ironsource.mobilcore.BaseFlowBasedAdUnit is a phantom class!
Warning: java.lang.invoke.LambdaMetafactory is a phantom class!
Warning: java.lang.ref.Finalizer is a phantom class!
get type from 'Z'
Warning: org.apache.http.client.HttpClient is a phantom class!
Warning: org.apache.http.HttpEntityEnclosingRequest is a phantom class!
get type from 'Z'
get type from 'Z'
Warning: org.apache.http.Header is a phantom class!
Warning: org.apache.http.HttpEntity is a phantom class!
Warning: org.apache.http.HttpHost is a phantom class!
Warning: org.apache.http.HttpRequest is a phantom class!
Warning: org.apache.http.HttpResponse is a phantom class!
Warning: org.apache.http.RequestLine is a phantom class!
Warning: org.apache.http.StatusLine is a phantom class!
Warning: org.apache.http.client.ClientProtocolException is a phantom class!
Warning: org.apache.http.entity.StringEntity is a phantom class!
Warning: org.apache.http.impl.client.DefaultHttpClient is a phantom class!
Warning: org.apache.http.message.BasicHttpEntityEnclosingRequest is a phantom class!
[Call Graph] For information on where the call graph may be incomplete, use the verbose option to the cg phase.
[Spark] Pointer Assignment Graph in 0.0 seconds.
[Spark] Type masks in 0.0 seconds.
[Spark] Pointer Graph simplified in 0.0 seconds.
[Spark] Propagation in 0.0 seconds.
[Spark] Solution found in 0.0 seconds.
hcai's internal transform
Running static analysis for method/class coverage characterization
2 ICC links found and 1 cg edges added due to ICC links
dynamic conflated call graph: 1289 methods; 1289 nodes; 1978 edges.
feature-vector-key = benign-app-12-1C3E7C85DBEE8CD1293814356F5704AC02FB30D10187F7042C5083C5098EB48E.apk
Result for benign-app-12-1C3E7C85DBEE8CD1293814356F5704AC02FB30D10187F7042C5083C5098EB48E.apkandrei.brusentcov.lnguagepazzle.en