DUA-Forensics args to Soot: -w -cp /home/hcosta/bench/benchmark/libs/droidfax.jar:/home/hcosta/Android/Sdk/platforms/android-28/android.jar -p cg verbose:false,implicit-entry:true -p cg.spark verbose:false,on-fly-cg:true,rta:false -d /home/hcosta/bench/benchmark/trace/180/6/droidbot/benign-app-102-D87EF9BC6DFAF5F4521C6BD2CE702BF56C66B19150B45358BC94D67AB28111BD.apk.logcat -process-dir /home/hcosta/bench/benchmark/data/input/benign-app-102-D87EF9BC6DFAF5F4521C6BD2CE702BF56C66B19150B45358BC94D67AB28111BD.apk 
Soot started on Fri Apr 22 09:07:57 CEST 2022
Warning: com.ironsource.mobilcore.BaseFlowBasedAdUnit is a phantom class!
Warning: java.lang.invoke.LambdaMetafactory is a phantom class!
Warning: java.lang.ref.Finalizer is a phantom class!
Warning: java.awt.Graphics is a phantom class!
Warning: java.awt.GraphicsEnvironment is a phantom class!
Warning: java.awt.Image is a phantom class!
Warning: java.awt.Point is a phantom class!
Warning: java.awt.Toolkit is a phantom class!
Warning: java.awt.color.ColorSpace is a phantom class!
Warning: java.awt.datatransfer.Clipboard is a phantom class!
Warning: java.awt.datatransfer.DataFlavor is a phantom class!
Warning: java.awt.datatransfer.FlavorMap is a phantom class!
Warning: java.awt.datatransfer.SystemFlavorMap is a phantom class!
Warning: java.awt.datatransfer.Transferable is a phantom class!
Warning: java.awt.datatransfer.UnsupportedFlavorException is a phantom class!
Warning: java.awt.dnd.DragGestureEvent is a phantom class!
Warning: java.awt.dnd.DragSourceContext is a phantom class!
Warning: java.awt.dnd.DragSourceDragEvent is a phantom class!
Warning: java.awt.dnd.DragSourceDropEvent is a phantom class!
Warning: java.awt.dnd.DragSourceEvent is a phantom class!
Warning: java.awt.dnd.DropTargetContext is a phantom class!
Warning: java.awt.dnd.peer.DragSourceContextPeer is a phantom class!
Warning: java.awt.dnd.peer.DropTargetContextPeer is a phantom class!
Warning: java.awt.image.BufferedImage is a phantom class!
Warning: java.awt.image.ColorModel is a phantom class!
Warning: java.awt.image.ComponentColorModel is a phantom class!
Warning: java.awt.image.DataBuffer is a phantom class!
Warning: java.awt.image.DataBufferByte is a phantom class!
Warning: java.awt.image.DataBufferInt is a phantom class!
Warning: java.awt.image.DataBufferUShort is a phantom class!
Warning: java.awt.image.DirectColorModel is a phantom class!
Warning: java.awt.image.ImageObserver is a phantom class!
Warning: java.awt.image.Raster is a phantom class!
Warning: java.awt.image.WritableRaster is a phantom class!
Warning: java.beans.Beans is a phantom class!
Warning: javax.security.auth.callback.NameCallback is a phantom class!
Warning: javax.security.sasl.RealmCallback is a phantom class!
Warning: javax.security.sasl.RealmChoiceCallback is a phantom class!
Warning: javax.security.sasl.Sasl is a phantom class!
Warning: javax.security.sasl.SaslClient is a phantom class!
Warning: javax.security.sasl.SaslException is a phantom class!
Warning: org.apache.http.HttpEntity is a phantom class!
Warning: org.apache.http.HttpResponse is a phantom class!
Warning: org.apache.http.StatusLine is a phantom class!
Warning: org.apache.http.client.ClientProtocolException is a phantom class!
Warning: org.apache.http.client.HttpClient is a phantom class!
Warning: org.apache.http.client.entity.UrlEncodedFormEntity is a phantom class!
Warning: org.apache.http.client.methods.HttpPost is a phantom class!
Warning: org.apache.http.client.methods.HttpUriRequest is a phantom class!
Warning: org.apache.http.impl.client.DefaultHttpClient is a phantom class!
Warning: org.apache.http.message.BasicNameValuePair is a phantom class!
Warning: org.apache.http.params.BasicHttpParams is a phantom class!
[Call Graph] For information on where the call graph may be incomplete, use the verbose option to the cg phase.
[Spark] Pointer Assignment Graph in 0.0 seconds.
[Spark] Type masks in 0.0 seconds.
[Spark] Pointer Graph simplified in 0.0 seconds.
[Spark] Propagation in 0.0 seconds.
[Spark] Solution found in 0.0 seconds.
hcai's internal transform
Running static analysis for method/class coverage characterization
3 ICC links found and 2 cg edges added due to ICC links
dynamic conflated call graph: 1874 methods; 1874 nodes; 3070 edges.
feature-vector-key = benign-app-102-D87EF9BC6DFAF5F4521C6BD2CE702BF56C66B19150B45358BC94D67AB28111BD.apk
Result for benign-app-102-D87EF9BC6DFAF5F4521C6BD2CE702BF56C66B19150B45358BC94D67AB28111BD.apkcn.etouch.tool