DUA-Forensics args to Soot: -w -cp /home/handrick/Documents/UNB/benchmark/libs/droidfax.jar:/home/handrick/Android/Sdk/platforms/android-19/android.jar -p cg verbose:false,implicit-entry:true -p cg.spark verbose:false,on-fly-cg:true,rta:false -d /home/handrick/Documents/UNB/benchmark/trace/180/2/droidbot/benign-app-12-1C3E7C85DBEE8CD1293814356F5704AC02FB30D10187F7042C5083C5098EB48E.apk.logcat -process-dir /home/handrick/Documents/UNB/benchmark/data/input/benign-app-12-1C3E7C85DBEE8CD1293814356F5704AC02FB30D10187F7042C5083C5098EB48E.apk 
Soot started on Fri Apr 15 13:18:25 CEST 2022
Warning: com.ironsource.mobilcore.BaseFlowBasedAdUnit is a phantom class!
Warning: java.lang.invoke.LambdaMetafactory is a phantom class!
Warning: java.lang.ref.Finalizer is a phantom class!
get type from 'Z'
get type from 'Z'
get type from 'Z'
[Call Graph] For information on where the call graph may be incomplete, use the verbose option to the cg phase.
[Spark] Pointer Assignment Graph in 0.0 seconds.
[Spark] Type masks in 0.0 seconds.
[Spark] Pointer Graph simplified in 0.0 seconds.
[Spark] Propagation in 0.0 seconds.
[Spark] Solution found in 0.0 seconds.
hcai's internal transform
Running static analysis for security-relevant feature characterization
[GatorHierarchy] [32mVERBOSE[0m [HIER] All classes: 1972
[GatorHierarchy] [32mVERBOSE[0m [App: 939, Lib : 1030, Phantom: 3]
[GatorHierarchy] [32mVERBOSE[0m [HIER] Activities: 9, lib activities: 1
[GatorHierarchy] [32mVERBOSE[0m [HIER] App views: 15, Lib views: 23
[GatorHierarchy] [32mVERBOSE[0m [HIER] App Dialogs: 0, Lib Dialogs: 3
[TIMECOST] [32mVERBOSE[0m buildApplicationCodeMap parsing starting at 1650021507433
[TIMECOST] [32mVERBOSE[0m buildApplicationCodeMap parsing finished at 1650021516530
[Instantiated app classes] [32mVERBOSE[0m total number: 690
[WARNING] [32mVERBOSE[0m Callback method :onHandleIntent in Class com.google.analytics.tracking.android.CampaignTrackingService added
[WARNING] [32mVERBOSE[0m Callback method :onReceive in Class com.google.analytics.tracking.android.CampaignTrackingReceiver added
[WARNING] [32mVERBOSE[0m Callback method :getType in Class android.support.v4.content.FileProvider added
[WARNING] [32mVERBOSE[0m Callback method :onCreate in Class android.support.v4.content.FileProvider added
[WARNING] [32mVERBOSE[0m Callback method :query in Class android.support.v4.content.FileProvider added
[WARNING] [32mVERBOSE[0m Callback method :update in Class android.support.v4.content.FileProvider added
[WARNING] [32mVERBOSE[0m Callback method :openFile in Class android.support.v4.content.FileProvider added
[WARNING] [32mVERBOSE[0m Callback method :insert in Class android.support.v4.content.FileProvider added
[WARNING] [32mVERBOSE[0m Callback method :delete in Class android.support.v4.content.FileProvider added
[WARNING] [32mVERBOSE[0m Callback method :attachInfo in Class android.support.v4.content.FileProvider added
[WARNING] [32mVERBOSE[0m Callback method :onPause in Class andrei.brusentcov.common.android.activities.RandomBgActivity added
[WARNING] [32mVERBOSE[0m Callback method :onCreate in Class andrei.brusentcov.common.android.activities.LinkActivity added
[WARNING] [32mVERBOSE[0m Callback method :onRestart in Class andrei.brusentcov.common.android.activities.LinkActivity added
[WARNING] [32mVERBOSE[0m Callback method :onResume in Class andrei.brusentcov.common.android.activities.LinkActivity added
[WARNING] [32mVERBOSE[0m Callback method :onMeasure in Class android.support.v4.view.PagerTitleStrip added
[WARNING] [32mVERBOSE[0m Callback method :requestLayout in Class android.support.v4.view.PagerTitleStrip added
[WARNING] [32mVERBOSE[0m Callback method :onLayout in Class android.support.v4.view.PagerTitleStrip added
[WARNING] [32mVERBOSE[0m Callback method :setBackgroundColor in Class android.support.v4.view.PagerTabStrip added
[WARNING] [32mVERBOSE[0m Callback method :onTouchEvent in Class android.support.v4.view.PagerTabStrip added
[WARNING] [32mVERBOSE[0m Callback method :onDetachedFromWindow in Class android.support.v4.view.PagerTitleStrip added
[WARNING] [32mVERBOSE[0m Callback method :onAttachedToWindow in Class android.support.v4.view.PagerTitleStrip added
[WARNING] [32mVERBOSE[0m Callback method :setBackgroundResource in Class android.support.v4.view.PagerTabStrip added
[WARNING] [32mVERBOSE[0m Callback method :setPadding in Class android.support.v4.view.PagerTabStrip added
[WARNING] [32mVERBOSE[0m Callback method :onDraw in Class android.support.v4.view.PagerTabStrip added
[WARNING] [32mVERBOSE[0m Callback method :setBackgroundDrawable in Class android.support.v4.view.PagerTabStrip added
[WARNING] [32mVERBOSE[0m Callback method :generateLayoutParams in Class android.support.v4.widget.DrawerLayout added
[WARNING] [32mVERBOSE[0m Callback method :drawChild in Class android.support.v4.widget.DrawerLayout added
[WARNING] [32mVERBOSE[0m Callback method :onRestoreInstanceState in Class android.support.v4.widget.DrawerLayout added
[WARNING] [32mVERBOSE[0m Callback method :generateDefaultLayoutParams in Class android.support.v4.widget.DrawerLayout added
[WARNING] [32mVERBOSE[0m Callback method :onMeasure in Class android.support.v4.widget.DrawerLayout added
[WARNING] [32mVERBOSE[0m Callback method :onSaveInstanceState in Class android.support.v4.widget.DrawerLayout added
[WARNING] [32mVERBOSE[0m Callback method :requestLayout in Class android.support.v4.widget.DrawerLayout added
[WARNING] [32mVERBOSE[0m Callback method :onLayout in Class android.support.v4.widget.DrawerLayout added
[WARNING] [32mVERBOSE[0m Callback method :onKeyDown in Class android.support.v4.widget.DrawerLayout added
[WARNING] [32mVERBOSE[0m Callback method :onTouchEvent in Class android.support.v4.widget.DrawerLayout added
[WARNING] [32mVERBOSE[0m Callback method :onDetachedFromWindow in Class android.support.v4.widget.DrawerLayout added
[WARNING] [32mVERBOSE[0m Callback method :computeScroll in Class android.support.v4.widget.DrawerLayout added
[WARNING] [32mVERBOSE[0m Callback method :onAttachedToWindow in Class android.support.v4.widget.DrawerLayout added
[WARNING] [32mVERBOSE[0m Callback method :onInterceptTouchEvent in Class android.support.v4.widget.DrawerLayout added
[WARNING] [32mVERBOSE[0m Callback method :requestDisallowInterceptTouchEvent in Class android.support.v4.widget.DrawerLayout added
[WARNING] [32mVERBOSE[0m Callback method :generateLayoutParams in Class android.support.v4.widget.DrawerLayout added
[WARNING] [32mVERBOSE[0m Callback method :onKeyUp in Class android.support.v4.widget.DrawerLayout added
[WARNING] [32mVERBOSE[0m Callback method :checkLayoutParams in Class android.support.v4.widget.DrawerLayout added
[WARNING] [32mVERBOSE[0m Callback method :onPause in Class andrei.brusentcov.common.android.activities.MyActivity added
[WARNING] [32mVERBOSE[0m Callback method :onCreate in Class andrei.brusentcov.lnguagepazzle.TutorialActivity added
[WARNING] [32mVERBOSE[0m Callback method :onRestart in Class andrei.brusentcov.common.android.activities.MyActivity added
[WARNING] [32mVERBOSE[0m Callback method :onResume in Class andrei.brusentcov.lnguagepazzle.TutorialActivity added
[WARNING] [32mVERBOSE[0m Callback method :onRestoreInstanceState in Class android.support.v4.app.FragmentTabHost added
[WARNING] [32mVERBOSE[0m Callback method :onTabChanged in Class android.support.v4.app.FragmentTabHost added
[WARNING] [32mVERBOSE[0m Callback method :setOnTabChangedListener in Class android.support.v4.app.FragmentTabHost added
[WARNING] [32mVERBOSE[0m Callback method :onSaveInstanceState in Class android.support.v4.app.FragmentTabHost added
[WARNING] [32mVERBOSE[0m Callback method :onDetachedFromWindow in Class android.support.v4.app.FragmentTabHost added
[WARNING] [32mVERBOSE[0m Callback method :onAttachedToWindow in Class android.support.v4.app.FragmentTabHost added
[WARNING] [32mVERBOSE[0m Callback method :setup in Class android.support.v4.app.FragmentTabHost added
[WARNING] [32mVERBOSE[0m Callback method :onKeyDown in Class andrei.brusentcov.lnguagepazzle.GameActivity added
[WARNING] [32mVERBOSE[0m Callback method :onPause in Class andrei.brusentcov.lnguagepazzle.GameActivity added
[WARNING] [32mVERBOSE[0m Callback method :onCreate in Class andrei.brusentcov.lnguagepazzle.GameActivity added
[WARNING] [32mVERBOSE[0m Callback method :onRestart in Class andrei.brusentcov.common.android.activities.MyActivity added
[WARNING] [32mVERBOSE[0m Callback method :onResume in Class andrei.brusentcov.lnguagepazzle.GameActivity added
[WARNING] [32mVERBOSE[0m Callback method :onPause in Class andrei.brusentcov.common.android.activities.MyActivity added
[WARNING] [32mVERBOSE[0m Callback method :onCreate in Class andrei.brusentcov.common.android.activities.MyActivity added
[WARNING] [32mVERBOSE[0m Callback method :onRestart in Class andrei.brusentcov.common.android.activities.MyActivity added
[WARNING] [32mVERBOSE[0m Callback method :onResume in Class andrei.brusentcov.common.android.activities.MyActivity added
[WARNING] [32mVERBOSE[0m Callback method :onWindowFocusChanged in Class com.google.ads.AdActivity added
[WARNING] [32mVERBOSE[0m Callback method :onPause in Class com.google.ads.AdActivity added
[WARNING] [32mVERBOSE[0m Callback method :onCreate in Class com.google.ads.AdActivity added
[WARNING] [32mVERBOSE[0m Callback method :onDestroy in Class com.google.ads.AdActivity added
[WARNING] [32mVERBOSE[0m Callback method :onClick in Class com.google.ads.AdActivity added
[WARNING] [32mVERBOSE[0m Callback method :onPause in Class andrei.brusentcov.common.android.activities.RandomBgActivity added
[WARNING] [32mVERBOSE[0m Callback method :onResume in Class andrei.brusentcov.common.android.activities.RandomBgActivity added
[WARNING] [32mVERBOSE[0m Callback method :onLowMemory in Class android.support.v4.app.Fragment added
[WARNING] [32mVERBOSE[0m Callback method :onCreateContextMenu in Class android.support.v4.app.Fragment added
[WARNING] [32mVERBOSE[0m Callback method :onConfigurationChanged in Class android.support.v4.app.Fragment added
[WARNING] [32mVERBOSE[0m Callback method :onCreate in Class andrei.brusentcov.lnguagepazzle.en.ApplcationWithAnalytics added
[WARNING] [32mVERBOSE[0m Callback method :getItem in Class android.support.v4.widget.CursorAdapter added
[WARNING] [32mVERBOSE[0m Callback method :getView in Class android.support.v4.widget.CursorAdapter added
[WARNING] [32mVERBOSE[0m Callback method :getDropDownView in Class android.support.v4.widget.CursorAdapter added
[WARNING] [32mVERBOSE[0m Callback method :getFilter in Class android.support.v4.widget.CursorAdapter added
[WARNING] [32mVERBOSE[0m Callback method :getCount in Class android.support.v4.widget.CursorAdapter added
[WARNING] [32mVERBOSE[0m Callback method :getItemId in Class android.support.v4.widget.CursorAdapter added
[WARNING] [32mVERBOSE[0m Callback method :hasStableIds in Class android.support.v4.widget.CursorAdapter added
[WARNING] [32mVERBOSE[0m Callback method :generateLayoutParams in Class android.support.v4.view.ViewPager added
[WARNING] [32mVERBOSE[0m Callback method :draw in Class android.support.v4.view.ViewPager added
[WARNING] [32mVERBOSE[0m Callback method :onRestoreInstanceState in Class android.support.v4.view.ViewPager added
[WARNING] [32mVERBOSE[0m Callback method :onRequestFocusInDescendants in Class android.support.v4.view.ViewPager added
[WARNING] [32mVERBOSE[0m Callback method :generateDefaultLayoutParams in Class android.support.v4.view.ViewPager added
[WARNING] [32mVERBOSE[0m Callback method :onMeasure in Class android.support.v4.view.ViewPager added
[WARNING] [32mVERBOSE[0m Callback method :addView in Class android.support.v4.view.ViewPager added
[WARNING] [32mVERBOSE[0m Callback method :onSaveInstanceState in Class android.support.v4.view.ViewPager added
[WARNING] [32mVERBOSE[0m Callback method :onLayout in Class android.support.v4.view.ViewPager added
[WARNING] [32mVERBOSE[0m Callback method :onTouchEvent in Class android.support.v4.view.ViewPager added
[WARNING] [32mVERBOSE[0m Callback method :addTouchables in Class android.support.v4.view.ViewPager added
[WARNING] [32mVERBOSE[0m Callback method :onDetachedFromWindow in Class android.support.v4.view.ViewPager added
[WARNING] [32mVERBOSE[0m Callback method :computeScroll in Class android.support.v4.view.ViewPager added
[WARNING] [32mVERBOSE[0m Callback method :onAttachedToWindow in Class android.support.v4.view.ViewPager added
[WARNING] [32mVERBOSE[0m Callback method :onInterceptTouchEvent in Class android.support.v4.view.ViewPager added
[WARNING] [32mVERBOSE[0m Callback method :verifyDrawable in Class android.support.v4.view.ViewPager added
[WARNING] [32mVERBOSE[0m Callback method :dispatchPopulateAccessibilityEvent in Class android.support.v4.view.ViewPager added
[WARNING] [32mVERBOSE[0m Callback method :onSizeChanged in Class android.support.v4.view.ViewPager added
[WARNING] [32mVERBOSE[0m Callback method :dispatchKeyEvent in Class android.support.v4.view.ViewPager added
[WARNING] [32mVERBOSE[0m Callback method :addFocusables in Class android.support.v4.view.ViewPager added
[WARNING] [32mVERBOSE[0m Callback method :removeView in Class android.support.v4.view.ViewPager added
[WARNING] [32mVERBOSE[0m Callback method :onDraw in Class android.support.v4.view.ViewPager added
[WARNING] [32mVERBOSE[0m Callback method :generateLayoutParams in Class android.support.v4.view.ViewPager added
[WARNING] [32mVERBOSE[0m Callback method :drawableStateChanged in Class android.support.v4.view.ViewPager added
[WARNING] [32mVERBOSE[0m Callback method :getChildDrawingOrder in Class android.support.v4.view.ViewPager added
[WARNING] [32mVERBOSE[0m Callback method :checkLayoutParams in Class android.support.v4.view.ViewPager added
[WARNING] [32mVERBOSE[0m Callback method :onKeyDown in Class android.support.v4.app.FragmentActivity added
[WARNING] [32mVERBOSE[0m Callback method :onPanelClosed in Class android.support.v4.app.FragmentActivity added
[WARNING] [32mVERBOSE[0m Callback method :onConfigurationChanged in Class android.support.v4.app.FragmentActivity added
[WARNING] [32mVERBOSE[0m Callback method :onMenuItemSelected in Class android.support.v4.app.FragmentActivity added
[WARNING] [32mVERBOSE[0m Callback method :onBackPressed in Class android.support.v4.app.FragmentActivity added
[WARNING] [32mVERBOSE[0m Callback method :onRetainNonConfigurationInstance in Class android.support.v4.app.FragmentActivity added
[WARNING] [32mVERBOSE[0m Callback method :onNewIntent in Class android.support.v4.app.FragmentActivity added
[WARNING] [32mVERBOSE[0m Callback method :onPause in Class android.support.v4.app.FragmentActivity added
[WARNING] [32mVERBOSE[0m Callback method :onStop in Class android.support.v4.app.FragmentActivity added
[WARNING] [32mVERBOSE[0m Callback method :onCreatePanelMenu in Class android.support.v4.app.FragmentActivity added
[WARNING] [32mVERBOSE[0m Callback method :dump in Class android.support.v4.app.FragmentActivity added
[WARNING] [32mVERBOSE[0m Callback method :onCreate in Class android.support.v4.app.FragmentActivity added
[WARNING] [32mVERBOSE[0m Callback method :onCreateView in Class android.support.v4.app.FragmentActivity added
[WARNING] [32mVERBOSE[0m Callback method :onDestroy in Class android.support.v4.app.FragmentActivity added
[WARNING] [32mVERBOSE[0m Callback method :onPreparePanel in Class android.support.v4.app.FragmentActivity added
[WARNING] [32mVERBOSE[0m Callback method :onStart in Class android.support.v4.app.FragmentActivity added
[WARNING] [32mVERBOSE[0m Callback method :onSaveInstanceState in Class android.support.v4.app.FragmentActivity added
[WARNING] [32mVERBOSE[0m Callback method :startActivityForResult in Class android.support.v4.app.FragmentActivity added
[WARNING] [32mVERBOSE[0m Callback method :onActivityResult in Class android.support.v4.app.FragmentActivity added
[WARNING] [32mVERBOSE[0m Callback method :onPostResume in Class android.support.v4.app.FragmentActivity added
[WARNING] [32mVERBOSE[0m Callback method :onResume in Class android.support.v4.app.FragmentActivity added
[WARNING] [32mVERBOSE[0m Callback method :onLowMemory in Class android.support.v4.app.FragmentActivity added
[WARNING] [32mVERBOSE[0m Callback method :onLowMemory in Class android.support.v4.app.Fragment added
[WARNING] [32mVERBOSE[0m Callback method :onCreateContextMenu in Class android.support.v4.app.Fragment added
[WARNING] [32mVERBOSE[0m Callback method :onCancel in Class android.support.v4.app.DialogFragment added
[WARNING] [32mVERBOSE[0m Callback method :onDismiss in Class android.support.v4.app.DialogFragment added
[WARNING] [32mVERBOSE[0m Callback method :onConfigurationChanged in Class android.support.v4.app.Fragment added
[WARNING] [32mVERBOSE[0m Callback method :onMeasure in Class com.google.ads.AdView added
[WARNING] [32mVERBOSE[0m Callback method :onWindowVisibilityChanged in Class com.google.ads.AdView added
[WARNING] [32mVERBOSE[0m Callback method :onMeasure in Class android.support.v4.view.PagerTitleStrip added
[WARNING] [32mVERBOSE[0m Callback method :requestLayout in Class android.support.v4.view.PagerTitleStrip added
[WARNING] [32mVERBOSE[0m Callback method :onLayout in Class android.support.v4.view.PagerTitleStrip added
[WARNING] [32mVERBOSE[0m Callback method :onDetachedFromWindow in Class android.support.v4.view.PagerTitleStrip added
[WARNING] [32mVERBOSE[0m Callback method :onAttachedToWindow in Class android.support.v4.view.PagerTitleStrip added
[WARNING] [32mVERBOSE[0m Callback method :getItem in Class android.support.v4.widget.CursorAdapter added
[WARNING] [32mVERBOSE[0m Callback method :getView in Class android.support.v4.widget.CursorAdapter added
[WARNING] [32mVERBOSE[0m Callback method :getDropDownView in Class android.support.v4.widget.CursorAdapter added
[WARNING] [32mVERBOSE[0m Callback method :getFilter in Class android.support.v4.widget.CursorAdapter added
[WARNING] [32mVERBOSE[0m Callback method :getCount in Class android.support.v4.widget.CursorAdapter added
[WARNING] [32mVERBOSE[0m Callback method :getItemId in Class android.support.v4.widget.CursorAdapter added
[WARNING] [32mVERBOSE[0m Callback method :hasStableIds in Class android.support.v4.widget.CursorAdapter added
[WARNING] [32mVERBOSE[0m Callback method :onMeasure in Class com.google.ads.AdView added
[WARNING] [32mVERBOSE[0m Callback method :onWindowVisibilityChanged in Class com.google.ads.AdView added
[WARNING] [32mVERBOSE[0m Callback method :onPause in Class andrei.brusentcov.common.android.activities.RandomBgActivity added
[WARNING] [32mVERBOSE[0m Callback method :onCreate in Class andrei.brusentcov.common.android.activities.AppsGalleryActivity added
[WARNING] [32mVERBOSE[0m Callback method :onResume in Class andrei.brusentcov.common.android.activities.AppsGalleryActivity added
[WARNING] [32mVERBOSE[0m Callback method :onPause in Class andrei.brusentcov.common.android.activities.MyActivity added
[WARNING] [32mVERBOSE[0m Callback method :onCreate in Class andrei.brusentcov.lnguagepazzle.MenuActivity added
[WARNING] [32mVERBOSE[0m Callback method :onRestart in Class andrei.brusentcov.lnguagepazzle.MenuActivity added
[WARNING] [32mVERBOSE[0m Callback method :onResume in Class andrei.brusentcov.lnguagepazzle.MenuActivity added
[WARNING] [32mVERBOSE[0m Callback method :onLowMemory in Class android.support.v4.app.Fragment added
[WARNING] [32mVERBOSE[0m Callback method :onCreateContextMenu in Class android.support.v4.app.Fragment added
[WARNING] [32mVERBOSE[0m Callback method :onConfigurationChanged in Class android.support.v4.app.Fragment added
[WARNING] [32mVERBOSE[0m Callback method :getItem in Class android.support.v4.widget.CursorAdapter added
[WARNING] [32mVERBOSE[0m Callback method :getView in Class android.support.v4.widget.CursorAdapter added
[WARNING] [32mVERBOSE[0m Callback method :getDropDownView in Class android.support.v4.widget.CursorAdapter added
[WARNING] [32mVERBOSE[0m Callback method :getFilter in Class android.support.v4.widget.CursorAdapter added
[WARNING] [32mVERBOSE[0m Callback method :getCount in Class android.support.v4.widget.CursorAdapter added
[WARNING] [32mVERBOSE[0m Callback method :getItemId in Class android.support.v4.widget.CursorAdapter added
[WARNING] [32mVERBOSE[0m Callback method :hasStableIds in Class android.support.v4.widget.CursorAdapter added
[WARNING] [32mVERBOSE[0m Callback method :onTransact in Class com.google.android.gms.analytics.internal.IAnalyticsService$Stub added
[WARNING] [32mVERBOSE[0m Callback method :asBinder in Class com.google.android.gms.analytics.internal.IAnalyticsService$Stub added
[WARNING] [32mVERBOSE[0m Callback method :generateLayoutParams in Class android.support.v4.widget.SlidingPaneLayout added
[WARNING] [32mVERBOSE[0m Callback method :drawChild in Class android.support.v4.widget.SlidingPaneLayout added
[WARNING] [32mVERBOSE[0m Callback method :draw in Class android.support.v4.widget.SlidingPaneLayout added
[WARNING] [32mVERBOSE[0m Callback method :onRestoreInstanceState in Class android.support.v4.widget.SlidingPaneLayout added
[WARNING] [32mVERBOSE[0m Callback method :generateDefaultLayoutParams in Class android.support.v4.widget.SlidingPaneLayout added
[WARNING] [32mVERBOSE[0m Callback method :onMeasure in Class android.support.v4.widget.SlidingPaneLayout added
[WARNING] [32mVERBOSE[0m Callback method :requestChildFocus in Class android.support.v4.widget.SlidingPaneLayout added
[WARNING] [32mVERBOSE[0m Callback method :onSaveInstanceState in Class android.support.v4.widget.SlidingPaneLayout added
[WARNING] [32mVERBOSE[0m Callback method :onLayout in Class android.support.v4.widget.SlidingPaneLayout added
[WARNING] [32mVERBOSE[0m Callback method :onTouchEvent in Class android.support.v4.widget.SlidingPaneLayout added
[WARNING] [32mVERBOSE[0m Callback method :onDetachedFromWindow in Class android.support.v4.widget.SlidingPaneLayout added
[WARNING] [32mVERBOSE[0m Callback method :computeScroll in Class android.support.v4.widget.SlidingPaneLayout added
[WARNING] [32mVERBOSE[0m Callback method :onAttachedToWindow in Class android.support.v4.widget.SlidingPaneLayout added
[WARNING] [32mVERBOSE[0m Callback method :onInterceptTouchEvent in Class android.support.v4.widget.SlidingPaneLayout added
[WARNING] [32mVERBOSE[0m Callback method :onSizeChanged in Class android.support.v4.widget.SlidingPaneLayout added
[WARNING] [32mVERBOSE[0m Callback method :generateLayoutParams in Class android.support.v4.widget.SlidingPaneLayout added
[WARNING] [32mVERBOSE[0m Callback method :checkLayoutParams in Class android.support.v4.widget.SlidingPaneLayout added
0 ICC links found and 0 cg edges added due to ICC links
dynamic conflated call graph: 1013 methods; 1013 nodes; 1411 edges.
maxpossibleFlows=1
maxpossibleFlows=1
maxpossibleFlows=1
maxpossibleFlows=1
maxpossibleFlows=1
maxpossibleFlows=1
maxpossibleFlows=1
maxpossibleFlows=1
maxpossibleFlows=1
maxpossibleFlows=1
maxpossibleFlows=1
maxpossibleFlows=1
maxpossibleFlows=1
maxpossibleFlows=1
maxpossibleFlows=1
maxpossibleFlows=1
maxpossibleFlows=1
maxpossibleFlows=1
maxpossibleFlows=1
maxpossibleFlows=1
maxpossibleFlows=1
maxpossibleFlows=1
maxpossibleFlows=1
maxpossibleFlows=1
maxpossibleFlows=1
maxpossibleFlows=1
maxpossibleFlows=1
maxpossibleFlows=1
maxpossibleFlows=1
maxpossibleFlows=1
maxpossibleFlows=1
maxpossibleFlows=1
maxpossibleFlows=1
maxpossibleFlows=1
maxpossibleFlows=1
maxpossibleFlows=1
maxpossibleFlows=1
maxpossibleFlows=1
maxpossibleFlows=1
maxpossibleFlows=1
maxpossibleFlows=1
maxpossibleFlows=1
maxpossibleFlows=1
maxpossibleFlows=1
maxpossibleFlows=1
maxpossibleFlows=1
maxpossibleFlows=1
maxpossibleFlows=1
maxpossibleFlows=1
maxpossibleFlows=1
maxpossibleFlows=1
maxpossibleFlows=1
maxpossibleFlows=1
maxpossibleFlows=1
maxpossibleFlows=1
maxpossibleFlows=1
maxpossibleFlows=1
maxpossibleFlows=1
maxpossibleFlows=1
maxpossibleFlows=1
maxpossibleFlows=1
maxpossibleFlows=1
maxpossibleFlows=1
maxpossibleFlows=1
maxpossibleFlows=1
maxpossibleFlows=1
maxpossibleFlows=1
maxpossibleFlows=1
maxpossibleFlows=1
maxpossibleFlows=1
maxpossibleFlows=1
maxpossibleFlows=1
maxpossibleFlows=1
maxpossibleFlows=1
maxpossibleFlows=1
maxpossibleFlows=1
maxpossibleFlows=1
maxpossibleFlows=1
maxpossibleFlows=2
maxpossibleFlows=1
maxpossibleFlows=1
maxpossibleFlows=5
5 taint flow paths FOUND from <android.content.ContextWrapper: java.io.File getDatabasePath(java.lang.String)> to <android.webkit.WebSettings: void setDisplayZoomControls(boolean)>
maxpossibleFlows=235
235 taint flow paths FOUND from <java.util.AbstractList: java.lang.Object remove(int)> to <java.io.PrintWriter: void write(java.lang.String)>
maxpossibleFlows=1
maxpossibleFlows=1
maxpossibleFlows=1
maxpossibleFlows=1
maxpossibleFlows=1
maxpossibleFlows=1
maxpossibleFlows=1
maxpossibleFlows=1
maxpossibleFlows=1
maxpossibleFlows=1
maxpossibleFlows=1
1 taint flow paths FOUND from <java.lang.String: byte[] getBytes()> to <java.io.OutputStream: void write(byte[])>
maxpossibleFlows=1
maxpossibleFlows=1
maxpossibleFlows=1
maxpossibleFlows=1
maxpossibleFlows=1
maxpossibleFlows=3
maxpossibleFlows=3
maxpossibleFlows=2
maxpossibleFlows=3
maxpossibleFlows=3
maxpossibleFlows=3
maxpossibleFlows=1
maxpossibleFlows=3
maxpossibleFlows=3
maxpossibleFlows=2
maxpossibleFlows=3
maxpossibleFlows=2
maxpossibleFlows=3
maxpossibleFlows=3
maxpossibleFlows=3
maxpossibleFlows=3
maxpossibleFlows=1
maxpossibleFlows=3
maxpossibleFlows=2
maxpossibleFlows=3
maxpossibleFlows=3
maxpossibleFlows=3
maxpossibleFlows=3
maxpossibleFlows=3
3 taint flow paths FOUND from <android.view.View: android.content.Context getContext()> to <android.webkit.WebSettings: void setUserAgentString(java.lang.String)>
maxpossibleFlows=1
maxpossibleFlows=1
maxpossibleFlows=1
maxpossibleFlows=1
maxpossibleFlows=1
maxpossibleFlows=1
maxpossibleFlows=1
maxpossibleFlows=1
maxpossibleFlows=1
maxpossibleFlows=1
maxpossibleFlows=1
maxpossibleFlows=1
maxpossibleFlows=1
maxpossibleFlows=1
maxpossibleFlows=1
maxpossibleFlows=1
maxpossibleFlows=1
maxpossibleFlows=1
maxpossibleFlows=1
maxpossibleFlows=1
maxpossibleFlows=1
maxpossibleFlows=1
maxpossibleFlows=1
maxpossibleFlows=1
maxpossibleFlows=1
maxpossibleFlows=1
maxpossibleFlows=1
maxpossibleFlows=1
maxpossibleFlows=1
maxpossibleFlows=1
maxpossibleFlows=1
maxpossibleFlows=1
maxpossibleFlows=1
maxpossibleFlows=1
maxpossibleFlows=1
maxpossibleFlows=1
maxpossibleFlows=1
maxpossibleFlows=1
maxpossibleFlows=1
maxpossibleFlows=1
maxpossibleFlows=1
maxpossibleFlows=1
maxpossibleFlows=1
maxpossibleFlows=1
maxpossibleFlows=1
maxpossibleFlows=1
maxpossibleFlows=1
maxpossibleFlows=1
maxpossibleFlows=1
maxpossibleFlows=1
maxpossibleFlows=1
maxpossibleFlows=1
maxpossibleFlows=1
maxpossibleFlows=1
maxpossibleFlows=1
maxpossibleFlows=1
maxpossibleFlows=2
maxpossibleFlows=1
maxpossibleFlows=1
maxpossibleFlows=1
maxpossibleFlows=1
maxpossibleFlows=1
maxpossibleFlows=1
maxpossibleFlows=1
maxpossibleFlows=1
maxpossibleFlows=1
maxpossibleFlows=1
maxpossibleFlows=1
maxpossibleFlows=1
maxpossibleFlows=1
maxpossibleFlows=1
maxpossibleFlows=1
maxpossibleFlows=1
maxpossibleFlows=1
maxpossibleFlows=1
maxpossibleFlows=1
maxpossibleFlows=1
maxpossibleFlows=1
maxpossibleFlows=1
maxpossibleFlows=1
maxpossibleFlows=1
maxpossibleFlows=1
maxpossibleFlows=1
maxpossibleFlows=3
maxpossibleFlows=1
maxpossibleFlows=5
5 taint flow paths FOUND from <java.lang.Long: long longValue()> to <android.webkit.WebSettings: void setDisplayZoomControls(boolean)>
maxpossibleFlows=1
maxpossibleFlows=1
maxpossibleFlows=1
maxpossibleFlows=3
maxpossibleFlows=1
1 taint flow paths FOUND from <android.content.ContextWrapper: android.content.Context getApplicationContext()> to <java.util.TreeSet: boolean add(java.lang.Object)>
maxpossibleFlows=2
maxpossibleFlows=1
maxpossibleFlows=1
maxpossibleFlows=1
maxpossibleFlows=1
maxpossibleFlows=1
maxpossibleFlows=1
maxpossibleFlows=1
maxpossibleFlows=1
maxpossibleFlows=1
1 taint flow paths FOUND from <android.content.ContextWrapper: android.content.pm.PackageManager getPackageManager()> to <java.lang.String: boolean startsWith(java.lang.String)>
maxpossibleFlows=1
maxpossibleFlows=1
maxpossibleFlows=1
maxpossibleFlows=1
maxpossibleFlows=1
maxpossibleFlows=1
maxpossibleFlows=1
maxpossibleFlows=1
maxpossibleFlows=1
maxpossibleFlows=1
maxpossibleFlows=1
maxpossibleFlows=1
maxpossibleFlows=1
maxpossibleFlows=1
maxpossibleFlows=1
maxpossibleFlows=1
maxpossibleFlows=1
maxpossibleFlows=1
maxpossibleFlows=1
maxpossibleFlows=1
maxpossibleFlows=1
maxpossibleFlows=1
maxpossibleFlows=1
maxpossibleFlows=1
maxpossibleFlows=1
maxpossibleFlows=1
maxpossibleFlows=1
maxpossibleFlows=1
maxpossibleFlows=1
maxpossibleFlows=1
maxpossibleFlows=2
maxpossibleFlows=1
maxpossibleFlows=1
maxpossibleFlows=1
maxpossibleFlows=1
maxpossibleFlows=1
maxpossibleFlows=1
maxpossibleFlows=1
maxpossibleFlows=1
maxpossibleFlows=1
maxpossibleFlows=1
maxpossibleFlows=1
maxpossibleFlows=1
maxpossibleFlows=1
maxpossibleFlows=1
maxpossibleFlows=1
maxpossibleFlows=1
maxpossibleFlows=1
maxpossibleFlows=1
maxpossibleFlows=1
maxpossibleFlows=1
maxpossibleFlows=1
maxpossibleFlows=1
maxpossibleFlows=1
maxpossibleFlows=1
maxpossibleFlows=1
maxpossibleFlows=1
maxpossibleFlows=2
maxpossibleFlows=1
maxpossibleFlows=1
maxpossibleFlows=1
maxpossibleFlows=1
maxpossibleFlows=2
maxpossibleFlows=1
maxpossibleFlows=1
maxpossibleFlows=1
maxpossibleFlows=1
maxpossibleFlows=1
maxpossibleFlows=1
maxpossibleFlows=1
maxpossibleFlows=1
maxpossibleFlows=1
maxpossibleFlows=1
maxpossibleFlows=1
maxpossibleFlows=1
maxpossibleFlows=1
maxpossibleFlows=1
maxpossibleFlows=1
maxpossibleFlows=1
maxpossibleFlows=1
maxpossibleFlows=1
maxpossibleFlows=1
maxpossibleFlows=1
maxpossibleFlows=1
maxpossibleFlows=1
maxpossibleFlows=1
maxpossibleFlows=1
maxpossibleFlows=1
maxpossibleFlows=1
maxpossibleFlows=1
maxpossibleFlows=1
maxpossibleFlows=1
maxpossibleFlows=5
5 taint flow paths FOUND from <java.io.File: java.lang.String getAbsolutePath()> to <android.webkit.WebSettings: void setDisplayZoomControls(boolean)>
maxpossibleFlows=2
maxpossibleFlows=2
maxpossibleFlows=2
maxpossibleFlows=2
maxpossibleFlows=2
maxpossibleFlows=2
maxpossibleFlows=2
maxpossibleFlows=2
maxpossibleFlows=2
maxpossibleFlows=2
maxpossibleFlows=1
maxpossibleFlows=1
1 taint flow paths FOUND from <android.widget.ProgressBar: android.graphics.drawable.Drawable getIndeterminateDrawable()> to <android.graphics.drawable.Drawable: void setColorFilter(int,android.graphics.PorterDuff$Mode)>
maxpossibleFlows=1
maxpossibleFlows=9
9 taint flow paths FOUND from <android.app.Activity: java.lang.Object getSystemService(java.lang.String)> to <android.app.Activity: boolean onKeyDown(int,android.view.KeyEvent)>
maxpossibleFlows=1
maxpossibleFlows=1
maxpossibleFlows=1
maxpossibleFlows=1
maxpossibleFlows=1
maxpossibleFlows=1
maxpossibleFlows=1196
maxpossibleFlows=235
maxpossibleFlows=486
maxpossibleFlows=5
5 taint flow paths FOUND from <android.content.ContextWrapper: java.io.File getCacheDir()> to <android.webkit.WebSettings: void setDisplayZoomControls(boolean)>
maxpossibleFlows=1
maxpossibleFlows=1
maxpossibleFlows=1
1 taint flow paths FOUND from <java.util.TreeSet: java.util.Iterator iterator()> to <java.lang.String: boolean startsWith(java.lang.String)>
maxpossibleFlows=1
maxpossibleFlows=1
maxpossibleFlows=1
maxpossibleFlows=1
maxpossibleFlows=1
1 taint flow paths FOUND from <android.content.ContextWrapper: java.lang.String getPackageName()> to <java.util.TreeSet: boolean add(java.lang.Object)>
maxpossibleFlows=2
maxpossibleFlows=3
3 taint flow paths FOUND from <android.webkit.WebView: android.webkit.WebSettings getSettings()> to <android.webkit.WebSettings: void setSavePassword(boolean)>
maxpossibleFlows=1
maxpossibleFlows=1
maxpossibleFlows=1
maxpossibleFlows=1
maxpossibleFlows=1
maxpossibleFlows=5
5 taint flow paths FOUND from <android.content.ContextWrapper: java.io.File getDatabasePath(java.lang.String)> to <android.webkit.WebSettings: void setDisplayZoomControls(boolean)>
maxpossibleFlows=2
maxpossibleFlows=1
maxpossibleFlows=2
maxpossibleFlows=1
maxpossibleFlows=1
maxpossibleFlows=1
1 taint flow paths FOUND from <android.content.ContextWrapper: android.content.Context getApplicationContext()> to <java.util.TreeSet: boolean add(java.lang.Object)>
maxpossibleFlows=1
maxpossibleFlows=1
maxpossibleFlows=1
maxpossibleFlows=3
maxpossibleFlows=3
maxpossibleFlows=1
maxpossibleFlows=1
maxpossibleFlows=1
maxpossibleFlows=3
maxpossibleFlows=3
maxpossibleFlows=1
maxpossibleFlows=1
maxpossibleFlows=1
maxpossibleFlows=1
maxpossibleFlows=3
maxpossibleFlows=3
maxpossibleFlows=1
maxpossibleFlows=3
3 taint flow paths FOUND from <android.webkit.WebView: android.webkit.WebSettings getSettings()> to <android.webkit.WebSettings: void setSavePassword(boolean)>
maxpossibleFlows=1
maxpossibleFlows=1
maxpossibleFlows=1
maxpossibleFlows=2
maxpossibleFlows=2
maxpossibleFlows=1
maxpossibleFlows=1
maxpossibleFlows=1
maxpossibleFlows=1
maxpossibleFlows=2
maxpossibleFlows=1
maxpossibleFlows=1
1 taint flow paths FOUND from <android.content.ContextWrapper: android.content.Context getApplicationContext()> to <java.lang.String: boolean startsWith(java.lang.String)>
maxpossibleFlows=1
maxpossibleFlows=1
maxpossibleFlows=1
maxpossibleFlows=5
maxpossibleFlows=3
maxpossibleFlows=1
maxpossibleFlows=1
maxpossibleFlows=1
maxpossibleFlows=5
maxpossibleFlows=3
maxpossibleFlows=1
maxpossibleFlows=1
maxpossibleFlows=1
maxpossibleFlows=1
maxpossibleFlows=5
4 taint flow paths FOUND from <java.io.File: java.lang.String getAbsolutePath()> to <android.webkit.WebSettings: void setAppCacheEnabled(boolean)>
maxpossibleFlows=1
maxpossibleFlows=1
maxpossibleFlows=1
maxpossibleFlows=1
maxpossibleFlows=1
maxpossibleFlows=1
maxpossibleFlows=1196
maxpossibleFlows=1
maxpossibleFlows=1
maxpossibleFlows=1
maxpossibleFlows=1
maxpossibleFlows=1
maxpossibleFlows=5
maxpossibleFlows=3
maxpossibleFlows=1
maxpossibleFlows=1
maxpossibleFlows=1
maxpossibleFlows=5
5 taint flow paths FOUND from <java.lang.Long: long longValue()> to <android.webkit.WebSettings: void setAppCacheMaxSize(long)>
maxpossibleFlows=1
maxpossibleFlows=1
maxpossibleFlows=1
maxpossibleFlows=3
maxpossibleFlows=3
maxpossibleFlows=1
maxpossibleFlows=1
maxpossibleFlows=1
maxpossibleFlows=3
maxpossibleFlows=3
maxpossibleFlows=1
maxpossibleFlows=1
maxpossibleFlows=1
maxpossibleFlows=1
maxpossibleFlows=3
maxpossibleFlows=3
maxpossibleFlows=1
maxpossibleFlows=3
3 taint flow paths FOUND from <android.webkit.WebView: android.webkit.WebSettings getSettings()> to <android.webkit.WebView: void setScrollBarStyle(int)>
maxpossibleFlows=1
maxpossibleFlows=1
maxpossibleFlows=1
maxpossibleFlows=1
maxpossibleFlows=1
maxpossibleFlows=1
maxpossibleFlows=3
maxpossibleFlows=3
maxpossibleFlows=1
maxpossibleFlows=1
maxpossibleFlows=1
maxpossibleFlows=3
maxpossibleFlows=3
maxpossibleFlows=1
maxpossibleFlows=1
maxpossibleFlows=1
maxpossibleFlows=1
maxpossibleFlows=3
maxpossibleFlows=3
maxpossibleFlows=1
maxpossibleFlows=3
3 taint flow paths FOUND from <android.webkit.WebView: android.webkit.WebSettings getSettings()> to <android.webkit.WebSettings: void setSupportMultipleWindows(boolean)>
maxpossibleFlows=1
maxpossibleFlows=1
maxpossibleFlows=1
maxpossibleFlows=5
maxpossibleFlows=3
maxpossibleFlows=1
maxpossibleFlows=1
maxpossibleFlows=1
maxpossibleFlows=5
5 taint flow paths FOUND from <java.lang.Long: long longValue()> to <android.webkit.WebSettings: void setDatabaseEnabled(boolean)>
maxpossibleFlows=1
maxpossibleFlows=1
maxpossibleFlows=1
maxpossibleFlows=2
maxpossibleFlows=2
maxpossibleFlows=1
maxpossibleFlows=1
maxpossibleFlows=1
maxpossibleFlows=2
maxpossibleFlows=2
maxpossibleFlows=1
maxpossibleFlows=1
maxpossibleFlows=1
maxpossibleFlows=1
maxpossibleFlows=2
maxpossibleFlows=2
maxpossibleFlows=1
maxpossibleFlows=2
maxpossibleFlows=1
maxpossibleFlows=1
maxpossibleFlows=1
maxpossibleFlows=5
5 taint flow paths FOUND from <android.content.ContextWrapper: java.io.File getDatabasePath(java.lang.String)> to <android.webkit.WebSettings: void setDomStorageEnabled(boolean)>
maxpossibleFlows=1
maxpossibleFlows=1
maxpossibleFlows=1
maxpossibleFlows=2
maxpossibleFlows=2
maxpossibleFlows=1
maxpossibleFlows=1
maxpossibleFlows=1
maxpossibleFlows=2
maxpossibleFlows=1
maxpossibleFlows=1
maxpossibleFlows=1
maxpossibleFlows=1
maxpossibleFlows=1
maxpossibleFlows=2
maxpossibleFlows=2
maxpossibleFlows=1
maxpossibleFlows=2
maxpossibleFlows=1
1 taint flow paths FOUND from <android.widget.ProgressBar: android.graphics.drawable.Drawable getIndeterminateDrawable()> to <android.graphics.drawable.Drawable: void setColorFilter(int,android.graphics.PorterDuff$Mode)>
maxpossibleFlows=1
maxpossibleFlows=1
maxpossibleFlows=1
maxpossibleFlows=3
maxpossibleFlows=3
maxpossibleFlows=1
maxpossibleFlows=1
maxpossibleFlows=1
maxpossibleFlows=3
maxpossibleFlows=3
maxpossibleFlows=1
maxpossibleFlows=1
maxpossibleFlows=1
maxpossibleFlows=1
maxpossibleFlows=3
maxpossibleFlows=3
maxpossibleFlows=1
maxpossibleFlows=3
3 taint flow paths FOUND from <android.webkit.WebView: android.webkit.WebSettings getSettings()> to <android.webkit.WebView: void setWebChromeClient(android.webkit.WebChromeClient)>
maxpossibleFlows=1
maxpossibleFlows=1
maxpossibleFlows=1
maxpossibleFlows=1
maxpossibleFlows=1
maxpossibleFlows=1
1 taint flow paths FOUND from <android.content.ContextWrapper: java.lang.String getPackageName()> to <android.content.ContextWrapper: boolean bindService(android.content.Intent,android.content.ServiceConnection,int)>
maxpossibleFlows=1
maxpossibleFlows=1
maxpossibleFlows=1
maxpossibleFlows=3
maxpossibleFlows=3
maxpossibleFlows=1
maxpossibleFlows=1
maxpossibleFlows=1
maxpossibleFlows=3
maxpossibleFlows=3
maxpossibleFlows=1
maxpossibleFlows=1
maxpossibleFlows=1
maxpossibleFlows=1
maxpossibleFlows=3
maxpossibleFlows=3
maxpossibleFlows=1
maxpossibleFlows=3
maxpossibleFlows=1
maxpossibleFlows=1
maxpossibleFlows=1
maxpossibleFlows=1
maxpossibleFlows=1
maxpossibleFlows=1
1 taint flow paths FOUND from <android.content.ContextWrapper: java.lang.String getPackageName()> to <android.content.Intent: android.content.Intent putExtra(java.lang.String,java.lang.String)>
maxpossibleFlows=1
maxpossibleFlows=1
maxpossibleFlows=1
maxpossibleFlows=5
5 taint flow paths FOUND from <android.content.ContextWrapper: java.io.File getDatabasePath(java.lang.String)> to <android.webkit.WebSettings: void setSupportZoom(boolean)>
maxpossibleFlows=1
maxpossibleFlows=1
maxpossibleFlows=1
maxpossibleFlows=3
maxpossibleFlows=3
maxpossibleFlows=1
maxpossibleFlows=1
maxpossibleFlows=1
maxpossibleFlows=3
maxpossibleFlows=3
maxpossibleFlows=1
maxpossibleFlows=1
maxpossibleFlows=1
maxpossibleFlows=1
maxpossibleFlows=3
maxpossibleFlows=3
maxpossibleFlows=1
maxpossibleFlows=3
3 taint flow paths FOUND from <android.webkit.WebView: android.webkit.WebSettings getSettings()> to <android.webkit.WebSettings: void setJavaScriptEnabled(boolean)>
maxpossibleFlows=1
maxpossibleFlows=1
maxpossibleFlows=1
maxpossibleFlows=1
maxpossibleFlows=1
maxpossibleFlows=1
maxpossibleFlows=1
maxpossibleFlows=1
maxpossibleFlows=1
maxpossibleFlows=1
maxpossibleFlows=1
maxpossibleFlows=1
maxpossibleFlows=1
maxpossibleFlows=1
maxpossibleFlows=1
maxpossibleFlows=1
maxpossibleFlows=1
maxpossibleFlows=1
maxpossibleFlows=1
maxpossibleFlows=1
1 taint flow paths FOUND from <java.lang.String: byte[] getBytes()> to <java.io.OutputStream: void write(byte[])>
maxpossibleFlows=1
maxpossibleFlows=1
maxpossibleFlows=1
maxpossibleFlows=5
5 taint flow paths FOUND from <android.content.ContextWrapper: java.io.File getDatabasePath(java.lang.String)> to <android.webkit.WebSettings: void setBuiltInZoomControls(boolean)>
maxpossibleFlows=1
maxpossibleFlows=1
maxpossibleFlows=1
maxpossibleFlows=2
maxpossibleFlows=2
maxpossibleFlows=1
maxpossibleFlows=1
maxpossibleFlows=1
maxpossibleFlows=2
maxpossibleFlows=1
maxpossibleFlows=1
maxpossibleFlows=1
maxpossibleFlows=1
maxpossibleFlows=1
maxpossibleFlows=2
maxpossibleFlows=2
maxpossibleFlows=1
maxpossibleFlows=2
maxpossibleFlows=1
maxpossibleFlows=1
maxpossibleFlows=1
maxpossibleFlows=3
maxpossibleFlows=3
maxpossibleFlows=1
maxpossibleFlows=1
maxpossibleFlows=1
maxpossibleFlows=3
maxpossibleFlows=3
maxpossibleFlows=1
maxpossibleFlows=1
maxpossibleFlows=1
maxpossibleFlows=1
maxpossibleFlows=3
maxpossibleFlows=3
maxpossibleFlows=1
maxpossibleFlows=3
maxpossibleFlows=1
maxpossibleFlows=1
maxpossibleFlows=1
maxpossibleFlows=5
maxpossibleFlows=3
maxpossibleFlows=1
maxpossibleFlows=1
maxpossibleFlows=1
maxpossibleFlows=5
5 taint flow paths FOUND from <java.lang.Long: long longValue()> to <android.webkit.WebSettings: void setAppCachePath(java.lang.String)>
maxpossibleFlows=235
235 taint flow paths FOUND from <java.util.AbstractList: java.lang.Object remove(int)> to <java.io.PrintWriter: void write(java.lang.String)>
maxpossibleFlows=1
maxpossibleFlows=1
maxpossibleFlows=1
maxpossibleFlows=1
maxpossibleFlows=1
maxpossibleFlows=1
maxpossibleFlows=3
maxpossibleFlows=3
maxpossibleFlows=1
maxpossibleFlows=1
maxpossibleFlows=1
maxpossibleFlows=3
maxpossibleFlows=3
maxpossibleFlows=1
maxpossibleFlows=1
maxpossibleFlows=1
maxpossibleFlows=1
maxpossibleFlows=3
maxpossibleFlows=3
maxpossibleFlows=1
maxpossibleFlows=3
3 taint flow paths FOUND from <android.webkit.WebView: android.webkit.WebSettings getSettings()> to <android.webkit.WebView: void setDownloadListener(android.webkit.DownloadListener)>
maxpossibleFlows=1
maxpossibleFlows=1
maxpossibleFlows=1
maxpossibleFlows=5
5 taint flow paths FOUND from <android.content.ContextWrapper: java.io.File getDatabasePath(java.lang.String)> to <android.webkit.WebSettings: void setDatabasePath(java.lang.String)>
maxpossibleFlows=486
maxpossibleFlows=1
maxpossibleFlows=1
maxpossibleFlows=1
maxpossibleFlows=3
maxpossibleFlows=3
3 taint flow paths FOUND from <android.view.View: android.content.Context getContext()> to <android.webkit.WebSettings: void setUserAgentString(java.lang.String)>
maxpossibleFlows=9
9 taint flow paths FOUND from <android.app.Activity: java.lang.Object getSystemService(java.lang.String)> to <android.app.Activity: boolean onKeyDown(int,android.view.KeyEvent)>
maxpossibleFlows=1
maxpossibleFlows=1
maxpossibleFlows=1
maxpossibleFlows=1
maxpossibleFlows=1
maxpossibleFlows=3
maxpossibleFlows=1
maxpossibleFlows=1
maxpossibleFlows=1
maxpossibleFlows=1
maxpossibleFlows=1
maxpossibleFlows=1
maxpossibleFlows=1
maxpossibleFlows=1
maxpossibleFlows=1
maxpossibleFlows=1
maxpossibleFlows=1
maxpossibleFlows=1
maxpossibleFlows=1
maxpossibleFlows=1
maxpossibleFlows=1
maxpossibleFlows=1
maxpossibleFlows=1
maxpossibleFlows=1
maxpossibleFlows=1
maxpossibleFlows=1
maxpossibleFlows=1
maxpossibleFlows=1
maxpossibleFlows=1
maxpossibleFlows=1
maxpossibleFlows=1
maxpossibleFlows=1
maxpossibleFlows=1
maxpossibleFlows=1
maxpossibleFlows=1
maxpossibleFlows=1
maxpossibleFlows=1
maxpossibleFlows=1
maxpossibleFlows=1
maxpossibleFlows=1
maxpossibleFlows=1
maxpossibleFlows=1
maxpossibleFlows=1
maxpossibleFlows=1
maxpossibleFlows=1
maxpossibleFlows=1
maxpossibleFlows=1
maxpossibleFlows=1
maxpossibleFlows=1
maxpossibleFlows=1
maxpossibleFlows=1
maxpossibleFlows=1
maxpossibleFlows=1
maxpossibleFlows=1
maxpossibleFlows=1
maxpossibleFlows=1
maxpossibleFlows=1
maxpossibleFlows=1
maxpossibleFlows=1
maxpossibleFlows=1
[WARNING] [32mVERBOSE[0m Callback method :<init> in Class android.support.v4.app.Fragment
[WARNING] [32mVERBOSE[0m Callback method :onConfigurationChanged in Class android.support.v4.app.Fragment
[WARNING] [32mVERBOSE[0m Callback method :onCreateContextMenu in Class android.support.v4.app.Fragment
[WARNING] [32mVERBOSE[0m Callback method :onLowMemory in Class android.support.v4.app.Fragment
[WARNING] [32mVERBOSE[0m Callback method :<init> in Class android.support.v4.app.DialogFragment
[WARNING] [32mVERBOSE[0m Callback method :onCancel in Class android.support.v4.app.DialogFragment
[WARNING] [32mVERBOSE[0m Callback method :onDismiss in Class android.support.v4.app.DialogFragment
[WARNING] [32mVERBOSE[0m Callback method :onAttachedToWindow in Class android.support.v4.app.FragmentTabHost
[WARNING] [32mVERBOSE[0m Callback method :onDetachedFromWindow in Class android.support.v4.app.FragmentTabHost
[WARNING] [32mVERBOSE[0m Callback method :onRestoreInstanceState in Class android.support.v4.app.FragmentTabHost
[WARNING] [32mVERBOSE[0m Callback method :onSaveInstanceState in Class android.support.v4.app.FragmentTabHost
[WARNING] [32mVERBOSE[0m Callback method :onTabChanged in Class android.support.v4.app.FragmentTabHost
[WARNING] [32mVERBOSE[0m Callback method :setOnTabChangedListener in Class android.support.v4.app.FragmentTabHost
[WARNING] [32mVERBOSE[0m Callback method :setup in Class android.support.v4.app.FragmentTabHost
[WARNING] [32mVERBOSE[0m Callback method :<init> in Class com.google.ads.AdActivity
[WARNING] [32mVERBOSE[0m Callback method :onClick in Class com.google.ads.AdActivity
[WARNING] [32mVERBOSE[0m Callback method :onCreate in Class com.google.ads.AdActivity
[WARNING] [32mVERBOSE[0m Callback method :onDestroy in Class com.google.ads.AdActivity
[WARNING] [32mVERBOSE[0m Callback method :onPause in Class com.google.ads.AdActivity
[WARNING] [32mVERBOSE[0m Callback method :onWindowFocusChanged in Class com.google.ads.AdActivity
Result for benign-app-12-1C3E7C85DBEE8CD1293814356F5704AC02FB30D10187F7042C5083C5098EB48E.apkandrei.brusentcov.lnguagepazzle.en