DUA-Forensics args to Soot: -w -cp /home/hcosta/bench/benchmark/libs/droidfax.jar:/home/hcosta/Android/Sdk/platforms/android-28/android.jar -p cg verbose:false,implicit-entry:true -p cg.spark verbose:false,on-fly-cg:true,rta:false -d /home/hcosta/bench/benchmark/trace/180/1/droidbot/benign-app-65-8EBB4258C50DA7F8737F7DDB725E4F062D48D7607AB313EEB096F91EA72A74DE.apk.logcat -process-dir /home/hcosta/bench/benchmark/data/input/benign-app-65-8EBB4258C50DA7F8737F7DDB725E4F062D48D7607AB313EEB096F91EA72A74DE.apk 
Soot started on Wed Apr 20 10:32:18 CEST 2022
Warning: com.ironsource.mobilcore.BaseFlowBasedAdUnit is a phantom class!
Warning: java.lang.invoke.LambdaMetafactory is a phantom class!
Warning: java.lang.ref.Finalizer is a phantom class!
Warning: org.apache.http.HttpEntity is a phantom class!
Warning: org.apache.http.HttpResponse is a phantom class!
Warning: org.apache.http.StatusLine is a phantom class!
Warning: org.apache.http.client.ClientProtocolException is a phantom class!
Warning: org.apache.http.client.HttpClient is a phantom class!
Warning: org.apache.http.client.entity.UrlEncodedFormEntity is a phantom class!
Warning: org.apache.http.client.methods.HttpGet is a phantom class!
Warning: org.apache.http.client.methods.HttpPost is a phantom class!
Warning: org.apache.http.client.methods.HttpUriRequest is a phantom class!
Warning: org.apache.http.impl.client.DefaultHttpClient is a phantom class!
Warning: org.apache.http.message.BasicNameValuePair is a phantom class!
Warning: org.apache.http.params.BasicHttpParams is a phantom class!
Warning: org.apache.http.util.EntityUtils is a phantom class!
[Call Graph] For information on where the call graph may be incomplete, use the verbose option to the cg phase.
[Spark] Pointer Assignment Graph in 0.0 seconds.
[Spark] Type masks in 0.0 seconds.
[Spark] Pointer Graph simplified in 0.0 seconds.
[Spark] Propagation in 0.0 seconds.
[Spark] Solution found in 0.0 seconds.
hcai's internal transform
Running static analysis for security-relevant feature characterization
[GatorHierarchy] [32mVERBOSE[0m [HIER] All classes: 1494
[GatorHierarchy] [32mVERBOSE[0m [App: 350, Lib : 1128, Phantom: 16]
[GatorHierarchy] [32mVERBOSE[0m [HIER] Activities: 4, lib activities: 1
[GatorHierarchy] [32mVERBOSE[0m [HIER] App views: 12, Lib views: 20
[GatorHierarchy] [32mVERBOSE[0m [HIER] App Dialogs: 2, Lib Dialogs: 3
[TIMECOST] [32mVERBOSE[0m buildApplicationCodeMap parsing starting at 1650443539271
[TIMECOST] [32mVERBOSE[0m buildApplicationCodeMap parsing finished at 1650443540967
[Instantiated app classes] [32mVERBOSE[0m total number: 317
[WARNING] [32mVERBOSE[0m Callback method :onKeyDown in Class com.andoop.android.engine.BaseActivity added
[WARNING] [32mVERBOSE[0m Callback method :onCreateDialog in Class com.andoop.flyracing.Game added
[WARNING] [32mVERBOSE[0m Callback method :onPause in Class com.andoop.flyracing.Game added
[WARNING] [32mVERBOSE[0m Callback method :onTrackballEvent in Class com.andoop.android.engine.BaseActivity added
[WARNING] [32mVERBOSE[0m Callback method :onCreate in Class com.andoop.android.engine.BaseActivity added
[WARNING] [32mVERBOSE[0m Callback method :onKeyUp in Class com.andoop.android.engine.BaseActivity added
[WARNING] [32mVERBOSE[0m Callback method :onDestroy in Class com.andoop.android.engine.BaseActivity added
[WARNING] [32mVERBOSE[0m Callback method :onResume in Class com.andoop.flyracing.Game added
[WARNING] [32mVERBOSE[0m Callback method :onDraw in Class com.andoop.android.highscore.HighScoreActivity$RankListView added
[WARNING] [32mVERBOSE[0m Callback method :onKeyDown in Class com.andoop.android.engine.BaseActivity added
[WARNING] [32mVERBOSE[0m Callback method :onPause in Class com.andoop.android.engine.BaseActivity added
[WARNING] [32mVERBOSE[0m Callback method :onTrackballEvent in Class com.andoop.android.engine.BaseActivity added
[WARNING] [32mVERBOSE[0m Callback method :onCreate in Class com.andoop.android.engine.BaseActivity added
[WARNING] [32mVERBOSE[0m Callback method :onKeyUp in Class com.andoop.android.engine.BaseActivity added
[WARNING] [32mVERBOSE[0m Callback method :onDestroy in Class com.andoop.android.engine.BaseActivity added
[WARNING] [32mVERBOSE[0m Callback method :onResume in Class com.andoop.android.engine.BaseActivity added
[WARNING] [32mVERBOSE[0m Callback method :doInBackground in Class com.andoop.android.highscore.HighScoreActivity$BaseTask added
[WARNING] [32mVERBOSE[0m Callback method :onPostExecute in Class com.andoop.android.highscore.HighScoreActivity$BaseTask added
[WARNING] [32mVERBOSE[0m Callback method :onConfigurationChanged in Class com.admob.android.ads.AdMobActivity added
[WARNING] [32mVERBOSE[0m Callback method :finish in Class com.admob.android.ads.AdMobActivity added
[WARNING] [32mVERBOSE[0m Callback method :onCreate in Class com.admob.android.ads.AdMobActivity added
[WARNING] [32mVERBOSE[0m Callback method :onDestroy in Class com.admob.android.ads.AdMobActivity added
[WARNING] [32mVERBOSE[0m Callback method :onReceive in Class com.admob.android.ads.analytics.InstallReceiver added
[WARNING] [32mVERBOSE[0m Callback method :onCreate in Class com.andoop.android.highscore.HighScoreActivity added
0 ICC links found and 0 cg edges added due to ICC links
dynamic conflated call graph: 183 methods; 183 nodes; 210 edges.
maxpossibleFlows=417
417 taint flow paths FOUND from <android.content.ContextWrapper: android.content.res.AssetManager getAssets()> to <android.content.res.AssetManager: android.content.res.AssetFileDescriptor openFd(java.lang.String)>
maxpossibleFlows=414
maxpossibleFlows=387
124 taint flow paths FOUND from <android.content.ContextWrapper: android.content.res.Resources getResources()> to <android.graphics.drawable.Drawable: void setBounds(int,int,int,int)>
maxpossibleFlows=1
maxpossibleFlows=1
maxpossibleFlows=1
maxpossibleFlows=1
maxpossibleFlows=414
maxpossibleFlows=414
maxpossibleFlows=414
maxpossibleFlows=392
maxpossibleFlows=391
maxpossibleFlows=392
maxpossibleFlows=391
maxpossibleFlows=417
maxpossibleFlows=384
maxpossibleFlows=384
maxpossibleFlows=392
maxpossibleFlows=384
maxpossibleFlows=391
maxpossibleFlows=1
maxpossibleFlows=417
417 taint flow paths FOUND from <java.lang.StringBuilder: java.lang.String toString()> to <android.content.res.AssetManager: android.content.res.AssetFileDescriptor openFd(java.lang.String)>
maxpossibleFlows=392
maxpossibleFlows=391
385 taint flow paths FOUND from <java.io.File: java.io.File getParentFile()> to <android.widget.ImageView: void setImageDrawable(android.graphics.drawable.Drawable)>
maxpossibleFlows=392
maxpossibleFlows=391
maxpossibleFlows=417
maxpossibleFlows=391
111 taint flow paths FOUND from <android.graphics.Bitmap: android.graphics.Bitmap createScaledBitmap(android.graphics.Bitmap,int,int,boolean)> to <android.graphics.drawable.Drawable: void setBounds(int,int,int,int)>
maxpossibleFlows=389
maxpossibleFlows=417
417 taint flow paths FOUND from <android.app.Dialog: android.view.Window getWindow()> to <android.app.Dialog: void setContentView(int)>
maxpossibleFlows=1
1 taint flow paths FOUND from <java.net.URLConnection: java.io.InputStream getInputStream()> to <android.os.Handler: boolean sendMessage(android.os.Message)>
maxpossibleFlows=414
maxpossibleFlows=414
maxpossibleFlows=414
maxpossibleFlows=417
maxpossibleFlows=417
maxpossibleFlows=413
maxpossibleFlows=384
maxpossibleFlows=413
maxpossibleFlows=413
maxpossibleFlows=384
maxpossibleFlows=413
maxpossibleFlows=381
maxpossibleFlows=413
maxpossibleFlows=413
maxpossibleFlows=381
173 taint flow paths FOUND from <android.content.ContextWrapper: android.content.pm.PackageManager getPackageManager()> to <android.widget.ImageView: void setImageDrawable(android.graphics.drawable.Drawable)>
maxpossibleFlows=417
maxpossibleFlows=1
maxpossibleFlows=1
maxpossibleFlows=1
1 taint flow paths FOUND from <java.net.URLConnection: java.io.InputStream getInputStream()> to <android.os.Handler: boolean sendMessage(android.os.Message)>
maxpossibleFlows=417
417 taint flow paths FOUND from <android.content.ContextWrapper: android.content.res.AssetManager getAssets()> to <android.content.res.AssetManager: android.content.res.AssetFileDescriptor openFd(java.lang.String)>
maxpossibleFlows=414
maxpossibleFlows=414
maxpossibleFlows=384
maxpossibleFlows=416
maxpossibleFlows=389
maxpossibleFlows=414
maxpossibleFlows=413
maxpossibleFlows=413
maxpossibleFlows=384
maxpossibleFlows=416
maxpossibleFlows=417
417 taint flow paths FOUND from <android.app.Dialog: android.view.Window getWindow()> to <android.app.Dialog: void setContentView(int)>
maxpossibleFlows=387
124 taint flow paths FOUND from <android.content.ContextWrapper: android.content.res.Resources getResources()> to <android.graphics.drawable.Drawable: void setBounds(int,int,int,int)>
maxpossibleFlows=414
maxpossibleFlows=414
maxpossibleFlows=830
830 taint flow paths FOUND from <java.lang.StringBuilder: java.lang.String toString()> to <android.content.Intent: android.content.Intent putExtra(java.lang.String,java.lang.String)>
maxpossibleFlows=417
maxpossibleFlows=417
maxpossibleFlows=414
maxpossibleFlows=414
maxpossibleFlows=417
417 taint flow paths FOUND from <java.lang.StringBuilder: java.lang.String toString()> to <android.app.Activity: void startActivity(android.content.Intent)>
maxpossibleFlows=1
maxpossibleFlows=1
maxpossibleFlows=1
maxpossibleFlows=384
maxpossibleFlows=416
maxpossibleFlows=417
417 taint flow paths FOUND from <android.app.Dialog: android.view.Window getWindow()> to <android.view.Window: void setFlags(int,int)>
maxpossibleFlows=387
maxpossibleFlows=391
maxpossibleFlows=391
maxpossibleFlows=391
maxpossibleFlows=391
385 taint flow paths FOUND from <java.io.File: java.io.File getParentFile()> to <android.widget.ImageView: void setImageDrawable(android.graphics.drawable.Drawable)>
maxpossibleFlows=1
maxpossibleFlows=1
maxpossibleFlows=1
maxpossibleFlows=1
maxpossibleFlows=1
maxpossibleFlows=1
Result for benign-app-65-8EBB4258C50DA7F8737F7DDB725E4F062D48D7607AB313EEB096F91EA72A74DE.apkcom.andoop.flyracing