DUA-Forensics args to Soot: -w -cp /home/handrick/Documents/UNB/benchmark/libs/droidfax.jar:/home/handrick/Android/Sdk/platforms/android-19/android.jar -p cg verbose:false,implicit-entry:true -p cg.spark verbose:false,on-fly-cg:true,rta:false -d /home/handrick/Documents/UNB/benchmark/trace/180/2/droidbot/benign-app-50-762C68FC46EC15B81812C2ADC52DA09DCD5BCD923ED52B402A76DFA291F45BB2.apk.logcat -process-dir /home/handrick/Documents/UNB/benchmark/data/input/benign-app-50-762C68FC46EC15B81812C2ADC52DA09DCD5BCD923ED52B402A76DFA291F45BB2.apk 
Soot started on Fri Apr 15 12:29:55 CEST 2022
Warning: com.ironsource.mobilcore.BaseFlowBasedAdUnit is a phantom class!
Warning: java.lang.invoke.LambdaMetafactory is a phantom class!
Warning: java.lang.ref.Finalizer is a phantom class!
Warning: java.lang.management.ManagementFactory is a phantom class!
Warning: javax.management.Attribute is a phantom class!
Warning: javax.management.AttributeList is a phantom class!
Warning: javax.management.AttributeNotFoundException is a phantom class!
Warning: javax.management.DynamicMBean is a phantom class!
Warning: javax.management.InstanceAlreadyExistsException is a phantom class!
Warning: javax.management.MBeanInfo is a phantom class!
Warning: javax.management.MBeanRegistrationException is a phantom class!
Warning: javax.management.MBeanServer is a phantom class!
Warning: javax.management.MalformedObjectNameException is a phantom class!
Warning: javax.management.NotCompliantMBeanException is a phantom class!
Warning: javax.management.ObjectInstance is a phantom class!
Warning: javax.management.ObjectName is a phantom class!
Warning: javax.management.ReflectionException is a phantom class!
Warning: javax.management.openmbean.CompositeData is a phantom class!
Warning: javax.management.openmbean.CompositeDataSupport is a phantom class!
Warning: javax.management.openmbean.CompositeType is a phantom class!
Warning: javax.management.openmbean.OpenDataException is a phantom class!
Warning: javax.management.openmbean.OpenMBeanAttributeInfoSupport is a phantom class!
Warning: javax.management.openmbean.OpenMBeanConstructorInfoSupport is a phantom class!
Warning: javax.management.openmbean.OpenMBeanInfoSupport is a phantom class!
Warning: javax.management.openmbean.OpenMBeanOperationInfoSupport is a phantom class!
Warning: javax.management.openmbean.OpenType is a phantom class!
Warning: javax.management.openmbean.SimpleType is a phantom class!
Warning: javax.management.openmbean.TabularDataSupport is a phantom class!
Warning: javax.management.openmbean.TabularType is a phantom class!
Warning: org.apache.commons.logging.LogFactory is a phantom class!
Warning: org.apache.log4j.Level is a phantom class!
Warning: org.apache.log4j.Logger is a phantom class!
Warning: org.apache.log4j.Priority is a phantom class!
Warning: org.slf4j.Logger is a phantom class!
Warning: org.slf4j.LoggerFactory is a phantom class!
Warning: javax.management.MBeanNotificationInfo is a phantom class!
Warning: javax.management.openmbean.OpenMBeanAttributeInfo is a phantom class!
Warning: javax.management.openmbean.OpenMBeanConstructorInfo is a phantom class!
Warning: javax.management.openmbean.OpenMBeanOperationInfo is a phantom class!
Warning: javax.management.openmbean.OpenMBeanParameterInfo is a phantom class!
Warning: javax.management.openmbean.OpenMBeanParameterInfoSupport is a phantom class!
No main class given. Inferred 'twitter4j.Version' as main class.
[Call Graph] For information on where the call graph may be incomplete, use the verbose option to the cg phase.
[Spark] Pointer Assignment Graph in 0.0 seconds.
[Spark] Type masks in 0.0 seconds.
[Spark] Pointer Graph simplified in 0.0 seconds.
[Spark] Propagation in 0.0 seconds.
[Spark] Solution found in 0.0 seconds.
hcai's internal transform
Running static analysis for security-relevant feature characterization
[GatorHierarchy] [32mVERBOSE[0m [HIER] All classes: 1673
[GatorHierarchy] [32mVERBOSE[0m [App: 710, Lib : 922, Phantom: 41]
[GatorHierarchy] [32mVERBOSE[0m [HIER] Activities: 13, lib activities: 1
[GatorHierarchy] [32mVERBOSE[0m [HIER] App views: 11, Lib views: 25
[GatorHierarchy] [32mVERBOSE[0m [HIER] App Dialogs: 2, Lib Dialogs: 4
[TIMECOST] [32mVERBOSE[0m buildApplicationCodeMap parsing starting at 1650018597124
array element type: (filled narr)int
array element type: (filled narr)int
second round from stmt: $u3#90 = $u4#89[$u3#74]
[TIMECOST] [32mVERBOSE[0m buildApplicationCodeMap parsing finished at 1650018603081
[Instantiated app classes] [32mVERBOSE[0m total number: 553
[WARNING] [32mVERBOSE[0m Callback method :onLowMemory in Class android.support.v4.app.Fragment added
[WARNING] [32mVERBOSE[0m Callback method :onCreateContextMenu in Class android.support.v4.app.Fragment added
[WARNING] [32mVERBOSE[0m Callback method :onConfigurationChanged in Class android.support.v4.app.Fragment added
[WARNING] [32mVERBOSE[0m Callback method :onLowMemory in Class android.support.v4.app.Fragment added
[WARNING] [32mVERBOSE[0m Callback method :onCreateContextMenu in Class android.support.v4.app.Fragment added
[WARNING] [32mVERBOSE[0m Callback method :onCancel in Class android.support.v4.app.DialogFragment added
[WARNING] [32mVERBOSE[0m Callback method :onDismiss in Class android.support.v4.app.DialogFragment added
[WARNING] [32mVERBOSE[0m Callback method :onConfigurationChanged in Class android.support.v4.app.Fragment added
[WARNING] [32mVERBOSE[0m Callback method :onLowMemory in Class android.support.v4.app.Fragment added
[WARNING] [32mVERBOSE[0m Callback method :onCreateContextMenu in Class android.support.v4.app.Fragment added
[WARNING] [32mVERBOSE[0m Callback method :onConfigurationChanged in Class android.support.v4.app.Fragment added
[WARNING] [32mVERBOSE[0m Callback method :onWindowFocusChanged in Class com.universal.customclass.BaseActivity added
[WARNING] [32mVERBOSE[0m Callback method :onPause in Class com.universal.customclass.BaseSurfaceActivity added
[WARNING] [32mVERBOSE[0m Callback method :onCreate in Class com.universal.customclass.BaseSurfaceActivity added
[WARNING] [32mVERBOSE[0m Callback method :onDestroy in Class com.universal.customclass.BaseActivity added
[WARNING] [32mVERBOSE[0m Callback method :onRestart in Class com.universal.customclass.BaseSurfaceActivity added
[WARNING] [32mVERBOSE[0m Callback method :onClick in Class com.universal.customclass.BaseActivity added
[WARNING] [32mVERBOSE[0m Callback method :onResume in Class com.universal.customclass.BaseActivity added
[WARNING] [32mVERBOSE[0m Callback method :onLowMemory in Class android.support.v4.app.Fragment added
[WARNING] [32mVERBOSE[0m Callback method :onCreateContextMenu in Class android.support.v4.app.Fragment added
[WARNING] [32mVERBOSE[0m Callback method :onConfigurationChanged in Class android.support.v4.app.Fragment added
[WARNING] [32mVERBOSE[0m Callback method :onMeasure in Class android.support.v4.view.PagerTitleStrip added
[WARNING] [32mVERBOSE[0m Callback method :requestLayout in Class android.support.v4.view.PagerTitleStrip added
[WARNING] [32mVERBOSE[0m Callback method :onLayout in Class android.support.v4.view.PagerTitleStrip added
[WARNING] [32mVERBOSE[0m Callback method :onDetachedFromWindow in Class android.support.v4.view.PagerTitleStrip added
[WARNING] [32mVERBOSE[0m Callback method :onAttachedToWindow in Class android.support.v4.view.PagerTitleStrip added
[WARNING] [32mVERBOSE[0m Callback method :onKeyDown in Class com.b3u.gobobonuki.scene.InfoActivity added
[WARNING] [32mVERBOSE[0m Callback method :onWindowFocusChanged in Class com.universal.customclass.BaseActivity added
[WARNING] [32mVERBOSE[0m Callback method :onPause in Class com.universal.customclass.BaseActivity added
[WARNING] [32mVERBOSE[0m Callback method :onCreate in Class com.b3u.gobobonuki.scene.InfoActivity added
[WARNING] [32mVERBOSE[0m Callback method :onDestroy in Class com.universal.customclass.BaseActivity added
[WARNING] [32mVERBOSE[0m Callback method :onClick in Class com.b3u.gobobonuki.scene.InfoActivity added
[WARNING] [32mVERBOSE[0m Callback method :onResume in Class com.universal.customclass.BaseActivity added
[WARNING] [32mVERBOSE[0m Callback method :getSectionForPosition in Class com.facebook.widget.GraphObjectAdapter added
[WARNING] [32mVERBOSE[0m Callback method :getViewTypeCount in Class com.facebook.widget.GraphObjectAdapter added
[WARNING] [32mVERBOSE[0m Callback method :getItem in Class com.facebook.widget.GraphObjectAdapter added
[WARNING] [32mVERBOSE[0m Callback method :getView in Class com.facebook.widget.GraphObjectAdapter added
[WARNING] [32mVERBOSE[0m Callback method :getCount in Class com.facebook.widget.GraphObjectAdapter added
[WARNING] [32mVERBOSE[0m Callback method :getPositionForSection in Class com.facebook.widget.GraphObjectAdapter added
[WARNING] [32mVERBOSE[0m Callback method :isEnabled in Class com.facebook.widget.GraphObjectAdapter added
[WARNING] [32mVERBOSE[0m Callback method :getItemViewType in Class com.facebook.widget.GraphObjectAdapter added
[WARNING] [32mVERBOSE[0m Callback method :getSections in Class com.facebook.widget.GraphObjectAdapter added
[WARNING] [32mVERBOSE[0m Callback method :areAllItemsEnabled in Class com.facebook.widget.GraphObjectAdapter added
[WARNING] [32mVERBOSE[0m Callback method :isEmpty in Class com.facebook.widget.GraphObjectAdapter added
[WARNING] [32mVERBOSE[0m Callback method :getItemId in Class com.facebook.widget.GraphObjectAdapter added
[WARNING] [32mVERBOSE[0m Callback method :hasStableIds in Class com.facebook.widget.GraphObjectAdapter added
[WARNING] [32mVERBOSE[0m Callback method :onLowMemory in Class android.support.v4.app.Fragment added
[WARNING] [32mVERBOSE[0m Callback method :onCreateContextMenu in Class android.support.v4.app.Fragment added
[WARNING] [32mVERBOSE[0m Callback method :onConfigurationChanged in Class android.support.v4.app.Fragment added
[WARNING] [32mVERBOSE[0m Callback method :onLowMemory in Class android.support.v4.app.Fragment added
[WARNING] [32mVERBOSE[0m Callback method :onCreateContextMenu in Class android.support.v4.app.Fragment added
[WARNING] [32mVERBOSE[0m Callback method :onConfigurationChanged in Class android.support.v4.app.Fragment added
[WARNING] [32mVERBOSE[0m Callback method :onKeyDown in Class com.b3u.gobobonuki.scene.SNSActivity added
[WARNING] [32mVERBOSE[0m Callback method :onWindowFocusChanged in Class com.universal.customclass.BaseActivity added
[WARNING] [32mVERBOSE[0m Callback method :onNewIntent in Class com.b3u.gobobonuki.scene.SNSActivity added
[WARNING] [32mVERBOSE[0m Callback method :onPause in Class com.universal.customclass.BaseActivity added
[WARNING] [32mVERBOSE[0m Callback method :onCreate in Class com.b3u.gobobonuki.scene.SNSActivity added
[WARNING] [32mVERBOSE[0m Callback method :onDestroy in Class com.universal.customclass.BaseActivity added
[WARNING] [32mVERBOSE[0m Callback method :onActivityResult in Class com.b3u.gobobonuki.scene.SNSActivity added
[WARNING] [32mVERBOSE[0m Callback method :onClick in Class com.b3u.gobobonuki.scene.SNSActivity added
[WARNING] [32mVERBOSE[0m Callback method :onResume in Class com.universal.customclass.BaseActivity added
[WARNING] [32mVERBOSE[0m Callback method :onRestoreInstanceState in Class android.support.v4.app.FragmentTabHost added
[WARNING] [32mVERBOSE[0m Callback method :onTabChanged in Class android.support.v4.app.FragmentTabHost added
[WARNING] [32mVERBOSE[0m Callback method :setOnTabChangedListener in Class android.support.v4.app.FragmentTabHost added
[WARNING] [32mVERBOSE[0m Callback method :onSaveInstanceState in Class android.support.v4.app.FragmentTabHost added
[WARNING] [32mVERBOSE[0m Callback method :onDetachedFromWindow in Class android.support.v4.app.FragmentTabHost added
[WARNING] [32mVERBOSE[0m Callback method :onAttachedToWindow in Class android.support.v4.app.FragmentTabHost added
[WARNING] [32mVERBOSE[0m Callback method :setup in Class android.support.v4.app.FragmentTabHost added
[WARNING] [32mVERBOSE[0m Callback method :onChanged in Class android.support.v4.view.j added
[WARNING] [32mVERBOSE[0m Callback method :onPause in Class com.facebook.LoginActivity added
[WARNING] [32mVERBOSE[0m Callback method :onCreate in Class com.facebook.LoginActivity added
[WARNING] [32mVERBOSE[0m Callback method :onSaveInstanceState in Class com.facebook.LoginActivity added
[WARNING] [32mVERBOSE[0m Callback method :onActivityResult in Class com.facebook.LoginActivity added
[WARNING] [32mVERBOSE[0m Callback method :onResume in Class com.facebook.LoginActivity added
[WARNING] [32mVERBOSE[0m Callback method :onWindowFocusChanged in Class com.universal.customclass.BaseActivity added
[WARNING] [32mVERBOSE[0m Callback method :onPause in Class com.universal.customclass.BaseActivity added
[WARNING] [32mVERBOSE[0m Callback method :onCreate in Class com.universal.customclass.BaseActivity added
[WARNING] [32mVERBOSE[0m Callback method :onDestroy in Class com.universal.customclass.BaseActivity added
[WARNING] [32mVERBOSE[0m Callback method :onClick in Class com.universal.customclass.BaseActivity added
[WARNING] [32mVERBOSE[0m Callback method :onResume in Class com.universal.customclass.BaseActivity added
[WARNING] [32mVERBOSE[0m Callback method :generateLayoutParams in Class android.support.v4.view.ViewPager added
[WARNING] [32mVERBOSE[0m Callback method :draw in Class android.support.v4.view.ViewPager added
[WARNING] [32mVERBOSE[0m Callback method :onRestoreInstanceState in Class android.support.v4.view.ViewPager added
[WARNING] [32mVERBOSE[0m Callback method :onRequestFocusInDescendants in Class android.support.v4.view.ViewPager added
[WARNING] [32mVERBOSE[0m Callback method :generateDefaultLayoutParams in Class android.support.v4.view.ViewPager added
[WARNING] [32mVERBOSE[0m Callback method :onMeasure in Class android.support.v4.view.ViewPager added
[WARNING] [32mVERBOSE[0m Callback method :addView in Class android.support.v4.view.ViewPager added
[WARNING] [32mVERBOSE[0m Callback method :onSaveInstanceState in Class android.support.v4.view.ViewPager added
[WARNING] [32mVERBOSE[0m Callback method :onLayout in Class android.support.v4.view.ViewPager added
[WARNING] [32mVERBOSE[0m Callback method :onTouchEvent in Class android.support.v4.view.ViewPager added
[WARNING] [32mVERBOSE[0m Callback method :addTouchables in Class android.support.v4.view.ViewPager added
[WARNING] [32mVERBOSE[0m Callback method :onDetachedFromWindow in Class android.support.v4.view.ViewPager added
[WARNING] [32mVERBOSE[0m Callback method :computeScroll in Class android.support.v4.view.ViewPager added
[WARNING] [32mVERBOSE[0m Callback method :onAttachedToWindow in Class android.support.v4.view.ViewPager added
[WARNING] [32mVERBOSE[0m Callback method :onInterceptTouchEvent in Class android.support.v4.view.ViewPager added
[WARNING] [32mVERBOSE[0m Callback method :verifyDrawable in Class android.support.v4.view.ViewPager added
[WARNING] [32mVERBOSE[0m Callback method :dispatchPopulateAccessibilityEvent in Class android.support.v4.view.ViewPager added
[WARNING] [32mVERBOSE[0m Callback method :onSizeChanged in Class android.support.v4.view.ViewPager added
[WARNING] [32mVERBOSE[0m Callback method :dispatchKeyEvent in Class android.support.v4.view.ViewPager added
[WARNING] [32mVERBOSE[0m Callback method :addFocusables in Class android.support.v4.view.ViewPager added
[WARNING] [32mVERBOSE[0m Callback method :onDraw in Class android.support.v4.view.ViewPager added
[WARNING] [32mVERBOSE[0m Callback method :generateLayoutParams in Class android.support.v4.view.ViewPager added
[WARNING] [32mVERBOSE[0m Callback method :drawableStateChanged in Class android.support.v4.view.ViewPager added
[WARNING] [32mVERBOSE[0m Callback method :getChildDrawingOrder in Class android.support.v4.view.ViewPager added
[WARNING] [32mVERBOSE[0m Callback method :checkLayoutParams in Class android.support.v4.view.ViewPager added
[WARNING] [32mVERBOSE[0m Callback method :onKeyDown in Class com.b3u.gobobonuki.scene.GameActivity added
[WARNING] [32mVERBOSE[0m Callback method :onWindowFocusChanged in Class com.lib.opengl.GLActivity added
[WARNING] [32mVERBOSE[0m Callback method :onTouchEvent in Class com.lib.opengl.GLActivity added
[WARNING] [32mVERBOSE[0m Callback method :onPause in Class com.b3u.gobobonuki.scene.GameActivity added
[WARNING] [32mVERBOSE[0m Callback method :onCreate in Class com.b3u.gobobonuki.scene.GameActivity added
[WARNING] [32mVERBOSE[0m Callback method :onDestroy in Class com.b3u.gobobonuki.scene.GameActivity added
[WARNING] [32mVERBOSE[0m Callback method :onActivityResult in Class com.b3u.gobobonuki.scene.GameActivity added
[WARNING] [32mVERBOSE[0m Callback method :onClick in Class com.universal.customclass.BaseActivity added
[WARNING] [32mVERBOSE[0m Callback method :onResume in Class com.b3u.gobobonuki.scene.GameActivity added
[WARNING] [32mVERBOSE[0m Callback method :getSectionForPosition in Class com.facebook.widget.GraphObjectAdapter added
[WARNING] [32mVERBOSE[0m Callback method :getViewTypeCount in Class com.facebook.widget.GraphObjectAdapter added
[WARNING] [32mVERBOSE[0m Callback method :getItem in Class com.facebook.widget.GraphObjectAdapter added
[WARNING] [32mVERBOSE[0m Callback method :getView in Class com.facebook.widget.GraphObjectAdapter added
[WARNING] [32mVERBOSE[0m Callback method :getCount in Class com.facebook.widget.GraphObjectAdapter added
[WARNING] [32mVERBOSE[0m Callback method :getPositionForSection in Class com.facebook.widget.GraphObjectAdapter added
[WARNING] [32mVERBOSE[0m Callback method :isEnabled in Class com.facebook.widget.GraphObjectAdapter added
[WARNING] [32mVERBOSE[0m Callback method :getItemViewType in Class com.facebook.widget.GraphObjectAdapter added
[WARNING] [32mVERBOSE[0m Callback method :getSections in Class com.facebook.widget.GraphObjectAdapter added
[WARNING] [32mVERBOSE[0m Callback method :areAllItemsEnabled in Class com.facebook.widget.GraphObjectAdapter added
[WARNING] [32mVERBOSE[0m Callback method :isEmpty in Class com.facebook.widget.GraphObjectAdapter added
[WARNING] [32mVERBOSE[0m Callback method :getItemId in Class com.facebook.widget.GraphObjectAdapter added
[WARNING] [32mVERBOSE[0m Callback method :hasStableIds in Class com.facebook.widget.GraphObjectAdapter added
[WARNING] [32mVERBOSE[0m Callback method :onKeyDown in Class com.b3u.gobobonuki.scene.TitleActivity added
[WARNING] [32mVERBOSE[0m Callback method :onWindowFocusChanged in Class com.lib.opengl.GLActivity added
[WARNING] [32mVERBOSE[0m Callback method :onTouchEvent in Class com.lib.opengl.GLActivity added
[WARNING] [32mVERBOSE[0m Callback method :onPause in Class com.lib.opengl.GLActivity added
[WARNING] [32mVERBOSE[0m Callback method :onCreate in Class com.b3u.gobobonuki.scene.TitleActivity added
[WARNING] [32mVERBOSE[0m Callback method :onDestroy in Class com.b3u.gobobonuki.scene.TitleActivity added
[WARNING] [32mVERBOSE[0m Callback method :onClick in Class com.universal.customclass.BaseActivity added
[WARNING] [32mVERBOSE[0m Callback method :onResume in Class com.lib.opengl.GLActivity added
[WARNING] [32mVERBOSE[0m Callback method :onKeyDown in Class android.support.v4.app.FragmentActivity added
[WARNING] [32mVERBOSE[0m Callback method :onPanelClosed in Class android.support.v4.app.FragmentActivity added
[WARNING] [32mVERBOSE[0m Callback method :onConfigurationChanged in Class android.support.v4.app.FragmentActivity added
[WARNING] [32mVERBOSE[0m Callback method :onMenuItemSelected in Class android.support.v4.app.FragmentActivity added
[WARNING] [32mVERBOSE[0m Callback method :onBackPressed in Class android.support.v4.app.FragmentActivity added
[WARNING] [32mVERBOSE[0m Callback method :onRetainNonConfigurationInstance in Class android.support.v4.app.FragmentActivity added
[WARNING] [32mVERBOSE[0m Callback method :onNewIntent in Class android.support.v4.app.FragmentActivity added
[WARNING] [32mVERBOSE[0m Callback method :onPause in Class android.support.v4.app.FragmentActivity added
[WARNING] [32mVERBOSE[0m Callback method :onStop in Class android.support.v4.app.FragmentActivity added
[WARNING] [32mVERBOSE[0m Callback method :onCreatePanelMenu in Class android.support.v4.app.FragmentActivity added
[WARNING] [32mVERBOSE[0m Callback method :dump in Class android.support.v4.app.FragmentActivity added
[WARNING] [32mVERBOSE[0m Callback method :onCreate in Class android.support.v4.app.FragmentActivity added
[WARNING] [32mVERBOSE[0m Callback method :onCreateView in Class android.support.v4.app.FragmentActivity added
[WARNING] [32mVERBOSE[0m Callback method :onPreparePanel in Class android.support.v4.app.FragmentActivity added
[WARNING] [32mVERBOSE[0m Callback method :onDestroy in Class android.support.v4.app.FragmentActivity added
[WARNING] [32mVERBOSE[0m Callback method :onStart in Class android.support.v4.app.FragmentActivity added
[WARNING] [32mVERBOSE[0m Callback method :onSaveInstanceState in Class android.support.v4.app.FragmentActivity added
[WARNING] [32mVERBOSE[0m Callback method :startActivityForResult in Class android.support.v4.app.FragmentActivity added
[WARNING] [32mVERBOSE[0m Callback method :onActivityResult in Class android.support.v4.app.FragmentActivity added
[WARNING] [32mVERBOSE[0m Callback method :onPostResume in Class android.support.v4.app.FragmentActivity added
[WARNING] [32mVERBOSE[0m Callback method :onResume in Class android.support.v4.app.FragmentActivity added
[WARNING] [32mVERBOSE[0m Callback method :onLowMemory in Class android.support.v4.app.FragmentActivity added
[WARNING] [32mVERBOSE[0m Callback method :onRestoreInstanceState in Class com.facebook.widget.ProfilePictureView added
[WARNING] [32mVERBOSE[0m Callback method :onMeasure in Class com.facebook.widget.ProfilePictureView added
[WARNING] [32mVERBOSE[0m Callback method :onSaveInstanceState in Class com.facebook.widget.ProfilePictureView added
[WARNING] [32mVERBOSE[0m Callback method :onLayout in Class com.facebook.widget.ProfilePictureView added
[WARNING] [32mVERBOSE[0m Callback method :onDetachedFromWindow in Class com.facebook.widget.ProfilePictureView added
[WARNING] [32mVERBOSE[0m Callback method :onKeyDown in Class com.b3u.gobobonuki.scene.FacebookActivity added
[WARNING] [32mVERBOSE[0m Callback method :onPanelClosed in Class android.support.v4.app.FragmentActivity added
[WARNING] [32mVERBOSE[0m Callback method :onConfigurationChanged in Class android.support.v4.app.FragmentActivity added
[WARNING] [32mVERBOSE[0m Callback method :onMenuItemSelected in Class android.support.v4.app.FragmentActivity added
[WARNING] [32mVERBOSE[0m Callback method :onBackPressed in Class android.support.v4.app.FragmentActivity added
[WARNING] [32mVERBOSE[0m Callback method :onRetainNonConfigurationInstance in Class android.support.v4.app.FragmentActivity added
[WARNING] [32mVERBOSE[0m Callback method :onNewIntent in Class android.support.v4.app.FragmentActivity added
[WARNING] [32mVERBOSE[0m Callback method :onPause in Class android.support.v4.app.FragmentActivity added
[WARNING] [32mVERBOSE[0m Callback method :onStop in Class android.support.v4.app.FragmentActivity added
[WARNING] [32mVERBOSE[0m Callback method :onCreatePanelMenu in Class android.support.v4.app.FragmentActivity added
[WARNING] [32mVERBOSE[0m Callback method :dump in Class android.support.v4.app.FragmentActivity added
[WARNING] [32mVERBOSE[0m Callback method :onCreate in Class com.b3u.gobobonuki.scene.FacebookActivity added
[WARNING] [32mVERBOSE[0m Callback method :onCreateView in Class android.support.v4.app.FragmentActivity added
[WARNING] [32mVERBOSE[0m Callback method :onPreparePanel in Class android.support.v4.app.FragmentActivity added
[WARNING] [32mVERBOSE[0m Callback method :onDestroy in Class android.support.v4.app.FragmentActivity added
[WARNING] [32mVERBOSE[0m Callback method :onStart in Class android.support.v4.app.FragmentActivity added
[WARNING] [32mVERBOSE[0m Callback method :onSaveInstanceState in Class android.support.v4.app.FragmentActivity added
[WARNING] [32mVERBOSE[0m Callback method :startActivityForResult in Class android.support.v4.app.FragmentActivity added
[WARNING] [32mVERBOSE[0m Callback method :onActivityResult in Class android.support.v4.app.FragmentActivity added
[WARNING] [32mVERBOSE[0m Callback method :onClick in Class com.b3u.gobobonuki.scene.FacebookActivity added
[WARNING] [32mVERBOSE[0m Callback method :onPostResume in Class android.support.v4.app.FragmentActivity added
[WARNING] [32mVERBOSE[0m Callback method :onResume in Class android.support.v4.app.FragmentActivity added
[WARNING] [32mVERBOSE[0m Callback method :onLowMemory in Class android.support.v4.app.FragmentActivity added
[WARNING] [32mVERBOSE[0m Callback method :onWindowFocusChanged in Class com.lib.opengl.GLActivity added
[WARNING] [32mVERBOSE[0m Callback method :onTouchEvent in Class com.lib.opengl.GLActivity added
[WARNING] [32mVERBOSE[0m Callback method :onPause in Class com.lib.opengl.GLActivity added
[WARNING] [32mVERBOSE[0m Callback method :onCreate in Class com.lib.opengl.GLActivity added
[WARNING] [32mVERBOSE[0m Callback method :onDestroy in Class com.lib.opengl.GLActivity added
[WARNING] [32mVERBOSE[0m Callback method :onClick in Class com.universal.customclass.BaseActivity added
[WARNING] [32mVERBOSE[0m Callback method :onResume in Class com.lib.opengl.GLActivity added
[WARNING] [32mVERBOSE[0m Callback method :onKeyDown in Class com.b3u.gobobonuki.scene.GetWallPaperActivity added
[WARNING] [32mVERBOSE[0m Callback method :onSingleTapUp in Class com.b3u.gobobonuki.scene.GetWallPaperActivity added
[WARNING] [32mVERBOSE[0m Callback method :onWindowFocusChanged in Class com.universal.customclass.BaseActivity added
[WARNING] [32mVERBOSE[0m Callback method :onTouchEvent in Class com.b3u.gobobonuki.scene.GetWallPaperActivity added
[WARNING] [32mVERBOSE[0m Callback method :onDown in Class com.b3u.gobobonuki.scene.GetWallPaperActivity added
[WARNING] [32mVERBOSE[0m Callback method :onPause in Class com.universal.customclass.BaseActivity added
[WARNING] [32mVERBOSE[0m Callback method :onFling in Class com.b3u.gobobonuki.scene.GetWallPaperActivity added
[WARNING] [32mVERBOSE[0m Callback method :onCreate in Class com.b3u.gobobonuki.scene.GetWallPaperActivity added
[WARNING] [32mVERBOSE[0m Callback method :onDestroy in Class com.universal.customclass.BaseActivity added
[WARNING] [32mVERBOSE[0m Callback method :onScroll in Class com.b3u.gobobonuki.scene.GetWallPaperActivity added
[WARNING] [32mVERBOSE[0m Callback method :onLongPress in Class com.b3u.gobobonuki.scene.GetWallPaperActivity added
[WARNING] [32mVERBOSE[0m Callback method :onShowPress in Class com.b3u.gobobonuki.scene.GetWallPaperActivity added
[WARNING] [32mVERBOSE[0m Callback method :onClick in Class com.b3u.gobobonuki.scene.GetWallPaperActivity added
[WARNING] [32mVERBOSE[0m Callback method :onResume in Class com.universal.customclass.BaseActivity added
[WARNING] [32mVERBOSE[0m Callback method :onWindowFocusChanged in Class com.google.ads.AdActivity added
[WARNING] [32mVERBOSE[0m Callback method :onPause in Class com.google.ads.AdActivity added
[WARNING] [32mVERBOSE[0m Callback method :onCreate in Class com.google.ads.AdActivity added
[WARNING] [32mVERBOSE[0m Callback method :onDestroy in Class com.google.ads.AdActivity added
[WARNING] [32mVERBOSE[0m Callback method :onActivityResult in Class com.google.ads.AdActivity added
[WARNING] [32mVERBOSE[0m Callback method :onClick in Class com.google.ads.AdActivity added
[WARNING] [32mVERBOSE[0m Callback method :onLowMemory in Class android.support.v4.app.Fragment added
[WARNING] [32mVERBOSE[0m Callback method :onCreateContextMenu in Class android.support.v4.app.Fragment added
[WARNING] [32mVERBOSE[0m Callback method :onConfigurationChanged in Class android.support.v4.app.Fragment added
[WARNING] [32mVERBOSE[0m Callback method :onLowMemory in Class android.support.v4.app.Fragment added
[WARNING] [32mVERBOSE[0m Callback method :onCreateContextMenu in Class android.support.v4.app.Fragment added
[WARNING] [32mVERBOSE[0m Callback method :onConfigurationChanged in Class android.support.v4.app.Fragment added
[WARNING] [32mVERBOSE[0m Callback method :onKeyDown in Class com.b3u.gobobonuki.scene.CollectionActivity added
[WARNING] [32mVERBOSE[0m Callback method :onWindowFocusChanged in Class com.lib.opengl.GLActivity added
[WARNING] [32mVERBOSE[0m Callback method :onTouchEvent in Class com.lib.opengl.GLActivity added
[WARNING] [32mVERBOSE[0m Callback method :onPause in Class com.lib.opengl.GLActivity added
[WARNING] [32mVERBOSE[0m Callback method :onCreate in Class com.b3u.gobobonuki.scene.CollectionActivity added
[WARNING] [32mVERBOSE[0m Callback method :onDestroy in Class com.b3u.gobobonuki.scene.CollectionActivity added
[WARNING] [32mVERBOSE[0m Callback method :onClick in Class com.universal.customclass.BaseActivity added
[WARNING] [32mVERBOSE[0m Callback method :onResume in Class com.lib.opengl.GLActivity added
[WARNING] [32mVERBOSE[0m Callback method :onFinishInflate in Class com.facebook.widget.LoginButton added
[WARNING] [32mVERBOSE[0m Callback method :onDetachedFromWindow in Class com.facebook.widget.LoginButton added
[WARNING] [32mVERBOSE[0m Callback method :onAttachedToWindow in Class com.facebook.widget.LoginButton added
[WARNING] [32mVERBOSE[0m Callback method :onMeasure in Class android.support.v4.view.PagerTitleStrip added
[WARNING] [32mVERBOSE[0m Callback method :requestLayout in Class android.support.v4.view.PagerTitleStrip added
[WARNING] [32mVERBOSE[0m Callback method :onLayout in Class android.support.v4.view.PagerTitleStrip added
[WARNING] [32mVERBOSE[0m Callback method :setBackgroundColor in Class android.support.v4.view.PagerTabStrip added
[WARNING] [32mVERBOSE[0m Callback method :onTouchEvent in Class android.support.v4.view.PagerTabStrip added
[WARNING] [32mVERBOSE[0m Callback method :onDetachedFromWindow in Class android.support.v4.view.PagerTitleStrip added
[WARNING] [32mVERBOSE[0m Callback method :onAttachedToWindow in Class android.support.v4.view.PagerTitleStrip added
[WARNING] [32mVERBOSE[0m Callback method :setBackgroundResource in Class android.support.v4.view.PagerTabStrip added
[WARNING] [32mVERBOSE[0m Callback method :setPadding in Class android.support.v4.view.PagerTabStrip added
[WARNING] [32mVERBOSE[0m Callback method :onDraw in Class android.support.v4.view.PagerTabStrip added
[WARNING] [32mVERBOSE[0m Callback method :setBackgroundDrawable in Class android.support.v4.view.PagerTabStrip added
0 ICC links found and 0 cg edges added due to ICC links
dynamic conflated call graph: 378 methods; 378 nodes; 605 edges.
maxpossibleFlows=20
20 taint flow paths FOUND from <android.content.ContextWrapper: android.content.res.AssetManager getAssets()> to <android.content.res.AssetManager: java.io.InputStream open(java.lang.String)>
maxpossibleFlows=1
maxpossibleFlows=1
maxpossibleFlows=1
maxpossibleFlows=3
maxpossibleFlows=1
maxpossibleFlows=1
maxpossibleFlows=1
maxpossibleFlows=1
maxpossibleFlows=20
maxpossibleFlows=20
20 taint flow paths FOUND from <android.graphics.Bitmap: int getHeight()> to <android.util.Log: int v(java.lang.String,java.lang.String)>
maxpossibleFlows=4
2 taint flow paths FOUND from <java.lang.reflect.Array: java.lang.Object newInstance(java.lang.Class,int[])> to <android.util.Log: int v(java.lang.String,java.lang.String)>
maxpossibleFlows=4
4 taint flow paths FOUND from <android.view.MotionEvent: int getPointerCount()> to <android.util.Log: int v(java.lang.String,java.lang.String)>
maxpossibleFlows=2
maxpossibleFlows=2
maxpossibleFlows=2
maxpossibleFlows=2
maxpossibleFlows=2
maxpossibleFlows=2
maxpossibleFlows=2
maxpossibleFlows=4
maxpossibleFlows=7
7 taint flow paths FOUND from <android.view.ContextThemeWrapper: android.content.res.Resources getResources()> to <android.content.res.Resources: java.io.InputStream openRawResource(int)>
maxpossibleFlows=1
maxpossibleFlows=1
maxpossibleFlows=1
maxpossibleFlows=1
maxpossibleFlows=1
maxpossibleFlows=1
maxpossibleFlows=1
maxpossibleFlows=20
20 taint flow paths FOUND from <java.lang.StringBuilder: java.lang.String toString()> to <android.content.res.AssetManager: java.io.InputStream open(java.lang.String)>
maxpossibleFlows=20
maxpossibleFlows=20
20 taint flow paths FOUND from <android.graphics.Bitmap: int getWidth()> to <android.util.Log: int v(java.lang.String,java.lang.String)>
maxpossibleFlows=4
4 taint flow paths FOUND from <android.view.MotionEvent: float getY()> to <android.util.Log: int v(java.lang.String,java.lang.String)>
maxpossibleFlows=4
maxpossibleFlows=4
maxpossibleFlows=3
maxpossibleFlows=2
maxpossibleFlows=3
maxpossibleFlows=1
1 taint flow paths FOUND from <android.content.ContextWrapper: android.content.Context getApplicationContext()> to <android.webkit.WebView: void setWebViewClient(android.webkit.WebViewClient)>
maxpossibleFlows=4
1 taint flow paths FOUND from <android.content.ContextWrapper: android.content.pm.PackageManager getPackageManager()> to <android.util.Log: int v(java.lang.String,java.lang.String)>
maxpossibleFlows=1
maxpossibleFlows=1
maxpossibleFlows=1
maxpossibleFlows=1
maxpossibleFlows=1
maxpossibleFlows=1
maxpossibleFlows=4
maxpossibleFlows=4
maxpossibleFlows=1
maxpossibleFlows=1
maxpossibleFlows=1
maxpossibleFlows=1
maxpossibleFlows=1
maxpossibleFlows=1
maxpossibleFlows=4
1 taint flow paths FOUND from <android.content.Intent: int getIntExtra(java.lang.String,int)> to <android.util.Log: int v(java.lang.String,java.lang.String)>
maxpossibleFlows=4
1 taint flow paths FOUND from <android.app.Activity: android.content.Intent getIntent()> to <android.util.Log: int v(java.lang.String,java.lang.String)>
maxpossibleFlows=1
maxpossibleFlows=1
maxpossibleFlows=1
maxpossibleFlows=4
3 taint flow paths FOUND from <java.util.HashMap: java.lang.Object get(java.lang.Object)> to <android.util.Log: int v(java.lang.String,java.lang.String)>
maxpossibleFlows=4
maxpossibleFlows=4
maxpossibleFlows=4
4 taint flow paths FOUND from <android.view.MotionEvent: float getX()> to <android.util.Log: int v(java.lang.String,java.lang.String)>
maxpossibleFlows=3
maxpossibleFlows=2
maxpossibleFlows=3
maxpossibleFlows=2
maxpossibleFlows=3
maxpossibleFlows=3
3 taint flow paths FOUND from <android.view.View: android.content.Context getContext()> to <android.webkit.WebSettings: void setUserAgentString(java.lang.String)>
maxpossibleFlows=4
maxpossibleFlows=4
maxpossibleFlows=1
maxpossibleFlows=1
maxpossibleFlows=1
maxpossibleFlows=1
maxpossibleFlows=1
maxpossibleFlows=1
maxpossibleFlows=3
maxpossibleFlows=2
maxpossibleFlows=3
3 taint flow paths FOUND from <android.webkit.WebView: android.webkit.WebSettings getSettings()> to <android.webkit.WebSettings: void setJavaScriptEnabled(boolean)>
maxpossibleFlows=20
20 taint flow paths FOUND from <android.content.ContextWrapper: android.content.res.AssetManager getAssets()> to <android.content.res.AssetManager: java.io.InputStream open(java.lang.String)>
maxpossibleFlows=20
20 taint flow paths FOUND from <android.content.ContextWrapper: android.content.res.AssetManager getAssets()> to <android.util.Log: int v(java.lang.String,java.lang.String)>
maxpossibleFlows=7
maxpossibleFlows=7
7 taint flow paths FOUND from <android.view.ContextThemeWrapper: android.content.res.Resources getResources()> to <android.content.res.Resources: java.io.InputStream openRawResource(int)>
maxpossibleFlows=1
maxpossibleFlows=2
maxpossibleFlows=1
maxpossibleFlows=1
maxpossibleFlows=1
maxpossibleFlows=3
maxpossibleFlows=1
maxpossibleFlows=1
maxpossibleFlows=1
maxpossibleFlows=3
maxpossibleFlows=1
maxpossibleFlows=3
maxpossibleFlows=2
maxpossibleFlows=1
maxpossibleFlows=1
maxpossibleFlows=2
maxpossibleFlows=2
maxpossibleFlows=2
maxpossibleFlows=1
maxpossibleFlows=2
maxpossibleFlows=1
maxpossibleFlows=1
maxpossibleFlows=1
maxpossibleFlows=3
maxpossibleFlows=1
maxpossibleFlows=1
maxpossibleFlows=1
maxpossibleFlows=3
maxpossibleFlows=1
maxpossibleFlows=3
3 taint flow paths FOUND from <android.webkit.WebView: android.webkit.WebSettings getSettings()> to <android.webkit.WebSettings: void setJavaScriptEnabled(boolean)>
maxpossibleFlows=3
maxpossibleFlows=4
3 taint flow paths FOUND from <java.lang.StringBuilder: java.lang.String toString()> to <android.app.Activity: void setContentView(int)>
maxpossibleFlows=1
maxpossibleFlows=2
maxpossibleFlows=1
maxpossibleFlows=1
maxpossibleFlows=1
maxpossibleFlows=1
1 taint flow paths FOUND from <android.content.ContextWrapper: android.content.Context getApplicationContext()> to <android.webkit.WebView: void setWebViewClient(android.webkit.WebViewClient)>
maxpossibleFlows=20
20 taint flow paths FOUND from <android.content.ContextWrapper: android.content.res.AssetManager getAssets()> to <android.graphics.BitmapFactory: android.graphics.Bitmap decodeStream(java.io.InputStream,android.graphics.Rect,android.graphics.BitmapFactory$Options)>
maxpossibleFlows=1
maxpossibleFlows=2
maxpossibleFlows=1
maxpossibleFlows=1
maxpossibleFlows=1
maxpossibleFlows=1
1 taint flow paths FOUND from <android.content.ContextWrapper: android.content.Context getApplicationContext()> to <android.view.View: void setVisibility(int)>
maxpossibleFlows=1
maxpossibleFlows=2
maxpossibleFlows=1
maxpossibleFlows=1
maxpossibleFlows=1
maxpossibleFlows=3
3 taint flow paths FOUND from <android.content.ContextWrapper: android.content.Context getApplicationContext()> to <android.webkit.WebSettings: void setUserAgentString(java.lang.String)>
maxpossibleFlows=1
maxpossibleFlows=2
maxpossibleFlows=1
maxpossibleFlows=1
maxpossibleFlows=1
maxpossibleFlows=3
maxpossibleFlows=1
maxpossibleFlows=1
maxpossibleFlows=1
maxpossibleFlows=3
maxpossibleFlows=1
maxpossibleFlows=3
3 taint flow paths FOUND from <android.webkit.WebView: android.webkit.WebSettings getSettings()> to <android.webkit.WebView: void setScrollBarStyle(int)>
[WARNING] [32mVERBOSE[0m Callback method :<init> in Class android.support.v4.app.Fragment
[WARNING] [32mVERBOSE[0m Callback method :onConfigurationChanged in Class android.support.v4.app.Fragment
[WARNING] [32mVERBOSE[0m Callback method :onCreateContextMenu in Class android.support.v4.app.Fragment
[WARNING] [32mVERBOSE[0m Callback method :onLowMemory in Class android.support.v4.app.Fragment
[WARNING] [32mVERBOSE[0m Callback method :<init> in Class android.support.v4.app.DialogFragment
[WARNING] [32mVERBOSE[0m Callback method :onCancel in Class android.support.v4.app.DialogFragment
[WARNING] [32mVERBOSE[0m Callback method :onDismiss in Class android.support.v4.app.DialogFragment
[WARNING] [32mVERBOSE[0m Callback method :onAttachedToWindow in Class android.support.v4.app.FragmentTabHost
[WARNING] [32mVERBOSE[0m Callback method :onDetachedFromWindow in Class android.support.v4.app.FragmentTabHost
[WARNING] [32mVERBOSE[0m Callback method :onRestoreInstanceState in Class android.support.v4.app.FragmentTabHost
[WARNING] [32mVERBOSE[0m Callback method :onSaveInstanceState in Class android.support.v4.app.FragmentTabHost
[WARNING] [32mVERBOSE[0m Callback method :onTabChanged in Class android.support.v4.app.FragmentTabHost
[WARNING] [32mVERBOSE[0m Callback method :setOnTabChangedListener in Class android.support.v4.app.FragmentTabHost
[WARNING] [32mVERBOSE[0m Callback method :setup in Class android.support.v4.app.FragmentTabHost
[WARNING] [32mVERBOSE[0m Hierarchy.virtualDispatch called with non-concrete receiver class: com.universal.customclass.BaseActivity, subsig: void <init>()
[WARNING] [32mVERBOSE[0m Callback method :<init> in Class com.universal.customclass.BaseActivity
[WARNING] [32mVERBOSE[0m Hierarchy.virtualDispatch called with non-concrete receiver class: com.universal.customclass.BaseActivity, subsig: void onClick(android.view.View)
[WARNING] [32mVERBOSE[0m Callback method :onClick in Class com.universal.customclass.BaseActivity
[WARNING] [32mVERBOSE[0m Hierarchy.virtualDispatch called with non-concrete receiver class: com.universal.customclass.BaseActivity, subsig: void onCreate(android.os.Bundle)
[WARNING] [32mVERBOSE[0m Callback method :onCreate in Class com.universal.customclass.BaseActivity
[WARNING] [32mVERBOSE[0m Hierarchy.virtualDispatch called with non-concrete receiver class: com.universal.customclass.BaseActivity, subsig: void onDestroy()
[WARNING] [32mVERBOSE[0m Callback method :onDestroy in Class com.universal.customclass.BaseActivity
[WARNING] [32mVERBOSE[0m Hierarchy.virtualDispatch called with non-concrete receiver class: com.universal.customclass.BaseActivity, subsig: void onPause()
[WARNING] [32mVERBOSE[0m Callback method :onPause in Class com.universal.customclass.BaseActivity
[WARNING] [32mVERBOSE[0m Hierarchy.virtualDispatch called with non-concrete receiver class: com.universal.customclass.BaseActivity, subsig: void onResume()
[WARNING] [32mVERBOSE[0m Callback method :onResume in Class com.universal.customclass.BaseActivity
[WARNING] [32mVERBOSE[0m Hierarchy.virtualDispatch called with non-concrete receiver class: com.universal.customclass.BaseActivity, subsig: void onWindowFocusChanged(boolean)
[WARNING] [32mVERBOSE[0m Callback method :onWindowFocusChanged in Class com.universal.customclass.BaseActivity
[WARNING] [32mVERBOSE[0m Callback method :<init> in Class com.google.ads.AdActivity
[WARNING] [32mVERBOSE[0m Callback method :onActivityResult in Class com.google.ads.AdActivity
[WARNING] [32mVERBOSE[0m Callback method :onClick in Class com.google.ads.AdActivity
[WARNING] [32mVERBOSE[0m Callback method :onCreate in Class com.google.ads.AdActivity
[WARNING] [32mVERBOSE[0m Callback method :onDestroy in Class com.google.ads.AdActivity
[WARNING] [32mVERBOSE[0m Callback method :onPause in Class com.google.ads.AdActivity
[WARNING] [32mVERBOSE[0m Callback method :onWindowFocusChanged in Class com.google.ads.AdActivity
[WARNING] [32mVERBOSE[0m Callback method :<init> in Class com.b3u.gobobonuki.scene.FacebookActivity
[WARNING] [32mVERBOSE[0m Callback method :onClick in Class com.b3u.gobobonuki.scene.FacebookActivity
[WARNING] [32mVERBOSE[0m Callback method :onCreate in Class com.b3u.gobobonuki.scene.FacebookActivity
[WARNING] [32mVERBOSE[0m Callback method :onKeyDown in Class com.b3u.gobobonuki.scene.FacebookActivity
[WARNING] [32mVERBOSE[0m Callback method :<init> in Class com.b3u.gobobonuki.scene.GetWallPaperActivity
[WARNING] [32mVERBOSE[0m Callback method :onClick in Class com.b3u.gobobonuki.scene.GetWallPaperActivity
[WARNING] [32mVERBOSE[0m Callback method :onCreate in Class com.b3u.gobobonuki.scene.GetWallPaperActivity
[WARNING] [32mVERBOSE[0m Callback method :onDown in Class com.b3u.gobobonuki.scene.GetWallPaperActivity
[WARNING] [32mVERBOSE[0m Callback method :onFling in Class com.b3u.gobobonuki.scene.GetWallPaperActivity
[WARNING] [32mVERBOSE[0m Callback method :onKeyDown in Class com.b3u.gobobonuki.scene.GetWallPaperActivity
[WARNING] [32mVERBOSE[0m Callback method :onLongPress in Class com.b3u.gobobonuki.scene.GetWallPaperActivity
[WARNING] [32mVERBOSE[0m Callback method :onScroll in Class com.b3u.gobobonuki.scene.GetWallPaperActivity
[WARNING] [32mVERBOSE[0m Callback method :onShowPress in Class com.b3u.gobobonuki.scene.GetWallPaperActivity
[WARNING] [32mVERBOSE[0m Callback method :onSingleTapUp in Class com.b3u.gobobonuki.scene.GetWallPaperActivity
[WARNING] [32mVERBOSE[0m Callback method :onTouchEvent in Class com.b3u.gobobonuki.scene.GetWallPaperActivity
[WARNING] [32mVERBOSE[0m Callback method :<init> in Class com.b3u.gobobonuki.scene.SNSActivity
[WARNING] [32mVERBOSE[0m Callback method :onActivityResult in Class com.b3u.gobobonuki.scene.SNSActivity
[WARNING] [32mVERBOSE[0m Callback method :onClick in Class com.b3u.gobobonuki.scene.SNSActivity
[WARNING] [32mVERBOSE[0m Callback method :onCreate in Class com.b3u.gobobonuki.scene.SNSActivity
[WARNING] [32mVERBOSE[0m Callback method :onKeyDown in Class com.b3u.gobobonuki.scene.SNSActivity
[WARNING] [32mVERBOSE[0m Callback method :onNewIntent in Class com.b3u.gobobonuki.scene.SNSActivity
[WARNING] [32mVERBOSE[0m Hierarchy.virtualDispatch called with non-concrete receiver class: com.universal.customclass.BaseSurfaceActivity, subsig: void <init>()
[WARNING] [32mVERBOSE[0m Callback method :<init> in Class com.universal.customclass.BaseSurfaceActivity
[WARNING] [32mVERBOSE[0m Hierarchy.virtualDispatch called with non-concrete receiver class: com.universal.customclass.BaseSurfaceActivity, subsig: void onCreate(android.os.Bundle)
[WARNING] [32mVERBOSE[0m Callback method :onCreate in Class com.universal.customclass.BaseSurfaceActivity
[WARNING] [32mVERBOSE[0m Hierarchy.virtualDispatch called with non-concrete receiver class: com.universal.customclass.BaseSurfaceActivity, subsig: void onPause()
[WARNING] [32mVERBOSE[0m Callback method :onPause in Class com.universal.customclass.BaseSurfaceActivity
[WARNING] [32mVERBOSE[0m Hierarchy.virtualDispatch called with non-concrete receiver class: com.universal.customclass.BaseSurfaceActivity, subsig: void onRestart()
[WARNING] [32mVERBOSE[0m Callback method :onRestart in Class com.universal.customclass.BaseSurfaceActivity
Result for benign-app-50-762C68FC46EC15B81812C2ADC52DA09DCD5BCD923ED52B402A76DFA291F45BB2.apkcom.b3u.gobobonuki