DUA-Forensics args to Soot: -w -cp /home/handrick/Documents/UNB/benchmark/libs/droidfax.jar:/home/handrick/Android/Sdk/platforms/android-19/android.jar -p cg verbose:false,implicit-entry:true -p cg.spark verbose:false,on-fly-cg:true,rta:false -d /home/handrick/Documents/UNB/benchmark/trace/180/2/droidbot/benign-app-683-230B92C4DFD0DBD2E29865C9A9B28CA9C5A88D8F718A7FA1FA6C207C07537C67.apk.logcat -process-dir /home/handrick/Documents/UNB/benchmark/data/input/benign-app-683-230B92C4DFD0DBD2E29865C9A9B28CA9C5A88D8F718A7FA1FA6C207C07537C67.apk 
Soot started on Fri May 13 16:50:11 CEST 2022
Warning: com.ironsource.mobilcore.BaseFlowBasedAdUnit is a phantom class!
Warning: java.lang.invoke.LambdaMetafactory is a phantom class!
Warning: java.lang.ref.Finalizer is a phantom class!
[Call Graph] For information on where the call graph may be incomplete, use the verbose option to the cg phase.
[Spark] Pointer Assignment Graph in 0.0 seconds.
[Spark] Type masks in 0.0 seconds.
[Spark] Pointer Graph simplified in 0.0 seconds.
[Spark] Propagation in 0.0 seconds.
[Spark] Solution found in 0.0 seconds.
hcai's internal transform
Running static analysis for security-relevant feature characterization
[GatorHierarchy] [32mVERBOSE[0m [HIER] All classes: 1384
[GatorHierarchy] [32mVERBOSE[0m [App: 484, Lib : 897, Phantom: 3]
[GatorHierarchy] [32mVERBOSE[0m [HIER] Activities: 5, lib activities: 1
[GatorHierarchy] [32mVERBOSE[0m [HIER] App views: 2, Lib views: 17
[GatorHierarchy] [32mVERBOSE[0m [HIER] App Dialogs: 0, Lib Dialogs: 3
[TIMECOST] [32mVERBOSE[0m buildApplicationCodeMap parsing starting at 1652453412654
[TIMECOST] [32mVERBOSE[0m buildApplicationCodeMap parsing finished at 1652453459502
[Instantiated app classes] [32mVERBOSE[0m total number: 420
[WARNING] [32mVERBOSE[0m Callback method :onMarkerReached in Class com.wiyun.engine.sound.AudioManager added
[WARNING] [32mVERBOSE[0m Callback method :onPeriodicNotification in Class com.wiyun.engine.sound.AudioManager added
[WARNING] [32mVERBOSE[0m Callback method :onPause in Class com.emman.vog.TitleActivity added
[WARNING] [32mVERBOSE[0m Callback method :onCreate in Class com.emman.vog.TitleActivity added
[WARNING] [32mVERBOSE[0m Callback method :onDestroy in Class com.emman.vog.TitleActivity added
[WARNING] [32mVERBOSE[0m Callback method :onResume in Class com.emman.vog.TitleActivity added
[WARNING] [32mVERBOSE[0m Callback method :onScroll in Class com.wiyun.engine.nodes.Node added
[WARNING] [32mVERBOSE[0m Callback method :onSingleTapUp in Class com.wiyun.engine.nodes.Node added
[WARNING] [32mVERBOSE[0m Callback method :onSingleTapConfirmed in Class com.wiyun.engine.nodes.Node added
[WARNING] [32mVERBOSE[0m Callback method :onDown in Class com.wiyun.engine.nodes.Node added
[WARNING] [32mVERBOSE[0m Callback method :onDoubleTapEvent in Class com.wiyun.engine.nodes.Node added
[WARNING] [32mVERBOSE[0m Callback method :onShowPress in Class com.wiyun.engine.nodes.Node added
[WARNING] [32mVERBOSE[0m Callback method :onFling in Class com.wiyun.engine.nodes.Node added
[WARNING] [32mVERBOSE[0m Callback method :onDoubleTap in Class com.wiyun.engine.nodes.Node added
[WARNING] [32mVERBOSE[0m Callback method :onLongPress in Class com.wiyun.engine.nodes.Node added
[WARNING] [32mVERBOSE[0m Callback method :onCreate in Class com.mode.sdk.AdActivity added
[WARNING] [32mVERBOSE[0m Callback method :onScroll in Class com.wiyun.engine.nodes.Node added
[WARNING] [32mVERBOSE[0m Callback method :onSingleTapUp in Class com.wiyun.engine.nodes.Node added
[WARNING] [32mVERBOSE[0m Callback method :onSingleTapConfirmed in Class com.wiyun.engine.nodes.Node added
[WARNING] [32mVERBOSE[0m Callback method :onDown in Class com.wiyun.engine.nodes.Node added
[WARNING] [32mVERBOSE[0m Callback method :onDoubleTapEvent in Class com.wiyun.engine.nodes.Node added
[WARNING] [32mVERBOSE[0m Callback method :onShowPress in Class com.wiyun.engine.nodes.Node added
[WARNING] [32mVERBOSE[0m Callback method :onFling in Class com.wiyun.engine.nodes.Node added
[WARNING] [32mVERBOSE[0m Callback method :onDoubleTap in Class com.wiyun.engine.nodes.Node added
[WARNING] [32mVERBOSE[0m Callback method :onLongPress in Class com.wiyun.engine.nodes.Node added
[WARNING] [32mVERBOSE[0m Callback method :onScroll in Class com.wiyun.engine.nodes.Node added
[WARNING] [32mVERBOSE[0m Callback method :onSingleTapUp in Class com.wiyun.engine.nodes.Node added
[WARNING] [32mVERBOSE[0m Callback method :onSingleTapConfirmed in Class com.wiyun.engine.nodes.Node added
[WARNING] [32mVERBOSE[0m Callback method :onDown in Class com.wiyun.engine.nodes.Node added
[WARNING] [32mVERBOSE[0m Callback method :onDoubleTapEvent in Class com.wiyun.engine.nodes.Node added
[WARNING] [32mVERBOSE[0m Callback method :onShowPress in Class com.wiyun.engine.nodes.Node added
[WARNING] [32mVERBOSE[0m Callback method :onFling in Class com.wiyun.engine.nodes.Node added
[WARNING] [32mVERBOSE[0m Callback method :onDoubleTap in Class com.wiyun.engine.nodes.Node added
[WARNING] [32mVERBOSE[0m Callback method :onLongPress in Class com.wiyun.engine.nodes.Node added
[WARNING] [32mVERBOSE[0m Callback method :onKeyDown in Class com.wiyun.engine.utils.VideoPlayingActivity added
[WARNING] [32mVERBOSE[0m Callback method :onPrepared in Class com.wiyun.engine.utils.VideoPlayingActivity added
[WARNING] [32mVERBOSE[0m Callback method :surfaceDestroyed in Class com.wiyun.engine.utils.VideoPlayingActivity added
[WARNING] [32mVERBOSE[0m Callback method :onCreateDialog in Class com.wiyun.engine.utils.VideoPlayingActivity added
[WARNING] [32mVERBOSE[0m Callback method :onTouch in Class com.wiyun.engine.utils.VideoPlayingActivity added
[WARNING] [32mVERBOSE[0m Callback method :onBufferingUpdate in Class com.wiyun.engine.utils.VideoPlayingActivity added
[WARNING] [32mVERBOSE[0m Callback method :surfaceChanged in Class com.wiyun.engine.utils.VideoPlayingActivity added
[WARNING] [32mVERBOSE[0m Callback method :surfaceCreated in Class com.wiyun.engine.utils.VideoPlayingActivity added
[WARNING] [32mVERBOSE[0m Callback method :onCreate in Class com.wiyun.engine.utils.VideoPlayingActivity added
[WARNING] [32mVERBOSE[0m Callback method :onKeyUp in Class com.wiyun.engine.utils.VideoPlayingActivity added
[WARNING] [32mVERBOSE[0m Callback method :onDestroy in Class com.wiyun.engine.utils.VideoPlayingActivity added
[WARNING] [32mVERBOSE[0m Callback method :onClick in Class com.wiyun.engine.utils.VideoPlayingActivity added
[WARNING] [32mVERBOSE[0m Callback method :onVideoSizeChanged in Class com.wiyun.engine.utils.VideoPlayingActivity added
[WARNING] [32mVERBOSE[0m Callback method :onCompletion in Class com.wiyun.engine.utils.VideoPlayingActivity added
[WARNING] [32mVERBOSE[0m Callback method :onReceive in Class com.games.AdReciver added
[WARNING] [32mVERBOSE[0m Callback method :onPause in Class com.wiyun.engine.utils.ImagePickerActivity added
[WARNING] [32mVERBOSE[0m Callback method :onCreate in Class com.wiyun.engine.utils.ImagePickerActivity added
[WARNING] [32mVERBOSE[0m Callback method :onDestroy in Class com.wiyun.engine.utils.ImagePickerActivity added
[WARNING] [32mVERBOSE[0m Callback method :onActivityResult in Class com.wiyun.engine.utils.ImagePickerActivity added
[WARNING] [32mVERBOSE[0m Callback method :onClick in Class com.wiyun.engine.utils.ImagePickerActivity added
[WARNING] [32mVERBOSE[0m Callback method :onResume in Class com.wiyun.engine.utils.ImagePickerActivity added
[WARNING] [32mVERBOSE[0m Callback method :onScroll in Class com.wiyun.engine.nodes.Node added
[WARNING] [32mVERBOSE[0m Callback method :onSingleTapUp in Class com.wiyun.engine.nodes.Node added
[WARNING] [32mVERBOSE[0m Callback method :onSingleTapConfirmed in Class com.wiyun.engine.nodes.Node added
[WARNING] [32mVERBOSE[0m Callback method :onDown in Class com.wiyun.engine.nodes.Node added
[WARNING] [32mVERBOSE[0m Callback method :onDoubleTapEvent in Class com.wiyun.engine.nodes.Node added
[WARNING] [32mVERBOSE[0m Callback method :onShowPress in Class com.wiyun.engine.nodes.Node added
[WARNING] [32mVERBOSE[0m Callback method :onFling in Class com.wiyun.engine.nodes.Node added
[WARNING] [32mVERBOSE[0m Callback method :onDoubleTap in Class com.wiyun.engine.nodes.Node added
[WARNING] [32mVERBOSE[0m Callback method :onLongPress in Class com.wiyun.engine.nodes.Node added
[WARNING] [32mVERBOSE[0m Callback method :onScroll in Class com.wiyun.engine.nodes.Node added
[WARNING] [32mVERBOSE[0m Callback method :onSingleTapUp in Class com.wiyun.engine.nodes.Node added
[WARNING] [32mVERBOSE[0m Callback method :onSingleTapConfirmed in Class com.wiyun.engine.nodes.Node added
[WARNING] [32mVERBOSE[0m Callback method :onDown in Class com.wiyun.engine.nodes.Node added
[WARNING] [32mVERBOSE[0m Callback method :onDoubleTapEvent in Class com.wiyun.engine.nodes.Node added
[WARNING] [32mVERBOSE[0m Callback method :onShowPress in Class com.wiyun.engine.nodes.Node added
[WARNING] [32mVERBOSE[0m Callback method :onFling in Class com.wiyun.engine.nodes.Node added
[WARNING] [32mVERBOSE[0m Callback method :onDoubleTap in Class com.wiyun.engine.nodes.Node added
[WARNING] [32mVERBOSE[0m Callback method :onLongPress in Class com.wiyun.engine.nodes.Node added
[WARNING] [32mVERBOSE[0m Callback method :onPause in Class com.emman.vog.AnimalVoiceActivity added
[WARNING] [32mVERBOSE[0m Callback method :onCreate in Class com.emman.vog.AnimalVoiceActivity added
0 ICC links found and 0 cg edges added due to ICC links
dynamic conflated call graph: 26 methods; 26 nodes; 25 edges.
[WARNING] [32mVERBOSE[0m Callback method :<init> in Class com.wiyun.engine.utils.ImagePickerActivity
[WARNING] [32mVERBOSE[0m Callback method :onActivityResult in Class com.wiyun.engine.utils.ImagePickerActivity
[WARNING] [32mVERBOSE[0m Callback method :onClick in Class com.wiyun.engine.utils.ImagePickerActivity
[WARNING] [32mVERBOSE[0m Callback method :onCreate in Class com.wiyun.engine.utils.ImagePickerActivity
[WARNING] [32mVERBOSE[0m Callback method :onDestroy in Class com.wiyun.engine.utils.ImagePickerActivity
[WARNING] [32mVERBOSE[0m Callback method :onPause in Class com.wiyun.engine.utils.ImagePickerActivity
[WARNING] [32mVERBOSE[0m Callback method :onResume in Class com.wiyun.engine.utils.ImagePickerActivity
[WARNING] [32mVERBOSE[0m Callback method :<init> in Class com.wiyun.engine.utils.VideoPlayingActivity
[WARNING] [32mVERBOSE[0m Callback method :onBufferingUpdate in Class com.wiyun.engine.utils.VideoPlayingActivity
[WARNING] [32mVERBOSE[0m Callback method :onClick in Class com.wiyun.engine.utils.VideoPlayingActivity
[WARNING] [32mVERBOSE[0m Callback method :onCompletion in Class com.wiyun.engine.utils.VideoPlayingActivity
[WARNING] [32mVERBOSE[0m Callback method :onCreate in Class com.wiyun.engine.utils.VideoPlayingActivity
[WARNING] [32mVERBOSE[0m Callback method :onCreateDialog in Class com.wiyun.engine.utils.VideoPlayingActivity
[WARNING] [32mVERBOSE[0m Callback method :onDestroy in Class com.wiyun.engine.utils.VideoPlayingActivity
[WARNING] [32mVERBOSE[0m Callback method :onKeyDown in Class com.wiyun.engine.utils.VideoPlayingActivity
[WARNING] [32mVERBOSE[0m Callback method :onKeyUp in Class com.wiyun.engine.utils.VideoPlayingActivity
[WARNING] [32mVERBOSE[0m Callback method :onPrepared in Class com.wiyun.engine.utils.VideoPlayingActivity
[WARNING] [32mVERBOSE[0m Callback method :onTouch in Class com.wiyun.engine.utils.VideoPlayingActivity
[WARNING] [32mVERBOSE[0m Callback method :onVideoSizeChanged in Class com.wiyun.engine.utils.VideoPlayingActivity
[WARNING] [32mVERBOSE[0m Callback method :surfaceChanged in Class com.wiyun.engine.utils.VideoPlayingActivity
[WARNING] [32mVERBOSE[0m Callback method :surfaceCreated in Class com.wiyun.engine.utils.VideoPlayingActivity
[WARNING] [32mVERBOSE[0m Callback method :surfaceDestroyed in Class com.wiyun.engine.utils.VideoPlayingActivity
Result for benign-app-683-230B92C4DFD0DBD2E29865C9A9B28CA9C5A88D8F718A7FA1FA6C207C07537C67.apkcom.emman.vog