DUA-Forensics args to Soot: -w -cp /home/handrick/Documents/UNB/benchmark/libs/droidfax.jar:/home/handrick/Android/Sdk/platforms/android-19/android.jar -p cg verbose:false,implicit-entry:true -p cg.spark verbose:false,on-fly-cg:true,rta:false -d /home/handrick/Documents/UNB/benchmark/trace/180/2/droidbot/malicious-app-52-8CD4179BD127AA92B8CE0126B25DD106B37D269320ABDA679E1A82BFA7BC16A2.apk.logcat -process-dir /home/handrick/Documents/UNB/benchmark/data/input/malicious-app-52-8CD4179BD127AA92B8CE0126B25DD106B37D269320ABDA679E1A82BFA7BC16A2.apk 
Soot started on Fri Apr 15 12:44:48 CEST 2022
Warning: com.ironsource.mobilcore.BaseFlowBasedAdUnit is a phantom class!
Warning: java.lang.invoke.LambdaMetafactory is a phantom class!
Warning: java.lang.ref.Finalizer is a phantom class!
[Call Graph] For information on where the call graph may be incomplete, use the verbose option to the cg phase.
[Spark] Pointer Assignment Graph in 0.0 seconds.
[Spark] Type masks in 0.0 seconds.
[Spark] Pointer Graph simplified in 0.0 seconds.
[Spark] Propagation in 0.0 seconds.
[Spark] Solution found in 0.0 seconds.
hcai's internal transform
Running static analysis for security-relevant feature characterization
[GatorHierarchy] [32mVERBOSE[0m [HIER] All classes: 2006
[GatorHierarchy] [32mVERBOSE[0m [App: 888, Lib : 1115, Phantom: 3]
[GatorHierarchy] [32mVERBOSE[0m [HIER] Activities: 12, lib activities: 3
[GatorHierarchy] [32mVERBOSE[0m [HIER] App views: 69, Lib views: 34
[GatorHierarchy] [32mVERBOSE[0m [HIER] App Dialogs: 2, Lib Dialogs: 3
[TIMECOST] [32mVERBOSE[0m buildApplicationCodeMap parsing starting at 1650019489742
array element type: (filled narr)int
[TIMECOST] [32mVERBOSE[0m buildApplicationCodeMap parsing finished at 1650019500602
[Instantiated app classes] [32mVERBOSE[0m total number: 787
[WARNING] [32mVERBOSE[0m Callback method :onHandleIntent in Class com.google.android.gcm.GCMBaseIntentService added
[WARNING] [32mVERBOSE[0m Callback method :onMeasure in Class android.support.v4.view.PagerTitleStrip added
[WARNING] [32mVERBOSE[0m Callback method :requestLayout in Class android.support.v4.view.PagerTitleStrip added
[WARNING] [32mVERBOSE[0m Callback method :onLayout in Class android.support.v4.view.PagerTitleStrip added
[WARNING] [32mVERBOSE[0m Callback method :onDetachedFromWindow in Class android.support.v4.view.PagerTitleStrip added
[WARNING] [32mVERBOSE[0m Callback method :onAttachedToWindow in Class android.support.v4.view.PagerTitleStrip added
[WARNING] [32mVERBOSE[0m Callback method :onReceive in Class com.hunstun.tallsyen.blawe.adermo.RsamnActivity added
[WARNING] [32mVERBOSE[0m Callback method :onBind in Class com.sumase.nuatie.wulley.PsemkwinActivity added
[WARNING] [32mVERBOSE[0m Callback method :onDestroy in Class com.sumase.nuatie.wulley.PsemkwinActivity added
[WARNING] [32mVERBOSE[0m Callback method :onCreate in Class com.sumase.nuatie.wulley.PsemkwinActivity added
[WARNING] [32mVERBOSE[0m Callback method :onStartCommand in Class com.sumase.nuatie.wulley.PsemkwinActivity added
[WARNING] [32mVERBOSE[0m Callback method :onFinishInflate in Class dg.view.OptionView added
[WARNING] [32mVERBOSE[0m Callback method :onVisibilityChanged in Class dg.view.OptionView added
[WARNING] [32mVERBOSE[0m Callback method :onHandleIntent in Class com.google.android.gcm.GCMBaseIntentService added
[WARNING] [32mVERBOSE[0m Callback method :onReceive in Class com.sumase.nuatie.wulley.RsollyActivity added
[WARNING] [32mVERBOSE[0m Callback method :onBackPressed in Class com.hunstun.tallsyen.blawe.adermo.MsienActivity added
[WARNING] [32mVERBOSE[0m Callback method :finish in Class com.hunstun.tallsyen.blawe.adermo.MsienActivity added
[WARNING] [32mVERBOSE[0m Callback method :onCreate in Class com.hunstun.tallsyen.blawe.adermo.MsienActivity added
[WARNING] [32mVERBOSE[0m Callback method :onReceive in Class com.hunstun.tallsyen.blawe.RsekleeActivity added
[WARNING] [32mVERBOSE[0m Callback method :onLowMemory in Class android.support.v4.app.Fragment added
[WARNING] [32mVERBOSE[0m Callback method :onCreateContextMenu in Class android.support.v4.app.Fragment added
[WARNING] [32mVERBOSE[0m Callback method :onConfigurationChanged in Class android.support.v4.app.Fragment added
[WARNING] [32mVERBOSE[0m Callback method :onWindowFocusChanged in Class com.google.ads.AdActivity added
[WARNING] [32mVERBOSE[0m Callback method :onPause in Class com.google.ads.AdActivity added
[WARNING] [32mVERBOSE[0m Callback method :onCreate in Class com.google.ads.AdActivity added
[WARNING] [32mVERBOSE[0m Callback method :onDestroy in Class com.google.ads.AdActivity added
[WARNING] [32mVERBOSE[0m Callback method :onActivityResult in Class com.google.ads.AdActivity added
[WARNING] [32mVERBOSE[0m Callback method :onClick in Class com.google.ads.AdActivity added
[WARNING] [32mVERBOSE[0m Callback method :onBackPressed in Class com.luotuy.mustn.allen.j added
[WARNING] [32mVERBOSE[0m Callback method :onKeyDown in Class android.support.v4.app.FragmentActivity added
[WARNING] [32mVERBOSE[0m Callback method :onPanelClosed in Class android.support.v4.app.FragmentActivity added
[WARNING] [32mVERBOSE[0m Callback method :onConfigurationChanged in Class android.support.v4.app.FragmentActivity added
[WARNING] [32mVERBOSE[0m Callback method :onMenuItemSelected in Class android.support.v4.app.FragmentActivity added
[WARNING] [32mVERBOSE[0m Callback method :onBackPressed in Class android.support.v4.app.FragmentActivity added
[WARNING] [32mVERBOSE[0m Callback method :onRetainNonConfigurationInstance in Class android.support.v4.app.FragmentActivity added
[WARNING] [32mVERBOSE[0m Callback method :onNewIntent in Class android.support.v4.app.FragmentActivity added
[WARNING] [32mVERBOSE[0m Callback method :onPause in Class android.support.v4.app.FragmentActivity added
[WARNING] [32mVERBOSE[0m Callback method :onStop in Class android.support.v4.app.FragmentActivity added
[WARNING] [32mVERBOSE[0m Callback method :onCreatePanelMenu in Class android.support.v4.app.FragmentActivity added
[WARNING] [32mVERBOSE[0m Callback method :dump in Class android.support.v4.app.FragmentActivity added
[WARNING] [32mVERBOSE[0m Callback method :onCreate in Class android.support.v4.app.FragmentActivity added
[WARNING] [32mVERBOSE[0m Callback method :onCreateView in Class android.support.v4.app.FragmentActivity added
[WARNING] [32mVERBOSE[0m Callback method :onDestroy in Class android.support.v4.app.FragmentActivity added
[WARNING] [32mVERBOSE[0m Callback method :onPreparePanel in Class android.support.v4.app.FragmentActivity added
[WARNING] [32mVERBOSE[0m Callback method :onStart in Class android.support.v4.app.FragmentActivity added
[WARNING] [32mVERBOSE[0m Callback method :onSaveInstanceState in Class android.support.v4.app.FragmentActivity added
[WARNING] [32mVERBOSE[0m Callback method :startActivityForResult in Class android.support.v4.app.FragmentActivity added
[WARNING] [32mVERBOSE[0m Callback method :onActivityResult in Class android.support.v4.app.FragmentActivity added
[WARNING] [32mVERBOSE[0m Callback method :onPostResume in Class android.support.v4.app.FragmentActivity added
[WARNING] [32mVERBOSE[0m Callback method :onResume in Class android.support.v4.app.FragmentActivity added
[WARNING] [32mVERBOSE[0m Callback method :onLowMemory in Class android.support.v4.app.FragmentActivity added
[WARNING] [32mVERBOSE[0m Callback method :generateLayoutParams in Class android.support.v4.view.ViewPager added
[WARNING] [32mVERBOSE[0m Callback method :draw in Class android.support.v4.view.ViewPager added
[WARNING] [32mVERBOSE[0m Callback method :onRestoreInstanceState in Class android.support.v4.view.ViewPager added
[WARNING] [32mVERBOSE[0m Callback method :onRequestFocusInDescendants in Class android.support.v4.view.ViewPager added
[WARNING] [32mVERBOSE[0m Callback method :generateDefaultLayoutParams in Class android.support.v4.view.ViewPager added
[WARNING] [32mVERBOSE[0m Callback method :onMeasure in Class android.support.v4.view.ViewPager added
[WARNING] [32mVERBOSE[0m Callback method :addView in Class android.support.v4.view.ViewPager added
[WARNING] [32mVERBOSE[0m Callback method :onSaveInstanceState in Class android.support.v4.view.ViewPager added
[WARNING] [32mVERBOSE[0m Callback method :onLayout in Class android.support.v4.view.ViewPager added
[WARNING] [32mVERBOSE[0m Callback method :onTouchEvent in Class android.support.v4.view.ViewPager added
[WARNING] [32mVERBOSE[0m Callback method :addTouchables in Class android.support.v4.view.ViewPager added
[WARNING] [32mVERBOSE[0m Callback method :onDetachedFromWindow in Class android.support.v4.view.ViewPager added
[WARNING] [32mVERBOSE[0m Callback method :computeScroll in Class android.support.v4.view.ViewPager added
[WARNING] [32mVERBOSE[0m Callback method :onAttachedToWindow in Class android.support.v4.view.ViewPager added
[WARNING] [32mVERBOSE[0m Callback method :onInterceptTouchEvent in Class android.support.v4.view.ViewPager added
[WARNING] [32mVERBOSE[0m Callback method :verifyDrawable in Class android.support.v4.view.ViewPager added
[WARNING] [32mVERBOSE[0m Callback method :dispatchPopulateAccessibilityEvent in Class android.support.v4.view.ViewPager added
[WARNING] [32mVERBOSE[0m Callback method :onSizeChanged in Class android.support.v4.view.ViewPager added
[WARNING] [32mVERBOSE[0m Callback method :dispatchKeyEvent in Class android.support.v4.view.ViewPager added
[WARNING] [32mVERBOSE[0m Callback method :addFocusables in Class android.support.v4.view.ViewPager added
[WARNING] [32mVERBOSE[0m Callback method :onDraw in Class android.support.v4.view.ViewPager added
[WARNING] [32mVERBOSE[0m Callback method :generateLayoutParams in Class android.support.v4.view.ViewPager added
[WARNING] [32mVERBOSE[0m Callback method :drawableStateChanged in Class android.support.v4.view.ViewPager added
[WARNING] [32mVERBOSE[0m Callback method :getChildDrawingOrder in Class android.support.v4.view.ViewPager added
[WARNING] [32mVERBOSE[0m Callback method :checkLayoutParams in Class android.support.v4.view.ViewPager added
[WARNING] [32mVERBOSE[0m Callback method :onKeyDown in Class com.sumase.nuatie.wulley.NsoanActivity added
[WARNING] [32mVERBOSE[0m Callback method :onWindowFocusChanged in Class com.sumase.nuatie.wulley.NsoanActivity added
[WARNING] [32mVERBOSE[0m Callback method :finish in Class com.sumase.nuatie.wulley.NsoanActivity added
[WARNING] [32mVERBOSE[0m Callback method :onCreate in Class com.sumase.nuatie.wulley.NsoanActivity added
[WARNING] [32mVERBOSE[0m Callback method :onDestroy in Class com.sumase.nuatie.wulley.NsoanActivity added
[WARNING] [32mVERBOSE[0m Callback method :onActivityResult in Class com.sumase.nuatie.wulley.NsoanActivity added
[WARNING] [32mVERBOSE[0m Callback method :onStop in Class jp.adlantis.android.AdlantisInterstitialAdActivity added
[WARNING] [32mVERBOSE[0m Callback method :onCreate in Class jp.adlantis.android.AdlantisInterstitialAdActivity added
[WARNING] [32mVERBOSE[0m Callback method :onDestroy in Class jp.adlantis.android.AdlantisInterstitialAdActivity added
[WARNING] [32mVERBOSE[0m Callback method :onResume in Class jp.adlantis.android.AdlantisInterstitialAdActivity added
[WARNING] [32mVERBOSE[0m Callback method :onBind in Class com.luotuy.mustn.BaseOseAveyen added
[WARNING] [32mVERBOSE[0m Callback method :onDestroy in Class com.luotuy.mustn.BaseOseAveyen added
[WARNING] [32mVERBOSE[0m Callback method :onCreate in Class com.luotuy.mustn.BaseOseAveyen added
[WARNING] [32mVERBOSE[0m Callback method :onStartCommand in Class com.luotuy.mustn.BaseOseAveyen added
[WARNING] [32mVERBOSE[0m Callback method :onCreate in Class ltd.pte.wavea.mathematicianschamber.Prefs added
[WARNING] [32mVERBOSE[0m Callback method :onBind in Class com.fuonw.suoetl.cuoll.CusanActivity added
[WARNING] [32mVERBOSE[0m Callback method :onDestroy in Class com.fuonw.suoetl.cuoll.CusanActivity added
[WARNING] [32mVERBOSE[0m Callback method :onCreate in Class com.fuonw.suoetl.cuoll.CusanActivity added
[WARNING] [32mVERBOSE[0m Callback method :onStart in Class com.fuonw.suoetl.cuoll.CusanActivity added
[WARNING] [32mVERBOSE[0m Callback method :onCreate in Class android.utility.Prefs added
[WARNING] [32mVERBOSE[0m Callback method :onReceive in Class it.partytrack.sdk.ReferrerReceiver added
[WARNING] [32mVERBOSE[0m Callback method :onKeyDown in Class com.hunstun.tallsyen.blawe.DslenActivity added
[WARNING] [32mVERBOSE[0m Callback method :finish in Class com.hunstun.tallsyen.blawe.DslenActivity added
[WARNING] [32mVERBOSE[0m Callback method :onCreate in Class com.hunstun.tallsyen.blawe.DslenActivity added
[WARNING] [32mVERBOSE[0m Callback method :onDestroy in Class com.hunstun.tallsyen.blawe.DslenActivity added
[WARNING] [32mVERBOSE[0m Callback method :onActivityResult in Class com.hunstun.tallsyen.blawe.DslenActivity added
[WARNING] [32mVERBOSE[0m Callback method :onWindowFocusChanged in Class ltd.pte.wavea.mathematicianschamber.MathematiciansChamber added
[WARNING] [32mVERBOSE[0m Callback method :onTouchEvent in Class ltd.pte.wavea.mathematicianschamber.MathematiciansChamber added
[WARNING] [32mVERBOSE[0m Callback method :onPause in Class ltd.pte.wavea.mathematicianschamber.MathematiciansChamber added
[WARNING] [32mVERBOSE[0m Callback method :onStop in Class ltd.pte.wavea.mathematicianschamber.MathematiciansChamber added
[WARNING] [32mVERBOSE[0m Callback method :onCreate in Class ltd.pte.wavea.mathematicianschamber.MathematiciansChamber added
[WARNING] [32mVERBOSE[0m Callback method :onDestroy in Class ltd.pte.wavea.mathematicianschamber.MathematiciansChamber added
[WARNING] [32mVERBOSE[0m Callback method :onResume in Class ltd.pte.wavea.mathematicianschamber.MathematiciansChamber added
[WARNING] [32mVERBOSE[0m Callback method :onMeasure in Class android.support.v4.view.PagerTitleStrip added
[WARNING] [32mVERBOSE[0m Callback method :requestLayout in Class android.support.v4.view.PagerTitleStrip added
[WARNING] [32mVERBOSE[0m Callback method :onLayout in Class android.support.v4.view.PagerTitleStrip added
[WARNING] [32mVERBOSE[0m Callback method :setBackgroundColor in Class android.support.v4.view.PagerTabStrip added
[WARNING] [32mVERBOSE[0m Callback method :onTouchEvent in Class android.support.v4.view.PagerTabStrip added
[WARNING] [32mVERBOSE[0m Callback method :onDetachedFromWindow in Class android.support.v4.view.PagerTitleStrip added
[WARNING] [32mVERBOSE[0m Callback method :onAttachedToWindow in Class android.support.v4.view.PagerTitleStrip added
[WARNING] [32mVERBOSE[0m Callback method :setBackgroundResource in Class android.support.v4.view.PagerTabStrip added
[WARNING] [32mVERBOSE[0m Callback method :setPadding in Class android.support.v4.view.PagerTabStrip added
[WARNING] [32mVERBOSE[0m Callback method :onDraw in Class android.support.v4.view.PagerTabStrip added
[WARNING] [32mVERBOSE[0m Callback method :setBackgroundDrawable in Class android.support.v4.view.PagerTabStrip added
[WARNING] [32mVERBOSE[0m Callback method :onKeyDown in Class com.fuonw.suoetl.cuoll.ZusnActivity added
[WARNING] [32mVERBOSE[0m Callback method :onRestoreInstanceState in Class com.fuonw.suoetl.cuoll.ZusnActivity added
[WARNING] [32mVERBOSE[0m Callback method :onCreate in Class com.fuonw.suoetl.cuoll.ZusnActivity added
[WARNING] [32mVERBOSE[0m Callback method :onDestroy in Class com.fuonw.suoetl.cuoll.ZusnActivity added
[WARNING] [32mVERBOSE[0m Callback method :onSaveInstanceState in Class com.fuonw.suoetl.cuoll.ZusnActivity added
[WARNING] [32mVERBOSE[0m Callback method :onBind in Class com.hunstun.tallsyen.blawe.SomeKsleActivity added
[WARNING] [32mVERBOSE[0m Callback method :onDestroy in Class com.hunstun.tallsyen.blawe.SomeKsleActivity added
[WARNING] [32mVERBOSE[0m Callback method :onCreate in Class com.hunstun.tallsyen.blawe.SomeKsleActivity added
[WARNING] [32mVERBOSE[0m Callback method :onStartCommand in Class com.hunstun.tallsyen.blawe.SomeKsleActivity added
[WARNING] [32mVERBOSE[0m Callback method :onReceive in Class com.luotuy.mustn.VenrowoActivity added
[WARNING] [32mVERBOSE[0m Callback method :onReceive in Class com.fuonw.suoetl.cuoll.TsenaActivity added
[WARNING] [32mVERBOSE[0m Callback method :onRestoreInstanceState in Class android.support.v4.app.FragmentTabHost added
[WARNING] [32mVERBOSE[0m Callback method :onTabChanged in Class android.support.v4.app.FragmentTabHost added
[WARNING] [32mVERBOSE[0m Callback method :setOnTabChangedListener in Class android.support.v4.app.FragmentTabHost added
[WARNING] [32mVERBOSE[0m Callback method :onSaveInstanceState in Class android.support.v4.app.FragmentTabHost added
[WARNING] [32mVERBOSE[0m Callback method :onDetachedFromWindow in Class android.support.v4.app.FragmentTabHost added
[WARNING] [32mVERBOSE[0m Callback method :onAttachedToWindow in Class android.support.v4.app.FragmentTabHost added
[WARNING] [32mVERBOSE[0m Callback method :setup in Class android.support.v4.app.FragmentTabHost added
[WARNING] [32mVERBOSE[0m Callback method :onKeyDown in Class com.luotuy.mustn.CllenActivity added
[WARNING] [32mVERBOSE[0m Callback method :finish in Class com.luotuy.mustn.CllenActivity added
[WARNING] [32mVERBOSE[0m Callback method :onCreate in Class com.luotuy.mustn.CllenActivity added
[WARNING] [32mVERBOSE[0m Callback method :onDestroy in Class com.luotuy.mustn.CllenActivity added
[WARNING] [32mVERBOSE[0m Callback method :onActivityResult in Class com.luotuy.mustn.CllenActivity added
0 ICC links found and 0 cg edges added due to ICC links
dynamic conflated call graph: 712 methods; 712 nodes; 1626 edges.
maxpossibleFlows=2
maxpossibleFlows=3
maxpossibleFlows=3
maxpossibleFlows=3
maxpossibleFlows=3
maxpossibleFlows=3
maxpossibleFlows=3
maxpossibleFlows=3
maxpossibleFlows=3
maxpossibleFlows=1
maxpossibleFlows=3
maxpossibleFlows=3
maxpossibleFlows=2
maxpossibleFlows=3
maxpossibleFlows=2
maxpossibleFlows=3
maxpossibleFlows=3
maxpossibleFlows=2
2 taint flow paths FOUND from <java.util.Calendar: long getTimeInMillis()> to <android.app.AlarmManager: void setRepeating(int,long,long,android.app.PendingIntent)>
maxpossibleFlows=2
maxpossibleFlows=3
maxpossibleFlows=3
maxpossibleFlows=3
maxpossibleFlows=3
maxpossibleFlows=3
maxpossibleFlows=3
maxpossibleFlows=3
maxpossibleFlows=3
maxpossibleFlows=1
maxpossibleFlows=3
maxpossibleFlows=3
maxpossibleFlows=2
maxpossibleFlows=3
maxpossibleFlows=2
maxpossibleFlows=3
maxpossibleFlows=3
maxpossibleFlows=2
2 taint flow paths FOUND from <java.util.Calendar: java.util.Calendar getInstance()> to <android.app.AlarmManager: void setRepeating(int,long,long,android.app.PendingIntent)>
maxpossibleFlows=1
maxpossibleFlows=2
maxpossibleFlows=1
maxpossibleFlows=2
1 taint flow paths FOUND from <android.content.ContextWrapper: android.content.SharedPreferences getSharedPreferences(java.lang.String,int)> to <java.lang.String: boolean startsWith(java.lang.String)>
maxpossibleFlows=3
maxpossibleFlows=2
maxpossibleFlows=2
maxpossibleFlows=2
maxpossibleFlows=2
maxpossibleFlows=2
maxpossibleFlows=2
maxpossibleFlows=2
maxpossibleFlows=2
maxpossibleFlows=1
maxpossibleFlows=2
maxpossibleFlows=2
maxpossibleFlows=2
maxpossibleFlows=2
maxpossibleFlows=1
maxpossibleFlows=2
maxpossibleFlows=2
maxpossibleFlows=1
maxpossibleFlows=2
maxpossibleFlows=1
maxpossibleFlows=1
maxpossibleFlows=2
maxpossibleFlows=2
maxpossibleFlows=2
maxpossibleFlows=2
maxpossibleFlows=2
maxpossibleFlows=2
maxpossibleFlows=2
maxpossibleFlows=2
maxpossibleFlows=2
maxpossibleFlows=2
maxpossibleFlows=1
maxpossibleFlows=2
maxpossibleFlows=2
maxpossibleFlows=2
maxpossibleFlows=2
maxpossibleFlows=2
maxpossibleFlows=2
maxpossibleFlows=2
maxpossibleFlows=2
maxpossibleFlows=2
maxpossibleFlows=2
maxpossibleFlows=1
maxpossibleFlows=1
maxpossibleFlows=1
maxpossibleFlows=1
maxpossibleFlows=1
maxpossibleFlows=1
maxpossibleFlows=1
maxpossibleFlows=1
maxpossibleFlows=1
maxpossibleFlows=1
maxpossibleFlows=1
maxpossibleFlows=1
maxpossibleFlows=1
maxpossibleFlows=1
maxpossibleFlows=1
maxpossibleFlows=1
maxpossibleFlows=1
maxpossibleFlows=1
maxpossibleFlows=1
maxpossibleFlows=1
maxpossibleFlows=2
1 taint flow paths FOUND from <android.view.ContextThemeWrapper: android.content.res.Resources getResources()> to <java.lang.String: boolean startsWith(java.lang.String)>
maxpossibleFlows=2
maxpossibleFlows=1
maxpossibleFlows=1
maxpossibleFlows=1
maxpossibleFlows=1
maxpossibleFlows=1
maxpossibleFlows=1
maxpossibleFlows=1
maxpossibleFlows=1
maxpossibleFlows=1
maxpossibleFlows=1
maxpossibleFlows=1
maxpossibleFlows=1
maxpossibleFlows=1
maxpossibleFlows=1
maxpossibleFlows=1
maxpossibleFlows=1
maxpossibleFlows=1
maxpossibleFlows=1
maxpossibleFlows=2
maxpossibleFlows=2
maxpossibleFlows=2
maxpossibleFlows=2
maxpossibleFlows=2
maxpossibleFlows=8
maxpossibleFlows=2
maxpossibleFlows=2
maxpossibleFlows=2
maxpossibleFlows=2
maxpossibleFlows=1
maxpossibleFlows=2
maxpossibleFlows=2
maxpossibleFlows=2
maxpossibleFlows=2
maxpossibleFlows=1
maxpossibleFlows=2
maxpossibleFlows=2
maxpossibleFlows=1
maxpossibleFlows=2
maxpossibleFlows=2
maxpossibleFlows=3
maxpossibleFlows=3
maxpossibleFlows=3
maxpossibleFlows=3
maxpossibleFlows=3
maxpossibleFlows=3
maxpossibleFlows=3
maxpossibleFlows=3
maxpossibleFlows=1
maxpossibleFlows=3
maxpossibleFlows=3
maxpossibleFlows=2
maxpossibleFlows=3
maxpossibleFlows=1
maxpossibleFlows=3
maxpossibleFlows=3
maxpossibleFlows=1
maxpossibleFlows=3
maxpossibleFlows=1
maxpossibleFlows=1
maxpossibleFlows=1
maxpossibleFlows=1
maxpossibleFlows=101
maxpossibleFlows=1
maxpossibleFlows=2
maxpossibleFlows=3
maxpossibleFlows=3
maxpossibleFlows=3
maxpossibleFlows=3
maxpossibleFlows=3
maxpossibleFlows=3
maxpossibleFlows=3
maxpossibleFlows=3
maxpossibleFlows=1
maxpossibleFlows=3
maxpossibleFlows=3
maxpossibleFlows=2
maxpossibleFlows=3
maxpossibleFlows=1
maxpossibleFlows=3
maxpossibleFlows=3
maxpossibleFlows=1
maxpossibleFlows=3
maxpossibleFlows=3
3 taint flow paths FOUND from <java.net.URL: java.lang.String getProtocol()> to <java.net.HttpURLConnection: void setRequestMethod(java.lang.String)>
maxpossibleFlows=2
maxpossibleFlows=2
maxpossibleFlows=2
maxpossibleFlows=2
maxpossibleFlows=2
maxpossibleFlows=2
maxpossibleFlows=2
maxpossibleFlows=2
maxpossibleFlows=2
maxpossibleFlows=1
maxpossibleFlows=2
maxpossibleFlows=2
maxpossibleFlows=2
maxpossibleFlows=2
maxpossibleFlows=1
maxpossibleFlows=2
maxpossibleFlows=2
maxpossibleFlows=1
maxpossibleFlows=2
maxpossibleFlows=3
maxpossibleFlows=3
maxpossibleFlows=2
maxpossibleFlows=2
maxpossibleFlows=2
maxpossibleFlows=2
maxpossibleFlows=7
maxpossibleFlows=2
maxpossibleFlows=2
maxpossibleFlows=2
maxpossibleFlows=2
maxpossibleFlows=1
maxpossibleFlows=2
maxpossibleFlows=2
maxpossibleFlows=2
maxpossibleFlows=2
maxpossibleFlows=2
maxpossibleFlows=2
maxpossibleFlows=2
maxpossibleFlows=2
maxpossibleFlows=2
maxpossibleFlows=2
maxpossibleFlows=2
maxpossibleFlows=3
maxpossibleFlows=3
maxpossibleFlows=3
maxpossibleFlows=3
maxpossibleFlows=8
maxpossibleFlows=3
maxpossibleFlows=3
maxpossibleFlows=3
maxpossibleFlows=3
maxpossibleFlows=1
maxpossibleFlows=3
maxpossibleFlows=3
maxpossibleFlows=2
maxpossibleFlows=3
maxpossibleFlows=2
maxpossibleFlows=3
maxpossibleFlows=3
maxpossibleFlows=3
maxpossibleFlows=3
maxpossibleFlows=3
maxpossibleFlows=3
maxpossibleFlows=2
maxpossibleFlows=3
maxpossibleFlows=3
maxpossibleFlows=3
maxpossibleFlows=3
maxpossibleFlows=3
maxpossibleFlows=3
maxpossibleFlows=3
maxpossibleFlows=3
maxpossibleFlows=1
maxpossibleFlows=3
maxpossibleFlows=3
maxpossibleFlows=2
maxpossibleFlows=3
3 taint flow paths FOUND from <android.view.View: android.content.Context getContext()> to <android.webkit.WebSettings: void setUserAgentString(java.lang.String)>
maxpossibleFlows=2
maxpossibleFlows=3
maxpossibleFlows=3
maxpossibleFlows=3
maxpossibleFlows=3
maxpossibleFlows=3
maxpossibleFlows=3
maxpossibleFlows=3
maxpossibleFlows=3
maxpossibleFlows=1
maxpossibleFlows=3
maxpossibleFlows=3
maxpossibleFlows=2
maxpossibleFlows=3
maxpossibleFlows=2
maxpossibleFlows=3
maxpossibleFlows=3
maxpossibleFlows=2
maxpossibleFlows=3
maxpossibleFlows=1
maxpossibleFlows=1
maxpossibleFlows=1
maxpossibleFlows=1
maxpossibleFlows=1
maxpossibleFlows=1
maxpossibleFlows=1
maxpossibleFlows=1
maxpossibleFlows=1
maxpossibleFlows=1
maxpossibleFlows=1
maxpossibleFlows=1
maxpossibleFlows=1
maxpossibleFlows=1
maxpossibleFlows=1
maxpossibleFlows=1
maxpossibleFlows=1
maxpossibleFlows=1
maxpossibleFlows=1
maxpossibleFlows=1
maxpossibleFlows=1
maxpossibleFlows=1
maxpossibleFlows=2
maxpossibleFlows=1
maxpossibleFlows=1
maxpossibleFlows=2
maxpossibleFlows=1
maxpossibleFlows=1
maxpossibleFlows=1
maxpossibleFlows=1
maxpossibleFlows=1
maxpossibleFlows=1
maxpossibleFlows=1
maxpossibleFlows=1
maxpossibleFlows=1
maxpossibleFlows=1
maxpossibleFlows=1
maxpossibleFlows=1
maxpossibleFlows=1
maxpossibleFlows=1
maxpossibleFlows=1
maxpossibleFlows=1
maxpossibleFlows=1
maxpossibleFlows=1
maxpossibleFlows=1
maxpossibleFlows=1
maxpossibleFlows=1
maxpossibleFlows=1
maxpossibleFlows=1
maxpossibleFlows=1
maxpossibleFlows=2
1 taint flow paths FOUND from <android.view.Display: int getWidth()> to <java.lang.String: boolean startsWith(java.lang.String)>
maxpossibleFlows=2
maxpossibleFlows=3
maxpossibleFlows=3
maxpossibleFlows=3
maxpossibleFlows=3
maxpossibleFlows=3
maxpossibleFlows=1
maxpossibleFlows=3
maxpossibleFlows=1
maxpossibleFlows=1
maxpossibleFlows=3
maxpossibleFlows=3
maxpossibleFlows=2
maxpossibleFlows=3
maxpossibleFlows=2
maxpossibleFlows=3
maxpossibleFlows=3
maxpossibleFlows=2
maxpossibleFlows=1
maxpossibleFlows=2
maxpossibleFlows=3
maxpossibleFlows=3
maxpossibleFlows=1
maxpossibleFlows=3
maxpossibleFlows=3
maxpossibleFlows=1
maxpossibleFlows=1
maxpossibleFlows=3
maxpossibleFlows=1
maxpossibleFlows=1
maxpossibleFlows=3
maxpossibleFlows=3
maxpossibleFlows=2
maxpossibleFlows=3
maxpossibleFlows=2
maxpossibleFlows=3
maxpossibleFlows=3
maxpossibleFlows=2
maxpossibleFlows=1
maxpossibleFlows=2
maxpossibleFlows=3
maxpossibleFlows=3
maxpossibleFlows=3
maxpossibleFlows=3
maxpossibleFlows=3
maxpossibleFlows=3
maxpossibleFlows=3
maxpossibleFlows=3
maxpossibleFlows=1
maxpossibleFlows=3
maxpossibleFlows=3
maxpossibleFlows=2
maxpossibleFlows=3
maxpossibleFlows=1
maxpossibleFlows=3
maxpossibleFlows=3
maxpossibleFlows=1
maxpossibleFlows=3
maxpossibleFlows=2
maxpossibleFlows=3
maxpossibleFlows=3
maxpossibleFlows=3
maxpossibleFlows=3
maxpossibleFlows=3
maxpossibleFlows=3
maxpossibleFlows=3
maxpossibleFlows=3
maxpossibleFlows=1
maxpossibleFlows=3
maxpossibleFlows=3
maxpossibleFlows=2
maxpossibleFlows=3
maxpossibleFlows=1
maxpossibleFlows=3
maxpossibleFlows=3
maxpossibleFlows=1
maxpossibleFlows=3
maxpossibleFlows=2
maxpossibleFlows=2
maxpossibleFlows=2
maxpossibleFlows=2
maxpossibleFlows=2
maxpossibleFlows=2
maxpossibleFlows=2
maxpossibleFlows=2
maxpossibleFlows=2
maxpossibleFlows=1
maxpossibleFlows=2
maxpossibleFlows=2
maxpossibleFlows=2
maxpossibleFlows=2
maxpossibleFlows=1
maxpossibleFlows=2
maxpossibleFlows=2
maxpossibleFlows=2
maxpossibleFlows=2
maxpossibleFlows=1
maxpossibleFlows=1
maxpossibleFlows=1
maxpossibleFlows=1
maxpossibleFlows=1
maxpossibleFlows=1
maxpossibleFlows=1
maxpossibleFlows=1
maxpossibleFlows=1
maxpossibleFlows=1
maxpossibleFlows=1
maxpossibleFlows=1
maxpossibleFlows=1
maxpossibleFlows=1
maxpossibleFlows=1
1 taint flow paths FOUND from <java.lang.Class: java.lang.String getName()> to <android.util.Log: int d(java.lang.String,java.lang.String)>
maxpossibleFlows=8
8 taint flow paths FOUND from <org.apache.http.impl.client.AbstractHttpClient: org.apache.http.params.HttpParams getParams()> to <org.apache.http.params.BasicHttpParams: org.apache.http.params.HttpParams setParameter(java.lang.String,java.lang.Object)>
maxpossibleFlows=2
maxpossibleFlows=3
maxpossibleFlows=4
4 taint flow paths FOUND from <android.app.PendingIntent: android.app.PendingIntent getBroadcast(android.content.Context,int,android.content.Intent,int)> to <android.content.Intent: android.content.Intent putExtra(java.lang.String,java.lang.String)>
maxpossibleFlows=2
maxpossibleFlows=3
maxpossibleFlows=3
maxpossibleFlows=3
maxpossibleFlows=3
maxpossibleFlows=1
maxpossibleFlows=3
maxpossibleFlows=1
maxpossibleFlows=3
maxpossibleFlows=1
maxpossibleFlows=1
maxpossibleFlows=3
maxpossibleFlows=3
maxpossibleFlows=2
maxpossibleFlows=3
maxpossibleFlows=2
maxpossibleFlows=3
maxpossibleFlows=3
maxpossibleFlows=2
maxpossibleFlows=1
maxpossibleFlows=1
maxpossibleFlows=1
maxpossibleFlows=1
maxpossibleFlows=1
maxpossibleFlows=102
101 taint flow paths FOUND from <java.lang.StringBuilder: java.lang.String toString()> to <java.lang.String: boolean startsWith(java.lang.String)>
maxpossibleFlows=2
maxpossibleFlows=2
maxpossibleFlows=2
maxpossibleFlows=2
maxpossibleFlows=2
maxpossibleFlows=2
maxpossibleFlows=2
maxpossibleFlows=2
maxpossibleFlows=2
maxpossibleFlows=1
maxpossibleFlows=2
maxpossibleFlows=2
maxpossibleFlows=2
maxpossibleFlows=2
maxpossibleFlows=2
maxpossibleFlows=2
maxpossibleFlows=2
maxpossibleFlows=2
maxpossibleFlows=2
maxpossibleFlows=8
maxpossibleFlows=1
maxpossibleFlows=2
2 taint flow paths FOUND from <android.content.ContextWrapper: android.content.Context getApplicationContext()> to <java.lang.String: boolean startsWith(java.lang.String)>
maxpossibleFlows=2
2 taint flow paths FOUND from <android.content.ContextWrapper: android.content.pm.PackageManager getPackageManager()> to <java.lang.String: boolean startsWith(java.lang.String)>
maxpossibleFlows=2
maxpossibleFlows=2
maxpossibleFlows=2
maxpossibleFlows=2
maxpossibleFlows=2
maxpossibleFlows=2
maxpossibleFlows=2
maxpossibleFlows=2
maxpossibleFlows=2
maxpossibleFlows=1
maxpossibleFlows=2
maxpossibleFlows=2
maxpossibleFlows=2
maxpossibleFlows=2
maxpossibleFlows=2
maxpossibleFlows=2
maxpossibleFlows=2
maxpossibleFlows=2
maxpossibleFlows=2
maxpossibleFlows=1
maxpossibleFlows=1
maxpossibleFlows=1
maxpossibleFlows=1
maxpossibleFlows=1
maxpossibleFlows=1
maxpossibleFlows=1
maxpossibleFlows=1
maxpossibleFlows=1
maxpossibleFlows=1
maxpossibleFlows=1
maxpossibleFlows=1
maxpossibleFlows=1
maxpossibleFlows=1
maxpossibleFlows=1
maxpossibleFlows=1
maxpossibleFlows=1
maxpossibleFlows=1
maxpossibleFlows=1
maxpossibleFlows=2
maxpossibleFlows=3
maxpossibleFlows=3
maxpossibleFlows=3
maxpossibleFlows=3
maxpossibleFlows=8
maxpossibleFlows=3
maxpossibleFlows=1
maxpossibleFlows=3
maxpossibleFlows=1
maxpossibleFlows=1
maxpossibleFlows=3
maxpossibleFlows=3
maxpossibleFlows=2
maxpossibleFlows=3
maxpossibleFlows=2
maxpossibleFlows=3
maxpossibleFlows=3
maxpossibleFlows=2
maxpossibleFlows=1
maxpossibleFlows=2
1 taint flow paths FOUND from <android.content.res.Resources: android.util.DisplayMetrics getDisplayMetrics()> to <java.lang.String: boolean startsWith(java.lang.String)>
maxpossibleFlows=2
maxpossibleFlows=2
maxpossibleFlows=2
maxpossibleFlows=2
maxpossibleFlows=2
maxpossibleFlows=8
maxpossibleFlows=2
maxpossibleFlows=2
maxpossibleFlows=2
maxpossibleFlows=2
maxpossibleFlows=1
maxpossibleFlows=2
maxpossibleFlows=2
maxpossibleFlows=2
maxpossibleFlows=2
maxpossibleFlows=2
maxpossibleFlows=1
maxpossibleFlows=2
maxpossibleFlows=2
maxpossibleFlows=2
maxpossibleFlows=2
maxpossibleFlows=2
maxpossibleFlows=3
maxpossibleFlows=3
maxpossibleFlows=3
maxpossibleFlows=3
maxpossibleFlows=3
maxpossibleFlows=3
maxpossibleFlows=3
maxpossibleFlows=3
maxpossibleFlows=1
maxpossibleFlows=3
maxpossibleFlows=3
maxpossibleFlows=2
maxpossibleFlows=3
maxpossibleFlows=1
maxpossibleFlows=3
maxpossibleFlows=3
maxpossibleFlows=1
maxpossibleFlows=3
maxpossibleFlows=1
maxpossibleFlows=1
maxpossibleFlows=1
maxpossibleFlows=2
maxpossibleFlows=3
maxpossibleFlows=3
maxpossibleFlows=3
maxpossibleFlows=3
maxpossibleFlows=3
maxpossibleFlows=3
maxpossibleFlows=3
maxpossibleFlows=3
maxpossibleFlows=1
maxpossibleFlows=3
maxpossibleFlows=3
maxpossibleFlows=2
maxpossibleFlows=3
maxpossibleFlows=1
maxpossibleFlows=3
maxpossibleFlows=3
maxpossibleFlows=1
maxpossibleFlows=3
maxpossibleFlows=1
maxpossibleFlows=1
maxpossibleFlows=2
maxpossibleFlows=3
maxpossibleFlows=3
maxpossibleFlows=3
maxpossibleFlows=3
maxpossibleFlows=8
maxpossibleFlows=3
maxpossibleFlows=3
maxpossibleFlows=3
maxpossibleFlows=3
maxpossibleFlows=1
maxpossibleFlows=3
maxpossibleFlows=3
maxpossibleFlows=2
maxpossibleFlows=3
maxpossibleFlows=1
maxpossibleFlows=3
maxpossibleFlows=3
maxpossibleFlows=1
maxpossibleFlows=3
maxpossibleFlows=2
maxpossibleFlows=2
maxpossibleFlows=2
maxpossibleFlows=2
maxpossibleFlows=2
maxpossibleFlows=2
maxpossibleFlows=2
maxpossibleFlows=2
maxpossibleFlows=2
maxpossibleFlows=1
maxpossibleFlows=2
maxpossibleFlows=2
maxpossibleFlows=2
maxpossibleFlows=2
maxpossibleFlows=1
maxpossibleFlows=2
maxpossibleFlows=2
maxpossibleFlows=1
maxpossibleFlows=2
maxpossibleFlows=8
maxpossibleFlows=2
maxpossibleFlows=2
maxpossibleFlows=2
maxpossibleFlows=2
maxpossibleFlows=3
maxpossibleFlows=3
maxpossibleFlows=3
maxpossibleFlows=3
maxpossibleFlows=3
maxpossibleFlows=3
maxpossibleFlows=3
maxpossibleFlows=3
maxpossibleFlows=1
maxpossibleFlows=3
maxpossibleFlows=3
maxpossibleFlows=2
maxpossibleFlows=3
maxpossibleFlows=1
maxpossibleFlows=3
maxpossibleFlows=3
maxpossibleFlows=1
maxpossibleFlows=3
maxpossibleFlows=1
maxpossibleFlows=1
maxpossibleFlows=1
maxpossibleFlows=1
maxpossibleFlows=1
maxpossibleFlows=1
maxpossibleFlows=1
maxpossibleFlows=1
maxpossibleFlows=1
maxpossibleFlows=1
maxpossibleFlows=1
maxpossibleFlows=1
maxpossibleFlows=1
maxpossibleFlows=1
maxpossibleFlows=1
maxpossibleFlows=1
maxpossibleFlows=1
maxpossibleFlows=1
maxpossibleFlows=1
maxpossibleFlows=2
1 taint flow paths FOUND from <android.app.Activity: java.lang.Object getSystemService(java.lang.String)> to <java.lang.String: boolean startsWith(java.lang.String)>
maxpossibleFlows=1
maxpossibleFlows=1
maxpossibleFlows=1
maxpossibleFlows=1
maxpossibleFlows=1
maxpossibleFlows=1
maxpossibleFlows=1
maxpossibleFlows=1
maxpossibleFlows=1
maxpossibleFlows=1
1 taint flow paths FOUND from <java.io.File: java.io.File getParentFile()> to <java.io.Writer: void write(java.lang.String)>
maxpossibleFlows=2
maxpossibleFlows=2
maxpossibleFlows=2
maxpossibleFlows=2
maxpossibleFlows=2
maxpossibleFlows=2
maxpossibleFlows=2
maxpossibleFlows=2
maxpossibleFlows=2
maxpossibleFlows=1
maxpossibleFlows=2
maxpossibleFlows=2
maxpossibleFlows=2
maxpossibleFlows=2
maxpossibleFlows=1
maxpossibleFlows=2
maxpossibleFlows=2
maxpossibleFlows=1
maxpossibleFlows=2
maxpossibleFlows=1
1 taint flow paths FOUND from <android.os.PowerManager: android.os.PowerManager$WakeLock newWakeLock(int,java.lang.String)> to <android.content.ContextWrapper: android.content.ComponentName startService(android.content.Intent)>
maxpossibleFlows=2
maxpossibleFlows=1
maxpossibleFlows=1
maxpossibleFlows=1
maxpossibleFlows=1
maxpossibleFlows=1
maxpossibleFlows=1
maxpossibleFlows=1
maxpossibleFlows=1
maxpossibleFlows=1
maxpossibleFlows=1
maxpossibleFlows=1
maxpossibleFlows=1
maxpossibleFlows=1
maxpossibleFlows=1
maxpossibleFlows=1
maxpossibleFlows=1
maxpossibleFlows=2
maxpossibleFlows=1
maxpossibleFlows=8
maxpossibleFlows=2
maxpossibleFlows=102
81 taint flow paths FOUND from <java.lang.String: char[] toCharArray()> to <java.lang.String: boolean startsWith(java.lang.String)>
maxpossibleFlows=2
maxpossibleFlows=3
maxpossibleFlows=3
maxpossibleFlows=3
maxpossibleFlows=3
maxpossibleFlows=3
maxpossibleFlows=3
maxpossibleFlows=3
maxpossibleFlows=3
maxpossibleFlows=1
maxpossibleFlows=3
maxpossibleFlows=3
maxpossibleFlows=2
maxpossibleFlows=3
maxpossibleFlows=3
maxpossibleFlows=1
maxpossibleFlows=3
maxpossibleFlows=3
maxpossibleFlows=3
maxpossibleFlows=3
maxpossibleFlows=3
maxpossibleFlows=8
maxpossibleFlows=2
maxpossibleFlows=2
2 taint flow paths FOUND from <android.content.ContextWrapper: java.lang.String getPackageName()> to <java.lang.String: boolean startsWith(java.lang.String)>
maxpossibleFlows=2
maxpossibleFlows=3
maxpossibleFlows=3
maxpossibleFlows=3
maxpossibleFlows=3
3 taint flow paths FOUND from <android.webkit.WebView: android.webkit.WebSettings getSettings()> to <android.webkit.WebSettings: void setJavaScriptEnabled(boolean)>
maxpossibleFlows=2
1 taint flow paths FOUND from <android.view.Display: int getHeight()> to <java.lang.String: boolean startsWith(java.lang.String)>
maxpossibleFlows=3
3 taint flow paths FOUND from <javax.net.ssl.SSLContext: javax.net.ssl.SSLSocketFactory getSocketFactory()> to <java.net.HttpURLConnection: void setRequestMethod(java.lang.String)>
maxpossibleFlows=3
3 taint flow paths FOUND from <javax.net.ssl.SSLContext: javax.net.ssl.SSLContext getInstance(java.lang.String)> to <java.net.HttpURLConnection: void setRequestMethod(java.lang.String)>
maxpossibleFlows=2
maxpossibleFlows=2
maxpossibleFlows=1
maxpossibleFlows=2
1 taint flow paths FOUND from <android.content.ContextWrapper: android.content.SharedPreferences getSharedPreferences(java.lang.String,int)> to <java.lang.String: boolean startsWith(java.lang.String)>
maxpossibleFlows=3
maxpossibleFlows=3
maxpossibleFlows=3
maxpossibleFlows=2
maxpossibleFlows=2
maxpossibleFlows=1
maxpossibleFlows=3
maxpossibleFlows=1
maxpossibleFlows=2
maxpossibleFlows=3
maxpossibleFlows=3
maxpossibleFlows=2
maxpossibleFlows=2
maxpossibleFlows=3
maxpossibleFlows=3
maxpossibleFlows=3
maxpossibleFlows=1
maxpossibleFlows=1
maxpossibleFlows=3
maxpossibleFlows=3
maxpossibleFlows=3
maxpossibleFlows=3
maxpossibleFlows=3
maxpossibleFlows=2
maxpossibleFlows=1
maxpossibleFlows=3
maxpossibleFlows=3
maxpossibleFlows=3
maxpossibleFlows=2
maxpossibleFlows=3
maxpossibleFlows=3
maxpossibleFlows=2
maxpossibleFlows=1
maxpossibleFlows=3
maxpossibleFlows=3
maxpossibleFlows=2
maxpossibleFlows=3
maxpossibleFlows=3
maxpossibleFlows=3
maxpossibleFlows=2
maxpossibleFlows=3
maxpossibleFlows=1
maxpossibleFlows=3
maxpossibleFlows=1
maxpossibleFlows=2
maxpossibleFlows=1
maxpossibleFlows=1
maxpossibleFlows=3
maxpossibleFlows=3
maxpossibleFlows=3
maxpossibleFlows=3
maxpossibleFlows=3
maxpossibleFlows=3
maxpossibleFlows=4
maxpossibleFlows=2
maxpossibleFlows=2
maxpossibleFlows=1
maxpossibleFlows=3
maxpossibleFlows=1
maxpossibleFlows=2
maxpossibleFlows=3
maxpossibleFlows=3
maxpossibleFlows=2
maxpossibleFlows=2
maxpossibleFlows=3
maxpossibleFlows=3
maxpossibleFlows=3
maxpossibleFlows=1
maxpossibleFlows=1
maxpossibleFlows=3
maxpossibleFlows=3
maxpossibleFlows=3
maxpossibleFlows=3
maxpossibleFlows=3
maxpossibleFlows=2
maxpossibleFlows=1
maxpossibleFlows=4
4 taint flow paths FOUND from <android.app.PendingIntent: android.app.PendingIntent getBroadcast(android.content.Context,int,android.content.Intent,int)> to <android.content.Intent: android.content.Intent putExtra(java.lang.String,java.lang.String)>
maxpossibleFlows=3
maxpossibleFlows=3
maxpossibleFlows=1
maxpossibleFlows=2
maxpossibleFlows=1
maxpossibleFlows=2
maxpossibleFlows=1
maxpossibleFlows=3
maxpossibleFlows=1
maxpossibleFlows=2
maxpossibleFlows=3
maxpossibleFlows=3
maxpossibleFlows=2
maxpossibleFlows=2
maxpossibleFlows=3
maxpossibleFlows=3
maxpossibleFlows=3
maxpossibleFlows=1
maxpossibleFlows=1
maxpossibleFlows=1
maxpossibleFlows=1
maxpossibleFlows=3
maxpossibleFlows=3
maxpossibleFlows=1
maxpossibleFlows=3
maxpossibleFlows=3
maxpossibleFlows=2
maxpossibleFlows=1
maxpossibleFlows=4
4 taint flow paths FOUND from <android.app.PendingIntent: android.app.PendingIntent getBroadcast(android.content.Context,int,android.content.Intent,int)> to <android.content.ContextWrapper: android.content.ComponentName startService(android.content.Intent)>
maxpossibleFlows=3
maxpossibleFlows=3
maxpossibleFlows=3
maxpossibleFlows=2
maxpossibleFlows=2
maxpossibleFlows=1
maxpossibleFlows=3
maxpossibleFlows=1
maxpossibleFlows=2
maxpossibleFlows=3
maxpossibleFlows=3
maxpossibleFlows=2
maxpossibleFlows=2
maxpossibleFlows=3
maxpossibleFlows=3
maxpossibleFlows=3
maxpossibleFlows=1
maxpossibleFlows=1
maxpossibleFlows=3
maxpossibleFlows=3
maxpossibleFlows=3
maxpossibleFlows=3
maxpossibleFlows=3
maxpossibleFlows=2
maxpossibleFlows=1
maxpossibleFlows=3
maxpossibleFlows=3
maxpossibleFlows=3
maxpossibleFlows=2
maxpossibleFlows=3
maxpossibleFlows=3
maxpossibleFlows=2
maxpossibleFlows=1
maxpossibleFlows=3
maxpossibleFlows=3
maxpossibleFlows=2
maxpossibleFlows=3
maxpossibleFlows=3
maxpossibleFlows=3
maxpossibleFlows=2
maxpossibleFlows=3
maxpossibleFlows=1
maxpossibleFlows=3
maxpossibleFlows=1
maxpossibleFlows=2
maxpossibleFlows=1
maxpossibleFlows=1
maxpossibleFlows=3
maxpossibleFlows=3
maxpossibleFlows=3
3 taint flow paths FOUND from <android.webkit.WebView: android.webkit.WebSettings getSettings()> to <android.webkit.WebSettings: void setJavaScriptEnabled(boolean)>
maxpossibleFlows=2
maxpossibleFlows=2
maxpossibleFlows=2
maxpossibleFlows=8
maxpossibleFlows=1
maxpossibleFlows=7
maxpossibleFlows=8
maxpossibleFlows=2
maxpossibleFlows=1
maxpossibleFlows=1
maxpossibleFlows=2
maxpossibleFlows=8
maxpossibleFlows=1
maxpossibleFlows=8
maxpossibleFlows=8
maxpossibleFlows=1
maxpossibleFlows=8
maxpossibleFlows=8
maxpossibleFlows=2
maxpossibleFlows=8
maxpossibleFlows=8
maxpossibleFlows=8
maxpossibleFlows=1
maxpossibleFlows=3
maxpossibleFlows=3
maxpossibleFlows=3
maxpossibleFlows=2
maxpossibleFlows=2
maxpossibleFlows=1
maxpossibleFlows=3
maxpossibleFlows=1
maxpossibleFlows=2
maxpossibleFlows=3
maxpossibleFlows=3
maxpossibleFlows=2
maxpossibleFlows=2
maxpossibleFlows=3
maxpossibleFlows=3
maxpossibleFlows=3
maxpossibleFlows=1
maxpossibleFlows=1
maxpossibleFlows=3
maxpossibleFlows=3
maxpossibleFlows=3
maxpossibleFlows=3
maxpossibleFlows=3
maxpossibleFlows=2
maxpossibleFlows=1
maxpossibleFlows=3
maxpossibleFlows=3
maxpossibleFlows=3
maxpossibleFlows=2
maxpossibleFlows=3
3 taint flow paths FOUND from <android.content.ContextWrapper: android.content.Context getApplicationContext()> to <android.webkit.WebView: void setWebViewClient(android.webkit.WebViewClient)>
maxpossibleFlows=1
maxpossibleFlows=1
maxpossibleFlows=1
maxpossibleFlows=1
maxpossibleFlows=1
maxpossibleFlows=1
maxpossibleFlows=1
maxpossibleFlows=1
maxpossibleFlows=1
maxpossibleFlows=1
1 taint flow paths FOUND from <android.app.Activity: java.lang.Object getSystemService(java.lang.String)> to <android.content.Intent: android.content.Intent setClass(android.content.Context,java.lang.Class)>
maxpossibleFlows=3
maxpossibleFlows=3
maxpossibleFlows=2
maxpossibleFlows=2
maxpossibleFlows=2
maxpossibleFlows=1
maxpossibleFlows=3
maxpossibleFlows=1
maxpossibleFlows=2
maxpossibleFlows=3
maxpossibleFlows=3
maxpossibleFlows=2
maxpossibleFlows=2
maxpossibleFlows=3
maxpossibleFlows=3
maxpossibleFlows=3
maxpossibleFlows=1
maxpossibleFlows=1
maxpossibleFlows=3
maxpossibleFlows=1
maxpossibleFlows=1
maxpossibleFlows=3
maxpossibleFlows=3
maxpossibleFlows=2
maxpossibleFlows=1
maxpossibleFlows=3
maxpossibleFlows=1
maxpossibleFlows=1
maxpossibleFlows=2
maxpossibleFlows=3
maxpossibleFlows=1
maxpossibleFlows=2
maxpossibleFlows=1
maxpossibleFlows=1
maxpossibleFlows=3
maxpossibleFlows=2
maxpossibleFlows=3
maxpossibleFlows=3
maxpossibleFlows=3
maxpossibleFlows=2
maxpossibleFlows=3
maxpossibleFlows=1
maxpossibleFlows=3
3 taint flow paths FOUND from <android.app.Activity: java.lang.Object getSystemService(java.lang.String)> to <android.content.Intent: android.content.Intent putExtra(java.lang.String,boolean)>
maxpossibleFlows=3
maxpossibleFlows=3
maxpossibleFlows=3
maxpossibleFlows=2
maxpossibleFlows=2
maxpossibleFlows=1
maxpossibleFlows=3
maxpossibleFlows=1
maxpossibleFlows=2
maxpossibleFlows=3
maxpossibleFlows=3
maxpossibleFlows=2
maxpossibleFlows=2
maxpossibleFlows=3
maxpossibleFlows=3
maxpossibleFlows=3
maxpossibleFlows=1
maxpossibleFlows=1
maxpossibleFlows=3
maxpossibleFlows=3
maxpossibleFlows=3
maxpossibleFlows=3
maxpossibleFlows=3
maxpossibleFlows=2
maxpossibleFlows=1
maxpossibleFlows=3
maxpossibleFlows=3
maxpossibleFlows=3
maxpossibleFlows=2
maxpossibleFlows=3
maxpossibleFlows=3
maxpossibleFlows=2
maxpossibleFlows=1
maxpossibleFlows=3
maxpossibleFlows=3
maxpossibleFlows=2
maxpossibleFlows=3
maxpossibleFlows=3
maxpossibleFlows=3
maxpossibleFlows=2
maxpossibleFlows=3
maxpossibleFlows=1
maxpossibleFlows=3
maxpossibleFlows=1
maxpossibleFlows=2
maxpossibleFlows=1
maxpossibleFlows=1
maxpossibleFlows=3
maxpossibleFlows=3
maxpossibleFlows=3
3 taint flow paths FOUND from <android.webkit.WebView: android.webkit.WebSettings getSettings()> to <android.webkit.WebView: void setScrollBarStyle(int)>
maxpossibleFlows=3
maxpossibleFlows=3
maxpossibleFlows=2
maxpossibleFlows=2
maxpossibleFlows=2
maxpossibleFlows=1
maxpossibleFlows=3
maxpossibleFlows=1
maxpossibleFlows=2
maxpossibleFlows=3
maxpossibleFlows=3
maxpossibleFlows=2
maxpossibleFlows=2
maxpossibleFlows=3
maxpossibleFlows=3
maxpossibleFlows=3
maxpossibleFlows=1
maxpossibleFlows=1
maxpossibleFlows=3
maxpossibleFlows=1
maxpossibleFlows=1
maxpossibleFlows=3
maxpossibleFlows=3
maxpossibleFlows=2
maxpossibleFlows=1
maxpossibleFlows=3
maxpossibleFlows=1
maxpossibleFlows=1
maxpossibleFlows=2
maxpossibleFlows=3
maxpossibleFlows=1
maxpossibleFlows=2
maxpossibleFlows=1
maxpossibleFlows=1
maxpossibleFlows=3
maxpossibleFlows=2
maxpossibleFlows=3
maxpossibleFlows=3
maxpossibleFlows=3
maxpossibleFlows=2
maxpossibleFlows=3
maxpossibleFlows=1
maxpossibleFlows=3
1 taint flow paths FOUND from <android.app.Activity: java.lang.Object getSystemService(java.lang.String)> to <android.content.Intent: android.content.Intent putExtra(java.lang.String,int)>
maxpossibleFlows=1
maxpossibleFlows=1
maxpossibleFlows=1
maxpossibleFlows=1
maxpossibleFlows=1
maxpossibleFlows=1
maxpossibleFlows=1
maxpossibleFlows=1
maxpossibleFlows=1
maxpossibleFlows=1
maxpossibleFlows=1
maxpossibleFlows=1
maxpossibleFlows=1
maxpossibleFlows=1
maxpossibleFlows=1
maxpossibleFlows=1
maxpossibleFlows=1
maxpossibleFlows=1
maxpossibleFlows=1
maxpossibleFlows=1
maxpossibleFlows=1
maxpossibleFlows=1
maxpossibleFlows=1
maxpossibleFlows=1
maxpossibleFlows=1
maxpossibleFlows=1
maxpossibleFlows=1
maxpossibleFlows=1
maxpossibleFlows=1
maxpossibleFlows=1
maxpossibleFlows=1
maxpossibleFlows=1
maxpossibleFlows=1
maxpossibleFlows=1
maxpossibleFlows=1
maxpossibleFlows=1
maxpossibleFlows=1
maxpossibleFlows=1
maxpossibleFlows=1
maxpossibleFlows=1
maxpossibleFlows=1
maxpossibleFlows=1
maxpossibleFlows=1
maxpossibleFlows=1
maxpossibleFlows=1
maxpossibleFlows=1
1 taint flow paths FOUND from <java.io.File: java.io.File getParentFile()> to <java.io.Writer: void write(java.lang.String)>
maxpossibleFlows=3
maxpossibleFlows=3
maxpossibleFlows=3
maxpossibleFlows=2
maxpossibleFlows=2
maxpossibleFlows=1
maxpossibleFlows=3
maxpossibleFlows=1
maxpossibleFlows=2
maxpossibleFlows=3
maxpossibleFlows=3
maxpossibleFlows=2
maxpossibleFlows=2
maxpossibleFlows=3
maxpossibleFlows=3
maxpossibleFlows=3
maxpossibleFlows=1
maxpossibleFlows=1
maxpossibleFlows=3
maxpossibleFlows=3
maxpossibleFlows=3
maxpossibleFlows=3
maxpossibleFlows=3
maxpossibleFlows=2
maxpossibleFlows=1
maxpossibleFlows=3
maxpossibleFlows=3
maxpossibleFlows=3
maxpossibleFlows=2
maxpossibleFlows=3
3 taint flow paths FOUND from <android.content.ContextWrapper: android.content.Context getApplicationContext()> to <android.view.View: void setVisibility(int)>
maxpossibleFlows=3
maxpossibleFlows=3
maxpossibleFlows=4
maxpossibleFlows=2
maxpossibleFlows=2
maxpossibleFlows=1
maxpossibleFlows=3
maxpossibleFlows=1
maxpossibleFlows=2
maxpossibleFlows=3
maxpossibleFlows=3
maxpossibleFlows=2
maxpossibleFlows=2
maxpossibleFlows=3
maxpossibleFlows=3
maxpossibleFlows=3
maxpossibleFlows=1
maxpossibleFlows=1
maxpossibleFlows=3
maxpossibleFlows=3
maxpossibleFlows=3
maxpossibleFlows=3
maxpossibleFlows=3
maxpossibleFlows=2
maxpossibleFlows=1
maxpossibleFlows=4
4 taint flow paths FOUND from <android.app.PendingIntent: android.app.PendingIntent getBroadcast(android.content.Context,int,android.content.Intent,int)> to <android.content.Intent: android.content.Intent putExtra(java.lang.String,android.os.Parcelable)>
maxpossibleFlows=2
maxpossibleFlows=2
maxpossibleFlows=2
2 taint flow paths FOUND from <android.content.ContextWrapper: android.content.SharedPreferences getSharedPreferences(java.lang.String,int)> to <android.app.Activity: void setVolumeControlStream(int)>
maxpossibleFlows=2
maxpossibleFlows=2
maxpossibleFlows=8
8 taint flow paths FOUND from <org.apache.http.impl.client.AbstractHttpClient: org.apache.http.params.HttpParams getParams()> to <org.apache.http.params.BasicHttpParams: org.apache.http.params.HttpParams setParameter(java.lang.String,java.lang.Object)>
maxpossibleFlows=3
maxpossibleFlows=3
maxpossibleFlows=3
maxpossibleFlows=2
maxpossibleFlows=2
maxpossibleFlows=1
maxpossibleFlows=3
maxpossibleFlows=1
maxpossibleFlows=2
maxpossibleFlows=3
maxpossibleFlows=3
maxpossibleFlows=2
maxpossibleFlows=2
maxpossibleFlows=3
maxpossibleFlows=3
3 taint flow paths FOUND from <android.view.View: android.content.Context getContext()> to <android.webkit.WebSettings: void setUserAgentString(java.lang.String)>
maxpossibleFlows=3
3 taint flow paths FOUND from <java.net.URL: java.lang.String getProtocol()> to <java.net.HttpURLConnection: void setRequestMethod(java.lang.String)>
maxpossibleFlows=3
3 taint flow paths FOUND from <java.net.URL: java.lang.String getProtocol()> to <java.net.URL: java.net.URLConnection openConnection()>
maxpossibleFlows=2
maxpossibleFlows=2
maxpossibleFlows=1
maxpossibleFlows=1
maxpossibleFlows=1
maxpossibleFlows=2
maxpossibleFlows=1
maxpossibleFlows=1
maxpossibleFlows=1
maxpossibleFlows=1
maxpossibleFlows=1
maxpossibleFlows=1
maxpossibleFlows=1
maxpossibleFlows=1
maxpossibleFlows=1
maxpossibleFlows=2
maxpossibleFlows=2
maxpossibleFlows=1
maxpossibleFlows=2
maxpossibleFlows=1
maxpossibleFlows=2
maxpossibleFlows=1
maxpossibleFlows=1
maxpossibleFlows=1
maxpossibleFlows=2
maxpossibleFlows=2
maxpossibleFlows=1
maxpossibleFlows=1
maxpossibleFlows=1
maxpossibleFlows=1
1 taint flow paths FOUND from <java.lang.Class: java.lang.String getName()> to <android.util.Log: int d(java.lang.String,java.lang.String)>
maxpossibleFlows=3
maxpossibleFlows=3
maxpossibleFlows=4
maxpossibleFlows=2
maxpossibleFlows=2
maxpossibleFlows=1
maxpossibleFlows=3
maxpossibleFlows=1
maxpossibleFlows=2
maxpossibleFlows=3
maxpossibleFlows=3
maxpossibleFlows=2
maxpossibleFlows=2
maxpossibleFlows=3
maxpossibleFlows=3
maxpossibleFlows=3
maxpossibleFlows=1
maxpossibleFlows=1
maxpossibleFlows=3
maxpossibleFlows=3
maxpossibleFlows=3
maxpossibleFlows=3
maxpossibleFlows=3
maxpossibleFlows=2
maxpossibleFlows=1
maxpossibleFlows=4
maxpossibleFlows=3
maxpossibleFlows=4
4 taint flow paths FOUND from <java.lang.StringBuilder: java.lang.String toString()> to <android.util.Log: int v(java.lang.String,java.lang.String)>
maxpossibleFlows=3
maxpossibleFlows=3
maxpossibleFlows=6
maxpossibleFlows=2
maxpossibleFlows=2
maxpossibleFlows=1
maxpossibleFlows=3
maxpossibleFlows=1
maxpossibleFlows=2
maxpossibleFlows=3
maxpossibleFlows=3
maxpossibleFlows=2
maxpossibleFlows=2
maxpossibleFlows=3
maxpossibleFlows=3
maxpossibleFlows=3
maxpossibleFlows=1
maxpossibleFlows=1
maxpossibleFlows=3
maxpossibleFlows=3
maxpossibleFlows=3
maxpossibleFlows=3
maxpossibleFlows=3
maxpossibleFlows=2
maxpossibleFlows=1
maxpossibleFlows=4
maxpossibleFlows=3
maxpossibleFlows=7
maxpossibleFlows=2
maxpossibleFlows=7
7 taint flow paths FOUND from <android.content.ContextWrapper: android.content.Context getApplicationContext()> to <android.util.Log: int e(java.lang.String,java.lang.String)>
maxpossibleFlows=2
2 taint flow paths FOUND from <java.util.Calendar: long getTimeInMillis()> to <android.app.AlarmManager: void setRepeating(int,long,long,android.app.PendingIntent)>
maxpossibleFlows=3
3 taint flow paths FOUND from <java.util.Calendar: long getTimeInMillis()> to <android.app.AlarmManager: void set(int,long,android.app.PendingIntent)>
[WARNING] [32mVERBOSE[0m Callback method :<init> in Class android.support.v4.app.Fragment
[WARNING] [32mVERBOSE[0m Callback method :onConfigurationChanged in Class android.support.v4.app.Fragment
[WARNING] [32mVERBOSE[0m Callback method :onCreateContextMenu in Class android.support.v4.app.Fragment
[WARNING] [32mVERBOSE[0m Callback method :onLowMemory in Class android.support.v4.app.Fragment
[WARNING] [32mVERBOSE[0m Callback method :onAttachedToWindow in Class android.support.v4.app.FragmentTabHost
[WARNING] [32mVERBOSE[0m Callback method :onDetachedFromWindow in Class android.support.v4.app.FragmentTabHost
[WARNING] [32mVERBOSE[0m Callback method :onRestoreInstanceState in Class android.support.v4.app.FragmentTabHost
[WARNING] [32mVERBOSE[0m Callback method :onSaveInstanceState in Class android.support.v4.app.FragmentTabHost
[WARNING] [32mVERBOSE[0m Callback method :onTabChanged in Class android.support.v4.app.FragmentTabHost
[WARNING] [32mVERBOSE[0m Callback method :setOnTabChangedListener in Class android.support.v4.app.FragmentTabHost
[WARNING] [32mVERBOSE[0m Callback method :setup in Class android.support.v4.app.FragmentTabHost
[WARNING] [32mVERBOSE[0m Callback method :<init> in Class com.google.ads.AdActivity
[WARNING] [32mVERBOSE[0m Callback method :onActivityResult in Class com.google.ads.AdActivity
[WARNING] [32mVERBOSE[0m Callback method :onClick in Class com.google.ads.AdActivity
[WARNING] [32mVERBOSE[0m Callback method :onCreate in Class com.google.ads.AdActivity
[WARNING] [32mVERBOSE[0m Callback method :onDestroy in Class com.google.ads.AdActivity
[WARNING] [32mVERBOSE[0m Callback method :onPause in Class com.google.ads.AdActivity
[WARNING] [32mVERBOSE[0m Callback method :onWindowFocusChanged in Class com.google.ads.AdActivity
Result for malicious-app-52-8CD4179BD127AA92B8CE0126B25DD106B37D269320ABDA679E1A82BFA7BC16A2.apkltd.pte.wavea.mathematicianschamber