DUA-Forensics args to Soot: -w -cp /home/hcosta/bench/benchmark/libs/droidfax.jar:/home/hcosta/Android/Sdk/platforms/android-28/android.jar -p cg verbose:false,implicit-entry:true -p cg.spark verbose:false,on-fly-cg:true,rta:false -d /home/hcosta/bench/benchmark/trace/180/1/droidbot/benign-app-45-6B619169A296ED3F388AB1FE0196B40922AE7101A7933B6CECB74949ECBDD6CB.apk.logcat -process-dir /home/hcosta/bench/benchmark/data/input/benign-app-45-6B619169A296ED3F388AB1FE0196B40922AE7101A7933B6CECB74949ECBDD6CB.apk 
Soot started on Wed Apr 20 10:38:23 CEST 2022
Warning: com.ironsource.mobilcore.BaseFlowBasedAdUnit is a phantom class!
Warning: java.lang.invoke.LambdaMetafactory is a phantom class!
Warning: java.lang.ref.Finalizer is a phantom class!
Warning: org.apache.http.HttpHost is a phantom class!
Warning: org.apache.http.impl.DefaultHttpClientConnection is a phantom class!
Warning: org.apache.http.HttpRequest is a phantom class!
Warning: org.apache.http.HttpException is a phantom class!
Warning: org.apache.http.ParseException is a phantom class!
Warning: org.apache.http.Header is a phantom class!
Warning: org.apache.http.HttpConnectionMetrics is a phantom class!
Warning: org.apache.http.HttpEntity is a phantom class!
Warning: org.apache.http.HttpResponse is a phantom class!
Warning: org.apache.http.HttpVersion is a phantom class!
Warning: org.apache.http.ProtocolVersion is a phantom class!
Warning: org.apache.http.StatusLine is a phantom class!
Warning: org.apache.http.client.HttpClient is a phantom class!
Warning: org.apache.http.client.methods.HttpPost is a phantom class!
Warning: org.apache.http.client.methods.HttpUriRequest is a phantom class!
Warning: org.apache.http.conn.scheme.PlainSocketFactory is a phantom class!
Warning: org.apache.http.entity.ByteArrayEntity is a phantom class!
Warning: org.apache.http.impl.client.DefaultHttpClient is a phantom class!
Warning: org.apache.http.message.BasicHttpRequest is a phantom class!
Warning: org.apache.http.params.BasicHttpParams is a phantom class!
[Call Graph] For information on where the call graph may be incomplete, use the verbose option to the cg phase.
[Spark] Pointer Assignment Graph in 0.0 seconds.
[Spark] Type masks in 0.0 seconds.
[Spark] Pointer Graph simplified in 0.0 seconds.
[Spark] Propagation in 0.0 seconds.
[Spark] Solution found in 0.0 seconds.
hcai's internal transform
Running static analysis for method/class coverage characterization
0 ICC links found and 0 cg edges added due to ICC links
dynamic conflated call graph: 238 methods; 238 nodes; 296 edges.
feature-vector-key = benign-app-45-6B619169A296ED3F388AB1FE0196B40922AE7101A7933B6CECB74949ECBDD6CB.apk
Result for benign-app-45-6B619169A296ED3F388AB1FE0196B40922AE7101A7933B6CECB74949ECBDD6CB.apkcom.workpail.basketballthrow