DUA-Forensics args to Soot: -w -cp /home/hcosta/bench/benchmark/libs/droidfax.jar:/home/hcosta/Android/Sdk/platforms/android-28/android.jar -p cg verbose:false,implicit-entry:true -p cg.spark verbose:false,on-fly-cg:true,rta:false -d /home/hcosta/bench/benchmark/trace/180/5/droidbot/benign-app-17-2464882EB4E1932BD490B2E0E58C4350036AF6D78CB429F548BC1E589C5EC1D5.apk.logcat -process-dir /home/hcosta/bench/benchmark/data/input/benign-app-17-2464882EB4E1932BD490B2E0E58C4350036AF6D78CB429F548BC1E589C5EC1D5.apk 
Soot started on Thu Apr 21 12:23:28 CEST 2022
Warning: com.ironsource.mobilcore.BaseFlowBasedAdUnit is a phantom class!
Warning: java.lang.invoke.LambdaMetafactory is a phantom class!
Warning: java.lang.ref.Finalizer is a phantom class!
Warning: org.apache.http.client.HttpClient is a phantom class!
Warning: org.apache.http.HttpEntity is a phantom class!
Warning: org.apache.http.HttpResponse is a phantom class!
Warning: org.apache.http.StatusLine is a phantom class!
Warning: org.apache.http.client.methods.HttpGet is a phantom class!
Warning: org.apache.http.client.methods.HttpUriRequest is a phantom class!
Warning: org.apache.http.impl.client.DefaultHttpClient is a phantom class!
Warning: org.apache.http.util.EntityUtils is a phantom class!
No main class given. Inferred 'org.kobjects.crypt.Crypt' as main class.
[Call Graph] For information on where the call graph may be incomplete, use the verbose option to the cg phase.
[Spark] Pointer Assignment Graph in 0.4 seconds.
[Spark] Type masks in 0.0 seconds.
[Spark] Pointer Graph simplified in 0.0 seconds.
[Spark] Propagation in 0.0 seconds.
[Spark] Solution found in 0.0 seconds.
hcai's internal transform
Running static analysis for method/class coverage characterization
0 ICC links found and 0 cg edges added due to ICC links
dynamic conflated call graph: 340 methods; 340 nodes; 448 edges.
feature-vector-key = benign-app-17-2464882EB4E1932BD490B2E0E58C4350036AF6D78CB429F548BC1E589C5EC1D5.apk
Result for benign-app-17-2464882EB4E1932BD490B2E0E58C4350036AF6D78CB429F548BC1E589C5EC1D5.apkcom.chinat2t10513zw.templte