DUA-Forensics args to Soot: -w -cp /home/handrick/Documents/UNB/benchmark/libs/droidfax.jar:/home/handrick/Android/Sdk/platforms/android-19/android.jar -p cg verbose:false,implicit-entry:true -p cg.spark verbose:false,on-fly-cg:true,rta:false -d /home/handrick/Documents/UNB/benchmark/trace/180/1/droidbot/benign-app-2272-B6534EABC3DA122B2C5A5EB5FFDF4215EBD5738F1033690DBBAC3A592A122062.apk.logcat -process-dir /home/handrick/Documents/UNB/benchmark/data/input/benign-app-2272-B6534EABC3DA122B2C5A5EB5FFDF4215EBD5738F1033690DBBAC3A592A122062.apk 
Soot started on Tue Aug 09 14:54:32 CEST 2022
Warning: com.ironsource.mobilcore.BaseFlowBasedAdUnit is a phantom class!
Warning: java.lang.invoke.LambdaMetafactory is a phantom class!
Warning: java.lang.ref.Finalizer is a phantom class!
[Call Graph] For information on where the call graph may be incomplete, use the verbose option to the cg phase.
[Spark] Pointer Assignment Graph in 0.1 seconds.
[Spark] Type masks in 0.0 seconds.
[Spark] Pointer Graph simplified in 0.0 seconds.
[Spark] Propagation in 0.0 seconds.
[Spark] Solution found in 0.0 seconds.
hcai's internal transform
Running static analysis for security-relevant feature characterization
[GatorHierarchy] [32mVERBOSE[0m [HIER] All classes: 1017
[GatorHierarchy] [32mVERBOSE[0m [App: 135, Lib : 879, Phantom: 3]
[GatorHierarchy] [32mVERBOSE[0m [HIER] Activities: 4, lib activities: 1
[GatorHierarchy] [32mVERBOSE[0m [HIER] App views: 1, Lib views: 7
[GatorHierarchy] [32mVERBOSE[0m [HIER] App Dialogs: 0, Lib Dialogs: 2
[TIMECOST] [32mVERBOSE[0m buildApplicationCodeMap parsing starting at 1660049673852
[TIMECOST] [32mVERBOSE[0m buildApplicationCodeMap parsing finished at 1660049675890
[Instantiated app classes] [32mVERBOSE[0m total number: 139
[WARNING] [32mVERBOSE[0m Callback method :onPause in Class org.haxe.nme.GameActivity added
[WARNING] [32mVERBOSE[0m Callback method :onCreate in Class org.haxe.nme.GameActivity added
[WARNING] [32mVERBOSE[0m Callback method :onSensorChanged in Class org.haxe.nme.GameActivity added
[WARNING] [32mVERBOSE[0m Callback method :onDestroy in Class org.haxe.nme.GameActivity added
[WARNING] [32mVERBOSE[0m Callback method :onAccuracyChanged in Class org.haxe.nme.GameActivity added
[WARNING] [32mVERBOSE[0m Callback method :onResume in Class org.haxe.nme.GameActivity added
[WARNING] [32mVERBOSE[0m Callback method :onPause in Class org.haxe.nme.GameActivity added
[WARNING] [32mVERBOSE[0m Callback method :onCreate in Class org.haxe.nme.GameActivity added
[WARNING] [32mVERBOSE[0m Callback method :onSensorChanged in Class org.haxe.nme.GameActivity added
[WARNING] [32mVERBOSE[0m Callback method :onDestroy in Class org.haxe.nme.GameActivity added
[WARNING] [32mVERBOSE[0m Callback method :onAccuracyChanged in Class org.haxe.nme.GameActivity added
[WARNING] [32mVERBOSE[0m Callback method :onResume in Class org.haxe.nme.GameActivity added
[WARNING] [32mVERBOSE[0m Callback method :onCreate in Class com.ccx.xm.AdActivity added
[WARNING] [32mVERBOSE[0m Callback method :onPause in Class org.haxe.nme.GameActivity added
[WARNING] [32mVERBOSE[0m Callback method :onCreate in Class org.haxe.nme.GameActivity added
[WARNING] [32mVERBOSE[0m Callback method :onSensorChanged in Class org.haxe.nme.GameActivity added
[WARNING] [32mVERBOSE[0m Callback method :onDestroy in Class org.haxe.nme.GameActivity added
[WARNING] [32mVERBOSE[0m Callback method :onAccuracyChanged in Class org.haxe.nme.GameActivity added
[WARNING] [32mVERBOSE[0m Callback method :onResume in Class org.haxe.nme.GameActivity added
[WARNING] [32mVERBOSE[0m Callback method :onBind in Class com.umeng.common.net.DownloadingService added
[WARNING] [32mVERBOSE[0m Callback method :onDestroy in Class com.umeng.common.net.DownloadingService added
[WARNING] [32mVERBOSE[0m Callback method :onCreate in Class com.umeng.common.net.DownloadingService added
[WARNING] [32mVERBOSE[0m Callback method :onStart in Class com.umeng.common.net.DownloadingService added
[WARNING] [32mVERBOSE[0m Callback method :onReceive in Class com.games.AdReciver added
0 ICC links found and 0 cg edges added due to ICC links
dynamic conflated call graph: 120 methods; 120 nodes; 138 edges.
maxpossibleFlows=7
maxpossibleFlows=1
maxpossibleFlows=1
maxpossibleFlows=7
maxpossibleFlows=7
maxpossibleFlows=7
maxpossibleFlows=2
maxpossibleFlows=9
9 taint flow paths FOUND from <android.content.ContextWrapper: android.content.res.AssetManager getAssets()> to <android.app.Activity: void setContentView(android.view.View)>
maxpossibleFlows=9
9 taint flow paths FOUND from <android.app.Activity: android.app.Application getApplication()> to <android.app.Activity: void setContentView(android.view.View)>
maxpossibleFlows=7
maxpossibleFlows=1
maxpossibleFlows=1
maxpossibleFlows=7
maxpossibleFlows=7
maxpossibleFlows=7
maxpossibleFlows=2
maxpossibleFlows=9
maxpossibleFlows=1
1 taint flow paths FOUND from <java.lang.StringBuilder: java.lang.String toString()> to <android.content.ContextWrapper: java.io.FileOutputStream openFileOutput(java.lang.String,int)>
maxpossibleFlows=9
maxpossibleFlows=1
maxpossibleFlows=1
maxpossibleFlows=9
maxpossibleFlows=9
maxpossibleFlows=9
maxpossibleFlows=2
maxpossibleFlows=9
9 taint flow paths FOUND from <android.app.Activity: android.view.WindowManager getWindowManager()> to <android.app.Activity: void setContentView(android.view.View)>
maxpossibleFlows=9
8 taint flow paths FOUND from <android.hardware.SensorManager: android.hardware.Sensor getDefaultSensor(int)> to <android.app.Activity: void setContentView(android.view.View)>
maxpossibleFlows=7
maxpossibleFlows=1
maxpossibleFlows=1
maxpossibleFlows=7
maxpossibleFlows=7
maxpossibleFlows=7
maxpossibleFlows=2
maxpossibleFlows=7
maxpossibleFlows=1
maxpossibleFlows=1
maxpossibleFlows=7
maxpossibleFlows=7
maxpossibleFlows=7
maxpossibleFlows=2
maxpossibleFlows=9
maxpossibleFlows=1
maxpossibleFlows=1
maxpossibleFlows=9
maxpossibleFlows=9
maxpossibleFlows=9
maxpossibleFlows=2
maxpossibleFlows=9
9 taint flow paths FOUND from <android.app.Activity: android.view.Window getWindow()> to <android.app.Activity: void setContentView(android.view.View)>
maxpossibleFlows=7
maxpossibleFlows=1
maxpossibleFlows=1
maxpossibleFlows=7
maxpossibleFlows=7
maxpossibleFlows=7
maxpossibleFlows=2
maxpossibleFlows=7
maxpossibleFlows=9
9 taint flow paths FOUND from <android.content.ContextWrapper: android.content.res.AssetManager getAssets()> to <android.app.Activity: void setContentView(android.view.View)>
maxpossibleFlows=1
maxpossibleFlows=1
1 taint flow paths FOUND from <android.content.ContextWrapper: android.content.res.AssetManager getAssets()> to <android.content.ContextWrapper: java.io.FileOutputStream openFileOutput(java.lang.String,int)>
maxpossibleFlows=1
maxpossibleFlows=1
1 taint flow paths FOUND from <android.content.ContextWrapper: android.content.res.AssetManager getAssets()> to <java.io.OutputStream: void write(byte[])>
maxpossibleFlows=7
maxpossibleFlows=9
maxpossibleFlows=9
maxpossibleFlows=7
maxpossibleFlows=9
maxpossibleFlows=9
maxpossibleFlows=9
maxpossibleFlows=9
maxpossibleFlows=7
maxpossibleFlows=7
maxpossibleFlows=9
maxpossibleFlows=9
maxpossibleFlows=7
maxpossibleFlows=7
maxpossibleFlows=9
maxpossibleFlows=9
maxpossibleFlows=7
maxpossibleFlows=9
maxpossibleFlows=9
maxpossibleFlows=9
maxpossibleFlows=9
maxpossibleFlows=7
maxpossibleFlows=7
maxpossibleFlows=9
maxpossibleFlows=9
maxpossibleFlows=7
maxpossibleFlows=7
maxpossibleFlows=9
9 taint flow paths FOUND from <android.content.ContextWrapper: android.content.res.AssetManager getAssets()> to <android.view.Window: void setFlags(int,int)>
maxpossibleFlows=2
maxpossibleFlows=2
2 taint flow paths FOUND from <android.content.ContextWrapper: android.content.res.AssetManager getAssets()> to <android.content.res.AssetManager: java.io.InputStream open(java.lang.String)>
[WARNING] [32mVERBOSE[0m Callback method :<init> in Class org.haxe.nme.GameActivity
[WARNING] [32mVERBOSE[0m Callback method :onAccuracyChanged in Class org.haxe.nme.GameActivity
[WARNING] [32mVERBOSE[0m Callback method :onCreate in Class org.haxe.nme.GameActivity
[WARNING] [32mVERBOSE[0m Callback method :onDestroy in Class org.haxe.nme.GameActivity
[WARNING] [32mVERBOSE[0m Callback method :onPause in Class org.haxe.nme.GameActivity
[WARNING] [32mVERBOSE[0m Callback method :onResume in Class org.haxe.nme.GameActivity
[WARNING] [32mVERBOSE[0m Callback method :onSensorChanged in Class org.haxe.nme.GameActivity
Result for benign-app-2272-B6534EABC3DA122B2C5A5EB5FFDF4215EBD5738F1033690DBBAC3A592A122062.apkcom.zrtc.Zm