DUA-Forensics args to Soot: -w -cp /home/handrick/Documents/UNB/benchmark/libs/droidfax.jar:/home/handrick/Android/Sdk/platforms/android-19/android.jar -p cg verbose:false,implicit-entry:true -p cg.spark verbose:false,on-fly-cg:true,rta:false -d /home/handrick/Documents/UNB/benchmark/trace/180/1/droidbot/benign-app-11-1B711580F7F41814467446BCA0FE2088F5728DF27794ED4DA2F6B5046D08572A.apk.logcat -process-dir /home/handrick/Documents/UNB/benchmark/data/input/benign-app-11-1B711580F7F41814467446BCA0FE2088F5728DF27794ED4DA2F6B5046D08572A.apk 
Soot started on Fri Apr 15 01:14:37 CEST 2022
Warning: com.ironsource.mobilcore.BaseFlowBasedAdUnit is a phantom class!
Warning: java.lang.invoke.LambdaMetafactory is a phantom class!
Warning: java.lang.ref.Finalizer is a phantom class!
[Call Graph] For information on where the call graph may be incomplete, use the verbose option to the cg phase.
[Spark] Pointer Assignment Graph in 0.0 seconds.
[Spark] Type masks in 0.0 seconds.
[Spark] Pointer Graph simplified in 0.0 seconds.
[Spark] Propagation in 0.0 seconds.
[Spark] Solution found in 0.0 seconds.
hcai's internal transform
Running static analysis for security-relevant feature characterization
[GatorHierarchy] [32mVERBOSE[0m [HIER] All classes: 904
[GatorHierarchy] [32mVERBOSE[0m [App: 128, Lib : 773, Phantom: 3]
[GatorHierarchy] [32mVERBOSE[0m [HIER] Activities: 5, lib activities: 3
[GatorHierarchy] [32mVERBOSE[0m [HIER] App views: 3, Lib views: 20
[GatorHierarchy] [32mVERBOSE[0m [HIER] App Dialogs: 0, Lib Dialogs: 4
[TIMECOST] [32mVERBOSE[0m buildApplicationCodeMap parsing starting at 1649978078128
[TIMECOST] [32mVERBOSE[0m buildApplicationCodeMap parsing finished at 1649978079782
[Instantiated app classes] [32mVERBOSE[0m total number: 131
[WARNING] [32mVERBOSE[0m Callback method :onTransact in Class com.omesoft.nosick.IPlayback$Stub added
[WARNING] [32mVERBOSE[0m Callback method :asBinder in Class com.omesoft.nosick.IPlayback$Stub added
[WARNING] [32mVERBOSE[0m Callback method :finish in Class com.omesoft.nosick.dao.Setting added
[WARNING] [32mVERBOSE[0m Callback method :onCreate in Class com.omesoft.nosick.dao.Setting added
[WARNING] [32mVERBOSE[0m Callback method :setPreferenceScreen in Class com.omesoft.nosick.dao.Setting added
[WARNING] [32mVERBOSE[0m Callback method :onCreate in Class com.omesoft.nosick.WebAbout added
[WARNING] [32mVERBOSE[0m Callback method :onDestroy in Class com.omesoft.nosick.WebAbout added
[WARNING] [32mVERBOSE[0m Callback method :finish in Class com.omesoft.nosick.dao.ShowList added
[WARNING] [32mVERBOSE[0m Callback method :onListItemClick in Class com.omesoft.nosick.dao.ShowList added
[WARNING] [32mVERBOSE[0m Callback method :onCreate in Class com.omesoft.nosick.dao.ShowList added
[WARNING] [32mVERBOSE[0m Callback method :onTransact in Class com.omesoft.platinumminers.IPlayback$Stub added
[WARNING] [32mVERBOSE[0m Callback method :asBinder in Class com.omesoft.platinumminers.IPlayback$Stub added
[WARNING] [32mVERBOSE[0m Callback method :onBindView in Class com.omesoft.nosick.dao.SeekBarPref added
[WARNING] [32mVERBOSE[0m Callback method :onWindowFocusChanged in Class net.youmi.android.AdView added
[WARNING] [32mVERBOSE[0m Callback method :onSizeChanged in Class net.youmi.android.AdView added
[WARNING] [32mVERBOSE[0m Callback method :onPause in Class com.omesoft.nosick.ActivityMain added
[WARNING] [32mVERBOSE[0m Callback method :onCreate in Class com.omesoft.nosick.ActivityMain added
[WARNING] [32mVERBOSE[0m Callback method :onDestroy in Class com.omesoft.nosick.ActivityMain added
[WARNING] [32mVERBOSE[0m Callback method :onBind in Class com.omesoft.nosick.MusicService added
[WARNING] [32mVERBOSE[0m Callback method :onDestroy in Class com.omesoft.nosick.MusicService added
[WARNING] [32mVERBOSE[0m Callback method :onCreate in Class com.omesoft.nosick.MusicService added
[WARNING] [32mVERBOSE[0m Callback method :onStart in Class com.omesoft.nosick.MusicService added
[WARNING] [32mVERBOSE[0m Callback method :onCreate in Class com.omesoft.nosick.dao.ShowInfo added
0 ICC links found and 0 cg edges added due to ICC links
dynamic conflated call graph: 323 methods; 323 nodes; 439 edges.
maxpossibleFlows=3
maxpossibleFlows=8
maxpossibleFlows=8
maxpossibleFlows=8
maxpossibleFlows=1
maxpossibleFlows=1
maxpossibleFlows=9
maxpossibleFlows=101
101 taint flow paths FOUND from <java.text.DateFormat: java.lang.String format(java.util.Date)> to <android.util.Log: int i(java.lang.String,java.lang.String)>
maxpossibleFlows=1
maxpossibleFlows=9
maxpossibleFlows=96
maxpossibleFlows=18
maxpossibleFlows=9
maxpossibleFlows=101
101 taint flow paths FOUND from <java.lang.StringBuilder: java.lang.String toString()> to <android.util.Log: int i(java.lang.String,java.lang.String)>
maxpossibleFlows=1
maxpossibleFlows=1
maxpossibleFlows=1
maxpossibleFlows=1
maxpossibleFlows=1
maxpossibleFlows=1
maxpossibleFlows=1
maxpossibleFlows=1
maxpossibleFlows=1
maxpossibleFlows=9
8 taint flow paths FOUND from <java.lang.Throwable: java.lang.String getMessage()> to <java.net.URL: java.net.URLConnection openConnection()>
maxpossibleFlows=3
maxpossibleFlows=5
maxpossibleFlows=5
maxpossibleFlows=5
maxpossibleFlows=334
maxpossibleFlows=668
maxpossibleFlows=334
maxpossibleFlows=334
maxpossibleFlows=1
maxpossibleFlows=1
maxpossibleFlows=1
1 taint flow paths FOUND from <android.content.ContextWrapper: android.content.res.Resources getResources()> to <android.content.res.Resources: java.io.InputStream openRawResource(int)>
maxpossibleFlows=1
maxpossibleFlows=1
maxpossibleFlows=1
maxpossibleFlows=1
maxpossibleFlows=1
1 taint flow paths FOUND from <android.os.Bundle: java.lang.String getString(java.lang.String)> to <android.widget.TextView: void setText(java.lang.CharSequence)>
maxpossibleFlows=1
maxpossibleFlows=1
1 taint flow paths FOUND from <android.app.Activity: android.content.Intent getIntent()> to <android.widget.TextView: void setText(java.lang.CharSequence)>
maxpossibleFlows=1
maxpossibleFlows=1
maxpossibleFlows=1
maxpossibleFlows=9
maxpossibleFlows=9
maxpossibleFlows=9
maxpossibleFlows=5
maxpossibleFlows=5
maxpossibleFlows=5
maxpossibleFlows=1
maxpossibleFlows=1
maxpossibleFlows=1
maxpossibleFlows=1
maxpossibleFlows=1
maxpossibleFlows=1
maxpossibleFlows=1
maxpossibleFlows=1
maxpossibleFlows=1
maxpossibleFlows=2
maxpossibleFlows=1
maxpossibleFlows=2
maxpossibleFlows=1
maxpossibleFlows=1
maxpossibleFlows=1
maxpossibleFlows=1
maxpossibleFlows=1
maxpossibleFlows=3
maxpossibleFlows=3
maxpossibleFlows=1
maxpossibleFlows=1
1 taint flow paths FOUND from <android.content.Intent: android.os.Bundle getExtras()> to <android.widget.TextView: void setText(java.lang.CharSequence)>
maxpossibleFlows=3
maxpossibleFlows=1
maxpossibleFlows=1
maxpossibleFlows=1
maxpossibleFlows=1
maxpossibleFlows=1
maxpossibleFlows=1
maxpossibleFlows=1
maxpossibleFlows=9
maxpossibleFlows=20
maxpossibleFlows=18
maxpossibleFlows=1
maxpossibleFlows=1
maxpossibleFlows=1
maxpossibleFlows=3
maxpossibleFlows=3
maxpossibleFlows=1
maxpossibleFlows=1
1 taint flow paths FOUND from <java.security.Provider: java.lang.Object put(java.lang.Object,java.lang.Object)> to <android.content.ContextWrapper: java.io.FileOutputStream openFileOutput(java.lang.String,int)>
maxpossibleFlows=1
maxpossibleFlows=8
maxpossibleFlows=9
maxpossibleFlows=9
maxpossibleFlows=9
maxpossibleFlows=1
maxpossibleFlows=1
maxpossibleFlows=1
maxpossibleFlows=9
8 taint flow paths FOUND from <java.lang.Throwable: java.lang.String getMessage()> to <java.net.URL: java.net.URLConnection openConnection()>
maxpossibleFlows=8
maxpossibleFlows=101
101 taint flow paths FOUND from <java.text.DateFormat: java.lang.String format(java.util.Date)> to <android.util.Log: int i(java.lang.String,java.lang.String)>
maxpossibleFlows=8
maxpossibleFlows=9
maxpossibleFlows=18
maxpossibleFlows=22
22 taint flow paths FOUND from <java.lang.StringBuilder: java.lang.String toString()> to <android.util.Log: int e(java.lang.String,java.lang.String)>
maxpossibleFlows=334
maxpossibleFlows=334
maxpossibleFlows=3
maxpossibleFlows=3
maxpossibleFlows=3
maxpossibleFlows=3
maxpossibleFlows=3
maxpossibleFlows=3
maxpossibleFlows=3
maxpossibleFlows=3
maxpossibleFlows=1
maxpossibleFlows=1
maxpossibleFlows=1
maxpossibleFlows=1
maxpossibleFlows=1
maxpossibleFlows=1
1 taint flow paths FOUND from <java.lang.StringBuilder: java.lang.String toString()> to <android.widget.TextView: void setText(java.lang.CharSequence)>
maxpossibleFlows=1
maxpossibleFlows=1
maxpossibleFlows=334
maxpossibleFlows=334
maxpossibleFlows=1
maxpossibleFlows=1
maxpossibleFlows=1
maxpossibleFlows=1
1 taint flow paths FOUND from <java.security.Provider: java.lang.Object put(java.lang.Object,java.lang.Object)> to <android.content.ContextWrapper: java.io.FileOutputStream openFileOutput(java.lang.String,int)>
maxpossibleFlows=1
maxpossibleFlows=1
maxpossibleFlows=1
maxpossibleFlows=1
1 taint flow paths FOUND from <android.content.ContextWrapper: android.content.res.Resources getResources()> to <android.content.res.Resources: java.io.InputStream openRawResource(int)>
maxpossibleFlows=334
maxpossibleFlows=334
maxpossibleFlows=1
maxpossibleFlows=1
1 taint flow paths FOUND from <android.content.ContextWrapper: android.content.res.Resources getResources()> to <android.content.res.Resources: android.content.res.AssetFileDescriptor openRawResourceFd(int)>
maxpossibleFlows=1
maxpossibleFlows=1
maxpossibleFlows=1
maxpossibleFlows=1
maxpossibleFlows=1
maxpossibleFlows=1
maxpossibleFlows=1
maxpossibleFlows=1
Result for benign-app-11-1B711580F7F41814467446BCA0FE2088F5728DF27794ED4DA2F6B5046D08572A.apkcom.omesoft.nosick