DUA-Forensics args to Soot: -w -cp /home/handrick/Documents/UNB/benchmark/libs/droidfax.jar:/home/handrick/Android/Sdk/platforms/android-19/android.jar -p cg verbose:false,implicit-entry:true -p cg.spark verbose:false,on-fly-cg:true,rta:false -d /home/handrick/Documents/UNB/benchmark/trace/180/2/droidbot/malicious-app-75-9206DB87EB97A43429E181A1CA5FD568AE2211255682A2D959CBE460882AFB37.apk.logcat -process-dir /home/handrick/Documents/UNB/benchmark/data/input/malicious-app-75-9206DB87EB97A43429E181A1CA5FD568AE2211255682A2D959CBE460882AFB37.apk 
Soot started on Fri Apr 15 13:14:41 CEST 2022
Warning: com.ironsource.mobilcore.BaseFlowBasedAdUnit is a phantom class!
Warning: java.lang.invoke.LambdaMetafactory is a phantom class!
Warning: java.lang.ref.Finalizer is a phantom class!
Warning: android.os.ServiceManager is a phantom class!
Warning: com.android.internal.app.IBatteryStats is a phantom class!
Warning: com.android.internal.os.BatteryStatsImpl is a phantom class!
Warning: com.android.internal.app.IBatteryStats$Stub is a phantom class!
[Call Graph] For information on where the call graph may be incomplete, use the verbose option to the cg phase.
[Spark] Pointer Assignment Graph in 0.0 seconds.
[Spark] Type masks in 0.0 seconds.
[Spark] Pointer Graph simplified in 0.0 seconds.
[Spark] Propagation in 0.0 seconds.
[Spark] Solution found in 0.0 seconds.
hcai's internal transform
Running static analysis for method/class coverage characterization
0 ICC links found and 0 cg edges added due to ICC links
dynamic conflated call graph: 205 methods; 205 nodes; 273 edges.
feature-vector-key = malicious-app-75-9206DB87EB97A43429E181A1CA5FD568AE2211255682A2D959CBE460882AFB37.apk
Result for malicious-app-75-9206DB87EB97A43429E181A1CA5FD568AE2211255682A2D959CBE460882AFB37.apkcom.anddoes.notifier