DUA-Forensics args to Soot: -w -cp /home/hcosta/bench/benchmark/libs/droidfax.jar:/home/hcosta/Android/Sdk/platforms/android-28/android.jar -p cg verbose:false,implicit-entry:true -p cg.spark verbose:false,on-fly-cg:true,rta:false -d /home/hcosta/bench/benchmark/trace/180/6/droidbot/benign-app-97-D06E3F5B2D5DBDFEB030FD70E62470BD7992B054F135400AE86B4B86F73FDC6F.apk.logcat -process-dir /home/hcosta/bench/benchmark/data/input/benign-app-97-D06E3F5B2D5DBDFEB030FD70E62470BD7992B054F135400AE86B4B86F73FDC6F.apk 
Soot started on Fri Apr 22 09:09:03 CEST 2022
Warning: com.ironsource.mobilcore.BaseFlowBasedAdUnit is a phantom class!
Warning: java.lang.invoke.LambdaMetafactory is a phantom class!
Warning: java.lang.ref.Finalizer is a phantom class!
get type from 'Z'
Warning: org.apache.http.client.HttpClient is a phantom class!
Warning: org.apache.http.HttpEntityEnclosingRequest is a phantom class!
Warning: org.apache.http.HttpResponse is a phantom class!
Warning: org.apache.http.client.methods.HttpPost is a phantom class!
Warning: com.sun.msv.datatype.DatabindableDatatype is a phantom class!
Warning: com.sun.msv.datatype.SerializationContext is a phantom class!
Warning: com.sun.msv.datatype.xsd.DatatypeFactory is a phantom class!
Warning: com.sun.msv.datatype.xsd.TypeIncubator is a phantom class!
Warning: com.sun.msv.datatype.xsd.XSDatatype is a phantom class!
Warning: com.sun.msv.datatype.xsd.XSDatatypeImpl is a phantom class!
Warning: java.beans.BeanInfo is a phantom class!
Warning: java.beans.IntrospectionException is a phantom class!
Warning: java.beans.Introspector is a phantom class!
Warning: java.beans.PropertyDescriptor is a phantom class!
Warning: javax.swing.table.AbstractTableModel is a phantom class!
Warning: javax.swing.tree.DefaultTreeModel is a phantom class!
Warning: javax.swing.tree.TreeNode is a phantom class!
Warning: javax.xml.bind.Element is a phantom class!
Warning: javax.xml.bind.JAXBContext is a phantom class!
Warning: javax.xml.bind.JAXBException is a phantom class!
Warning: javax.xml.bind.Marshaller is a phantom class!
Warning: javax.xml.bind.Unmarshaller is a phantom class!
Warning: javax.xml.stream.Location is a phantom class!
Warning: javax.xml.stream.XMLEventFactory is a phantom class!
Warning: javax.xml.stream.XMLEventReader is a phantom class!
Warning: javax.xml.stream.XMLEventWriter is a phantom class!
Warning: javax.xml.stream.XMLInputFactory is a phantom class!
Warning: javax.xml.stream.XMLOutputFactory is a phantom class!
Warning: javax.xml.stream.XMLStreamException is a phantom class!
Warning: javax.xml.stream.events.Attribute is a phantom class!
Warning: javax.xml.stream.events.Characters is a phantom class!
Warning: javax.xml.stream.events.Comment is a phantom class!
Warning: javax.xml.stream.events.DTD is a phantom class!
Warning: javax.xml.stream.events.EndDocument is a phantom class!
Warning: javax.xml.stream.events.EndElement is a phantom class!
Warning: javax.xml.stream.events.EntityDeclaration is a phantom class!
Warning: javax.xml.stream.events.EntityReference is a phantom class!
Warning: javax.xml.stream.events.Namespace is a phantom class!
Warning: javax.xml.stream.events.ProcessingInstruction is a phantom class!
Warning: javax.xml.stream.events.StartDocument is a phantom class!
Warning: javax.xml.stream.events.StartElement is a phantom class!
Warning: javax.xml.stream.events.XMLEvent is a phantom class!
Warning: javax.xml.stream.util.XMLEventConsumer is a phantom class!
Warning: nu.xom.Attribute is a phantom class!
Warning: nu.xom.Builder is a phantom class!
Warning: nu.xom.Comment is a phantom class!
Warning: nu.xom.Document is a phantom class!
Warning: nu.xom.Element is a phantom class!
Warning: nu.xom.Node is a phantom class!
Warning: nu.xom.NodeFactory is a phantom class!
Warning: nu.xom.ParentNode is a phantom class!
Warning: nu.xom.ProcessingInstruction is a phantom class!
Warning: nu.xom.Text is a phantom class!
Warning: org.apache.http.Header is a phantom class!
Warning: org.apache.http.HttpEntity is a phantom class!
Warning: org.apache.http.HttpHost is a phantom class!
Warning: org.apache.http.HttpRequest is a phantom class!
Warning: org.apache.http.HttpStatus is a phantom class!
Warning: org.apache.http.RequestLine is a phantom class!
Warning: org.apache.http.StatusLine is a phantom class!
Warning: org.apache.http.client.ClientProtocolException is a phantom class!
Warning: org.apache.http.client.methods.HttpGet is a phantom class!
Warning: org.apache.http.client.methods.HttpUriRequest is a phantom class!
Warning: org.apache.http.conn.ClientConnectionManager is a phantom class!
Warning: org.apache.http.entity.BufferedHttpEntity is a phantom class!
Warning: org.apache.http.entity.ByteArrayEntity is a phantom class!
Warning: org.apache.http.entity.StringEntity is a phantom class!
Warning: org.apache.http.impl.client.DefaultHttpClient is a phantom class!
Warning: org.apache.http.message.BasicHttpEntityEnclosingRequest is a phantom class!
Warning: org.apache.http.params.BasicHttpParams is a phantom class!
Warning: org.apache.http.util.EntityUtils is a phantom class!
Warning: org.relaxng.datatype.ValidationContext is a phantom class!
Warning: org.gjt.xpp.XmlPullParserFactory is a phantom class!
Warning: org.gjt.xpp.XmlPullParser is a phantom class!
Warning: org.gjt.xpp.XmlPullParserException is a phantom class!
Warning: org.gjt.xpp.XmlStartTag is a phantom class!
Warning: org.gjt.xpp.XmlEndTag is a phantom class!
Warning: org.jdom.Element is a phantom class!
Warning: org.jdom.Namespace is a phantom class!
Warning: org.jdom.Attribute is a phantom class!
Warning: org.jdom.CDATA is a phantom class!
Warning: org.jdom.Comment is a phantom class!
Warning: org.jdom.Document is a phantom class!
Warning: org.jdom.Parent is a phantom class!
Warning: org.jdom.ProcessingInstruction is a phantom class!
Warning: org.jdom.Text is a phantom class!
Warning: org.jdom.input.SAXBuilder is a phantom class!
Warning: org.relaxng.datatype.DatatypeException is a phantom class!
[Call Graph] For information on where the call graph may be incomplete, use the verbose option to the cg phase.
[Spark] Pointer Assignment Graph in 0.0 seconds.
[Spark] Type masks in 0.0 seconds.
[Spark] Pointer Graph simplified in 0.0 seconds.
[Spark] Propagation in 0.0 seconds.
[Spark] Solution found in 0.0 seconds.
hcai's internal transform
Running static analysis for method/class coverage characterization
0 ICC links found and 0 cg edges added due to ICC links
dynamic conflated call graph: 1201 methods; 1201 nodes; 1785 edges.
feature-vector-key = benign-app-97-D06E3F5B2D5DBDFEB030FD70E62470BD7992B054F135400AE86B4B86F73FDC6F.apk
Result for benign-app-97-D06E3F5B2D5DBDFEB030FD70E62470BD7992B054F135400AE86B4B86F73FDC6F.apkcz.rychtar.android.entangledgame