DUA-Forensics args to Soot: -w -cp /home/hcosta/bench/benchmark/libs/droidfax.jar:/home/hcosta/Android/Sdk/platforms/android-28/android.jar -p cg verbose:false,implicit-entry:true -p cg.spark verbose:false,on-fly-cg:true,rta:false -d /home/hcosta/bench/benchmark/trace/180/4/droidbot/benign-app-15-1F1DDB0D06F4A0753C9389C9A16B1B13925C497729C9E9D66C44824C4798A639.apk.logcat -process-dir /home/hcosta/bench/benchmark/data/input/benign-app-15-1F1DDB0D06F4A0753C9389C9A16B1B13925C497729C9E9D66C44824C4798A639.apk 
Soot started on Thu Apr 21 06:05:27 CEST 2022
Warning: com.ironsource.mobilcore.BaseFlowBasedAdUnit is a phantom class!
Warning: java.lang.invoke.LambdaMetafactory is a phantom class!
Warning: java.lang.ref.Finalizer is a phantom class!
Warning: org.apache.http.HttpHost is a phantom class!
Warning: org.apache.http.impl.DefaultHttpClientConnection is a phantom class!
Warning: org.apache.http.HttpRequest is a phantom class!
Warning: org.apache.http.HttpException is a phantom class!
Warning: org.apache.http.ParseException is a phantom class!
Warning: org.apache.http.Header is a phantom class!
Warning: org.apache.http.HttpConnectionMetrics is a phantom class!
Warning: org.apache.http.HttpEntity is a phantom class!
Warning: org.apache.http.HttpResponse is a phantom class!
Warning: org.apache.http.HttpVersion is a phantom class!
Warning: org.apache.http.ProtocolVersion is a phantom class!
Warning: org.apache.http.StatusLine is a phantom class!
Warning: org.apache.http.conn.scheme.PlainSocketFactory is a phantom class!
Warning: org.apache.http.message.BasicHttpRequest is a phantom class!
Warning: org.apache.http.params.BasicHttpParams is a phantom class!
[Call Graph] For information on where the call graph may be incomplete, use the verbose option to the cg phase.
[Spark] Pointer Assignment Graph in 0.0 seconds.
[Spark] Type masks in 0.0 seconds.
[Spark] Pointer Graph simplified in 0.0 seconds.
[Spark] Propagation in 0.0 seconds.
[Spark] Solution found in 0.0 seconds.
hcai's internal transform
Running static analysis for security-relevant feature characterization
[GatorHierarchy] [32mVERBOSE[0m [HIER] All classes: 1159
[GatorHierarchy] [32mVERBOSE[0m [App: 93, Lib : 1048, Phantom: 18]
[GatorHierarchy] [32mVERBOSE[0m [HIER] Activities: 2, lib activities: 1
[GatorHierarchy] [32mVERBOSE[0m [HIER] App views: 4, Lib views: 22
[GatorHierarchy] [32mVERBOSE[0m [HIER] App Dialogs: 1, Lib Dialogs: 3
[TIMECOST] [32mVERBOSE[0m buildApplicationCodeMap parsing starting at 1650513928477
array element type: (filled narr)int
array element type (narr range): int
array element type: (filled narr)int
[TIMECOST] [32mVERBOSE[0m buildApplicationCodeMap parsing finished at 1650513930402
[Instantiated app classes] [32mVERBOSE[0m total number: 135
[WARNING] [32mVERBOSE[0m Callback method :onWindowFocusChanged in Class com.admob.android.ads.AdView added
[WARNING] [32mVERBOSE[0m Callback method :onMeasure in Class com.admob.android.ads.AdView added
[WARNING] [32mVERBOSE[0m Callback method :setEnabled in Class com.admob.android.ads.AdView added
[WARNING] [32mVERBOSE[0m Callback method :setBackgroundColor in Class com.admob.android.ads.AdView added
[WARNING] [32mVERBOSE[0m Callback method :onDetachedFromWindow in Class com.admob.android.ads.AdView added
[WARNING] [32mVERBOSE[0m Callback method :onAttachedToWindow in Class com.admob.android.ads.AdView added
[WARNING] [32mVERBOSE[0m Callback method :setVisibility in Class com.admob.android.ads.AdView added
[WARNING] [32mVERBOSE[0m Callback method :onWindowVisibilityChanged in Class com.admob.android.ads.AdView added
[WARNING] [32mVERBOSE[0m Callback method :getType in Class com.ebserver.syncschedule.synconoff.InterfaceStatsProvider added
[WARNING] [32mVERBOSE[0m Callback method :onCreate in Class com.ebserver.syncschedule.synconoff.InterfaceStatsProvider added
[WARNING] [32mVERBOSE[0m Callback method :query in Class com.ebserver.syncschedule.synconoff.InterfaceStatsProvider added
[WARNING] [32mVERBOSE[0m Callback method :update in Class com.ebserver.syncschedule.synconoff.InterfaceStatsProvider added
[WARNING] [32mVERBOSE[0m Callback method :insert in Class com.ebserver.syncschedule.synconoff.InterfaceStatsProvider added
[WARNING] [32mVERBOSE[0m Callback method :delete in Class com.ebserver.syncschedule.synconoff.InterfaceStatsProvider added
[WARNING] [32mVERBOSE[0m Callback method :onCreate in Class com.ebserver.syncschedule.synconoff.InterfaceStatsProvider$DatabaseHelper added
[WARNING] [32mVERBOSE[0m Callback method :onUpgrade in Class com.ebserver.syncschedule.synconoff.InterfaceStatsProvider$DatabaseHelper added
[WARNING] [32mVERBOSE[0m Callback method :onReceive in Class com.ebserver.syncschedule.synconoff.Bootstrapper added
[WARNING] [32mVERBOSE[0m Callback method :onReceive in Class com.ebserver.syncschedule.backend.scheduler.CronScheduler added
[WARNING] [32mVERBOSE[0m Callback method :onReceive in Class com.ebserver.syncschedule.synconoff.IntentInit added
[WARNING] [32mVERBOSE[0m Callback method :onReceive in Class com.google.android.apps.analytics.AnalyticsReceiver added
[WARNING] [32mVERBOSE[0m Callback method :onReceive in Class com.ebserver.syncschedule.Power added
[WARNING] [32mVERBOSE[0m Callback method :onReceive in Class com.admob.android.ads.analytics.InstallReceiver added
[WARNING] [32mVERBOSE[0m Callback method :onCreateDialog in Class com.ebserver.syncschedule.syncschedule added
[WARNING] [32mVERBOSE[0m Callback method :onRestoreInstanceState in Class com.ebserver.syncschedule.syncschedule added
[WARNING] [32mVERBOSE[0m Callback method :onStop in Class com.ebserver.syncschedule.syncschedule added
[WARNING] [32mVERBOSE[0m Callback method :onCreate in Class com.ebserver.syncschedule.syncschedule added
[WARNING] [32mVERBOSE[0m Callback method :onCreateOptionsMenu in Class com.ebserver.syncschedule.syncschedule added
[WARNING] [32mVERBOSE[0m Callback method :onStart in Class com.ebserver.syncschedule.syncschedule added
[WARNING] [32mVERBOSE[0m Callback method :onOptionsItemSelected in Class com.ebserver.syncschedule.syncschedule added
[WARNING] [32mVERBOSE[0m Callback method :onPause in Class com.ebserver.syncschedule.Settings added
[WARNING] [32mVERBOSE[0m Callback method :onCreate in Class com.ebserver.syncschedule.Settings added
0 ICC links found and 0 cg edges added due to ICC links
dynamic conflated call graph: 253 methods; 253 nodes; 374 edges.
maxpossibleFlows=2
maxpossibleFlows=2
maxpossibleFlows=2
maxpossibleFlows=2
maxpossibleFlows=2
maxpossibleFlows=2
maxpossibleFlows=2
maxpossibleFlows=1
maxpossibleFlows=1
maxpossibleFlows=2
maxpossibleFlows=2
maxpossibleFlows=2
maxpossibleFlows=2
maxpossibleFlows=2
maxpossibleFlows=2
maxpossibleFlows=2
maxpossibleFlows=1
maxpossibleFlows=1
maxpossibleFlows=2
maxpossibleFlows=2
maxpossibleFlows=2
maxpossibleFlows=2
maxpossibleFlows=2
maxpossibleFlows=2
maxpossibleFlows=2
maxpossibleFlows=1
maxpossibleFlows=1
maxpossibleFlows=2
maxpossibleFlows=2
maxpossibleFlows=2
2 taint flow paths FOUND from <java.lang.reflect.Array: java.lang.Object newInstance(java.lang.Class,int[])> to <android.app.Activity: void setContentView(android.view.View)>
maxpossibleFlows=2
maxpossibleFlows=2
maxpossibleFlows=2
maxpossibleFlows=1
1 taint flow paths FOUND from <android.net.Uri: android.net.Uri parse(java.lang.String)> to <android.util.Log: int d(java.lang.String,java.lang.String)>
maxpossibleFlows=1
maxpossibleFlows=1
maxpossibleFlows=1
maxpossibleFlows=2
maxpossibleFlows=2
maxpossibleFlows=1
1 taint flow paths FOUND from <android.content.Intent: java.lang.String getAction()> to <android.util.Log: int d(java.lang.String,java.lang.String)>
maxpossibleFlows=1
maxpossibleFlows=3
maxpossibleFlows=1
1 taint flow paths FOUND from <java.lang.StringBuilder: java.lang.String toString()> to <android.util.Log: int d(java.lang.String,java.lang.String)>
maxpossibleFlows=1
maxpossibleFlows=3
maxpossibleFlows=1
maxpossibleFlows=1
maxpossibleFlows=2
maxpossibleFlows=2
maxpossibleFlows=2
maxpossibleFlows=1
maxpossibleFlows=3
maxpossibleFlows=1
maxpossibleFlows=1
maxpossibleFlows=1
maxpossibleFlows=1
maxpossibleFlows=1
maxpossibleFlows=2
maxpossibleFlows=2
maxpossibleFlows=2
maxpossibleFlows=2
maxpossibleFlows=2
maxpossibleFlows=2
maxpossibleFlows=2
maxpossibleFlows=2
maxpossibleFlows=2
maxpossibleFlows=1
maxpossibleFlows=1
maxpossibleFlows=1
maxpossibleFlows=3
maxpossibleFlows=1
maxpossibleFlows=1
maxpossibleFlows=2
maxpossibleFlows=2
maxpossibleFlows=2
maxpossibleFlows=4
4 taint flow paths FOUND from <android.view.LayoutInflater: android.view.View inflate(int,android.view.ViewGroup,boolean)> to <android.widget.TimePicker: void setIs24HourView(java.lang.Boolean)>
maxpossibleFlows=4
4 taint flow paths FOUND from <android.app.Activity: java.lang.Object getSystemService(java.lang.String)> to <android.widget.TimePicker: void setIs24HourView(java.lang.Boolean)>
maxpossibleFlows=1
1 taint flow paths FOUND from <android.content.Intent: java.lang.String getDataString()> to <android.util.Log: int d(java.lang.String,java.lang.String)>
maxpossibleFlows=1
maxpossibleFlows=1
maxpossibleFlows=1
maxpossibleFlows=1
maxpossibleFlows=1
maxpossibleFlows=1
maxpossibleFlows=2
maxpossibleFlows=2
maxpossibleFlows=2
maxpossibleFlows=2
maxpossibleFlows=4
4 taint flow paths FOUND from <android.view.LayoutInflater: android.view.View inflate(int,android.view.ViewGroup,boolean)> to <android.widget.TimePicker: void setIs24HourView(java.lang.Boolean)>
maxpossibleFlows=2
maxpossibleFlows=2
maxpossibleFlows=2
maxpossibleFlows=2
maxpossibleFlows=4
4 taint flow paths FOUND from <android.view.LayoutInflater: android.view.View inflate(int,android.view.ViewGroup,boolean)> to <android.widget.TimePicker: void setCurrentHour(java.lang.Integer)>
maxpossibleFlows=2
maxpossibleFlows=2
maxpossibleFlows=1
maxpossibleFlows=2
maxpossibleFlows=2
maxpossibleFlows=2
maxpossibleFlows=2
maxpossibleFlows=1
maxpossibleFlows=1
maxpossibleFlows=2
maxpossibleFlows=1
maxpossibleFlows=1
maxpossibleFlows=2
maxpossibleFlows=2
maxpossibleFlows=2
maxpossibleFlows=1
maxpossibleFlows=2
maxpossibleFlows=1
maxpossibleFlows=3
maxpossibleFlows=3
maxpossibleFlows=3
maxpossibleFlows=3
maxpossibleFlows=2
maxpossibleFlows=2
maxpossibleFlows=2
maxpossibleFlows=2
2 taint flow paths FOUND from <java.lang.reflect.Array: java.lang.Object newInstance(java.lang.Class,int[])> to <android.app.Activity: void setContentView(android.view.View)>
maxpossibleFlows=2
maxpossibleFlows=2
maxpossibleFlows=2
maxpossibleFlows=2
maxpossibleFlows=1
maxpossibleFlows=1
maxpossibleFlows=2
maxpossibleFlows=1
maxpossibleFlows=1
maxpossibleFlows=2
maxpossibleFlows=2
maxpossibleFlows=2
maxpossibleFlows=1
maxpossibleFlows=2
maxpossibleFlows=1
maxpossibleFlows=2
maxpossibleFlows=2
maxpossibleFlows=2
maxpossibleFlows=2
maxpossibleFlows=1
maxpossibleFlows=1
maxpossibleFlows=2
maxpossibleFlows=1
maxpossibleFlows=1
maxpossibleFlows=2
maxpossibleFlows=2
maxpossibleFlows=2
maxpossibleFlows=1
maxpossibleFlows=2
maxpossibleFlows=1
maxpossibleFlows=2
maxpossibleFlows=2
maxpossibleFlows=2
maxpossibleFlows=2
maxpossibleFlows=4
4 taint flow paths FOUND from <android.view.LayoutInflater: android.view.View inflate(int,android.view.ViewGroup,boolean)> to <android.widget.TimePicker: void setCurrentMinute(java.lang.Integer)>
maxpossibleFlows=1
maxpossibleFlows=1
maxpossibleFlows=1
maxpossibleFlows=1
maxpossibleFlows=1
1 taint flow paths FOUND from <android.net.Uri: android.net.Uri parse(java.lang.String)> to <android.util.Log: int d(java.lang.String,java.lang.String)>
maxpossibleFlows=1
maxpossibleFlows=1
maxpossibleFlows=1
maxpossibleFlows=1
maxpossibleFlows=1
maxpossibleFlows=1
1 taint flow paths FOUND from <android.content.Intent: java.lang.String getAction()> to <android.util.Log: int e(java.lang.String,java.lang.String,java.lang.Throwable)>
Result for benign-app-15-1F1DDB0D06F4A0753C9389C9A16B1B13925C497729C9E9D66C44824C4798A639.apkcom.ebserver.syncschedule