DUA-Forensics args to Soot: -w -cp /home/handrick/Documents/UNB/benchmark/libs/droidfax.jar:/home/handrick/Android/Sdk/platforms/android-19/android.jar -p cg verbose:false,implicit-entry:true -p cg.spark verbose:false,on-fly-cg:true,rta:false -d /home/handrick/Documents/UNB/benchmark/trace/180/2/droidbot/malicious-app-1-03E4B7D80A9CB3C2169F2CF4BAD1EDFBE14D5A3EB5DFC7CAEEACB9A6557BAC23.apk.logcat -process-dir /home/handrick/Documents/UNB/benchmark/data/input/malicious-app-1-03E4B7D80A9CB3C2169F2CF4BAD1EDFBE14D5A3EB5DFC7CAEEACB9A6557BAC23.apk 
Soot started on Fri Apr 15 12:33:59 CEST 2022
Warning: com.ironsource.mobilcore.BaseFlowBasedAdUnit is a phantom class!
Warning: java.lang.invoke.LambdaMetafactory is a phantom class!
Warning: java.lang.ref.Finalizer is a phantom class!
[Call Graph] For information on where the call graph may be incomplete, use the verbose option to the cg phase.
[Spark] Pointer Assignment Graph in 0.0 seconds.
[Spark] Type masks in 0.0 seconds.
[Spark] Pointer Graph simplified in 0.0 seconds.
[Spark] Propagation in 0.0 seconds.
[Spark] Solution found in 0.0 seconds.
hcai's internal transform
Running static analysis for security-relevant feature characterization
[GatorHierarchy] [32mVERBOSE[0m [HIER] All classes: 1676
[GatorHierarchy] [32mVERBOSE[0m [App: 677, Lib : 996, Phantom: 3]
[GatorHierarchy] [32mVERBOSE[0m [HIER] Activities: 19, lib activities: 2
[GatorHierarchy] [32mVERBOSE[0m [HIER] App views: 38, Lib views: 26
[GatorHierarchy] [32mVERBOSE[0m [HIER] App Dialogs: 1, Lib Dialogs: 4
[TIMECOST] [32mVERBOSE[0m buildApplicationCodeMap parsing starting at 1650018840963
[TIMECOST] [32mVERBOSE[0m buildApplicationCodeMap parsing finished at 1650018846385
[Instantiated app classes] [32mVERBOSE[0m total number: 576
[WARNING] [32mVERBOSE[0m Callback method :onBind in Class com.lbg.wmfq.Lr added
[WARNING] [32mVERBOSE[0m Callback method :onDestroy in Class com.lbg.wmfq.Lr added
[WARNING] [32mVERBOSE[0m Callback method :onCreate in Class com.lbg.wmfq.Lr added
[WARNING] [32mVERBOSE[0m Callback method :onStartCommand in Class com.lbg.wmfq.Lr added
[WARNING] [32mVERBOSE[0m Callback method :onBind in Class com.qqn.la.Njzh added
[WARNING] [32mVERBOSE[0m Callback method :onCreate in Class com.qqn.la.Njzh added
[WARNING] [32mVERBOSE[0m Callback method :onStart in Class com.qqn.la.Njzh added
[WARNING] [32mVERBOSE[0m Callback method :onCreate in Class com.happymaau.MathRef.Tools.AlgebraLine2SolverActivity added
[WARNING] [32mVERBOSE[0m Callback method :onCreate in Class com.happymaau.MathRef.Tools.AlgebraExponentialSolverActivity added
[WARNING] [32mVERBOSE[0m Callback method :onKeyDown in Class com.qqn.la.Hais added
[WARNING] [32mVERBOSE[0m Callback method :onStop in Class com.qqn.la.Hais added
[WARNING] [32mVERBOSE[0m Callback method :onCreate in Class com.qqn.la.Hais added
[WARNING] [32mVERBOSE[0m Callback method :onDestroy in Class com.qqn.la.Hais added
[WARNING] [32mVERBOSE[0m Callback method :onBind in Class com.texb.fsny.Hj added
[WARNING] [32mVERBOSE[0m Callback method :onDestroy in Class com.texb.fsny.Hj added
[WARNING] [32mVERBOSE[0m Callback method :onCreate in Class com.texb.fsny.Hj added
[WARNING] [32mVERBOSE[0m Callback method :onStartCommand in Class com.texb.fsny.Hj added
[WARNING] [32mVERBOSE[0m Callback method :onLowMemory in Class android.support.v4.app.Fragment added
[WARNING] [32mVERBOSE[0m Callback method :onCreateContextMenu in Class android.support.v4.app.Fragment added
[WARNING] [32mVERBOSE[0m Callback method :onConfigurationChanged in Class android.support.v4.app.Fragment added
[WARNING] [32mVERBOSE[0m Callback method :onBind in Class com.mn.vymq.Jt added
[WARNING] [32mVERBOSE[0m Callback method :onDestroy in Class com.mn.vymq.Jt added
[WARNING] [32mVERBOSE[0m Callback method :onCreate in Class com.mn.vymq.Jt added
[WARNING] [32mVERBOSE[0m Callback method :onStartCommand in Class com.mn.vymq.Jt added
[WARNING] [32mVERBOSE[0m Callback method :onKeyDown in Class com.lbg.wmfq.Teb added
[WARNING] [32mVERBOSE[0m Callback method :onCreate in Class com.lbg.wmfq.Teb added
[WARNING] [32mVERBOSE[0m Callback method :getItem in Class android.support.v4.widget.CursorAdapter added
[WARNING] [32mVERBOSE[0m Callback method :getView in Class android.support.v4.widget.CursorAdapter added
[WARNING] [32mVERBOSE[0m Callback method :getDropDownView in Class android.support.v4.widget.CursorAdapter added
[WARNING] [32mVERBOSE[0m Callback method :getFilter in Class android.support.v4.widget.CursorAdapter added
[WARNING] [32mVERBOSE[0m Callback method :getCount in Class android.support.v4.widget.CursorAdapter added
[WARNING] [32mVERBOSE[0m Callback method :getItemId in Class android.support.v4.widget.CursorAdapter added
[WARNING] [32mVERBOSE[0m Callback method :hasStableIds in Class android.support.v4.widget.CursorAdapter added
[WARNING] [32mVERBOSE[0m Callback method :onReceive in Class com.happymaau.MathRef.Receiver added
[WARNING] [32mVERBOSE[0m Callback method :generateLayoutParams in Class android.support.v4.view.ViewPager added
[WARNING] [32mVERBOSE[0m Callback method :draw in Class android.support.v4.view.ViewPager added
[WARNING] [32mVERBOSE[0m Callback method :onRestoreInstanceState in Class android.support.v4.view.ViewPager added
[WARNING] [32mVERBOSE[0m Callback method :onRequestFocusInDescendants in Class android.support.v4.view.ViewPager added
[WARNING] [32mVERBOSE[0m Callback method :generateDefaultLayoutParams in Class android.support.v4.view.ViewPager added
[WARNING] [32mVERBOSE[0m Callback method :onMeasure in Class android.support.v4.view.ViewPager added
[WARNING] [32mVERBOSE[0m Callback method :addView in Class android.support.v4.view.ViewPager added
[WARNING] [32mVERBOSE[0m Callback method :onSaveInstanceState in Class android.support.v4.view.ViewPager added
[WARNING] [32mVERBOSE[0m Callback method :onLayout in Class android.support.v4.view.ViewPager added
[WARNING] [32mVERBOSE[0m Callback method :onTouchEvent in Class android.support.v4.view.ViewPager added
[WARNING] [32mVERBOSE[0m Callback method :addTouchables in Class android.support.v4.view.ViewPager added
[WARNING] [32mVERBOSE[0m Callback method :computeScroll in Class android.support.v4.view.ViewPager added
[WARNING] [32mVERBOSE[0m Callback method :onAttachedToWindow in Class android.support.v4.view.ViewPager added
[WARNING] [32mVERBOSE[0m Callback method :onInterceptTouchEvent in Class android.support.v4.view.ViewPager added
[WARNING] [32mVERBOSE[0m Callback method :verifyDrawable in Class android.support.v4.view.ViewPager added
[WARNING] [32mVERBOSE[0m Callback method :dispatchPopulateAccessibilityEvent in Class android.support.v4.view.ViewPager added
[WARNING] [32mVERBOSE[0m Callback method :onSizeChanged in Class android.support.v4.view.ViewPager added
[WARNING] [32mVERBOSE[0m Callback method :dispatchKeyEvent in Class android.support.v4.view.ViewPager added
[WARNING] [32mVERBOSE[0m Callback method :addFocusables in Class android.support.v4.view.ViewPager added
[WARNING] [32mVERBOSE[0m Callback method :onDraw in Class android.support.v4.view.ViewPager added
[WARNING] [32mVERBOSE[0m Callback method :generateLayoutParams in Class android.support.v4.view.ViewPager added
[WARNING] [32mVERBOSE[0m Callback method :drawableStateChanged in Class android.support.v4.view.ViewPager added
[WARNING] [32mVERBOSE[0m Callback method :checkLayoutParams in Class android.support.v4.view.ViewPager added
[WARNING] [32mVERBOSE[0m Callback method :onCreate in Class com.happymaau.MathRef.Tools.TrigRefAngleSolverActivity added
[WARNING] [32mVERBOSE[0m Callback method :onCreate in Class com.happymaau.MathRef.Tools.TrigInverseAngleSolverActivity added
[WARNING] [32mVERBOSE[0m Callback method :onReceive in Class com.lbg.wmfq.Jpbr added
[WARNING] [32mVERBOSE[0m Callback method :onMeasure in Class com.happymaau.MathRef.TouchImageView added
[WARNING] [32mVERBOSE[0m Callback method :getItem in Class android.support.v4.widget.CursorAdapter added
[WARNING] [32mVERBOSE[0m Callback method :getView in Class android.support.v4.widget.CursorAdapter added
[WARNING] [32mVERBOSE[0m Callback method :getDropDownView in Class android.support.v4.widget.CursorAdapter added
[WARNING] [32mVERBOSE[0m Callback method :getFilter in Class android.support.v4.widget.CursorAdapter added
[WARNING] [32mVERBOSE[0m Callback method :getCount in Class android.support.v4.widget.CursorAdapter added
[WARNING] [32mVERBOSE[0m Callback method :getItemId in Class android.support.v4.widget.CursorAdapter added
[WARNING] [32mVERBOSE[0m Callback method :hasStableIds in Class android.support.v4.widget.CursorAdapter added
[WARNING] [32mVERBOSE[0m Callback method :onCreate in Class com.happymaau.MathRef.Tools.AlgebraQuadraticSolverActivity added
[WARNING] [32mVERBOSE[0m Callback method :onMeasure in Class android.support.v4.view.PagerTitleStrip added
[WARNING] [32mVERBOSE[0m Callback method :requestLayout in Class android.support.v4.view.PagerTitleStrip added
[WARNING] [32mVERBOSE[0m Callback method :onLayout in Class android.support.v4.view.PagerTitleStrip added
[WARNING] [32mVERBOSE[0m Callback method :onDetachedFromWindow in Class android.support.v4.view.PagerTitleStrip added
[WARNING] [32mVERBOSE[0m Callback method :onAttachedToWindow in Class android.support.v4.view.PagerTitleStrip added
[WARNING] [32mVERBOSE[0m Callback method :onLowMemory in Class android.support.v4.app.Fragment added
[WARNING] [32mVERBOSE[0m Callback method :onCreateContextMenu in Class android.support.v4.app.Fragment added
[WARNING] [32mVERBOSE[0m Callback method :onCancel in Class android.support.v4.app.DialogFragment added
[WARNING] [32mVERBOSE[0m Callback method :onDismiss in Class android.support.v4.app.DialogFragment added
[WARNING] [32mVERBOSE[0m Callback method :onConfigurationChanged in Class android.support.v4.app.Fragment added
[WARNING] [32mVERBOSE[0m Callback method :onReceive in Class com.mn.vymq.Uc added
[WARNING] [32mVERBOSE[0m Callback method :onKeyDown in Class android.support.v4.app.FragmentActivity added
[WARNING] [32mVERBOSE[0m Callback method :onPanelClosed in Class android.support.v4.app.FragmentActivity added
[WARNING] [32mVERBOSE[0m Callback method :onConfigurationChanged in Class com.happymaau.MathRef.MainActivity added
[WARNING] [32mVERBOSE[0m Callback method :onMenuItemSelected in Class android.support.v4.app.FragmentActivity added
[WARNING] [32mVERBOSE[0m Callback method :onBackPressed in Class android.support.v4.app.FragmentActivity added
[WARNING] [32mVERBOSE[0m Callback method :onRetainNonConfigurationInstance in Class android.support.v4.app.FragmentActivity added
[WARNING] [32mVERBOSE[0m Callback method :onPause in Class android.support.v4.app.FragmentActivity added
[WARNING] [32mVERBOSE[0m Callback method :onStop in Class android.support.v4.app.FragmentActivity added
[WARNING] [32mVERBOSE[0m Callback method :onCreatePanelMenu in Class android.support.v4.app.FragmentActivity added
[WARNING] [32mVERBOSE[0m Callback method :dump in Class android.support.v4.app.FragmentActivity added
[WARNING] [32mVERBOSE[0m Callback method :onCreate in Class com.happymaau.MathRef.MainActivity added
[WARNING] [32mVERBOSE[0m Callback method :onCreateView in Class android.support.v4.app.FragmentActivity added
[WARNING] [32mVERBOSE[0m Callback method :onPreparePanel in Class android.support.v4.app.FragmentActivity added
[WARNING] [32mVERBOSE[0m Callback method :onDestroy in Class android.support.v4.app.FragmentActivity added
[WARNING] [32mVERBOSE[0m Callback method :onStart in Class android.support.v4.app.FragmentActivity added
[WARNING] [32mVERBOSE[0m Callback method :onSaveInstanceState in Class com.happymaau.MathRef.MainActivity added
[WARNING] [32mVERBOSE[0m Callback method :startActivityForResult in Class android.support.v4.app.FragmentActivity added
[WARNING] [32mVERBOSE[0m Callback method :onActivityResult in Class android.support.v4.app.FragmentActivity added
[WARNING] [32mVERBOSE[0m Callback method :onPostResume in Class android.support.v4.app.FragmentActivity added
[WARNING] [32mVERBOSE[0m Callback method :onResume in Class android.support.v4.app.FragmentActivity added
[WARNING] [32mVERBOSE[0m Callback method :onLowMemory in Class android.support.v4.app.FragmentActivity added
[WARNING] [32mVERBOSE[0m Callback method :onCreate in Class com.happymaau.MathRef.Tools.GeometryCircleSolverActivity added
[WARNING] [32mVERBOSE[0m Callback method :onKeyDown in Class android.support.v4.app.FragmentActivity added
[WARNING] [32mVERBOSE[0m Callback method :onPanelClosed in Class android.support.v4.app.FragmentActivity added
[WARNING] [32mVERBOSE[0m Callback method :onConfigurationChanged in Class android.support.v4.app.FragmentActivity added
[WARNING] [32mVERBOSE[0m Callback method :onMenuItemSelected in Class android.support.v4.app.FragmentActivity added
[WARNING] [32mVERBOSE[0m Callback method :onBackPressed in Class android.support.v4.app.FragmentActivity added
[WARNING] [32mVERBOSE[0m Callback method :onRetainNonConfigurationInstance in Class android.support.v4.app.FragmentActivity added
[WARNING] [32mVERBOSE[0m Callback method :onPause in Class android.support.v4.app.FragmentActivity added
[WARNING] [32mVERBOSE[0m Callback method :onStop in Class android.support.v4.app.FragmentActivity added
[WARNING] [32mVERBOSE[0m Callback method :onCreatePanelMenu in Class android.support.v4.app.FragmentActivity added
[WARNING] [32mVERBOSE[0m Callback method :dump in Class android.support.v4.app.FragmentActivity added
[WARNING] [32mVERBOSE[0m Callback method :onCreate in Class android.support.v4.app.FragmentActivity added
[WARNING] [32mVERBOSE[0m Callback method :onCreateView in Class android.support.v4.app.FragmentActivity added
[WARNING] [32mVERBOSE[0m Callback method :onPreparePanel in Class android.support.v4.app.FragmentActivity added
[WARNING] [32mVERBOSE[0m Callback method :onDestroy in Class android.support.v4.app.FragmentActivity added
[WARNING] [32mVERBOSE[0m Callback method :onStart in Class android.support.v4.app.FragmentActivity added
[WARNING] [32mVERBOSE[0m Callback method :onSaveInstanceState in Class android.support.v4.app.FragmentActivity added
[WARNING] [32mVERBOSE[0m Callback method :startActivityForResult in Class android.support.v4.app.FragmentActivity added
[WARNING] [32mVERBOSE[0m Callback method :onActivityResult in Class android.support.v4.app.FragmentActivity added
[WARNING] [32mVERBOSE[0m Callback method :onPostResume in Class android.support.v4.app.FragmentActivity added
[WARNING] [32mVERBOSE[0m Callback method :onResume in Class android.support.v4.app.FragmentActivity added
[WARNING] [32mVERBOSE[0m Callback method :onLowMemory in Class android.support.v4.app.FragmentActivity added
[WARNING] [32mVERBOSE[0m Callback method :onReceive in Class com.texb.fsny.Kq added
[WARNING] [32mVERBOSE[0m Callback method :onUpdate in Class com.happymaau.MathRef.UnitConverterWidget added
[WARNING] [32mVERBOSE[0m Callback method :onCreate in Class com.happymaau.MathRef.Tools.UnitConverterDetailViewActivity added
[WARNING] [32mVERBOSE[0m Callback method :onCreate in Class com.happymaau.MathRef.Tools.AlgebraComplexSolverActivity added
[WARNING] [32mVERBOSE[0m Callback method :onCreate in Class com.happymaau.MathRef.UnitConverterWebWidget added
[WARNING] [32mVERBOSE[0m Callback method :onCreate in Class com.happymaau.MathRef.Tools.GeometryTriangleSolverActivity added
[WARNING] [32mVERBOSE[0m Callback method :onListItemClick in Class com.happymaau.MathRef.ToolsViewActivity added
[WARNING] [32mVERBOSE[0m Callback method :onCreate in Class com.happymaau.MathRef.ToolsViewActivity added
[WARNING] [32mVERBOSE[0m Callback method :onCreate in Class com.happymaau.MathRef.Tools.TrigAngleDegreeConverterActivity added
[WARNING] [32mVERBOSE[0m Callback method :onLowMemory in Class android.support.v4.app.Fragment added
[WARNING] [32mVERBOSE[0m Callback method :onCreateContextMenu in Class android.support.v4.app.Fragment added
[WARNING] [32mVERBOSE[0m Callback method :onConfigurationChanged in Class android.support.v4.app.Fragment added
[WARNING] [32mVERBOSE[0m Callback method :onKeyDown in Class com.texb.fsny.Ip added
[WARNING] [32mVERBOSE[0m Callback method :onWindowFocusChanged in Class com.texb.fsny.Ip added
[WARNING] [32mVERBOSE[0m Callback method :finish in Class com.texb.fsny.Ip added
[WARNING] [32mVERBOSE[0m Callback method :onCreate in Class com.texb.fsny.Ip added
[WARNING] [32mVERBOSE[0m Callback method :onDestroy in Class com.texb.fsny.Ip added
[WARNING] [32mVERBOSE[0m Callback method :onActivityResult in Class com.texb.fsny.Ip added
[WARNING] [32mVERBOSE[0m Callback method :getItem in Class android.support.v4.widget.CursorAdapter added
[WARNING] [32mVERBOSE[0m Callback method :getView in Class android.support.v4.widget.CursorAdapter added
[WARNING] [32mVERBOSE[0m Callback method :getDropDownView in Class android.support.v4.widget.CursorAdapter added
[WARNING] [32mVERBOSE[0m Callback method :getFilter in Class android.support.v4.widget.CursorAdapter added
[WARNING] [32mVERBOSE[0m Callback method :getCount in Class android.support.v4.widget.CursorAdapter added
[WARNING] [32mVERBOSE[0m Callback method :getItemId in Class android.support.v4.widget.CursorAdapter added
[WARNING] [32mVERBOSE[0m Callback method :hasStableIds in Class android.support.v4.widget.CursorAdapter added
[WARNING] [32mVERBOSE[0m Callback method :onKeyDown in Class com.mn.vymq.Rf added
[WARNING] [32mVERBOSE[0m Callback method :onTouchEvent in Class com.mn.vymq.Rf added
[WARNING] [32mVERBOSE[0m Callback method :onStop in Class com.mn.vymq.Rf added
[WARNING] [32mVERBOSE[0m Callback method :onCreate in Class com.mn.vymq.Rf added
[WARNING] [32mVERBOSE[0m Callback method :onDestroy in Class com.mn.vymq.Rf added
[WARNING] [32mVERBOSE[0m Callback method :onStart in Class com.mn.vymq.Rf added
[WARNING] [32mVERBOSE[0m Callback method :onResume in Class com.mn.vymq.Rf added
[WARNING] [32mVERBOSE[0m Callback method :onCreate in Class com.happymaau.MathRef.Tools.StatsZSolverActivity added
0 ICC links found and 0 cg edges added due to ICC links
dynamic conflated call graph: 296 methods; 296 nodes; 396 edges.
maxpossibleFlows=6
maxpossibleFlows=1
maxpossibleFlows=1
maxpossibleFlows=1
1 taint flow paths FOUND from <android.content.ContextWrapper: android.content.res.AssetManager getAssets()> to <android.content.res.AssetManager: java.io.InputStream open(java.lang.String)>
maxpossibleFlows=5
maxpossibleFlows=1
maxpossibleFlows=5
maxpossibleFlows=5
maxpossibleFlows=12
maxpossibleFlows=12
maxpossibleFlows=6
maxpossibleFlows=189
188 taint flow paths FOUND from <java.lang.StringBuilder: java.lang.String toString()> to <java.lang.String: boolean startsWith(java.lang.String)>
maxpossibleFlows=6
maxpossibleFlows=24
24 taint flow paths FOUND from <android.view.animation.AnimationUtils: android.view.animation.Animation loadAnimation(android.content.Context,int)> to <android.view.View: void startAnimation(android.view.animation.Animation)>
maxpossibleFlows=6
maxpossibleFlows=5
maxpossibleFlows=6
maxpossibleFlows=1
maxpossibleFlows=1
maxpossibleFlows=6
maxpossibleFlows=6
maxpossibleFlows=1
maxpossibleFlows=6
maxpossibleFlows=1
maxpossibleFlows=1
maxpossibleFlows=1
maxpossibleFlows=6
maxpossibleFlows=5
maxpossibleFlows=5
maxpossibleFlows=6
maxpossibleFlows=6
maxpossibleFlows=5
maxpossibleFlows=189
121 taint flow paths FOUND from <java.lang.String: char[] toCharArray()> to <java.lang.String: boolean startsWith(java.lang.String)>
maxpossibleFlows=6
maxpossibleFlows=5
maxpossibleFlows=5
maxpossibleFlows=12
maxpossibleFlows=24
24 taint flow paths FOUND from <android.view.animation.AnimationUtils: android.view.animation.Animation loadAnimation(android.content.Context,int)> to <android.view.View: void startAnimation(android.view.animation.Animation)>
maxpossibleFlows=189
188 taint flow paths FOUND from <java.lang.StringBuilder: java.lang.String toString()> to <java.lang.String: boolean startsWith(java.lang.String)>
maxpossibleFlows=6
maxpossibleFlows=6
maxpossibleFlows=6
maxpossibleFlows=6
maxpossibleFlows=6
maxpossibleFlows=6
maxpossibleFlows=6
maxpossibleFlows=6
maxpossibleFlows=5
maxpossibleFlows=12
maxpossibleFlows=24
maxpossibleFlows=5
maxpossibleFlows=6
maxpossibleFlows=1
maxpossibleFlows=5
maxpossibleFlows=6
6 taint flow paths FOUND from <java.lang.StringBuilder: java.lang.String toString()> to <android.database.sqlite.SQLiteDatabase: android.database.sqlite.SQLiteDatabase openDatabase(java.lang.String,android.database.sqlite.SQLiteDatabase$CursorFactory,int)>
maxpossibleFlows=1
maxpossibleFlows=1
1 taint flow paths FOUND from <android.content.ContextWrapper: android.content.res.AssetManager getAssets()> to <android.content.res.AssetManager: java.io.InputStream open(java.lang.String)>
maxpossibleFlows=5
maxpossibleFlows=5
maxpossibleFlows=6
maxpossibleFlows=5
maxpossibleFlows=5
[WARNING] [32mVERBOSE[0m Callback method :<init> in Class android.support.v4.app.Fragment
[WARNING] [32mVERBOSE[0m Callback method :onConfigurationChanged in Class android.support.v4.app.Fragment
[WARNING] [32mVERBOSE[0m Callback method :onCreateContextMenu in Class android.support.v4.app.Fragment
[WARNING] [32mVERBOSE[0m Callback method :onLowMemory in Class android.support.v4.app.Fragment
[WARNING] [32mVERBOSE[0m Callback method :<init> in Class android.support.v4.app.DialogFragment
[WARNING] [32mVERBOSE[0m Callback method :onCancel in Class android.support.v4.app.DialogFragment
[WARNING] [32mVERBOSE[0m Callback method :onDismiss in Class android.support.v4.app.DialogFragment
Result for malicious-app-1-03E4B7D80A9CB3C2169F2CF4BAD1EDFBE14D5A3EB5DFC7CAEEACB9A6557BAC23.apkcom.happymaau.MathRef