DUA-Forensics args to Soot: -w -cp /home/handrick/Documents/UNB/benchmark/libs/droidfax.jar:/home/handrick/Android/Sdk/platforms/android-19/android.jar -p cg verbose:false,implicit-entry:true -p cg.spark verbose:false,on-fly-cg:true,rta:false -d /home/handrick/Documents/UNB/benchmark/trace/180/2/droidbot/malicious-app-61-0BD4FFCCD00AB5CDFB4239FD0F2E8A49B43E97A6ACA37562AC84CA08F1ADBBDF.apk.logcat -process-dir /home/handrick/Documents/UNB/benchmark/data/input/malicious-app-61-0BD4FFCCD00AB5CDFB4239FD0F2E8A49B43E97A6ACA37562AC84CA08F1ADBBDF.apk 
Soot started on Fri Apr 15 13:14:06 CEST 2022
Warning: com.ironsource.mobilcore.BaseFlowBasedAdUnit is a phantom class!
Warning: java.lang.invoke.LambdaMetafactory is a phantom class!
Warning: java.lang.ref.Finalizer is a phantom class!
get type from 'Z'
get type from 'Z'
get type from 'Z'
get type from 'Z'
Warning: org.springframework.http.converter.AbstractHttpMessageConverter is a phantom class!
Warning: org.springframework.http.HttpInputMessage is a phantom class!
Warning: org.springframework.http.converter.HttpMessageNotReadableException is a phantom class!
Warning: org.springframework.http.HttpOutputMessage is a phantom class!
Warning: org.springframework.http.converter.HttpMessageNotWritableException is a phantom class!
Warning: org.springframework.web.servlet.view.AbstractView is a phantom class!
Warning: javax.servlet.http.HttpServletRequest is a phantom class!
Warning: javax.servlet.http.HttpServletResponse is a phantom class!
Warning: java.awt.Color is a phantom class!
Warning: java.awt.Font is a phantom class!
Warning: java.awt.Point is a phantom class!
Warning: java.awt.Rectangle is a phantom class!
Warning: javax.servlet.ServletOutputStream is a phantom class!
Warning: org.springframework.util.CollectionUtils is a phantom class!
Warning: org.springframework.validation.BindingResult is a phantom class!
[Call Graph] For information on where the call graph may be incomplete, use the verbose option to the cg phase.
[Spark] Pointer Assignment Graph in 0.0 seconds.
[Spark] Type masks in 0.0 seconds.
[Spark] Pointer Graph simplified in 0.0 seconds.
[Spark] Propagation in 0.0 seconds.
[Spark] Solution found in 0.0 seconds.
hcai's internal transform
Running static analysis for method/class coverage characterization
0 ICC links found and 0 cg edges added due to ICC links
dynamic conflated call graph: 1123 methods; 1123 nodes; 1596 edges.
feature-vector-key = malicious-app-61-0BD4FFCCD00AB5CDFB4239FD0F2E8A49B43E97A6ACA37562AC84CA08F1ADBBDF.apk
Result for malicious-app-61-0BD4FFCCD00AB5CDFB4239FD0F2E8A49B43E97A6ACA37562AC84CA08F1ADBBDF.apkcom.chinat2t10539zw.templte