DUA-Forensics args to Soot: -w -cp /home/hcosta/bench/benchmark/libs/droidfax.jar:/home/hcosta/Android/Sdk/platforms/android-28/android.jar -p cg verbose:false,implicit-entry:true -p cg.spark verbose:false,on-fly-cg:true,rta:false -d /home/hcosta/bench/benchmark/trace/180/2/droidbot/benign-app-44-69AA48CAA0D324455E0F3B8F98686386639445BA2F947211AA73B25244044F65.apk.logcat -process-dir /home/hcosta/bench/benchmark/data/input/benign-app-44-69AA48CAA0D324455E0F3B8F98686386639445BA2F947211AA73B25244044F65.apk 
Soot started on Wed Apr 20 17:15:19 CEST 2022
Warning: com.ironsource.mobilcore.BaseFlowBasedAdUnit is a phantom class!
Warning: java.lang.invoke.LambdaMetafactory is a phantom class!
Warning: java.lang.ref.Finalizer is a phantom class!
Warning: com.amazon.android.Kiwi is a phantom class!
Warning: com.amazon.android.framework.context.ContextManager is a phantom class!
Warning: com.amazon.android.framework.exception.KiwiException is a phantom class!
Warning: com.amazon.android.framework.prompt.Prompt is a phantom class!
Warning: com.amazon.android.framework.prompt.PromptContent is a phantom class!
Warning: com.amazon.android.framework.prompt.PromptManager is a phantom class!
Warning: com.amazon.android.framework.prompt.SimplePrompt is a phantom class!
Warning: com.amazon.android.framework.resource.Resource is a phantom class!
Warning: com.amazon.android.framework.task.Task is a phantom class!
Warning: com.amazon.android.framework.task.TaskManager is a phantom class!
Warning: com.amazon.android.framework.task.command.AbstractCommandTask is a phantom class!
Warning: com.amazon.android.framework.task.pipeline.TaskPipelineId is a phantom class!
Warning: com.amazon.android.framework.util.KiwiLogger is a phantom class!
Warning: com.amazon.android.licensing.LicenseFailurePromptContentMapper is a phantom class!
Warning: com.amazon.venezia.command.FailureResult is a phantom class!
Warning: com.amazon.venezia.command.SuccessResult is a phantom class!
Warning: org.apache.http.HttpRequestInterceptor is a phantom class!
Warning: org.apache.http.client.HttpClient is a phantom class!
Warning: org.apache.http.HttpRequest is a phantom class!
Warning: org.apache.http.protocol.HttpContext is a phantom class!
Warning: org.apache.http.conn.ClientConnectionManager is a phantom class!
Warning: org.apache.http.client.methods.HttpUriRequest is a phantom class!
Warning: org.apache.http.entity.AbstractHttpEntity is a phantom class!
Warning: org.apache.http.HttpEntity is a phantom class!
Warning: org.apache.http.HttpHost is a phantom class!
Warning: org.apache.http.client.ResponseHandler is a phantom class!
Warning: org.apache.http.client.ClientProtocolException is a phantom class!
Warning: org.apache.http.HttpResponse is a phantom class!
Warning: org.apache.http.impl.client.DefaultHttpClient is a phantom class!
Warning: org.apache.http.protocol.BasicHttpProcessor is a phantom class!
Warning: org.apache.http.HttpException is a phantom class!
Warning: org.apache.http.client.methods.HttpGet is a phantom class!
Warning: com.ansca.corona.CoronaActivity is a phantom class!
Warning: com.ansca.corona.CoronaEnvironment is a phantom class!
Warning: com.ansca.corona.CoronaRuntime is a phantom class!
Warning: com.ansca.corona.CoronaRuntimeListener is a phantom class!
Warning: com.ansca.corona.CoronaRuntimeTask is a phantom class!
Warning: com.ansca.corona.CoronaRuntimeTaskDispatcher is a phantom class!
Warning: com.g5e.KDNativeFacebook is a phantom class!
Warning: com.g5e.KDNativeStore is a phantom class!
get type from 'Lcom/flurry/org/codehaus/jackson/annotate/JsonAutoDetect$Visibility;'
get type from 'Lcom/flurry/org/codehaus/jackson/annotate/JsonAutoDetect$Visibility;'
get type from 'Lcom/flurry/org/codehaus/jackson/annotate/JsonAutoDetect$Visibility;'
get type from 'Lcom/flurry/org/codehaus/jackson/annotate/JsonAutoDetect$Visibility;'
get type from 'Lcom/flurry/org/codehaus/jackson/annotate/JsonAutoDetect$Visibility;'
get type from 'Lcom/flurry/org/codehaus/jackson/annotate/JsonMethod;'
get type from 'Lcom/flurry/org/codehaus/jackson/annotate/JsonTypeInfo$As;'
get type from 'Lcom/flurry/org/codehaus/jackson/map/annotate/JsonSerialize$Inclusion;'
get type from 'Lcom/flurry/org/codehaus/jackson/map/annotate/JsonSerialize$Typing;'
Warning: org.apache.http.message.AbstractHttpMessage is a phantom class!
Warning: com.millennialmedia.android.MMInterstitial is a phantom class!
Warning: com.mobclix.android.sdk.MobclixFullScreenAdViewListener is a phantom class!
Warning: com.mobclix.android.sdk.MobclixFullScreenAdView is a phantom class!
Warning: org.apache.http.Header is a phantom class!
Warning: org.apache.http.util.ByteArrayBuffer is a phantom class!
Warning: com.mobclix.android.sdk.MobclixAdViewListener is a phantom class!
Warning: com.mobclix.android.sdk.MobclixAdView is a phantom class!
Warning: com.inmobi.androidsdk.IMAdInterstitialListener is a phantom class!
Warning: com.inmobi.androidsdk.IMAdInterstitial is a phantom class!
Warning: com.inmobi.androidsdk.IMAdRequest$ErrorCode is a phantom class!
Warning: com.google.ads.InterstitialAd is a phantom class!
Warning: com.inmobi.androidsdk.IMAdListener is a phantom class!
Warning: com.inmobi.androidsdk.IMAdView is a phantom class!
Warning: com.millennialmedia.android.RequestListener is a phantom class!
Warning: com.millennialmedia.android.MMAd is a phantom class!
Warning: com.millennialmedia.android.MMException is a phantom class!
Warning: com.google.ads.AdListener is a phantom class!
Warning: com.google.ads.Ad is a phantom class!
Warning: com.google.ads.AdRequest$ErrorCode is a phantom class!
Warning: com.jumptap.adtag.JtAdViewListener is a phantom class!
Warning: com.jumptap.adtag.JtAdView is a phantom class!
Warning: com.thoughtworks.paranamer.Paranamer is a phantom class!
get type from 'Z'
get type from 'Z'
get type from 'Z'
get type from 'Z'
get type from 'Z'
get type from 'Z'
get type from 'Z'
get type from 'Z'
get type from 'Z'
Warning: org.joda.time.DateMidnight is a phantom class!
Warning: org.joda.time.format.DateTimeFormatter is a phantom class!
Warning: org.joda.time.DateTime is a phantom class!
Warning: org.joda.time.ReadableInstant is a phantom class!
Warning: org.joda.time.LocalDate is a phantom class!
Warning: org.joda.time.LocalDateTime is a phantom class!
Warning: org.joda.time.ReadablePeriod is a phantom class!
Warning: org.joda.time.ReadablePartial is a phantom class!
Warning: org.apache.http.client.methods.HttpRequestBase is a phantom class!
Warning: com.google.ads.AdRequest is a phantom class!
Warning: com.google.ads.AdSize is a phantom class!
Warning: com.google.ads.AdView is a phantom class!
Warning: com.ideaworks3d.marmalade.LoaderActivity is a phantom class!
Warning: com.inmobi.androidsdk.IMAdInterstitial$State is a phantom class!
Warning: com.inmobi.androidsdk.IMAdRequest is a phantom class!
Warning: com.jumptap.adtag.JtAdInterstitial is a phantom class!
Warning: com.jumptap.adtag.JtAdWidgetSettings is a phantom class!
Warning: com.jumptap.adtag.JtAdWidgetSettingsFactory is a phantom class!
Warning: com.jumptap.adtag.utils.JtException is a phantom class!
Warning: com.millennialmedia.android.MMAdView is a phantom class!
Warning: com.millennialmedia.android.MMSDK is a phantom class!
Warning: com.mobclix.android.sdk.MobclixIABRectangleMAdView is a phantom class!
Warning: com.mobclix.android.sdk.MobclixMMABannerXLAdView is a phantom class!
Warning: com.naef.jnlua.JavaFunction is a phantom class!
Warning: com.naef.jnlua.LuaState is a phantom class!
Warning: com.naef.jnlua.LuaType is a phantom class!
Warning: com.naef.jnlua.NamedJavaFunction is a phantom class!
Warning: com.thoughtworks.paranamer.CachingParanamer is a phantom class!
Warning: org.apache.http.HttpEntityEnclosingRequest is a phantom class!
Warning: org.apache.http.HttpVersion is a phantom class!
Warning: org.apache.http.NameValuePair is a phantom class!
Warning: org.apache.http.ProtocolVersion is a phantom class!
Warning: org.apache.http.StatusLine is a phantom class!
Warning: org.apache.http.auth.AuthSchemeRegistry is a phantom class!
Warning: org.apache.http.client.CredentialsProvider is a phantom class!
Warning: org.apache.http.client.entity.UrlEncodedFormEntity is a phantom class!
Warning: org.apache.http.client.methods.HttpDelete is a phantom class!
Warning: org.apache.http.client.methods.HttpPost is a phantom class!
Warning: org.apache.http.client.methods.HttpPut is a phantom class!
Warning: org.apache.http.client.params.HttpClientParams is a phantom class!
Warning: org.apache.http.client.utils.URIUtils is a phantom class!
Warning: org.apache.http.client.utils.URLEncodedUtils is a phantom class!
Warning: org.apache.http.conn.params.ConnRouteParams is a phantom class!
Warning: org.apache.http.conn.scheme.PlainSocketFactory is a phantom class!
Warning: org.apache.http.conn.scheme.Scheme is a phantom class!
Warning: org.apache.http.conn.scheme.SchemeRegistry is a phantom class!
Warning: org.apache.http.cookie.CookieSpecRegistry is a phantom class!
Warning: org.apache.http.entity.ByteArrayEntity is a phantom class!
Warning: org.apache.http.entity.StringEntity is a phantom class!
Warning: org.apache.http.impl.client.RequestWrapper is a phantom class!
Warning: org.apache.http.impl.conn.SingleClientConnManager is a phantom class!
Warning: org.apache.http.impl.conn.tsccm.ThreadSafeClientConnManager is a phantom class!
Warning: org.apache.http.message.BasicHeader is a phantom class!
Warning: org.apache.http.message.BasicNameValuePair is a phantom class!
Warning: org.apache.http.params.BasicHttpParams is a phantom class!
Warning: org.apache.http.params.HttpProtocolParams is a phantom class!
Warning: org.apache.http.protocol.BasicHttpContext is a phantom class!
Warning: org.apache.http.util.EntityUtils is a phantom class!
Warning: org.joda.time.DateMidnight$Property is a phantom class!
Warning: org.joda.time.DateTimeZone is a phantom class!
Warning: org.joda.time.LocalDate$Property is a phantom class!
Warning: org.joda.time.LocalDateTime$Property is a phantom class!
Warning: org.joda.time.Period is a phantom class!
Warning: org.joda.time.ReadableDateTime is a phantom class!
Warning: org.joda.time.format.ISODateTimeFormat is a phantom class!
Warning: org.w3c.dom.bootstrap.DOMImplementationRegistry is a phantom class!
Warning: org.xerial.snappy.Snappy is a phantom class!
No main class given. Inferred 'com.flurry.org.apache.avro.Protocol' as main class.
[Call Graph] For information on where the call graph may be incomplete, use the verbose option to the cg phase.
[Spark] Pointer Assignment Graph in 0.2 seconds.
[Spark] Type masks in 0.0 seconds.
[Spark] Pointer Graph simplified in 0.0 seconds.
[Spark] Propagation in 2.9 seconds.
[Spark] Solution found in 2.9 seconds.
hcai's internal transform
Running static analysis for security-relevant feature characterization
[GatorHierarchy] [32mVERBOSE[0m [HIER] All classes: 3565
[GatorHierarchy] [32mVERBOSE[0m [App: 1964, Lib : 1468, Phantom: 133]
[GatorHierarchy] [32mVERBOSE[0m [HIER] Activities: 13, lib activities: 2
[GatorHierarchy] [32mVERBOSE[0m [HIER] App views: 22, Lib views: 29
[GatorHierarchy] [32mVERBOSE[0m [HIER] App Dialogs: 3, Lib Dialogs: 4
[TIMECOST] [32mVERBOSE[0m buildApplicationCodeMap parsing starting at 1650467724356
[TIMECOST] [32mVERBOSE[0m buildApplicationCodeMap parsing finished at 1650467733085
[Instantiated app classes] [32mVERBOSE[0m total number: 1508
[WARNING] [32mVERBOSE[0m Callback method :onReceive in Class com.mobileapptracker.FacebookReceiver added
[WARNING] [32mVERBOSE[0m Callback method :onNewIntent in Class com.arellomobile.android.push.PushHandlerActivity added
[WARNING] [32mVERBOSE[0m Callback method :onCreate in Class com.arellomobile.android.push.PushHandlerActivity added
[WARNING] [32mVERBOSE[0m Callback method :onWindowFocusChanged in Class com.g5e.KDNativeActivity added
[WARNING] [32mVERBOSE[0m Callback method :addContentView in Class com.g5e.KDActivity added
[WARNING] [32mVERBOSE[0m Callback method :onTrimMemory in Class com.g5e.KDNativeActivity added
[WARNING] [32mVERBOSE[0m Callback method :onBackPressed in Class com.g5e.KDNativeActivity added
[WARNING] [32mVERBOSE[0m Callback method :setContentView in Class com.g5e.KDActivity added
[WARNING] [32mVERBOSE[0m Callback method :onPause in Class com.g5e.KDNativeActivity added
[WARNING] [32mVERBOSE[0m Callback method :onStop in Class com.g5e.KDNativeActivity added
[WARNING] [32mVERBOSE[0m Callback method :onCreate in Class com.g5e.KDActivity added
[WARNING] [32mVERBOSE[0m Callback method :onDestroy in Class com.g5e.KDNativeActivity added
[WARNING] [32mVERBOSE[0m Callback method :onStart in Class com.g5e.KDNativeActivity added
[WARNING] [32mVERBOSE[0m Callback method :onActivityResult in Class com.g5e.KDActivity added
[WARNING] [32mVERBOSE[0m Callback method :onResume in Class com.g5e.KDNativeActivity added
[WARNING] [32mVERBOSE[0m Callback method :onLowMemory in Class com.g5e.KDNativeActivity added
[WARNING] [32mVERBOSE[0m Callback method :onReceive in Class com.arellomobile.android.push.utils.RegisterBroadcastReceiver added
[WARNING] [32mVERBOSE[0m Callback method :onWindowFocusChanged in Class com.flurry.android.FlurryFullscreenTakeoverActivity added
[WARNING] [32mVERBOSE[0m Callback method :onPrepared in Class com.flurry.android.FlurryFullscreenTakeoverActivity added
[WARNING] [32mVERBOSE[0m Callback method :onConfigurationChanged in Class com.flurry.android.FlurryFullscreenTakeoverActivity added
[WARNING] [32mVERBOSE[0m Callback method :onPause in Class com.flurry.android.FlurryFullscreenTakeoverActivity added
[WARNING] [32mVERBOSE[0m Callback method :onStop in Class com.flurry.android.FlurryFullscreenTakeoverActivity added
[WARNING] [32mVERBOSE[0m Callback method :onCreate in Class com.flurry.android.FlurryFullscreenTakeoverActivity added
[WARNING] [32mVERBOSE[0m Callback method :onKeyUp in Class com.flurry.android.FlurryFullscreenTakeoverActivity added
[WARNING] [32mVERBOSE[0m Callback method :onDestroy in Class com.flurry.android.FlurryFullscreenTakeoverActivity added
[WARNING] [32mVERBOSE[0m Callback method :onStart in Class com.flurry.android.FlurryFullscreenTakeoverActivity added
[WARNING] [32mVERBOSE[0m Callback method :onRestart in Class com.flurry.android.FlurryFullscreenTakeoverActivity added
[WARNING] [32mVERBOSE[0m Callback method :onSaveInstanceState in Class com.flurry.android.FlurryFullscreenTakeoverActivity added
[WARNING] [32mVERBOSE[0m Callback method :onResume in Class com.flurry.android.FlurryFullscreenTakeoverActivity added
[WARNING] [32mVERBOSE[0m Callback method :onCompletion in Class com.flurry.android.FlurryFullscreenTakeoverActivity added
[WARNING] [32mVERBOSE[0m Callback method :onError in Class com.flurry.android.FlurryFullscreenTakeoverActivity added
[WARNING] [32mVERBOSE[0m Callback method :onKeyDown in Class net.sourceforge.april.android.Activity added
[WARNING] [32mVERBOSE[0m Callback method :onCreateDialog in Class net.sourceforge.april.android.Activity added
[WARNING] [32mVERBOSE[0m Callback method :onNewIntent in Class com.g5e.rcmlegion.android.full.RedCrowMysteriesLegion added
[WARNING] [32mVERBOSE[0m Callback method :onPause in Class com.g5e.rcmlegion.android.full.RedCrowMysteriesLegion added
[WARNING] [32mVERBOSE[0m Callback method :onStop in Class net.sourceforge.april.android.Activity added
[WARNING] [32mVERBOSE[0m Callback method :onCreate in Class com.g5e.rcmlegion.android.full.RedCrowMysteriesLegion added
[WARNING] [32mVERBOSE[0m Callback method :onCreateDialog in Class net.sourceforge.april.android.Activity added
[WARNING] [32mVERBOSE[0m Callback method :onKeyUp in Class net.sourceforge.april.android.Activity added
[WARNING] [32mVERBOSE[0m Callback method :onDestroy in Class com.cateia.cags.xpromo.android.ActivityG5 added
[WARNING] [32mVERBOSE[0m Callback method :onStart in Class net.sourceforge.april.android.Activity added
[WARNING] [32mVERBOSE[0m Callback method :onRestart in Class net.sourceforge.april.android.Activity added
[WARNING] [32mVERBOSE[0m Callback method :onActivityResult in Class com.g5e.rcmlegion.android.full.RedCrowMysteriesLegion added
[WARNING] [32mVERBOSE[0m Callback method :onResume in Class com.g5e.rcmlegion.android.full.RedCrowMysteriesLegion added
[WARNING] [32mVERBOSE[0m Callback method :onLowMemory in Class net.sourceforge.april.android.Activity added
[WARNING] [32mVERBOSE[0m Callback method :onReceive in Class com.arellomobile.android.push.PackageRemoveReceiver added
[WARNING] [32mVERBOSE[0m Callback method :onKeyDown in Class net.sourceforge.april.android.Activity added
[WARNING] [32mVERBOSE[0m Callback method :onCreateDialog in Class net.sourceforge.april.android.Activity added
[WARNING] [32mVERBOSE[0m Callback method :onPause in Class net.sourceforge.april.android.Activity added
[WARNING] [32mVERBOSE[0m Callback method :onStop in Class net.sourceforge.april.android.Activity added
[WARNING] [32mVERBOSE[0m Callback method :onCreate in Class net.sourceforge.april.android.Activity added
[WARNING] [32mVERBOSE[0m Callback method :onCreateDialog in Class net.sourceforge.april.android.Activity added
[WARNING] [32mVERBOSE[0m Callback method :onKeyUp in Class net.sourceforge.april.android.Activity added
[WARNING] [32mVERBOSE[0m Callback method :onDestroy in Class net.sourceforge.april.android.Activity added
[WARNING] [32mVERBOSE[0m Callback method :onStart in Class net.sourceforge.april.android.Activity added
[WARNING] [32mVERBOSE[0m Callback method :onRestart in Class net.sourceforge.april.android.Activity added
[WARNING] [32mVERBOSE[0m Callback method :onResume in Class net.sourceforge.april.android.Activity added
[WARNING] [32mVERBOSE[0m Callback method :onLowMemory in Class net.sourceforge.april.android.Activity added
[WARNING] [32mVERBOSE[0m Callback method :onBackPressed in Class com.g5e.KDLauncherActivity added
[WARNING] [32mVERBOSE[0m Callback method :onStop in Class com.g5e.KDLauncherActivity added
[WARNING] [32mVERBOSE[0m Callback method :onCreate in Class com.g5e.KDLauncherActivity added
[WARNING] [32mVERBOSE[0m Callback method :onDestroy in Class com.g5e.KDLauncherActivity added
[WARNING] [32mVERBOSE[0m Callback method :onResume in Class com.g5e.KDLauncherActivity added
[WARNING] [32mVERBOSE[0m Callback method :onTransact in Class com.android.vending.billing.IMarketBillingService$Stub added
[WARNING] [32mVERBOSE[0m Callback method :asBinder in Class com.android.vending.billing.IMarketBillingService$Stub added
[WARNING] [32mVERBOSE[0m Callback method :onBind in Class com.android.vending.expansion.downloader.impl.DownloaderService added
[WARNING] [32mVERBOSE[0m Callback method :onDestroy in Class com.android.vending.expansion.downloader.impl.DownloaderService added
[WARNING] [32mVERBOSE[0m Callback method :onCreate in Class com.android.vending.expansion.downloader.impl.DownloaderService added
[WARNING] [32mVERBOSE[0m Callback method :onStartCommand in Class com.android.vending.expansion.downloader.impl.CustomIntentService added
[WARNING] [32mVERBOSE[0m Callback method :onStart in Class com.android.vending.expansion.downloader.impl.CustomIntentService added
[WARNING] [32mVERBOSE[0m Callback method :onReceive in Class com.arellomobile.android.push.BasePushMessageReceiver added
[WARNING] [32mVERBOSE[0m Callback method :onReceive in Class com.amazon.inapp.purchasing.ResponseReceiver added
[WARNING] [32mVERBOSE[0m Callback method :onTransact in Class com.android.vending.licensing.ILicenseResultListener$Stub added
[WARNING] [32mVERBOSE[0m Callback method :asBinder in Class com.android.vending.licensing.ILicenseResultListener$Stub added
[WARNING] [32mVERBOSE[0m Callback method :onDestroy in Class com.fortumo.android.PaymentActivity added
[WARNING] [32mVERBOSE[0m Callback method :onActivityResult in Class com.fortumo.android.PaymentActivity added
[WARNING] [32mVERBOSE[0m Callback method :addContentView in Class com.g5e.KDActivity added
[WARNING] [32mVERBOSE[0m Callback method :setContentView in Class com.g5e.KDActivity added
[WARNING] [32mVERBOSE[0m Callback method :onCreate in Class com.g5e.KDActivity added
[WARNING] [32mVERBOSE[0m Callback method :onDestroy in Class com.g5e.KDActivity added
[WARNING] [32mVERBOSE[0m Callback method :onActivityResult in Class com.g5e.KDActivity added
[WARNING] [32mVERBOSE[0m Callback method :loadUrl in Class com.g5e.KDWebView added
[WARNING] [32mVERBOSE[0m Callback method :destroy in Class com.g5e.KDWebView added
[WARNING] [32mVERBOSE[0m Callback method :onDraw in Class com.g5e.KDWebView added
[WARNING] [32mVERBOSE[0m Callback method :getType in Class com.mobileapptracker.MATProvider added
[WARNING] [32mVERBOSE[0m Callback method :onCreate in Class com.mobileapptracker.MATProvider added
[WARNING] [32mVERBOSE[0m Callback method :query in Class com.mobileapptracker.MATProvider added
[WARNING] [32mVERBOSE[0m Callback method :update in Class com.mobileapptracker.MATProvider added
[WARNING] [32mVERBOSE[0m Callback method :insert in Class com.mobileapptracker.MATProvider added
[WARNING] [32mVERBOSE[0m Callback method :delete in Class com.mobileapptracker.MATProvider added
[WARNING] [32mVERBOSE[0m Callback method :onKeyDown in Class com.fortumo.android.FortumoActivity added
[WARNING] [32mVERBOSE[0m Callback method :onCreateDialog in Class com.fortumo.android.FortumoActivity added
[WARNING] [32mVERBOSE[0m Callback method :onPrepareDialog in Class com.fortumo.android.FortumoActivity added
[WARNING] [32mVERBOSE[0m Callback method :onConfigurationChanged in Class com.fortumo.android.FortumoActivity added
[WARNING] [32mVERBOSE[0m Callback method :finish in Class com.fortumo.android.FortumoActivity added
[WARNING] [32mVERBOSE[0m Callback method :onRetainNonConfigurationInstance in Class com.fortumo.android.FortumoActivity added
[WARNING] [32mVERBOSE[0m Callback method :onSearchRequested in Class com.fortumo.android.FortumoActivity added
[WARNING] [32mVERBOSE[0m Callback method :onPause in Class com.fortumo.android.FortumoActivity added
[WARNING] [32mVERBOSE[0m Callback method :onStop in Class com.fortumo.android.FortumoActivity added
[WARNING] [32mVERBOSE[0m Callback method :onCreate in Class com.fortumo.android.FortumoActivity added
[WARNING] [32mVERBOSE[0m Callback method :onDestroy in Class com.fortumo.android.FortumoActivity added
[WARNING] [32mVERBOSE[0m Callback method :onStart in Class com.fortumo.android.FortumoActivity added
[WARNING] [32mVERBOSE[0m Callback method :onRestart in Class com.fortumo.android.FortumoActivity added
[WARNING] [32mVERBOSE[0m Callback method :onSaveInstanceState in Class com.fortumo.android.FortumoActivity added
[WARNING] [32mVERBOSE[0m Callback method :onResume in Class com.fortumo.android.FortumoActivity added
[WARNING] [32mVERBOSE[0m Callback method :onCreate in Class com.g5e.KDBaseActivity added
[WARNING] [32mVERBOSE[0m Callback method :onDestroy in Class com.g5e.KDBaseActivity added
[WARNING] [32mVERBOSE[0m Callback method :onBind in Class com.arellomobile.android.push.GeoLocationService added
[WARNING] [32mVERBOSE[0m Callback method :onDestroy in Class com.arellomobile.android.push.GeoLocationService added
[WARNING] [32mVERBOSE[0m Callback method :onStartCommand in Class com.arellomobile.android.push.GeoLocationService added
[WARNING] [32mVERBOSE[0m Callback method :onCreate in Class com.arellomobile.android.push.MessageActivity added
[WARNING] [32mVERBOSE[0m Callback method :onCreate in Class com.arellomobile.android.push.PushWebview added
[WARNING] [32mVERBOSE[0m Callback method :onHandleIntent in Class com.google.android.gcm.GCMBaseIntentService added
[WARNING] [32mVERBOSE[0m Callback method :onReceive in Class com.fiksu.asotracking.InstallTracking added
[WARNING] [32mVERBOSE[0m Callback method :onPreExecute in Class com.arellomobile.android.push.tags.SendPushTagsAbstractAsyncTask added
[WARNING] [32mVERBOSE[0m Callback method :doInBackground in Class com.arellomobile.android.push.tags.SendPushTagsAbstractAsyncTask added
[WARNING] [32mVERBOSE[0m Callback method :onPostExecute in Class com.arellomobile.android.push.tags.SendPushTagsAbstractAsyncTask added
[WARNING] [32mVERBOSE[0m Callback method :onBind in Class com.fortumo.android.FortumoService added
[WARNING] [32mVERBOSE[0m Callback method :onDestroy in Class com.fortumo.android.FortumoService added
[WARNING] [32mVERBOSE[0m Callback method :onCreate in Class com.fortumo.android.FortumoService added
[WARNING] [32mVERBOSE[0m Callback method :onStartCommand in Class com.fortumo.android.FortumoService added
[WARNING] [32mVERBOSE[0m Callback method :onStart in Class com.fortumo.android.FortumoService added
[WARNING] [32mVERBOSE[0m Callback method :onBind in Class com.android.vending.expansion.downloader.impl.DownloaderService added
[WARNING] [32mVERBOSE[0m Callback method :onDestroy in Class com.android.vending.expansion.downloader.impl.DownloaderService added
[WARNING] [32mVERBOSE[0m Callback method :onCreate in Class com.android.vending.expansion.downloader.impl.DownloaderService added
[WARNING] [32mVERBOSE[0m Callback method :onStartCommand in Class com.android.vending.expansion.downloader.impl.CustomIntentService added
[WARNING] [32mVERBOSE[0m Callback method :onStart in Class com.android.vending.expansion.downloader.impl.CustomIntentService added
[WARNING] [32mVERBOSE[0m Callback method :onHandleIntent in Class com.google.android.gcm.GCMBaseIntentService added
[WARNING] [32mVERBOSE[0m Callback method :onReceive in Class com.g5e.KDDownloadReceiver added
[WARNING] [32mVERBOSE[0m Callback method :onTransact in Class com.android.vending.licensing.ILicensingService$Stub added
[WARNING] [32mVERBOSE[0m Callback method :asBinder in Class com.android.vending.licensing.ILicensingService$Stub added
[WARNING] [32mVERBOSE[0m Callback method :onHandleIntent in Class com.fortumo.android.StatusUpdateService added
[WARNING] [32mVERBOSE[0m Callback method :isPlaying in Class com.g5e.KDVideoView added
[WARNING] [32mVERBOSE[0m Callback method :canSeekBackward in Class com.g5e.KDVideoView added
[WARNING] [32mVERBOSE[0m Callback method :start in Class com.g5e.KDVideoView added
[WARNING] [32mVERBOSE[0m Callback method :onTrackballEvent in Class com.g5e.KDVideoView added
[WARNING] [32mVERBOSE[0m Callback method :canSeekForward in Class com.g5e.KDVideoView added
[WARNING] [32mVERBOSE[0m Callback method :onMeasure in Class com.g5e.KDVideoView added
[WARNING] [32mVERBOSE[0m Callback method :onKeyDown in Class com.g5e.KDVideoView added
[WARNING] [32mVERBOSE[0m Callback method :getBufferPercentage in Class com.g5e.KDVideoView added
[WARNING] [32mVERBOSE[0m Callback method :pause in Class com.g5e.KDVideoView added
[WARNING] [32mVERBOSE[0m Callback method :onTouchEvent in Class com.g5e.KDVideoView added
[WARNING] [32mVERBOSE[0m Callback method :getDuration in Class com.g5e.KDVideoView added
[WARNING] [32mVERBOSE[0m Callback method :getCurrentPosition in Class com.g5e.KDVideoView added
[WARNING] [32mVERBOSE[0m Callback method :canPause in Class com.g5e.KDVideoView added
[WARNING] [32mVERBOSE[0m Callback method :seekTo in Class com.g5e.KDVideoView added
[WARNING] [32mVERBOSE[0m Callback method :doInBackground in Class com.arellomobile.android.push.utils.WorkerTask added
[WARNING] [32mVERBOSE[0m Callback method :onReceive in Class com.g5e.KDNativeNotification$AlarmReceiver added
[WARNING] [32mVERBOSE[0m Callback method :onKeyDown in Class net.sourceforge.april.android.Activity added
[WARNING] [32mVERBOSE[0m Callback method :onCreateDialog in Class net.sourceforge.april.android.Activity added
[WARNING] [32mVERBOSE[0m Callback method :onPause in Class net.sourceforge.april.android.Activity added
[WARNING] [32mVERBOSE[0m Callback method :onStop in Class net.sourceforge.april.android.Activity added
[WARNING] [32mVERBOSE[0m Callback method :onCreate in Class com.cateia.cags.xpromo.android.ActivityG5 added
[WARNING] [32mVERBOSE[0m Callback method :onCreateDialog in Class net.sourceforge.april.android.Activity added
[WARNING] [32mVERBOSE[0m Callback method :onKeyUp in Class net.sourceforge.april.android.Activity added
[WARNING] [32mVERBOSE[0m Callback method :onDestroy in Class com.cateia.cags.xpromo.android.ActivityG5 added
[WARNING] [32mVERBOSE[0m Callback method :onStart in Class net.sourceforge.april.android.Activity added
[WARNING] [32mVERBOSE[0m Callback method :onRestart in Class net.sourceforge.april.android.Activity added
[WARNING] [32mVERBOSE[0m Callback method :onResume in Class com.cateia.cags.xpromo.android.ActivityG5 added
[WARNING] [32mVERBOSE[0m Callback method :onLowMemory in Class net.sourceforge.april.android.Activity added
[WARNING] [32mVERBOSE[0m Callback method :onReceive in Class com.mobileapptracker.Tracker added
[WARNING] [32mVERBOSE[0m Callback method :onReceive in Class com.arellomobile.android.push.AlarmReceiver added
[WARNING] [32mVERBOSE[0m Callback method :onBind in Class com.android.vending.expansion.downloader.impl.CustomIntentService added
[WARNING] [32mVERBOSE[0m Callback method :onDestroy in Class com.android.vending.expansion.downloader.impl.CustomIntentService added
[WARNING] [32mVERBOSE[0m Callback method :onCreate in Class com.android.vending.expansion.downloader.impl.CustomIntentService added
[WARNING] [32mVERBOSE[0m Callback method :onStartCommand in Class com.android.vending.expansion.downloader.impl.CustomIntentService added
[WARNING] [32mVERBOSE[0m Callback method :onStart in Class com.android.vending.expansion.downloader.impl.CustomIntentService added
[WARNING] [32mVERBOSE[0m Callback method :onReceive in Class com.flurry.android.InstallReceiver added
[WARNING] [32mVERBOSE[0m Callback method :onReceive in Class com.fortumo.android.BillingSMSReceiver added
0 ICC links found and 0 cg edges added due to ICC links
dynamic conflated call graph: 259 methods; 259 nodes; 304 edges.
maxpossibleFlows=4
maxpossibleFlows=4
maxpossibleFlows=4
maxpossibleFlows=4
maxpossibleFlows=4
maxpossibleFlows=4
maxpossibleFlows=4
maxpossibleFlows=4
maxpossibleFlows=4
maxpossibleFlows=4
maxpossibleFlows=4
4 taint flow paths FOUND from <java.lang.String: java.lang.String trim()> to <android.util.Log: int i(java.lang.String,java.lang.String)>
maxpossibleFlows=2
maxpossibleFlows=2
maxpossibleFlows=4
maxpossibleFlows=4
maxpossibleFlows=4
maxpossibleFlows=4
4 taint flow paths FOUND from <android.content.Intent: java.lang.String getAction()> to <android.content.Intent: android.content.Intent setAction(java.lang.String)>
maxpossibleFlows=6
6 taint flow paths FOUND from <java.lang.StringBuilder: java.lang.String toString()> to <android.app.NotificationManager: void notify(int,android.app.Notification)>
maxpossibleFlows=4
maxpossibleFlows=4
maxpossibleFlows=4
maxpossibleFlows=4
maxpossibleFlows=4
4 taint flow paths FOUND from <android.app.Activity: int getRequestedOrientation()> to <android.app.Activity: void setContentView(android.view.View)>
maxpossibleFlows=4
maxpossibleFlows=4
maxpossibleFlows=4
maxpossibleFlows=4
3 taint flow paths FOUND from <android.content.Intent: java.util.Set getCategories()> to <android.content.Intent: android.content.Intent setAction(java.lang.String)>
maxpossibleFlows=4
maxpossibleFlows=4
maxpossibleFlows=4
maxpossibleFlows=4
4 taint flow paths FOUND from <android.app.Activity: android.content.Intent getIntent()> to <android.content.Intent: android.content.Intent setAction(java.lang.String)>
maxpossibleFlows=6
maxpossibleFlows=7
maxpossibleFlows=4
maxpossibleFlows=4
maxpossibleFlows=4
maxpossibleFlows=4
maxpossibleFlows=4
maxpossibleFlows=4
maxpossibleFlows=4
maxpossibleFlows=4
maxpossibleFlows=4
maxpossibleFlows=4
maxpossibleFlows=4
maxpossibleFlows=4
maxpossibleFlows=4
maxpossibleFlows=4
maxpossibleFlows=4
maxpossibleFlows=4
maxpossibleFlows=4
maxpossibleFlows=4
maxpossibleFlows=4
maxpossibleFlows=4
maxpossibleFlows=4
maxpossibleFlows=4
maxpossibleFlows=4
maxpossibleFlows=4
maxpossibleFlows=4
maxpossibleFlows=4
maxpossibleFlows=4
maxpossibleFlows=4
maxpossibleFlows=4
maxpossibleFlows=4
maxpossibleFlows=4
maxpossibleFlows=4
maxpossibleFlows=4
maxpossibleFlows=6
6 taint flow paths FOUND from <android.content.Context: java.lang.String getString(int)> to <android.app.NotificationManager: void notify(int,android.app.Notification)>
maxpossibleFlows=4
maxpossibleFlows=4
3 taint flow paths FOUND from <android.app.AlertDialog$Builder: android.app.AlertDialog create()> to <android.widget.TextView: void setTextColor(int)>
maxpossibleFlows=4
maxpossibleFlows=4
maxpossibleFlows=4
maxpossibleFlows=4
maxpossibleFlows=4
4 taint flow paths FOUND from <android.app.Activity: android.view.Window getWindow()> to <android.app.Activity: void setContentView(android.view.View)>
maxpossibleFlows=4
maxpossibleFlows=4
maxpossibleFlows=4
maxpossibleFlows=4
maxpossibleFlows=4
maxpossibleFlows=4
maxpossibleFlows=4
maxpossibleFlows=4
maxpossibleFlows=4
maxpossibleFlows=4
maxpossibleFlows=4
maxpossibleFlows=4
maxpossibleFlows=4
maxpossibleFlows=4
maxpossibleFlows=4
maxpossibleFlows=4
maxpossibleFlows=4
maxpossibleFlows=4
maxpossibleFlows=4
maxpossibleFlows=4
maxpossibleFlows=4
maxpossibleFlows=4
maxpossibleFlows=6
6 taint flow paths FOUND from <java.lang.StringBuilder: java.lang.String toString()> to <android.app.NotificationManager: void notify(int,android.app.Notification)>
maxpossibleFlows=4
maxpossibleFlows=4
maxpossibleFlows=4
maxpossibleFlows=4
maxpossibleFlows=4
maxpossibleFlows=4
maxpossibleFlows=4
maxpossibleFlows=4
maxpossibleFlows=4
maxpossibleFlows=4
maxpossibleFlows=4
maxpossibleFlows=4
maxpossibleFlows=4
maxpossibleFlows=4
maxpossibleFlows=4
maxpossibleFlows=4
maxpossibleFlows=4
maxpossibleFlows=4
maxpossibleFlows=4
maxpossibleFlows=4
maxpossibleFlows=4
maxpossibleFlows=4
maxpossibleFlows=4
maxpossibleFlows=4
3 taint flow paths FOUND from <android.content.Context: java.lang.String getString(int)> to <android.widget.TextView: void setTextColor(int)>
maxpossibleFlows=4
maxpossibleFlows=4
maxpossibleFlows=4
maxpossibleFlows=4
maxpossibleFlows=4
maxpossibleFlows=4
maxpossibleFlows=4
maxpossibleFlows=4
maxpossibleFlows=4
maxpossibleFlows=8
7 taint flow paths FOUND from <android.content.Context: java.lang.String getString(int)> to <android.app.Dialog: void setCanceledOnTouchOutside(boolean)>
maxpossibleFlows=6
maxpossibleFlows=4
maxpossibleFlows=4
4 taint flow paths FOUND from <android.content.Intent: java.lang.String getAction()> to <android.content.Intent: android.content.Intent setAction(java.lang.String)>
maxpossibleFlows=4
maxpossibleFlows=4
maxpossibleFlows=4
maxpossibleFlows=4
4 taint flow paths FOUND from <android.app.Activity: int getRequestedOrientation()> to <android.app.Activity: void setContentView(android.view.View)>
maxpossibleFlows=4
maxpossibleFlows=4
maxpossibleFlows=4
maxpossibleFlows=4
maxpossibleFlows=4
maxpossibleFlows=4
maxpossibleFlows=4
maxpossibleFlows=4
maxpossibleFlows=4
maxpossibleFlows=4
3 taint flow paths FOUND from <android.content.Context: java.lang.String getString(int)> to <android.widget.TextView: void setShadowLayer(float,float,float,int)>
maxpossibleFlows=4
maxpossibleFlows=4
maxpossibleFlows=4
maxpossibleFlows=4
maxpossibleFlows=4
maxpossibleFlows=4
maxpossibleFlows=4
maxpossibleFlows=4
maxpossibleFlows=4
maxpossibleFlows=4
3 taint flow paths FOUND from <android.content.Context: java.lang.String getString(int)> to <android.view.View: void setBackgroundColor(int)>
maxpossibleFlows=2
maxpossibleFlows=2
maxpossibleFlows=4
maxpossibleFlows=4
maxpossibleFlows=4
maxpossibleFlows=4
maxpossibleFlows=4
maxpossibleFlows=4
maxpossibleFlows=4
maxpossibleFlows=4
maxpossibleFlows=4
maxpossibleFlows=12
12 taint flow paths FOUND from <android.content.Context: java.lang.String getString(int)> to <android.app.AlertDialog: void setButton(int,java.lang.CharSequence,android.content.DialogInterface$OnClickListener)>
maxpossibleFlows=4
maxpossibleFlows=4
maxpossibleFlows=4
maxpossibleFlows=4
4 taint flow paths FOUND from <android.app.Activity: int getRequestedOrientation()> to <android.app.Activity: void setRequestedOrientation(int)>
maxpossibleFlows=4
maxpossibleFlows=4
maxpossibleFlows=4
maxpossibleFlows=4
maxpossibleFlows=4
maxpossibleFlows=4
maxpossibleFlows=4
maxpossibleFlows=4
maxpossibleFlows=4
maxpossibleFlows=4
4 taint flow paths FOUND from <android.content.Context: java.lang.String getString(int)> to <android.app.AlertDialog: void setMessage(java.lang.CharSequence)>
maxpossibleFlows=4
4 taint flow paths FOUND from <java.lang.String: java.lang.String trim()> to <android.util.Log: int i(java.lang.String,java.lang.String)>
[WARNING] [32mVERBOSE[0m Callback method :<init> in Class com.flurry.android.FlurryFullscreenTakeoverActivity
[WARNING] [32mVERBOSE[0m Callback method :onCompletion in Class com.flurry.android.FlurryFullscreenTakeoverActivity
[WARNING] [32mVERBOSE[0m Callback method :onConfigurationChanged in Class com.flurry.android.FlurryFullscreenTakeoverActivity
[WARNING] [32mVERBOSE[0m Callback method :onCreate in Class com.flurry.android.FlurryFullscreenTakeoverActivity
[WARNING] [32mVERBOSE[0m Callback method :onDestroy in Class com.flurry.android.FlurryFullscreenTakeoverActivity
[WARNING] [32mVERBOSE[0m Callback method :onError in Class com.flurry.android.FlurryFullscreenTakeoverActivity
[WARNING] [32mVERBOSE[0m Callback method :onKeyUp in Class com.flurry.android.FlurryFullscreenTakeoverActivity
[WARNING] [32mVERBOSE[0m Callback method :onPause in Class com.flurry.android.FlurryFullscreenTakeoverActivity
[WARNING] [32mVERBOSE[0m Callback method :onPrepared in Class com.flurry.android.FlurryFullscreenTakeoverActivity
[WARNING] [32mVERBOSE[0m Callback method :onRestart in Class com.flurry.android.FlurryFullscreenTakeoverActivity
[WARNING] [32mVERBOSE[0m Callback method :onResume in Class com.flurry.android.FlurryFullscreenTakeoverActivity
[WARNING] [32mVERBOSE[0m Callback method :onSaveInstanceState in Class com.flurry.android.FlurryFullscreenTakeoverActivity
[WARNING] [32mVERBOSE[0m Callback method :onStart in Class com.flurry.android.FlurryFullscreenTakeoverActivity
[WARNING] [32mVERBOSE[0m Callback method :onStop in Class com.flurry.android.FlurryFullscreenTakeoverActivity
[WARNING] [32mVERBOSE[0m Callback method :onWindowFocusChanged in Class com.flurry.android.FlurryFullscreenTakeoverActivity
Result for benign-app-44-69AA48CAA0D324455E0F3B8F98686386639445BA2F947211AA73B25244044F65.apkcom.g5e.rcmlegion.android.full