DUA-Forensics args to Soot: -w -cp /home/hcosta/bench/benchmark/libs/droidfax.jar:/home/hcosta/Android/Sdk/platforms/android-28/android.jar -p cg verbose:false,implicit-entry:true -p cg.spark verbose:false,on-fly-cg:true,rta:false -d /home/hcosta/bench/benchmark/trace/180/6/droidbot/benign-app-52-7D6764449ED1A4CD16BA02D1C889E30491BD71DB99CB92EC20CFD7E622011B55.apk.logcat -process-dir /home/hcosta/bench/benchmark/data/input/benign-app-52-7D6764449ED1A4CD16BA02D1C889E30491BD71DB99CB92EC20CFD7E622011B55.apk 
Soot started on Fri Apr 22 08:58:49 CEST 2022
Warning: com.ironsource.mobilcore.BaseFlowBasedAdUnit is a phantom class!
Warning: java.lang.invoke.LambdaMetafactory is a phantom class!
Warning: java.lang.ref.Finalizer is a phantom class!
Warning: org.apache.http.impl.client.AbstractHttpClient is a phantom class!
Warning: org.apache.http.impl.client.DefaultRedirectHandler is a phantom class!
Warning: org.apache.http.HttpResponse is a phantom class!
Warning: org.apache.http.protocol.HttpContext is a phantom class!
Warning: org.apache.http.HttpRequestInterceptor is a phantom class!
Warning: org.apache.http.HttpRequest is a phantom class!
Warning: org.apache.http.conn.scheme.Scheme is a phantom class!
Warning: org.apache.http.HttpEntity is a phantom class!
Warning: org.apache.http.client.ResponseHandler is a phantom class!
Warning: org.apache.http.Header is a phantom class!
Warning: org.apache.http.HttpHost is a phantom class!
Warning: org.apache.http.NameValuePair is a phantom class!
Warning: org.apache.http.ParseException is a phantom class!
Warning: org.apache.http.StatusLine is a phantom class!
Warning: org.apache.http.auth.AuthScheme is a phantom class!
Warning: org.apache.http.auth.AuthScope is a phantom class!
Warning: org.apache.http.auth.AuthState is a phantom class!
Warning: org.apache.http.auth.Credentials is a phantom class!
Warning: org.apache.http.auth.UsernamePasswordCredentials is a phantom class!
Warning: org.apache.http.client.ClientProtocolException is a phantom class!
Warning: org.apache.http.client.CredentialsProvider is a phantom class!
Warning: org.apache.http.client.HttpClient is a phantom class!
Warning: org.apache.http.client.RedirectHandler is a phantom class!
Warning: org.apache.http.client.methods.HttpGet is a phantom class!
Warning: org.apache.http.client.methods.HttpPost is a phantom class!
Warning: org.apache.http.client.methods.HttpUriRequest is a phantom class!
Warning: org.apache.http.conn.ClientConnectionManager is a phantom class!
Warning: org.apache.http.conn.scheme.SchemeRegistry is a phantom class!
Warning: org.apache.http.entity.StringEntity is a phantom class!
Warning: org.apache.http.impl.auth.BasicScheme is a phantom class!
Warning: org.apache.http.impl.client.DefaultHttpClient is a phantom class!
Warning: org.apache.http.message.BasicHeader is a phantom class!
Warning: org.apache.http.message.BasicNameValuePair is a phantom class!
Warning: org.apache.http.util.EntityUtils is a phantom class!
[Call Graph] For information on where the call graph may be incomplete, use the verbose option to the cg phase.
[Spark] Pointer Assignment Graph in 0.0 seconds.
[Spark] Type masks in 0.0 seconds.
[Spark] Pointer Graph simplified in 0.0 seconds.
[Spark] Propagation in 0.0 seconds.
[Spark] Solution found in 0.0 seconds.
hcai's internal transform
Running static analysis for method/class coverage characterization
0 ICC links found and 0 cg edges added due to ICC links
dynamic conflated call graph: 375 methods; 375 nodes; 545 edges.
feature-vector-key = benign-app-52-7D6764449ED1A4CD16BA02D1C889E30491BD71DB99CB92EC20CFD7E622011B55.apk
Result for benign-app-52-7D6764449ED1A4CD16BA02D1C889E30491BD71DB99CB92EC20CFD7E622011B55.apkltd.pte.wavea.mathematicianschamber