DUA-Forensics args to Soot: -w -cp /home/handrick/Documents/UNB/benchmark/libs/droidfax.jar:/home/handrick/Android/Sdk/platforms/android-19/android.jar -p cg verbose:false,implicit-entry:true -p cg.spark verbose:false,on-fly-cg:true,rta:false -d /home/handrick/Documents/UNB/benchmark/trace/180/3/droidbot/benign-app-91-CC77DBBE6A567F682FD5307D8E74B4EB7E028A83B82C6A1E38079DEA76CF1AC7.apk.logcat -process-dir /home/handrick/Documents/UNB/benchmark/data/input/benign-app-91-CC77DBBE6A567F682FD5307D8E74B4EB7E028A83B82C6A1E38079DEA76CF1AC7.apk 
Soot started on Sat Apr 16 00:45:23 CEST 2022
Warning: com.ironsource.mobilcore.BaseFlowBasedAdUnit is a phantom class!
Warning: java.lang.invoke.LambdaMetafactory is a phantom class!
Warning: java.lang.ref.Finalizer is a phantom class!
get type from 'I'
get type from 'I'
get type from 'Z'
get type from 'Z'
[Call Graph] For information on where the call graph may be incomplete, use the verbose option to the cg phase.
[Spark] Pointer Assignment Graph in 0.0 seconds.
[Spark] Type masks in 0.0 seconds.
[Spark] Pointer Graph simplified in 0.0 seconds.
[Spark] Propagation in 0.0 seconds.
[Spark] Solution found in 0.0 seconds.
hcai's internal transform
Running static analysis for method/class coverage characterization
2 ICC links found and 1 cg edges added due to ICC links
dynamic conflated call graph: 110 methods; 110 nodes; 127 edges.
feature-vector-key = benign-app-91-CC77DBBE6A567F682FD5307D8E74B4EB7E028A83B82C6A1E38079DEA76CF1AC7.apk
Result for benign-app-91-CC77DBBE6A567F682FD5307D8E74B4EB7E028A83B82C6A1E38079DEA76CF1AC7.apkcom.asksven.betterwifionoff