DUA-Forensics args to Soot: -w -cp /home/handrick/Documents/UNB/benchmark/libs/droidfax.jar:/home/handrick/Android/Sdk/platforms/android-19/android.jar -p cg verbose:false,implicit-entry:true -p cg.spark verbose:false,on-fly-cg:true,rta:false -d /home/handrick/Documents/UNB/benchmark/trace/180/1/droidbot/malicious-app-67-D40C209A276F2ED51B08C066A9AEF98A2BE2C1E752FF36996015DB8E24A0D9F6.apk.logcat -process-dir /home/handrick/Documents/UNB/benchmark/data/input/malicious-app-67-D40C209A276F2ED51B08C066A9AEF98A2BE2C1E752FF36996015DB8E24A0D9F6.apk 
Soot started on Fri Apr 15 01:14:50 CEST 2022
Warning: com.ironsource.mobilcore.BaseFlowBasedAdUnit is a phantom class!
Warning: java.lang.invoke.LambdaMetafactory is a phantom class!
Warning: java.lang.ref.Finalizer is a phantom class!
get type from 'Z'
get type from 'Z'
get type from 'Z'
get type from 'Z'
Warning: org.springframework.http.converter.AbstractHttpMessageConverter is a phantom class!
Warning: org.springframework.http.HttpInputMessage is a phantom class!
Warning: org.springframework.http.converter.HttpMessageNotReadableException is a phantom class!
Warning: org.springframework.http.HttpOutputMessage is a phantom class!
Warning: org.springframework.http.converter.HttpMessageNotWritableException is a phantom class!
Warning: org.springframework.web.servlet.view.AbstractView is a phantom class!
Warning: javax.servlet.http.HttpServletRequest is a phantom class!
Warning: javax.servlet.http.HttpServletResponse is a phantom class!
Warning: java.awt.Color is a phantom class!
Warning: java.awt.Font is a phantom class!
Warning: java.awt.Point is a phantom class!
Warning: java.awt.Rectangle is a phantom class!
Warning: javax.servlet.ServletOutputStream is a phantom class!
Warning: org.springframework.util.CollectionUtils is a phantom class!
Warning: org.springframework.validation.BindingResult is a phantom class!
[Call Graph] For information on where the call graph may be incomplete, use the verbose option to the cg phase.
[Spark] Pointer Assignment Graph in 0.0 seconds.
[Spark] Type masks in 0.0 seconds.
[Spark] Pointer Graph simplified in 0.0 seconds.
[Spark] Propagation in 0.0 seconds.
[Spark] Solution found in 0.0 seconds.
hcai's internal transform
Running static analysis for security-relevant feature characterization
[GatorHierarchy] [32mVERBOSE[0m [HIER] All classes: 2502
[GatorHierarchy] [32mVERBOSE[0m [App: 1319, Lib : 1165, Phantom: 18]
[GatorHierarchy] [32mVERBOSE[0m [HIER] Activities: 43, lib activities: 1
[GatorHierarchy] [32mVERBOSE[0m [HIER] App views: 34, Lib views: 27
[GatorHierarchy] [32mVERBOSE[0m [HIER] App Dialogs: 0, Lib Dialogs: 4
[TIMECOST] [32mVERBOSE[0m buildApplicationCodeMap parsing starting at 1649978092591
second round from stmt: $u3 = $u6#9[$u4#4]
array element type: (filled narr)int
array element type: (filled narr)int
second round from stmt: $u9#13 = $u0[$u2#9]
[TIMECOST] [32mVERBOSE[0m buildApplicationCodeMap parsing finished at 1649978104016
[Instantiated app classes] [32mVERBOSE[0m total number: 986
[WARNING] [32mVERBOSE[0m Callback method :onLowMemory in Class android.support.v4.app.Fragment added
[WARNING] [32mVERBOSE[0m Callback method :onCreateContextMenu in Class android.support.v4.app.Fragment added
[WARNING] [32mVERBOSE[0m Callback method :onConfigurationChanged in Class android.support.v4.app.Fragment added
[WARNING] [32mVERBOSE[0m Callback method :onCreate in Class com.chinat2t.tcp001.BaseActivity added
[WARNING] [32mVERBOSE[0m Callback method :onClick in Class com.chinat2t.tcp001.BaseActivity added
[WARNING] [32mVERBOSE[0m Callback method :onRestoreInstanceState in Class android.support.v4.app.FragmentTabHost added
[WARNING] [32mVERBOSE[0m Callback method :onTabChanged in Class android.support.v4.app.FragmentTabHost added
[WARNING] [32mVERBOSE[0m Callback method :setOnTabChangedListener in Class android.support.v4.app.FragmentTabHost added
[WARNING] [32mVERBOSE[0m Callback method :onSaveInstanceState in Class android.support.v4.app.FragmentTabHost added
[WARNING] [32mVERBOSE[0m Callback method :onDetachedFromWindow in Class android.support.v4.app.FragmentTabHost added
[WARNING] [32mVERBOSE[0m Callback method :onAttachedToWindow in Class android.support.v4.app.FragmentTabHost added
[WARNING] [32mVERBOSE[0m Callback method :setup in Class android.support.v4.app.FragmentTabHost added
[WARNING] [32mVERBOSE[0m Callback method :onCreate in Class com.chinat2t.tcp001.BaseActivity added
[WARNING] [32mVERBOSE[0m Callback method :onClick in Class com.chinat2t.tcp001.BaseActivity added
[WARNING] [32mVERBOSE[0m Callback method :onResume in Class com.chinat2t.tcp001.activity.ChangeUserNameActivity added
[WARNING] [32mVERBOSE[0m Callback method :onCreate in Class com.chinat2t.tcp001.BaseActivity added
[WARNING] [32mVERBOSE[0m Callback method :onClick in Class com.chinat2t.tcp001.BaseActivity added
[WARNING] [32mVERBOSE[0m Callback method :onCreate in Class com.chinat2t.tcp001.BaseActivity added
[WARNING] [32mVERBOSE[0m Callback method :onClick in Class com.chinat2t.tcp001.BaseActivity added
[WARNING] [32mVERBOSE[0m Callback method :onCreate in Class com.chinat2t.tcp001.BaseActivity added
[WARNING] [32mVERBOSE[0m Callback method :onClick in Class com.chinat2t.tcp001.BaseActivity added
[WARNING] [32mVERBOSE[0m Callback method :onCreate in Class com.chinat2t.tcp001.BaseActivity added
[WARNING] [32mVERBOSE[0m Callback method :onClick in Class com.chinat2t.tcp001.activity.ForgetpasswordActivity added
[WARNING] [32mVERBOSE[0m Callback method :onMeasure in Class android.support.v4.view.PagerTitleStrip added
[WARNING] [32mVERBOSE[0m Callback method :requestLayout in Class android.support.v4.view.PagerTitleStrip added
[WARNING] [32mVERBOSE[0m Callback method :onLayout in Class android.support.v4.view.PagerTitleStrip added
[WARNING] [32mVERBOSE[0m Callback method :setBackgroundColor in Class android.support.v4.view.PagerTabStrip added
[WARNING] [32mVERBOSE[0m Callback method :onTouchEvent in Class android.support.v4.view.PagerTabStrip added
[WARNING] [32mVERBOSE[0m Callback method :onDetachedFromWindow in Class android.support.v4.view.PagerTitleStrip added
[WARNING] [32mVERBOSE[0m Callback method :onAttachedToWindow in Class android.support.v4.view.PagerTitleStrip added
[WARNING] [32mVERBOSE[0m Callback method :setBackgroundResource in Class android.support.v4.view.PagerTabStrip added
[WARNING] [32mVERBOSE[0m Callback method :setPadding in Class android.support.v4.view.PagerTabStrip added
[WARNING] [32mVERBOSE[0m Callback method :onDraw in Class android.support.v4.view.PagerTabStrip added
[WARNING] [32mVERBOSE[0m Callback method :setBackgroundDrawable in Class android.support.v4.view.PagerTabStrip added
[WARNING] [32mVERBOSE[0m Callback method :setOnItemLongClickListener in Class com.chinat2t.tcp001.view.HorizontalListView added
[WARNING] [32mVERBOSE[0m Callback method :onLayout in Class com.chinat2t.tcp001.view.HorizontalListView added
[WARNING] [32mVERBOSE[0m Callback method :setAdapter in Class com.chinat2t.tcp001.view.HorizontalListView added
[WARNING] [32mVERBOSE[0m Callback method :setOnItemClickListener in Class com.chinat2t.tcp001.view.HorizontalListView added
[WARNING] [32mVERBOSE[0m Callback method :getSelectedView in Class com.chinat2t.tcp001.view.HorizontalListView added
[WARNING] [32mVERBOSE[0m Callback method :getAdapter in Class com.chinat2t.tcp001.view.HorizontalListView added
[WARNING] [32mVERBOSE[0m Callback method :dispatchTouchEvent in Class com.chinat2t.tcp001.view.HorizontalListView added
[WARNING] [32mVERBOSE[0m Callback method :setSelection in Class com.chinat2t.tcp001.view.HorizontalListView added
[WARNING] [32mVERBOSE[0m Callback method :setOnItemSelectedListener in Class com.chinat2t.tcp001.view.HorizontalListView added
[WARNING] [32mVERBOSE[0m Callback method :onKeyDown in Class android.support.v4.app.FragmentActivity added
[WARNING] [32mVERBOSE[0m Callback method :onPanelClosed in Class android.support.v4.app.FragmentActivity added
[WARNING] [32mVERBOSE[0m Callback method :onPostCreate in Class com.chinat2t.tcp001.BaseSlidingFragmentActivity added
[WARNING] [32mVERBOSE[0m Callback method :setContentView in Class com.chinat2t.tcp001.BaseSlidingFragmentActivity added
[WARNING] [32mVERBOSE[0m Callback method :onConfigurationChanged in Class android.support.v4.app.FragmentActivity added
[WARNING] [32mVERBOSE[0m Callback method :onMenuItemSelected in Class android.support.v4.app.FragmentActivity added
[WARNING] [32mVERBOSE[0m Callback method :onBackPressed in Class android.support.v4.app.FragmentActivity added
[WARNING] [32mVERBOSE[0m Callback method :onRetainNonConfigurationInstance in Class android.support.v4.app.FragmentActivity added
[WARNING] [32mVERBOSE[0m Callback method :setContentView in Class com.chinat2t.tcp001.BaseSlidingFragmentActivity added
[WARNING] [32mVERBOSE[0m Callback method :onNewIntent in Class android.support.v4.app.FragmentActivity added
[WARNING] [32mVERBOSE[0m Callback method :onPause in Class android.support.v4.app.FragmentActivity added
[WARNING] [32mVERBOSE[0m Callback method :onStop in Class com.chinat2t.tcp001.activity.MainActivity added
[WARNING] [32mVERBOSE[0m Callback method :onCreatePanelMenu in Class android.support.v4.app.FragmentActivity added
[WARNING] [32mVERBOSE[0m Callback method :dump in Class android.support.v4.app.FragmentActivity added
[WARNING] [32mVERBOSE[0m Callback method :onCreate in Class com.chinat2t.tcp001.activity.MainActivity added
[WARNING] [32mVERBOSE[0m Callback method :onCreateView in Class android.support.v4.app.FragmentActivity added
[WARNING] [32mVERBOSE[0m Callback method :dispatchKeyEvent in Class com.chinat2t.tcp001.activity.MainActivity added
[WARNING] [32mVERBOSE[0m Callback method :onKeyUp in Class com.chinat2t.tcp001.BaseSlidingFragmentActivity added
[WARNING] [32mVERBOSE[0m Callback method :onPreparePanel in Class android.support.v4.app.FragmentActivity added
[WARNING] [32mVERBOSE[0m Callback method :onDestroy in Class android.support.v4.app.FragmentActivity added
[WARNING] [32mVERBOSE[0m Callback method :findViewById in Class com.chinat2t.tcp001.BaseSlidingFragmentActivity added
[WARNING] [32mVERBOSE[0m Callback method :onStart in Class com.chinat2t.tcp001.activity.MainActivity added
[WARNING] [32mVERBOSE[0m Callback method :onSaveInstanceState in Class com.chinat2t.tcp001.BaseSlidingFragmentActivity added
[WARNING] [32mVERBOSE[0m Callback method :startActivityForResult in Class android.support.v4.app.FragmentActivity added
[WARNING] [32mVERBOSE[0m Callback method :setContentView in Class com.chinat2t.tcp001.BaseSlidingFragmentActivity added
[WARNING] [32mVERBOSE[0m Callback method :onActivityResult in Class android.support.v4.app.FragmentActivity added
[WARNING] [32mVERBOSE[0m Callback method :onPostResume in Class android.support.v4.app.FragmentActivity added
[WARNING] [32mVERBOSE[0m Callback method :onResume in Class android.support.v4.app.FragmentActivity added
[WARNING] [32mVERBOSE[0m Callback method :onLowMemory in Class android.support.v4.app.FragmentActivity added
[WARNING] [32mVERBOSE[0m Callback method :onNewIntent in Class cn.sharesdk.yixin.utils.YixinHandlerActivity added
[WARNING] [32mVERBOSE[0m Callback method :onCreate in Class cn.sharesdk.yixin.utils.YixinHandlerActivity added
[WARNING] [32mVERBOSE[0m Callback method :onCreate in Class com.chinat2t.tcp001.BaseActivity added
[WARNING] [32mVERBOSE[0m Callback method :onClick in Class com.chinat2t.tcp001.BaseActivity added
[WARNING] [32mVERBOSE[0m Callback method :generateLayoutParams in Class android.support.v4.view.ViewPager added
[WARNING] [32mVERBOSE[0m Callback method :draw in Class android.support.v4.view.ViewPager added
[WARNING] [32mVERBOSE[0m Callback method :onRestoreInstanceState in Class android.support.v4.view.ViewPager added
[WARNING] [32mVERBOSE[0m Callback method :onRequestFocusInDescendants in Class android.support.v4.view.ViewPager added
[WARNING] [32mVERBOSE[0m Callback method :generateDefaultLayoutParams in Class android.support.v4.view.ViewPager added
[WARNING] [32mVERBOSE[0m Callback method :onMeasure in Class android.support.v4.view.ViewPager added
[WARNING] [32mVERBOSE[0m Callback method :addView in Class android.support.v4.view.ViewPager added
[WARNING] [32mVERBOSE[0m Callback method :onSaveInstanceState in Class android.support.v4.view.ViewPager added
[WARNING] [32mVERBOSE[0m Callback method :onLayout in Class android.support.v4.view.ViewPager added
[WARNING] [32mVERBOSE[0m Callback method :onTouchEvent in Class android.support.v4.view.ViewPager added
[WARNING] [32mVERBOSE[0m Callback method :addTouchables in Class android.support.v4.view.ViewPager added
[WARNING] [32mVERBOSE[0m Callback method :onDetachedFromWindow in Class android.support.v4.view.ViewPager added
[WARNING] [32mVERBOSE[0m Callback method :computeScroll in Class android.support.v4.view.ViewPager added
[WARNING] [32mVERBOSE[0m Callback method :onAttachedToWindow in Class android.support.v4.view.ViewPager added
[WARNING] [32mVERBOSE[0m Callback method :onInterceptTouchEvent in Class android.support.v4.view.ViewPager added
[WARNING] [32mVERBOSE[0m Callback method :verifyDrawable in Class android.support.v4.view.ViewPager added
[WARNING] [32mVERBOSE[0m Callback method :dispatchPopulateAccessibilityEvent in Class android.support.v4.view.ViewPager added
[WARNING] [32mVERBOSE[0m Callback method :onSizeChanged in Class android.support.v4.view.ViewPager added
[WARNING] [32mVERBOSE[0m Callback method :dispatchKeyEvent in Class android.support.v4.view.ViewPager added
[WARNING] [32mVERBOSE[0m Callback method :addFocusables in Class android.support.v4.view.ViewPager added
[WARNING] [32mVERBOSE[0m Callback method :removeView in Class android.support.v4.view.ViewPager added
[WARNING] [32mVERBOSE[0m Callback method :onDraw in Class android.support.v4.view.ViewPager added
[WARNING] [32mVERBOSE[0m Callback method :generateLayoutParams in Class android.support.v4.view.ViewPager added
[WARNING] [32mVERBOSE[0m Callback method :drawableStateChanged in Class android.support.v4.view.ViewPager added
[WARNING] [32mVERBOSE[0m Callback method :getChildDrawingOrder in Class android.support.v4.view.ViewPager added
[WARNING] [32mVERBOSE[0m Callback method :checkLayoutParams in Class android.support.v4.view.ViewPager added
[WARNING] [32mVERBOSE[0m Callback method :onScrollStateChanged in Class com.nostra13.universalimageloader.core.assist.PauseOnScrollListener added
[WARNING] [32mVERBOSE[0m Callback method :onScroll in Class com.nostra13.universalimageloader.core.assist.PauseOnScrollListener added
[WARNING] [32mVERBOSE[0m Callback method :onNewIntent in Class cn.sharesdk.wechat.utils.WechatHandlerActivity added
[WARNING] [32mVERBOSE[0m Callback method :onCreate in Class cn.sharesdk.wechat.utils.WechatHandlerActivity added
[WARNING] [32mVERBOSE[0m Callback method :getItem in Class android.support.v4.widget.CursorAdapter added
[WARNING] [32mVERBOSE[0m Callback method :getView in Class android.support.v4.widget.CursorAdapter added
[WARNING] [32mVERBOSE[0m Callback method :getDropDownView in Class android.support.v4.widget.CursorAdapter added
[WARNING] [32mVERBOSE[0m Callback method :getFilter in Class android.support.v4.widget.CursorAdapter added
[WARNING] [32mVERBOSE[0m Callback method :getCount in Class android.support.v4.widget.CursorAdapter added
[WARNING] [32mVERBOSE[0m Callback method :getItemId in Class android.support.v4.widget.CursorAdapter added
[WARNING] [32mVERBOSE[0m Callback method :hasStableIds in Class android.support.v4.widget.CursorAdapter added
[WARNING] [32mVERBOSE[0m Callback method :onScrollStateChanged in Class com.chinat2t.tcp001.view.PullDownListView added
[WARNING] [32mVERBOSE[0m Callback method :onTouchEvent in Class com.chinat2t.tcp001.view.PullDownListView added
[WARNING] [32mVERBOSE[0m Callback method :onScroll in Class com.chinat2t.tcp001.view.PullDownListView added
[WARNING] [32mVERBOSE[0m Callback method :onCreate in Class com.chinat2t.tcp001.BaseActivity added
[WARNING] [32mVERBOSE[0m Callback method :onClick in Class com.chinat2t.tcp001.BaseActivity added
[WARNING] [32mVERBOSE[0m Callback method :onStop in Class com.chinat2t.tcp001.activity.CategoryListActivity added
[WARNING] [32mVERBOSE[0m Callback method :onCreate in Class com.chinat2t.tcp001.BaseActivity added
[WARNING] [32mVERBOSE[0m Callback method :onClick in Class com.chinat2t.tcp001.BaseActivity added
[WARNING] [32mVERBOSE[0m Callback method :onCreate in Class com.chinat2t.tcp001.BaseActivity added
[WARNING] [32mVERBOSE[0m Callback method :onClick in Class com.chinat2t.tcp001.BaseActivity added
[WARNING] [32mVERBOSE[0m Callback method :getItem in Class com.chinat2t.tcp001.adapter.CollectionAdapter added
[WARNING] [32mVERBOSE[0m Callback method :getView in Class com.chinat2t.tcp001.adapter.CollectionAdapter added
[WARNING] [32mVERBOSE[0m Callback method :getCount in Class com.chinat2t.tcp001.adapter.CollectionAdapter added
[WARNING] [32mVERBOSE[0m Callback method :getItemId in Class com.chinat2t.tcp001.adapter.CollectionAdapter added
[WARNING] [32mVERBOSE[0m Callback method :onSizeChanged in Class cn.sharesdk.framework.authorize.ResizeLayout added
[WARNING] [32mVERBOSE[0m Callback method :onCreate in Class com.chinat2t.tcp001.BaseActivity added
[WARNING] [32mVERBOSE[0m Callback method :onClick in Class com.chinat2t.tcp001.BaseActivity added
[WARNING] [32mVERBOSE[0m Callback method :onCreate in Class com.chinat2t.tcp001.BaseActivity added
[WARNING] [32mVERBOSE[0m Callback method :onClick in Class com.chinat2t.tcp001.activity.ChangePasswordActivity added
[WARNING] [32mVERBOSE[0m Callback method :onMeasure in Class com.chinat2t.tcp001.view.MyListView added
[WARNING] [32mVERBOSE[0m Callback method :onCreate in Class com.chinat2t.tcp001.BaseActivity added
[WARNING] [32mVERBOSE[0m Callback method :onClick in Class com.chinat2t.tcp001.BaseActivity added
[WARNING] [32mVERBOSE[0m Callback method :onResume in Class com.chinat2t.tcp001.activity.ManagerAddressActivity added
[WARNING] [32mVERBOSE[0m Callback method :onCreate in Class com.chinat2t.tcp001.BaseActivity added
[WARNING] [32mVERBOSE[0m Callback method :onClick in Class com.chinat2t.tcp001.BaseActivity added
[WARNING] [32mVERBOSE[0m Callback method :onCreate in Class com.chinat2t.tcp001.activity.ChangePhoneActivity added
[WARNING] [32mVERBOSE[0m Callback method :onClick in Class com.chinat2t.tcp001.activity.ChangePhoneActivity added
[WARNING] [32mVERBOSE[0m Callback method :onKeyDown in Class android.support.v4.app.FragmentActivity added
[WARNING] [32mVERBOSE[0m Callback method :onPanelClosed in Class android.support.v4.app.FragmentActivity added
[WARNING] [32mVERBOSE[0m Callback method :onPostCreate in Class com.chinat2t.tcp001.BaseSlidingFragmentActivity added
[WARNING] [32mVERBOSE[0m Callback method :setContentView in Class com.chinat2t.tcp001.BaseSlidingFragmentActivity added
[WARNING] [32mVERBOSE[0m Callback method :onConfigurationChanged in Class android.support.v4.app.FragmentActivity added
[WARNING] [32mVERBOSE[0m Callback method :onMenuItemSelected in Class android.support.v4.app.FragmentActivity added
[WARNING] [32mVERBOSE[0m Callback method :onBackPressed in Class android.support.v4.app.FragmentActivity added
[WARNING] [32mVERBOSE[0m Callback method :onRetainNonConfigurationInstance in Class android.support.v4.app.FragmentActivity added
[WARNING] [32mVERBOSE[0m Callback method :setContentView in Class com.chinat2t.tcp001.BaseSlidingFragmentActivity added
[WARNING] [32mVERBOSE[0m Callback method :onNewIntent in Class android.support.v4.app.FragmentActivity added
[WARNING] [32mVERBOSE[0m Callback method :onPause in Class android.support.v4.app.FragmentActivity added
[WARNING] [32mVERBOSE[0m Callback method :onStop in Class android.support.v4.app.FragmentActivity added
[WARNING] [32mVERBOSE[0m Callback method :onCreatePanelMenu in Class android.support.v4.app.FragmentActivity added
[WARNING] [32mVERBOSE[0m Callback method :dump in Class android.support.v4.app.FragmentActivity added
[WARNING] [32mVERBOSE[0m Callback method :onCreate in Class com.chinat2t.tcp001.BaseSlidingFragmentActivity added
[WARNING] [32mVERBOSE[0m Callback method :onCreateView in Class android.support.v4.app.FragmentActivity added
[WARNING] [32mVERBOSE[0m Callback method :onKeyUp in Class com.chinat2t.tcp001.BaseSlidingFragmentActivity added
[WARNING] [32mVERBOSE[0m Callback method :onPreparePanel in Class android.support.v4.app.FragmentActivity added
[WARNING] [32mVERBOSE[0m Callback method :onDestroy in Class android.support.v4.app.FragmentActivity added
[WARNING] [32mVERBOSE[0m Callback method :findViewById in Class com.chinat2t.tcp001.BaseSlidingFragmentActivity added
[WARNING] [32mVERBOSE[0m Callback method :onStart in Class android.support.v4.app.FragmentActivity added
[WARNING] [32mVERBOSE[0m Callback method :onSaveInstanceState in Class com.chinat2t.tcp001.BaseSlidingFragmentActivity added
[WARNING] [32mVERBOSE[0m Callback method :startActivityForResult in Class android.support.v4.app.FragmentActivity added
[WARNING] [32mVERBOSE[0m Callback method :setContentView in Class com.chinat2t.tcp001.BaseSlidingFragmentActivity added
[WARNING] [32mVERBOSE[0m Callback method :onActivityResult in Class android.support.v4.app.FragmentActivity added
[WARNING] [32mVERBOSE[0m Callback method :onPostResume in Class android.support.v4.app.FragmentActivity added
[WARNING] [32mVERBOSE[0m Callback method :onResume in Class android.support.v4.app.FragmentActivity added
[WARNING] [32mVERBOSE[0m Callback method :onLowMemory in Class android.support.v4.app.FragmentActivity added
[WARNING] [32mVERBOSE[0m Callback method :onCreate in Class com.chinat2t.tcp001.BaseActivity added
[WARNING] [32mVERBOSE[0m Callback method :onClick in Class com.chinat2t.tcp001.BaseActivity added
[WARNING] [32mVERBOSE[0m Callback method :onCreate in Class com.chinat2t.tcp001.BaseActivity added
[WARNING] [32mVERBOSE[0m Callback method :onClick in Class com.chinat2t.tcp001.BaseActivity added
[WARNING] [32mVERBOSE[0m Callback method :onRestoreInstanceState in Class com.chinat2t.tcp001.view.SlidingMenu added
[WARNING] [32mVERBOSE[0m Callback method :fitSystemWindows in Class com.chinat2t.tcp001.view.SlidingMenu added
[WARNING] [32mVERBOSE[0m Callback method :onSaveInstanceState in Class com.chinat2t.tcp001.view.SlidingMenu added
[WARNING] [32mVERBOSE[0m Callback method :onCreate in Class com.chinat2t.tcp001.activity.RegisterPhoneActivity added
[WARNING] [32mVERBOSE[0m Callback method :onClick in Class com.chinat2t.tcp001.activity.RegisterPhoneActivity added
[WARNING] [32mVERBOSE[0m Callback method :onLowMemory in Class android.support.v4.app.Fragment added
[WARNING] [32mVERBOSE[0m Callback method :onCreateContextMenu in Class android.support.v4.app.Fragment added
[WARNING] [32mVERBOSE[0m Callback method :onConfigurationChanged in Class android.support.v4.app.Fragment added
[WARNING] [32mVERBOSE[0m Callback method :onPageStarted in Class cn.sharesdk.framework.j added
[WARNING] [32mVERBOSE[0m Callback method :onUnhandledKeyEvent in Class cn.sharesdk.framework.j added
[WARNING] [32mVERBOSE[0m Callback method :onPageFinished in Class cn.sharesdk.framework.j added
[WARNING] [32mVERBOSE[0m Callback method :shouldOverrideUrlLoading in Class cn.sharesdk.framework.j added
[WARNING] [32mVERBOSE[0m Callback method :onFormResubmission in Class cn.sharesdk.framework.j added
[WARNING] [32mVERBOSE[0m Callback method :shouldOverrideKeyEvent in Class cn.sharesdk.framework.j added
[WARNING] [32mVERBOSE[0m Callback method :onReceivedHttpAuthRequest in Class cn.sharesdk.framework.j added
[WARNING] [32mVERBOSE[0m Callback method :onReceivedError in Class cn.sharesdk.framework.authorize.b added
[WARNING] [32mVERBOSE[0m Callback method :doUpdateVisitedHistory in Class cn.sharesdk.framework.j added
[WARNING] [32mVERBOSE[0m Callback method :onLoadResource in Class cn.sharesdk.framework.j added
[WARNING] [32mVERBOSE[0m Callback method :onScaleChanged in Class cn.sharesdk.framework.j added
[WARNING] [32mVERBOSE[0m Callback method :onTooManyRedirects in Class cn.sharesdk.framework.j added
[WARNING] [32mVERBOSE[0m Callback method :onReceivedSslError in Class cn.sharesdk.framework.authorize.b added
[WARNING] [32mVERBOSE[0m Callback method :onNewIntent in Class cn.sharesdk.wechat.utils.WechatHandlerActivity added
[WARNING] [32mVERBOSE[0m Callback method :onCreate in Class cn.sharesdk.wechat.utils.WechatHandlerActivity added
[WARNING] [32mVERBOSE[0m Callback method :onCreate in Class com.chinat2t.tcp001.activity.ChangeUserImageActivity added
[WARNING] [32mVERBOSE[0m Callback method :onClick in Class com.chinat2t.tcp001.activity.ChangeUserImageActivity added
[WARNING] [32mVERBOSE[0m Callback method :onDraw in Class com.zxing.zxingdemoforlm.view.ViewfinderView added
[WARNING] [32mVERBOSE[0m Callback method :onLowMemory in Class android.support.v4.app.Fragment added
[WARNING] [32mVERBOSE[0m Callback method :onCreateContextMenu in Class android.support.v4.app.Fragment added
[WARNING] [32mVERBOSE[0m Callback method :onDismiss in Class android.support.v4.app.DialogFragment added
[WARNING] [32mVERBOSE[0m Callback method :onCancel in Class android.support.v4.app.DialogFragment added
[WARNING] [32mVERBOSE[0m Callback method :onConfigurationChanged in Class android.support.v4.app.Fragment added
[WARNING] [32mVERBOSE[0m Callback method :onKeyDown in Class cn.sharesdk.framework.ShareSDKUIShell added
[WARNING] [32mVERBOSE[0m Callback method :setContentView in Class cn.sharesdk.framework.ShareSDKUIShell added
[WARNING] [32mVERBOSE[0m Callback method :onConfigurationChanged in Class cn.sharesdk.framework.ShareSDKUIShell added
[WARNING] [32mVERBOSE[0m Callback method :finish in Class cn.sharesdk.framework.ShareSDKUIShell added
[WARNING] [32mVERBOSE[0m Callback method :setContentView in Class cn.sharesdk.framework.ShareSDKUIShell added
[WARNING] [32mVERBOSE[0m Callback method :onNewIntent in Class cn.sharesdk.framework.ShareSDKUIShell added
[WARNING] [32mVERBOSE[0m Callback method :onPause in Class cn.sharesdk.framework.ShareSDKUIShell added
[WARNING] [32mVERBOSE[0m Callback method :onStop in Class cn.sharesdk.framework.ShareSDKUIShell added
[WARNING] [32mVERBOSE[0m Callback method :onCreate in Class cn.sharesdk.framework.ShareSDKUIShell added
[WARNING] [32mVERBOSE[0m Callback method :onKeyUp in Class cn.sharesdk.framework.ShareSDKUIShell added
[WARNING] [32mVERBOSE[0m Callback method :onDestroy in Class cn.sharesdk.framework.ShareSDKUIShell added
[WARNING] [32mVERBOSE[0m Callback method :onStart in Class cn.sharesdk.framework.ShareSDKUIShell added
[WARNING] [32mVERBOSE[0m Callback method :onRestart in Class cn.sharesdk.framework.ShareSDKUIShell added
[WARNING] [32mVERBOSE[0m Callback method :setContentView in Class cn.sharesdk.framework.ShareSDKUIShell added
[WARNING] [32mVERBOSE[0m Callback method :onActivityResult in Class cn.sharesdk.framework.ShareSDKUIShell added
[WARNING] [32mVERBOSE[0m Callback method :onResume in Class cn.sharesdk.framework.ShareSDKUIShell added
[WARNING] [32mVERBOSE[0m Callback method :onCreate in Class com.chinat2t.tcp001.BaseActivity added
[WARNING] [32mVERBOSE[0m Callback method :onClick in Class com.chinat2t.tcp001.BaseActivity added
[WARNING] [32mVERBOSE[0m Callback method :onTransact in Class com.sina.sso.RemoteSSO$Stub added
[WARNING] [32mVERBOSE[0m Callback method :asBinder in Class com.sina.sso.RemoteSSO$Stub added
[WARNING] [32mVERBOSE[0m Callback method :onCreate in Class com.chinat2t.tcp001.BaseActivity added
[WARNING] [32mVERBOSE[0m Callback method :onActivityResult in Class com.chinat2t.tcp001.activity.UserCenterActivity added
[WARNING] [32mVERBOSE[0m Callback method :onClick in Class com.chinat2t.tcp001.BaseActivity added
[WARNING] [32mVERBOSE[0m Callback method :onResume in Class com.chinat2t.tcp001.activity.UserCenterActivity added
[WARNING] [32mVERBOSE[0m Callback method :getItem in Class android.support.v4.widget.CursorAdapter added
[WARNING] [32mVERBOSE[0m Callback method :getView in Class android.support.v4.widget.CursorAdapter added
[WARNING] [32mVERBOSE[0m Callback method :getDropDownView in Class android.support.v4.widget.CursorAdapter added
[WARNING] [32mVERBOSE[0m Callback method :getFilter in Class android.support.v4.widget.CursorAdapter added
[WARNING] [32mVERBOSE[0m Callback method :getCount in Class android.support.v4.widget.CursorAdapter added
[WARNING] [32mVERBOSE[0m Callback method :getItemId in Class android.support.v4.widget.CursorAdapter added
[WARNING] [32mVERBOSE[0m Callback method :hasStableIds in Class android.support.v4.widget.CursorAdapter added
[WARNING] [32mVERBOSE[0m Callback method :onCreate in Class com.chinat2t.tcp001.BaseActivity added
[WARNING] [32mVERBOSE[0m Callback method :onClick in Class com.chinat2t.tcp001.BaseActivity added
[WARNING] [32mVERBOSE[0m Callback method :onCreate in Class com.chinat2t.tcp001.BaseActivity added
[WARNING] [32mVERBOSE[0m Callback method :onClick in Class com.chinat2t.tcp001.BaseActivity added
[WARNING] [32mVERBOSE[0m Callback method :onCreate in Class com.chinat2t.tcp001.BaseActivity added
[WARNING] [32mVERBOSE[0m Callback method :onClick in Class com.chinat2t.tcp001.BaseActivity added
[WARNING] [32mVERBOSE[0m Callback method :onPageStarted in Class cn.sharesdk.framework.j added
[WARNING] [32mVERBOSE[0m Callback method :onUnhandledKeyEvent in Class cn.sharesdk.framework.j added
[WARNING] [32mVERBOSE[0m Callback method :onPageFinished in Class cn.sharesdk.framework.j added
[WARNING] [32mVERBOSE[0m Callback method :shouldOverrideUrlLoading in Class cn.sharesdk.framework.j added
[WARNING] [32mVERBOSE[0m Callback method :onFormResubmission in Class cn.sharesdk.framework.j added
[WARNING] [32mVERBOSE[0m Callback method :shouldOverrideKeyEvent in Class cn.sharesdk.framework.j added
[WARNING] [32mVERBOSE[0m Callback method :onReceivedHttpAuthRequest in Class cn.sharesdk.framework.j added
[WARNING] [32mVERBOSE[0m Callback method :onReceivedError in Class cn.sharesdk.framework.j added
[WARNING] [32mVERBOSE[0m Callback method :doUpdateVisitedHistory in Class cn.sharesdk.framework.j added
[WARNING] [32mVERBOSE[0m Callback method :onLoadResource in Class cn.sharesdk.framework.j added
[WARNING] [32mVERBOSE[0m Callback method :onScaleChanged in Class cn.sharesdk.framework.j added
[WARNING] [32mVERBOSE[0m Callback method :onTooManyRedirects in Class cn.sharesdk.framework.j added
[WARNING] [32mVERBOSE[0m Callback method :onReceivedSslError in Class cn.sharesdk.framework.j added
[WARNING] [32mVERBOSE[0m Callback method :onCreate in Class com.chinat2t.tcp001.activity.RegisterPhoneTwoActivity added
[WARNING] [32mVERBOSE[0m Callback method :onClick in Class com.chinat2t.tcp001.activity.RegisterPhoneTwoActivity added
[WARNING] [32mVERBOSE[0m Callback method :onCreate in Class com.chinat2t.tcp001.BaseActivity added
[WARNING] [32mVERBOSE[0m Callback method :onClick in Class com.chinat2t.tcp001.BaseActivity added
[WARNING] [32mVERBOSE[0m Callback method :onCreate in Class com.chinat2t.tcp001.BaseActivity added
[WARNING] [32mVERBOSE[0m Callback method :onClick in Class com.chinat2t.tcp001.BaseActivity added
[WARNING] [32mVERBOSE[0m Callback method :onResume in Class com.chinat2t.tcp001.activity.FillinOrder added
[WARNING] [32mVERBOSE[0m Callback method :onCreate in Class com.chinat2t.tcp001.BaseActivity added
[WARNING] [32mVERBOSE[0m Callback method :onClick in Class com.chinat2t.tcp001.BaseActivity added
[WARNING] [32mVERBOSE[0m Callback method :onFinishInflate in Class com.chinat2t.tcp001.view.BounceScrollView added
[WARNING] [32mVERBOSE[0m Callback method :onTouchEvent in Class com.chinat2t.tcp001.view.BounceScrollView added
[WARNING] [32mVERBOSE[0m Callback method :onCreate in Class com.chinat2t.tcp001.BaseActivity added
[WARNING] [32mVERBOSE[0m Callback method :onClick in Class com.chinat2t.tcp001.BaseActivity added
[WARNING] [32mVERBOSE[0m Callback method :onCreate in Class com.chinat2t.tcp001.activity.RegisterActivity added
[WARNING] [32mVERBOSE[0m Callback method :onClick in Class com.chinat2t.tcp001.activity.RegisterActivity added
[WARNING] [32mVERBOSE[0m Callback method :onCreate in Class com.chinat2t.tcp001.activity.SplashActivity added
[WARNING] [32mVERBOSE[0m Callback method :surfaceDestroyed in Class com.zxing.zxingdemoforlm.CaptureActivity added
[WARNING] [32mVERBOSE[0m Callback method :surfaceChanged in Class com.zxing.zxingdemoforlm.CaptureActivity added
[WARNING] [32mVERBOSE[0m Callback method :onPause in Class com.zxing.zxingdemoforlm.CaptureActivity added
[WARNING] [32mVERBOSE[0m Callback method :surfaceCreated in Class com.zxing.zxingdemoforlm.CaptureActivity added
[WARNING] [32mVERBOSE[0m Callback method :onCreate in Class com.zxing.zxingdemoforlm.CaptureActivity added
[WARNING] [32mVERBOSE[0m Callback method :onDestroy in Class com.zxing.zxingdemoforlm.CaptureActivity added
[WARNING] [32mVERBOSE[0m Callback method :onResume in Class com.zxing.zxingdemoforlm.CaptureActivity added
[WARNING] [32mVERBOSE[0m Callback method :onCreate in Class com.chinat2t.tcp001.BaseActivity added
[WARNING] [32mVERBOSE[0m Callback method :onClick in Class com.chinat2t.tcp001.BaseActivity added
[WARNING] [32mVERBOSE[0m Callback method :onLowMemory in Class android.support.v4.app.Fragment added
[WARNING] [32mVERBOSE[0m Callback method :onCreateContextMenu in Class android.support.v4.app.Fragment added
[WARNING] [32mVERBOSE[0m Callback method :onClick in Class com.chinat2t.tcp001.BaseFragment added
[WARNING] [32mVERBOSE[0m Callback method :onConfigurationChanged in Class android.support.v4.app.Fragment added
[WARNING] [32mVERBOSE[0m Callback method :onCreate in Class com.chinat2t.tcp001.BaseActivity added
[WARNING] [32mVERBOSE[0m Callback method :onClick in Class com.chinat2t.tcp001.BaseActivity added
[WARNING] [32mVERBOSE[0m Callback method :onCreate in Class com.chinat2t.tcp001.BaseActivity added
[WARNING] [32mVERBOSE[0m Callback method :onClick in Class com.chinat2t.tcp001.BaseActivity added
[WARNING] [32mVERBOSE[0m Callback method :onNewIntent in Class cn.sharesdk.yixin.utils.YixinHandlerActivity added
[WARNING] [32mVERBOSE[0m Callback method :onCreate in Class cn.sharesdk.yixin.utils.YixinHandlerActivity added
[WARNING] [32mVERBOSE[0m Callback method :onKeyDown in Class android.support.v4.app.FragmentActivity added
[WARNING] [32mVERBOSE[0m Callback method :onPanelClosed in Class android.support.v4.app.FragmentActivity added
[WARNING] [32mVERBOSE[0m Callback method :onConfigurationChanged in Class android.support.v4.app.FragmentActivity added
[WARNING] [32mVERBOSE[0m Callback method :onMenuItemSelected in Class android.support.v4.app.FragmentActivity added
[WARNING] [32mVERBOSE[0m Callback method :onBackPressed in Class android.support.v4.app.FragmentActivity added
[WARNING] [32mVERBOSE[0m Callback method :onRetainNonConfigurationInstance in Class android.support.v4.app.FragmentActivity added
[WARNING] [32mVERBOSE[0m Callback method :onNewIntent in Class android.support.v4.app.FragmentActivity added
[WARNING] [32mVERBOSE[0m Callback method :onPause in Class android.support.v4.app.FragmentActivity added
[WARNING] [32mVERBOSE[0m Callback method :onStop in Class android.support.v4.app.FragmentActivity added
[WARNING] [32mVERBOSE[0m Callback method :onCreatePanelMenu in Class android.support.v4.app.FragmentActivity added
[WARNING] [32mVERBOSE[0m Callback method :dump in Class android.support.v4.app.FragmentActivity added
[WARNING] [32mVERBOSE[0m Callback method :onCreate in Class android.support.v4.app.FragmentActivity added
[WARNING] [32mVERBOSE[0m Callback method :onCreateView in Class android.support.v4.app.FragmentActivity added
[WARNING] [32mVERBOSE[0m Callback method :onPreparePanel in Class android.support.v4.app.FragmentActivity added
[WARNING] [32mVERBOSE[0m Callback method :onDestroy in Class android.support.v4.app.FragmentActivity added
[WARNING] [32mVERBOSE[0m Callback method :onStart in Class android.support.v4.app.FragmentActivity added
[WARNING] [32mVERBOSE[0m Callback method :onSaveInstanceState in Class android.support.v4.app.FragmentActivity added
[WARNING] [32mVERBOSE[0m Callback method :startActivityForResult in Class android.support.v4.app.FragmentActivity added
[WARNING] [32mVERBOSE[0m Callback method :onActivityResult in Class android.support.v4.app.FragmentActivity added
[WARNING] [32mVERBOSE[0m Callback method :onPostResume in Class android.support.v4.app.FragmentActivity added
[WARNING] [32mVERBOSE[0m Callback method :onResume in Class android.support.v4.app.FragmentActivity added
[WARNING] [32mVERBOSE[0m Callback method :onLowMemory in Class android.support.v4.app.FragmentActivity added
[WARNING] [32mVERBOSE[0m Callback method :onMeasure in Class android.support.v4.view.PagerTitleStrip added
[WARNING] [32mVERBOSE[0m Callback method :requestLayout in Class android.support.v4.view.PagerTitleStrip added
[WARNING] [32mVERBOSE[0m Callback method :onLayout in Class android.support.v4.view.PagerTitleStrip added
[WARNING] [32mVERBOSE[0m Callback method :onDetachedFromWindow in Class android.support.v4.view.PagerTitleStrip added
[WARNING] [32mVERBOSE[0m Callback method :onAttachedToWindow in Class android.support.v4.view.PagerTitleStrip added
[WARNING] [32mVERBOSE[0m Callback method :onCreate in Class com.chinat2t.tcp001.IApplication added
[WARNING] [32mVERBOSE[0m Callback method :getItem in Class android.support.v4.widget.CursorAdapter added
[WARNING] [32mVERBOSE[0m Callback method :getView in Class android.support.v4.widget.CursorAdapter added
[WARNING] [32mVERBOSE[0m Callback method :getDropDownView in Class android.support.v4.widget.CursorAdapter added
[WARNING] [32mVERBOSE[0m Callback method :getFilter in Class android.support.v4.widget.CursorAdapter added
[WARNING] [32mVERBOSE[0m Callback method :getCount in Class android.support.v4.widget.CursorAdapter added
[WARNING] [32mVERBOSE[0m Callback method :getItemId in Class android.support.v4.widget.CursorAdapter added
[WARNING] [32mVERBOSE[0m Callback method :hasStableIds in Class android.support.v4.widget.CursorAdapter added
0 ICC links found and 0 cg edges added due to ICC links
dynamic conflated call graph: 1081 methods; 1081 nodes; 1511 edges.
maxpossibleFlows=8
7 taint flow paths FOUND from <android.view.View: int getWidth()> to <android.util.Log: int v(java.lang.String,java.lang.String)>
maxpossibleFlows=5
maxpossibleFlows=5
maxpossibleFlows=5
maxpossibleFlows=5
maxpossibleFlows=1
maxpossibleFlows=1
maxpossibleFlows=1
maxpossibleFlows=1
maxpossibleFlows=1
maxpossibleFlows=1
maxpossibleFlows=1
maxpossibleFlows=1
maxpossibleFlows=1
maxpossibleFlows=3
maxpossibleFlows=5
5 taint flow paths FOUND from <android.view.View: int getMeasuredHeight()> to <android.util.Log: int v(java.lang.String,java.lang.String)>
maxpossibleFlows=5
maxpossibleFlows=5
maxpossibleFlows=3
3 taint flow paths FOUND from <android.support.v4.view.ViewConfigurationCompat: int getScaledPagingTouchSlop(android.view.ViewConfiguration)> to <android.support.v4.view.ViewCompat: void setAccessibilityDelegate(android.view.View,android.support.v4.view.AccessibilityDelegateCompat)>
maxpossibleFlows=5
maxpossibleFlows=5
maxpossibleFlows=5
maxpossibleFlows=5
maxpossibleFlows=5
maxpossibleFlows=5
maxpossibleFlows=5
maxpossibleFlows=5
maxpossibleFlows=4
maxpossibleFlows=5
maxpossibleFlows=5
maxpossibleFlows=45
3 taint flow paths FOUND from <android.support.v4.view.MotionEventCompat: float getY(android.view.MotionEvent,int)> to <android.util.Log: int v(java.lang.String,java.lang.String)>
maxpossibleFlows=1
maxpossibleFlows=1
maxpossibleFlows=1
maxpossibleFlows=1
maxpossibleFlows=1
maxpossibleFlows=1
maxpossibleFlows=5
maxpossibleFlows=5
maxpossibleFlows=5
maxpossibleFlows=5
maxpossibleFlows=9
maxpossibleFlows=5
maxpossibleFlows=4
maxpossibleFlows=5
maxpossibleFlows=5
maxpossibleFlows=492
492 taint flow paths FOUND from <android.view.View: int getHeight()> to <android.graphics.drawable.Drawable: void setBounds(int,int,int,int)>
maxpossibleFlows=45
3 taint flow paths FOUND from <android.support.v4.view.MotionEventCompat: float getX(android.view.MotionEvent,int)> to <android.util.Log: int v(java.lang.String,java.lang.String)>
maxpossibleFlows=1
maxpossibleFlows=246
1 taint flow paths FOUND from <android.view.View: int getRight()> to <android.graphics.drawable.Drawable: void setBounds(int,int,int,int)>
maxpossibleFlows=4
maxpossibleFlows=2
maxpossibleFlows=5
maxpossibleFlows=5
maxpossibleFlows=5
maxpossibleFlows=5
maxpossibleFlows=3
3 taint flow paths FOUND from <android.view.View: android.content.Context getContext()> to <android.support.v4.view.ViewCompat: void setAccessibilityDelegate(android.view.View,android.support.v4.view.AccessibilityDelegateCompat)>
maxpossibleFlows=1
maxpossibleFlows=1
maxpossibleFlows=1
maxpossibleFlows=1
maxpossibleFlows=1
maxpossibleFlows=1
maxpossibleFlows=2
maxpossibleFlows=5
maxpossibleFlows=2
maxpossibleFlows=5
maxpossibleFlows=2
maxpossibleFlows=2
maxpossibleFlows=1
maxpossibleFlows=1
maxpossibleFlows=1
maxpossibleFlows=5
maxpossibleFlows=5
maxpossibleFlows=5
maxpossibleFlows=5
maxpossibleFlows=8
maxpossibleFlows=5
maxpossibleFlows=134
maxpossibleFlows=5
maxpossibleFlows=5
maxpossibleFlows=5
maxpossibleFlows=1
maxpossibleFlows=1
maxpossibleFlows=1
maxpossibleFlows=1
maxpossibleFlows=1
maxpossibleFlows=1
maxpossibleFlows=1
maxpossibleFlows=1
1 taint flow paths FOUND from <java.net.URLConnection: java.io.OutputStream getOutputStream()> to <java.io.OutputStream: void write(byte[])>
maxpossibleFlows=45
45 taint flow paths FOUND from <android.view.MotionEvent: int getAction()> to <android.util.Log: int v(java.lang.String,java.lang.String)>
maxpossibleFlows=4
maxpossibleFlows=5
maxpossibleFlows=5
maxpossibleFlows=19
8 taint flow paths FOUND from <java.net.HttpURLConnection: int getResponseCode()> to <java.net.URL: java.net.URLConnection openConnection()>
maxpossibleFlows=8
maxpossibleFlows=5
maxpossibleFlows=134
maxpossibleFlows=5
maxpossibleFlows=9
maxpossibleFlows=5
maxpossibleFlows=39
39 taint flow paths FOUND from <android.view.MotionEvent: float getY()> to <android.util.Log: int v(java.lang.String,java.lang.String)>
maxpossibleFlows=5
maxpossibleFlows=5
maxpossibleFlows=9
maxpossibleFlows=5
maxpossibleFlows=1
maxpossibleFlows=1
maxpossibleFlows=1
maxpossibleFlows=1
maxpossibleFlows=1
maxpossibleFlows=1
maxpossibleFlows=1
maxpossibleFlows=1
maxpossibleFlows=1
maxpossibleFlows=1
maxpossibleFlows=1
maxpossibleFlows=1
maxpossibleFlows=1
maxpossibleFlows=5
maxpossibleFlows=5
maxpossibleFlows=41
maxpossibleFlows=1
maxpossibleFlows=1
maxpossibleFlows=1
maxpossibleFlows=1
maxpossibleFlows=1
maxpossibleFlows=1
maxpossibleFlows=1
maxpossibleFlows=1
maxpossibleFlows=1
maxpossibleFlows=5
maxpossibleFlows=5
maxpossibleFlows=3
3 taint flow paths FOUND from <android.content.res.Resources: android.util.DisplayMetrics getDisplayMetrics()> to <android.support.v4.view.ViewCompat: void setAccessibilityDelegate(android.view.View,android.support.v4.view.AccessibilityDelegateCompat)>
maxpossibleFlows=5
maxpossibleFlows=5
maxpossibleFlows=3
3 taint flow paths FOUND from <android.view.ViewConfiguration: int getScaledMaximumFlingVelocity()> to <android.support.v4.view.ViewCompat: void setAccessibilityDelegate(android.view.View,android.support.v4.view.AccessibilityDelegateCompat)>
maxpossibleFlows=1
maxpossibleFlows=19
10 taint flow paths FOUND from <java.lang.StringBuffer: java.lang.String toString()> to <java.net.URL: java.net.URLConnection openConnection()>
maxpossibleFlows=45
maxpossibleFlows=1
maxpossibleFlows=5
5 taint flow paths FOUND from <android.content.ContextWrapper: android.content.res.Resources getResources()> to <android.util.Log: int v(java.lang.String,java.lang.String)>
maxpossibleFlows=4
maxpossibleFlows=6
maxpossibleFlows=5
maxpossibleFlows=6
maxpossibleFlows=1
maxpossibleFlows=1
maxpossibleFlows=5
maxpossibleFlows=5
maxpossibleFlows=6
maxpossibleFlows=6
maxpossibleFlows=5
maxpossibleFlows=1
maxpossibleFlows=1
maxpossibleFlows=1
maxpossibleFlows=4
maxpossibleFlows=5
5 taint flow paths FOUND from <android.view.LayoutInflater: android.view.View inflate(int,android.view.ViewGroup)> to <android.util.Log: int v(java.lang.String,java.lang.String)>
maxpossibleFlows=4
maxpossibleFlows=5
maxpossibleFlows=5
maxpossibleFlows=1
maxpossibleFlows=1
maxpossibleFlows=1
maxpossibleFlows=1
maxpossibleFlows=1
maxpossibleFlows=1
maxpossibleFlows=1
maxpossibleFlows=1
maxpossibleFlows=1
maxpossibleFlows=1
maxpossibleFlows=1
maxpossibleFlows=1
maxpossibleFlows=1
maxpossibleFlows=1
maxpossibleFlows=1
maxpossibleFlows=1
maxpossibleFlows=1
maxpossibleFlows=1
maxpossibleFlows=1
maxpossibleFlows=1
maxpossibleFlows=1
maxpossibleFlows=1
maxpossibleFlows=1
maxpossibleFlows=1
maxpossibleFlows=1
maxpossibleFlows=45
maxpossibleFlows=1
1 taint flow paths FOUND from <android.content.ContextWrapper: android.content.res.AssetManager getAssets()> to <android.content.res.AssetManager: java.io.InputStream open(java.lang.String)>
maxpossibleFlows=1
maxpossibleFlows=1
maxpossibleFlows=1
maxpossibleFlows=1
maxpossibleFlows=1
maxpossibleFlows=246
246 taint flow paths FOUND from <java.lang.Class: java.lang.String getSimpleName()> to <android.util.Log: int e(java.lang.String,java.lang.String)>
maxpossibleFlows=8
8 taint flow paths FOUND from <android.view.View: int getLeft()> to <android.util.Log: int v(java.lang.String,java.lang.String)>
maxpossibleFlows=1
maxpossibleFlows=1
maxpossibleFlows=1
maxpossibleFlows=1
maxpossibleFlows=1
maxpossibleFlows=1
maxpossibleFlows=1
maxpossibleFlows=1
maxpossibleFlows=1
maxpossibleFlows=4
maxpossibleFlows=1
maxpossibleFlows=5
maxpossibleFlows=5
maxpossibleFlows=8
maxpossibleFlows=5
maxpossibleFlows=134
maxpossibleFlows=5
maxpossibleFlows=5
maxpossibleFlows=5
maxpossibleFlows=5
maxpossibleFlows=5
maxpossibleFlows=5
maxpossibleFlows=5
maxpossibleFlows=5
maxpossibleFlows=4
maxpossibleFlows=1
maxpossibleFlows=1
maxpossibleFlows=1
maxpossibleFlows=5
maxpossibleFlows=5
5 taint flow paths FOUND from <android.view.LayoutInflater: android.view.View inflate(int,android.view.ViewGroup,boolean)> to <android.widget.TextView: void setText(java.lang.CharSequence)>
maxpossibleFlows=5
maxpossibleFlows=5
maxpossibleFlows=5
maxpossibleFlows=5
maxpossibleFlows=1
maxpossibleFlows=1
maxpossibleFlows=1
maxpossibleFlows=1
maxpossibleFlows=1
maxpossibleFlows=1
maxpossibleFlows=5
5 taint flow paths FOUND from <android.view.View: int getMeasuredWidth()> to <android.util.Log: int v(java.lang.String,java.lang.String)>
maxpossibleFlows=3
maxpossibleFlows=4
maxpossibleFlows=5
maxpossibleFlows=5
maxpossibleFlows=1
maxpossibleFlows=1
maxpossibleFlows=1
maxpossibleFlows=1
maxpossibleFlows=1
maxpossibleFlows=1
1 taint flow paths FOUND from <java.lang.String: byte[] getBytes(java.lang.String)> to <java.io.OutputStream: void write(byte[])>
maxpossibleFlows=1
maxpossibleFlows=1
maxpossibleFlows=1
maxpossibleFlows=1
maxpossibleFlows=1
maxpossibleFlows=1
maxpossibleFlows=1
maxpossibleFlows=3
maxpossibleFlows=205
maxpossibleFlows=19
14 taint flow paths FOUND from <java.lang.StringBuilder: java.lang.String toString()> to <java.net.URL: java.net.URLConnection openConnection()>
maxpossibleFlows=5
5 taint flow paths FOUND from <android.content.res.Resources: int getColor(int)> to <android.util.Log: int v(java.lang.String,java.lang.String)>
maxpossibleFlows=3
maxpossibleFlows=3
maxpossibleFlows=3
maxpossibleFlows=3
3 taint flow paths FOUND from <android.support.v4.view.ViewCompat: int getImportantForAccessibility(android.view.View)> to <android.support.v4.view.ViewCompat: void setImportantForAccessibility(android.view.View,int)>
maxpossibleFlows=5
maxpossibleFlows=5
maxpossibleFlows=5
maxpossibleFlows=5
maxpossibleFlows=3
maxpossibleFlows=5
maxpossibleFlows=5
maxpossibleFlows=3
3 taint flow paths FOUND from <android.view.ViewConfiguration: android.view.ViewConfiguration get(android.content.Context)> to <android.support.v4.view.ViewCompat: void setAccessibilityDelegate(android.view.View,android.support.v4.view.AccessibilityDelegateCompat)>
maxpossibleFlows=4
maxpossibleFlows=5
maxpossibleFlows=5
maxpossibleFlows=3
maxpossibleFlows=5
maxpossibleFlows=3
maxpossibleFlows=3
maxpossibleFlows=5
maxpossibleFlows=3
maxpossibleFlows=1
maxpossibleFlows=1
maxpossibleFlows=1
maxpossibleFlows=1
maxpossibleFlows=1
maxpossibleFlows=1
maxpossibleFlows=5
maxpossibleFlows=1
maxpossibleFlows=4
maxpossibleFlows=1
maxpossibleFlows=1
maxpossibleFlows=1
maxpossibleFlows=4
maxpossibleFlows=1
maxpossibleFlows=4
maxpossibleFlows=4
maxpossibleFlows=2
maxpossibleFlows=4
maxpossibleFlows=1
maxpossibleFlows=1
maxpossibleFlows=1
maxpossibleFlows=4
maxpossibleFlows=4
maxpossibleFlows=4
maxpossibleFlows=1
maxpossibleFlows=1
maxpossibleFlows=1
maxpossibleFlows=4
maxpossibleFlows=4
maxpossibleFlows=1
maxpossibleFlows=8
7 taint flow paths FOUND from <android.view.View: int getWidth()> to <android.util.Log: int v(java.lang.String,java.lang.String)>
maxpossibleFlows=41
maxpossibleFlows=246
246 taint flow paths FOUND from <java.lang.Class: java.lang.String getSimpleName()> to <android.util.Log: int e(java.lang.String,java.lang.String)>
maxpossibleFlows=1
maxpossibleFlows=19
8 taint flow paths FOUND from <java.net.HttpURLConnection: int getResponseCode()> to <java.net.URL: java.net.URLConnection openConnection()>
maxpossibleFlows=2
maxpossibleFlows=2
maxpossibleFlows=1
maxpossibleFlows=20
18 taint flow paths FOUND from <java.net.HttpURLConnection: int getResponseCode()> to <android.os.Handler: boolean sendEmptyMessage(int)>
maxpossibleFlows=1
maxpossibleFlows=1
maxpossibleFlows=1
maxpossibleFlows=1
maxpossibleFlows=1
maxpossibleFlows=1
maxpossibleFlows=1
maxpossibleFlows=1
maxpossibleFlows=1
maxpossibleFlows=1
maxpossibleFlows=1
maxpossibleFlows=1
maxpossibleFlows=1
maxpossibleFlows=1
maxpossibleFlows=1
maxpossibleFlows=1
maxpossibleFlows=1
maxpossibleFlows=1
maxpossibleFlows=1
maxpossibleFlows=1
maxpossibleFlows=1
maxpossibleFlows=1
maxpossibleFlows=1
maxpossibleFlows=1
maxpossibleFlows=1
maxpossibleFlows=1
maxpossibleFlows=1
maxpossibleFlows=1
maxpossibleFlows=1
maxpossibleFlows=1
maxpossibleFlows=1
maxpossibleFlows=1
maxpossibleFlows=1
maxpossibleFlows=1
maxpossibleFlows=1
maxpossibleFlows=1
maxpossibleFlows=1
maxpossibleFlows=1
maxpossibleFlows=1
maxpossibleFlows=1
maxpossibleFlows=1
maxpossibleFlows=1
maxpossibleFlows=38
16 taint flow paths FOUND from <java.net.HttpURLConnection: int getResponseCode()> to <android.os.Handler: boolean sendMessage(android.os.Message)>
maxpossibleFlows=1
1 taint flow paths FOUND from <android.content.ContextWrapper: android.content.res.AssetManager getAssets()> to <android.content.res.AssetManager: java.io.InputStream open(java.lang.String)>
maxpossibleFlows=1
maxpossibleFlows=1
maxpossibleFlows=1
maxpossibleFlows=1
maxpossibleFlows=1
maxpossibleFlows=1
maxpossibleFlows=1
maxpossibleFlows=1
maxpossibleFlows=1
maxpossibleFlows=17
13 taint flow paths FOUND from <java.net.HttpURLConnection: int getResponseCode()> to <java.lang.String: boolean startsWith(java.lang.String)>
maxpossibleFlows=5
maxpossibleFlows=5
maxpossibleFlows=1
maxpossibleFlows=5
maxpossibleFlows=5
5 taint flow paths FOUND from <android.content.ContextWrapper: android.content.res.Resources getResources()> to <android.widget.ListView: void setCacheColorHint(int)>
maxpossibleFlows=5
maxpossibleFlows=5
maxpossibleFlows=5
maxpossibleFlows=5
maxpossibleFlows=5
maxpossibleFlows=5
maxpossibleFlows=5
maxpossibleFlows=5
maxpossibleFlows=5
maxpossibleFlows=5
maxpossibleFlows=5
maxpossibleFlows=1
maxpossibleFlows=5
maxpossibleFlows=5
maxpossibleFlows=5
maxpossibleFlows=1
maxpossibleFlows=5
maxpossibleFlows=5
maxpossibleFlows=5
maxpossibleFlows=5
maxpossibleFlows=3
maxpossibleFlows=5
maxpossibleFlows=5
maxpossibleFlows=5
maxpossibleFlows=12
maxpossibleFlows=12
maxpossibleFlows=6
maxpossibleFlows=1
1 taint flow paths FOUND from <android.view.MotionEvent: int getAction()> to <android.widget.ListView: void setSelection(int)>
maxpossibleFlows=36
maxpossibleFlows=5
maxpossibleFlows=134
maxpossibleFlows=134
maxpossibleFlows=1
maxpossibleFlows=139
139 taint flow paths FOUND from <android.view.View: int getLeft()> to <android.view.View: void setVisibility(int)>
maxpossibleFlows=5
maxpossibleFlows=5
maxpossibleFlows=5
maxpossibleFlows=5
maxpossibleFlows=5
maxpossibleFlows=5
maxpossibleFlows=5
maxpossibleFlows=5
maxpossibleFlows=5
maxpossibleFlows=5
maxpossibleFlows=5
maxpossibleFlows=1
maxpossibleFlows=5
maxpossibleFlows=5
maxpossibleFlows=5
maxpossibleFlows=1
maxpossibleFlows=5
maxpossibleFlows=5
maxpossibleFlows=5
maxpossibleFlows=5
maxpossibleFlows=5
maxpossibleFlows=5
maxpossibleFlows=5
maxpossibleFlows=5
maxpossibleFlows=1
maxpossibleFlows=5
maxpossibleFlows=5
maxpossibleFlows=2
maxpossibleFlows=5
maxpossibleFlows=1
maxpossibleFlows=1
maxpossibleFlows=1
maxpossibleFlows=5
maxpossibleFlows=5
maxpossibleFlows=5
maxpossibleFlows=1
maxpossibleFlows=1
maxpossibleFlows=5
maxpossibleFlows=5
maxpossibleFlows=1
maxpossibleFlows=5
maxpossibleFlows=1
maxpossibleFlows=5
maxpossibleFlows=5
maxpossibleFlows=2
maxpossibleFlows=12
maxpossibleFlows=5
maxpossibleFlows=12
maxpossibleFlows=1
maxpossibleFlows=1
maxpossibleFlows=1
maxpossibleFlows=5
maxpossibleFlows=5
2 taint flow paths FOUND from <android.view.LayoutInflater: android.view.View inflate(int,android.view.ViewGroup)> to <android.widget.TextView: void setText(java.lang.CharSequence)>
maxpossibleFlows=6
maxpossibleFlows=6
maxpossibleFlows=6
maxpossibleFlows=3
3 taint flow paths FOUND from <android.support.v4.view.ViewConfigurationCompat: int getScaledPagingTouchSlop(android.view.ViewConfiguration)> to <android.support.v4.view.ViewCompat: void setAccessibilityDelegate(android.view.View,android.support.v4.view.AccessibilityDelegateCompat)>
maxpossibleFlows=91
91 taint flow paths FOUND from <android.view.MotionEvent: int getAction()> to <android.widget.AbsListView: boolean onTouchEvent(android.view.MotionEvent)>
maxpossibleFlows=246
maxpossibleFlows=492
492 taint flow paths FOUND from <android.view.View: int getHeight()> to <android.graphics.drawable.Drawable: void setBounds(int,int,int,int)>
maxpossibleFlows=8
maxpossibleFlows=5
maxpossibleFlows=5
maxpossibleFlows=5
maxpossibleFlows=5
maxpossibleFlows=9
maxpossibleFlows=5
maxpossibleFlows=5
maxpossibleFlows=5
maxpossibleFlows=9
maxpossibleFlows=9
maxpossibleFlows=1
maxpossibleFlows=5
maxpossibleFlows=5
maxpossibleFlows=5
maxpossibleFlows=1
maxpossibleFlows=9
maxpossibleFlows=5
maxpossibleFlows=5
maxpossibleFlows=4
maxpossibleFlows=5
maxpossibleFlows=3
maxpossibleFlows=3
maxpossibleFlows=5
maxpossibleFlows=5
maxpossibleFlows=4
maxpossibleFlows=5
maxpossibleFlows=4
maxpossibleFlows=1
1 taint flow paths FOUND from <java.net.URLConnection: java.io.OutputStream getOutputStream()> to <java.io.OutputStream: void write(byte[])>
maxpossibleFlows=1
maxpossibleFlows=38
2 taint flow paths FOUND from <java.net.HttpURLConnection: int getResponseCode()> to <java.net.URLConnection: void setRequestProperty(java.lang.String,java.lang.String)>
maxpossibleFlows=3
3 taint flow paths FOUND from <android.support.v4.view.ViewConfigurationCompat: int getScaledPagingTouchSlop(android.view.ViewConfiguration)> to <android.support.v4.view.ViewCompat: void setImportantForAccessibility(android.view.View,int)>
maxpossibleFlows=3
maxpossibleFlows=3
maxpossibleFlows=3
maxpossibleFlows=3
maxpossibleFlows=3
maxpossibleFlows=3
maxpossibleFlows=3
maxpossibleFlows=3
maxpossibleFlows=1
maxpossibleFlows=5
maxpossibleFlows=5
maxpossibleFlows=5
maxpossibleFlows=5
maxpossibleFlows=5
maxpossibleFlows=5
maxpossibleFlows=5
maxpossibleFlows=5
maxpossibleFlows=5
maxpossibleFlows=5
maxpossibleFlows=5
maxpossibleFlows=1
maxpossibleFlows=5
maxpossibleFlows=5
maxpossibleFlows=5
maxpossibleFlows=1
maxpossibleFlows=5
maxpossibleFlows=5
maxpossibleFlows=5
maxpossibleFlows=5
maxpossibleFlows=3
maxpossibleFlows=5
maxpossibleFlows=5
maxpossibleFlows=5
maxpossibleFlows=246
maxpossibleFlows=246
maxpossibleFlows=246
maxpossibleFlows=246
maxpossibleFlows=3
maxpossibleFlows=3
maxpossibleFlows=3
maxpossibleFlows=3
maxpossibleFlows=3
maxpossibleFlows=3
maxpossibleFlows=3
maxpossibleFlows=3
maxpossibleFlows=1
maxpossibleFlows=1
maxpossibleFlows=5
maxpossibleFlows=1
maxpossibleFlows=1
maxpossibleFlows=5
maxpossibleFlows=1
maxpossibleFlows=5
maxpossibleFlows=1
maxpossibleFlows=18
11 taint flow paths FOUND from <java.net.HttpURLConnection: int getResponseCode()> to <java.net.HttpURLConnection: void setRequestMethod(java.lang.String)>
[WARNING] [32mVERBOSE[0m Callback method :<init> in Class android.support.v4.app.Fragment
[WARNING] [32mVERBOSE[0m Callback method :onConfigurationChanged in Class android.support.v4.app.Fragment
[WARNING] [32mVERBOSE[0m Callback method :onCreateContextMenu in Class android.support.v4.app.Fragment
[WARNING] [32mVERBOSE[0m Callback method :onLowMemory in Class android.support.v4.app.Fragment
[WARNING] [32mVERBOSE[0m Callback method :<init> in Class android.support.v4.app.DialogFragment
[WARNING] [32mVERBOSE[0m Callback method :onCancel in Class android.support.v4.app.DialogFragment
[WARNING] [32mVERBOSE[0m Callback method :onDismiss in Class android.support.v4.app.DialogFragment
[WARNING] [32mVERBOSE[0m Callback method :onAttachedToWindow in Class android.support.v4.app.FragmentTabHost
[WARNING] [32mVERBOSE[0m Callback method :onDetachedFromWindow in Class android.support.v4.app.FragmentTabHost
[WARNING] [32mVERBOSE[0m Callback method :onRestoreInstanceState in Class android.support.v4.app.FragmentTabHost
[WARNING] [32mVERBOSE[0m Callback method :onSaveInstanceState in Class android.support.v4.app.FragmentTabHost
[WARNING] [32mVERBOSE[0m Callback method :onTabChanged in Class android.support.v4.app.FragmentTabHost
[WARNING] [32mVERBOSE[0m Callback method :setOnTabChangedListener in Class android.support.v4.app.FragmentTabHost
[WARNING] [32mVERBOSE[0m Callback method :setup in Class android.support.v4.app.FragmentTabHost
[WARNING] [32mVERBOSE[0m Hierarchy.virtualDispatch called with non-concrete receiver class: com.chinat2t.tcp001.BaseActivity, subsig: void <init>()
[WARNING] [32mVERBOSE[0m Callback method :<init> in Class com.chinat2t.tcp001.BaseActivity
[WARNING] [32mVERBOSE[0m Hierarchy.virtualDispatch called with non-concrete receiver class: com.chinat2t.tcp001.BaseActivity, subsig: void onClick(android.view.View)
[WARNING] [32mVERBOSE[0m Callback method :onClick in Class com.chinat2t.tcp001.BaseActivity
[WARNING] [32mVERBOSE[0m Hierarchy.virtualDispatch called with non-concrete receiver class: com.chinat2t.tcp001.BaseActivity, subsig: void onCreate(android.os.Bundle)
[WARNING] [32mVERBOSE[0m Callback method :onCreate in Class com.chinat2t.tcp001.BaseActivity
[WARNING] [32mVERBOSE[0m Hierarchy.virtualDispatch called with non-concrete receiver class: com.chinat2t.tcp001.BaseFragment, subsig: void <init>()
[WARNING] [32mVERBOSE[0m Callback method :<init> in Class com.chinat2t.tcp001.BaseFragment
[WARNING] [32mVERBOSE[0m Hierarchy.virtualDispatch called with non-concrete receiver class: com.chinat2t.tcp001.BaseFragment, subsig: void onClick(android.view.View)
[WARNING] [32mVERBOSE[0m Callback method :onClick in Class com.chinat2t.tcp001.BaseFragment
[WARNING] [32mVERBOSE[0m Callback method :onScroll in Class com.chinat2t.tcp001.view.PullDownListView
[WARNING] [32mVERBOSE[0m Callback method :onScrollStateChanged in Class com.chinat2t.tcp001.view.PullDownListView
[WARNING] [32mVERBOSE[0m Callback method :onTouchEvent in Class com.chinat2t.tcp001.view.PullDownListView
[WARNING] [32mVERBOSE[0m Callback method :<init> in Class com.chinat2t.tcp001.activity.ChangePhoneActivity
[WARNING] [32mVERBOSE[0m Callback method :onClick in Class com.chinat2t.tcp001.activity.ChangePhoneActivity
[WARNING] [32mVERBOSE[0m Callback method :onCreate in Class com.chinat2t.tcp001.activity.ChangePhoneActivity
[WARNING] [32mVERBOSE[0m Callback method :<init> in Class com.chinat2t.tcp001.activity.ChangeUserImageActivity
[WARNING] [32mVERBOSE[0m Callback method :onClick in Class com.chinat2t.tcp001.activity.ChangeUserImageActivity
[WARNING] [32mVERBOSE[0m Callback method :onCreate in Class com.chinat2t.tcp001.activity.ChangeUserImageActivity
[WARNING] [32mVERBOSE[0m Callback method :<init> in Class com.chinat2t.tcp001.activity.ForgetpasswordActivity
[WARNING] [32mVERBOSE[0m Callback method :onClick in Class com.chinat2t.tcp001.activity.ForgetpasswordActivity
[WARNING] [32mVERBOSE[0m Callback method :<init> in Class com.chinat2t.tcp001.activity.RegisterActivity
[WARNING] [32mVERBOSE[0m Callback method :onClick in Class com.chinat2t.tcp001.activity.RegisterActivity
[WARNING] [32mVERBOSE[0m Callback method :onCreate in Class com.chinat2t.tcp001.activity.RegisterActivity
[WARNING] [32mVERBOSE[0m Callback method :<init> in Class com.chinat2t.tcp001.activity.RegisterEmailActivity
[WARNING] [32mVERBOSE[0m Callback method :<init> in Class com.chinat2t.tcp001.activity.RegisterPhoneActivity
[WARNING] [32mVERBOSE[0m Callback method :onClick in Class com.chinat2t.tcp001.activity.RegisterPhoneActivity
[WARNING] [32mVERBOSE[0m Callback method :onCreate in Class com.chinat2t.tcp001.activity.RegisterPhoneActivity
[WARNING] [32mVERBOSE[0m Callback method :<init> in Class com.chinat2t.tcp001.activity.RegisterPhoneTwoActivity
[WARNING] [32mVERBOSE[0m Callback method :onClick in Class com.chinat2t.tcp001.activity.RegisterPhoneTwoActivity
[WARNING] [32mVERBOSE[0m Callback method :onCreate in Class com.chinat2t.tcp001.activity.RegisterPhoneTwoActivity
[WARNING] [32mVERBOSE[0m Callback method :onScroll in Class com.nostra13.universalimageloader.core.assist.PauseOnScrollListener
[WARNING] [32mVERBOSE[0m Callback method :onScrollStateChanged in Class com.nostra13.universalimageloader.core.assist.PauseOnScrollListener
[WARNING] [32mVERBOSE[0m Callback method :<init> in Class com.zxing.zxingdemoforlm.CaptureActivity
[WARNING] [32mVERBOSE[0m Callback method :onCreate in Class com.zxing.zxingdemoforlm.CaptureActivity
[WARNING] [32mVERBOSE[0m Callback method :onDestroy in Class com.zxing.zxingdemoforlm.CaptureActivity
[WARNING] [32mVERBOSE[0m Callback method :onPause in Class com.zxing.zxingdemoforlm.CaptureActivity
[WARNING] [32mVERBOSE[0m Callback method :onResume in Class com.zxing.zxingdemoforlm.CaptureActivity
[WARNING] [32mVERBOSE[0m Callback method :surfaceChanged in Class com.zxing.zxingdemoforlm.CaptureActivity
[WARNING] [32mVERBOSE[0m Callback method :surfaceCreated in Class com.zxing.zxingdemoforlm.CaptureActivity
[WARNING] [32mVERBOSE[0m Callback method :surfaceDestroyed in Class com.zxing.zxingdemoforlm.CaptureActivity
Result for malicious-app-67-D40C209A276F2ED51B08C066A9AEF98A2BE2C1E752FF36996015DB8E24A0D9F6.apkcom.chinat2t10615zw.templte