DUA-Forensics args to Soot: -w -cp /home/handrick/Documents/UNB/benchmark/libs/droidfax.jar:/home/handrick/Android/Sdk/platforms/android-19/android.jar -p cg verbose:false,implicit-entry:true -p cg.spark verbose:false,on-fly-cg:true,rta:false -d /home/handrick/Documents/UNB/benchmark/trace/180/3/droidbot/malicious-app-37-DFE187680B20DD5119F08EDA71A317FC45139382CEE1466F21C3623C5F5A127D.apk.logcat -process-dir /home/handrick/Documents/UNB/benchmark/data/input/malicious-app-37-DFE187680B20DD5119F08EDA71A317FC45139382CEE1466F21C3623C5F5A127D.apk 
Soot started on Sat Apr 16 01:21:55 CEST 2022
Warning: com.ironsource.mobilcore.BaseFlowBasedAdUnit is a phantom class!
Warning: java.lang.invoke.LambdaMetafactory is a phantom class!
Warning: java.lang.ref.Finalizer is a phantom class!
Warning: cn.appmedia.ad.AdManager is a phantom class!
Warning: cn.appmedia.ad.AdViewListener is a phantom class!
Warning: cn.appmedia.ad.BannerAdView is a phantom class!
Warning: com.adchina.android.ads.AdEngine is a phantom class!
Warning: com.adchina.android.ads.AdListener is a phantom class!
Warning: com.adchina.android.ads.AdManager is a phantom class!
Warning: com.adchina.android.ads.views.AdView is a phantom class!
Warning: com.adchina.android.ads.views.ShrinkFSAdView is a phantom class!
Warning: com.energysource.szj.embeded.AdListener is a phantom class!
Warning: com.energysource.szj.embeded.AdView is a phantom class!
Warning: com.casee.adsdk.CaseeAdView$AdListener is a phantom class!
Warning: com.casee.adsdk.CaseeAdView is a phantom class!
Warning: com.greystripe.android.sdk.BannerListener is a phantom class!
Warning: com.greystripe.android.sdk.BannerView is a phantom class!
Warning: com.greystripe.android.sdk.GSSDK is a phantom class!
Warning: com.izp.views.IZPDelegate is a phantom class!
Warning: com.izp.views.IZPView is a phantom class!
Warning: com.inmobi.androidsdk.InMobiAdDelegate is a phantom class!
Warning: com.inmobi.androidsdk.impl.InMobiAdView is a phantom class!
Warning: com.inmobi.androidsdk.EducationType is a phantom class!
Warning: com.inmobi.androidsdk.EthnicityType is a phantom class!
Warning: com.inmobi.androidsdk.GenderType is a phantom class!
Warning: com.l.adlib_android.AdListenerEx is a phantom class!
Warning: com.l.adlib_android.AdView is a phantom class!
Warning: com.l.adlib_android.AdViewFull is a phantom class!
Warning: com.lmmob.ad.sdk.LmMobAdRequestListener is a phantom class!
Warning: com.lmmob.ad.sdk.LmMobAdView is a phantom class!
Warning: com.smaato.SOMA.AdListener is a phantom class!
Warning: com.smaato.SOMA.SOMABanner is a phantom class!
Warning: com.smaato.SOMA.AdDownloader is a phantom class!
Warning: com.smaato.SOMA.ErrorCode is a phantom class!
Warning: com.smaato.SOMA.SOMAReceivedBanner is a phantom class!
Warning: com.madhouse.android.ads.AdListener is a phantom class!
Warning: com.madhouse.android.ads.AdView is a phantom class!
Warning: com.vpon.adon.android.AdListener is a phantom class!
Warning: com.apon.android.AponService is a phantom class!
Warning: com.vpon.adon.android.AdView is a phantom class!
Warning: com.winad.android.ads.ADListener is a phantom class!
Warning: com.winad.android.ads.AdView is a phantom class!
Warning: com.wiyun.ad.AdView$AdListener is a phantom class!
Warning: com.wiyun.ad.AdView is a phantom class!
Warning: com.wooboo.adlib_android.AdListener is a phantom class!
Warning: com.wooboo.adlib_android.WoobooAdView is a phantom class!
Warning: net.youmi.android.AdViewListener is a phantom class!
Warning: net.youmi.android.AdView is a phantom class!
Warning: com.oneriot.OneRiotAdActionListener is a phantom class!
Warning: com.oneriot.OneRiotAd is a phantom class!
Warning: com.qwapi.adclient.android.view.AdEventsListener is a phantom class!
Warning: com.qwapi.adclient.android.view.QWAdView is a phantom class!
Warning: com.qwapi.adclient.android.data.Ad is a phantom class!
Warning: com.qwapi.adclient.android.requestparams.AdRequestParams is a phantom class!
Warning: com.qwapi.adclient.android.data.Status is a phantom class!
Warning: com.apon.android.ServicePlatform is a phantom class!
Warning: com.energysource.szj.embeded.AdManager is a phantom class!
Warning: com.lmmob.ad.sdk.LmMobEngine is a phantom class!
Warning: com.madhouse.android.ads.AdManager is a phantom class!
Warning: com.qwapi.adclient.android.requestparams.AnimationType is a phantom class!
Warning: com.qwapi.adclient.android.requestparams.DisplayMode is a phantom class!
Warning: com.qwapi.adclient.android.requestparams.Gender is a phantom class!
Warning: com.qwapi.adclient.android.requestparams.MediaType is a phantom class!
Warning: com.qwapi.adclient.android.requestparams.Placement is a phantom class!
Warning: com.smaato.SOMA.AdDownloader$MediaType is a phantom class!
Warning: com.smaato.SOMA.SOMABanner$AnimationType is a phantom class!
Warning: com.vpon.adon.android.AdOnPlatform is a phantom class!
Warning: net.youmi.android.AdManager is a phantom class!
No main class given. Inferred 'com.baidu.AdType' as main class.
[Call Graph] For information on where the call graph may be incomplete, use the verbose option to the cg phase.
[Spark] Pointer Assignment Graph in 0.1 seconds.
[Spark] Type masks in 0.0 seconds.
[Spark] Pointer Graph simplified in 0.0 seconds.
[Spark] Propagation in 0.0 seconds.
[Spark] Solution found in 0.0 seconds.
hcai's internal transform
Running static analysis for security-relevant feature characterization
[GatorHierarchy] [32mVERBOSE[0m [HIER] All classes: 2415
[GatorHierarchy] [32mVERBOSE[0m [App: 1107, Lib : 1240, Phantom: 68]
[GatorHierarchy] [32mVERBOSE[0m [HIER] Activities: 20, lib activities: 2
[GatorHierarchy] [32mVERBOSE[0m [HIER] App views: 43, Lib views: 28
[GatorHierarchy] [32mVERBOSE[0m [HIER] App Dialogs: 9, Lib Dialogs: 4
[TIMECOST] [32mVERBOSE[0m buildApplicationCodeMap parsing starting at 1650064917273
array element type: (filled narr)int
array element type: (filled narr)int
array element type: (filled narr)int
array element type: (filled narr)int
array element type: (filled narr)int
array element type: (filled narr)int
array element type: (filled narr)int
array element type: (filled narr)int
array element type: (filled narr)int
array element type: (filled narr)int
array element type: (filled narr)int
array element type: (filled narr)int
[TIMECOST] [32mVERBOSE[0m buildApplicationCodeMap parsing finished at 1650064928729
[Instantiated app classes] [32mVERBOSE[0m total number: 1007
[WARNING] [32mVERBOSE[0m Callback method :onItemSelected in Class com.androgames.BubbleBurst.Options added
[WARNING] [32mVERBOSE[0m Callback method :onCreate in Class com.androgames.BubbleBurst.Options added
[WARNING] [32mVERBOSE[0m Callback method :onNothingSelected in Class com.androgames.BubbleBurst.Options added
[WARNING] [32mVERBOSE[0m Callback method :onClick in Class com.androgames.BubbleBurst.Options added
[WARNING] [32mVERBOSE[0m Callback method :handleMessage in Class com.millennialmedia.android.VideoPlayer added
[WARNING] [32mVERBOSE[0m Callback method :onPause in Class com.millennialmedia.android.VideoPlayer added
[WARNING] [32mVERBOSE[0m Callback method :dispatchTouchEvent in Class com.millennialmedia.android.VideoPlayer added
[WARNING] [32mVERBOSE[0m Callback method :onCreate in Class com.millennialmedia.android.VideoPlayer added
[WARNING] [32mVERBOSE[0m Callback method :onDestroy in Class com.millennialmedia.android.VideoPlayer added
[WARNING] [32mVERBOSE[0m Callback method :onStart in Class com.millennialmedia.android.VideoPlayer added
[WARNING] [32mVERBOSE[0m Callback method :onSaveInstanceState in Class com.millennialmedia.android.VideoPlayer added
[WARNING] [32mVERBOSE[0m Callback method :onResume in Class com.millennialmedia.android.VideoPlayer added
[WARNING] [32mVERBOSE[0m Callback method :onKeyDown in Class com.giffads.android.sdk.v3.RpnActivity added
[WARNING] [32mVERBOSE[0m Callback method :onStop in Class com.giffads.android.sdk.v3.RpnActivity added
[WARNING] [32mVERBOSE[0m Callback method :onCreate in Class com.giffads.android.sdk.v3.RpnActivity added
[WARNING] [32mVERBOSE[0m Callback method :onCreateOptionsMenu in Class com.giffads.android.sdk.v3.RpnActivity added
[WARNING] [32mVERBOSE[0m Callback method :onWindowFocusChanged in Class com.mobclix.android.sdk.MobclixAdView added
[WARNING] [32mVERBOSE[0m Callback method :onRestoreInstanceState in Class com.mobclix.android.sdk.MobclixAdView added
[WARNING] [32mVERBOSE[0m Callback method :setLayoutParams in Class com.mobclix.android.sdk.MobclixAdView added
[WARNING] [32mVERBOSE[0m Callback method :onSaveInstanceState in Class com.mobclix.android.sdk.MobclixAdView added
[WARNING] [32mVERBOSE[0m Callback method :onDetachedFromWindow in Class com.mobclix.android.sdk.MobclixAdView added
[WARNING] [32mVERBOSE[0m Callback method :onVisibilityChanged in Class com.mobclix.android.sdk.MobclixAdView added
[WARNING] [32mVERBOSE[0m Callback method :onKeyDown in Class com.mobclix.android.sdk.MobclixBrowserActivity added
[WARNING] [32mVERBOSE[0m Callback method :onRestoreInstanceState in Class com.mobclix.android.sdk.MobclixBrowserActivity added
[WARNING] [32mVERBOSE[0m Callback method :onPause in Class com.mobclix.android.sdk.MobclixBrowserActivity added
[WARNING] [32mVERBOSE[0m Callback method :onStop in Class com.mobclix.android.sdk.MobclixBrowserActivity added
[WARNING] [32mVERBOSE[0m Callback method :onCreate in Class com.mobclix.android.sdk.MobclixBrowserActivity added
[WARNING] [32mVERBOSE[0m Callback method :onCreateOptionsMenu in Class com.mobclix.android.sdk.MobclixBrowserActivity added
[WARNING] [32mVERBOSE[0m Callback method :onDestroy in Class com.mobclix.android.sdk.MobclixBrowserActivity added
[WARNING] [32mVERBOSE[0m Callback method :onStart in Class com.mobclix.android.sdk.MobclixBrowserActivity added
[WARNING] [32mVERBOSE[0m Callback method :onSaveInstanceState in Class com.mobclix.android.sdk.MobclixBrowserActivity added
[WARNING] [32mVERBOSE[0m Callback method :onActivityResult in Class com.mobclix.android.sdk.MobclixBrowserActivity added
[WARNING] [32mVERBOSE[0m Callback method :onOptionsItemSelected in Class com.mobclix.android.sdk.MobclixBrowserActivity added
[WARNING] [32mVERBOSE[0m Callback method :onResume in Class com.mobclix.android.sdk.MobclixBrowserActivity added
[WARNING] [32mVERBOSE[0m Callback method :onItemSelected in Class com.androgames.BubbleBurst.TopScores added
[WARNING] [32mVERBOSE[0m Callback method :onCreate in Class com.androgames.BubbleBurst.TopScores added
[WARNING] [32mVERBOSE[0m Callback method :onCreateOptionsMenu in Class com.androgames.BubbleBurst.TopScores added
[WARNING] [32mVERBOSE[0m Callback method :onNothingSelected in Class com.androgames.BubbleBurst.TopScores added
[WARNING] [32mVERBOSE[0m Callback method :onOptionsItemSelected in Class com.androgames.BubbleBurst.TopScores added
[WARNING] [32mVERBOSE[0m Callback method :onCreateDialog in Class com.androgames.BubbleBurst.ScoreBoard added
[WARNING] [32mVERBOSE[0m Callback method :onCreate in Class com.androgames.BubbleBurst.ScoreBoard added
[WARNING] [32mVERBOSE[0m Callback method :onActivityResult in Class com.androgames.BubbleBurst.ScoreBoard added
[WARNING] [32mVERBOSE[0m Callback method :onClick in Class com.androgames.BubbleBurst.ScoreBoard added
[WARNING] [32mVERBOSE[0m Callback method :onCompletion in Class com.androgames.BubbleBurst.ScoreBoard added
[WARNING] [32mVERBOSE[0m Callback method :onListItemClick in Class com.androgames.BubbleBurst.PendingGameChoice added
[WARNING] [32mVERBOSE[0m Callback method :onCreateContextMenu in Class com.androgames.BubbleBurst.PendingGameChoice added
[WARNING] [32mVERBOSE[0m Callback method :onCreate in Class com.androgames.BubbleBurst.PendingGameChoice added
[WARNING] [32mVERBOSE[0m Callback method :onContextItemSelected in Class com.androgames.BubbleBurst.PendingGameChoice added
[WARNING] [32mVERBOSE[0m Callback method :onReceive in Class com.google.ads.InstallReceiver added
[WARNING] [32mVERBOSE[0m Callback method :onCreate in Class com.androgames.BubbleBurst.Upgrade added
[WARNING] [32mVERBOSE[0m Callback method :onCreate in Class com.androgames.BubbleBurst.Scores added
[WARNING] [32mVERBOSE[0m Callback method :onClick in Class com.androgames.BubbleBurst.Scores added
[WARNING] [32mVERBOSE[0m Callback method :onCreate in Class com.scoreloop.client.android.core.ui.WebViewDialog added
[WARNING] [32mVERBOSE[0m Callback method :onWindowFocusChanged in Class com.mobclix.android.sdk.MobclixAdView added
[WARNING] [32mVERBOSE[0m Callback method :onRestoreInstanceState in Class com.mobclix.android.sdk.MobclixAdView added
[WARNING] [32mVERBOSE[0m Callback method :setLayoutParams in Class com.mobclix.android.sdk.MobclixAdView added
[WARNING] [32mVERBOSE[0m Callback method :onSaveInstanceState in Class com.mobclix.android.sdk.MobclixAdView added
[WARNING] [32mVERBOSE[0m Callback method :onDetachedFromWindow in Class com.mobclix.android.sdk.MobclixAdView added
[WARNING] [32mVERBOSE[0m Callback method :onVisibilityChanged in Class com.mobclix.android.sdk.MobclixAdView added
[WARNING] [32mVERBOSE[0m Callback method :onWindowFocusChanged in Class com.google.ads.AdActivity added
[WARNING] [32mVERBOSE[0m Callback method :onPrepared in Class com.google.ads.AdActivity added
[WARNING] [32mVERBOSE[0m Callback method :onCreate in Class com.google.ads.AdActivity added
[WARNING] [32mVERBOSE[0m Callback method :onDestroy in Class com.google.ads.AdActivity added
[WARNING] [32mVERBOSE[0m Callback method :onClick in Class com.google.ads.AdActivity added
[WARNING] [32mVERBOSE[0m Callback method :onCompletion in Class com.google.ads.AdActivity added
[WARNING] [32mVERBOSE[0m Callback method :onKeyDown in Class com.mt.airad.MultiAD added
[WARNING] [32mVERBOSE[0m Callback method :onCreate in Class com.mt.airad.MultiAD added
[WARNING] [32mVERBOSE[0m Callback method :onDestroy in Class com.mt.airad.MultiAD added
[WARNING] [32mVERBOSE[0m Callback method :onKeyDown in Class com.androgames.BubbleBurst.BubbleBurst added
[WARNING] [32mVERBOSE[0m Callback method :onCreateDialog in Class com.androgames.BubbleBurst.BubbleBurst added
[WARNING] [32mVERBOSE[0m Callback method :onNewIntent in Class com.androgames.BubbleBurst.BubbleBurst added
[WARNING] [32mVERBOSE[0m Callback method :onPause in Class com.androgames.BubbleBurst.BubbleBurst added
[WARNING] [32mVERBOSE[0m Callback method :onStop in Class com.androgames.BubbleBurst.BubbleBurst added
[WARNING] [32mVERBOSE[0m Callback method :onCreate in Class com.androgames.BubbleBurst.BubbleBurst added
[WARNING] [32mVERBOSE[0m Callback method :onCreateOptionsMenu in Class com.androgames.BubbleBurst.BubbleBurst added
[WARNING] [32mVERBOSE[0m Callback method :onKeyUp in Class com.androgames.BubbleBurst.BubbleBurst added
[WARNING] [32mVERBOSE[0m Callback method :onSaveInstanceState in Class com.androgames.BubbleBurst.BubbleBurst added
[WARNING] [32mVERBOSE[0m Callback method :onActivityResult in Class com.androgames.BubbleBurst.BubbleBurst added
[WARNING] [32mVERBOSE[0m Callback method :onOptionsItemSelected in Class com.androgames.BubbleBurst.BubbleBurst added
[WARNING] [32mVERBOSE[0m Callback method :onResume in Class com.androgames.BubbleBurst.BubbleBurst added
[WARNING] [32mVERBOSE[0m Callback method :onCompletion in Class com.androgames.BubbleBurst.BubbleBurst added
[WARNING] [32mVERBOSE[0m Callback method :onReceive in Class com.mobclix.android.sdk.MobclixReferralReceiver added
[WARNING] [32mVERBOSE[0m Callback method :onKeyDown in Class com.adwo.adsdk.AdwoAdBrowserActivity added
[WARNING] [32mVERBOSE[0m Callback method :onPause in Class com.adwo.adsdk.AdwoAdBrowserActivity added
[WARNING] [32mVERBOSE[0m Callback method :onStop in Class com.adwo.adsdk.AdwoAdBrowserActivity added
[WARNING] [32mVERBOSE[0m Callback method :onCreate in Class com.adwo.adsdk.AdwoAdBrowserActivity added
[WARNING] [32mVERBOSE[0m Callback method :onDestroy in Class com.adwo.adsdk.AdwoAdBrowserActivity added
[WARNING] [32mVERBOSE[0m Callback method :onResume in Class com.adwo.adsdk.AdwoAdBrowserActivity added
[WARNING] [32mVERBOSE[0m Callback method :onCreate in Class com.androgames.BubbleBurst.BBFreeApp added
[WARNING] [32mVERBOSE[0m Callback method :onStart in Class com.scoreloop.client.android.core.ui.PaymentDialog added
[WARNING] [32mVERBOSE[0m Callback method :onCreate in Class com.scoreloop.client.android.core.ui.WebViewDialog added
[WARNING] [32mVERBOSE[0m Callback method :onCreate in Class com.mdotm.android.ads.MdotmLandingPage added
[WARNING] [32mVERBOSE[0m Callback method :onBind in Class com.admogo.UpdateService added
[WARNING] [32mVERBOSE[0m Callback method :onStart in Class com.admogo.UpdateService added
[WARNING] [32mVERBOSE[0m Callback method :onClick in Class com.mobclix.android.sdk.Mobclix$ObjectOnClickListener added
[WARNING] [32mVERBOSE[0m Callback method :onKeyDown in Class com.androgames.BubbleBurst.Help added
[WARNING] [32mVERBOSE[0m Callback method :onCreate in Class com.androgames.BubbleBurst.Help added
[WARNING] [32mVERBOSE[0m Callback method :onCreate in Class com.androgames.BubbleBurst.Introduction added
[WARNING] [32mVERBOSE[0m Callback method :onMeasure in Class com.admogo.AdMogoLayout added
[WARNING] [32mVERBOSE[0m Callback method :onInterceptTouchEvent in Class com.admogo.AdMogoLayout added
[WARNING] [32mVERBOSE[0m Callback method :onWindowVisibilityChanged in Class com.admogo.AdMogoLayout added
[WARNING] [32mVERBOSE[0m Callback method :invalidate in Class com.androgames.BubbleBurst.BoardSurfaceView added
[WARNING] [32mVERBOSE[0m Callback method :surfaceCreated in Class com.androgames.BubbleBurst.BoardSurfaceView added
[WARNING] [32mVERBOSE[0m Callback method :onSensorChanged in Class com.androgames.BubbleBurst.BoardSurfaceView added
[WARNING] [32mVERBOSE[0m Callback method :onAccuracyChanged in Class com.androgames.BubbleBurst.BoardSurfaceView added
[WARNING] [32mVERBOSE[0m Callback method :onTouchEvent in Class com.androgames.BubbleBurst.BoardSurfaceView added
[WARNING] [32mVERBOSE[0m Callback method :surfaceDestroyed in Class com.androgames.BubbleBurst.BoardSurfaceView added
[WARNING] [32mVERBOSE[0m Callback method :surfaceChanged in Class com.androgames.BubbleBurst.BoardSurfaceView added
[WARNING] [32mVERBOSE[0m Callback method :onPause in Class com.millennialmedia.android.MMAdViewOverlayActivity added
[WARNING] [32mVERBOSE[0m Callback method :onStop in Class com.millennialmedia.android.MMAdViewOverlayActivity added
[WARNING] [32mVERBOSE[0m Callback method :onCreate in Class com.millennialmedia.android.MMAdViewOverlayActivity added
[WARNING] [32mVERBOSE[0m Callback method :onDestroy in Class com.millennialmedia.android.MMAdViewOverlayActivity added
[WARNING] [32mVERBOSE[0m Callback method :onResume in Class com.millennialmedia.android.MMAdViewOverlayActivity added
[WARNING] [32mVERBOSE[0m Callback method :onKeyDown in Class com.adwo.adsdk.AdwoSplashAdActivity added
[WARNING] [32mVERBOSE[0m Callback method :onCreate in Class com.adwo.adsdk.AdwoSplashAdActivity added
[WARNING] [32mVERBOSE[0m Callback method :onCreate in Class cn.domob.android.ads.DomobActivity added
0 ICC links found and 0 cg edges added due to ICC links
dynamic conflated call graph: 333 methods; 333 nodes; 420 edges.
maxpossibleFlows=9
maxpossibleFlows=9
maxpossibleFlows=10
5 taint flow paths FOUND from <android.content.ContextWrapper: android.content.SharedPreferences getSharedPreferences(java.lang.String,int)> to <android.util.Log: int i(java.lang.String,java.lang.String)>
maxpossibleFlows=2
maxpossibleFlows=2
maxpossibleFlows=2
maxpossibleFlows=2
maxpossibleFlows=2
maxpossibleFlows=2
maxpossibleFlows=13
12 taint flow paths FOUND from <java.lang.ref.Reference: java.lang.Object get()> to <android.util.Log: int i(java.lang.String,java.lang.String)>
maxpossibleFlows=5
5 taint flow paths FOUND from <android.view.ContextThemeWrapper: android.content.res.Resources getResources()> to <android.widget.TextView: void setText(java.lang.CharSequence)>
maxpossibleFlows=9
maxpossibleFlows=9
maxpossibleFlows=13
9 taint flow paths FOUND from <java.lang.StringBuilder: java.lang.String toString()> to <android.util.Log: int i(java.lang.String,java.lang.String)>
maxpossibleFlows=6
maxpossibleFlows=6
maxpossibleFlows=6
maxpossibleFlows=6
maxpossibleFlows=2
maxpossibleFlows=2
maxpossibleFlows=5
5 taint flow paths FOUND from <android.content.ContextWrapper: android.content.Context getApplicationContext()> to <android.view.View: void setFocusable(boolean)>
maxpossibleFlows=5
maxpossibleFlows=5
maxpossibleFlows=1
maxpossibleFlows=10
maxpossibleFlows=10
1 taint flow paths FOUND from <android.content.ContextWrapper: android.content.pm.PackageManager getPackageManager()> to <android.util.Log: int d(java.lang.String,java.lang.String)>
maxpossibleFlows=5
5 taint flow paths FOUND from <android.content.res.Resources: android.util.DisplayMetrics getDisplayMetrics()> to <android.widget.TextView: void setText(java.lang.CharSequence)>
maxpossibleFlows=6
maxpossibleFlows=6
maxpossibleFlows=2
2 taint flow paths FOUND from <android.content.ContextWrapper: android.content.res.Resources getResources()> to <android.graphics.Paint: void setStyle(android.graphics.Paint$Style)>
maxpossibleFlows=1
maxpossibleFlows=10
maxpossibleFlows=10
maxpossibleFlows=1
maxpossibleFlows=1
maxpossibleFlows=1
maxpossibleFlows=1
maxpossibleFlows=1
maxpossibleFlows=1
maxpossibleFlows=1
maxpossibleFlows=1
maxpossibleFlows=5
maxpossibleFlows=1
maxpossibleFlows=1
maxpossibleFlows=2
maxpossibleFlows=5
maxpossibleFlows=1
maxpossibleFlows=5
maxpossibleFlows=4
maxpossibleFlows=6
maxpossibleFlows=6
maxpossibleFlows=1
maxpossibleFlows=4
1 taint flow paths FOUND from <android.view.LayoutInflater: android.view.View inflate(int,android.view.ViewGroup)> to <android.widget.TextView: void setText(java.lang.CharSequence)>
maxpossibleFlows=6
maxpossibleFlows=6
maxpossibleFlows=10
maxpossibleFlows=10
maxpossibleFlows=1
maxpossibleFlows=8
maxpossibleFlows=8
1 taint flow paths FOUND from <android.app.Activity: java.lang.Object getSystemService(java.lang.String)> to <android.util.Log: int d(java.lang.String,java.lang.String)>
maxpossibleFlows=1
maxpossibleFlows=1
maxpossibleFlows=1
maxpossibleFlows=1
maxpossibleFlows=1
maxpossibleFlows=1
maxpossibleFlows=1
maxpossibleFlows=1
maxpossibleFlows=1
maxpossibleFlows=1
maxpossibleFlows=49
49 taint flow paths FOUND from <android.graphics.Bitmap: android.graphics.Bitmap createBitmap(int,int,android.graphics.Bitmap$Config)> to <android.graphics.drawable.Drawable: void setBounds(int,int,int,int)>
maxpossibleFlows=10
maxpossibleFlows=10
maxpossibleFlows=1
maxpossibleFlows=3
maxpossibleFlows=3
maxpossibleFlows=3
maxpossibleFlows=3
maxpossibleFlows=3
maxpossibleFlows=3
maxpossibleFlows=5
5 taint flow paths FOUND from <android.app.Activity: android.view.Window getWindow()> to <android.widget.TextView: void setText(java.lang.CharSequence)>
maxpossibleFlows=10
maxpossibleFlows=10
1 taint flow paths FOUND from <android.content.ContextWrapper: java.lang.String getPackageName()> to <android.util.Log: int d(java.lang.String,java.lang.String)>
maxpossibleFlows=2
maxpossibleFlows=2
maxpossibleFlows=5
5 taint flow paths FOUND from <android.view.SurfaceView: android.view.SurfaceHolder getHolder()> to <android.view.View: void setFocusable(boolean)>
maxpossibleFlows=8
maxpossibleFlows=8
maxpossibleFlows=1
maxpossibleFlows=1
maxpossibleFlows=1
maxpossibleFlows=1
maxpossibleFlows=1
maxpossibleFlows=1
maxpossibleFlows=1
maxpossibleFlows=1
maxpossibleFlows=1
maxpossibleFlows=49
maxpossibleFlows=111
87 taint flow paths FOUND from <android.view.View: android.content.res.Resources getResources()> to <android.graphics.Path: void setFillType(android.graphics.Path$FillType)>
maxpossibleFlows=2
2 taint flow paths FOUND from <android.content.res.Resources: android.graphics.drawable.Drawable getDrawable(int)> to <android.graphics.Paint: void setStyle(android.graphics.Paint$Style)>
maxpossibleFlows=10
maxpossibleFlows=10
1 taint flow paths FOUND from <android.view.Display: int getHeight()> to <android.util.Log: int d(java.lang.String,java.lang.String)>
maxpossibleFlows=9
maxpossibleFlows=10
5 taint flow paths FOUND from <android.content.ContextWrapper: android.content.SharedPreferences getSharedPreferences(java.lang.String,int)> to <android.util.Log: int i(java.lang.String,java.lang.String)>
maxpossibleFlows=9
maxpossibleFlows=12
12 taint flow paths FOUND from <java.lang.ref.Reference: java.lang.Object get()> to <android.util.Log: int d(java.lang.String,java.lang.String)>
maxpossibleFlows=10
9 taint flow paths FOUND from <android.content.ContextWrapper: android.content.SharedPreferences getSharedPreferences(java.lang.String,int)> to <android.util.Log: int e(java.lang.String,java.lang.String,java.lang.Throwable)>
maxpossibleFlows=5
5 taint flow paths FOUND from <android.content.ContextWrapper: android.content.SharedPreferences getSharedPreferences(java.lang.String,int)> to <android.widget.TextView: void setText(java.lang.CharSequence)>
maxpossibleFlows=3
3 taint flow paths FOUND from <android.content.ContextWrapper: android.content.SharedPreferences getSharedPreferences(java.lang.String,int)> to <android.app.AlertDialog$Builder: android.app.AlertDialog$Builder setTitle(int)>
maxpossibleFlows=2
maxpossibleFlows=2
maxpossibleFlows=2
2 taint flow paths FOUND from <android.content.ContextWrapper: android.content.res.Resources getResources()> to <android.graphics.Paint: void setStyle(android.graphics.Paint$Style)>
maxpossibleFlows=2
maxpossibleFlows=1
maxpossibleFlows=2
maxpossibleFlows=1
maxpossibleFlows=17
17 taint flow paths FOUND from <android.content.ContextWrapper: android.content.res.Resources getResources()> to <android.graphics.drawable.Drawable: void setBounds(int,int,int,int)>
maxpossibleFlows=1
maxpossibleFlows=1
maxpossibleFlows=1
maxpossibleFlows=1
maxpossibleFlows=1
maxpossibleFlows=1
maxpossibleFlows=1
maxpossibleFlows=112
88 taint flow paths FOUND from <android.graphics.Bitmap: android.graphics.Bitmap createBitmap(int,int,android.graphics.Bitmap$Config)> to <android.graphics.Path: void setFillType(android.graphics.Path$FillType)>
maxpossibleFlows=2
maxpossibleFlows=2
maxpossibleFlows=5
5 taint flow paths FOUND from <android.content.ContextWrapper: android.content.Context getApplicationContext()> to <android.view.View: void setFocusable(boolean)>
maxpossibleFlows=5
maxpossibleFlows=5
maxpossibleFlows=1
maxpossibleFlows=5
maxpossibleFlows=4
maxpossibleFlows=5
maxpossibleFlows=1
maxpossibleFlows=1
maxpossibleFlows=1
maxpossibleFlows=1
maxpossibleFlows=5
5 taint flow paths FOUND from <android.content.ContextWrapper: android.content.SharedPreferences getSharedPreferences(java.lang.String,int)> to <android.view.Window: void setFlags(int,int)>
maxpossibleFlows=2
maxpossibleFlows=1
maxpossibleFlows=2
maxpossibleFlows=1
maxpossibleFlows=10
10 taint flow paths FOUND from <android.content.ContextWrapper: android.content.res.Resources getResources()> to <android.graphics.drawable.BitmapDrawable: void setFilterBitmap(boolean)>
maxpossibleFlows=9
maxpossibleFlows=9
maxpossibleFlows=10
10 taint flow paths FOUND from <android.content.res.Resources: android.util.DisplayMetrics getDisplayMetrics()> to <android.view.View: void setVerticalScrollBarEnabled(boolean)>
maxpossibleFlows=2
maxpossibleFlows=2
maxpossibleFlows=6
6 taint flow paths FOUND from <android.content.ContextWrapper: android.content.res.Resources getResources()> to <android.graphics.Paint: void setARGB(int,int,int,int)>
maxpossibleFlows=3
maxpossibleFlows=3
3 taint flow paths FOUND from <android.view.ContextThemeWrapper: android.content.res.Resources getResources()> to <android.content.res.Resources: java.io.InputStream openRawResource(int)>
maxpossibleFlows=9
maxpossibleFlows=9
maxpossibleFlows=10
10 taint flow paths FOUND from <android.content.res.Resources: android.util.DisplayMetrics getDisplayMetrics()> to <android.view.View: void setHorizontalScrollBarEnabled(boolean)>
maxpossibleFlows=5
5 taint flow paths FOUND from <android.view.ContextThemeWrapper: android.content.res.Resources getResources()> to <android.widget.TextView: void setEnabled(boolean)>
maxpossibleFlows=3
3 taint flow paths FOUND from <android.content.ContextWrapper: android.content.SharedPreferences getSharedPreferences(java.lang.String,int)> to <android.app.AlertDialog$Builder: android.app.AlertDialog$Builder setPositiveButton(int,android.content.DialogInterface$OnClickListener)>
maxpossibleFlows=2
maxpossibleFlows=2
maxpossibleFlows=2
2 taint flow paths FOUND from <android.content.ContextWrapper: android.content.res.Resources getResources()> to <android.graphics.Typeface: android.graphics.Typeface create(android.graphics.Typeface,int)>
maxpossibleFlows=3
1 taint flow paths FOUND from <android.content.ContextWrapper: android.content.SharedPreferences getSharedPreferences(java.lang.String,int)> to <android.app.Activity: void setContentView(int)>
maxpossibleFlows=3
3 taint flow paths FOUND from <android.content.ContextWrapper: android.content.SharedPreferences getSharedPreferences(java.lang.String,int)> to <android.app.AlertDialog$Builder: android.app.AlertDialog$Builder setNegativeButton(int,android.content.DialogInterface$OnClickListener)>
maxpossibleFlows=5
5 taint flow paths FOUND from <android.content.ContextWrapper: android.content.SharedPreferences getSharedPreferences(java.lang.String,int)> to <android.app.Activity: void startActivityForResult(android.content.Intent,int)>
maxpossibleFlows=4
maxpossibleFlows=4
4 taint flow paths FOUND from <android.view.ContextThemeWrapper: android.content.res.Resources getResources()> to <android.app.Activity: void setVolumeControlStream(int)>
[WARNING] [32mVERBOSE[0m Callback method :<init> in Class com.google.ads.AdActivity
[WARNING] [32mVERBOSE[0m Callback method :onClick in Class com.google.ads.AdActivity
[WARNING] [32mVERBOSE[0m Callback method :onCompletion in Class com.google.ads.AdActivity
[WARNING] [32mVERBOSE[0m Callback method :onCreate in Class com.google.ads.AdActivity
[WARNING] [32mVERBOSE[0m Callback method :onDestroy in Class com.google.ads.AdActivity
[WARNING] [32mVERBOSE[0m Callback method :onPrepared in Class com.google.ads.AdActivity
[WARNING] [32mVERBOSE[0m Callback method :onWindowFocusChanged in Class com.google.ads.AdActivity
[WARNING] [32mVERBOSE[0m Callback method :invalidate in Class com.androgames.BubbleBurst.BoardSurfaceView
[WARNING] [32mVERBOSE[0m Callback method :onAccuracyChanged in Class com.androgames.BubbleBurst.BoardSurfaceView
[WARNING] [32mVERBOSE[0m Callback method :onSensorChanged in Class com.androgames.BubbleBurst.BoardSurfaceView
[WARNING] [32mVERBOSE[0m Callback method :onTouchEvent in Class com.androgames.BubbleBurst.BoardSurfaceView
[WARNING] [32mVERBOSE[0m Callback method :surfaceChanged in Class com.androgames.BubbleBurst.BoardSurfaceView
[WARNING] [32mVERBOSE[0m Callback method :surfaceCreated in Class com.androgames.BubbleBurst.BoardSurfaceView
[WARNING] [32mVERBOSE[0m Callback method :surfaceDestroyed in Class com.androgames.BubbleBurst.BoardSurfaceView
[WARNING] [32mVERBOSE[0m Callback method :<init> in Class com.androgames.BubbleBurst.BubbleBurst
[WARNING] [32mVERBOSE[0m Callback method :onActivityResult in Class com.androgames.BubbleBurst.BubbleBurst
[WARNING] [32mVERBOSE[0m Callback method :onCompletion in Class com.androgames.BubbleBurst.BubbleBurst
[WARNING] [32mVERBOSE[0m Callback method :onCreate in Class com.androgames.BubbleBurst.BubbleBurst
[WARNING] [32mVERBOSE[0m Callback method :onCreateDialog in Class com.androgames.BubbleBurst.BubbleBurst
[WARNING] [32mVERBOSE[0m Callback method :onCreateOptionsMenu in Class com.androgames.BubbleBurst.BubbleBurst
[WARNING] [32mVERBOSE[0m Callback method :onKeyDown in Class com.androgames.BubbleBurst.BubbleBurst
[WARNING] [32mVERBOSE[0m Callback method :onKeyUp in Class com.androgames.BubbleBurst.BubbleBurst
[WARNING] [32mVERBOSE[0m Callback method :onNewIntent in Class com.androgames.BubbleBurst.BubbleBurst
[WARNING] [32mVERBOSE[0m Callback method :onOptionsItemSelected in Class com.androgames.BubbleBurst.BubbleBurst
[WARNING] [32mVERBOSE[0m Callback method :onPause in Class com.androgames.BubbleBurst.BubbleBurst
[WARNING] [32mVERBOSE[0m Callback method :onResume in Class com.androgames.BubbleBurst.BubbleBurst
[WARNING] [32mVERBOSE[0m Callback method :onSaveInstanceState in Class com.androgames.BubbleBurst.BubbleBurst
[WARNING] [32mVERBOSE[0m Callback method :onStop in Class com.androgames.BubbleBurst.BubbleBurst
[WARNING] [32mVERBOSE[0m Callback method :<init> in Class com.androgames.BubbleBurst.Options
[WARNING] [32mVERBOSE[0m Callback method :onClick in Class com.androgames.BubbleBurst.Options
[WARNING] [32mVERBOSE[0m Callback method :onCreate in Class com.androgames.BubbleBurst.Options
[WARNING] [32mVERBOSE[0m Callback method :onItemSelected in Class com.androgames.BubbleBurst.Options
[WARNING] [32mVERBOSE[0m Callback method :onNothingSelected in Class com.androgames.BubbleBurst.Options
[WARNING] [32mVERBOSE[0m Callback method :<init> in Class com.androgames.BubbleBurst.ScoreBoard
[WARNING] [32mVERBOSE[0m Callback method :onActivityResult in Class com.androgames.BubbleBurst.ScoreBoard
[WARNING] [32mVERBOSE[0m Callback method :onClick in Class com.androgames.BubbleBurst.ScoreBoard
[WARNING] [32mVERBOSE[0m Callback method :onCompletion in Class com.androgames.BubbleBurst.ScoreBoard
[WARNING] [32mVERBOSE[0m Callback method :onCreate in Class com.androgames.BubbleBurst.ScoreBoard
[WARNING] [32mVERBOSE[0m Callback method :onCreateDialog in Class com.androgames.BubbleBurst.ScoreBoard
[WARNING] [32mVERBOSE[0m Callback method :<init> in Class com.androgames.BubbleBurst.Scores
[WARNING] [32mVERBOSE[0m Callback method :onClick in Class com.androgames.BubbleBurst.Scores
[WARNING] [32mVERBOSE[0m Callback method :onCreate in Class com.androgames.BubbleBurst.Scores
[WARNING] [32mVERBOSE[0m Callback method :onClick in Class com.mobclix.android.sdk.Mobclix$ObjectOnClickListener
Result for malicious-app-37-DFE187680B20DD5119F08EDA71A317FC45139382CEE1466F21C3623C5F5A127D.apkcom.androgames.BubbleBurst