DUA-Forensics args to Soot: -w -cp /home/hcosta/bench/benchmark/libs/droidfax.jar:/home/hcosta/Android/Sdk/platforms/android-28/android.jar -p cg verbose:false,implicit-entry:true -p cg.spark verbose:false,on-fly-cg:true,rta:false -d /home/hcosta/bench/benchmark/trace/180/3/droidbot/malicious-app-464-5B0C652DFC8B9DBE96F18F729994F3257A930350FD0C0D080184D2405D3DF130.apk.logcat -process-dir /home/hcosta/bench/benchmark/data/input/malicious-app-464-5B0C652DFC8B9DBE96F18F729994F3257A930350FD0C0D080184D2405D3DF130.apk 
Soot started on Thu May 12 06:34:38 CEST 2022
Warning: com.ironsource.mobilcore.BaseFlowBasedAdUnit is a phantom class!
Warning: java.lang.invoke.LambdaMetafactory is a phantom class!
Warning: java.lang.ref.Finalizer is a phantom class!
Warning: com.android.pub.dream.bh is a phantom class!
Warning: com.android.pub.dream.SDKUtils is a phantom class!
Warning: com.android.pub.dream.AdView is a phantom class!
Warning: com.android.pub.dream.AppConnect is a phantom class!
Warning: com.android.pub.dream.AdInfo is a phantom class!
Warning: com.qq.e.ads.a is a phantom class!
Warning: com.qq.e.ads.x is a phantom class!
Warning: com.qq.e.appwall.a is a phantom class!
Warning: com.qq.e.ads.AdView is a phantom class!
Warning: com.umeng.analytics.UmengOnlineConfigureListener is a phantom class!
Warning: com.android.pub.dream.MiniAdView is a phantom class!
Warning: com.android.pub.dream.OffersWebView is a phantom class!
Warning: com.android.pub.dream.UpdatePointsNotifier is a phantom class!
Warning: com.android.pub.dream.ah is a phantom class!
Warning: com.android.pub.dream.ak is a phantom class!
Warning: com.android.pub.dream.am is a phantom class!
Warning: com.android.pub.dream.an is a phantom class!
Warning: com.android.pub.dream.ao is a phantom class!
Warning: com.android.pub.dream.as is a phantom class!
Warning: com.android.pub.dream.at is a phantom class!
Warning: com.android.pub.dream.b is a phantom class!
Warning: com.qq.e.a.b is a phantom class!
Warning: com.qq.e.a.d is a phantom class!
Warning: com.qq.e.ads.AdRequest is a phantom class!
Warning: com.qq.e.ads.AdSize is a phantom class!
Warning: com.umeng.analytics.MobclickAgent is a phantom class!
Warning: org.apache.http.Header is a phantom class!
Warning: org.apache.http.HttpEntity is a phantom class!
Warning: org.apache.http.HttpResponse is a phantom class!
Warning: org.apache.http.client.ClientProtocolException is a phantom class!
Warning: org.apache.http.client.methods.HttpGet is a phantom class!
Warning: org.apache.http.client.methods.HttpUriRequest is a phantom class!
Warning: org.apache.http.entity.ByteArrayEntity is a phantom class!
Warning: org.apache.http.impl.client.DefaultHttpClient is a phantom class!
Warning: org.apache.http.impl.client.DefaultRedirectHandler is a phantom class!
Warning: org.apache.http.protocol.HttpContext is a phantom class!
[Call Graph] For information on where the call graph may be incomplete, use the verbose option to the cg phase.
[Spark] Pointer Assignment Graph in 0.0 seconds.
[Spark] Type masks in 0.0 seconds.
[Spark] Pointer Graph simplified in 0.0 seconds.
[Spark] Propagation in 0.0 seconds.
[Spark] Solution found in 0.0 seconds.
hcai's internal transform
Running static analysis for method/class coverage characterization
0 ICC links found and 0 cg edges added due to ICC links
dynamic conflated call graph: 0 methods; 0 nodes; 0 edges.
feature-vector-key = malicious-app-464-5B0C652DFC8B9DBE96F18F729994F3257A930350FD0C0D080184D2405D3DF130.apk
Result for malicious-app-464-5B0C652DFC8B9DBE96F18F729994F3257A930350FD0C0D080184D2405D3DF130.apklqh.china.lianliankancgrbw