DUA-Forensics args to Soot: -w -cp /home/hcosta/bench/benchmark/libs/droidfax.jar:/home/hcosta/Android/Sdk/platforms/android-28/android.jar -p cg verbose:false,implicit-entry:true -p cg.spark verbose:false,on-fly-cg:true,rta:false -d /home/hcosta/bench/benchmark/trace/180/2/droidbot/malicious-app-992-010C070CAD502077653BA79B75BD646745C0C6AFC5520BEAEF9EB7F0B3721A07.apk.logcat -process-dir /home/hcosta/bench/benchmark/data/input/malicious-app-992-010C070CAD502077653BA79B75BD646745C0C6AFC5520BEAEF9EB7F0B3721A07.apk 
Soot started on Sun May 15 18:37:52 CEST 2022
Warning: com.ironsource.mobilcore.BaseFlowBasedAdUnit is a phantom class!
Warning: java.lang.invoke.LambdaMetafactory is a phantom class!
Warning: java.lang.ref.Finalizer is a phantom class!
Warning: org.apache.http.client.methods.HttpPost is a phantom class!
Warning: org.apache.http.client.HttpClient is a phantom class!
Warning: com.flurry.android.InstallReceiver is a phantom class!
Warning: org.apache.http.HttpEntity is a phantom class!
Warning: org.apache.http.HttpResponse is a phantom class!
Warning: org.apache.http.StatusLine is a phantom class!
Warning: org.apache.http.client.ClientProtocolException is a phantom class!
Warning: org.apache.http.client.entity.UrlEncodedFormEntity is a phantom class!
Warning: org.apache.http.client.methods.HttpGet is a phantom class!
Warning: org.apache.http.client.methods.HttpUriRequest is a phantom class!
Warning: org.apache.http.client.utils.URIUtils is a phantom class!
Warning: org.apache.http.client.utils.URLEncodedUtils is a phantom class!
Warning: org.apache.http.conn.ClientConnectionManager is a phantom class!
Warning: org.apache.http.conn.scheme.PlainSocketFactory is a phantom class!
Warning: org.apache.http.conn.scheme.Scheme is a phantom class!
Warning: org.apache.http.conn.scheme.SchemeRegistry is a phantom class!
Warning: org.apache.http.entity.ByteArrayEntity is a phantom class!
Warning: org.apache.http.impl.client.DefaultHttpClient is a phantom class!
Warning: org.apache.http.impl.conn.tsccm.ThreadSafeClientConnManager is a phantom class!
Warning: org.apache.http.message.BasicNameValuePair is a phantom class!
Warning: org.apache.http.params.BasicHttpParams is a phantom class!
Warning: org.apache.http.util.EntityUtils is a phantom class!
[Call Graph] For information on where the call graph may be incomplete, use the verbose option to the cg phase.
[Spark] Pointer Assignment Graph in 0.0 seconds.
[Spark] Type masks in 0.0 seconds.
[Spark] Pointer Graph simplified in 0.0 seconds.
[Spark] Propagation in 0.0 seconds.
[Spark] Solution found in 0.0 seconds.
hcai's internal transform
Running static analysis for method/class coverage characterization
0 ICC links found and 0 cg edges added due to ICC links
dynamic conflated call graph: 0 methods; 0 nodes; 0 edges.
feature-vector-key = malicious-app-992-010C070CAD502077653BA79B75BD646745C0C6AFC5520BEAEF9EB7F0B3721A07.apk
Result for malicious-app-992-010C070CAD502077653BA79B75BD646745C0C6AFC5520BEAEF9EB7F0B3721A07.apkcom.doodle.ltcsmyb