DUA-Forensics args to Soot: -w -cp /home/hcosta/bench/benchmark/libs/droidfax.jar:/home/hcosta/Android/Sdk/platforms/android-28/android.jar -p cg verbose:false,implicit-entry:true -p cg.spark verbose:false,on-fly-cg:true,rta:false -d /home/hcosta/bench/benchmark/trace/180/4/droidbot/benign-app-2-013BD1B87581626CC5BDB185D22D4C36476CF30078AC617B02A855CB2E2DD533.apk.logcat -process-dir /home/hcosta/bench/benchmark/data/input/benign-app-2-013BD1B87581626CC5BDB185D22D4C36476CF30078AC617B02A855CB2E2DD533.apk 
Soot started on Thu Apr 21 05:58:12 CEST 2022
Warning: com.ironsource.mobilcore.BaseFlowBasedAdUnit is a phantom class!
Warning: java.lang.invoke.LambdaMetafactory is a phantom class!
Warning: java.lang.ref.Finalizer is a phantom class!
Warning: org.apache.http.client.ResponseHandler is a phantom class!
Warning: org.apache.http.HttpResponse is a phantom class!
Warning: org.apache.http.Header is a phantom class!
Warning: org.apache.http.client.HttpResponseException is a phantom class!
Warning: org.apache.http.HttpRequestInterceptor is a phantom class!
Warning: org.apache.http.conn.ClientConnectionManager is a phantom class!
Warning: org.apache.http.client.methods.HttpRequestBase is a phantom class!
Warning: org.apache.http.client.HttpClient is a phantom class!
Warning: org.apache.http.impl.client.DefaultHttpClient is a phantom class!
Warning: org.apache.http.HttpMessage is a phantom class!
Warning: org.apache.http.HttpRequest is a phantom class!
Warning: org.apache.http.protocol.HttpContext is a phantom class!
Warning: android.webkit.CacheManager is a phantom class!
Warning: org.apache.http.HttpHost is a phantom class!
Warning: org.apache.http.client.methods.HttpUriRequest is a phantom class!
Warning: org.apache.http.HttpEntity is a phantom class!
Warning: org.apache.http.client.ClientProtocolException is a phantom class!
Warning: org.apache.http.client.methods.HttpEntityEnclosingRequestBase is a phantom class!
Warning: org.apache.http.HttpVersion is a phantom class!
Warning: org.apache.http.ProtocolVersion is a phantom class!
Warning: org.apache.http.StatusLine is a phantom class!
Warning: org.apache.http.auth.AuthScheme is a phantom class!
Warning: org.apache.http.auth.AuthScope is a phantom class!
Warning: org.apache.http.auth.AuthState is a phantom class!
Warning: org.apache.http.auth.Credentials is a phantom class!
Warning: org.apache.http.auth.UsernamePasswordCredentials is a phantom class!
Warning: org.apache.http.client.CookieStore is a phantom class!
Warning: org.apache.http.client.CredentialsProvider is a phantom class!
Warning: org.apache.http.client.entity.UrlEncodedFormEntity is a phantom class!
Warning: org.apache.http.client.methods.HttpDelete is a phantom class!
Warning: org.apache.http.client.methods.HttpGet is a phantom class!
Warning: org.apache.http.client.methods.HttpPost is a phantom class!
Warning: org.apache.http.client.methods.HttpPut is a phantom class!
Warning: org.apache.http.conn.params.ConnManagerParams is a phantom class!
Warning: org.apache.http.conn.params.ConnPerRoute is a phantom class!
Warning: org.apache.http.conn.params.ConnPerRouteBean is a phantom class!
Warning: org.apache.http.conn.scheme.PlainSocketFactory is a phantom class!
Warning: org.apache.http.conn.scheme.Scheme is a phantom class!
Warning: org.apache.http.conn.scheme.SchemeRegistry is a phantom class!
Warning: org.apache.http.conn.util.InetAddressUtils is a phantom class!
Warning: org.apache.http.impl.auth.BasicScheme is a phantom class!
Warning: org.apache.http.impl.client.BasicCookieStore is a phantom class!
Warning: org.apache.http.impl.conn.SingleClientConnManager is a phantom class!
Warning: org.apache.http.impl.conn.tsccm.ThreadSafeClientConnManager is a phantom class!
Warning: org.apache.http.message.BasicNameValuePair is a phantom class!
Warning: org.apache.http.params.BasicHttpParams is a phantom class!
Warning: org.apache.http.params.HttpProtocolParams is a phantom class!
Warning: org.apache.http.protocol.BasicHttpContext is a phantom class!
Warning: org.apache.http.util.EntityUtils is a phantom class!
No main class given. Inferred 'org.kobjects.crypt.Crypt' as main class.
[Call Graph] For information on where the call graph may be incomplete, use the verbose option to the cg phase.
[Spark] Pointer Assignment Graph in 0.4 seconds.
[Spark] Type masks in 0.0 seconds.
[Spark] Pointer Graph simplified in 0.0 seconds.
[Spark] Propagation in 0.0 seconds.
[Spark] Solution found in 0.0 seconds.
hcai's internal transform
Running static analysis for security-relevant feature characterization
[GatorHierarchy] [32mVERBOSE[0m [HIER] All classes: 2032
[GatorHierarchy] [32mVERBOSE[0m [App: 662, Lib : 1318, Phantom: 52]
[GatorHierarchy] [32mVERBOSE[0m [HIER] Activities: 32, lib activities: 6
[GatorHierarchy] [32mVERBOSE[0m [HIER] App views: 18, Lib views: 30
[GatorHierarchy] [32mVERBOSE[0m [HIER] App Dialogs: 1, Lib Dialogs: 4
[TIMECOST] [32mVERBOSE[0m buildApplicationCodeMap parsing starting at 1650513493529
[TIMECOST] [32mVERBOSE[0m buildApplicationCodeMap parsing finished at 1650513496590
[Instantiated app classes] [32mVERBOSE[0m total number: 619
[WARNING] [32mVERBOSE[0m Callback method :onBind in Class cn.cf.shop_ele.download.DownloadService added
[WARNING] [32mVERBOSE[0m Callback method :onDestroy in Class cn.cf.shop_ele.download.DownloadService added
[WARNING] [32mVERBOSE[0m Callback method :onCreate in Class cn.cf.shop_ele.download.DownloadService added
[WARNING] [32mVERBOSE[0m Callback method :onStart in Class cn.cf.shop_ele.download.DownloadService added
[WARNING] [32mVERBOSE[0m Callback method :onLowMemory in Class cn.cf.shop_ele.download.DownloadService added
[WARNING] [32mVERBOSE[0m Callback method :onKeyDown in Class cn.cf.shop_ele.games.download.DownloadActivity added
[WARNING] [32mVERBOSE[0m Callback method :onItemLongClick in Class cn.cf.shop_ele.games.download.DownloadActivity added
[WARNING] [32mVERBOSE[0m Callback method :onPause in Class cn.cf.shop_ele.games.download.DownloadActivity added
[WARNING] [32mVERBOSE[0m Callback method :onStop in Class cn.cf.shop_ele.games.download.DownloadActivity added
[WARNING] [32mVERBOSE[0m Callback method :onItemClick in Class cn.cf.shop_ele.games.download.DownloadActivity added
[WARNING] [32mVERBOSE[0m Callback method :onCreate in Class cn.cf.shop_ele.games.download.DownloadActivity added
[WARNING] [32mVERBOSE[0m Callback method :onStart in Class cn.cf.shop_ele.games.download.DownloadActivity added
[WARNING] [32mVERBOSE[0m Callback method :onResume in Class cn.cf.shop_ele.games.download.DownloadActivity added
[WARNING] [32mVERBOSE[0m Callback method :dispatchDraw in Class cn.cf.shop_ele.ui.view.CoverFlow added
[WARNING] [32mVERBOSE[0m Callback method :getChildStaticTransformation in Class cn.cf.shop_ele.ui.view.CoverFlow added
[WARNING] [32mVERBOSE[0m Callback method :onSizeChanged in Class cn.cf.shop_ele.ui.view.CoverFlow added
[WARNING] [32mVERBOSE[0m Callback method :onStop in Class cn.cf.shop_ele.ui.activities.WebsiteActivity added
[WARNING] [32mVERBOSE[0m Callback method :onCreate in Class cn.cf.shop_ele.ui.activities.WebsiteActivity added
[WARNING] [32mVERBOSE[0m Callback method :onDestroy in Class cn.cf.shop_ele.ui.activities.WebsiteActivity added
[WARNING] [32mVERBOSE[0m Callback method :onResume in Class cn.cf.shop_ele.ui.activities.WebsiteActivity added
[WARNING] [32mVERBOSE[0m Callback method :onMenuItemSelected in Class cn.cf.shop_ele.ui.activities.AdBlockerWhiteListActivity added
[WARNING] [32mVERBOSE[0m Callback method :onStop in Class cn.cf.shop_ele.ui.activities.base.BaseListActivity added
[WARNING] [32mVERBOSE[0m Callback method :onCreateContextMenu in Class cn.cf.shop_ele.ui.activities.AdBlockerWhiteListActivity added
[WARNING] [32mVERBOSE[0m Callback method :onCreate in Class cn.cf.shop_ele.ui.activities.AdBlockerWhiteListActivity added
[WARNING] [32mVERBOSE[0m Callback method :onCreateOptionsMenu in Class cn.cf.shop_ele.ui.activities.AdBlockerWhiteListActivity added
[WARNING] [32mVERBOSE[0m Callback method :onDestroy in Class cn.cf.shop_ele.ui.activities.AdBlockerWhiteListActivity added
[WARNING] [32mVERBOSE[0m Callback method :onResume in Class cn.cf.shop_ele.ui.activities.base.BaseListActivity added
[WARNING] [32mVERBOSE[0m Callback method :onContextItemSelected in Class cn.cf.shop_ele.ui.activities.AdBlockerWhiteListActivity added
[WARNING] [32mVERBOSE[0m Callback method :onMeasure in Class cn.cf.shop_ele.games.MyGridView added
[WARNING] [32mVERBOSE[0m Callback method :onItemClick in Class cn.cf.shop_ele.ui.activities.ElectricFrontPageActivity added
[WARNING] [32mVERBOSE[0m Callback method :onCreate in Class cn.cf.shop_ele.ui.activities.ElectricFrontPageActivity added
[WARNING] [32mVERBOSE[0m Callback method :onKeyUp in Class cn.cf.shop_ele.ui.activities.BaseActivity added
[WARNING] [32mVERBOSE[0m Callback method :notifyDataSetChanged in Class cn.cf.shop_ele.download.DownloadBaseAdapter added
[WARNING] [32mVERBOSE[0m Callback method :getItem in Class cn.cf.shop_ele.download.DownloadBaseAdapter added
[WARNING] [32mVERBOSE[0m Callback method :getView in Class cn.cf.shop_ele.download.DownloadBaseAdapter added
[WARNING] [32mVERBOSE[0m Callback method :getCount in Class cn.cf.shop_ele.download.DownloadBaseAdapter added
[WARNING] [32mVERBOSE[0m Callback method :getItemId in Class cn.cf.shop_ele.download.DownloadBaseAdapter added
[WARNING] [32mVERBOSE[0m Callback method :onItemClick in Class cn.cf.shop_ele.ui.activities.Electric_ShopListActivity added
[WARNING] [32mVERBOSE[0m Callback method :onCreate in Class cn.cf.shop_ele.ui.activities.Electric_ShopListActivity added
[WARNING] [32mVERBOSE[0m Callback method :onKeyUp in Class cn.cf.shop_ele.ui.activities.BaseActivity added
[WARNING] [32mVERBOSE[0m Callback method :onMenuItemSelected in Class cn.cf.shop_ele.ui.activities.WeaveBookmarksListActivity added
[WARNING] [32mVERBOSE[0m Callback method :onStop in Class cn.cf.shop_ele.ui.activities.base.BaseActivity added
[WARNING] [32mVERBOSE[0m Callback method :onCreateContextMenu in Class cn.cf.shop_ele.ui.activities.WeaveBookmarksListActivity added
[WARNING] [32mVERBOSE[0m Callback method :onCreate in Class cn.cf.shop_ele.ui.activities.WeaveBookmarksListActivity added
[WARNING] [32mVERBOSE[0m Callback method :onCreateOptionsMenu in Class cn.cf.shop_ele.ui.activities.WeaveBookmarksListActivity added
[WARNING] [32mVERBOSE[0m Callback method :onKeyUp in Class cn.cf.shop_ele.ui.activities.WeaveBookmarksListActivity added
[WARNING] [32mVERBOSE[0m Callback method :onDestroy in Class cn.cf.shop_ele.ui.activities.WeaveBookmarksListActivity added
[WARNING] [32mVERBOSE[0m Callback method :onResume in Class cn.cf.shop_ele.ui.activities.base.BaseActivity added
[WARNING] [32mVERBOSE[0m Callback method :onContextItemSelected in Class cn.cf.shop_ele.ui.activities.WeaveBookmarksListActivity added
[WARNING] [32mVERBOSE[0m Callback method :onStop in Class cn.cf.shop_ele.ui.activities.preferences.BaseSpinnerCustomPreferenceActivity added
[WARNING] [32mVERBOSE[0m Callback method :onCreate in Class cn.cf.shop_ele.ui.activities.preferences.BaseSpinnerCustomPreferenceActivity added
[WARNING] [32mVERBOSE[0m Callback method :onResume in Class cn.cf.shop_ele.ui.activities.preferences.BaseSpinnerCustomPreferenceActivity added
[WARNING] [32mVERBOSE[0m Callback method :onStop in Class cn.cf.shop_ele.ui.activities.preferences.PreferencesActivity added
[WARNING] [32mVERBOSE[0m Callback method :onCreate in Class cn.cf.shop_ele.ui.activities.preferences.PreferencesActivity added
[WARNING] [32mVERBOSE[0m Callback method :onResume in Class cn.cf.shop_ele.ui.activities.preferences.PreferencesActivity added
[WARNING] [32mVERBOSE[0m Callback method :onStop in Class cn.cf.shop_ele.ui.activities.preferences.BaseSpinnerCustomPreferenceActivity added
[WARNING] [32mVERBOSE[0m Callback method :onCreate in Class cn.cf.shop_ele.ui.activities.preferences.WeaveServerPreferenceActivity added
[WARNING] [32mVERBOSE[0m Callback method :onResume in Class cn.cf.shop_ele.ui.activities.preferences.BaseSpinnerCustomPreferenceActivity added
[WARNING] [32mVERBOSE[0m Callback method :onMenuItemSelected in Class cn.cf.shop_ele.ui.activities.BookmarksListActivity added
[WARNING] [32mVERBOSE[0m Callback method :onStop in Class cn.cf.shop_ele.ui.activities.base.BaseActivity added
[WARNING] [32mVERBOSE[0m Callback method :onCreateContextMenu in Class cn.cf.shop_ele.ui.activities.BookmarksListActivity added
[WARNING] [32mVERBOSE[0m Callback method :onCreate in Class cn.cf.shop_ele.ui.activities.BookmarksListActivity added
[WARNING] [32mVERBOSE[0m Callback method :onCreateOptionsMenu in Class cn.cf.shop_ele.ui.activities.BookmarksListActivity added
[WARNING] [32mVERBOSE[0m Callback method :onDestroy in Class cn.cf.shop_ele.ui.activities.BookmarksListActivity added
[WARNING] [32mVERBOSE[0m Callback method :onActivityResult in Class cn.cf.shop_ele.ui.activities.BookmarksListActivity added
[WARNING] [32mVERBOSE[0m Callback method :onResume in Class cn.cf.shop_ele.ui.activities.base.BaseActivity added
[WARNING] [32mVERBOSE[0m Callback method :onContextItemSelected in Class cn.cf.shop_ele.ui.activities.BookmarksListActivity added
[WARNING] [32mVERBOSE[0m Callback method :getType in Class cn.cf.shop_ele.providers.ZircoBookmarksContentProvider added
[WARNING] [32mVERBOSE[0m Callback method :onCreate in Class cn.cf.shop_ele.providers.ZircoBookmarksContentProvider added
[WARNING] [32mVERBOSE[0m Callback method :query in Class cn.cf.shop_ele.providers.ZircoBookmarksContentProvider added
[WARNING] [32mVERBOSE[0m Callback method :update in Class cn.cf.shop_ele.providers.ZircoBookmarksContentProvider added
[WARNING] [32mVERBOSE[0m Callback method :insert in Class cn.cf.shop_ele.providers.ZircoBookmarksContentProvider added
[WARNING] [32mVERBOSE[0m Callback method :delete in Class cn.cf.shop_ele.providers.ZircoBookmarksContentProvider added
[WARNING] [32mVERBOSE[0m Callback method :doInBackground in Class cn.cf.shop_ele.utils.f added
[WARNING] [32mVERBOSE[0m Callback method :onCreate in Class cn.cf.shop_ele.games.MainApplication added
[WARNING] [32mVERBOSE[0m Callback method :onLowMemory in Class cn.cf.shop_ele.games.MainApplication added
[WARNING] [32mVERBOSE[0m Callback method :onConfigurationChanged in Class cn.cf.shop_ele.ui.activities.BookmarksHistoryActivity added
[WARNING] [32mVERBOSE[0m Callback method :onStop in Class cn.cf.shop_ele.ui.activities.base.BaseTabActivity added
[WARNING] [32mVERBOSE[0m Callback method :onCreate in Class cn.cf.shop_ele.ui.activities.BookmarksHistoryActivity added
[WARNING] [32mVERBOSE[0m Callback method :onResume in Class cn.cf.shop_ele.ui.activities.base.BaseTabActivity added
[WARNING] [32mVERBOSE[0m Callback method :onStop in Class cn.cf.shop_ele.ui.activities.preferences.BaseSpinnerCustomPreferenceActivity added
[WARNING] [32mVERBOSE[0m Callback method :onCreate in Class cn.cf.shop_ele.ui.activities.preferences.SearchUrlPreferenceActivity added
[WARNING] [32mVERBOSE[0m Callback method :onResume in Class cn.cf.shop_ele.ui.activities.preferences.BaseSpinnerCustomPreferenceActivity added
[WARNING] [32mVERBOSE[0m Callback method :onMenuItemSelected in Class cn.cf.shop_ele.ui.activities.DownloadsListActivity added
[WARNING] [32mVERBOSE[0m Callback method :onStop in Class cn.cf.shop_ele.ui.activities.base.BaseListActivity added
[WARNING] [32mVERBOSE[0m Callback method :onCreate in Class cn.cf.shop_ele.ui.activities.DownloadsListActivity added
[WARNING] [32mVERBOSE[0m Callback method :onCreateOptionsMenu in Class cn.cf.shop_ele.ui.activities.DownloadsListActivity added
[WARNING] [32mVERBOSE[0m Callback method :onDestroy in Class cn.cf.shop_ele.ui.activities.DownloadsListActivity added
[WARNING] [32mVERBOSE[0m Callback method :onResume in Class cn.cf.shop_ele.ui.activities.base.BaseListActivity added
[WARNING] [32mVERBOSE[0m Callback method :onStop in Class cn.cf.shop_ele.ui.activities.preferences.BaseSpinnerCustomPreferenceActivity added
[WARNING] [32mVERBOSE[0m Callback method :onCreate in Class cn.cf.shop_ele.ui.activities.preferences.BaseSpinnerCustomPreferenceActivity added
[WARNING] [32mVERBOSE[0m Callback method :onResume in Class cn.cf.shop_ele.ui.activities.preferences.BaseSpinnerCustomPreferenceActivity added
[WARNING] [32mVERBOSE[0m Callback method :onMenuItemSelected in Class cn.cf.shop_ele.ui.activities.HistoryListActivity added
[WARNING] [32mVERBOSE[0m Callback method :onChildClick in Class cn.cf.shop_ele.ui.activities.HistoryListActivity added
[WARNING] [32mVERBOSE[0m Callback method :onStop in Class cn.cf.shop_ele.ui.activities.base.BaseExpandableListActivity added
[WARNING] [32mVERBOSE[0m Callback method :onCreateContextMenu in Class cn.cf.shop_ele.ui.activities.HistoryListActivity added
[WARNING] [32mVERBOSE[0m Callback method :onCreate in Class cn.cf.shop_ele.ui.activities.HistoryListActivity added
[WARNING] [32mVERBOSE[0m Callback method :onCreateOptionsMenu in Class cn.cf.shop_ele.ui.activities.HistoryListActivity added
[WARNING] [32mVERBOSE[0m Callback method :onResume in Class cn.cf.shop_ele.ui.activities.base.BaseExpandableListActivity added
[WARNING] [32mVERBOSE[0m Callback method :onContextItemSelected in Class cn.cf.shop_ele.ui.activities.HistoryListActivity added
[WARNING] [32mVERBOSE[0m Callback method :onCreate in Class cn.cf.shop_ele.ui.activities.ElectricSearchActivity added
[WARNING] [32mVERBOSE[0m Callback method :onKeyUp in Class cn.cf.shop_ele.ui.activities.BaseActivity added
[WARNING] [32mVERBOSE[0m Callback method :onStop in Class cn.cf.shop_ele.ui.activities.base.BaseTabActivity added
[WARNING] [32mVERBOSE[0m Callback method :onResume in Class cn.cf.shop_ele.ui.activities.base.BaseTabActivity added
[WARNING] [32mVERBOSE[0m Callback method :onStop in Class cn.cf.shop_ele.ui.activities.preferences.BaseSpinnerCustomPreferenceActivity added
[WARNING] [32mVERBOSE[0m Callback method :onCreate in Class cn.cf.shop_ele.ui.activities.preferences.HomepagePreferenceActivity added
[WARNING] [32mVERBOSE[0m Callback method :onResume in Class cn.cf.shop_ele.ui.activities.preferences.BaseSpinnerCustomPreferenceActivity added
[WARNING] [32mVERBOSE[0m Callback method :onKeyUp in Class cn.cf.shop_ele.ui.activities.BaseActivity added
[WARNING] [32mVERBOSE[0m Callback method :getType in Class cn.cf.shop_ele1.taoxiaosan.providers.WeaveContentProvider added
[WARNING] [32mVERBOSE[0m Callback method :onCreate in Class cn.cf.shop_ele1.taoxiaosan.providers.WeaveContentProvider added
[WARNING] [32mVERBOSE[0m Callback method :query in Class cn.cf.shop_ele1.taoxiaosan.providers.WeaveContentProvider added
[WARNING] [32mVERBOSE[0m Callback method :update in Class cn.cf.shop_ele1.taoxiaosan.providers.WeaveContentProvider added
[WARNING] [32mVERBOSE[0m Callback method :insert in Class cn.cf.shop_ele1.taoxiaosan.providers.WeaveContentProvider added
[WARNING] [32mVERBOSE[0m Callback method :delete in Class cn.cf.shop_ele1.taoxiaosan.providers.WeaveContentProvider added
[WARNING] [32mVERBOSE[0m Callback method :onStop in Class cn.cf.shop_ele.ui.activities.base.BaseActivity added
[WARNING] [32mVERBOSE[0m Callback method :onCreate in Class cn.cf.shop_ele.ui.activities.AboutActivity added
[WARNING] [32mVERBOSE[0m Callback method :onResume in Class cn.cf.shop_ele.ui.activities.base.BaseActivity added
[WARNING] [32mVERBOSE[0m Callback method :onKeyDown in Class android.support.v4.app.FragmentActivity added
[WARNING] [32mVERBOSE[0m Callback method :onPanelClosed in Class android.support.v4.app.FragmentActivity added
[WARNING] [32mVERBOSE[0m Callback method :onConfigurationChanged in Class android.support.v4.app.FragmentActivity added
[WARNING] [32mVERBOSE[0m Callback method :onMenuItemSelected in Class android.support.v4.app.FragmentActivity added
[WARNING] [32mVERBOSE[0m Callback method :onBackPressed in Class android.support.v4.app.FragmentActivity added
[WARNING] [32mVERBOSE[0m Callback method :onRetainNonConfigurationInstance in Class android.support.v4.app.FragmentActivity added
[WARNING] [32mVERBOSE[0m Callback method :onPause in Class android.support.v4.app.FragmentActivity added
[WARNING] [32mVERBOSE[0m Callback method :onStop in Class android.support.v4.app.FragmentActivity added
[WARNING] [32mVERBOSE[0m Callback method :onCreatePanelMenu in Class android.support.v4.app.FragmentActivity added
[WARNING] [32mVERBOSE[0m Callback method :dump in Class android.support.v4.app.FragmentActivity added
[WARNING] [32mVERBOSE[0m Callback method :onCreate in Class android.support.v4.app.FragmentActivity added
[WARNING] [32mVERBOSE[0m Callback method :onCreateView in Class android.support.v4.app.FragmentActivity added
[WARNING] [32mVERBOSE[0m Callback method :onDestroy in Class android.support.v4.app.FragmentActivity added
[WARNING] [32mVERBOSE[0m Callback method :onPreparePanel in Class android.support.v4.app.FragmentActivity added
[WARNING] [32mVERBOSE[0m Callback method :onStart in Class android.support.v4.app.FragmentActivity added
[WARNING] [32mVERBOSE[0m Callback method :onSaveInstanceState in Class android.support.v4.app.FragmentActivity added
[WARNING] [32mVERBOSE[0m Callback method :startActivityForResult in Class android.support.v4.app.FragmentActivity added
[WARNING] [32mVERBOSE[0m Callback method :onActivityResult in Class android.support.v4.app.FragmentActivity added
[WARNING] [32mVERBOSE[0m Callback method :onPostResume in Class android.support.v4.app.FragmentActivity added
[WARNING] [32mVERBOSE[0m Callback method :onResume in Class android.support.v4.app.FragmentActivity added
[WARNING] [32mVERBOSE[0m Callback method :onLowMemory in Class android.support.v4.app.FragmentActivity added
[WARNING] [32mVERBOSE[0m Callback method :onMeasure in Class cn.cf.shop_ele.ui.view.PageScrollBar added
[WARNING] [32mVERBOSE[0m Callback method :onDraw in Class cn.cf.shop_ele.ui.view.PageScrollBar added
[WARNING] [32mVERBOSE[0m Callback method :onCreate in Class cn.cf.shop_ele.ui.activities.ElectricMoreActivity added
[WARNING] [32mVERBOSE[0m Callback method :onFling in Class cn.cf.shop_ele.ui.view.GalleryExt added
[WARNING] [32mVERBOSE[0m Callback method :getItem in Class cn.cf.shop_ele.f.a.p added
[WARNING] [32mVERBOSE[0m Callback method :getView in Class cn.cf.shop_ele.f.a.p added
[WARNING] [32mVERBOSE[0m Callback method :getCount in Class cn.cf.shop_ele.f.a.p added
[WARNING] [32mVERBOSE[0m Callback method :getItemId in Class cn.cf.shop_ele.f.a.p added
[WARNING] [32mVERBOSE[0m Callback method :getType in Class cn.cf.shop_ele.providers.BookmarksContentProvider added
[WARNING] [32mVERBOSE[0m Callback method :onCreate in Class cn.cf.shop_ele.providers.BookmarksContentProvider added
[WARNING] [32mVERBOSE[0m Callback method :query in Class cn.cf.shop_ele.providers.BookmarksContentProvider added
[WARNING] [32mVERBOSE[0m Callback method :update in Class cn.cf.shop_ele.providers.BookmarksContentProvider added
[WARNING] [32mVERBOSE[0m Callback method :insert in Class cn.cf.shop_ele.providers.BookmarksContentProvider added
[WARNING] [32mVERBOSE[0m Callback method :delete in Class cn.cf.shop_ele.providers.BookmarksContentProvider added
[WARNING] [32mVERBOSE[0m Callback method :onReceive in Class cn.cf.shop_ele.utils.ProxyChangeReceiver added
[WARNING] [32mVERBOSE[0m Callback method :onCreate in Class cn.cf.shop_ele.ui.activities.preferences.WeavePreferencesActivity added
[WARNING] [32mVERBOSE[0m Callback method :onRestoreInstanceState in Class android.support.v4.view.ViewPager added
[WARNING] [32mVERBOSE[0m Callback method :onMeasure in Class android.support.v4.view.ViewPager added
[WARNING] [32mVERBOSE[0m Callback method :addView in Class android.support.v4.view.ViewPager added
[WARNING] [32mVERBOSE[0m Callback method :onSaveInstanceState in Class android.support.v4.view.ViewPager added
[WARNING] [32mVERBOSE[0m Callback method :onLayout in Class android.support.v4.view.ViewPager added
[WARNING] [32mVERBOSE[0m Callback method :onTouchEvent in Class android.support.v4.view.ViewPager added
[WARNING] [32mVERBOSE[0m Callback method :computeScroll in Class android.support.v4.view.ViewPager added
[WARNING] [32mVERBOSE[0m Callback method :onAttachedToWindow in Class android.support.v4.view.ViewPager added
[WARNING] [32mVERBOSE[0m Callback method :onInterceptTouchEvent in Class android.support.v4.view.ViewPager added
[WARNING] [32mVERBOSE[0m Callback method :onSizeChanged in Class android.support.v4.view.ViewPager added
[WARNING] [32mVERBOSE[0m Callback method :onStop in Class cn.cf.shop_ele.ui.activities.base.BaseListActivity added
[WARNING] [32mVERBOSE[0m Callback method :onResume in Class cn.cf.shop_ele.ui.activities.base.BaseListActivity added
[WARNING] [32mVERBOSE[0m Callback method :onCreate in Class cn.cf.shop_ele.ui.activities.StartActivity added
[WARNING] [32mVERBOSE[0m Callback method :onKeyUp in Class cn.cf.shop_ele.ui.activities.BaseActivity added
[WARNING] [32mVERBOSE[0m Callback method :onCheckedChanged in Class cn.cf.shop_ele.ui.activities.ElectricMainActivity added
[WARNING] [32mVERBOSE[0m Callback method :onCreate in Class cn.cf.shop_ele.ui.activities.ElectricMainActivity added
[WARNING] [32mVERBOSE[0m Callback method :onLowMemory in Class android.support.v4.app.Fragment added
[WARNING] [32mVERBOSE[0m Callback method :onCreateContextMenu in Class android.support.v4.app.Fragment added
[WARNING] [32mVERBOSE[0m Callback method :onConfigurationChanged in Class android.support.v4.app.Fragment added
[WARNING] [32mVERBOSE[0m Callback method :onBind in Class cn.cf.shop_ele.games.ClearCacheService added
[WARNING] [32mVERBOSE[0m Callback method :onStartCommand in Class cn.cf.shop_ele.games.ClearCacheService added
[WARNING] [32mVERBOSE[0m Callback method :onStop in Class cn.cf.shop_ele.ui.activities.base.BaseActivity added
[WARNING] [32mVERBOSE[0m Callback method :onCreate in Class cn.cf.shop_ele.ui.activities.EditBookmarkActivity added
[WARNING] [32mVERBOSE[0m Callback method :onResume in Class cn.cf.shop_ele.ui.activities.base.BaseActivity added
[WARNING] [32mVERBOSE[0m Callback method :onStop in Class cn.cf.shop_ele.ui.activities.base.BaseActivity added
[WARNING] [32mVERBOSE[0m Callback method :onResume in Class cn.cf.shop_ele.ui.activities.base.BaseActivity added
[WARNING] [32mVERBOSE[0m Callback method :onMenuItemSelected in Class cn.cf.shop_ele.ui.activities.MobileViewListActivity added
[WARNING] [32mVERBOSE[0m Callback method :onStop in Class cn.cf.shop_ele.ui.activities.base.BaseListActivity added
[WARNING] [32mVERBOSE[0m Callback method :onCreateContextMenu in Class cn.cf.shop_ele.ui.activities.MobileViewListActivity added
[WARNING] [32mVERBOSE[0m Callback method :onCreate in Class cn.cf.shop_ele.ui.activities.MobileViewListActivity added
[WARNING] [32mVERBOSE[0m Callback method :onCreateOptionsMenu in Class cn.cf.shop_ele.ui.activities.MobileViewListActivity added
[WARNING] [32mVERBOSE[0m Callback method :onDestroy in Class cn.cf.shop_ele.ui.activities.MobileViewListActivity added
[WARNING] [32mVERBOSE[0m Callback method :onResume in Class cn.cf.shop_ele.ui.activities.base.BaseListActivity added
[WARNING] [32mVERBOSE[0m Callback method :onContextItemSelected in Class cn.cf.shop_ele.ui.activities.MobileViewListActivity added
[WARNING] [32mVERBOSE[0m Callback method :onKeyDown in Class cn.cf.shop_ele.ui.activities.MainActivity added
[WARNING] [32mVERBOSE[0m Callback method :onKeyLongPress in Class cn.cf.shop_ele.ui.activities.MainActivity added
[WARNING] [32mVERBOSE[0m Callback method :onConfigurationChanged in Class cn.cf.shop_ele.ui.activities.MainActivity added
[WARNING] [32mVERBOSE[0m Callback method :onPrepareOptionsMenu in Class cn.cf.shop_ele.ui.activities.MainActivity added
[WARNING] [32mVERBOSE[0m Callback method :onNewIntent in Class cn.cf.shop_ele.ui.activities.MainActivity added
[WARNING] [32mVERBOSE[0m Callback method :onPause in Class cn.cf.shop_ele.ui.activities.MainActivity added
[WARNING] [32mVERBOSE[0m Callback method :onStop in Class cn.cf.shop_ele.ui.activities.MainActivity added
[WARNING] [32mVERBOSE[0m Callback method :dispatchTouchEvent in Class cn.cf.shop_ele.ui.activities.MainActivity added
[WARNING] [32mVERBOSE[0m Callback method :onCreate in Class cn.cf.shop_ele.ui.activities.MainActivity added
[WARNING] [32mVERBOSE[0m Callback method :onMenuOpened in Class cn.cf.shop_ele.ui.activities.MainActivity added
[WARNING] [32mVERBOSE[0m Callback method :onKeyUp in Class cn.cf.shop_ele.ui.activities.MainActivity added
[WARNING] [32mVERBOSE[0m Callback method :onDestroy in Class cn.cf.shop_ele.ui.activities.MainActivity added
[WARNING] [32mVERBOSE[0m Callback method :onStart in Class cn.cf.shop_ele.ui.activities.MainActivity added
[WARNING] [32mVERBOSE[0m Callback method :onSaveInstanceState in Class cn.cf.shop_ele.ui.activities.MainActivity added
[WARNING] [32mVERBOSE[0m Callback method :onActivityResult in Class cn.cf.shop_ele.ui.activities.MainActivity added
[WARNING] [32mVERBOSE[0m Callback method :onResume in Class cn.cf.shop_ele.ui.activities.MainActivity added
[WARNING] [32mVERBOSE[0m Callback method :onContextItemSelected in Class cn.cf.shop_ele.ui.activities.MainActivity added
[WARNING] [32mVERBOSE[0m Callback method :onFling in Class cn.cf.shop_ele.games.GalleryExt added
[WARNING] [32mVERBOSE[0m Callback method :onStop in Class cn.cf.shop_ele.ui.activities.base.BaseActivity added
[WARNING] [32mVERBOSE[0m Callback method :onCreate in Class cn.cf.shop_ele.ui.activities.ChangeSkinActivity added
[WARNING] [32mVERBOSE[0m Callback method :onResume in Class cn.cf.shop_ele.ui.activities.base.BaseActivity added
[WARNING] [32mVERBOSE[0m Callback method :onTransact in Class cn.cf.shop_ele.download.IMusicDownloadInterface$Stub added
[WARNING] [32mVERBOSE[0m Callback method :asBinder in Class cn.cf.shop_ele.download.IMusicDownloadInterface$Stub added
[WARNING] [32mVERBOSE[0m Callback method :getType in Class cn.cf.shop_ele.providers.WeaveContentProvider added
[WARNING] [32mVERBOSE[0m Callback method :onCreate in Class cn.cf.shop_ele.providers.WeaveContentProvider added
[WARNING] [32mVERBOSE[0m Callback method :query in Class cn.cf.shop_ele.providers.WeaveContentProvider added
[WARNING] [32mVERBOSE[0m Callback method :update in Class cn.cf.shop_ele.providers.WeaveContentProvider added
[WARNING] [32mVERBOSE[0m Callback method :insert in Class cn.cf.shop_ele.providers.WeaveContentProvider added
[WARNING] [32mVERBOSE[0m Callback method :delete in Class cn.cf.shop_ele.providers.WeaveContentProvider added
[WARNING] [32mVERBOSE[0m Callback method :isFocused in Class cn.cf.shop_ele.games.ScrollForeverTextView added
[WARNING] [32mVERBOSE[0m Callback method :onStop in Class cn.cf.shop_ele.ui.activities.base.BaseExpandableListActivity added
[WARNING] [32mVERBOSE[0m Callback method :onResume in Class cn.cf.shop_ele.ui.activities.base.BaseExpandableListActivity added
[WARNING] [32mVERBOSE[0m Callback method :getType in Class cn.cf.shop_ele1.taoxiaosan.providers.BookmarksContentProvider added
[WARNING] [32mVERBOSE[0m Callback method :onCreate in Class cn.cf.shop_ele1.taoxiaosan.providers.BookmarksContentProvider added
[WARNING] [32mVERBOSE[0m Callback method :query in Class cn.cf.shop_ele1.taoxiaosan.providers.BookmarksContentProvider added
[WARNING] [32mVERBOSE[0m Callback method :update in Class cn.cf.shop_ele1.taoxiaosan.providers.BookmarksContentProvider added
[WARNING] [32mVERBOSE[0m Callback method :insert in Class cn.cf.shop_ele1.taoxiaosan.providers.BookmarksContentProvider added
[WARNING] [32mVERBOSE[0m Callback method :delete in Class cn.cf.shop_ele1.taoxiaosan.providers.BookmarksContentProvider added
[WARNING] [32mVERBOSE[0m Callback method :onDraw in Class cn.cf.shop_ele.ui.view.BorderImageView added
[WARNING] [32mVERBOSE[0m Callback method :setAdapter in Class cn.cf.shop_ele.ui.view.PullToRefreshListView added
[WARNING] [32mVERBOSE[0m Callback method :onTouchEvent in Class cn.cf.shop_ele.ui.view.PullToRefreshListView added
[WARNING] [32mVERBOSE[0m Callback method :setOnScrollListener in Class cn.cf.shop_ele.ui.view.PullToRefreshListView added
[WARNING] [32mVERBOSE[0m Callback method :onScroll in Class cn.cf.shop_ele.ui.view.PullToRefreshListView added
[WARNING] [32mVERBOSE[0m Callback method :onScrollStateChanged in Class cn.cf.shop_ele.ui.view.PullToRefreshListView added
[WARNING] [32mVERBOSE[0m Callback method :onAttachedToWindow in Class cn.cf.shop_ele.ui.view.PullToRefreshListView added
[WARNING] [32mVERBOSE[0m Callback method :doInBackground in Class cn.cf.shop_ele.utils.s added
3 ICC links found and 2 cg edges added due to ICC links
dynamic conflated call graph: 869 methods; 869 nodes; 1369 edges.
maxpossibleFlows=1
maxpossibleFlows=1
maxpossibleFlows=1
maxpossibleFlows=1
maxpossibleFlows=1
maxpossibleFlows=1
maxpossibleFlows=1
maxpossibleFlows=1
maxpossibleFlows=1
maxpossibleFlows=1
maxpossibleFlows=1
maxpossibleFlows=1
maxpossibleFlows=1
maxpossibleFlows=1
maxpossibleFlows=1
maxpossibleFlows=1
maxpossibleFlows=1
maxpossibleFlows=1
maxpossibleFlows=1
maxpossibleFlows=1
1 taint flow paths FOUND from <android.content.ContextWrapper: android.content.SharedPreferences getSharedPreferences(java.lang.String,int)> to <android.app.Activity: void setContentView(int)>
maxpossibleFlows=1
maxpossibleFlows=1
maxpossibleFlows=1
maxpossibleFlows=1
maxpossibleFlows=1
maxpossibleFlows=3
maxpossibleFlows=1
maxpossibleFlows=1
maxpossibleFlows=1
maxpossibleFlows=1
maxpossibleFlows=1
maxpossibleFlows=1
maxpossibleFlows=1
maxpossibleFlows=1
maxpossibleFlows=1
maxpossibleFlows=1
maxpossibleFlows=1
maxpossibleFlows=1
maxpossibleFlows=1
maxpossibleFlows=1
maxpossibleFlows=1
maxpossibleFlows=1
maxpossibleFlows=1
maxpossibleFlows=1
maxpossibleFlows=1
maxpossibleFlows=1
maxpossibleFlows=1
maxpossibleFlows=1
maxpossibleFlows=1
maxpossibleFlows=1
maxpossibleFlows=1
maxpossibleFlows=1
maxpossibleFlows=1
maxpossibleFlows=1
maxpossibleFlows=1
maxpossibleFlows=1
maxpossibleFlows=1
maxpossibleFlows=1
maxpossibleFlows=1
maxpossibleFlows=1
maxpossibleFlows=1
maxpossibleFlows=1
maxpossibleFlows=1
maxpossibleFlows=1
maxpossibleFlows=1
maxpossibleFlows=1
maxpossibleFlows=1
maxpossibleFlows=3
maxpossibleFlows=4
1 taint flow paths FOUND from <android.view.MotionEvent: int getPointerCount()> to <android.webkit.WebSettings: void setBuiltInZoomControls(boolean)>
maxpossibleFlows=1
maxpossibleFlows=1
maxpossibleFlows=1
maxpossibleFlows=1
maxpossibleFlows=1
maxpossibleFlows=1
maxpossibleFlows=1
maxpossibleFlows=1
maxpossibleFlows=1
maxpossibleFlows=1
maxpossibleFlows=1
1 taint flow paths FOUND from <android.net.Uri: android.net.Uri parse(java.lang.String)> to <android.app.Activity: void startActivity(android.content.Intent)>
maxpossibleFlows=1
maxpossibleFlows=1
maxpossibleFlows=1
maxpossibleFlows=1
maxpossibleFlows=1
1 taint flow paths FOUND from <android.view.ContextThemeWrapper: android.content.res.Resources getResources()> to <android.app.Activity: void setProgressBarVisibility(boolean)>
maxpossibleFlows=5
5 taint flow paths FOUND from <java.lang.String: java.lang.String toString()> to <android.view.View: void setEnabled(boolean)>
maxpossibleFlows=6
1 taint flow paths FOUND from <android.webkit.WebView: java.lang.String getTitle()> to <android.view.View: void setEnabled(boolean)>
maxpossibleFlows=1
maxpossibleFlows=1
maxpossibleFlows=1
maxpossibleFlows=1
maxpossibleFlows=1
maxpossibleFlows=1
maxpossibleFlows=1
maxpossibleFlows=1
maxpossibleFlows=1
maxpossibleFlows=1
maxpossibleFlows=1
1 taint flow paths FOUND from <android.widget.AbsSpinner: android.widget.Adapter getAdapter()> to <android.app.Activity: void startActivity(android.content.Intent)>
maxpossibleFlows=54
maxpossibleFlows=3
maxpossibleFlows=4
4 taint flow paths FOUND from <android.content.ContextWrapper: android.content.ContentResolver getContentResolver()> to <android.content.ContentResolver: void notifyChange(android.net.Uri,android.database.ContentObserver)>
maxpossibleFlows=2
maxpossibleFlows=5
5 taint flow paths FOUND from <android.widget.ViewAnimator: int getDisplayedChild()> to <android.view.View: void setEnabled(boolean)>
maxpossibleFlows=1
maxpossibleFlows=1
maxpossibleFlows=1
maxpossibleFlows=1
maxpossibleFlows=1
maxpossibleFlows=1
maxpossibleFlows=1
maxpossibleFlows=1
maxpossibleFlows=1
maxpossibleFlows=34
maxpossibleFlows=1
maxpossibleFlows=1
maxpossibleFlows=5
maxpossibleFlows=1
maxpossibleFlows=1
maxpossibleFlows=1
maxpossibleFlows=1
maxpossibleFlows=1
maxpossibleFlows=1
maxpossibleFlows=1
maxpossibleFlows=4
maxpossibleFlows=12
maxpossibleFlows=1
maxpossibleFlows=1
maxpossibleFlows=1
maxpossibleFlows=1
maxpossibleFlows=1
maxpossibleFlows=1
maxpossibleFlows=1
maxpossibleFlows=1
maxpossibleFlows=1
maxpossibleFlows=1
maxpossibleFlows=1
maxpossibleFlows=2
maxpossibleFlows=1
maxpossibleFlows=1
maxpossibleFlows=1
maxpossibleFlows=20
maxpossibleFlows=2
maxpossibleFlows=5
maxpossibleFlows=5
maxpossibleFlows=31
maxpossibleFlows=1
maxpossibleFlows=1
maxpossibleFlows=2
maxpossibleFlows=1
maxpossibleFlows=1
maxpossibleFlows=1
maxpossibleFlows=2
maxpossibleFlows=1
maxpossibleFlows=1
maxpossibleFlows=2
maxpossibleFlows=1
maxpossibleFlows=1
maxpossibleFlows=1
maxpossibleFlows=1
maxpossibleFlows=1
maxpossibleFlows=1
maxpossibleFlows=1
maxpossibleFlows=1
maxpossibleFlows=1
maxpossibleFlows=1
maxpossibleFlows=1
maxpossibleFlows=1
maxpossibleFlows=1
maxpossibleFlows=1
maxpossibleFlows=1
maxpossibleFlows=1
maxpossibleFlows=1
maxpossibleFlows=1
maxpossibleFlows=1
maxpossibleFlows=1
maxpossibleFlows=1
maxpossibleFlows=1
maxpossibleFlows=1
maxpossibleFlows=1
maxpossibleFlows=1
maxpossibleFlows=1
maxpossibleFlows=1
maxpossibleFlows=1
maxpossibleFlows=1
maxpossibleFlows=1
maxpossibleFlows=1
maxpossibleFlows=1
maxpossibleFlows=1
maxpossibleFlows=1
maxpossibleFlows=1
maxpossibleFlows=1
maxpossibleFlows=1
maxpossibleFlows=1
maxpossibleFlows=1
maxpossibleFlows=3
3 taint flow paths FOUND from <android.content.res.Resources: android.content.res.AssetManager getAssets()> to <android.content.res.AssetManager: java.io.InputStream open(java.lang.String)>
maxpossibleFlows=1
1 taint flow paths FOUND from <android.view.View: int getMeasuredHeight()> to <android.graphics.Paint: void setStyle(android.graphics.Paint$Style)>
maxpossibleFlows=1
maxpossibleFlows=1
maxpossibleFlows=1
maxpossibleFlows=1
maxpossibleFlows=1
1 taint flow paths FOUND from <android.content.res.Resources: boolean getBoolean(int)> to <android.app.Activity: void setProgressBarVisibility(boolean)>
maxpossibleFlows=1
1 taint flow paths FOUND from <android.view.animation.AnimationUtils: android.view.animation.Animation loadAnimation(android.content.Context,int)> to <android.view.View: void startAnimation(android.view.animation.Animation)>
maxpossibleFlows=1
1 taint flow paths FOUND from <java.lang.Class: java.lang.reflect.Method getMethod(java.lang.String,java.lang.Class[])> to <android.util.Log: int e(java.lang.String,java.lang.String)>
maxpossibleFlows=1
maxpossibleFlows=1
maxpossibleFlows=1
maxpossibleFlows=1
maxpossibleFlows=1
maxpossibleFlows=1
maxpossibleFlows=1
maxpossibleFlows=1
maxpossibleFlows=1
maxpossibleFlows=1
maxpossibleFlows=4
maxpossibleFlows=1
maxpossibleFlows=1
maxpossibleFlows=1
maxpossibleFlows=1
maxpossibleFlows=1
maxpossibleFlows=4
2 taint flow paths FOUND from <android.webkit.WebIconDatabase: android.webkit.WebIconDatabase getInstance()> to <android.view.View: void setFocusable(boolean)>
maxpossibleFlows=13
maxpossibleFlows=1
maxpossibleFlows=13
maxpossibleFlows=1
maxpossibleFlows=1
maxpossibleFlows=1
maxpossibleFlows=1
maxpossibleFlows=1
1 taint flow paths FOUND from <android.app.Activity: android.content.Intent getIntent()> to <android.app.Activity: void setProgressBarVisibility(boolean)>
maxpossibleFlows=1
maxpossibleFlows=1
maxpossibleFlows=1
maxpossibleFlows=1
maxpossibleFlows=1
maxpossibleFlows=1
maxpossibleFlows=1
maxpossibleFlows=1
maxpossibleFlows=1
maxpossibleFlows=1
maxpossibleFlows=1
maxpossibleFlows=1
maxpossibleFlows=1
maxpossibleFlows=1
maxpossibleFlows=1
maxpossibleFlows=2
maxpossibleFlows=1
maxpossibleFlows=1
maxpossibleFlows=1
maxpossibleFlows=1
maxpossibleFlows=1
maxpossibleFlows=1
maxpossibleFlows=1
maxpossibleFlows=1
maxpossibleFlows=1
maxpossibleFlows=1
maxpossibleFlows=1
maxpossibleFlows=1
maxpossibleFlows=2
maxpossibleFlows=1
maxpossibleFlows=1
maxpossibleFlows=1
maxpossibleFlows=2
maxpossibleFlows=1
maxpossibleFlows=1
maxpossibleFlows=2
maxpossibleFlows=1
maxpossibleFlows=1
maxpossibleFlows=1
maxpossibleFlows=1
maxpossibleFlows=1
maxpossibleFlows=1
maxpossibleFlows=1
maxpossibleFlows=1
maxpossibleFlows=1
maxpossibleFlows=1
maxpossibleFlows=1
maxpossibleFlows=1
maxpossibleFlows=1
maxpossibleFlows=1
maxpossibleFlows=1
maxpossibleFlows=1
maxpossibleFlows=1
maxpossibleFlows=1
maxpossibleFlows=1
maxpossibleFlows=1
maxpossibleFlows=1
maxpossibleFlows=1
maxpossibleFlows=1
maxpossibleFlows=1
maxpossibleFlows=1
maxpossibleFlows=1
maxpossibleFlows=1
maxpossibleFlows=1
maxpossibleFlows=1
maxpossibleFlows=1
maxpossibleFlows=1
maxpossibleFlows=1
maxpossibleFlows=1
maxpossibleFlows=1
maxpossibleFlows=1
maxpossibleFlows=1
maxpossibleFlows=1
maxpossibleFlows=1
maxpossibleFlows=1
maxpossibleFlows=1
maxpossibleFlows=1
maxpossibleFlows=1
maxpossibleFlows=1
maxpossibleFlows=3
maxpossibleFlows=3
maxpossibleFlows=3
maxpossibleFlows=1
maxpossibleFlows=3
3 taint flow paths FOUND from <android.webkit.CookieManager: android.webkit.CookieManager getInstance()> to <android.webkit.WebView: void setScrollBarStyle(int)>
maxpossibleFlows=1
maxpossibleFlows=1
maxpossibleFlows=1
maxpossibleFlows=1
maxpossibleFlows=1
maxpossibleFlows=1
maxpossibleFlows=1
maxpossibleFlows=1
maxpossibleFlows=1
maxpossibleFlows=1
maxpossibleFlows=1
maxpossibleFlows=1
maxpossibleFlows=1
maxpossibleFlows=1
maxpossibleFlows=1
maxpossibleFlows=1
maxpossibleFlows=1
maxpossibleFlows=1
maxpossibleFlows=1
maxpossibleFlows=1
maxpossibleFlows=1
maxpossibleFlows=3
maxpossibleFlows=1
maxpossibleFlows=1
maxpossibleFlows=1
maxpossibleFlows=1
maxpossibleFlows=1
maxpossibleFlows=1
maxpossibleFlows=1
maxpossibleFlows=1
maxpossibleFlows=1
maxpossibleFlows=1
maxpossibleFlows=1
maxpossibleFlows=1
maxpossibleFlows=1
maxpossibleFlows=1
maxpossibleFlows=1
maxpossibleFlows=1
maxpossibleFlows=1
maxpossibleFlows=1
maxpossibleFlows=1
maxpossibleFlows=1
maxpossibleFlows=1
maxpossibleFlows=1
maxpossibleFlows=1
maxpossibleFlows=1
maxpossibleFlows=1
maxpossibleFlows=1
maxpossibleFlows=1
maxpossibleFlows=1
maxpossibleFlows=1
maxpossibleFlows=1
maxpossibleFlows=1
maxpossibleFlows=1
maxpossibleFlows=1
maxpossibleFlows=1
maxpossibleFlows=1
maxpossibleFlows=1
maxpossibleFlows=1
maxpossibleFlows=1
maxpossibleFlows=1
maxpossibleFlows=1
maxpossibleFlows=1
maxpossibleFlows=1
maxpossibleFlows=1
maxpossibleFlows=1
maxpossibleFlows=1
maxpossibleFlows=1
maxpossibleFlows=1
maxpossibleFlows=1
maxpossibleFlows=1
maxpossibleFlows=1
maxpossibleFlows=1
maxpossibleFlows=1
maxpossibleFlows=1
maxpossibleFlows=1
maxpossibleFlows=1
maxpossibleFlows=1
maxpossibleFlows=13
maxpossibleFlows=1
maxpossibleFlows=13
maxpossibleFlows=1
maxpossibleFlows=1
maxpossibleFlows=1
maxpossibleFlows=1
maxpossibleFlows=1
maxpossibleFlows=1
maxpossibleFlows=1
maxpossibleFlows=1
maxpossibleFlows=1
maxpossibleFlows=1
maxpossibleFlows=1
maxpossibleFlows=1
maxpossibleFlows=1
maxpossibleFlows=1
maxpossibleFlows=1
maxpossibleFlows=1
maxpossibleFlows=1
maxpossibleFlows=1
maxpossibleFlows=1
maxpossibleFlows=1
maxpossibleFlows=1
maxpossibleFlows=1
maxpossibleFlows=1
maxpossibleFlows=1
maxpossibleFlows=1
maxpossibleFlows=1
maxpossibleFlows=1
maxpossibleFlows=1
maxpossibleFlows=1
maxpossibleFlows=1
maxpossibleFlows=1
maxpossibleFlows=1
maxpossibleFlows=1
maxpossibleFlows=1
maxpossibleFlows=1
maxpossibleFlows=1
maxpossibleFlows=1
maxpossibleFlows=1
maxpossibleFlows=1
maxpossibleFlows=1
1 taint flow paths FOUND from <android.view.View: int getMeasuredWidth()> to <android.graphics.Paint: void setStyle(android.graphics.Paint$Style)>
maxpossibleFlows=1
maxpossibleFlows=1
maxpossibleFlows=1
maxpossibleFlows=1
maxpossibleFlows=1
maxpossibleFlows=1
maxpossibleFlows=1
maxpossibleFlows=1
maxpossibleFlows=1
maxpossibleFlows=1
maxpossibleFlows=1
maxpossibleFlows=1
maxpossibleFlows=1
maxpossibleFlows=1
maxpossibleFlows=1
maxpossibleFlows=1
maxpossibleFlows=1
maxpossibleFlows=1
maxpossibleFlows=1
maxpossibleFlows=1
maxpossibleFlows=1
maxpossibleFlows=1
maxpossibleFlows=1
maxpossibleFlows=1
maxpossibleFlows=1
maxpossibleFlows=1
maxpossibleFlows=1
maxpossibleFlows=1
maxpossibleFlows=1
maxpossibleFlows=1
maxpossibleFlows=1
maxpossibleFlows=1
maxpossibleFlows=1
maxpossibleFlows=1
maxpossibleFlows=1
maxpossibleFlows=1
maxpossibleFlows=1
maxpossibleFlows=1
maxpossibleFlows=1
maxpossibleFlows=1
maxpossibleFlows=1
maxpossibleFlows=1
maxpossibleFlows=1
maxpossibleFlows=1
maxpossibleFlows=2
maxpossibleFlows=2
2 taint flow paths FOUND from <android.content.res.Resources: android.graphics.drawable.Drawable getDrawable(int)> to <android.widget.TabHost$TabSpec: android.widget.TabHost$TabSpec setContent(android.content.Intent)>
maxpossibleFlows=1
maxpossibleFlows=1
maxpossibleFlows=1
maxpossibleFlows=1
maxpossibleFlows=1
maxpossibleFlows=1
maxpossibleFlows=1
maxpossibleFlows=1
maxpossibleFlows=1
maxpossibleFlows=1
maxpossibleFlows=1
maxpossibleFlows=1
maxpossibleFlows=1
maxpossibleFlows=1
maxpossibleFlows=1
maxpossibleFlows=1
maxpossibleFlows=1
maxpossibleFlows=1
maxpossibleFlows=1
maxpossibleFlows=1
maxpossibleFlows=1
maxpossibleFlows=1
maxpossibleFlows=1
maxpossibleFlows=1
maxpossibleFlows=1
maxpossibleFlows=1
maxpossibleFlows=1
maxpossibleFlows=1
maxpossibleFlows=1
maxpossibleFlows=1
maxpossibleFlows=1
maxpossibleFlows=1
maxpossibleFlows=1
maxpossibleFlows=1
maxpossibleFlows=1
maxpossibleFlows=1
maxpossibleFlows=1
maxpossibleFlows=1
maxpossibleFlows=1
maxpossibleFlows=1
maxpossibleFlows=1
maxpossibleFlows=9
maxpossibleFlows=4
4 taint flow paths FOUND from <android.webkit.WebView: java.lang.String getUrl()> to <android.view.View: void setFocusable(boolean)>
maxpossibleFlows=5
maxpossibleFlows=4
maxpossibleFlows=5
maxpossibleFlows=4
maxpossibleFlows=5
maxpossibleFlows=8
8 taint flow paths FOUND from <android.view.MotionEvent: int getAction()> to <android.webkit.WebSettings: void setBuiltInZoomControls(boolean)>
maxpossibleFlows=2
maxpossibleFlows=2
maxpossibleFlows=3
maxpossibleFlows=2
maxpossibleFlows=2
maxpossibleFlows=2
maxpossibleFlows=1
maxpossibleFlows=2
2 taint flow paths FOUND from <java.lang.StringBuilder: java.lang.String toString()> to <android.util.Log: int i(java.lang.String,java.lang.String)>
maxpossibleFlows=1
maxpossibleFlows=1
maxpossibleFlows=1
maxpossibleFlows=1
maxpossibleFlows=1
maxpossibleFlows=1
maxpossibleFlows=1
maxpossibleFlows=1
maxpossibleFlows=1
maxpossibleFlows=1
maxpossibleFlows=1
maxpossibleFlows=1
maxpossibleFlows=1
maxpossibleFlows=1
maxpossibleFlows=1
maxpossibleFlows=1
maxpossibleFlows=1
maxpossibleFlows=1
maxpossibleFlows=1
maxpossibleFlows=1
maxpossibleFlows=1
maxpossibleFlows=1
maxpossibleFlows=1
maxpossibleFlows=1
maxpossibleFlows=1
maxpossibleFlows=1
maxpossibleFlows=1
maxpossibleFlows=1
maxpossibleFlows=1
maxpossibleFlows=1
maxpossibleFlows=1
maxpossibleFlows=1
maxpossibleFlows=1
maxpossibleFlows=1
maxpossibleFlows=1
maxpossibleFlows=1
maxpossibleFlows=1
maxpossibleFlows=1
maxpossibleFlows=1
maxpossibleFlows=54
maxpossibleFlows=1
maxpossibleFlows=1
1 taint flow paths FOUND from <android.content.ContextWrapper: android.content.Context getApplicationContext()> to <android.util.Log: int e(java.lang.String,java.lang.String)>
maxpossibleFlows=1
maxpossibleFlows=1
maxpossibleFlows=1
maxpossibleFlows=1
maxpossibleFlows=1
maxpossibleFlows=1
maxpossibleFlows=1
maxpossibleFlows=1
maxpossibleFlows=1
maxpossibleFlows=34
maxpossibleFlows=1
maxpossibleFlows=1
maxpossibleFlows=5
maxpossibleFlows=1
maxpossibleFlows=1
maxpossibleFlows=1
maxpossibleFlows=1
maxpossibleFlows=1
maxpossibleFlows=1
maxpossibleFlows=1
maxpossibleFlows=4
maxpossibleFlows=12
maxpossibleFlows=1
maxpossibleFlows=1
maxpossibleFlows=1
maxpossibleFlows=1
maxpossibleFlows=1
maxpossibleFlows=1
maxpossibleFlows=1
maxpossibleFlows=1
maxpossibleFlows=1
maxpossibleFlows=1
maxpossibleFlows=1
maxpossibleFlows=2
maxpossibleFlows=1
maxpossibleFlows=1
maxpossibleFlows=1
maxpossibleFlows=20
maxpossibleFlows=2
maxpossibleFlows=5
maxpossibleFlows=5
maxpossibleFlows=31
maxpossibleFlows=1
maxpossibleFlows=1
maxpossibleFlows=2
maxpossibleFlows=1
maxpossibleFlows=1
maxpossibleFlows=1
maxpossibleFlows=2
maxpossibleFlows=1
maxpossibleFlows=1
maxpossibleFlows=2
maxpossibleFlows=1
maxpossibleFlows=31
31 taint flow paths FOUND from <android.content.res.Resources: int getColor(int)> to <android.graphics.Paint: void setStyle(android.graphics.Paint$Style)>
maxpossibleFlows=1
1 taint flow paths FOUND from <java.lang.Throwable: java.lang.String getMessage()> to <android.util.Log: int e(java.lang.String,java.lang.String)>
maxpossibleFlows=3
maxpossibleFlows=2
maxpossibleFlows=1
maxpossibleFlows=3
maxpossibleFlows=3
3 taint flow paths FOUND from <java.lang.Enum: java.lang.String toString()> to <android.webkit.WebSettings: void setDefaultZoom(android.webkit.WebSettings$ZoomDensity)>
maxpossibleFlows=1
maxpossibleFlows=5
1 taint flow paths FOUND from <android.widget.EditText: android.text.Editable getText()> to <android.view.View: void setEnabled(boolean)>
maxpossibleFlows=1
maxpossibleFlows=1
maxpossibleFlows=1
maxpossibleFlows=1
maxpossibleFlows=1
maxpossibleFlows=1
maxpossibleFlows=1
1 taint flow paths FOUND from <android.preference.PreferenceManager: android.content.SharedPreferences getDefaultSharedPreferences(android.content.Context)> to <android.app.Activity: void setProgressBarVisibility(boolean)>
maxpossibleFlows=1
maxpossibleFlows=1
maxpossibleFlows=1
maxpossibleFlows=1
maxpossibleFlows=1
maxpossibleFlows=1
maxpossibleFlows=1
maxpossibleFlows=1
maxpossibleFlows=1
maxpossibleFlows=1
maxpossibleFlows=1
maxpossibleFlows=1
maxpossibleFlows=1
maxpossibleFlows=1
maxpossibleFlows=1
maxpossibleFlows=1
maxpossibleFlows=1
maxpossibleFlows=1
maxpossibleFlows=1
maxpossibleFlows=1
maxpossibleFlows=1
maxpossibleFlows=1
maxpossibleFlows=1
maxpossibleFlows=1
maxpossibleFlows=1
maxpossibleFlows=1
maxpossibleFlows=1
maxpossibleFlows=1
maxpossibleFlows=1
maxpossibleFlows=1
maxpossibleFlows=1
maxpossibleFlows=1
maxpossibleFlows=1
maxpossibleFlows=1
maxpossibleFlows=1
maxpossibleFlows=1
maxpossibleFlows=1
maxpossibleFlows=1
maxpossibleFlows=1
maxpossibleFlows=1
maxpossibleFlows=1
maxpossibleFlows=1
maxpossibleFlows=1
maxpossibleFlows=1
maxpossibleFlows=1
maxpossibleFlows=1
maxpossibleFlows=13
maxpossibleFlows=1
maxpossibleFlows=13
maxpossibleFlows=54
maxpossibleFlows=1
maxpossibleFlows=1
maxpossibleFlows=1
maxpossibleFlows=1
maxpossibleFlows=1
maxpossibleFlows=1
maxpossibleFlows=1
maxpossibleFlows=1
maxpossibleFlows=1
maxpossibleFlows=1
maxpossibleFlows=1
maxpossibleFlows=1
maxpossibleFlows=1
maxpossibleFlows=1
maxpossibleFlows=1
maxpossibleFlows=1
maxpossibleFlows=1
maxpossibleFlows=1
maxpossibleFlows=1
maxpossibleFlows=1
maxpossibleFlows=1
maxpossibleFlows=1
maxpossibleFlows=1
1 taint flow paths FOUND from <android.content.ContextWrapper: android.content.res.Resources getResources()> to <android.content.res.Resources: java.io.InputStream openRawResource(int)>
maxpossibleFlows=1
maxpossibleFlows=1
maxpossibleFlows=1
maxpossibleFlows=1
maxpossibleFlows=1
maxpossibleFlows=1
maxpossibleFlows=1
maxpossibleFlows=1
maxpossibleFlows=1
1 taint flow paths FOUND from <android.content.Intent: boolean getBooleanExtra(java.lang.String,boolean)> to <android.app.Activity: void setProgressBarVisibility(boolean)>
maxpossibleFlows=5
5 taint flow paths FOUND from <java.util.HashMap: java.lang.Object get(java.lang.Object)> to <android.view.View: void setEnabled(boolean)>
maxpossibleFlows=1
maxpossibleFlows=1
maxpossibleFlows=1
maxpossibleFlows=1
maxpossibleFlows=1
maxpossibleFlows=1
maxpossibleFlows=1
maxpossibleFlows=1
maxpossibleFlows=1
maxpossibleFlows=1
maxpossibleFlows=1
maxpossibleFlows=1
maxpossibleFlows=1
maxpossibleFlows=1
maxpossibleFlows=1
maxpossibleFlows=1
maxpossibleFlows=1
maxpossibleFlows=1
1 taint flow paths FOUND from <android.view.LayoutInflater: android.view.View inflate(int,android.view.ViewGroup)> to <android.widget.TextView: void setText(int)>
maxpossibleFlows=1
maxpossibleFlows=1
maxpossibleFlows=1
maxpossibleFlows=1
maxpossibleFlows=1
maxpossibleFlows=1
maxpossibleFlows=1
maxpossibleFlows=1
maxpossibleFlows=1
maxpossibleFlows=1
maxpossibleFlows=34
maxpossibleFlows=1
maxpossibleFlows=1
maxpossibleFlows=5
maxpossibleFlows=1
maxpossibleFlows=1
maxpossibleFlows=1
maxpossibleFlows=1
maxpossibleFlows=1
maxpossibleFlows=1
maxpossibleFlows=1
maxpossibleFlows=4
maxpossibleFlows=12
maxpossibleFlows=1
maxpossibleFlows=1
maxpossibleFlows=1
maxpossibleFlows=1
maxpossibleFlows=1
maxpossibleFlows=1
maxpossibleFlows=1
maxpossibleFlows=1
maxpossibleFlows=1
maxpossibleFlows=1
maxpossibleFlows=1
maxpossibleFlows=2
maxpossibleFlows=1
maxpossibleFlows=1
maxpossibleFlows=1
maxpossibleFlows=20
maxpossibleFlows=2
maxpossibleFlows=5
maxpossibleFlows=5
maxpossibleFlows=31
maxpossibleFlows=1
maxpossibleFlows=1
maxpossibleFlows=2
maxpossibleFlows=1
maxpossibleFlows=1
maxpossibleFlows=1
maxpossibleFlows=2
maxpossibleFlows=1
maxpossibleFlows=1
maxpossibleFlows=2
maxpossibleFlows=1
maxpossibleFlows=1
maxpossibleFlows=1
maxpossibleFlows=1
maxpossibleFlows=1
maxpossibleFlows=1
maxpossibleFlows=1
maxpossibleFlows=1
maxpossibleFlows=1
maxpossibleFlows=1
maxpossibleFlows=1
maxpossibleFlows=4
maxpossibleFlows=1
maxpossibleFlows=1
maxpossibleFlows=1
maxpossibleFlows=1
maxpossibleFlows=1
maxpossibleFlows=4
maxpossibleFlows=1
maxpossibleFlows=1
maxpossibleFlows=1
maxpossibleFlows=1
maxpossibleFlows=1
maxpossibleFlows=1
maxpossibleFlows=3
maxpossibleFlows=1
maxpossibleFlows=1
maxpossibleFlows=1
maxpossibleFlows=1
maxpossibleFlows=1
maxpossibleFlows=1
maxpossibleFlows=1
maxpossibleFlows=4
maxpossibleFlows=1
maxpossibleFlows=1
maxpossibleFlows=1
maxpossibleFlows=1
maxpossibleFlows=1
maxpossibleFlows=1
maxpossibleFlows=1
maxpossibleFlows=1
maxpossibleFlows=1
maxpossibleFlows=1
maxpossibleFlows=1
maxpossibleFlows=1
maxpossibleFlows=1
maxpossibleFlows=1
maxpossibleFlows=1
maxpossibleFlows=1
maxpossibleFlows=1
maxpossibleFlows=1
maxpossibleFlows=1
maxpossibleFlows=5
maxpossibleFlows=1
maxpossibleFlows=1
maxpossibleFlows=1
maxpossibleFlows=1
maxpossibleFlows=1
maxpossibleFlows=1
maxpossibleFlows=1
maxpossibleFlows=1
maxpossibleFlows=4
maxpossibleFlows=1
maxpossibleFlows=1
maxpossibleFlows=1
maxpossibleFlows=1
1 taint flow paths FOUND from <android.app.Activity: java.lang.Object getSystemService(java.lang.String)> to <android.app.Activity: void setContentView(int)>
maxpossibleFlows=1
maxpossibleFlows=1
maxpossibleFlows=1
maxpossibleFlows=1
maxpossibleFlows=1
maxpossibleFlows=1
maxpossibleFlows=1
maxpossibleFlows=1
maxpossibleFlows=1
maxpossibleFlows=1
maxpossibleFlows=1
maxpossibleFlows=1
maxpossibleFlows=1
maxpossibleFlows=1
maxpossibleFlows=1
maxpossibleFlows=1
maxpossibleFlows=1
maxpossibleFlows=1
maxpossibleFlows=1
maxpossibleFlows=1
maxpossibleFlows=1
maxpossibleFlows=1
maxpossibleFlows=1
maxpossibleFlows=1
maxpossibleFlows=1
maxpossibleFlows=1
maxpossibleFlows=1
maxpossibleFlows=1
maxpossibleFlows=1
maxpossibleFlows=1
maxpossibleFlows=1
maxpossibleFlows=1
maxpossibleFlows=1
maxpossibleFlows=1
maxpossibleFlows=1
maxpossibleFlows=1
maxpossibleFlows=1
maxpossibleFlows=1
maxpossibleFlows=1
maxpossibleFlows=1
maxpossibleFlows=1
maxpossibleFlows=1
maxpossibleFlows=1
maxpossibleFlows=1
maxpossibleFlows=1
maxpossibleFlows=1
maxpossibleFlows=1
maxpossibleFlows=1
maxpossibleFlows=1
maxpossibleFlows=1
maxpossibleFlows=1
maxpossibleFlows=1
maxpossibleFlows=1
maxpossibleFlows=1
maxpossibleFlows=1
maxpossibleFlows=1
maxpossibleFlows=1
maxpossibleFlows=1
maxpossibleFlows=1
maxpossibleFlows=1
maxpossibleFlows=1
maxpossibleFlows=1
maxpossibleFlows=1
maxpossibleFlows=1
maxpossibleFlows=1
maxpossibleFlows=1
maxpossibleFlows=1
maxpossibleFlows=1
maxpossibleFlows=1
maxpossibleFlows=1
maxpossibleFlows=1
maxpossibleFlows=1
maxpossibleFlows=1
maxpossibleFlows=1
maxpossibleFlows=1
maxpossibleFlows=1
maxpossibleFlows=1
maxpossibleFlows=1
maxpossibleFlows=1
maxpossibleFlows=1
maxpossibleFlows=3
maxpossibleFlows=1
maxpossibleFlows=1
1 taint flow paths FOUND from <android.content.ContextWrapper: java.lang.String getPackageName()> to <android.view.View: void startAnimation(android.view.animation.Animation)>
maxpossibleFlows=1
maxpossibleFlows=3
3 taint flow paths FOUND from <android.webkit.WebView: android.webkit.WebSettings getSettings()> to <android.webkit.WebSettings: void setSavePassword(boolean)>
maxpossibleFlows=3
maxpossibleFlows=3
3 taint flow paths FOUND from <java.util.Calendar: java.util.Calendar getInstance()> to <java.util.Calendar: void setTime(java.util.Date)>
maxpossibleFlows=1
maxpossibleFlows=1
maxpossibleFlows=1
maxpossibleFlows=1
maxpossibleFlows=1
maxpossibleFlows=2
2 taint flow paths FOUND from <java.lang.StringBuilder: java.lang.String toString()> to <android.util.Log: int i(java.lang.String,java.lang.String)>
maxpossibleFlows=1
maxpossibleFlows=1
maxpossibleFlows=1
maxpossibleFlows=1
maxpossibleFlows=1
maxpossibleFlows=54
maxpossibleFlows=1
maxpossibleFlows=1
maxpossibleFlows=1
maxpossibleFlows=1
1 taint flow paths FOUND from <java.lang.Class: java.lang.reflect.Method getMethod(java.lang.String,java.lang.Class[])> to <android.util.Log: int e(java.lang.String,java.lang.String)>
maxpossibleFlows=1
maxpossibleFlows=1
1 taint flow paths FOUND from <android.view.animation.AnimationUtils: android.view.animation.Animation loadAnimation(android.content.Context,int)> to <android.view.View: void startAnimation(android.view.animation.Animation)>
maxpossibleFlows=1
maxpossibleFlows=1
maxpossibleFlows=1
maxpossibleFlows=1
maxpossibleFlows=1
maxpossibleFlows=1
maxpossibleFlows=1
maxpossibleFlows=1
maxpossibleFlows=2
maxpossibleFlows=1
maxpossibleFlows=1
maxpossibleFlows=1
maxpossibleFlows=1
maxpossibleFlows=3
maxpossibleFlows=1
maxpossibleFlows=1
maxpossibleFlows=1
maxpossibleFlows=1
maxpossibleFlows=1
maxpossibleFlows=1
maxpossibleFlows=1
maxpossibleFlows=1
maxpossibleFlows=1
maxpossibleFlows=1
maxpossibleFlows=3
maxpossibleFlows=1
maxpossibleFlows=1
maxpossibleFlows=1
maxpossibleFlows=1
maxpossibleFlows=1
maxpossibleFlows=1
maxpossibleFlows=1
maxpossibleFlows=1
maxpossibleFlows=1
maxpossibleFlows=1
maxpossibleFlows=1
maxpossibleFlows=3
3 taint flow paths FOUND from <android.webkit.WebView: android.webkit.WebSettings getSettings()> to <android.webkit.WebSettings: void setSavePassword(boolean)>
maxpossibleFlows=1
1 taint flow paths FOUND from <android.content.ContextWrapper: android.content.Context getApplicationContext()> to <android.content.ContextWrapper: android.content.ComponentName startService(android.content.Intent)>
maxpossibleFlows=1
maxpossibleFlows=1
maxpossibleFlows=1
maxpossibleFlows=1
maxpossibleFlows=1
maxpossibleFlows=1
maxpossibleFlows=1
maxpossibleFlows=1
maxpossibleFlows=2
maxpossibleFlows=1
maxpossibleFlows=1
maxpossibleFlows=1
maxpossibleFlows=1
maxpossibleFlows=3
maxpossibleFlows=1
maxpossibleFlows=1
maxpossibleFlows=1
maxpossibleFlows=1
maxpossibleFlows=1
maxpossibleFlows=1
maxpossibleFlows=1
maxpossibleFlows=1
maxpossibleFlows=1
maxpossibleFlows=1
maxpossibleFlows=3
3 taint flow paths FOUND from <java.lang.Enum: java.lang.String toString()> to <android.webkit.WebSettings: void setDefaultZoom(android.webkit.WebSettings$ZoomDensity)>
maxpossibleFlows=1
maxpossibleFlows=1
maxpossibleFlows=1
maxpossibleFlows=1
maxpossibleFlows=1
maxpossibleFlows=1
maxpossibleFlows=1
maxpossibleFlows=1
maxpossibleFlows=2
maxpossibleFlows=1
maxpossibleFlows=1
maxpossibleFlows=1
maxpossibleFlows=1
maxpossibleFlows=3
maxpossibleFlows=1
maxpossibleFlows=1
maxpossibleFlows=1
maxpossibleFlows=1
maxpossibleFlows=1
maxpossibleFlows=1
maxpossibleFlows=1
maxpossibleFlows=1
maxpossibleFlows=1
maxpossibleFlows=1
maxpossibleFlows=3
maxpossibleFlows=1
maxpossibleFlows=1
maxpossibleFlows=1
maxpossibleFlows=1
maxpossibleFlows=1
maxpossibleFlows=1
maxpossibleFlows=1
maxpossibleFlows=1
maxpossibleFlows=1
maxpossibleFlows=1
maxpossibleFlows=1
maxpossibleFlows=3
3 taint flow paths FOUND from <android.webkit.WebView: android.webkit.WebSettings getSettings()> to <android.webkit.WebSettings: void setSaveFormData(boolean)>
maxpossibleFlows=1
maxpossibleFlows=1
maxpossibleFlows=1
maxpossibleFlows=1
1 taint flow paths FOUND from <android.view.ContextThemeWrapper: android.content.res.Resources getResources()> to <android.app.Activity: void setProgressBarVisibility(boolean)>
maxpossibleFlows=1
maxpossibleFlows=1
maxpossibleFlows=1
maxpossibleFlows=1
maxpossibleFlows=1
maxpossibleFlows=1
maxpossibleFlows=1
1 taint flow paths FOUND from <android.content.ContextWrapper: java.lang.String getPackageName()> to <android.view.View: void setBackgroundColor(int)>
maxpossibleFlows=1
maxpossibleFlows=1
maxpossibleFlows=1
maxpossibleFlows=1
maxpossibleFlows=1
maxpossibleFlows=1
maxpossibleFlows=1
maxpossibleFlows=1
maxpossibleFlows=2
maxpossibleFlows=1
maxpossibleFlows=1
maxpossibleFlows=1
maxpossibleFlows=1
maxpossibleFlows=3
3 taint flow paths FOUND from <android.webkit.CookieManager: android.webkit.CookieManager getInstance()> to <android.webkit.WebView: void setScrollBarStyle(int)>
maxpossibleFlows=1
maxpossibleFlows=1
maxpossibleFlows=1
maxpossibleFlows=1
maxpossibleFlows=1
maxpossibleFlows=1
maxpossibleFlows=1
maxpossibleFlows=1
maxpossibleFlows=2
maxpossibleFlows=1
maxpossibleFlows=1
maxpossibleFlows=1
maxpossibleFlows=1
maxpossibleFlows=3
3 taint flow paths FOUND from <android.webkit.CookieManager: android.webkit.CookieManager getInstance()> to <android.webkit.WebSettings: void setCacheMode(int)>
maxpossibleFlows=1
maxpossibleFlows=1
maxpossibleFlows=1
maxpossibleFlows=1
maxpossibleFlows=1
maxpossibleFlows=34
maxpossibleFlows=1
maxpossibleFlows=1
maxpossibleFlows=1
maxpossibleFlows=1
maxpossibleFlows=13
maxpossibleFlows=1
maxpossibleFlows=1
maxpossibleFlows=1
maxpossibleFlows=1
maxpossibleFlows=1
maxpossibleFlows=1
maxpossibleFlows=13
maxpossibleFlows=1
maxpossibleFlows=1
maxpossibleFlows=1
maxpossibleFlows=34
maxpossibleFlows=1
maxpossibleFlows=1
maxpossibleFlows=34
maxpossibleFlows=1
maxpossibleFlows=1
maxpossibleFlows=1
1 taint flow paths FOUND from <android.preference.PreferenceManager: android.content.SharedPreferences getDefaultSharedPreferences(android.content.Context)> to <android.view.View: void setBackgroundResource(int)>
maxpossibleFlows=1
maxpossibleFlows=1
maxpossibleFlows=1
maxpossibleFlows=1
maxpossibleFlows=1
maxpossibleFlows=1
maxpossibleFlows=1
maxpossibleFlows=1
maxpossibleFlows=2
maxpossibleFlows=1
maxpossibleFlows=1
maxpossibleFlows=1
maxpossibleFlows=1
maxpossibleFlows=3
3 taint flow paths FOUND from <android.webkit.CookieManager: android.webkit.CookieManager getInstance()> to <android.webkit.WebSettings: void setJavaScriptCanOpenWindowsAutomatically(boolean)>
maxpossibleFlows=1
maxpossibleFlows=1
maxpossibleFlows=1
maxpossibleFlows=1
maxpossibleFlows=1
maxpossibleFlows=1
maxpossibleFlows=1
maxpossibleFlows=1
maxpossibleFlows=2
maxpossibleFlows=1
maxpossibleFlows=1
maxpossibleFlows=1
maxpossibleFlows=1
maxpossibleFlows=3
3 taint flow paths FOUND from <android.webkit.CookieManager: android.webkit.CookieManager getInstance()> to <android.webkit.WebSettings: void setSupportMultipleWindows(boolean)>
maxpossibleFlows=1
maxpossibleFlows=1
maxpossibleFlows=2
maxpossibleFlows=5
5 taint flow paths FOUND from <java.lang.String: java.lang.String toString()> to <android.view.View: void setEnabled(boolean)>
maxpossibleFlows=1
maxpossibleFlows=1
maxpossibleFlows=1
1 taint flow paths FOUND from <android.net.Uri: android.net.Uri parse(java.lang.String)> to <android.app.Activity: void startActivity(android.content.Intent)>
maxpossibleFlows=1
maxpossibleFlows=1
maxpossibleFlows=1
maxpossibleFlows=1
maxpossibleFlows=1
maxpossibleFlows=1
maxpossibleFlows=1
maxpossibleFlows=1
maxpossibleFlows=1
maxpossibleFlows=1
maxpossibleFlows=1
maxpossibleFlows=1
maxpossibleFlows=1
maxpossibleFlows=1
maxpossibleFlows=1
maxpossibleFlows=1
maxpossibleFlows=1
maxpossibleFlows=1
maxpossibleFlows=1
maxpossibleFlows=1
maxpossibleFlows=1
maxpossibleFlows=1
maxpossibleFlows=1
maxpossibleFlows=1
maxpossibleFlows=1
maxpossibleFlows=1
maxpossibleFlows=2
maxpossibleFlows=1
maxpossibleFlows=1
maxpossibleFlows=1
maxpossibleFlows=1
maxpossibleFlows=3
maxpossibleFlows=1
maxpossibleFlows=1
maxpossibleFlows=1
maxpossibleFlows=1
maxpossibleFlows=1
maxpossibleFlows=1
maxpossibleFlows=1
maxpossibleFlows=1
maxpossibleFlows=1
maxpossibleFlows=1
maxpossibleFlows=3
maxpossibleFlows=1
maxpossibleFlows=1
maxpossibleFlows=1
maxpossibleFlows=1
maxpossibleFlows=1
maxpossibleFlows=1
maxpossibleFlows=1
maxpossibleFlows=1
maxpossibleFlows=1
maxpossibleFlows=1
maxpossibleFlows=1
maxpossibleFlows=3
3 taint flow paths FOUND from <android.webkit.WebView: android.webkit.WebSettings getSettings()> to <android.webkit.WebSettings: void setLoadsImagesAutomatically(boolean)>
maxpossibleFlows=1
maxpossibleFlows=1
maxpossibleFlows=1
maxpossibleFlows=1
maxpossibleFlows=1
maxpossibleFlows=1
maxpossibleFlows=1
maxpossibleFlows=1
maxpossibleFlows=2
maxpossibleFlows=1
maxpossibleFlows=1
maxpossibleFlows=1
maxpossibleFlows=1
maxpossibleFlows=3
3 taint flow paths FOUND from <android.webkit.CookieManager: android.webkit.CookieManager getInstance()> to <android.webkit.WebSettings: void setDomStorageEnabled(boolean)>
maxpossibleFlows=1
maxpossibleFlows=1
maxpossibleFlows=1
maxpossibleFlows=1
maxpossibleFlows=1
maxpossibleFlows=1
maxpossibleFlows=1
1 taint flow paths FOUND from <android.content.ContextWrapper: java.lang.String getPackageName()> to <android.view.View: void setClickable(boolean)>
maxpossibleFlows=1
maxpossibleFlows=1
maxpossibleFlows=1
maxpossibleFlows=1
maxpossibleFlows=1
maxpossibleFlows=1
maxpossibleFlows=1
maxpossibleFlows=1
maxpossibleFlows=2
maxpossibleFlows=1
maxpossibleFlows=1
maxpossibleFlows=1
maxpossibleFlows=1
maxpossibleFlows=3
3 taint flow paths FOUND from <android.webkit.CookieManager: android.webkit.CookieManager getInstance()> to <android.webkit.WebSettings: void setRenderPriority(android.webkit.WebSettings$RenderPriority)>
maxpossibleFlows=1
maxpossibleFlows=1
maxpossibleFlows=1
maxpossibleFlows=1
maxpossibleFlows=1
maxpossibleFlows=1
maxpossibleFlows=1
maxpossibleFlows=1
maxpossibleFlows=1
maxpossibleFlows=1
maxpossibleFlows=2
maxpossibleFlows=1
maxpossibleFlows=1
maxpossibleFlows=1
maxpossibleFlows=1
maxpossibleFlows=3
maxpossibleFlows=1
maxpossibleFlows=1
maxpossibleFlows=1
maxpossibleFlows=1
maxpossibleFlows=1
maxpossibleFlows=1
maxpossibleFlows=1
maxpossibleFlows=1
maxpossibleFlows=1
maxpossibleFlows=1
maxpossibleFlows=3
maxpossibleFlows=1
maxpossibleFlows=1
maxpossibleFlows=1
maxpossibleFlows=1
maxpossibleFlows=1
maxpossibleFlows=1
maxpossibleFlows=1
maxpossibleFlows=1
maxpossibleFlows=1
maxpossibleFlows=1
maxpossibleFlows=1
maxpossibleFlows=3
3 taint flow paths FOUND from <android.webkit.WebView: android.webkit.WebSettings getSettings()> to <android.webkit.WebSettings: void setJavaScriptEnabled(boolean)>
maxpossibleFlows=1
maxpossibleFlows=1
maxpossibleFlows=1
maxpossibleFlows=1
maxpossibleFlows=1
maxpossibleFlows=4
4 taint flow paths FOUND from <android.webkit.WebView: java.lang.String getTitle()> to <android.view.View: void setFocusable(boolean)>
maxpossibleFlows=2
maxpossibleFlows=4
maxpossibleFlows=4
maxpossibleFlows=12
8 taint flow paths FOUND from <android.widget.ViewAnimator: int getDisplayedChild()> to <android.widget.ProgressBar: void setProgress(int)>
maxpossibleFlows=1
maxpossibleFlows=1
maxpossibleFlows=4
1 taint flow paths FOUND from <android.view.MotionEvent: int getPointerCount()> to <android.webkit.WebSettings: void setBuiltInZoomControls(boolean)>
maxpossibleFlows=1
maxpossibleFlows=1
maxpossibleFlows=1
maxpossibleFlows=1
maxpossibleFlows=1
maxpossibleFlows=1
maxpossibleFlows=1
maxpossibleFlows=1
maxpossibleFlows=1
maxpossibleFlows=1
maxpossibleFlows=1
maxpossibleFlows=1
maxpossibleFlows=1
maxpossibleFlows=1
maxpossibleFlows=1
maxpossibleFlows=1
maxpossibleFlows=1
maxpossibleFlows=1
maxpossibleFlows=1
maxpossibleFlows=1
maxpossibleFlows=1
maxpossibleFlows=1
maxpossibleFlows=1
maxpossibleFlows=1
maxpossibleFlows=1
maxpossibleFlows=1
maxpossibleFlows=1
maxpossibleFlows=1
maxpossibleFlows=1
maxpossibleFlows=1
1 taint flow paths FOUND from <android.view.LayoutInflater: android.view.View inflate(int,android.view.ViewGroup)> to <android.widget.TextView: void setText(int)>
maxpossibleFlows=1
maxpossibleFlows=1
maxpossibleFlows=1
maxpossibleFlows=1
maxpossibleFlows=1
maxpossibleFlows=1
maxpossibleFlows=1
maxpossibleFlows=1
maxpossibleFlows=2
maxpossibleFlows=1
maxpossibleFlows=1
maxpossibleFlows=1
maxpossibleFlows=1
maxpossibleFlows=3
maxpossibleFlows=1
maxpossibleFlows=1
maxpossibleFlows=1
maxpossibleFlows=1
maxpossibleFlows=1
maxpossibleFlows=1
maxpossibleFlows=1
maxpossibleFlows=1
maxpossibleFlows=1
maxpossibleFlows=1
maxpossibleFlows=3
maxpossibleFlows=1
maxpossibleFlows=1
maxpossibleFlows=1
maxpossibleFlows=1
maxpossibleFlows=1
maxpossibleFlows=1
maxpossibleFlows=1
maxpossibleFlows=1
maxpossibleFlows=1
maxpossibleFlows=1
maxpossibleFlows=1
maxpossibleFlows=3
3 taint flow paths FOUND from <android.webkit.WebView: android.webkit.WebSettings getSettings()> to <android.webkit.WebSettings: void setLoadWithOverviewMode(boolean)>
maxpossibleFlows=1
maxpossibleFlows=1
maxpossibleFlows=1
maxpossibleFlows=1
maxpossibleFlows=1
maxpossibleFlows=1
maxpossibleFlows=1
maxpossibleFlows=1
maxpossibleFlows=1
maxpossibleFlows=1
maxpossibleFlows=1
maxpossibleFlows=1
maxpossibleFlows=1
1 taint flow paths FOUND from <android.content.ContextWrapper: android.content.res.Resources getResources()> to <android.content.res.Resources: java.io.InputStream openRawResource(int)>
maxpossibleFlows=1
1 taint flow paths FOUND from <android.content.ContextWrapper: android.content.SharedPreferences getSharedPreferences(java.lang.String,int)> to <android.app.Activity: void setContentView(int)>
maxpossibleFlows=1
maxpossibleFlows=1
maxpossibleFlows=1
maxpossibleFlows=1
maxpossibleFlows=1
maxpossibleFlows=1
maxpossibleFlows=1
maxpossibleFlows=1
maxpossibleFlows=2
maxpossibleFlows=1
maxpossibleFlows=1
maxpossibleFlows=1
maxpossibleFlows=1
maxpossibleFlows=3
maxpossibleFlows=1
maxpossibleFlows=1
maxpossibleFlows=1
maxpossibleFlows=1
maxpossibleFlows=1
maxpossibleFlows=1
maxpossibleFlows=1
maxpossibleFlows=1
maxpossibleFlows=1
maxpossibleFlows=1
maxpossibleFlows=3
3 taint flow paths FOUND from <java.lang.Enum: java.lang.String toString()> to <android.webkit.WebSettings: void setUserAgentString(java.lang.String)>
maxpossibleFlows=1
maxpossibleFlows=1
maxpossibleFlows=1
maxpossibleFlows=1
maxpossibleFlows=1
maxpossibleFlows=1
maxpossibleFlows=1
maxpossibleFlows=1
maxpossibleFlows=1
maxpossibleFlows=1
maxpossibleFlows=1
maxpossibleFlows=1
maxpossibleFlows=4
maxpossibleFlows=1
maxpossibleFlows=4
maxpossibleFlows=1
maxpossibleFlows=1
maxpossibleFlows=1
maxpossibleFlows=1
maxpossibleFlows=1
maxpossibleFlows=1
maxpossibleFlows=1
maxpossibleFlows=1
maxpossibleFlows=1
maxpossibleFlows=3
maxpossibleFlows=1
maxpossibleFlows=1
maxpossibleFlows=1
maxpossibleFlows=1
maxpossibleFlows=1
maxpossibleFlows=4
maxpossibleFlows=3
maxpossibleFlows=1
maxpossibleFlows=1
maxpossibleFlows=1
maxpossibleFlows=1
maxpossibleFlows=1
maxpossibleFlows=3
maxpossibleFlows=1
maxpossibleFlows=4
maxpossibleFlows=1
maxpossibleFlows=1
maxpossibleFlows=1
1 taint flow paths FOUND from <android.content.ContextWrapper: android.content.res.Resources getResources()> to <java.lang.String: boolean startsWith(java.lang.String)>
maxpossibleFlows=1
1 taint flow paths FOUND from <android.content.ContextWrapper: android.content.Context getApplicationContext()> to <android.content.Intent: android.content.Intent setAction(java.lang.String)>
maxpossibleFlows=1
maxpossibleFlows=1
maxpossibleFlows=1
maxpossibleFlows=1
maxpossibleFlows=1
maxpossibleFlows=1
maxpossibleFlows=1
maxpossibleFlows=1
maxpossibleFlows=2
maxpossibleFlows=1
maxpossibleFlows=1
maxpossibleFlows=1
maxpossibleFlows=1
maxpossibleFlows=3
3 taint flow paths FOUND from <android.webkit.CookieManager: android.webkit.CookieManager getInstance()> to <android.webkit.WebSettings: void setAppCacheEnabled(boolean)>
maxpossibleFlows=1
maxpossibleFlows=1
maxpossibleFlows=1
maxpossibleFlows=1
maxpossibleFlows=1
maxpossibleFlows=1
maxpossibleFlows=1
maxpossibleFlows=1
maxpossibleFlows=2
maxpossibleFlows=1
maxpossibleFlows=1
maxpossibleFlows=1
maxpossibleFlows=1
maxpossibleFlows=3
3 taint flow paths FOUND from <android.webkit.CookieManager: android.webkit.CookieManager getInstance()> to <android.webkit.WebSettings: void setPluginState(android.webkit.WebSettings$PluginState)>
maxpossibleFlows=1
maxpossibleFlows=1
maxpossibleFlows=1
maxpossibleFlows=1
maxpossibleFlows=1
maxpossibleFlows=1
maxpossibleFlows=1
maxpossibleFlows=1
maxpossibleFlows=2
maxpossibleFlows=1
maxpossibleFlows=1
maxpossibleFlows=1
maxpossibleFlows=1
maxpossibleFlows=3
3 taint flow paths FOUND from <android.webkit.CookieManager: android.webkit.CookieManager getInstance()> to <android.view.View: void setLongClickable(boolean)>
maxpossibleFlows=2
maxpossibleFlows=2
maxpossibleFlows=2
maxpossibleFlows=2
maxpossibleFlows=2
maxpossibleFlows=2
maxpossibleFlows=2
maxpossibleFlows=2
maxpossibleFlows=1
maxpossibleFlows=1
maxpossibleFlows=1
maxpossibleFlows=1
maxpossibleFlows=1
maxpossibleFlows=1
maxpossibleFlows=1
1 taint flow paths FOUND from <android.content.ContextWrapper: java.lang.String getPackageName()> to <android.widget.TextView: void setTextSize(float)>
maxpossibleFlows=1
maxpossibleFlows=1
maxpossibleFlows=1
maxpossibleFlows=1
maxpossibleFlows=1
maxpossibleFlows=1
maxpossibleFlows=1
maxpossibleFlows=1
maxpossibleFlows=2
maxpossibleFlows=1
maxpossibleFlows=1
maxpossibleFlows=1
maxpossibleFlows=1
maxpossibleFlows=3
3 taint flow paths FOUND from <android.webkit.CookieManager: android.webkit.CookieManager getInstance()> to <android.webkit.WebSettings: void setDatabaseEnabled(boolean)>
maxpossibleFlows=1
maxpossibleFlows=1
maxpossibleFlows=1
maxpossibleFlows=1
maxpossibleFlows=1
maxpossibleFlows=1
maxpossibleFlows=1
maxpossibleFlows=1
maxpossibleFlows=2
maxpossibleFlows=1
maxpossibleFlows=1
maxpossibleFlows=1
maxpossibleFlows=1
maxpossibleFlows=3
3 taint flow paths FOUND from <android.webkit.CookieManager: android.webkit.CookieManager getInstance()> to <android.webkit.WebSettings: void setPluginsEnabled(boolean)>
maxpossibleFlows=1
maxpossibleFlows=1
maxpossibleFlows=1
maxpossibleFlows=1
maxpossibleFlows=2
maxpossibleFlows=6
maxpossibleFlows=5
maxpossibleFlows=1
maxpossibleFlows=6
6 taint flow paths FOUND from <android.widget.ViewAnimator: int getDisplayedChild()> to <android.view.View: void setVisibility(int)>
maxpossibleFlows=1
maxpossibleFlows=1
maxpossibleFlows=1
maxpossibleFlows=1
maxpossibleFlows=1
maxpossibleFlows=1
maxpossibleFlows=2
maxpossibleFlows=1
maxpossibleFlows=1
maxpossibleFlows=1
maxpossibleFlows=1
maxpossibleFlows=1
maxpossibleFlows=2
maxpossibleFlows=1
maxpossibleFlows=1
maxpossibleFlows=1
maxpossibleFlows=1
maxpossibleFlows=1
maxpossibleFlows=1
maxpossibleFlows=1
maxpossibleFlows=2
maxpossibleFlows=1
maxpossibleFlows=1
maxpossibleFlows=2
maxpossibleFlows=1
maxpossibleFlows=1
maxpossibleFlows=1
maxpossibleFlows=1
maxpossibleFlows=1
maxpossibleFlows=1
maxpossibleFlows=1
maxpossibleFlows=2
maxpossibleFlows=1
maxpossibleFlows=1
maxpossibleFlows=1
maxpossibleFlows=1
maxpossibleFlows=1
maxpossibleFlows=1
maxpossibleFlows=2
maxpossibleFlows=4
maxpossibleFlows=4
maxpossibleFlows=5
5 taint flow paths FOUND from <android.widget.ViewAnimator: int getDisplayedChild()> to <android.widget.TextView: void setCompoundDrawablesWithIntrinsicBounds(android.graphics.drawable.Drawable,android.graphics.drawable.Drawable,android.graphics.drawable.Drawable,android.graphics.drawable.Drawable)>
maxpossibleFlows=1
maxpossibleFlows=1
maxpossibleFlows=1
maxpossibleFlows=1
maxpossibleFlows=2
maxpossibleFlows=6
6 taint flow paths FOUND from <java.lang.String: java.lang.String toString()> to <android.widget.TextView: void setText(java.lang.CharSequence)>
maxpossibleFlows=31
maxpossibleFlows=1
1 taint flow paths FOUND from <android.view.View: int getMeasuredHeight()> to <android.graphics.Paint: void setStyle(android.graphics.Paint$Style)>
maxpossibleFlows=1
maxpossibleFlows=1
maxpossibleFlows=4
1 taint flow paths FOUND from <android.view.MotionEvent: int getPointerCount()> to <android.webkit.WebSettings: void setSupportZoom(boolean)>
maxpossibleFlows=3
maxpossibleFlows=3
maxpossibleFlows=3
maxpossibleFlows=2
maxpossibleFlows=3
maxpossibleFlows=2
maxpossibleFlows=3
maxpossibleFlows=3
maxpossibleFlows=3
3 taint flow paths FOUND from <java.util.Calendar: java.util.Calendar getInstance()> to <java.util.Calendar: void setTime(java.util.Date)>
maxpossibleFlows=1
maxpossibleFlows=1
maxpossibleFlows=1
maxpossibleFlows=1
maxpossibleFlows=1
maxpossibleFlows=1
maxpossibleFlows=1
maxpossibleFlows=1
maxpossibleFlows=2
maxpossibleFlows=1
maxpossibleFlows=1
maxpossibleFlows=1
maxpossibleFlows=1
maxpossibleFlows=3
maxpossibleFlows=1
maxpossibleFlows=1
maxpossibleFlows=1
maxpossibleFlows=1
maxpossibleFlows=1
maxpossibleFlows=1
maxpossibleFlows=1
maxpossibleFlows=1
maxpossibleFlows=1
maxpossibleFlows=1
maxpossibleFlows=3
3 taint flow paths FOUND from <java.lang.Enum: java.lang.String toString()> to <android.webkit.WebSettings: void setLightTouchEnabled(boolean)>
maxpossibleFlows=1
maxpossibleFlows=1
maxpossibleFlows=1
maxpossibleFlows=1
maxpossibleFlows=1
maxpossibleFlows=1
maxpossibleFlows=2
maxpossibleFlows=1
maxpossibleFlows=1
maxpossibleFlows=1
maxpossibleFlows=1
maxpossibleFlows=1
maxpossibleFlows=2
maxpossibleFlows=1
maxpossibleFlows=1
maxpossibleFlows=1
maxpossibleFlows=1
maxpossibleFlows=1
maxpossibleFlows=1
maxpossibleFlows=1
maxpossibleFlows=2
maxpossibleFlows=1
maxpossibleFlows=1
maxpossibleFlows=2
maxpossibleFlows=1
maxpossibleFlows=1
maxpossibleFlows=1
maxpossibleFlows=1
maxpossibleFlows=1
maxpossibleFlows=1
maxpossibleFlows=1
maxpossibleFlows=2
maxpossibleFlows=1
maxpossibleFlows=1
maxpossibleFlows=1
maxpossibleFlows=1
maxpossibleFlows=1
maxpossibleFlows=1
maxpossibleFlows=1
maxpossibleFlows=1
maxpossibleFlows=1
maxpossibleFlows=1
maxpossibleFlows=1
maxpossibleFlows=1
maxpossibleFlows=1
maxpossibleFlows=1
maxpossibleFlows=1
maxpossibleFlows=1
maxpossibleFlows=1
maxpossibleFlows=1
maxpossibleFlows=1
maxpossibleFlows=1
maxpossibleFlows=1
maxpossibleFlows=1
maxpossibleFlows=1
maxpossibleFlows=1
maxpossibleFlows=1
maxpossibleFlows=1
maxpossibleFlows=1
maxpossibleFlows=1
maxpossibleFlows=1
maxpossibleFlows=1
maxpossibleFlows=1
maxpossibleFlows=1
maxpossibleFlows=1
maxpossibleFlows=1
maxpossibleFlows=1
maxpossibleFlows=1
1 taint flow paths FOUND from <android.view.LayoutInflater: android.view.View inflate(int,android.view.ViewGroup)> to <android.view.View: void setFocusableInTouchMode(boolean)>
maxpossibleFlows=4
4 taint flow paths FOUND from <android.content.ContextWrapper: android.content.ContentResolver getContentResolver()> to <android.content.ContentResolver: void notifyChange(android.net.Uri,android.database.ContentObserver)>
maxpossibleFlows=1
maxpossibleFlows=1
maxpossibleFlows=1
maxpossibleFlows=1
maxpossibleFlows=1
maxpossibleFlows=1
maxpossibleFlows=1
1 taint flow paths FOUND from <android.content.ContextWrapper: java.lang.String getPackageName()> to <android.widget.TextView: void setPadding(int,int,int,int)>
maxpossibleFlows=1
maxpossibleFlows=1
maxpossibleFlows=1
maxpossibleFlows=1
maxpossibleFlows=1
maxpossibleFlows=1
maxpossibleFlows=1
maxpossibleFlows=1
maxpossibleFlows=2
maxpossibleFlows=1
maxpossibleFlows=1
maxpossibleFlows=1
maxpossibleFlows=1
maxpossibleFlows=3
3 taint flow paths FOUND from <android.webkit.CookieManager: android.webkit.CookieManager getInstance()> to <android.view.View: void setDrawingCacheEnabled(boolean)>
maxpossibleFlows=1
maxpossibleFlows=1
maxpossibleFlows=1
maxpossibleFlows=1
maxpossibleFlows=1
maxpossibleFlows=1
maxpossibleFlows=2
maxpossibleFlows=1
maxpossibleFlows=1
maxpossibleFlows=1
maxpossibleFlows=1
maxpossibleFlows=1
maxpossibleFlows=2
maxpossibleFlows=1
maxpossibleFlows=1
maxpossibleFlows=1
maxpossibleFlows=1
maxpossibleFlows=1
maxpossibleFlows=1
maxpossibleFlows=1
maxpossibleFlows=2
maxpossibleFlows=1
maxpossibleFlows=1
maxpossibleFlows=2
maxpossibleFlows=1
maxpossibleFlows=1
maxpossibleFlows=1
maxpossibleFlows=1
maxpossibleFlows=1
maxpossibleFlows=1
maxpossibleFlows=1
maxpossibleFlows=2
maxpossibleFlows=1
maxpossibleFlows=1
maxpossibleFlows=1
maxpossibleFlows=1
maxpossibleFlows=1
maxpossibleFlows=1
maxpossibleFlows=1
maxpossibleFlows=1
maxpossibleFlows=1
maxpossibleFlows=1
maxpossibleFlows=1
maxpossibleFlows=1
maxpossibleFlows=1
maxpossibleFlows=1
maxpossibleFlows=2
maxpossibleFlows=1
maxpossibleFlows=1
maxpossibleFlows=1
maxpossibleFlows=1
maxpossibleFlows=3
maxpossibleFlows=1
maxpossibleFlows=1
maxpossibleFlows=1
maxpossibleFlows=1
maxpossibleFlows=1
maxpossibleFlows=1
maxpossibleFlows=1
maxpossibleFlows=1
maxpossibleFlows=1
maxpossibleFlows=1
maxpossibleFlows=3
maxpossibleFlows=1
maxpossibleFlows=1
maxpossibleFlows=1
maxpossibleFlows=1
maxpossibleFlows=1
maxpossibleFlows=1
maxpossibleFlows=1
maxpossibleFlows=1
maxpossibleFlows=1
maxpossibleFlows=1
maxpossibleFlows=1
maxpossibleFlows=3
3 taint flow paths FOUND from <android.webkit.WebView: android.webkit.WebSettings getSettings()> to <android.webkit.WebSettings: void setUseWideViewPort(boolean)>
maxpossibleFlows=8
8 taint flow paths FOUND from <android.preference.PreferenceManager: android.content.SharedPreferences getDefaultSharedPreferences(android.content.Context)> to <android.app.Activity: boolean onKeyDown(int,android.view.KeyEvent)>
maxpossibleFlows=1
maxpossibleFlows=1
maxpossibleFlows=1
maxpossibleFlows=1
maxpossibleFlows=1
maxpossibleFlows=1
maxpossibleFlows=1
maxpossibleFlows=1
maxpossibleFlows=2
maxpossibleFlows=1
maxpossibleFlows=1
maxpossibleFlows=1
maxpossibleFlows=1
maxpossibleFlows=3
3 taint flow paths FOUND from <android.webkit.CookieManager: android.webkit.CookieManager getInstance()> to <android.webkit.CookieManager: void setAcceptCookie(boolean)>
maxpossibleFlows=2
maxpossibleFlows=2
2 taint flow paths FOUND from <android.view.ContextThemeWrapper: android.content.res.Resources getResources()> to <android.widget.TabHost$TabSpec: android.widget.TabHost$TabSpec setContent(android.content.Intent)>
maxpossibleFlows=1
maxpossibleFlows=1
maxpossibleFlows=1
maxpossibleFlows=1
maxpossibleFlows=1
maxpossibleFlows=1
maxpossibleFlows=3
3 taint flow paths FOUND from <android.content.res.Resources: android.content.res.AssetManager getAssets()> to <android.content.res.AssetManager: java.io.InputStream open(java.lang.String)>
[WARNING] [32mVERBOSE[0m Callback method :<init> in Class android.support.v4.app.Fragment
[WARNING] [32mVERBOSE[0m Callback method :onConfigurationChanged in Class android.support.v4.app.Fragment
[WARNING] [32mVERBOSE[0m Callback method :onCreateContextMenu in Class android.support.v4.app.Fragment
[WARNING] [32mVERBOSE[0m Callback method :onLowMemory in Class android.support.v4.app.Fragment
[WARNING] [32mVERBOSE[0m Callback method :<init> in Class cn.cf.shop_ele.games.download.DownloadActivity
[WARNING] [32mVERBOSE[0m Callback method :onCreate in Class cn.cf.shop_ele.games.download.DownloadActivity
[WARNING] [32mVERBOSE[0m Callback method :onItemClick in Class cn.cf.shop_ele.games.download.DownloadActivity
[WARNING] [32mVERBOSE[0m Callback method :onItemLongClick in Class cn.cf.shop_ele.games.download.DownloadActivity
[WARNING] [32mVERBOSE[0m Callback method :onKeyDown in Class cn.cf.shop_ele.games.download.DownloadActivity
[WARNING] [32mVERBOSE[0m Callback method :onPause in Class cn.cf.shop_ele.games.download.DownloadActivity
[WARNING] [32mVERBOSE[0m Callback method :onResume in Class cn.cf.shop_ele.games.download.DownloadActivity
[WARNING] [32mVERBOSE[0m Callback method :onStart in Class cn.cf.shop_ele.games.download.DownloadActivity
[WARNING] [32mVERBOSE[0m Callback method :onStop in Class cn.cf.shop_ele.games.download.DownloadActivity
[WARNING] [32mVERBOSE[0m Callback method :<init> in Class cn.cf.shop_ele.ui.activities.ElectricFrontPageActivity
[WARNING] [32mVERBOSE[0m Callback method :onCreate in Class cn.cf.shop_ele.ui.activities.ElectricFrontPageActivity
[WARNING] [32mVERBOSE[0m Callback method :onItemClick in Class cn.cf.shop_ele.ui.activities.ElectricFrontPageActivity
[WARNING] [32mVERBOSE[0m Callback method :onAttachedToWindow in Class cn.cf.shop_ele.ui.view.PullToRefreshListView
[WARNING] [32mVERBOSE[0m Callback method :onScroll in Class cn.cf.shop_ele.ui.view.PullToRefreshListView
[WARNING] [32mVERBOSE[0m Callback method :onScrollStateChanged in Class cn.cf.shop_ele.ui.view.PullToRefreshListView
[WARNING] [32mVERBOSE[0m Callback method :onTouchEvent in Class cn.cf.shop_ele.ui.view.PullToRefreshListView
[WARNING] [32mVERBOSE[0m Callback method :setAdapter in Class cn.cf.shop_ele.ui.view.PullToRefreshListView
[WARNING] [32mVERBOSE[0m Callback method :setOnScrollListener in Class cn.cf.shop_ele.ui.view.PullToRefreshListView
[WARNING] [32mVERBOSE[0m Callback method :<init> in Class cn.cf.shop_ele.ui.activities.ElectricMainActivity
[WARNING] [32mVERBOSE[0m Callback method :onCheckedChanged in Class cn.cf.shop_ele.ui.activities.ElectricMainActivity
[WARNING] [32mVERBOSE[0m Callback method :onCreate in Class cn.cf.shop_ele.ui.activities.ElectricMainActivity
[WARNING] [32mVERBOSE[0m Callback method :<init> in Class cn.cf.shop_ele.ui.activities.Electric_ShopListActivity
[WARNING] [32mVERBOSE[0m Callback method :onCreate in Class cn.cf.shop_ele.ui.activities.Electric_ShopListActivity
[WARNING] [32mVERBOSE[0m Callback method :onItemClick in Class cn.cf.shop_ele.ui.activities.Electric_ShopListActivity
Result for benign-app-2-013BD1B87581626CC5BDB185D22D4C36476CF30078AC617B02A855CB2E2DD533.apkcn.cf.shop_ele1.taoxiaosan