DUA-Forensics args to Soot: -w -cp /home/hcosta/bench/benchmark/libs/droidfax.jar:/home/hcosta/Android/Sdk/platforms/android-28/android.jar -p cg verbose:false,implicit-entry:true -p cg.spark verbose:false,on-fly-cg:true,rta:false -d /home/hcosta/bench/benchmark/trace/180/1/droidbot/benign-app-2212-B15B873007A0B46E15CA71D7FB04E786F7B7673A9115A842B5F36DBFC5D0E448.apk.logcat -process-dir /home/hcosta/bench/benchmark/data/input/benign-app-2212-B15B873007A0B46E15CA71D7FB04E786F7B7673A9115A842B5F36DBFC5D0E448.apk 
Soot started on Tue Aug 09 15:06:52 CEST 2022
Warning: com.ironsource.mobilcore.BaseFlowBasedAdUnit is a phantom class!
Warning: java.lang.invoke.LambdaMetafactory is a phantom class!
Warning: java.lang.ref.Finalizer is a phantom class!
Warning: org.apache.http.client.HttpClient is a phantom class!
Warning: org.apache.http.HttpEntity is a phantom class!
Warning: org.apache.http.HttpResponse is a phantom class!
Warning: org.apache.http.StatusLine is a phantom class!
Warning: org.apache.http.client.ClientProtocolException is a phantom class!
Warning: org.apache.http.client.methods.HttpGet is a phantom class!
Warning: org.apache.http.client.methods.HttpUriRequest is a phantom class!
Warning: org.apache.http.client.params.HttpClientParams is a phantom class!
Warning: org.apache.http.impl.client.DefaultHttpClient is a phantom class!
Warning: org.apache.http.params.BasicHttpParams is a phantom class!
Warning: org.apache.http.params.HttpProtocolParams is a phantom class!
[Call Graph] For information on where the call graph may be incomplete, use the verbose option to the cg phase.
[Spark] Pointer Assignment Graph in 0.0 seconds.
[Spark] Type masks in 0.0 seconds.
[Spark] Pointer Graph simplified in 0.0 seconds.
[Spark] Propagation in 0.0 seconds.
[Spark] Solution found in 0.0 seconds.
hcai's internal transform
Running static analysis for method/class coverage characterization
5 ICC links found and 1 cg edges added due to ICC links
dynamic conflated call graph: 249 methods; 249 nodes; 331 edges.
feature-vector-key = benign-app-2212-B15B873007A0B46E15CA71D7FB04E786F7B7673A9115A842B5F36DBFC5D0E448.apk
Result for benign-app-2212-B15B873007A0B46E15CA71D7FB04E786F7B7673A9115A842B5F36DBFC5D0E448.apkcom.funbox.game.ang