DUA-Forensics args to Soot: -w -cp /home/handrick/Documents/UNB/benchmark/libs/droidfax.jar:/home/handrick/Android/Sdk/platforms/android-19/android.jar -p cg verbose:false,implicit-entry:true -p cg.spark verbose:false,on-fly-cg:true,rta:false -d /home/handrick/Documents/UNB/benchmark/trace/180/3/droidbot/malicious-app-45-9F75AB9C9E77CC78803DA994398D35D62BB0AA884921AE31E0481AB73CAF5FF0.apk.logcat -process-dir /home/handrick/Documents/UNB/benchmark/data/input/malicious-app-45-9F75AB9C9E77CC78803DA994398D35D62BB0AA884921AE31E0481AB73CAF5FF0.apk 
Soot started on Sat Apr 16 00:47:21 CEST 2022
Warning: com.ironsource.mobilcore.BaseFlowBasedAdUnit is a phantom class!
Warning: java.lang.invoke.LambdaMetafactory is a phantom class!
Warning: java.lang.ref.Finalizer is a phantom class!
[Call Graph] For information on where the call graph may be incomplete, use the verbose option to the cg phase.
[Spark] Pointer Assignment Graph in 0.3 seconds.
[Spark] Type masks in 0.0 seconds.
[Spark] Pointer Graph simplified in 0.0 seconds.
[Spark] Propagation in 0.0 seconds.
[Spark] Solution found in 0.0 seconds.
hcai's internal transform
Running static analysis for security-relevant feature characterization
[GatorHierarchy] [32mVERBOSE[0m [HIER] All classes: 1142
[GatorHierarchy] [32mVERBOSE[0m [App: 225, Lib : 914, Phantom: 3]
[GatorHierarchy] [32mVERBOSE[0m [HIER] Activities: 2, lib activities: 1
[GatorHierarchy] [32mVERBOSE[0m [HIER] App views: 10, Lib views: 19
[GatorHierarchy] [32mVERBOSE[0m [HIER] App Dialogs: 0, Lib Dialogs: 3
[TIMECOST] [32mVERBOSE[0m buildApplicationCodeMap parsing starting at 1650062842572
[TIMECOST] [32mVERBOSE[0m buildApplicationCodeMap parsing finished at 1650062845966
[Instantiated app classes] [32mVERBOSE[0m total number: 285
[WARNING] [32mVERBOSE[0m Callback method :onWindowFocusChanged in Class com.workpail.basketballthrow.BasketballView added
[WARNING] [32mVERBOSE[0m Callback method :surfaceCreated in Class com.workpail.basketballthrow.BasketballView added
[WARNING] [32mVERBOSE[0m Callback method :onKeyDown in Class com.workpail.basketballthrow.BasketballView added
[WARNING] [32mVERBOSE[0m Callback method :surfaceDestroyed in Class com.workpail.basketballthrow.BasketballView added
[WARNING] [32mVERBOSE[0m Callback method :surfaceChanged in Class com.workpail.basketballthrow.BasketballView added
[WARNING] [32mVERBOSE[0m Callback method :onKeyUp in Class com.workpail.basketballthrow.BasketballView added
[WARNING] [32mVERBOSE[0m Callback method :onWindowFocusChanged in Class com.admob.android.ads.AdView added
[WARNING] [32mVERBOSE[0m Callback method :onMeasure in Class com.admob.android.ads.AdView added
[WARNING] [32mVERBOSE[0m Callback method :setEnabled in Class com.admob.android.ads.AdView added
[WARNING] [32mVERBOSE[0m Callback method :setBackgroundColor in Class com.admob.android.ads.AdView added
[WARNING] [32mVERBOSE[0m Callback method :onDetachedFromWindow in Class com.admob.android.ads.AdView added
[WARNING] [32mVERBOSE[0m Callback method :onAttachedToWindow in Class com.admob.android.ads.AdView added
[WARNING] [32mVERBOSE[0m Callback method :setVisibility in Class com.admob.android.ads.AdView added
[WARNING] [32mVERBOSE[0m Callback method :onWindowVisibilityChanged in Class com.admob.android.ads.AdView added
[WARNING] [32mVERBOSE[0m Callback method :onReceive in Class com.admob.android.ads.analytics.InstallReceiver added
[WARNING] [32mVERBOSE[0m Callback method :onReceive in Class com.google.android.apps.analytics.AnalyticsReceiver added
[WARNING] [32mVERBOSE[0m Callback method :onCreate in Class cn.domob.android.ads.DomobActivity added
[WARNING] [32mVERBOSE[0m Callback method :onWindowFocusChanged in Class cn.domob.android.ads.DomobAdView added
[WARNING] [32mVERBOSE[0m Callback method :onMeasure in Class cn.domob.android.ads.DomobAdView added
[WARNING] [32mVERBOSE[0m Callback method :setBackgroundColor in Class cn.domob.android.ads.DomobAdView added
[WARNING] [32mVERBOSE[0m Callback method :onDetachedFromWindow in Class cn.domob.android.ads.DomobAdView added
[WARNING] [32mVERBOSE[0m Callback method :onAttachedToWindow in Class cn.domob.android.ads.DomobAdView added
[WARNING] [32mVERBOSE[0m Callback method :setVisibility in Class cn.domob.android.ads.DomobAdView added
[WARNING] [32mVERBOSE[0m Callback method :onWindowVisibilityChanged in Class cn.domob.android.ads.DomobAdView added
[WARNING] [32mVERBOSE[0m Callback method :onPause in Class com.workpail.basketballthrow.Basketball added
[WARNING] [32mVERBOSE[0m Callback method :onStop in Class com.workpail.basketballthrow.Basketball added
[WARNING] [32mVERBOSE[0m Callback method :onCreate in Class com.workpail.basketballthrow.Basketball added
[WARNING] [32mVERBOSE[0m Callback method :onCreateOptionsMenu in Class com.workpail.basketballthrow.Basketball added
[WARNING] [32mVERBOSE[0m Callback method :onDestroy in Class com.workpail.basketballthrow.Basketball added
[WARNING] [32mVERBOSE[0m Callback method :onStart in Class com.workpail.basketballthrow.Basketball added
[WARNING] [32mVERBOSE[0m Callback method :onSaveInstanceState in Class com.workpail.basketballthrow.Basketball added
[WARNING] [32mVERBOSE[0m Callback method :onOptionsItemSelected in Class com.workpail.basketballthrow.Basketball added
0 ICC links found and 0 cg edges added due to ICC links
dynamic conflated call graph: 250 methods; 250 nodes; 349 edges.
maxpossibleFlows=4
maxpossibleFlows=4
maxpossibleFlows=4
maxpossibleFlows=4
maxpossibleFlows=4
maxpossibleFlows=4
maxpossibleFlows=4
maxpossibleFlows=4
maxpossibleFlows=4
maxpossibleFlows=4
maxpossibleFlows=4
maxpossibleFlows=4
maxpossibleFlows=4
maxpossibleFlows=4
maxpossibleFlows=4
maxpossibleFlows=4
maxpossibleFlows=4
maxpossibleFlows=4
maxpossibleFlows=5
maxpossibleFlows=4
maxpossibleFlows=4
maxpossibleFlows=4
maxpossibleFlows=4
maxpossibleFlows=4
maxpossibleFlows=4
maxpossibleFlows=4
maxpossibleFlows=4
maxpossibleFlows=4
maxpossibleFlows=19
maxpossibleFlows=19
maxpossibleFlows=20
maxpossibleFlows=20
20 taint flow paths FOUND from <android.graphics.drawable.LayerDrawable: int getNumberOfLayers()> to <android.widget.ProgressBar: void setProgress(int)>
maxpossibleFlows=4
4 taint flow paths FOUND from <java.lang.Class: java.lang.String getName()> to <android.util.Log: int w(java.lang.String,java.lang.String)>
maxpossibleFlows=19
maxpossibleFlows=19
maxpossibleFlows=20
maxpossibleFlows=20
20 taint flow paths FOUND from <android.graphics.drawable.Drawable: int getLevel()> to <android.widget.ProgressBar: void setProgress(int)>
maxpossibleFlows=19
maxpossibleFlows=19
maxpossibleFlows=20
maxpossibleFlows=20
maxpossibleFlows=20
maxpossibleFlows=19
maxpossibleFlows=20
maxpossibleFlows=20
maxpossibleFlows=20
maxpossibleFlows=20
maxpossibleFlows=20
maxpossibleFlows=20
maxpossibleFlows=19
18 taint flow paths FOUND from <java.lang.StringBuilder: java.lang.String toString()> to <android.util.Log: int i(java.lang.String,java.lang.String)>
maxpossibleFlows=19
maxpossibleFlows=19
maxpossibleFlows=20
maxpossibleFlows=20
20 taint flow paths FOUND from <android.graphics.drawable.LayerDrawable: android.graphics.drawable.Drawable getDrawable(int)> to <android.widget.ProgressBar: void setProgress(int)>
maxpossibleFlows=4
maxpossibleFlows=4
maxpossibleFlows=4
maxpossibleFlows=4
maxpossibleFlows=19
maxpossibleFlows=19
maxpossibleFlows=20
maxpossibleFlows=20
20 taint flow paths FOUND from <android.graphics.drawable.LayerDrawable: int getId(int)> to <android.widget.ProgressBar: void setProgress(int)>
maxpossibleFlows=4
maxpossibleFlows=19
maxpossibleFlows=19
19 taint flow paths FOUND from <android.content.ContextWrapper: android.content.pm.PackageManager getPackageManager()> to <android.util.Log: int e(java.lang.String,java.lang.String)>
maxpossibleFlows=1
maxpossibleFlows=1
maxpossibleFlows=1
maxpossibleFlows=1
maxpossibleFlows=1
maxpossibleFlows=1
maxpossibleFlows=1
maxpossibleFlows=1
maxpossibleFlows=1
maxpossibleFlows=1
maxpossibleFlows=1
maxpossibleFlows=1
maxpossibleFlows=4
maxpossibleFlows=4
maxpossibleFlows=4
maxpossibleFlows=5
maxpossibleFlows=4
maxpossibleFlows=4
maxpossibleFlows=4
maxpossibleFlows=4
maxpossibleFlows=4
maxpossibleFlows=4
maxpossibleFlows=4
maxpossibleFlows=4
maxpossibleFlows=4
maxpossibleFlows=4
maxpossibleFlows=4
maxpossibleFlows=5
maxpossibleFlows=4
maxpossibleFlows=4
maxpossibleFlows=4
maxpossibleFlows=4
maxpossibleFlows=4
4 taint flow paths FOUND from <android.text.method.LinkMovementMethod: android.text.method.MovementMethod getInstance()> to <android.util.Log: int w(java.lang.String,java.lang.String)>
maxpossibleFlows=4
maxpossibleFlows=4
maxpossibleFlows=4
maxpossibleFlows=4
maxpossibleFlows=19
maxpossibleFlows=19
maxpossibleFlows=19
maxpossibleFlows=19
maxpossibleFlows=19
maxpossibleFlows=19
maxpossibleFlows=19
maxpossibleFlows=19
maxpossibleFlows=19
maxpossibleFlows=19
maxpossibleFlows=19
maxpossibleFlows=19
maxpossibleFlows=19
maxpossibleFlows=19
maxpossibleFlows=20
maxpossibleFlows=20
20 taint flow paths FOUND from <android.widget.ProgressBar: android.graphics.drawable.Drawable getProgressDrawable()> to <android.widget.ProgressBar: void setProgress(int)>
maxpossibleFlows=1
maxpossibleFlows=1
maxpossibleFlows=1
maxpossibleFlows=1
maxpossibleFlows=1
maxpossibleFlows=1
maxpossibleFlows=1
maxpossibleFlows=1
maxpossibleFlows=1
maxpossibleFlows=1
maxpossibleFlows=1
maxpossibleFlows=1
maxpossibleFlows=4
4 taint flow paths FOUND from <android.app.Activity: android.view.Window getWindow()> to <android.util.Log: int w(java.lang.String,java.lang.String)>
maxpossibleFlows=4
maxpossibleFlows=4
maxpossibleFlows=4
maxpossibleFlows=4
maxpossibleFlows=4
maxpossibleFlows=4
maxpossibleFlows=4
maxpossibleFlows=4
maxpossibleFlows=4
maxpossibleFlows=4
maxpossibleFlows=4
maxpossibleFlows=4
maxpossibleFlows=4
maxpossibleFlows=19
5 taint flow paths FOUND from <android.content.ContextWrapper: java.lang.String getPackageName()> to <android.util.Log: int i(java.lang.String,java.lang.String)>
maxpossibleFlows=4
4 taint flow paths FOUND from <android.view.SurfaceView: android.view.SurfaceHolder getHolder()> to <android.view.View: void setFocusable(boolean)>
maxpossibleFlows=4
maxpossibleFlows=4
maxpossibleFlows=4
maxpossibleFlows=4
maxpossibleFlows=4
maxpossibleFlows=4
maxpossibleFlows=4
maxpossibleFlows=4
maxpossibleFlows=4
maxpossibleFlows=4
maxpossibleFlows=4
maxpossibleFlows=4
maxpossibleFlows=4
maxpossibleFlows=4
maxpossibleFlows=4
maxpossibleFlows=4
maxpossibleFlows=4
4 taint flow paths FOUND from <java.lang.Class: java.lang.String getName()> to <android.util.Log: int w(java.lang.String,java.lang.String)>
maxpossibleFlows=4
maxpossibleFlows=19
maxpossibleFlows=19
maxpossibleFlows=19
maxpossibleFlows=19
18 taint flow paths FOUND from <java.lang.StringBuilder: java.lang.String toString()> to <android.util.Log: int i(java.lang.String,java.lang.String)>
maxpossibleFlows=4
maxpossibleFlows=19
maxpossibleFlows=19
maxpossibleFlows=19
maxpossibleFlows=19
19 taint flow paths FOUND from <java.lang.StringBuilder: java.lang.String toString()> to <android.util.Log: int e(java.lang.String,java.lang.String)>
maxpossibleFlows=4
maxpossibleFlows=20
maxpossibleFlows=20
maxpossibleFlows=20
maxpossibleFlows=20
20 taint flow paths FOUND from <java.lang.StringBuilder: java.lang.String toString()> to <android.view.View: void setClickable(boolean)>
maxpossibleFlows=4
4 taint flow paths FOUND from <android.view.SurfaceView: android.view.SurfaceHolder getHolder()> to <android.view.View: void setFocusable(boolean)>
maxpossibleFlows=4
maxpossibleFlows=20
20 taint flow paths FOUND from <android.graphics.drawable.LayerDrawable: int getNumberOfLayers()> to <android.widget.ProgressBar: void setProgress(int)>
maxpossibleFlows=4
maxpossibleFlows=20
20 taint flow paths FOUND from <android.graphics.drawable.LayerDrawable: int getNumberOfLayers()> to <android.graphics.drawable.GradientDrawable: void setCornerRadii(float[])>
maxpossibleFlows=4
maxpossibleFlows=19
maxpossibleFlows=19
maxpossibleFlows=19
maxpossibleFlows=19
19 taint flow paths FOUND from <java.lang.StringBuilder: java.lang.String toString()> to <android.content.Intent: android.content.Intent setClass(android.content.Context,java.lang.Class)>
maxpossibleFlows=4
maxpossibleFlows=20
maxpossibleFlows=20
maxpossibleFlows=20
maxpossibleFlows=20
20 taint flow paths FOUND from <java.lang.StringBuilder: java.lang.String toString()> to <android.view.View: void setLongClickable(boolean)>
maxpossibleFlows=4
maxpossibleFlows=4
maxpossibleFlows=4
maxpossibleFlows=4
maxpossibleFlows=4
maxpossibleFlows=4
maxpossibleFlows=4
maxpossibleFlows=4
maxpossibleFlows=4
maxpossibleFlows=4
maxpossibleFlows=4
maxpossibleFlows=4
maxpossibleFlows=4
maxpossibleFlows=4
maxpossibleFlows=4
4 taint flow paths FOUND from <android.app.Activity: android.view.Window getWindow()> to <android.view.Window: void setFlags(int,int)>
maxpossibleFlows=4
maxpossibleFlows=20
maxpossibleFlows=20
maxpossibleFlows=20
maxpossibleFlows=20
20 taint flow paths FOUND from <java.lang.StringBuilder: java.lang.String toString()> to <android.view.ViewGroup: void setDescendantFocusability(int)>
maxpossibleFlows=4
maxpossibleFlows=20
20 taint flow paths FOUND from <android.graphics.drawable.LayerDrawable: int getNumberOfLayers()> to <android.graphics.drawable.GradientDrawable: void setGradientCenter(float,float)>
maxpossibleFlows=4
maxpossibleFlows=20
20 taint flow paths FOUND from <android.graphics.drawable.LayerDrawable: int getNumberOfLayers()> to <android.graphics.drawable.GradientDrawable: void setGradientRadius(float)>
maxpossibleFlows=4
maxpossibleFlows=20
19 taint flow paths FOUND from <android.graphics.drawable.LayerDrawable: int getNumberOfLayers()> to <android.widget.ProgressBar: void setVisibility(int)>
maxpossibleFlows=4
maxpossibleFlows=4
maxpossibleFlows=4
maxpossibleFlows=4
maxpossibleFlows=4
maxpossibleFlows=4
maxpossibleFlows=4
maxpossibleFlows=4
maxpossibleFlows=4
maxpossibleFlows=4
maxpossibleFlows=4
maxpossibleFlows=4
maxpossibleFlows=4
maxpossibleFlows=4
maxpossibleFlows=4
4 taint flow paths FOUND from <android.app.Activity: android.view.Window getWindow()> to <android.app.Activity: void setContentView(int)>
maxpossibleFlows=4
maxpossibleFlows=5
maxpossibleFlows=4
maxpossibleFlows=4
maxpossibleFlows=4
maxpossibleFlows=4
maxpossibleFlows=4
maxpossibleFlows=5
maxpossibleFlows=4
maxpossibleFlows=4
maxpossibleFlows=5
maxpossibleFlows=4
maxpossibleFlows=4
maxpossibleFlows=4
maxpossibleFlows=4
1 taint flow paths FOUND from <android.app.Activity: android.view.Window getWindow()> to <android.view.View: void setVisibility(int)>
maxpossibleFlows=4
maxpossibleFlows=20
20 taint flow paths FOUND from <android.graphics.drawable.LayerDrawable: int getNumberOfLayers()> to <android.graphics.drawable.GradientDrawable: void setGradientType(int)>
[WARNING] [32mVERBOSE[0m Callback method :onKeyDown in Class com.workpail.basketballthrow.BasketballView
[WARNING] [32mVERBOSE[0m Callback method :onKeyUp in Class com.workpail.basketballthrow.BasketballView
[WARNING] [32mVERBOSE[0m Callback method :onWindowFocusChanged in Class com.workpail.basketballthrow.BasketballView
[WARNING] [32mVERBOSE[0m Callback method :surfaceChanged in Class com.workpail.basketballthrow.BasketballView
[WARNING] [32mVERBOSE[0m Callback method :surfaceCreated in Class com.workpail.basketballthrow.BasketballView
[WARNING] [32mVERBOSE[0m Callback method :surfaceDestroyed in Class com.workpail.basketballthrow.BasketballView
Result for malicious-app-45-9F75AB9C9E77CC78803DA994398D35D62BB0AA884921AE31E0481AB73CAF5FF0.apkcom.workpail.basketballthrow