DUA-Forensics args to Soot: -w -cp /home/handrick/Documents/UNB/benchmark/libs/droidfax.jar:/home/handrick/Android/Sdk/platforms/android-19/android.jar -p cg verbose:false,implicit-entry:true -p cg.spark verbose:false,on-fly-cg:true,rta:false -d /home/handrick/Documents/UNB/benchmark/trace/180/3/droidbot/malicious-app-91-92FC9F43E4223C49502765583E42BAD3C59059637371EEDA1D03DC9739B1DCE3.apk.logcat -process-dir /home/handrick/Documents/UNB/benchmark/data/input/malicious-app-91-92FC9F43E4223C49502765583E42BAD3C59059637371EEDA1D03DC9739B1DCE3.apk 
Soot started on Sat Apr 16 00:38:49 CEST 2022
Warning: com.ironsource.mobilcore.BaseFlowBasedAdUnit is a phantom class!
Warning: java.lang.invoke.LambdaMetafactory is a phantom class!
Warning: java.lang.ref.Finalizer is a phantom class!
get type from 'I'
get type from 'I'
get type from 'Z'
get type from 'Z'
get type from 'Z'
[Call Graph] For information on where the call graph may be incomplete, use the verbose option to the cg phase.
[Spark] Pointer Assignment Graph in 0.0 seconds.
[Spark] Type masks in 0.0 seconds.
[Spark] Pointer Graph simplified in 0.0 seconds.
[Spark] Propagation in 0.0 seconds.
[Spark] Solution found in 0.0 seconds.
hcai's internal transform
Running static analysis for method/class coverage characterization
2 ICC links found and 1 cg edges added due to ICC links
dynamic conflated call graph: 489 methods; 489 nodes; 656 edges.
feature-vector-key = malicious-app-91-92FC9F43E4223C49502765583E42BAD3C59059637371EEDA1D03DC9739B1DCE3.apk
Result for malicious-app-91-92FC9F43E4223C49502765583E42BAD3C59059637371EEDA1D03DC9739B1DCE3.apkcom.asksven.betterwifionoff