DUA-Forensics args to Soot: -w -cp /home/handrick/Documents/UNB/benchmark/libs/droidfax.jar:/home/handrick/Android/Sdk/platforms/android-19/android.jar -p cg verbose:false,implicit-entry:true -p cg.spark verbose:false,on-fly-cg:true,rta:false -d /home/handrick/Documents/UNB/benchmark/trace/180/2/droidbot/malicious-app-95-21C1C83B2CCA9CA8DE0CE57A3D5DA5BC07D5414D10B60C4C20C6EEA4D5277347.apk.logcat -process-dir /home/handrick/Documents/UNB/benchmark/data/input/malicious-app-95-21C1C83B2CCA9CA8DE0CE57A3D5DA5BC07D5414D10B60C4C20C6EEA4D5277347.apk 
Soot started on Fri Apr 15 12:41:53 CEST 2022
Warning: com.ironsource.mobilcore.BaseFlowBasedAdUnit is a phantom class!
Warning: java.lang.invoke.LambdaMetafactory is a phantom class!
Warning: java.lang.ref.Finalizer is a phantom class!
[Call Graph] For information on where the call graph may be incomplete, use the verbose option to the cg phase.
[Spark] Pointer Assignment Graph in 0.0 seconds.
[Spark] Type masks in 0.0 seconds.
[Spark] Pointer Graph simplified in 0.0 seconds.
[Spark] Propagation in 0.0 seconds.
[Spark] Solution found in 0.0 seconds.
hcai's internal transform
Running static analysis for security-relevant feature characterization
[GatorHierarchy] [32mVERBOSE[0m [HIER] All classes: 1630
[GatorHierarchy] [32mVERBOSE[0m [App: 576, Lib : 1051, Phantom: 3]
[GatorHierarchy] [32mVERBOSE[0m [HIER] Activities: 7, lib activities: 1
[GatorHierarchy] [32mVERBOSE[0m [HIER] App views: 22, Lib views: 22
[GatorHierarchy] [32mVERBOSE[0m [HIER] App Dialogs: 1, Lib Dialogs: 4
[TIMECOST] [32mVERBOSE[0m buildApplicationCodeMap parsing starting at 1650019314563
[TIMECOST] [32mVERBOSE[0m buildApplicationCodeMap parsing finished at 1650019319910
[Instantiated app classes] [32mVERBOSE[0m total number: 548
[WARNING] [32mVERBOSE[0m Callback method :onBind in Class com.zbx.qjg.Khmv added
[WARNING] [32mVERBOSE[0m Callback method :onDestroy in Class com.zbx.qjg.Khmv added
[WARNING] [32mVERBOSE[0m Callback method :onCreate in Class com.zbx.qjg.Khmv added
[WARNING] [32mVERBOSE[0m Callback method :onStartCommand in Class com.zbx.qjg.Khmv added
[WARNING] [32mVERBOSE[0m Callback method :onBind in Class com.ec.xdy.Vkxp added
[WARNING] [32mVERBOSE[0m Callback method :onDestroy in Class com.ec.xdy.Vkxp added
[WARNING] [32mVERBOSE[0m Callback method :onCreate in Class com.ec.xdy.Vkxp added
[WARNING] [32mVERBOSE[0m Callback method :onStartCommand in Class com.ec.xdy.Vkxp added
[WARNING] [32mVERBOSE[0m Callback method :onBind in Class com.tsi.aspj.Nj added
[WARNING] [32mVERBOSE[0m Callback method :onCreate in Class com.tsi.aspj.Nj added
[WARNING] [32mVERBOSE[0m Callback method :onStart in Class com.tsi.aspj.Nj added
[WARNING] [32mVERBOSE[0m Callback method :onReceive in Class com.dw.ayi.Bk added
[WARNING] [32mVERBOSE[0m Callback method :onKeyDown in Class org.apache.cordova.CordovaActivity added
[WARNING] [32mVERBOSE[0m Callback method :onConfigurationChanged in Class org.apache.cordova.CordovaActivity added
[WARNING] [32mVERBOSE[0m Callback method :onPrepareOptionsMenu in Class org.apache.cordova.CordovaActivity added
[WARNING] [32mVERBOSE[0m Callback method :onNewIntent in Class org.apache.cordova.CordovaActivity added
[WARNING] [32mVERBOSE[0m Callback method :onPause in Class org.apache.cordova.CordovaActivity added
[WARNING] [32mVERBOSE[0m Callback method :onCreate in Class com.meiriyiwen.app.____________ added
[WARNING] [32mVERBOSE[0m Callback method :onCreateOptionsMenu in Class org.apache.cordova.CordovaActivity added
[WARNING] [32mVERBOSE[0m Callback method :onKeyUp in Class org.apache.cordova.CordovaActivity added
[WARNING] [32mVERBOSE[0m Callback method :onDestroy in Class org.apache.cordova.CordovaActivity added
[WARNING] [32mVERBOSE[0m Callback method :onSaveInstanceState in Class org.apache.cordova.CordovaActivity added
[WARNING] [32mVERBOSE[0m Callback method :onActivityResult in Class org.apache.cordova.CordovaActivity added
[WARNING] [32mVERBOSE[0m Callback method :onOptionsItemSelected in Class org.apache.cordova.CordovaActivity added
[WARNING] [32mVERBOSE[0m Callback method :onResume in Class org.apache.cordova.CordovaActivity added
[WARNING] [32mVERBOSE[0m Callback method :onTransact in Class com.google.android.gms.analytics.internal.IAnalyticsService$Stub added
[WARNING] [32mVERBOSE[0m Callback method :asBinder in Class com.google.android.gms.analytics.internal.IAnalyticsService$Stub added
[WARNING] [32mVERBOSE[0m Callback method :onReceive in Class com.google.analytics.tracking.android.CampaignTrackingReceiver added
[WARNING] [32mVERBOSE[0m Callback method :onKeyDown in Class org.apache.cordova.CordovaActivity added
[WARNING] [32mVERBOSE[0m Callback method :onConfigurationChanged in Class org.apache.cordova.CordovaActivity added
[WARNING] [32mVERBOSE[0m Callback method :onPrepareOptionsMenu in Class org.apache.cordova.CordovaActivity added
[WARNING] [32mVERBOSE[0m Callback method :onNewIntent in Class org.apache.cordova.CordovaActivity added
[WARNING] [32mVERBOSE[0m Callback method :onPause in Class org.apache.cordova.CordovaActivity added
[WARNING] [32mVERBOSE[0m Callback method :onCreate in Class org.apache.cordova.CordovaActivity added
[WARNING] [32mVERBOSE[0m Callback method :onCreateOptionsMenu in Class org.apache.cordova.CordovaActivity added
[WARNING] [32mVERBOSE[0m Callback method :onKeyUp in Class org.apache.cordova.CordovaActivity added
[WARNING] [32mVERBOSE[0m Callback method :onDestroy in Class org.apache.cordova.CordovaActivity added
[WARNING] [32mVERBOSE[0m Callback method :onSaveInstanceState in Class org.apache.cordova.CordovaActivity added
[WARNING] [32mVERBOSE[0m Callback method :onActivityResult in Class org.apache.cordova.CordovaActivity added
[WARNING] [32mVERBOSE[0m Callback method :onOptionsItemSelected in Class org.apache.cordova.CordovaActivity added
[WARNING] [32mVERBOSE[0m Callback method :onResume in Class org.apache.cordova.CordovaActivity added
[WARNING] [32mVERBOSE[0m Callback method :onKeyDown in Class com.zbx.qjg.Vrg added
[WARNING] [32mVERBOSE[0m Callback method :onWindowFocusChanged in Class com.zbx.qjg.Vrg added
[WARNING] [32mVERBOSE[0m Callback method :finish in Class com.zbx.qjg.Vrg added
[WARNING] [32mVERBOSE[0m Callback method :onCreate in Class com.zbx.qjg.Vrg added
[WARNING] [32mVERBOSE[0m Callback method :onDestroy in Class com.zbx.qjg.Vrg added
[WARNING] [32mVERBOSE[0m Callback method :onActivityResult in Class com.zbx.qjg.Vrg added
[WARNING] [32mVERBOSE[0m Callback method :onReceive in Class com.ec.xdy.Pe added
[WARNING] [32mVERBOSE[0m Callback method :onKeyDown in Class com.dw.ayi.Iyon added
[WARNING] [32mVERBOSE[0m Callback method :onCreate in Class com.dw.ayi.Iyon added
[WARNING] [32mVERBOSE[0m Callback method :onKeyDown in Class com.ec.xdy.Vuux added
[WARNING] [32mVERBOSE[0m Callback method :onTouchEvent in Class com.ec.xdy.Vuux added
[WARNING] [32mVERBOSE[0m Callback method :onStop in Class com.ec.xdy.Vuux added
[WARNING] [32mVERBOSE[0m Callback method :onCreate in Class com.ec.xdy.Vuux added
[WARNING] [32mVERBOSE[0m Callback method :onDestroy in Class com.ec.xdy.Vuux added
[WARNING] [32mVERBOSE[0m Callback method :onStart in Class com.ec.xdy.Vuux added
[WARNING] [32mVERBOSE[0m Callback method :onResume in Class com.ec.xdy.Vuux added
[WARNING] [32mVERBOSE[0m Callback method :onHandleIntent in Class com.google.analytics.tracking.android.CampaignTrackingService added
[WARNING] [32mVERBOSE[0m Callback method :onKeyDown in Class com.tsi.aspj.Zur added
[WARNING] [32mVERBOSE[0m Callback method :onStop in Class com.tsi.aspj.Zur added
[WARNING] [32mVERBOSE[0m Callback method :onCreate in Class com.tsi.aspj.Zur added
[WARNING] [32mVERBOSE[0m Callback method :onDestroy in Class com.tsi.aspj.Zur added
[WARNING] [32mVERBOSE[0m Callback method :onBind in Class com.dw.ayi.Es added
[WARNING] [32mVERBOSE[0m Callback method :onDestroy in Class com.dw.ayi.Es added
[WARNING] [32mVERBOSE[0m Callback method :onCreate in Class com.dw.ayi.Es added
[WARNING] [32mVERBOSE[0m Callback method :onStartCommand in Class com.dw.ayi.Es added
[WARNING] [32mVERBOSE[0m Callback method :onKeyDown in Class org.apache.cordova.CordovaActivity added
[WARNING] [32mVERBOSE[0m Callback method :onConfigurationChanged in Class org.apache.cordova.CordovaActivity added
[WARNING] [32mVERBOSE[0m Callback method :onPrepareOptionsMenu in Class org.apache.cordova.CordovaActivity added
[WARNING] [32mVERBOSE[0m Callback method :onNewIntent in Class org.apache.cordova.CordovaActivity added
[WARNING] [32mVERBOSE[0m Callback method :onPause in Class org.apache.cordova.CordovaActivity added
[WARNING] [32mVERBOSE[0m Callback method :onCreate in Class org.apache.cordova.CordovaActivity added
[WARNING] [32mVERBOSE[0m Callback method :onCreateOptionsMenu in Class org.apache.cordova.CordovaActivity added
[WARNING] [32mVERBOSE[0m Callback method :onKeyUp in Class org.apache.cordova.CordovaActivity added
[WARNING] [32mVERBOSE[0m Callback method :onDestroy in Class org.apache.cordova.CordovaActivity added
[WARNING] [32mVERBOSE[0m Callback method :onSaveInstanceState in Class org.apache.cordova.CordovaActivity added
[WARNING] [32mVERBOSE[0m Callback method :onActivityResult in Class org.apache.cordova.CordovaActivity added
[WARNING] [32mVERBOSE[0m Callback method :onOptionsItemSelected in Class org.apache.cordova.CordovaActivity added
[WARNING] [32mVERBOSE[0m Callback method :onResume in Class org.apache.cordova.CordovaActivity added
[WARNING] [32mVERBOSE[0m Callback method :onReceive in Class com.zbx.qjg.Teex added
0 ICC links found and 0 cg edges added due to ICC links
dynamic conflated call graph: 535 methods; 535 nodes; 786 edges.
maxpossibleFlows=3
maxpossibleFlows=3
maxpossibleFlows=3
maxpossibleFlows=3
maxpossibleFlows=2
maxpossibleFlows=3
maxpossibleFlows=3
maxpossibleFlows=3
maxpossibleFlows=3
maxpossibleFlows=3
maxpossibleFlows=3
maxpossibleFlows=3
maxpossibleFlows=3
maxpossibleFlows=3
maxpossibleFlows=1
maxpossibleFlows=3
maxpossibleFlows=3
maxpossibleFlows=3
maxpossibleFlows=3
maxpossibleFlows=3
maxpossibleFlows=3
maxpossibleFlows=3
maxpossibleFlows=2
maxpossibleFlows=3
maxpossibleFlows=3
maxpossibleFlows=1
maxpossibleFlows=3
maxpossibleFlows=18
maxpossibleFlows=3
maxpossibleFlows=18
maxpossibleFlows=3
maxpossibleFlows=3
maxpossibleFlows=3
maxpossibleFlows=3
maxpossibleFlows=3
maxpossibleFlows=1
1 taint flow paths FOUND from <android.net.Uri: android.net.Uri parse(java.lang.String)> to <android.app.Activity: void startActivity(android.content.Intent)>
maxpossibleFlows=1
maxpossibleFlows=1
maxpossibleFlows=1
maxpossibleFlows=1
maxpossibleFlows=1
maxpossibleFlows=1
maxpossibleFlows=1
maxpossibleFlows=1
maxpossibleFlows=1
maxpossibleFlows=1
maxpossibleFlows=1
maxpossibleFlows=1
maxpossibleFlows=1
maxpossibleFlows=1
maxpossibleFlows=12
2 taint flow paths FOUND from <android.view.ContextThemeWrapper: android.content.res.Resources getResources()> to <android.content.Intent: android.content.Intent putExtra(java.lang.String,java.lang.String)>
maxpossibleFlows=6
maxpossibleFlows=204
maxpossibleFlows=3
maxpossibleFlows=3
maxpossibleFlows=3
maxpossibleFlows=3
maxpossibleFlows=3
maxpossibleFlows=3
maxpossibleFlows=3
maxpossibleFlows=2
maxpossibleFlows=3
maxpossibleFlows=3
maxpossibleFlows=3
maxpossibleFlows=3
maxpossibleFlows=3
maxpossibleFlows=3
maxpossibleFlows=3
maxpossibleFlows=3
maxpossibleFlows=3
maxpossibleFlows=1
maxpossibleFlows=3
maxpossibleFlows=3
maxpossibleFlows=3
maxpossibleFlows=3
maxpossibleFlows=3
maxpossibleFlows=3
maxpossibleFlows=3
maxpossibleFlows=2
maxpossibleFlows=3
maxpossibleFlows=3
maxpossibleFlows=1
maxpossibleFlows=3
maxpossibleFlows=3
maxpossibleFlows=3
maxpossibleFlows=3
maxpossibleFlows=3
maxpossibleFlows=3
maxpossibleFlows=3
maxpossibleFlows=2
maxpossibleFlows=3
maxpossibleFlows=3
maxpossibleFlows=3
maxpossibleFlows=3
maxpossibleFlows=3
maxpossibleFlows=3
maxpossibleFlows=3
maxpossibleFlows=3
maxpossibleFlows=3
maxpossibleFlows=1
maxpossibleFlows=3
maxpossibleFlows=3
maxpossibleFlows=3
maxpossibleFlows=3
maxpossibleFlows=3
maxpossibleFlows=3
maxpossibleFlows=3
maxpossibleFlows=2
maxpossibleFlows=3
maxpossibleFlows=3
maxpossibleFlows=1
maxpossibleFlows=3
maxpossibleFlows=22
maxpossibleFlows=3
3 taint flow paths FOUND from <java.lang.Class: java.lang.reflect.Method getMethod(java.lang.String,java.lang.Class[])> to <android.webkit.WebSettings: void setSavePassword(boolean)>
maxpossibleFlows=3
maxpossibleFlows=3
maxpossibleFlows=3
maxpossibleFlows=3
maxpossibleFlows=2
maxpossibleFlows=3
maxpossibleFlows=3
maxpossibleFlows=3
maxpossibleFlows=3
maxpossibleFlows=3
maxpossibleFlows=3
maxpossibleFlows=3
maxpossibleFlows=3
maxpossibleFlows=3
maxpossibleFlows=1
maxpossibleFlows=3
maxpossibleFlows=3
maxpossibleFlows=3
maxpossibleFlows=3
maxpossibleFlows=3
maxpossibleFlows=3
maxpossibleFlows=3
maxpossibleFlows=2
maxpossibleFlows=3
maxpossibleFlows=3
maxpossibleFlows=1
maxpossibleFlows=3
maxpossibleFlows=10
maxpossibleFlows=3
maxpossibleFlows=3
maxpossibleFlows=3
maxpossibleFlows=3
maxpossibleFlows=3
maxpossibleFlows=3
maxpossibleFlows=1
maxpossibleFlows=3
maxpossibleFlows=3
maxpossibleFlows=3
maxpossibleFlows=3
maxpossibleFlows=3
maxpossibleFlows=3
maxpossibleFlows=3
maxpossibleFlows=3
maxpossibleFlows=1
maxpossibleFlows=3
maxpossibleFlows=3
maxpossibleFlows=3
maxpossibleFlows=3
maxpossibleFlows=3
maxpossibleFlows=3
maxpossibleFlows=3
maxpossibleFlows=2
maxpossibleFlows=3
maxpossibleFlows=3
maxpossibleFlows=1
maxpossibleFlows=1
maxpossibleFlows=4
maxpossibleFlows=3
maxpossibleFlows=3
maxpossibleFlows=3
maxpossibleFlows=3
maxpossibleFlows=3
maxpossibleFlows=3
maxpossibleFlows=3
maxpossibleFlows=3
maxpossibleFlows=3
maxpossibleFlows=3
maxpossibleFlows=3
maxpossibleFlows=3
maxpossibleFlows=3
maxpossibleFlows=3
maxpossibleFlows=41
41 taint flow paths FOUND from <java.util.Locale: java.util.Locale getDefault()> to <android.content.Intent: android.content.Intent putExtra(java.lang.String,java.lang.String)>
maxpossibleFlows=3
maxpossibleFlows=3
maxpossibleFlows=3
maxpossibleFlows=3
maxpossibleFlows=3
maxpossibleFlows=3
maxpossibleFlows=3
maxpossibleFlows=3
maxpossibleFlows=3
maxpossibleFlows=3
maxpossibleFlows=3
maxpossibleFlows=3
maxpossibleFlows=3
maxpossibleFlows=3
maxpossibleFlows=41
41 taint flow paths FOUND from <android.app.Activity: android.content.Intent getIntent()> to <android.content.Intent: android.content.Intent putExtra(java.lang.String,java.lang.String)>
maxpossibleFlows=1
maxpossibleFlows=2
maxpossibleFlows=3
maxpossibleFlows=3
maxpossibleFlows=1
maxpossibleFlows=3
maxpossibleFlows=1
maxpossibleFlows=1
maxpossibleFlows=1
maxpossibleFlows=1
maxpossibleFlows=1
1 taint flow paths FOUND from <java.lang.String: byte[] getBytes()> to <java.io.OutputStream: void write(byte[])>
maxpossibleFlows=3
2 taint flow paths FOUND from <java.io.File: java.lang.String getPath()> to <android.webkit.WebSettings: void setSavePassword(boolean)>
maxpossibleFlows=3
maxpossibleFlows=12
maxpossibleFlows=3
maxpossibleFlows=3
maxpossibleFlows=3
maxpossibleFlows=3
maxpossibleFlows=3
maxpossibleFlows=3
maxpossibleFlows=3
maxpossibleFlows=3
maxpossibleFlows=3
maxpossibleFlows=3
maxpossibleFlows=3
maxpossibleFlows=3
maxpossibleFlows=3
maxpossibleFlows=3
maxpossibleFlows=3
maxpossibleFlows=1
maxpossibleFlows=3
maxpossibleFlows=3
maxpossibleFlows=3
maxpossibleFlows=3
maxpossibleFlows=3
maxpossibleFlows=3
maxpossibleFlows=3
maxpossibleFlows=2
maxpossibleFlows=3
maxpossibleFlows=3
maxpossibleFlows=1
maxpossibleFlows=1
maxpossibleFlows=1
maxpossibleFlows=1
maxpossibleFlows=1
maxpossibleFlows=1
maxpossibleFlows=1
1 taint flow paths FOUND from <android.app.Activity: android.view.WindowManager getWindowManager()> to <android.view.View: void setBackgroundColor(int)>
maxpossibleFlows=1
maxpossibleFlows=1
maxpossibleFlows=3
maxpossibleFlows=3
maxpossibleFlows=3
maxpossibleFlows=3
maxpossibleFlows=2
maxpossibleFlows=3
maxpossibleFlows=3
maxpossibleFlows=3
maxpossibleFlows=3
maxpossibleFlows=3
maxpossibleFlows=3
maxpossibleFlows=3
maxpossibleFlows=3
maxpossibleFlows=3
maxpossibleFlows=1
maxpossibleFlows=3
maxpossibleFlows=3
maxpossibleFlows=3
maxpossibleFlows=3
maxpossibleFlows=3
maxpossibleFlows=3
maxpossibleFlows=3
maxpossibleFlows=2
maxpossibleFlows=3
maxpossibleFlows=3
maxpossibleFlows=1
maxpossibleFlows=3
maxpossibleFlows=3
2 taint flow paths FOUND from <android.content.ContextWrapper: java.io.File getDir(java.lang.String,int)> to <android.webkit.WebSettings: void setSavePassword(boolean)>
maxpossibleFlows=3
maxpossibleFlows=3
maxpossibleFlows=3
maxpossibleFlows=3
maxpossibleFlows=3
maxpossibleFlows=1
maxpossibleFlows=3
maxpossibleFlows=3
maxpossibleFlows=3
maxpossibleFlows=3
maxpossibleFlows=3
maxpossibleFlows=3
maxpossibleFlows=3
maxpossibleFlows=3
maxpossibleFlows=1
maxpossibleFlows=3
maxpossibleFlows=3
maxpossibleFlows=3
maxpossibleFlows=3
maxpossibleFlows=3
maxpossibleFlows=3
maxpossibleFlows=3
maxpossibleFlows=2
maxpossibleFlows=3
maxpossibleFlows=3
maxpossibleFlows=1
maxpossibleFlows=1
maxpossibleFlows=1
maxpossibleFlows=1
maxpossibleFlows=1
maxpossibleFlows=1
maxpossibleFlows=1
1 taint flow paths FOUND from <android.view.Display: int getWidth()> to <android.view.View: void setBackgroundColor(int)>
maxpossibleFlows=3
maxpossibleFlows=202
maxpossibleFlows=3
maxpossibleFlows=19
19 taint flow paths FOUND from <android.view.ViewGroup: android.view.View getFocusedChild()> to <android.app.Activity: boolean onKeyDown(int,android.view.KeyEvent)>
maxpossibleFlows=4
maxpossibleFlows=3
3 taint flow paths FOUND from <java.lang.StringBuilder: java.lang.String toString()> to <android.webkit.WebSettings: void setSavePassword(boolean)>
maxpossibleFlows=12
maxpossibleFlows=3
maxpossibleFlows=3
maxpossibleFlows=3
2 taint flow paths FOUND from <android.content.ContextWrapper: android.content.Context getApplicationContext()> to <android.webkit.WebSettings: void setSavePassword(boolean)>
maxpossibleFlows=9
maxpossibleFlows=3
maxpossibleFlows=4
maxpossibleFlows=3
maxpossibleFlows=1
maxpossibleFlows=1
maxpossibleFlows=1
maxpossibleFlows=1
maxpossibleFlows=1
maxpossibleFlows=1
maxpossibleFlows=4
maxpossibleFlows=3
maxpossibleFlows=2
maxpossibleFlows=4
maxpossibleFlows=3
maxpossibleFlows=4
maxpossibleFlows=3
maxpossibleFlows=1
maxpossibleFlows=1
maxpossibleFlows=1
maxpossibleFlows=1
maxpossibleFlows=1
maxpossibleFlows=1
maxpossibleFlows=1
maxpossibleFlows=1
maxpossibleFlows=1
maxpossibleFlows=1
maxpossibleFlows=1
maxpossibleFlows=1
maxpossibleFlows=1
maxpossibleFlows=1
maxpossibleFlows=6
1 taint flow paths FOUND from <android.content.res.Resources: int getIdentifier(java.lang.String,java.lang.String,java.lang.String)> to <android.content.Intent: android.content.Intent putExtra(java.lang.String,java.lang.String)>
maxpossibleFlows=18
maxpossibleFlows=3
maxpossibleFlows=15
maxpossibleFlows=3
maxpossibleFlows=4
maxpossibleFlows=3
maxpossibleFlows=6
maxpossibleFlows=3
maxpossibleFlows=1
maxpossibleFlows=1
maxpossibleFlows=1
maxpossibleFlows=1
maxpossibleFlows=1
maxpossibleFlows=1
maxpossibleFlows=1
maxpossibleFlows=1
maxpossibleFlows=1
maxpossibleFlows=1
maxpossibleFlows=1
maxpossibleFlows=1
maxpossibleFlows=1
maxpossibleFlows=1
maxpossibleFlows=6
1 taint flow paths FOUND from <android.content.res.Resources: android.content.res.XmlResourceParser getXml(int)> to <android.content.Intent: android.content.Intent putExtra(java.lang.String,java.lang.String)>
maxpossibleFlows=3
maxpossibleFlows=3
maxpossibleFlows=3
maxpossibleFlows=3
maxpossibleFlows=1
maxpossibleFlows=2
maxpossibleFlows=3
maxpossibleFlows=3
maxpossibleFlows=1
maxpossibleFlows=3
maxpossibleFlows=3
maxpossibleFlows=3
maxpossibleFlows=3
maxpossibleFlows=3
maxpossibleFlows=3
maxpossibleFlows=3
maxpossibleFlows=3
maxpossibleFlows=3
maxpossibleFlows=3
maxpossibleFlows=3
maxpossibleFlows=3
maxpossibleFlows=3
maxpossibleFlows=3
maxpossibleFlows=3
maxpossibleFlows=1
maxpossibleFlows=3
maxpossibleFlows=3
maxpossibleFlows=3
maxpossibleFlows=3
maxpossibleFlows=3
maxpossibleFlows=3
maxpossibleFlows=3
maxpossibleFlows=2
maxpossibleFlows=3
maxpossibleFlows=3
maxpossibleFlows=1
maxpossibleFlows=1
maxpossibleFlows=3
maxpossibleFlows=6
maxpossibleFlows=6
maxpossibleFlows=3
maxpossibleFlows=17
maxpossibleFlows=68
6 taint flow paths FOUND from <java.lang.String: char[] toCharArray()> to <java.lang.String: boolean startsWith(java.lang.String)>
maxpossibleFlows=22
maxpossibleFlows=3
maxpossibleFlows=2
maxpossibleFlows=3
maxpossibleFlows=3
maxpossibleFlows=2
2 taint flow paths FOUND from <android.app.Activity: android.view.Window getWindow()> to <android.view.View: void setBackgroundColor(int)>
maxpossibleFlows=1
maxpossibleFlows=1
maxpossibleFlows=1
maxpossibleFlows=1
maxpossibleFlows=1
maxpossibleFlows=1
maxpossibleFlows=1
maxpossibleFlows=1
maxpossibleFlows=1
maxpossibleFlows=1
maxpossibleFlows=1
maxpossibleFlows=1
maxpossibleFlows=1
maxpossibleFlows=2
maxpossibleFlows=1
maxpossibleFlows=1
maxpossibleFlows=1
maxpossibleFlows=1
maxpossibleFlows=4
4 taint flow paths FOUND from <android.content.ContextWrapper: java.lang.String getPackageName()> to <android.content.ContextWrapper: boolean bindService(android.content.Intent,android.content.ServiceConnection,int)>
maxpossibleFlows=3
3 taint flow paths FOUND from <android.webkit.WebView: android.webkit.WebSettings getSettings()> to <android.webkit.WebSettings: void setSavePassword(boolean)>
maxpossibleFlows=12
maxpossibleFlows=167
maxpossibleFlows=1
maxpossibleFlows=2
maxpossibleFlows=3
maxpossibleFlows=3
maxpossibleFlows=1
maxpossibleFlows=3
maxpossibleFlows=3
maxpossibleFlows=1
maxpossibleFlows=1
maxpossibleFlows=1
maxpossibleFlows=1
maxpossibleFlows=1
1 taint flow paths FOUND from <android.view.Display: int getHeight()> to <android.view.View: void setBackgroundColor(int)>
maxpossibleFlows=18
maxpossibleFlows=18
maxpossibleFlows=6
maxpossibleFlows=4
maxpossibleFlows=12
maxpossibleFlows=3
maxpossibleFlows=4
maxpossibleFlows=12
maxpossibleFlows=3
maxpossibleFlows=9
maxpossibleFlows=4
maxpossibleFlows=4
maxpossibleFlows=4
maxpossibleFlows=4
maxpossibleFlows=18
maxpossibleFlows=15
maxpossibleFlows=4
maxpossibleFlows=6
maxpossibleFlows=6
maxpossibleFlows=12
maxpossibleFlows=3
maxpossibleFlows=1
maxpossibleFlows=3
maxpossibleFlows=3
maxpossibleFlows=3
3 taint flow paths FOUND from <java.lang.Class: java.lang.reflect.Method getMethod(java.lang.String,java.lang.Class[])> to <android.webkit.WebSettings: void setSavePassword(boolean)>
maxpossibleFlows=3
maxpossibleFlows=3
maxpossibleFlows=3
maxpossibleFlows=1
maxpossibleFlows=204
maxpossibleFlows=3
maxpossibleFlows=3
maxpossibleFlows=3
maxpossibleFlows=3
maxpossibleFlows=10
maxpossibleFlows=3
maxpossibleFlows=3
maxpossibleFlows=3
maxpossibleFlows=3
maxpossibleFlows=3
maxpossibleFlows=1
maxpossibleFlows=1
maxpossibleFlows=3
maxpossibleFlows=3
maxpossibleFlows=3
maxpossibleFlows=1
maxpossibleFlows=202
maxpossibleFlows=71
70 taint flow paths FOUND from <java.lang.StringBuilder: java.lang.String toString()> to <java.lang.String: boolean startsWith(java.lang.String)>
maxpossibleFlows=3
maxpossibleFlows=1
maxpossibleFlows=3
maxpossibleFlows=3
maxpossibleFlows=3
3 taint flow paths FOUND from <java.lang.Class: java.lang.reflect.Method getMethod(java.lang.String,java.lang.Class[])> to <android.webkit.WebSettings: void setAppCacheEnabled(boolean)>
maxpossibleFlows=1
maxpossibleFlows=1
maxpossibleFlows=1
maxpossibleFlows=1
maxpossibleFlows=1
maxpossibleFlows=1
maxpossibleFlows=1
maxpossibleFlows=3
maxpossibleFlows=1
maxpossibleFlows=3
maxpossibleFlows=3
maxpossibleFlows=3
3 taint flow paths FOUND from <java.lang.Class: java.lang.reflect.Method getMethod(java.lang.String,java.lang.Class[])> to <android.webkit.WebSettings: void setSaveFormData(boolean)>
maxpossibleFlows=2
maxpossibleFlows=1
maxpossibleFlows=2
maxpossibleFlows=2
maxpossibleFlows=2
maxpossibleFlows=2
maxpossibleFlows=3
maxpossibleFlows=3
maxpossibleFlows=3
maxpossibleFlows=2
maxpossibleFlows=3
maxpossibleFlows=1
1 taint flow paths FOUND from <android.app.Activity: android.view.WindowManager getWindowManager()> to <android.view.View: void setBackgroundColor(int)>
maxpossibleFlows=3
maxpossibleFlows=1
maxpossibleFlows=3
maxpossibleFlows=3
maxpossibleFlows=3
maxpossibleFlows=3
maxpossibleFlows=1
maxpossibleFlows=3
maxpossibleFlows=3
maxpossibleFlows=3
maxpossibleFlows=3
maxpossibleFlows=1
maxpossibleFlows=3
maxpossibleFlows=3
maxpossibleFlows=1
maxpossibleFlows=1
maxpossibleFlows=3
maxpossibleFlows=3
maxpossibleFlows=1
maxpossibleFlows=1
maxpossibleFlows=3
maxpossibleFlows=3
3 taint flow paths FOUND from <android.app.Activity: android.view.Window getWindow()> to <android.view.Window: void setFlags(int,int)>
maxpossibleFlows=3
maxpossibleFlows=1
maxpossibleFlows=3
maxpossibleFlows=3
maxpossibleFlows=3
3 taint flow paths FOUND from <java.lang.Class: java.lang.reflect.Method getMethod(java.lang.String,java.lang.Class[])> to <android.webkit.WebSettings: void setAppCacheMaxSize(long)>
maxpossibleFlows=3
maxpossibleFlows=1
maxpossibleFlows=3
maxpossibleFlows=3
maxpossibleFlows=3
maxpossibleFlows=3
maxpossibleFlows=3
maxpossibleFlows=3
maxpossibleFlows=3
maxpossibleFlows=3
2 taint flow paths FOUND from <java.io.File: java.lang.String getPath()> to <android.webkit.WebSettings: void setJavaScriptCanOpenWindowsAutomatically(boolean)>
maxpossibleFlows=3
maxpossibleFlows=1
maxpossibleFlows=3
maxpossibleFlows=3
maxpossibleFlows=3
3 taint flow paths FOUND from <java.lang.Class: java.lang.reflect.Method getMethod(java.lang.String,java.lang.Class[])> to <android.webkit.WebSettings: void setDatabaseEnabled(boolean)>
maxpossibleFlows=3
maxpossibleFlows=1
maxpossibleFlows=3
maxpossibleFlows=3
maxpossibleFlows=3
maxpossibleFlows=3
maxpossibleFlows=3
maxpossibleFlows=3
maxpossibleFlows=3
maxpossibleFlows=3
2 taint flow paths FOUND from <java.io.File: java.lang.String getPath()> to <android.webkit.WebSettings: void setLayoutAlgorithm(android.webkit.WebSettings$LayoutAlgorithm)>
maxpossibleFlows=2
maxpossibleFlows=1
maxpossibleFlows=2
maxpossibleFlows=1
maxpossibleFlows=2
maxpossibleFlows=2
maxpossibleFlows=2
maxpossibleFlows=1
1 taint flow paths FOUND from <android.net.Uri: android.net.Uri parse(java.lang.String)> to <android.app.Activity: void startActivity(android.content.Intent)>
maxpossibleFlows=3
maxpossibleFlows=1
maxpossibleFlows=3
maxpossibleFlows=3
maxpossibleFlows=3
3 taint flow paths FOUND from <java.lang.Class: java.lang.reflect.Method getMethod(java.lang.String,java.lang.Class[])> to <android.webkit.WebSettings: void setDomStorageEnabled(boolean)>
maxpossibleFlows=3
maxpossibleFlows=3
maxpossibleFlows=1
maxpossibleFlows=3
maxpossibleFlows=3
maxpossibleFlows=3
maxpossibleFlows=3
maxpossibleFlows=3
maxpossibleFlows=3
maxpossibleFlows=3
maxpossibleFlows=3
maxpossibleFlows=3
maxpossibleFlows=3
maxpossibleFlows=3
maxpossibleFlows=1
maxpossibleFlows=3
maxpossibleFlows=3
maxpossibleFlows=3
maxpossibleFlows=1
maxpossibleFlows=3
3 taint flow paths FOUND from <java.lang.StringBuilder: java.lang.String toString()> to <android.view.View: void setVisibility(int)>
maxpossibleFlows=3
maxpossibleFlows=1
maxpossibleFlows=3
maxpossibleFlows=3
maxpossibleFlows=3
maxpossibleFlows=3
maxpossibleFlows=3
maxpossibleFlows=3
maxpossibleFlows=3
maxpossibleFlows=3
maxpossibleFlows=3
maxpossibleFlows=1
maxpossibleFlows=3
maxpossibleFlows=3
maxpossibleFlows=3
maxpossibleFlows=1
maxpossibleFlows=3
maxpossibleFlows=3
maxpossibleFlows=1
maxpossibleFlows=1
maxpossibleFlows=3
maxpossibleFlows=3
maxpossibleFlows=1
maxpossibleFlows=3
maxpossibleFlows=1
maxpossibleFlows=3
maxpossibleFlows=1
maxpossibleFlows=3
maxpossibleFlows=3
maxpossibleFlows=3
maxpossibleFlows=3
maxpossibleFlows=3
maxpossibleFlows=3
maxpossibleFlows=3
maxpossibleFlows=3
maxpossibleFlows=3
maxpossibleFlows=1
maxpossibleFlows=3
maxpossibleFlows=3
maxpossibleFlows=3
maxpossibleFlows=1
maxpossibleFlows=3
maxpossibleFlows=3
maxpossibleFlows=1
maxpossibleFlows=1
maxpossibleFlows=3
maxpossibleFlows=2
maxpossibleFlows=1
maxpossibleFlows=3
maxpossibleFlows=1
maxpossibleFlows=3
maxpossibleFlows=1
maxpossibleFlows=4
maxpossibleFlows=1
maxpossibleFlows=3
maxpossibleFlows=4
4 taint flow paths FOUND from <android.content.ContextWrapper: java.lang.String getPackageName()> to <android.content.ContextWrapper: boolean bindService(android.content.Intent,android.content.ServiceConnection,int)>
maxpossibleFlows=1
maxpossibleFlows=12
2 taint flow paths FOUND from <android.view.ContextThemeWrapper: android.content.res.Resources getResources()> to <android.content.Intent: android.content.Intent putExtra(java.lang.String,java.lang.String)>
maxpossibleFlows=3
maxpossibleFlows=1
maxpossibleFlows=3
maxpossibleFlows=3
maxpossibleFlows=3
maxpossibleFlows=3
maxpossibleFlows=3
maxpossibleFlows=3
maxpossibleFlows=3
maxpossibleFlows=3
2 taint flow paths FOUND from <java.io.File: java.lang.String getPath()> to <android.webkit.WebSettings: void setJavaScriptEnabled(boolean)>
maxpossibleFlows=1
maxpossibleFlows=1
1 taint flow paths FOUND from <java.lang.String: byte[] getBytes()> to <java.io.OutputStream: void write(byte[])>
maxpossibleFlows=3
maxpossibleFlows=1
maxpossibleFlows=3
maxpossibleFlows=3
maxpossibleFlows=3
maxpossibleFlows=3
maxpossibleFlows=3
maxpossibleFlows=3
maxpossibleFlows=3
maxpossibleFlows=3
maxpossibleFlows=3
maxpossibleFlows=1
maxpossibleFlows=3
maxpossibleFlows=3
maxpossibleFlows=3
maxpossibleFlows=1
maxpossibleFlows=3
maxpossibleFlows=3
maxpossibleFlows=1
maxpossibleFlows=1
maxpossibleFlows=3
maxpossibleFlows=3
maxpossibleFlows=1
maxpossibleFlows=3
maxpossibleFlows=1
maxpossibleFlows=3
maxpossibleFlows=1
maxpossibleFlows=3
maxpossibleFlows=3
maxpossibleFlows=3
maxpossibleFlows=3
maxpossibleFlows=3
maxpossibleFlows=3
maxpossibleFlows=3
maxpossibleFlows=3
2 taint flow paths FOUND from <java.io.File: java.lang.String getPath()> to <android.view.View: void setVerticalScrollBarEnabled(boolean)>
maxpossibleFlows=3
maxpossibleFlows=1
maxpossibleFlows=3
maxpossibleFlows=3
maxpossibleFlows=3
3 taint flow paths FOUND from <java.lang.Class: java.lang.reflect.Method getMethod(java.lang.String,java.lang.Class[])> to <android.webkit.WebSettings: void setAppCachePath(java.lang.String)>
maxpossibleFlows=3
maxpossibleFlows=1
maxpossibleFlows=3
maxpossibleFlows=3
maxpossibleFlows=3
maxpossibleFlows=3
maxpossibleFlows=3
maxpossibleFlows=3
maxpossibleFlows=3
maxpossibleFlows=3
maxpossibleFlows=3
maxpossibleFlows=1
maxpossibleFlows=3
maxpossibleFlows=3
maxpossibleFlows=3
maxpossibleFlows=1
maxpossibleFlows=3
maxpossibleFlows=3
maxpossibleFlows=1
maxpossibleFlows=1
maxpossibleFlows=3
maxpossibleFlows=2
maxpossibleFlows=1
maxpossibleFlows=3
maxpossibleFlows=1
maxpossibleFlows=3
maxpossibleFlows=1
maxpossibleFlows=3
maxpossibleFlows=3
maxpossibleFlows=3
3 taint flow paths FOUND from <java.lang.Class: java.lang.reflect.Method getMethod(java.lang.String,java.lang.Class[])> to <android.webkit.WebSettings: void setDatabasePath(java.lang.String)>
maxpossibleFlows=3
maxpossibleFlows=1
maxpossibleFlows=3
maxpossibleFlows=3
maxpossibleFlows=3
3 taint flow paths FOUND from <java.lang.Class: java.lang.reflect.Method getMethod(java.lang.String,java.lang.Class[])> to <android.webkit.WebSettings: void setGeolocationEnabled(boolean)>
maxpossibleFlows=2
maxpossibleFlows=1
maxpossibleFlows=2
maxpossibleFlows=2
maxpossibleFlows=2
maxpossibleFlows=2
maxpossibleFlows=2
maxpossibleFlows=2
maxpossibleFlows=2
maxpossibleFlows=2
maxpossibleFlows=2
maxpossibleFlows=1
1 taint flow paths FOUND from <android.app.Activity: android.view.WindowManager getWindowManager()> to <android.app.Activity: void setVolumeControlStream(int)>
maxpossibleFlows=3
maxpossibleFlows=1
maxpossibleFlows=3
maxpossibleFlows=3
maxpossibleFlows=3
maxpossibleFlows=3
maxpossibleFlows=3
maxpossibleFlows=3
maxpossibleFlows=3
maxpossibleFlows=3
2 taint flow paths FOUND from <java.io.File: java.lang.String getPath()> to <android.webkit.WebView: void setInitialScale(int)>
maxpossibleFlows=3
maxpossibleFlows=1
maxpossibleFlows=3
maxpossibleFlows=3
maxpossibleFlows=3
3 taint flow paths FOUND from <java.lang.Class: java.lang.reflect.Method getMethod(java.lang.String,java.lang.Class[])> to <android.webkit.WebSettings: void setGeolocationDatabasePath(java.lang.String)>
maxpossibleFlows=3
maxpossibleFlows=3
maxpossibleFlows=3
maxpossibleFlows=3
maxpossibleFlows=3
maxpossibleFlows=3
maxpossibleFlows=3
3 taint flow paths FOUND from <java.lang.StringBuilder: java.lang.String toString()> to <android.util.Log: int w(java.lang.String,java.lang.String)>
maxpossibleFlows=1
maxpossibleFlows=3
maxpossibleFlows=1
maxpossibleFlows=1
maxpossibleFlows=1
maxpossibleFlows=1
maxpossibleFlows=1
maxpossibleFlows=3
maxpossibleFlows=3
maxpossibleFlows=3
maxpossibleFlows=1
maxpossibleFlows=1
maxpossibleFlows=1
maxpossibleFlows=1
maxpossibleFlows=1
maxpossibleFlows=1
maxpossibleFlows=1
maxpossibleFlows=1
maxpossibleFlows=6
6 taint flow paths FOUND from <java.lang.StringBuilder: java.lang.String toString()> to <android.util.Log: int i(java.lang.String,java.lang.String)>
maxpossibleFlows=3
maxpossibleFlows=3
maxpossibleFlows=1
maxpossibleFlows=3
maxpossibleFlows=3
maxpossibleFlows=3
maxpossibleFlows=3
maxpossibleFlows=22
maxpossibleFlows=3
3 taint flow paths FOUND from <java.lang.Class: java.lang.reflect.Method getMethod(java.lang.String,java.lang.Class[])> to <android.util.Log: int d(java.lang.String,java.lang.String)>
maxpossibleFlows=19
19 taint flow paths FOUND from <android.view.ViewGroup: android.view.View getFocusedChild()> to <android.app.Activity: boolean onKeyDown(int,android.view.KeyEvent)>
Result for malicious-app-95-21C1C83B2CCA9CA8DE0CE57A3D5DA5BC07D5414D10B60C4C20C6EEA4D5277347.apkcom.meiriyiwen.app