DUA-Forensics args to Soot: -w -cp /home/hcosta/bench/benchmark/libs/droidfax.jar:/home/hcosta/Android/Sdk/platforms/android-28/android.jar -p cg verbose:false,implicit-entry:true -p cg.spark verbose:false,on-fly-cg:true,rta:false -d /home/hcosta/bench/benchmark/trace/180/1/droidbot/benign-app-13-1D87BE8574AD949E1C2A2D1FFF6CF5D47A502F0AC43101C9ABDE280CC30A88F8.apk.logcat -process-dir /home/hcosta/bench/benchmark/data/input/benign-app-13-1D87BE8574AD949E1C2A2D1FFF6CF5D47A502F0AC43101C9ABDE280CC30A88F8.apk 
Soot started on Tue Apr 19 16:31:29 CEST 2022
Warning: com.ironsource.mobilcore.BaseFlowBasedAdUnit is a phantom class!
Warning: java.lang.invoke.LambdaMetafactory is a phantom class!
Warning: java.lang.ref.Finalizer is a phantom class!
get type from 'Z'
[Call Graph] For information on where the call graph may be incomplete, use the verbose option to the cg phase.
[Spark] Pointer Assignment Graph in 0.0 seconds.
[Spark] Type masks in 0.0 seconds.
[Spark] Pointer Graph simplified in 0.0 seconds.
[Spark] Propagation in 0.0 seconds.
[Spark] Solution found in 0.0 seconds.
hcai's internal transform
Running static analysis for security-relevant feature characterization
[GatorHierarchy] [32mVERBOSE[0m [HIER] All classes: 1318
[GatorHierarchy] [32mVERBOSE[0m [App: 219, Lib : 1096, Phantom: 3]
[GatorHierarchy] [32mVERBOSE[0m [HIER] Activities: 3, lib activities: 1
[GatorHierarchy] [32mVERBOSE[0m [HIER] App views: 4, Lib views: 20
[GatorHierarchy] [32mVERBOSE[0m [HIER] App Dialogs: 0, Lib Dialogs: 3
[TIMECOST] [32mVERBOSE[0m buildApplicationCodeMap parsing starting at 1650378689804
[TIMECOST] [32mVERBOSE[0m buildApplicationCodeMap parsing finished at 1650378692528
[Instantiated app classes] [32mVERBOSE[0m total number: 212
[WARNING] [32mVERBOSE[0m Callback method :onKeyDown in Class com.SAXapp.SAXMarbleFactory.MarbleFactory added
[WARNING] [32mVERBOSE[0m Callback method :onConfigurationChanged in Class com.SAXapp.SAXMarbleFactory.MarbleFactory added
[WARNING] [32mVERBOSE[0m Callback method :onCreate in Class com.SAXapp.SAXMarbleFactory.MarbleFactory added
[WARNING] [32mVERBOSE[0m Callback method :onDestroy in Class com.SAXapp.SAXMarbleFactory.MarbleFactory added
[WARNING] [32mVERBOSE[0m Callback method :onWindowFocusChanged in Class com.google.ads.AdActivity added
[WARNING] [32mVERBOSE[0m Callback method :onPause in Class com.google.ads.AdActivity added
[WARNING] [32mVERBOSE[0m Callback method :onCreate in Class com.google.ads.AdActivity added
[WARNING] [32mVERBOSE[0m Callback method :onDestroy in Class com.google.ads.AdActivity added
[WARNING] [32mVERBOSE[0m Callback method :onActivityResult in Class com.google.ads.AdActivity added
[WARNING] [32mVERBOSE[0m Callback method :onClick in Class com.google.ads.AdActivity added
[WARNING] [32mVERBOSE[0m Callback method :onTouch in Class com.SAXapp.view.Panel added
[WARNING] [32mVERBOSE[0m Callback method :surfaceCreated in Class com.SAXapp.view.Panel added
[WARNING] [32mVERBOSE[0m Callback method :onKeyDown in Class com.SAXapp.view.Panel added
[WARNING] [32mVERBOSE[0m Callback method :surfaceDestroyed in Class com.SAXapp.view.Panel added
[WARNING] [32mVERBOSE[0m Callback method :surfaceChanged in Class com.SAXapp.view.Panel added
[WARNING] [32mVERBOSE[0m Callback method :onDraw in Class com.SAXapp.view.Panel added
[WARNING] [32mVERBOSE[0m Callback method :onKeyDown in Class com.SAXapp.SAXMarbleFactory.SplashScreen added
[WARNING] [32mVERBOSE[0m Callback method :onTouchEvent in Class com.SAXapp.SAXMarbleFactory.SplashScreen added
[WARNING] [32mVERBOSE[0m Callback method :onCreate in Class com.SAXapp.SAXMarbleFactory.SplashScreen added
0 ICC links found and 0 cg edges added due to ICC links
dynamic conflated call graph: 591 methods; 591 nodes; 923 edges.
maxpossibleFlows=1
maxpossibleFlows=2
maxpossibleFlows=2
maxpossibleFlows=2
maxpossibleFlows=2
maxpossibleFlows=2
maxpossibleFlows=2
maxpossibleFlows=2
maxpossibleFlows=2
maxpossibleFlows=2
maxpossibleFlows=2
maxpossibleFlows=2
maxpossibleFlows=2
maxpossibleFlows=2
maxpossibleFlows=2
maxpossibleFlows=2
maxpossibleFlows=2
maxpossibleFlows=2
maxpossibleFlows=2
maxpossibleFlows=2
maxpossibleFlows=2
maxpossibleFlows=2
maxpossibleFlows=2
maxpossibleFlows=2
maxpossibleFlows=2
maxpossibleFlows=1
maxpossibleFlows=1
maxpossibleFlows=1
maxpossibleFlows=1
maxpossibleFlows=1
maxpossibleFlows=1
maxpossibleFlows=1
maxpossibleFlows=1
maxpossibleFlows=1
maxpossibleFlows=1
maxpossibleFlows=1
maxpossibleFlows=1
maxpossibleFlows=1
maxpossibleFlows=1
maxpossibleFlows=1
maxpossibleFlows=1
maxpossibleFlows=1
maxpossibleFlows=1
maxpossibleFlows=1
maxpossibleFlows=1
maxpossibleFlows=1
maxpossibleFlows=1
maxpossibleFlows=1
maxpossibleFlows=1
maxpossibleFlows=1
maxpossibleFlows=1
maxpossibleFlows=2
maxpossibleFlows=2
maxpossibleFlows=1
maxpossibleFlows=1
maxpossibleFlows=1
maxpossibleFlows=1
maxpossibleFlows=1
maxpossibleFlows=1
maxpossibleFlows=1
maxpossibleFlows=1
maxpossibleFlows=1
maxpossibleFlows=1
maxpossibleFlows=1
maxpossibleFlows=1
maxpossibleFlows=1
maxpossibleFlows=1
maxpossibleFlows=1
maxpossibleFlows=1
maxpossibleFlows=1
maxpossibleFlows=1
maxpossibleFlows=1
maxpossibleFlows=1
maxpossibleFlows=1
maxpossibleFlows=2
maxpossibleFlows=6
6 taint flow paths FOUND from <android.content.ContextWrapper: java.io.File getDatabasePath(java.lang.String)> to <android.webkit.WebSettings: void setDisplayZoomControls(boolean)>
maxpossibleFlows=2
maxpossibleFlows=1
maxpossibleFlows=1
maxpossibleFlows=2
maxpossibleFlows=2
maxpossibleFlows=1
maxpossibleFlows=1
maxpossibleFlows=4
maxpossibleFlows=4
maxpossibleFlows=2
maxpossibleFlows=4
maxpossibleFlows=4
maxpossibleFlows=4
maxpossibleFlows=4
maxpossibleFlows=4
maxpossibleFlows=2
maxpossibleFlows=4
maxpossibleFlows=2
maxpossibleFlows=4
maxpossibleFlows=4
maxpossibleFlows=4
maxpossibleFlows=4
maxpossibleFlows=2
maxpossibleFlows=4
maxpossibleFlows=2
maxpossibleFlows=4
maxpossibleFlows=2
maxpossibleFlows=4
maxpossibleFlows=4
maxpossibleFlows=2
maxpossibleFlows=4
4 taint flow paths FOUND from <android.view.View: android.content.Context getContext()> to <android.webkit.WebSettings: void setUserAgentString(java.lang.String)>
maxpossibleFlows=1
maxpossibleFlows=1
1 taint flow paths FOUND from <android.app.AlertDialog$Builder: android.app.AlertDialog create()> to <android.app.AlertDialog: void setButton(java.lang.CharSequence,android.content.DialogInterface$OnClickListener)>
maxpossibleFlows=2
maxpossibleFlows=2
maxpossibleFlows=1
1 taint flow paths FOUND from <android.graphics.Bitmap: int getHeight()> to <android.graphics.Paint: void setStyle(android.graphics.Paint$Style)>
maxpossibleFlows=2
maxpossibleFlows=2
maxpossibleFlows=2
maxpossibleFlows=2
maxpossibleFlows=2
maxpossibleFlows=2
maxpossibleFlows=2
maxpossibleFlows=2
maxpossibleFlows=2
maxpossibleFlows=2
maxpossibleFlows=2
maxpossibleFlows=2
maxpossibleFlows=2
maxpossibleFlows=2
maxpossibleFlows=2
maxpossibleFlows=2
maxpossibleFlows=2
maxpossibleFlows=2
maxpossibleFlows=2
maxpossibleFlows=2
maxpossibleFlows=2
maxpossibleFlows=2
maxpossibleFlows=1
1 taint flow paths FOUND from <android.view.MotionEvent: int getAction()> to <android.app.AlertDialog: void setButton(java.lang.CharSequence,android.content.DialogInterface$OnClickListener)>
maxpossibleFlows=1
maxpossibleFlows=1
maxpossibleFlows=1
maxpossibleFlows=1
maxpossibleFlows=1
maxpossibleFlows=1
maxpossibleFlows=1
maxpossibleFlows=1
maxpossibleFlows=1
maxpossibleFlows=1
maxpossibleFlows=1
maxpossibleFlows=1
maxpossibleFlows=1
maxpossibleFlows=1
1 taint flow paths FOUND from <java.lang.StringBuilder: java.lang.String toString()> to <android.graphics.Paint: void setStyle(android.graphics.Paint$Style)>
maxpossibleFlows=1
1 taint flow paths FOUND from <android.graphics.Bitmap: int getWidth()> to <android.graphics.Paint: void setStyle(android.graphics.Paint$Style)>
maxpossibleFlows=1
1 taint flow paths FOUND from <android.view.MotionEvent: float getY()> to <android.app.AlertDialog: void setButton(java.lang.CharSequence,android.content.DialogInterface$OnClickListener)>
maxpossibleFlows=6
6 taint flow paths FOUND from <java.lang.Long: long longValue()> to <android.webkit.WebSettings: void setDisplayZoomControls(boolean)>
maxpossibleFlows=4
maxpossibleFlows=4
maxpossibleFlows=2
maxpossibleFlows=4
maxpossibleFlows=4
maxpossibleFlows=4
maxpossibleFlows=4
maxpossibleFlows=4
maxpossibleFlows=2
maxpossibleFlows=4
maxpossibleFlows=2
maxpossibleFlows=4
maxpossibleFlows=4
maxpossibleFlows=4
maxpossibleFlows=4
maxpossibleFlows=2
maxpossibleFlows=4
maxpossibleFlows=2
maxpossibleFlows=4
maxpossibleFlows=2
maxpossibleFlows=4
maxpossibleFlows=4
maxpossibleFlows=2
maxpossibleFlows=4
4 taint flow paths FOUND from <android.content.ContextWrapper: android.content.Context getApplicationContext()> to <android.webkit.WebSettings: void setUserAgentString(java.lang.String)>
maxpossibleFlows=1
maxpossibleFlows=1
maxpossibleFlows=1
maxpossibleFlows=2
maxpossibleFlows=1
maxpossibleFlows=1
maxpossibleFlows=1
maxpossibleFlows=1
maxpossibleFlows=1
maxpossibleFlows=1
maxpossibleFlows=1
maxpossibleFlows=1
maxpossibleFlows=1
maxpossibleFlows=1
maxpossibleFlows=1
maxpossibleFlows=1
maxpossibleFlows=2
maxpossibleFlows=1
maxpossibleFlows=1
maxpossibleFlows=1
maxpossibleFlows=1
maxpossibleFlows=1
maxpossibleFlows=1
maxpossibleFlows=1
maxpossibleFlows=1
maxpossibleFlows=2
maxpossibleFlows=2
maxpossibleFlows=2
maxpossibleFlows=2
maxpossibleFlows=2
maxpossibleFlows=2
maxpossibleFlows=2
maxpossibleFlows=2
maxpossibleFlows=2
maxpossibleFlows=2
maxpossibleFlows=2
maxpossibleFlows=2
maxpossibleFlows=2
maxpossibleFlows=2
maxpossibleFlows=2
maxpossibleFlows=2
maxpossibleFlows=2
maxpossibleFlows=2
maxpossibleFlows=2
maxpossibleFlows=2
maxpossibleFlows=2
maxpossibleFlows=2
maxpossibleFlows=2
maxpossibleFlows=2
maxpossibleFlows=2
maxpossibleFlows=1
maxpossibleFlows=6
6 taint flow paths FOUND from <java.io.File: java.lang.String getAbsolutePath()> to <android.webkit.WebSettings: void setDisplayZoomControls(boolean)>
maxpossibleFlows=1
maxpossibleFlows=2
maxpossibleFlows=2
maxpossibleFlows=1
1 taint flow paths FOUND from <android.view.MotionEvent: float getX()> to <android.app.AlertDialog: void setButton(java.lang.CharSequence,android.content.DialogInterface$OnClickListener)>
maxpossibleFlows=2
maxpossibleFlows=6
6 taint flow paths FOUND from <android.content.ContextWrapper: java.io.File getCacheDir()> to <android.webkit.WebSettings: void setDisplayZoomControls(boolean)>
maxpossibleFlows=1
maxpossibleFlows=1
1 taint flow paths FOUND from <android.content.Context: java.lang.String getString(int)> to <android.app.AlertDialog: void setButton(java.lang.CharSequence,android.content.DialogInterface$OnClickListener)>
maxpossibleFlows=2
maxpossibleFlows=1
maxpossibleFlows=2
2 taint flow paths FOUND from <android.view.SurfaceView: android.view.SurfaceHolder getHolder()> to <android.view.View: void setFocusable(boolean)>
maxpossibleFlows=2
maxpossibleFlows=2
maxpossibleFlows=2
maxpossibleFlows=2
maxpossibleFlows=2
maxpossibleFlows=2
maxpossibleFlows=2
maxpossibleFlows=2
maxpossibleFlows=2
maxpossibleFlows=2
maxpossibleFlows=2
maxpossibleFlows=2
maxpossibleFlows=2
maxpossibleFlows=2
maxpossibleFlows=2
maxpossibleFlows=2
maxpossibleFlows=2
maxpossibleFlows=2
maxpossibleFlows=2
maxpossibleFlows=2
maxpossibleFlows=2
maxpossibleFlows=2
maxpossibleFlows=2
maxpossibleFlows=2
maxpossibleFlows=2
maxpossibleFlows=2
maxpossibleFlows=4
4 taint flow paths FOUND from <android.webkit.WebView: android.webkit.WebSettings getSettings()> to <android.webkit.WebSettings: void setSavePassword(boolean)>
maxpossibleFlows=2
maxpossibleFlows=2
maxpossibleFlows=1
maxpossibleFlows=1
maxpossibleFlows=6
6 taint flow paths FOUND from <android.content.ContextWrapper: java.io.File getDatabasePath(java.lang.String)> to <android.webkit.WebSettings: void setDisplayZoomControls(boolean)>
maxpossibleFlows=2
maxpossibleFlows=1
maxpossibleFlows=1
maxpossibleFlows=4
maxpossibleFlows=4
maxpossibleFlows=2
maxpossibleFlows=1
maxpossibleFlows=4
maxpossibleFlows=4
maxpossibleFlows=1
maxpossibleFlows=2
maxpossibleFlows=4
maxpossibleFlows=4
maxpossibleFlows=2
maxpossibleFlows=4
4 taint flow paths FOUND from <android.webkit.WebView: android.webkit.WebSettings getSettings()> to <android.webkit.WebSettings: void setSavePassword(boolean)>
maxpossibleFlows=2
maxpossibleFlows=1
maxpossibleFlows=1
maxpossibleFlows=2
maxpossibleFlows=2
maxpossibleFlows=2
maxpossibleFlows=1
maxpossibleFlows=2
maxpossibleFlows=2
maxpossibleFlows=2
maxpossibleFlows=2
maxpossibleFlows=2
maxpossibleFlows=2
maxpossibleFlows=2
maxpossibleFlows=2
maxpossibleFlows=1
maxpossibleFlows=1
maxpossibleFlows=6
maxpossibleFlows=4
maxpossibleFlows=2
maxpossibleFlows=1
maxpossibleFlows=6
maxpossibleFlows=4
maxpossibleFlows=1
maxpossibleFlows=2
maxpossibleFlows=6
5 taint flow paths FOUND from <java.io.File: java.lang.String getAbsolutePath()> to <android.webkit.WebSettings: void setAppCacheEnabled(boolean)>
maxpossibleFlows=1
1 taint flow paths FOUND from <android.app.AlertDialog$Builder: android.app.AlertDialog create()> to <android.app.AlertDialog: void setButton(java.lang.CharSequence,android.content.DialogInterface$OnClickListener)>
maxpossibleFlows=2
maxpossibleFlows=1
maxpossibleFlows=1
maxpossibleFlows=6
maxpossibleFlows=4
maxpossibleFlows=2
maxpossibleFlows=1
maxpossibleFlows=6
6 taint flow paths FOUND from <java.lang.Long: long longValue()> to <android.webkit.WebSettings: void setAppCacheMaxSize(long)>
maxpossibleFlows=2
maxpossibleFlows=1
maxpossibleFlows=1
maxpossibleFlows=4
maxpossibleFlows=4
maxpossibleFlows=2
maxpossibleFlows=1
maxpossibleFlows=4
maxpossibleFlows=4
maxpossibleFlows=1
maxpossibleFlows=2
maxpossibleFlows=4
maxpossibleFlows=4
maxpossibleFlows=2
maxpossibleFlows=4
4 taint flow paths FOUND from <android.webkit.WebView: android.webkit.WebSettings getSettings()> to <android.webkit.WebView: void setScrollBarStyle(int)>
maxpossibleFlows=2
maxpossibleFlows=1
maxpossibleFlows=1
maxpossibleFlows=4
maxpossibleFlows=4
maxpossibleFlows=2
maxpossibleFlows=1
maxpossibleFlows=4
maxpossibleFlows=4
maxpossibleFlows=1
maxpossibleFlows=2
maxpossibleFlows=4
maxpossibleFlows=4
maxpossibleFlows=2
maxpossibleFlows=4
4 taint flow paths FOUND from <android.webkit.WebView: android.webkit.WebSettings getSettings()> to <android.webkit.WebSettings: void setSupportMultipleWindows(boolean)>
maxpossibleFlows=2
maxpossibleFlows=1
maxpossibleFlows=1
maxpossibleFlows=6
maxpossibleFlows=4
maxpossibleFlows=2
maxpossibleFlows=1
maxpossibleFlows=6
6 taint flow paths FOUND from <java.lang.Long: long longValue()> to <android.webkit.WebSettings: void setDatabaseEnabled(boolean)>
maxpossibleFlows=1
maxpossibleFlows=2
maxpossibleFlows=2
maxpossibleFlows=1
maxpossibleFlows=2
maxpossibleFlows=2
maxpossibleFlows=1
maxpossibleFlows=2
maxpossibleFlows=2
maxpossibleFlows=2
maxpossibleFlows=2
maxpossibleFlows=2
maxpossibleFlows=2
maxpossibleFlows=1
maxpossibleFlows=1
maxpossibleFlows=6
6 taint flow paths FOUND from <android.content.ContextWrapper: java.io.File getDatabasePath(java.lang.String)> to <android.webkit.WebSettings: void setDomStorageEnabled(boolean)>
maxpossibleFlows=2
maxpossibleFlows=1
maxpossibleFlows=1
maxpossibleFlows=2
maxpossibleFlows=2
maxpossibleFlows=2
maxpossibleFlows=1
maxpossibleFlows=2
maxpossibleFlows=2
maxpossibleFlows=1
maxpossibleFlows=2
maxpossibleFlows=2
maxpossibleFlows=2
maxpossibleFlows=2
maxpossibleFlows=2
maxpossibleFlows=2
maxpossibleFlows=1
maxpossibleFlows=1
maxpossibleFlows=4
maxpossibleFlows=4
maxpossibleFlows=2
maxpossibleFlows=1
maxpossibleFlows=4
maxpossibleFlows=4
maxpossibleFlows=1
maxpossibleFlows=2
maxpossibleFlows=4
maxpossibleFlows=4
maxpossibleFlows=2
maxpossibleFlows=4
4 taint flow paths FOUND from <android.webkit.WebView: android.webkit.WebSettings getSettings()> to <android.webkit.WebView: void setWebChromeClient(android.webkit.WebChromeClient)>
maxpossibleFlows=1
maxpossibleFlows=2
maxpossibleFlows=2
maxpossibleFlows=2
maxpossibleFlows=1
maxpossibleFlows=1
1 taint flow paths FOUND from <android.graphics.Bitmap: int getHeight()> to <android.graphics.Paint: void setStyle(android.graphics.Paint$Style)>
maxpossibleFlows=2
maxpossibleFlows=1
maxpossibleFlows=1
maxpossibleFlows=4
maxpossibleFlows=4
maxpossibleFlows=2
maxpossibleFlows=1
maxpossibleFlows=4
maxpossibleFlows=4
maxpossibleFlows=1
maxpossibleFlows=2
maxpossibleFlows=4
maxpossibleFlows=4
maxpossibleFlows=2
maxpossibleFlows=4
maxpossibleFlows=2
maxpossibleFlows=1
maxpossibleFlows=1
maxpossibleFlows=6
6 taint flow paths FOUND from <android.content.ContextWrapper: java.io.File getDatabasePath(java.lang.String)> to <android.webkit.WebSettings: void setSupportZoom(boolean)>
maxpossibleFlows=2
maxpossibleFlows=1
maxpossibleFlows=1
maxpossibleFlows=4
maxpossibleFlows=4
maxpossibleFlows=2
maxpossibleFlows=1
maxpossibleFlows=4
maxpossibleFlows=4
maxpossibleFlows=1
maxpossibleFlows=2
maxpossibleFlows=4
maxpossibleFlows=4
maxpossibleFlows=2
maxpossibleFlows=4
4 taint flow paths FOUND from <android.webkit.WebView: android.webkit.WebSettings getSettings()> to <android.webkit.WebSettings: void setJavaScriptEnabled(boolean)>
maxpossibleFlows=2
maxpossibleFlows=1
maxpossibleFlows=1
maxpossibleFlows=2
maxpossibleFlows=2
maxpossibleFlows=2
maxpossibleFlows=1
maxpossibleFlows=2
maxpossibleFlows=2
maxpossibleFlows=2
maxpossibleFlows=2
maxpossibleFlows=2
maxpossibleFlows=2
2 taint flow paths FOUND from <android.view.SurfaceView: android.view.SurfaceHolder getHolder()> to <android.view.View: void setFocusable(boolean)>
maxpossibleFlows=2
maxpossibleFlows=1
maxpossibleFlows=1
maxpossibleFlows=6
6 taint flow paths FOUND from <android.content.ContextWrapper: java.io.File getDatabasePath(java.lang.String)> to <android.webkit.WebSettings: void setBuiltInZoomControls(boolean)>
maxpossibleFlows=2
maxpossibleFlows=1
maxpossibleFlows=1
maxpossibleFlows=2
maxpossibleFlows=2
maxpossibleFlows=2
maxpossibleFlows=1
maxpossibleFlows=2
maxpossibleFlows=2
maxpossibleFlows=1
maxpossibleFlows=2
maxpossibleFlows=2
maxpossibleFlows=2
maxpossibleFlows=2
maxpossibleFlows=2
maxpossibleFlows=2
maxpossibleFlows=1
maxpossibleFlows=1
maxpossibleFlows=6
maxpossibleFlows=4
maxpossibleFlows=2
maxpossibleFlows=1
maxpossibleFlows=6
6 taint flow paths FOUND from <java.lang.Long: long longValue()> to <android.webkit.WebSettings: void setAppCachePath(java.lang.String)>
maxpossibleFlows=1
1 taint flow paths FOUND from <android.app.AlertDialog$Builder: android.app.AlertDialog create()> to <android.app.AlertDialog: void setTitle(java.lang.CharSequence)>
maxpossibleFlows=1
1 taint flow paths FOUND from <android.app.AlertDialog$Builder: android.app.AlertDialog create()> to <android.app.AlertDialog: void setButton2(java.lang.CharSequence,android.content.DialogInterface$OnClickListener)>
maxpossibleFlows=1
maxpossibleFlows=2
maxpossibleFlows=2
maxpossibleFlows=1
maxpossibleFlows=2
maxpossibleFlows=2
maxpossibleFlows=1
maxpossibleFlows=2
maxpossibleFlows=2
maxpossibleFlows=2
maxpossibleFlows=2
maxpossibleFlows=2
maxpossibleFlows=2
maxpossibleFlows=1
maxpossibleFlows=1
maxpossibleFlows=4
maxpossibleFlows=4
maxpossibleFlows=2
maxpossibleFlows=1
maxpossibleFlows=4
maxpossibleFlows=4
maxpossibleFlows=1
maxpossibleFlows=2
maxpossibleFlows=4
maxpossibleFlows=4
maxpossibleFlows=2
maxpossibleFlows=4
4 taint flow paths FOUND from <android.webkit.WebView: android.webkit.WebSettings getSettings()> to <android.webkit.WebView: void setDownloadListener(android.webkit.DownloadListener)>
maxpossibleFlows=2
maxpossibleFlows=1
maxpossibleFlows=1
maxpossibleFlows=6
6 taint flow paths FOUND from <android.content.ContextWrapper: java.io.File getDatabasePath(java.lang.String)> to <android.webkit.WebSettings: void setDatabasePath(java.lang.String)>
maxpossibleFlows=1
maxpossibleFlows=2
maxpossibleFlows=2
maxpossibleFlows=1
maxpossibleFlows=2
maxpossibleFlows=2
maxpossibleFlows=1
maxpossibleFlows=2
maxpossibleFlows=2
maxpossibleFlows=2
maxpossibleFlows=2
maxpossibleFlows=2
maxpossibleFlows=2
maxpossibleFlows=1
maxpossibleFlows=1
maxpossibleFlows=4
maxpossibleFlows=4
4 taint flow paths FOUND from <android.view.View: android.content.Context getContext()> to <android.webkit.WebSettings: void setUserAgentString(java.lang.String)>
maxpossibleFlows=2
maxpossibleFlows=2
maxpossibleFlows=2
maxpossibleFlows=1
maxpossibleFlows=1
maxpossibleFlows=2
maxpossibleFlows=2
maxpossibleFlows=2
maxpossibleFlows=1
maxpossibleFlows=1
maxpossibleFlows=2
maxpossibleFlows=2
maxpossibleFlows=1
maxpossibleFlows=1
maxpossibleFlows=2
maxpossibleFlows=2
maxpossibleFlows=2
maxpossibleFlows=1
maxpossibleFlows=2
maxpossibleFlows=2
maxpossibleFlows=1
maxpossibleFlows=2
maxpossibleFlows=2
maxpossibleFlows=2
maxpossibleFlows=2
maxpossibleFlows=2
maxpossibleFlows=1
maxpossibleFlows=2
maxpossibleFlows=2
maxpossibleFlows=2
[WARNING] [32mVERBOSE[0m Callback method :onDraw in Class com.SAXapp.view.Panel
[WARNING] [32mVERBOSE[0m Callback method :onKeyDown in Class com.SAXapp.view.Panel
[WARNING] [32mVERBOSE[0m Callback method :onTouch in Class com.SAXapp.view.Panel
[WARNING] [32mVERBOSE[0m Callback method :surfaceChanged in Class com.SAXapp.view.Panel
[WARNING] [32mVERBOSE[0m Callback method :surfaceCreated in Class com.SAXapp.view.Panel
[WARNING] [32mVERBOSE[0m Callback method :surfaceDestroyed in Class com.SAXapp.view.Panel
[WARNING] [32mVERBOSE[0m Callback method :<init> in Class com.google.ads.AdActivity
[WARNING] [32mVERBOSE[0m Callback method :onActivityResult in Class com.google.ads.AdActivity
[WARNING] [32mVERBOSE[0m Callback method :onClick in Class com.google.ads.AdActivity
[WARNING] [32mVERBOSE[0m Callback method :onCreate in Class com.google.ads.AdActivity
[WARNING] [32mVERBOSE[0m Callback method :onDestroy in Class com.google.ads.AdActivity
[WARNING] [32mVERBOSE[0m Callback method :onPause in Class com.google.ads.AdActivity
[WARNING] [32mVERBOSE[0m Callback method :onWindowFocusChanged in Class com.google.ads.AdActivity
Result for benign-app-13-1D87BE8574AD949E1C2A2D1FFF6CF5D47A502F0AC43101C9ABDE280CC30A88F8.apkcom.SAXapp.SAXMarbleFactory