DUA-Forensics args to Soot: -w -cp /home/hcosta/bench/benchmark/libs/droidfax.jar:/home/hcosta/Android/Sdk/platforms/android-28/android.jar -p cg verbose:false,implicit-entry:true -p cg.spark verbose:false,on-fly-cg:true,rta:false -d /home/hcosta/bench/benchmark/trace/180/1/droidbot/benign-app-66-9374A9EA721DD8C3F2C80A66D73A2BF093D126A18B4F011D10E888B5D30CBE11.apk.logcat -process-dir /home/hcosta/bench/benchmark/data/input/benign-app-66-9374A9EA721DD8C3F2C80A66D73A2BF093D126A18B4F011D10E888B5D30CBE11.apk 
Soot started on Wed Apr 20 10:32:37 CEST 2022
Warning: com.ironsource.mobilcore.BaseFlowBasedAdUnit is a phantom class!
Warning: java.lang.invoke.LambdaMetafactory is a phantom class!
Warning: java.lang.ref.Finalizer is a phantom class!
get type from 'I'
get type from 'I'
get type from 'Z'
Warning: org.apache.http.HttpEntity is a phantom class!
Warning: org.apache.http.HttpResponse is a phantom class!
Warning: org.apache.http.conn.params.ConnPerRoute is a phantom class!
Warning: org.apache.http.conn.routing.HttpRoute is a phantom class!
Warning: org.apache.http.impl.client.DefaultHttpClient is a phantom class!
Warning: org.apache.http.client.methods.HttpRequestBase is a phantom class!
Warning: org.apache.http.HttpRequest is a phantom class!
Warning: org.apache.http.Header is a phantom class!
Warning: org.apache.http.HttpResponseInterceptor is a phantom class!
Warning: org.apache.http.protocol.HttpContext is a phantom class!
Warning: org.apache.http.HttpException is a phantom class!
Warning: org.apache.http.entity.HttpEntityWrapper is a phantom class!
Warning: org.apache.http.HeaderElement is a phantom class!
Warning: org.apache.http.StatusLine is a phantom class!
Warning: org.apache.http.client.CookieStore is a phantom class!
Warning: org.apache.http.client.entity.UrlEncodedFormEntity is a phantom class!
Warning: org.apache.http.client.methods.HttpGet is a phantom class!
Warning: org.apache.http.client.methods.HttpPost is a phantom class!
Warning: org.apache.http.client.methods.HttpUriRequest is a phantom class!
Warning: org.apache.http.conn.ClientConnectionManager is a phantom class!
Warning: org.apache.http.conn.params.ConnManagerParams is a phantom class!
Warning: org.apache.http.conn.scheme.PlainSocketFactory is a phantom class!
Warning: org.apache.http.conn.scheme.Scheme is a phantom class!
Warning: org.apache.http.conn.scheme.SchemeRegistry is a phantom class!
Warning: org.apache.http.cookie.Cookie is a phantom class!
Warning: org.apache.http.entity.StringEntity is a phantom class!
Warning: org.apache.http.impl.conn.tsccm.ThreadSafeClientConnManager is a phantom class!
Warning: org.apache.http.message.BasicHeader is a phantom class!
Warning: org.apache.http.message.BasicNameValuePair is a phantom class!
Warning: org.apache.http.params.BasicHttpParams is a phantom class!
[Call Graph] For information on where the call graph may be incomplete, use the verbose option to the cg phase.
[Spark] Pointer Assignment Graph in 0.0 seconds.
[Spark] Type masks in 0.0 seconds.
[Spark] Pointer Graph simplified in 0.0 seconds.
[Spark] Propagation in 0.0 seconds.
[Spark] Solution found in 0.0 seconds.
hcai's internal transform
Running static analysis for method/class coverage characterization
0 ICC links found and 0 cg edges added due to ICC links
dynamic conflated call graph: 670 methods; 670 nodes; 939 edges.
feature-vector-key = benign-app-66-9374A9EA721DD8C3F2C80A66D73A2BF093D126A18B4F011D10E888B5D30CBE11.apk
Result for benign-app-66-9374A9EA721DD8C3F2C80A66D73A2BF093D126A18B4F011D10E888B5D30CBE11.apkde.ub0r.android.websms