DUA-Forensics args to Soot: -w -cp /home/hcosta/bench/benchmark/libs/droidfax.jar:/home/hcosta/Android/Sdk/platforms/android-28/android.jar -p cg verbose:false,implicit-entry:true -p cg.spark verbose:false,on-fly-cg:true,rta:false -d /home/hcosta/bench/benchmark/trace/180/2/droidbot/benign-app-68-9660CDF9073CB9F55E55BA0A95EAF94424431EF89A7F7251F422C010EF53A017.apk.logcat -process-dir /home/hcosta/bench/benchmark/data/input/benign-app-68-9660CDF9073CB9F55E55BA0A95EAF94424431EF89A7F7251F422C010EF53A017.apk 
Soot started on Wed Apr 20 17:12:16 CEST 2022
Warning: com.ironsource.mobilcore.BaseFlowBasedAdUnit is a phantom class!
Warning: java.lang.invoke.LambdaMetafactory is a phantom class!
Warning: java.lang.ref.Finalizer is a phantom class!
Warning: org.apache.http.client.ClientProtocolException is a phantom class!
Warning: com.clarkware.junitperf.LoadTest is a phantom class!
Warning: com.clarkware.junitperf.TimedTest is a phantom class!
Warning: com.sun.msv.datatype.DatabindableDatatype is a phantom class!
Warning: com.sun.msv.datatype.SerializationContext is a phantom class!
Warning: com.sun.msv.datatype.xsd.DatatypeFactory is a phantom class!
Warning: com.sun.msv.datatype.xsd.TypeIncubator is a phantom class!
Warning: com.sun.msv.datatype.xsd.XSDatatype is a phantom class!
Warning: com.sun.msv.datatype.xsd.XSDatatypeImpl is a phantom class!
Warning: java.beans.BeanInfo is a phantom class!
Warning: java.beans.IntrospectionException is a phantom class!
Warning: java.beans.Introspector is a phantom class!
Warning: java.beans.PropertyDescriptor is a phantom class!
Warning: javax.swing.table.AbstractTableModel is a phantom class!
Warning: javax.swing.table.TableModel is a phantom class!
Warning: javax.swing.tree.DefaultTreeModel is a phantom class!
Warning: javax.swing.tree.TreeNode is a phantom class!
Warning: javax.xml.bind.Element is a phantom class!
Warning: javax.xml.bind.JAXBContext is a phantom class!
Warning: javax.xml.bind.JAXBException is a phantom class!
Warning: javax.xml.bind.Marshaller is a phantom class!
Warning: javax.xml.bind.Unmarshaller is a phantom class!
Warning: javax.xml.stream.FactoryConfigurationError is a phantom class!
Warning: javax.xml.stream.Location is a phantom class!
Warning: javax.xml.stream.XMLEventFactory is a phantom class!
Warning: javax.xml.stream.XMLEventReader is a phantom class!
Warning: javax.xml.stream.XMLEventWriter is a phantom class!
Warning: javax.xml.stream.XMLInputFactory is a phantom class!
Warning: javax.xml.stream.XMLOutputFactory is a phantom class!
Warning: javax.xml.stream.XMLStreamException is a phantom class!
Warning: javax.xml.stream.events.Attribute is a phantom class!
Warning: javax.xml.stream.events.Characters is a phantom class!
Warning: javax.xml.stream.events.Comment is a phantom class!
Warning: javax.xml.stream.events.DTD is a phantom class!
Warning: javax.xml.stream.events.EndDocument is a phantom class!
Warning: javax.xml.stream.events.EndElement is a phantom class!
Warning: javax.xml.stream.events.EntityDeclaration is a phantom class!
Warning: javax.xml.stream.events.EntityReference is a phantom class!
Warning: javax.xml.stream.events.Namespace is a phantom class!
Warning: javax.xml.stream.events.ProcessingInstruction is a phantom class!
Warning: javax.xml.stream.events.StartDocument is a phantom class!
Warning: javax.xml.stream.events.StartElement is a phantom class!
Warning: javax.xml.stream.events.XMLEvent is a phantom class!
Warning: javax.xml.stream.util.XMLEventConsumer is a phantom class!
Warning: junit.extensions.RepeatedTest is a phantom class!
Warning: junit.framework.AssertionFailedError is a phantom class!
Warning: junit.framework.Test is a phantom class!
Warning: junit.framework.TestCase is a phantom class!
Warning: junit.framework.TestSuite is a phantom class!
Warning: junit.textui.TestRunner is a phantom class!
Warning: nu.xom.Attribute is a phantom class!
Warning: nu.xom.Builder is a phantom class!
Warning: nu.xom.Comment is a phantom class!
Warning: nu.xom.Document is a phantom class!
Warning: nu.xom.Element is a phantom class!
Warning: nu.xom.Node is a phantom class!
Warning: nu.xom.NodeFactory is a phantom class!
Warning: nu.xom.ParentNode is a phantom class!
Warning: nu.xom.ProcessingInstruction is a phantom class!
Warning: nu.xom.Text is a phantom class!
Warning: org.apache.http.HttpEntity is a phantom class!
Warning: org.apache.http.HttpResponse is a phantom class!
Warning: org.apache.http.client.methods.HttpGet is a phantom class!
Warning: org.apache.http.client.methods.HttpUriRequest is a phantom class!
Warning: org.apache.http.impl.client.DefaultHttpClient is a phantom class!
Warning: org.relaxng.datatype.ValidationContext is a phantom class!
Warning: org.gjt.xpp.XmlPullParserFactory is a phantom class!
Warning: org.gjt.xpp.XmlPullParser is a phantom class!
Warning: org.gjt.xpp.XmlPullParserException is a phantom class!
Warning: org.gjt.xpp.XmlStartTag is a phantom class!
Warning: org.gjt.xpp.XmlEndTag is a phantom class!
Warning: org.jdom.Element is a phantom class!
Warning: org.jdom.Namespace is a phantom class!
Warning: org.jdom.Attribute is a phantom class!
Warning: org.jdom.CDATA is a phantom class!
Warning: org.jdom.Comment is a phantom class!
Warning: org.jdom.Document is a phantom class!
Warning: org.jdom.Parent is a phantom class!
Warning: org.jdom.ProcessingInstruction is a phantom class!
Warning: org.jdom.Text is a phantom class!
Warning: org.jdom.input.SAXBuilder is a phantom class!
Warning: org.relaxng.datatype.DatatypeException is a phantom class!
No main class given. Inferred 'org.dom4j.xpath.MatrixConcatTest' as main class.
[Call Graph] For information on where the call graph may be incomplete, use the verbose option to the cg phase.
[Spark] Pointer Assignment Graph in 0.0 seconds.
[Spark] Type masks in 0.0 seconds.
[Spark] Pointer Graph simplified in 0.0 seconds.
[Spark] Propagation in 0.0 seconds.
[Spark] Solution found in 0.0 seconds.
hcai's internal transform
Running static analysis for security-relevant feature characterization
[GatorHierarchy] [32mVERBOSE[0m [HIER] All classes: 1824
[GatorHierarchy] [32mVERBOSE[0m [App: 566, Lib : 1173, Phantom: 85]
[GatorHierarchy] [32mVERBOSE[0m [HIER] Activities: 3, lib activities: 1
[GatorHierarchy] [32mVERBOSE[0m [HIER] App views: 2, Lib views: 19
[GatorHierarchy] [32mVERBOSE[0m [HIER] App Dialogs: 0, Lib Dialogs: 2
[TIMECOST] [32mVERBOSE[0m buildApplicationCodeMap parsing starting at 1650467537451
[TIMECOST] [32mVERBOSE[0m buildApplicationCodeMap parsing finished at 1650467540433
[Instantiated app classes] [32mVERBOSE[0m total number: 412
[WARNING] [32mVERBOSE[0m Callback method :onCreate in Class com.barbaricsaint.weathersaint.LocationActivity added
[WARNING] [32mVERBOSE[0m Callback method :onClick in Class com.barbaricsaint.weathersaint.LocationActivity added
[WARNING] [32mVERBOSE[0m Callback method :hasFeature in Class org.dom4j.dom.DOMDocumentFactory added
[WARNING] [32mVERBOSE[0m Callback method :createDocument in Class org.dom4j.dom.DOMDocumentFactory added
[WARNING] [32mVERBOSE[0m Callback method :createDocumentType in Class org.dom4j.dom.DOMDocumentFactory added
[WARNING] [32mVERBOSE[0m Callback method :warning in Class org.dom4j.util.XMLErrorHandler added
[WARNING] [32mVERBOSE[0m Callback method :error in Class org.dom4j.util.XMLErrorHandler added
[WARNING] [32mVERBOSE[0m Callback method :fatalError in Class org.dom4j.util.XMLErrorHandler added
[WARNING] [32mVERBOSE[0m Callback method :onReceive in Class com.google.ads.InstallReceiver added
[WARNING] [32mVERBOSE[0m Callback method :endDTD in Class org.dom4j.io.SAXEventRecorder added
[WARNING] [32mVERBOSE[0m Callback method :startDocument in Class org.dom4j.io.SAXEventRecorder added
[WARNING] [32mVERBOSE[0m Callback method :endDocument in Class org.dom4j.io.SAXEventRecorder added
[WARNING] [32mVERBOSE[0m Callback method :endPrefixMapping in Class org.dom4j.io.SAXEventRecorder added
[WARNING] [32mVERBOSE[0m Callback method :comment in Class org.dom4j.io.SAXEventRecorder added
[WARNING] [32mVERBOSE[0m Callback method :processingInstruction in Class org.dom4j.io.SAXEventRecorder added
[WARNING] [32mVERBOSE[0m Callback method :startCDATA in Class org.dom4j.io.SAXEventRecorder added
[WARNING] [32mVERBOSE[0m Callback method :endEntity in Class org.dom4j.io.SAXEventRecorder added
[WARNING] [32mVERBOSE[0m Callback method :endCDATA in Class org.dom4j.io.SAXEventRecorder added
[WARNING] [32mVERBOSE[0m Callback method :startDTD in Class org.dom4j.io.SAXEventRecorder added
[WARNING] [32mVERBOSE[0m Callback method :startElement in Class org.dom4j.io.SAXEventRecorder added
[WARNING] [32mVERBOSE[0m Callback method :startPrefixMapping in Class org.dom4j.io.SAXEventRecorder added
[WARNING] [32mVERBOSE[0m Callback method :attributeDecl in Class org.dom4j.io.SAXEventRecorder added
[WARNING] [32mVERBOSE[0m Callback method :startEntity in Class org.dom4j.io.SAXEventRecorder added
[WARNING] [32mVERBOSE[0m Callback method :characters in Class org.dom4j.io.SAXEventRecorder added
[WARNING] [32mVERBOSE[0m Callback method :internalEntityDecl in Class org.dom4j.io.SAXEventRecorder added
[WARNING] [32mVERBOSE[0m Callback method :endElement in Class org.dom4j.io.SAXEventRecorder added
[WARNING] [32mVERBOSE[0m Callback method :elementDecl in Class org.dom4j.io.SAXEventRecorder added
[WARNING] [32mVERBOSE[0m Callback method :externalEntityDecl in Class org.dom4j.io.SAXEventRecorder added
[WARNING] [32mVERBOSE[0m Callback method :onCreate in Class com.barbaricsaint.weathersaint.WeatherSaintActivity added
[WARNING] [32mVERBOSE[0m Callback method :onActivityResult in Class com.barbaricsaint.weathersaint.WeatherSaintActivity added
[WARNING] [32mVERBOSE[0m Callback method :onClick in Class com.barbaricsaint.weathersaint.WeatherSaintActivity added
[WARNING] [32mVERBOSE[0m Callback method :onResume in Class com.barbaricsaint.weathersaint.WeatherSaintActivity added
[WARNING] [32mVERBOSE[0m Callback method :onWindowFocusChanged in Class com.google.ads.AdActivity added
[WARNING] [32mVERBOSE[0m Callback method :onPrepared in Class com.google.ads.AdActivity added
[WARNING] [32mVERBOSE[0m Callback method :onCreate in Class com.google.ads.AdActivity added
[WARNING] [32mVERBOSE[0m Callback method :onDestroy in Class com.google.ads.AdActivity added
[WARNING] [32mVERBOSE[0m Callback method :onClick in Class com.google.ads.AdActivity added
[WARNING] [32mVERBOSE[0m Callback method :onCompletion in Class com.google.ads.AdActivity added
[WARNING] [32mVERBOSE[0m Callback method :onError in Class com.google.ads.AdActivity added
0 ICC links found and 0 cg edges added due to ICC links
dynamic conflated call graph: 389 methods; 389 nodes; 487 edges.
maxpossibleFlows=3
maxpossibleFlows=5
maxpossibleFlows=5
maxpossibleFlows=5
maxpossibleFlows=5
maxpossibleFlows=4
maxpossibleFlows=5
maxpossibleFlows=5
maxpossibleFlows=5
maxpossibleFlows=5
maxpossibleFlows=3
maxpossibleFlows=4
maxpossibleFlows=5
maxpossibleFlows=5
maxpossibleFlows=5
maxpossibleFlows=5
maxpossibleFlows=5
maxpossibleFlows=5
maxpossibleFlows=5
maxpossibleFlows=5
maxpossibleFlows=5
maxpossibleFlows=3
maxpossibleFlows=5
maxpossibleFlows=5
maxpossibleFlows=5
maxpossibleFlows=5
maxpossibleFlows=4
maxpossibleFlows=5
maxpossibleFlows=5
maxpossibleFlows=5
maxpossibleFlows=5
maxpossibleFlows=5
maxpossibleFlows=5
maxpossibleFlows=5
maxpossibleFlows=5
maxpossibleFlows=5
maxpossibleFlows=5
maxpossibleFlows=5
maxpossibleFlows=5
maxpossibleFlows=3
maxpossibleFlows=4
maxpossibleFlows=4
maxpossibleFlows=5
maxpossibleFlows=5
maxpossibleFlows=5
maxpossibleFlows=5
maxpossibleFlows=5
maxpossibleFlows=5
maxpossibleFlows=5
maxpossibleFlows=5
maxpossibleFlows=5
maxpossibleFlows=4
maxpossibleFlows=4
maxpossibleFlows=5
maxpossibleFlows=5
maxpossibleFlows=5
5 taint flow paths FOUND from <android.content.ContextWrapper: android.content.Context getApplicationContext()> to <android.view.View: void setWillNotDraw(boolean)>
maxpossibleFlows=5
maxpossibleFlows=5
maxpossibleFlows=5
maxpossibleFlows=5
maxpossibleFlows=5
maxpossibleFlows=5
maxpossibleFlows=5
maxpossibleFlows=5
maxpossibleFlows=5
maxpossibleFlows=5
maxpossibleFlows=5
maxpossibleFlows=5
maxpossibleFlows=5
maxpossibleFlows=5
maxpossibleFlows=5
maxpossibleFlows=5
maxpossibleFlows=5
maxpossibleFlows=2
maxpossibleFlows=5
maxpossibleFlows=5
maxpossibleFlows=5
maxpossibleFlows=5
maxpossibleFlows=5
maxpossibleFlows=5
maxpossibleFlows=5
maxpossibleFlows=5
maxpossibleFlows=4
maxpossibleFlows=3
maxpossibleFlows=4
maxpossibleFlows=4
maxpossibleFlows=4
maxpossibleFlows=4
maxpossibleFlows=4
maxpossibleFlows=3
maxpossibleFlows=4
maxpossibleFlows=4
maxpossibleFlows=5
maxpossibleFlows=5
maxpossibleFlows=5
maxpossibleFlows=5
maxpossibleFlows=5
maxpossibleFlows=5
maxpossibleFlows=10
10 taint flow paths FOUND from <android.view.View: android.content.Context getContext()> to <android.webkit.WebSettings: void setUserAgentString(java.lang.String)>
maxpossibleFlows=4
maxpossibleFlows=5
maxpossibleFlows=5
maxpossibleFlows=5
maxpossibleFlows=5
maxpossibleFlows=5
maxpossibleFlows=5
maxpossibleFlows=5
maxpossibleFlows=5
maxpossibleFlows=5
maxpossibleFlows=5
maxpossibleFlows=5
maxpossibleFlows=5
5 taint flow paths FOUND from <android.webkit.WebView: android.webkit.WebSettings getSettings()> to <android.view.View: void setWillNotDraw(boolean)>
maxpossibleFlows=3
maxpossibleFlows=3
maxpossibleFlows=3
maxpossibleFlows=5
maxpossibleFlows=5
maxpossibleFlows=5
maxpossibleFlows=5
maxpossibleFlows=5
maxpossibleFlows=5
maxpossibleFlows=5
maxpossibleFlows=5
maxpossibleFlows=5
maxpossibleFlows=5
maxpossibleFlows=5
maxpossibleFlows=5
maxpossibleFlows=5
maxpossibleFlows=5
maxpossibleFlows=5
maxpossibleFlows=5
maxpossibleFlows=5
maxpossibleFlows=5
maxpossibleFlows=5
maxpossibleFlows=5
maxpossibleFlows=5
maxpossibleFlows=5
maxpossibleFlows=5
maxpossibleFlows=5
maxpossibleFlows=5
maxpossibleFlows=5
maxpossibleFlows=5
maxpossibleFlows=5
maxpossibleFlows=5
maxpossibleFlows=5
5 taint flow paths FOUND from <android.content.ContextWrapper: android.content.Context getApplicationContext()> to <android.view.View: void setWillNotDraw(boolean)>
maxpossibleFlows=5
maxpossibleFlows=5
maxpossibleFlows=5
maxpossibleFlows=5
maxpossibleFlows=5
maxpossibleFlows=5
5 taint flow paths FOUND from <android.content.ContextWrapper: android.content.Context getApplicationContext()> to <android.webkit.WebSettings: void setJavaScriptEnabled(boolean)>
maxpossibleFlows=4
maxpossibleFlows=4
maxpossibleFlows=4
maxpossibleFlows=5
maxpossibleFlows=5
maxpossibleFlows=5
maxpossibleFlows=5
maxpossibleFlows=5
maxpossibleFlows=5
5 taint flow paths FOUND from <android.content.ContextWrapper: android.content.Context getApplicationContext()> to <android.webkit.WebView: void setWebViewClient(android.webkit.WebViewClient)>
maxpossibleFlows=5
maxpossibleFlows=5
maxpossibleFlows=5
maxpossibleFlows=5
maxpossibleFlows=5
maxpossibleFlows=5
5 taint flow paths FOUND from <android.content.ContextWrapper: android.content.Context getApplicationContext()> to <android.view.View: void setVisibility(int)>
maxpossibleFlows=5
maxpossibleFlows=5
maxpossibleFlows=5
maxpossibleFlows=5
maxpossibleFlows=5
maxpossibleFlows=10
10 taint flow paths FOUND from <android.content.ContextWrapper: android.content.Context getApplicationContext()> to <android.webkit.WebSettings: void setUserAgentString(java.lang.String)>
maxpossibleFlows=5
maxpossibleFlows=5
maxpossibleFlows=5
maxpossibleFlows=5
maxpossibleFlows=5
maxpossibleFlows=5
maxpossibleFlows=5
maxpossibleFlows=5
maxpossibleFlows=5
maxpossibleFlows=5
maxpossibleFlows=5
maxpossibleFlows=5
5 taint flow paths FOUND from <android.webkit.WebView: android.webkit.WebSettings getSettings()> to <android.webkit.WebView: void setScrollBarStyle(int)>
maxpossibleFlows=3
maxpossibleFlows=4
maxpossibleFlows=5
maxpossibleFlows=4
maxpossibleFlows=5
maxpossibleFlows=4
maxpossibleFlows=4
maxpossibleFlows=5
maxpossibleFlows=5
maxpossibleFlows=2
maxpossibleFlows=4
maxpossibleFlows=3
maxpossibleFlows=4
maxpossibleFlows=4
maxpossibleFlows=4
maxpossibleFlows=4
maxpossibleFlows=4
maxpossibleFlows=3
maxpossibleFlows=4
maxpossibleFlows=4
maxpossibleFlows=4
maxpossibleFlows=5
[WARNING] [32mVERBOSE[0m Callback method :<init> in Class com.google.ads.AdActivity
[WARNING] [32mVERBOSE[0m Callback method :onClick in Class com.google.ads.AdActivity
[WARNING] [32mVERBOSE[0m Callback method :onCompletion in Class com.google.ads.AdActivity
[WARNING] [32mVERBOSE[0m Callback method :onCreate in Class com.google.ads.AdActivity
[WARNING] [32mVERBOSE[0m Callback method :onDestroy in Class com.google.ads.AdActivity
[WARNING] [32mVERBOSE[0m Callback method :onError in Class com.google.ads.AdActivity
[WARNING] [32mVERBOSE[0m Callback method :onPrepared in Class com.google.ads.AdActivity
[WARNING] [32mVERBOSE[0m Callback method :onWindowFocusChanged in Class com.google.ads.AdActivity
[WARNING] [32mVERBOSE[0m Callback method :<init> in Class com.barbaricsaint.weathersaint.LocationActivity
[WARNING] [32mVERBOSE[0m Callback method :onClick in Class com.barbaricsaint.weathersaint.LocationActivity
[WARNING] [32mVERBOSE[0m Callback method :onCreate in Class com.barbaricsaint.weathersaint.LocationActivity
[WARNING] [32mVERBOSE[0m Callback method :<init> in Class com.barbaricsaint.weathersaint.WeatherSaintActivity
[WARNING] [32mVERBOSE[0m Callback method :onActivityResult in Class com.barbaricsaint.weathersaint.WeatherSaintActivity
[WARNING] [32mVERBOSE[0m Callback method :onClick in Class com.barbaricsaint.weathersaint.WeatherSaintActivity
[WARNING] [32mVERBOSE[0m Callback method :onCreate in Class com.barbaricsaint.weathersaint.WeatherSaintActivity
[WARNING] [32mVERBOSE[0m Callback method :onResume in Class com.barbaricsaint.weathersaint.WeatherSaintActivity
Result for benign-app-68-9660CDF9073CB9F55E55BA0A95EAF94424431EF89A7F7251F422C010EF53A017.apkcom.barbaricsaint.weathersaint