DUA-Forensics args to Soot: -w -cp /home/hcosta/bench/benchmark/libs/droidfax.jar:/home/hcosta/Android/Sdk/platforms/android-28/android.jar -p cg verbose:false,implicit-entry:true -p cg.spark verbose:false,on-fly-cg:true,rta:false -d /home/hcosta/bench/benchmark/trace/180/2/droidbot/malicious-app-1656-2441293F1B092BD11476566AEC678DCC8874766521F226DB5183515FA5486BE7.apk.logcat -process-dir /home/hcosta/bench/benchmark/data/input/malicious-app-1656-2441293F1B092BD11476566AEC678DCC8874766521F226DB5183515FA5486BE7.apk 
Soot started on Thu May 19 19:52:39 CEST 2022
Warning: com.ironsource.mobilcore.BaseFlowBasedAdUnit is a phantom class!
Warning: java.lang.invoke.LambdaMetafactory is a phantom class!
Warning: java.lang.ref.Finalizer is a phantom class!
get type from 'Z'
Warning: org.apache.http.Header is a phantom class!
Warning: org.apache.http.HttpEntity is a phantom class!
Warning: org.apache.http.HttpResponse is a phantom class!
Warning: org.apache.http.StatusLine is a phantom class!
Warning: org.apache.http.client.ClientProtocolException is a phantom class!
Warning: org.apache.http.client.HttpClient is a phantom class!
Warning: org.apache.http.client.methods.HttpGet is a phantom class!
Warning: org.apache.http.client.methods.HttpUriRequest is a phantom class!
Warning: org.apache.http.client.params.HttpClientParams is a phantom class!
Warning: org.apache.http.impl.client.DefaultHttpClient is a phantom class!
[Call Graph] For information on where the call graph may be incomplete, use the verbose option to the cg phase.
[Spark] Pointer Assignment Graph in 0.0 seconds.
[Spark] Type masks in 0.0 seconds.
[Spark] Pointer Graph simplified in 0.0 seconds.
[Spark] Propagation in 0.0 seconds.
[Spark] Solution found in 0.0 seconds.
hcai's internal transform
Running static analysis for method/class coverage characterization
0 ICC links found and 0 cg edges added due to ICC links
dynamic conflated call graph: 304 methods; 304 nodes; 367 edges.
feature-vector-key = malicious-app-1656-2441293F1B092BD11476566AEC678DCC8874766521F226DB5183515FA5486BE7.apk
Result for malicious-app-1656-2441293F1B092BD11476566AEC678DCC8874766521F226DB5183515FA5486BE7.apkcom.natenai.horseracing3dsy