DUA-Forensics args to Soot: -w -cp /home/hcosta/bench/benchmark/libs/droidfax.jar:/home/hcosta/Android/Sdk/platforms/android-28/android.jar -p cg verbose:false,implicit-entry:true -p cg.spark verbose:false,on-fly-cg:true,rta:false -d /home/hcosta/bench/benchmark/trace/180/6/droidbot/benign-app-75-AB2F74DCE4D133C8AB7D63DFB085E136A3EECD8BE02D037DFDA4662D43C5735C.apk.logcat -process-dir /home/hcosta/bench/benchmark/data/input/benign-app-75-AB2F74DCE4D133C8AB7D63DFB085E136A3EECD8BE02D037DFDA4662D43C5735C.apk 
Soot started on Fri Apr 22 08:53:29 CEST 2022
Warning: com.ironsource.mobilcore.BaseFlowBasedAdUnit is a phantom class!
Warning: java.lang.invoke.LambdaMetafactory is a phantom class!
Warning: java.lang.ref.Finalizer is a phantom class!
Warning: android.os.ServiceManager is a phantom class!
Warning: com.android.internal.app.IBatteryStats is a phantom class!
Warning: com.android.internal.os.BatteryStatsImpl is a phantom class!
Warning: com.android.internal.app.IBatteryStats$Stub is a phantom class!
[Call Graph] For information on where the call graph may be incomplete, use the verbose option to the cg phase.
[Spark] Pointer Assignment Graph in 0.0 seconds.
[Spark] Type masks in 0.0 seconds.
[Spark] Pointer Graph simplified in 0.0 seconds.
[Spark] Propagation in 0.0 seconds.
[Spark] Solution found in 0.0 seconds.
hcai's internal transform
Running static analysis for security-relevant feature characterization
[GatorHierarchy] [32mVERBOSE[0m [HIER] All classes: 1240
[GatorHierarchy] [32mVERBOSE[0m [App: 218, Lib : 1015, Phantom: 7]
[GatorHierarchy] [32mVERBOSE[0m [HIER] Activities: 10, lib activities: 3
[GatorHierarchy] [32mVERBOSE[0m [HIER] App views: 4, Lib views: 17
[GatorHierarchy] [32mVERBOSE[0m [HIER] App Dialogs: 0, Lib Dialogs: 4
[TIMECOST] [32mVERBOSE[0m buildApplicationCodeMap parsing starting at 1650610410294
[TIMECOST] [32mVERBOSE[0m buildApplicationCodeMap parsing finished at 1650610411824
[Instantiated app classes] [32mVERBOSE[0m total number: 154
[WARNING] [32mVERBOSE[0m Callback method :onTransact in Class com.google.android.apps.dashclock.api.a.d added
[WARNING] [32mVERBOSE[0m Callback method :onBind in Class com.google.android.apps.dashclock.api.a added
[WARNING] [32mVERBOSE[0m Callback method :onDestroy in Class com.anddoes.notifier.a added
[WARNING] [32mVERBOSE[0m Callback method :handleMessage in Class com.anddoes.notifier.a added
[WARNING] [32mVERBOSE[0m Callback method :onCreate in Class com.anddoes.notifier.a added
[WARNING] [32mVERBOSE[0m Callback method :onPostCreate in Class com.anddoes.notifier.c added
[WARNING] [32mVERBOSE[0m Callback method :onOptionsItemSelected in Class com.anddoes.notifier.c added
[WARNING] [32mVERBOSE[0m Callback method :onCheckedChanged in Class com.anddoes.notifier.c added
[WARNING] [32mVERBOSE[0m Callback method :onPause in Class com.anddoes.notifier.c added
[WARNING] [32mVERBOSE[0m Callback method :onCreate in Class com.anddoes.notifier.c added
[WARNING] [32mVERBOSE[0m Callback method :onResume in Class com.anddoes.notifier.c added
[WARNING] [32mVERBOSE[0m Callback method :generateLayoutParams in Class android.support.v4.view.ViewPager added
[WARNING] [32mVERBOSE[0m Callback method :draw in Class android.support.v4.view.ViewPager added
[WARNING] [32mVERBOSE[0m Callback method :onRestoreInstanceState in Class android.support.v4.view.ViewPager added
[WARNING] [32mVERBOSE[0m Callback method :onRequestFocusInDescendants in Class android.support.v4.view.ViewPager added
[WARNING] [32mVERBOSE[0m Callback method :generateDefaultLayoutParams in Class android.support.v4.view.ViewPager added
[WARNING] [32mVERBOSE[0m Callback method :onMeasure in Class android.support.v4.view.ViewPager added
[WARNING] [32mVERBOSE[0m Callback method :addView in Class android.support.v4.view.ViewPager added
[WARNING] [32mVERBOSE[0m Callback method :onSaveInstanceState in Class android.support.v4.view.ViewPager added
[WARNING] [32mVERBOSE[0m Callback method :onLayout in Class android.support.v4.view.ViewPager added
[WARNING] [32mVERBOSE[0m Callback method :onTouchEvent in Class android.support.v4.view.ViewPager added
[WARNING] [32mVERBOSE[0m Callback method :addTouchables in Class android.support.v4.view.ViewPager added
[WARNING] [32mVERBOSE[0m Callback method :onDetachedFromWindow in Class android.support.v4.view.ViewPager added
[WARNING] [32mVERBOSE[0m Callback method :computeScroll in Class android.support.v4.view.ViewPager added
[WARNING] [32mVERBOSE[0m Callback method :onAttachedToWindow in Class android.support.v4.view.ViewPager added
[WARNING] [32mVERBOSE[0m Callback method :onInterceptTouchEvent in Class android.support.v4.view.ViewPager added
[WARNING] [32mVERBOSE[0m Callback method :verifyDrawable in Class android.support.v4.view.ViewPager added
[WARNING] [32mVERBOSE[0m Callback method :dispatchPopulateAccessibilityEvent in Class android.support.v4.view.ViewPager added
[WARNING] [32mVERBOSE[0m Callback method :onSizeChanged in Class android.support.v4.view.ViewPager added
[WARNING] [32mVERBOSE[0m Callback method :dispatchKeyEvent in Class android.support.v4.view.ViewPager added
[WARNING] [32mVERBOSE[0m Callback method :addFocusables in Class android.support.v4.view.ViewPager added
[WARNING] [32mVERBOSE[0m Callback method :removeView in Class android.support.v4.view.ViewPager added
[WARNING] [32mVERBOSE[0m Callback method :onDraw in Class android.support.v4.view.ViewPager added
[WARNING] [32mVERBOSE[0m Callback method :generateLayoutParams in Class android.support.v4.view.ViewPager added
[WARNING] [32mVERBOSE[0m Callback method :drawableStateChanged in Class android.support.v4.view.ViewPager added
[WARNING] [32mVERBOSE[0m Callback method :getChildDrawingOrder in Class android.support.v4.view.ViewPager added
[WARNING] [32mVERBOSE[0m Callback method :checkLayoutParams in Class android.support.v4.view.ViewPager added
[WARNING] [32mVERBOSE[0m Callback method :onCreate in Class com.anddoes.notifier.BackupAgent added
[WARNING] [32mVERBOSE[0m Callback method :onBind in Class com.anddoes.notifier.NotificationService added
[WARNING] [32mVERBOSE[0m Callback method :onDestroy in Class com.anddoes.notifier.NotificationService added
[WARNING] [32mVERBOSE[0m Callback method :handleMessage in Class com.anddoes.notifier.NotificationService added
[WARNING] [32mVERBOSE[0m Callback method :onCreate in Class com.anddoes.notifier.NotificationService added
[WARNING] [32mVERBOSE[0m Callback method :onCheckedChanged in Class com.anddoes.notifier.ah added
[WARNING] [32mVERBOSE[0m Callback method :onAttach in Class com.anddoes.notifier.ah added
[WARNING] [32mVERBOSE[0m Callback method :onCreate in Class com.anddoes.notifier.ah added
[WARNING] [32mVERBOSE[0m Callback method :onPreferenceChange in Class com.anddoes.notifier.ah added
[WARNING] [32mVERBOSE[0m Callback method :onDetach in Class com.anddoes.notifier.ah added
[WARNING] [32mVERBOSE[0m Callback method :onResume in Class com.anddoes.notifier.ah added
[WARNING] [32mVERBOSE[0m Callback method :onPause in Class com.anddoes.notifier.ah added
[WARNING] [32mVERBOSE[0m Callback method :onTransact in Class com.anddoes.notifier.api.a.b added
[WARNING] [32mVERBOSE[0m Callback method :asBinder in Class com.anddoes.notifier.api.a.b added
[WARNING] [32mVERBOSE[0m Callback method :onTransact in Class com.anddoes.notifier.api.a.d added
[WARNING] [32mVERBOSE[0m Callback method :onPostCreate in Class com.anddoes.notifier.c added
[WARNING] [32mVERBOSE[0m Callback method :onPreferenceChange in Class com.anddoes.notifier.K9MailSettingsActivity added
[WARNING] [32mVERBOSE[0m Callback method :onOptionsItemSelected in Class com.anddoes.notifier.c added
[WARNING] [32mVERBOSE[0m Callback method :onCheckedChanged in Class com.anddoes.notifier.K9MailSettingsActivity added
[WARNING] [32mVERBOSE[0m Callback method :onPause in Class com.anddoes.notifier.K9MailSettingsActivity added
[WARNING] [32mVERBOSE[0m Callback method :onCreate in Class com.anddoes.notifier.K9MailSettingsActivity added
[WARNING] [32mVERBOSE[0m Callback method :onResume in Class com.anddoes.notifier.K9MailSettingsActivity added
[WARNING] [32mVERBOSE[0m Callback method :onPostCreate in Class com.anddoes.notifier.c added
[WARNING] [32mVERBOSE[0m Callback method :onOptionsItemSelected in Class com.anddoes.notifier.c added
[WARNING] [32mVERBOSE[0m Callback method :onCheckedChanged in Class com.anddoes.notifier.CalendarSettingsActivity added
[WARNING] [32mVERBOSE[0m Callback method :onPause in Class com.anddoes.notifier.c added
[WARNING] [32mVERBOSE[0m Callback method :onCreate in Class com.anddoes.notifier.CalendarSettingsActivity added
[WARNING] [32mVERBOSE[0m Callback method :onResume in Class com.anddoes.notifier.CalendarSettingsActivity added
[WARNING] [32mVERBOSE[0m Callback method :onPostCreate in Class com.anddoes.notifier.c added
[WARNING] [32mVERBOSE[0m Callback method :onPreferenceChange in Class com.anddoes.notifier.K9MailSettingsActivity added
[WARNING] [32mVERBOSE[0m Callback method :onOptionsItemSelected in Class com.anddoes.notifier.c added
[WARNING] [32mVERBOSE[0m Callback method :onCheckedChanged in Class com.anddoes.notifier.K9MailSettingsActivity added
[WARNING] [32mVERBOSE[0m Callback method :onPause in Class com.anddoes.notifier.K9MailSettingsActivity added
[WARNING] [32mVERBOSE[0m Callback method :onCreate in Class com.anddoes.notifier.K9MailSettingsActivity added
[WARNING] [32mVERBOSE[0m Callback method :onResume in Class com.anddoes.notifier.K9MailSettingsActivity added
[WARNING] [32mVERBOSE[0m Callback method :onBind in Class com.google.android.apps.dashclock.api.a added
[WARNING] [32mVERBOSE[0m Callback method :onDestroy in Class com.google.android.apps.dashclock.api.a added
[WARNING] [32mVERBOSE[0m Callback method :onCreate in Class com.google.android.apps.dashclock.api.a added
[WARNING] [32mVERBOSE[0m Callback method :onKeyDown in Class android.support.v4.app.g added
[WARNING] [32mVERBOSE[0m Callback method :onPanelClosed in Class android.support.v4.app.g added
[WARNING] [32mVERBOSE[0m Callback method :onConfigurationChanged in Class android.support.v4.app.g added
[WARNING] [32mVERBOSE[0m Callback method :onMenuItemSelected in Class android.support.v4.app.g added
[WARNING] [32mVERBOSE[0m Callback method :onBackPressed in Class android.support.v4.app.g added
[WARNING] [32mVERBOSE[0m Callback method :onRetainNonConfigurationInstance in Class android.support.v4.app.g added
[WARNING] [32mVERBOSE[0m Callback method :onNewIntent in Class android.support.v4.app.g added
[WARNING] [32mVERBOSE[0m Callback method :onPause in Class android.support.v4.app.g added
[WARNING] [32mVERBOSE[0m Callback method :onStop in Class android.support.v4.app.g added
[WARNING] [32mVERBOSE[0m Callback method :onCreatePanelMenu in Class android.support.v4.app.g added
[WARNING] [32mVERBOSE[0m Callback method :dump in Class android.support.v4.app.g added
[WARNING] [32mVERBOSE[0m Callback method :onCreate in Class android.support.v4.app.g added
[WARNING] [32mVERBOSE[0m Callback method :onCreateView in Class android.support.v4.app.g added
[WARNING] [32mVERBOSE[0m Callback method :onDestroy in Class android.support.v4.app.g added
[WARNING] [32mVERBOSE[0m Callback method :onPreparePanel in Class android.support.v4.app.g added
[WARNING] [32mVERBOSE[0m Callback method :onStart in Class android.support.v4.app.g added
[WARNING] [32mVERBOSE[0m Callback method :onSaveInstanceState in Class android.support.v4.app.g added
[WARNING] [32mVERBOSE[0m Callback method :startActivityForResult in Class android.support.v4.app.g added
[WARNING] [32mVERBOSE[0m Callback method :onActivityResult in Class android.support.v4.app.g added
[WARNING] [32mVERBOSE[0m Callback method :onPostResume in Class android.support.v4.app.g added
[WARNING] [32mVERBOSE[0m Callback method :onResume in Class android.support.v4.app.g added
[WARNING] [32mVERBOSE[0m Callback method :onLowMemory in Class android.support.v4.app.g added
[WARNING] [32mVERBOSE[0m Callback method :onTransact in Class com.google.android.apps.dashclock.api.a.b added
[WARNING] [32mVERBOSE[0m Callback method :asBinder in Class com.google.android.apps.dashclock.api.a.b added
[WARNING] [32mVERBOSE[0m Callback method :onPrepareDialogBuilder in Class com.anddoes.notifier.CalendarSelectionPreference added
[WARNING] [32mVERBOSE[0m Callback method :onGetDefaultValue in Class com.anddoes.notifier.CalendarSelectionPreference added
[WARNING] [32mVERBOSE[0m Callback method :onPreferenceChange in Class com.anddoes.notifier.SettingsActivity added
[WARNING] [32mVERBOSE[0m Callback method :onSaveInstanceState in Class com.anddoes.notifier.SettingsActivity added
[WARNING] [32mVERBOSE[0m Callback method :onOptionsItemSelected in Class com.anddoes.notifier.SettingsActivity added
[WARNING] [32mVERBOSE[0m Callback method :onPause in Class com.anddoes.notifier.SettingsActivity added
[WARNING] [32mVERBOSE[0m Callback method :onCreate in Class com.anddoes.notifier.SettingsActivity added
[WARNING] [32mVERBOSE[0m Callback method :onPreferenceClick in Class com.anddoes.notifier.SettingsActivity added
[WARNING] [32mVERBOSE[0m Callback method :onCreateOptionsMenu in Class com.anddoes.notifier.SettingsActivity added
[WARNING] [32mVERBOSE[0m Callback method :onActivityResult in Class com.anddoes.notifier.SettingsActivity added
[WARNING] [32mVERBOSE[0m Callback method :onResume in Class com.anddoes.notifier.SettingsActivity added
[WARNING] [32mVERBOSE[0m Callback method :setOnPreferenceClickListener in Class com.anddoes.notifier.MySwitchPreference added
[WARNING] [32mVERBOSE[0m Callback method :onClick in Class com.anddoes.notifier.MySwitchPreference added
[WARNING] [32mVERBOSE[0m Callback method :onBindView in Class com.anddoes.notifier.MySwitchPreference added
[WARNING] [32mVERBOSE[0m Callback method :setOnPreferenceChangeListener in Class com.anddoes.notifier.MySwitchPreference added
[WARNING] [32mVERBOSE[0m Callback method :onCreate in Class com.anddoes.notifier.NotifierApplication added
[WARNING] [32mVERBOSE[0m Callback method :onPostCreate in Class com.anddoes.notifier.c added
[WARNING] [32mVERBOSE[0m Callback method :onPreferenceChange in Class com.anddoes.notifier.K9MailSettingsActivity added
[WARNING] [32mVERBOSE[0m Callback method :onOptionsItemSelected in Class com.anddoes.notifier.c added
[WARNING] [32mVERBOSE[0m Callback method :onCheckedChanged in Class com.anddoes.notifier.K9MailSettingsActivity added
[WARNING] [32mVERBOSE[0m Callback method :onPause in Class com.anddoes.notifier.K9MailSettingsActivity added
[WARNING] [32mVERBOSE[0m Callback method :onCreate in Class com.anddoes.notifier.K9MailSettingsActivity added
[WARNING] [32mVERBOSE[0m Callback method :onResume in Class com.anddoes.notifier.K9MailSettingsActivity added
[WARNING] [32mVERBOSE[0m Callback method :onBind in Class com.google.android.apps.dashclock.api.a added
[WARNING] [32mVERBOSE[0m Callback method :onDestroy in Class com.anddoes.notifier.a added
[WARNING] [32mVERBOSE[0m Callback method :handleMessage in Class com.anddoes.notifier.a added
[WARNING] [32mVERBOSE[0m Callback method :onCreate in Class com.anddoes.notifier.a added
[WARNING] [32mVERBOSE[0m Callback method :onRestoreInstanceState in Class android.support.v4.app.FragmentTabHost added
[WARNING] [32mVERBOSE[0m Callback method :onTabChanged in Class android.support.v4.app.FragmentTabHost added
[WARNING] [32mVERBOSE[0m Callback method :setOnTabChangedListener in Class android.support.v4.app.FragmentTabHost added
[WARNING] [32mVERBOSE[0m Callback method :onSaveInstanceState in Class android.support.v4.app.FragmentTabHost added
[WARNING] [32mVERBOSE[0m Callback method :onDetachedFromWindow in Class android.support.v4.app.FragmentTabHost added
[WARNING] [32mVERBOSE[0m Callback method :onAttachedToWindow in Class android.support.v4.app.FragmentTabHost added
[WARNING] [32mVERBOSE[0m Callback method :setup in Class android.support.v4.app.FragmentTabHost added
[WARNING] [32mVERBOSE[0m Callback method :onLowMemory in Class android.support.v4.app.Fragment added
[WARNING] [32mVERBOSE[0m Callback method :onCreateContextMenu in Class android.support.v4.app.Fragment added
[WARNING] [32mVERBOSE[0m Callback method :onConfigurationChanged in Class android.support.v4.app.Fragment added
[WARNING] [32mVERBOSE[0m Callback method :onPostCreate in Class com.anddoes.notifier.c added
[WARNING] [32mVERBOSE[0m Callback method :onPreferenceChange in Class com.anddoes.notifier.GTalkSettingsActivity added
[WARNING] [32mVERBOSE[0m Callback method :onOptionsItemSelected in Class com.anddoes.notifier.c added
[WARNING] [32mVERBOSE[0m Callback method :onCheckedChanged in Class com.anddoes.notifier.GTalkSettingsActivity added
[WARNING] [32mVERBOSE[0m Callback method :onPause in Class com.anddoes.notifier.GTalkSettingsActivity added
[WARNING] [32mVERBOSE[0m Callback method :onCreate in Class com.anddoes.notifier.GTalkSettingsActivity added
[WARNING] [32mVERBOSE[0m Callback method :onResume in Class com.anddoes.notifier.GTalkSettingsActivity added
[WARNING] [32mVERBOSE[0m Callback method :onBind in Class com.google.android.apps.dashclock.api.a added
[WARNING] [32mVERBOSE[0m Callback method :onDestroy in Class com.anddoes.notifier.a added
[WARNING] [32mVERBOSE[0m Callback method :handleMessage in Class com.anddoes.notifier.a added
[WARNING] [32mVERBOSE[0m Callback method :onCreate in Class com.anddoes.notifier.a added
[WARNING] [32mVERBOSE[0m Callback method :onPostCreate in Class com.anddoes.notifier.c added
[WARNING] [32mVERBOSE[0m Callback method :onOptionsItemSelected in Class com.anddoes.notifier.c added
[WARNING] [32mVERBOSE[0m Callback method :onCheckedChanged in Class com.anddoes.notifier.BatterySettingsActivity added
[WARNING] [32mVERBOSE[0m Callback method :onPause in Class com.anddoes.notifier.c added
[WARNING] [32mVERBOSE[0m Callback method :onCreate in Class com.anddoes.notifier.BatterySettingsActivity added
[WARNING] [32mVERBOSE[0m Callback method :onResume in Class com.anddoes.notifier.BatterySettingsActivity added
[WARNING] [32mVERBOSE[0m Callback method :onBindDialogView in Class com.anddoes.notifier.NumberPickerPreference added
[WARNING] [32mVERBOSE[0m Callback method :onDialogClosed in Class com.anddoes.notifier.NumberPickerPreference added
[WARNING] [32mVERBOSE[0m Callback method :onSetInitialValue in Class com.anddoes.notifier.NumberPickerPreference added
[WARNING] [32mVERBOSE[0m Callback method :onBind in Class com.google.android.apps.dashclock.api.a added
[WARNING] [32mVERBOSE[0m Callback method :onDestroy in Class com.anddoes.notifier.a added
[WARNING] [32mVERBOSE[0m Callback method :handleMessage in Class com.anddoes.notifier.a added
[WARNING] [32mVERBOSE[0m Callback method :onCreate in Class com.anddoes.notifier.a added
[WARNING] [32mVERBOSE[0m Callback method :setListAdapter in Class com.anddoes.notifier.GmailSettingsActivity added
[WARNING] [32mVERBOSE[0m Callback method :onPostCreate in Class com.anddoes.notifier.c added
[WARNING] [32mVERBOSE[0m Callback method :onAttachFragment in Class com.anddoes.notifier.GmailSettingsActivity added
[WARNING] [32mVERBOSE[0m Callback method :onHeaderClick in Class com.anddoes.notifier.GmailSettingsActivity added
[WARNING] [32mVERBOSE[0m Callback method :onOptionsItemSelected in Class com.anddoes.notifier.c added
[WARNING] [32mVERBOSE[0m Callback method :onCheckedChanged in Class com.anddoes.notifier.GmailSettingsActivity added
[WARNING] [32mVERBOSE[0m Callback method :onPause in Class com.anddoes.notifier.c added
[WARNING] [32mVERBOSE[0m Callback method :onBuildHeaders in Class com.anddoes.notifier.GmailSettingsActivity added
[WARNING] [32mVERBOSE[0m Callback method :onGetNewHeader in Class com.anddoes.notifier.GmailSettingsActivity added
[WARNING] [32mVERBOSE[0m Callback method :onCreate in Class com.anddoes.notifier.GmailSettingsActivity added
[WARNING] [32mVERBOSE[0m Callback method :onResume in Class com.anddoes.notifier.GmailSettingsActivity added
0 ICC links found and 0 cg edges added due to ICC links
dynamic conflated call graph: 190 methods; 190 nodes; 277 edges.
maxpossibleFlows=9
9 taint flow paths FOUND from <android.preference.ListPreference: java.lang.CharSequence getEntry()> to <android.preference.ListPreference: void setSummary(java.lang.CharSequence)>
maxpossibleFlows=2
2 taint flow paths FOUND from <android.app.Fragment: java.lang.String getString(int)> to <android.widget.TextView: void setText(java.lang.CharSequence)>
maxpossibleFlows=3
3 taint flow paths FOUND from <android.view.ContextThemeWrapper: android.content.res.Resources getResources()> to <android.preference.ListPreference: void setSummary(java.lang.CharSequence)>
maxpossibleFlows=3
3 taint flow paths FOUND from <android.content.res.Resources: java.lang.String getQuantityString(int,int,java.lang.Object[])> to <android.preference.ListPreference: void setSummary(java.lang.CharSequence)>
maxpossibleFlows=3
maxpossibleFlows=1
maxpossibleFlows=1
maxpossibleFlows=3
maxpossibleFlows=3
maxpossibleFlows=2
maxpossibleFlows=3
maxpossibleFlows=3
maxpossibleFlows=3
maxpossibleFlows=3
maxpossibleFlows=3
maxpossibleFlows=3
maxpossibleFlows=1
1 taint flow paths FOUND from <android.app.Fragment: android.os.Bundle getArguments()> to <android.app.AlertDialog$Builder: android.app.AlertDialog$Builder setPositiveButton(int,android.content.DialogInterface$OnClickListener)>
maxpossibleFlows=1
1 taint flow paths FOUND from <android.view.LayoutInflater: android.view.View inflate(int,android.view.ViewGroup)> to <android.widget.TextView: void setText(java.lang.CharSequence)>
maxpossibleFlows=1
1 taint flow paths FOUND from <android.app.Activity: android.view.LayoutInflater getLayoutInflater()> to <android.widget.TextView: void setText(java.lang.CharSequence)>
maxpossibleFlows=2
2 taint flow paths FOUND from <android.preference.Preference: java.lang.String getKey()> to <android.app.Activity: void startActivity(android.content.Intent)>
maxpossibleFlows=2
1 taint flow paths FOUND from <android.app.Fragment: android.app.Activity getActivity()> to <android.widget.TextView: void setText(java.lang.CharSequence)>
maxpossibleFlows=3
3 taint flow paths FOUND from <android.content.Context: java.lang.String getString(int)> to <android.widget.TextView: void setEnabled(boolean)>
maxpossibleFlows=1
maxpossibleFlows=1
maxpossibleFlows=3
maxpossibleFlows=3
3 taint flow paths FOUND from <android.content.Context: java.lang.String getString(int,java.lang.Object[])> to <android.widget.TextView: void setEnabled(boolean)>
maxpossibleFlows=1
maxpossibleFlows=1
maxpossibleFlows=1
maxpossibleFlows=1
maxpossibleFlows=2
2 taint flow paths FOUND from <android.app.Fragment: java.lang.String getString(int)> to <android.widget.TextView: void setText(java.lang.CharSequence)>
maxpossibleFlows=1
1 taint flow paths FOUND from <android.app.Fragment: java.lang.String getString(int)> to <android.app.AlertDialog$Builder: android.app.AlertDialog$Builder setPositiveButton(int,android.content.DialogInterface$OnClickListener)>
maxpossibleFlows=3
maxpossibleFlows=2
maxpossibleFlows=3
3 taint flow paths FOUND from <android.content.Context: java.lang.String getString(int)> to <android.widget.TextView: void setEnabled(boolean)>
maxpossibleFlows=9
9 taint flow paths FOUND from <android.preference.ListPreference: java.lang.CharSequence getEntry()> to <android.preference.ListPreference: void setSummary(java.lang.CharSequence)>
maxpossibleFlows=3
maxpossibleFlows=3
maxpossibleFlows=3
maxpossibleFlows=1
maxpossibleFlows=3
maxpossibleFlows=3
maxpossibleFlows=3
maxpossibleFlows=3
maxpossibleFlows=3
3 taint flow paths FOUND from <android.content.Context: java.lang.String getString(int)> to <android.preference.Preference: void setSummary(int)>
maxpossibleFlows=2
2 taint flow paths FOUND from <android.preference.Preference: java.lang.String getKey()> to <android.app.Activity: void startActivity(android.content.Intent)>
maxpossibleFlows=3
3 taint flow paths FOUND from <android.app.Fragment: android.os.Bundle getArguments()> to <android.app.AlertDialog$Builder: android.app.AlertDialog$Builder setNegativeButton(int,android.content.DialogInterface$OnClickListener)>
[WARNING] [32mVERBOSE[0m Callback method :<init> in Class android.support.v4.app.Fragment
[WARNING] [32mVERBOSE[0m Callback method :onConfigurationChanged in Class android.support.v4.app.Fragment
[WARNING] [32mVERBOSE[0m Callback method :onCreateContextMenu in Class android.support.v4.app.Fragment
[WARNING] [32mVERBOSE[0m Callback method :onLowMemory in Class android.support.v4.app.Fragment
[WARNING] [32mVERBOSE[0m Callback method :onAttachedToWindow in Class android.support.v4.app.FragmentTabHost
[WARNING] [32mVERBOSE[0m Callback method :onDetachedFromWindow in Class android.support.v4.app.FragmentTabHost
[WARNING] [32mVERBOSE[0m Callback method :onRestoreInstanceState in Class android.support.v4.app.FragmentTabHost
[WARNING] [32mVERBOSE[0m Callback method :onSaveInstanceState in Class android.support.v4.app.FragmentTabHost
[WARNING] [32mVERBOSE[0m Callback method :onTabChanged in Class android.support.v4.app.FragmentTabHost
[WARNING] [32mVERBOSE[0m Callback method :setOnTabChangedListener in Class android.support.v4.app.FragmentTabHost
[WARNING] [32mVERBOSE[0m Callback method :setup in Class android.support.v4.app.FragmentTabHost
[WARNING] [32mVERBOSE[0m Hierarchy.virtualDispatch called with non-concrete receiver class: com.anddoes.notifier.c, subsig: void <init>()
[WARNING] [32mVERBOSE[0m Callback method :<init> in Class com.anddoes.notifier.c
[WARNING] [32mVERBOSE[0m Hierarchy.virtualDispatch called with non-concrete receiver class: com.anddoes.notifier.c, subsig: void onCheckedChanged(android.widget.CompoundButton,boolean)
[WARNING] [32mVERBOSE[0m Callback method :onCheckedChanged in Class com.anddoes.notifier.c
[WARNING] [32mVERBOSE[0m Hierarchy.virtualDispatch called with non-concrete receiver class: com.anddoes.notifier.c, subsig: void onCreate(android.os.Bundle)
[WARNING] [32mVERBOSE[0m Callback method :onCreate in Class com.anddoes.notifier.c
[WARNING] [32mVERBOSE[0m Hierarchy.virtualDispatch called with non-concrete receiver class: com.anddoes.notifier.c, subsig: boolean onOptionsItemSelected(android.view.MenuItem)
[WARNING] [32mVERBOSE[0m Callback method :onOptionsItemSelected in Class com.anddoes.notifier.c
[WARNING] [32mVERBOSE[0m Hierarchy.virtualDispatch called with non-concrete receiver class: com.anddoes.notifier.c, subsig: void onPause()
[WARNING] [32mVERBOSE[0m Callback method :onPause in Class com.anddoes.notifier.c
[WARNING] [32mVERBOSE[0m Hierarchy.virtualDispatch called with non-concrete receiver class: com.anddoes.notifier.c, subsig: void onPostCreate(android.os.Bundle)
[WARNING] [32mVERBOSE[0m Callback method :onPostCreate in Class com.anddoes.notifier.c
[WARNING] [32mVERBOSE[0m Hierarchy.virtualDispatch called with non-concrete receiver class: com.anddoes.notifier.c, subsig: void onResume()
[WARNING] [32mVERBOSE[0m Callback method :onResume in Class com.anddoes.notifier.c
[WARNING] [32mVERBOSE[0m Callback method :<init> in Class com.anddoes.notifier.GTalkSettingsActivity
[WARNING] [32mVERBOSE[0m Callback method :onCheckedChanged in Class com.anddoes.notifier.GTalkSettingsActivity
[WARNING] [32mVERBOSE[0m Callback method :onCreate in Class com.anddoes.notifier.GTalkSettingsActivity
[WARNING] [32mVERBOSE[0m Callback method :onPause in Class com.anddoes.notifier.GTalkSettingsActivity
[WARNING] [32mVERBOSE[0m Callback method :onPreferenceChange in Class com.anddoes.notifier.GTalkSettingsActivity
[WARNING] [32mVERBOSE[0m Callback method :onResume in Class com.anddoes.notifier.GTalkSettingsActivity
[WARNING] [32mVERBOSE[0m Callback method :<init> in Class com.anddoes.notifier.K9MailSettingsActivity
[WARNING] [32mVERBOSE[0m Callback method :onCheckedChanged in Class com.anddoes.notifier.K9MailSettingsActivity
[WARNING] [32mVERBOSE[0m Callback method :onCreate in Class com.anddoes.notifier.K9MailSettingsActivity
[WARNING] [32mVERBOSE[0m Callback method :onPause in Class com.anddoes.notifier.K9MailSettingsActivity
[WARNING] [32mVERBOSE[0m Callback method :onPreferenceChange in Class com.anddoes.notifier.K9MailSettingsActivity
[WARNING] [32mVERBOSE[0m Callback method :onResume in Class com.anddoes.notifier.K9MailSettingsActivity
[WARNING] [32mVERBOSE[0m Callback method :<init> in Class com.anddoes.notifier.SettingsActivity
[WARNING] [32mVERBOSE[0m Callback method :onActivityResult in Class com.anddoes.notifier.SettingsActivity
[WARNING] [32mVERBOSE[0m Callback method :onCreate in Class com.anddoes.notifier.SettingsActivity
[WARNING] [32mVERBOSE[0m Callback method :onCreateOptionsMenu in Class com.anddoes.notifier.SettingsActivity
[WARNING] [32mVERBOSE[0m Callback method :onOptionsItemSelected in Class com.anddoes.notifier.SettingsActivity
[WARNING] [32mVERBOSE[0m Callback method :onPause in Class com.anddoes.notifier.SettingsActivity
[WARNING] [32mVERBOSE[0m Callback method :onPreferenceChange in Class com.anddoes.notifier.SettingsActivity
[WARNING] [32mVERBOSE[0m Callback method :onPreferenceClick in Class com.anddoes.notifier.SettingsActivity
[WARNING] [32mVERBOSE[0m Callback method :onResume in Class com.anddoes.notifier.SettingsActivity
[WARNING] [32mVERBOSE[0m Callback method :onSaveInstanceState in Class com.anddoes.notifier.SettingsActivity
[WARNING] [32mVERBOSE[0m Callback method :<init> in Class com.anddoes.notifier.ah
[WARNING] [32mVERBOSE[0m Callback method :onAttach in Class com.anddoes.notifier.ah
[WARNING] [32mVERBOSE[0m Callback method :onCheckedChanged in Class com.anddoes.notifier.ah
[WARNING] [32mVERBOSE[0m Callback method :onCreate in Class com.anddoes.notifier.ah
[WARNING] [32mVERBOSE[0m Callback method :onDetach in Class com.anddoes.notifier.ah
[WARNING] [32mVERBOSE[0m Callback method :onPause in Class com.anddoes.notifier.ah
[WARNING] [32mVERBOSE[0m Callback method :onPreferenceChange in Class com.anddoes.notifier.ah
[WARNING] [32mVERBOSE[0m Callback method :onResume in Class com.anddoes.notifier.ah
Result for benign-app-75-AB2F74DCE4D133C8AB7D63DFB085E136A3EECD8BE02D037DFDA4662D43C5735C.apkcom.anddoes.notifier