DUA-Forensics args to Soot: -w -cp /home/hcosta/bench/benchmark/libs/droidfax.jar:/home/hcosta/Android/Sdk/platforms/android-28/android.jar -p cg verbose:false,implicit-entry:true -p cg.spark verbose:false,on-fly-cg:true,rta:false -d /home/hcosta/bench/benchmark/trace/180/4/droidbot/benign-app-45-6B619169A296ED3F388AB1FE0196B40922AE7101A7933B6CECB74949ECBDD6CB.apk.logcat -process-dir /home/hcosta/bench/benchmark/data/input/benign-app-45-6B619169A296ED3F388AB1FE0196B40922AE7101A7933B6CECB74949ECBDD6CB.apk 
Soot started on Thu Apr 21 05:58:58 CEST 2022
Warning: com.ironsource.mobilcore.BaseFlowBasedAdUnit is a phantom class!
Warning: java.lang.invoke.LambdaMetafactory is a phantom class!
Warning: java.lang.ref.Finalizer is a phantom class!
Warning: org.apache.http.HttpHost is a phantom class!
Warning: org.apache.http.impl.DefaultHttpClientConnection is a phantom class!
Warning: org.apache.http.HttpRequest is a phantom class!
Warning: org.apache.http.HttpException is a phantom class!
Warning: org.apache.http.ParseException is a phantom class!
Warning: org.apache.http.Header is a phantom class!
Warning: org.apache.http.HttpConnectionMetrics is a phantom class!
Warning: org.apache.http.HttpEntity is a phantom class!
Warning: org.apache.http.HttpResponse is a phantom class!
Warning: org.apache.http.HttpVersion is a phantom class!
Warning: org.apache.http.ProtocolVersion is a phantom class!
Warning: org.apache.http.StatusLine is a phantom class!
Warning: org.apache.http.client.HttpClient is a phantom class!
Warning: org.apache.http.client.methods.HttpPost is a phantom class!
Warning: org.apache.http.client.methods.HttpUriRequest is a phantom class!
Warning: org.apache.http.conn.scheme.PlainSocketFactory is a phantom class!
Warning: org.apache.http.entity.ByteArrayEntity is a phantom class!
Warning: org.apache.http.impl.client.DefaultHttpClient is a phantom class!
Warning: org.apache.http.message.BasicHttpRequest is a phantom class!
Warning: org.apache.http.params.BasicHttpParams is a phantom class!
[Call Graph] For information on where the call graph may be incomplete, use the verbose option to the cg phase.
[Spark] Pointer Assignment Graph in 0.0 seconds.
[Spark] Type masks in 0.0 seconds.
[Spark] Pointer Graph simplified in 0.0 seconds.
[Spark] Propagation in 0.0 seconds.
[Spark] Solution found in 0.0 seconds.
hcai's internal transform
Running static analysis for security-relevant feature characterization
[GatorHierarchy] [32mVERBOSE[0m [HIER] All classes: 1158
[GatorHierarchy] [32mVERBOSE[0m [App: 112, Lib : 1023, Phantom: 23]
[GatorHierarchy] [32mVERBOSE[0m [HIER] Activities: 1, lib activities: 1
[GatorHierarchy] [32mVERBOSE[0m [HIER] App views: 5, Lib views: 15
[GatorHierarchy] [32mVERBOSE[0m [HIER] App Dialogs: 0, Lib Dialogs: 3
[TIMECOST] [32mVERBOSE[0m buildApplicationCodeMap parsing starting at 1650513539329
[TIMECOST] [32mVERBOSE[0m buildApplicationCodeMap parsing finished at 1650513540571
[Instantiated app classes] [32mVERBOSE[0m total number: 161
[WARNING] [32mVERBOSE[0m Callback method :onWindowFocusChanged in Class com.workpail.basketballthrow.BasketballView added
[WARNING] [32mVERBOSE[0m Callback method :surfaceCreated in Class com.workpail.basketballthrow.BasketballView added
[WARNING] [32mVERBOSE[0m Callback method :onKeyDown in Class com.workpail.basketballthrow.BasketballView added
[WARNING] [32mVERBOSE[0m Callback method :surfaceDestroyed in Class com.workpail.basketballthrow.BasketballView added
[WARNING] [32mVERBOSE[0m Callback method :surfaceChanged in Class com.workpail.basketballthrow.BasketballView added
[WARNING] [32mVERBOSE[0m Callback method :onKeyUp in Class com.workpail.basketballthrow.BasketballView added
[WARNING] [32mVERBOSE[0m Callback method :onPause in Class com.workpail.basketballthrow.Basketball added
[WARNING] [32mVERBOSE[0m Callback method :onStop in Class com.workpail.basketballthrow.Basketball added
[WARNING] [32mVERBOSE[0m Callback method :onCreate in Class com.workpail.basketballthrow.Basketball added
[WARNING] [32mVERBOSE[0m Callback method :onCreateOptionsMenu in Class com.workpail.basketballthrow.Basketball added
[WARNING] [32mVERBOSE[0m Callback method :onDestroy in Class com.workpail.basketballthrow.Basketball added
[WARNING] [32mVERBOSE[0m Callback method :onStart in Class com.workpail.basketballthrow.Basketball added
[WARNING] [32mVERBOSE[0m Callback method :onSaveInstanceState in Class com.workpail.basketballthrow.Basketball added
[WARNING] [32mVERBOSE[0m Callback method :onOptionsItemSelected in Class com.workpail.basketballthrow.Basketball added
[WARNING] [32mVERBOSE[0m Callback method :onReceive in Class com.admob.android.ads.analytics.InstallReceiver added
[WARNING] [32mVERBOSE[0m Callback method :onWindowFocusChanged in Class com.admob.android.ads.AdView added
[WARNING] [32mVERBOSE[0m Callback method :onMeasure in Class com.admob.android.ads.AdView added
[WARNING] [32mVERBOSE[0m Callback method :setEnabled in Class com.admob.android.ads.AdView added
[WARNING] [32mVERBOSE[0m Callback method :setBackgroundColor in Class com.admob.android.ads.AdView added
[WARNING] [32mVERBOSE[0m Callback method :onDetachedFromWindow in Class com.admob.android.ads.AdView added
[WARNING] [32mVERBOSE[0m Callback method :onAttachedToWindow in Class com.admob.android.ads.AdView added
[WARNING] [32mVERBOSE[0m Callback method :setVisibility in Class com.admob.android.ads.AdView added
[WARNING] [32mVERBOSE[0m Callback method :onWindowVisibilityChanged in Class com.admob.android.ads.AdView added
[WARNING] [32mVERBOSE[0m Callback method :onReceive in Class com.google.android.apps.analytics.AnalyticsReceiver added
0 ICC links found and 0 cg edges added due to ICC links
dynamic conflated call graph: 209 methods; 209 nodes; 249 edges.
maxpossibleFlows=2
maxpossibleFlows=2
maxpossibleFlows=2
maxpossibleFlows=2
maxpossibleFlows=1
maxpossibleFlows=2
maxpossibleFlows=3
maxpossibleFlows=2
maxpossibleFlows=1
maxpossibleFlows=2
maxpossibleFlows=2
maxpossibleFlows=2
maxpossibleFlows=2
maxpossibleFlows=2
maxpossibleFlows=2
maxpossibleFlows=2
maxpossibleFlows=2
maxpossibleFlows=2
maxpossibleFlows=2
maxpossibleFlows=2
maxpossibleFlows=2
maxpossibleFlows=2
2 taint flow paths FOUND from <java.lang.Class: java.lang.String getName()> to <android.util.Log: int w(java.lang.String,java.lang.String)>
maxpossibleFlows=1
maxpossibleFlows=1
maxpossibleFlows=1
maxpossibleFlows=4
maxpossibleFlows=4
maxpossibleFlows=2
maxpossibleFlows=2
maxpossibleFlows=2
maxpossibleFlows=2
maxpossibleFlows=2
maxpossibleFlows=2
maxpossibleFlows=2
maxpossibleFlows=2
maxpossibleFlows=1
maxpossibleFlows=2
maxpossibleFlows=3
maxpossibleFlows=2
maxpossibleFlows=1
maxpossibleFlows=2
maxpossibleFlows=4
maxpossibleFlows=2
maxpossibleFlows=2
maxpossibleFlows=2
maxpossibleFlows=2
maxpossibleFlows=2
maxpossibleFlows=2
maxpossibleFlows=2
maxpossibleFlows=2
maxpossibleFlows=1
maxpossibleFlows=2
maxpossibleFlows=3
maxpossibleFlows=2
maxpossibleFlows=1
maxpossibleFlows=2
maxpossibleFlows=4
maxpossibleFlows=2
maxpossibleFlows=2
maxpossibleFlows=2
maxpossibleFlows=2
maxpossibleFlows=2
maxpossibleFlows=2
maxpossibleFlows=2
maxpossibleFlows=2
2 taint flow paths FOUND from <android.text.method.LinkMovementMethod: android.text.method.MovementMethod getInstance()> to <android.util.Log: int w(java.lang.String,java.lang.String)>
maxpossibleFlows=2
maxpossibleFlows=2
maxpossibleFlows=2
maxpossibleFlows=2
maxpossibleFlows=2
2 taint flow paths FOUND from <android.app.Activity: android.view.Window getWindow()> to <android.app.Activity: void setContentView(int)>
maxpossibleFlows=2
maxpossibleFlows=2
maxpossibleFlows=2
maxpossibleFlows=2
maxpossibleFlows=2
2 taint flow paths FOUND from <android.view.SurfaceView: android.view.SurfaceHolder getHolder()> to <android.view.View: void setFocusable(boolean)>
maxpossibleFlows=1
maxpossibleFlows=1
maxpossibleFlows=1
maxpossibleFlows=1
maxpossibleFlows=4
maxpossibleFlows=4
maxpossibleFlows=4
maxpossibleFlows=4
maxpossibleFlows=2
2 taint flow paths FOUND from <android.view.SurfaceView: android.view.SurfaceHolder getHolder()> to <android.view.View: void setFocusable(boolean)>
maxpossibleFlows=2
maxpossibleFlows=2
maxpossibleFlows=2
maxpossibleFlows=2
maxpossibleFlows=2
maxpossibleFlows=2
maxpossibleFlows=2
maxpossibleFlows=2
maxpossibleFlows=2
maxpossibleFlows=2
maxpossibleFlows=2
maxpossibleFlows=2
maxpossibleFlows=2
maxpossibleFlows=2
maxpossibleFlows=2
2 taint flow paths FOUND from <android.app.Activity: android.view.Window getWindow()> to <android.app.Activity: void setContentView(int)>
maxpossibleFlows=2
maxpossibleFlows=3
maxpossibleFlows=2
maxpossibleFlows=2
maxpossibleFlows=2
maxpossibleFlows=1
maxpossibleFlows=2
maxpossibleFlows=2
maxpossibleFlows=3
maxpossibleFlows=2
maxpossibleFlows=2
maxpossibleFlows=3
maxpossibleFlows=2
maxpossibleFlows=2
maxpossibleFlows=2
maxpossibleFlows=2
1 taint flow paths FOUND from <android.app.Activity: android.view.Window getWindow()> to <android.view.View: void setVisibility(int)>
maxpossibleFlows=2
maxpossibleFlows=2
maxpossibleFlows=2
maxpossibleFlows=2
maxpossibleFlows=2
maxpossibleFlows=2
maxpossibleFlows=2
maxpossibleFlows=2
maxpossibleFlows=2
maxpossibleFlows=2
maxpossibleFlows=2
maxpossibleFlows=2
maxpossibleFlows=2
maxpossibleFlows=2
maxpossibleFlows=2
2 taint flow paths FOUND from <android.app.Activity: android.view.Window getWindow()> to <android.view.Window: void setFlags(int,int)>
maxpossibleFlows=1
maxpossibleFlows=1
maxpossibleFlows=1
maxpossibleFlows=1
maxpossibleFlows=2
maxpossibleFlows=2
maxpossibleFlows=2
maxpossibleFlows=2
maxpossibleFlows=2
2 taint flow paths FOUND from <java.lang.Class: java.lang.String getName()> to <android.util.Log: int w(java.lang.String,java.lang.String)>
[WARNING] [32mVERBOSE[0m Callback method :onKeyDown in Class com.workpail.basketballthrow.BasketballView
[WARNING] [32mVERBOSE[0m Callback method :onKeyUp in Class com.workpail.basketballthrow.BasketballView
[WARNING] [32mVERBOSE[0m Callback method :onWindowFocusChanged in Class com.workpail.basketballthrow.BasketballView
[WARNING] [32mVERBOSE[0m Callback method :surfaceChanged in Class com.workpail.basketballthrow.BasketballView
[WARNING] [32mVERBOSE[0m Callback method :surfaceCreated in Class com.workpail.basketballthrow.BasketballView
[WARNING] [32mVERBOSE[0m Callback method :surfaceDestroyed in Class com.workpail.basketballthrow.BasketballView
Result for benign-app-45-6B619169A296ED3F388AB1FE0196B40922AE7101A7933B6CECB74949ECBDD6CB.apkcom.workpail.basketballthrow