DUA-Forensics args to Soot: -w -cp /home/handrick/Documents/UNB/benchmark/libs/droidfax.jar:/home/handrick/Android/Sdk/platforms/android-19/android.jar -p cg verbose:false,implicit-entry:true -p cg.spark verbose:false,on-fly-cg:true,rta:false -d /home/handrick/Documents/UNB/benchmark/trace/180/1/droidbot/malicious-app-63-43BEA394D0C1926023D552D296FEBAF61B32B66115CCC3574DF3648A3C2747F4.apk.logcat -process-dir /home/handrick/Documents/UNB/benchmark/data/input/malicious-app-63-43BEA394D0C1926023D552D296FEBAF61B32B66115CCC3574DF3648A3C2747F4.apk 
Soot started on Fri Apr 15 00:41:28 CEST 2022
Warning: com.ironsource.mobilcore.BaseFlowBasedAdUnit is a phantom class!
Warning: java.lang.invoke.LambdaMetafactory is a phantom class!
Warning: java.lang.ref.Finalizer is a phantom class!
[Call Graph] For information on where the call graph may be incomplete, use the verbose option to the cg phase.
[Spark] Pointer Assignment Graph in 0.0 seconds.
[Spark] Type masks in 0.0 seconds.
[Spark] Pointer Graph simplified in 0.0 seconds.
[Spark] Propagation in 0.0 seconds.
[Spark] Solution found in 0.0 seconds.
hcai's internal transform
Running static analysis for security-relevant feature characterization
[GatorHierarchy] [32mVERBOSE[0m [HIER] All classes: 882
[GatorHierarchy] [32mVERBOSE[0m [App: 92, Lib : 787, Phantom: 3]
[GatorHierarchy] [32mVERBOSE[0m [HIER] Activities: 5, lib activities: 1
[GatorHierarchy] [32mVERBOSE[0m [HIER] App views: 3, Lib views: 12
[GatorHierarchy] [32mVERBOSE[0m [HIER] App Dialogs: 0, Lib Dialogs: 4
[TIMECOST] [32mVERBOSE[0m buildApplicationCodeMap parsing starting at 1649976089628
[TIMECOST] [32mVERBOSE[0m buildApplicationCodeMap parsing finished at 1649976126225
[Instantiated app classes] [32mVERBOSE[0m total number: 141
[WARNING] [32mVERBOSE[0m Callback method :onKeyDown in Class com.notebook.NoteBook added
[WARNING] [32mVERBOSE[0m Callback method :onPause in Class com.notebook.NoteBook added
[WARNING] [32mVERBOSE[0m Callback method :onCreate in Class com.notebook.NoteBook added
[WARNING] [32mVERBOSE[0m Callback method :onCreateOptionsMenu in Class com.notebook.NoteBook added
[WARNING] [32mVERBOSE[0m Callback method :onOptionsItemSelected in Class com.notebook.NoteBook added
[WARNING] [32mVERBOSE[0m Callback method :onResume in Class com.notebook.NoteBook added
[WARNING] [32mVERBOSE[0m Callback method :onContextItemSelected in Class com.notebook.NoteBook added
[WARNING] [32mVERBOSE[0m Callback method :onKeyDown in Class com.notebook.HelpTheme added
[WARNING] [32mVERBOSE[0m Callback method :onCreate in Class com.notebook.HelpTheme added
[WARNING] [32mVERBOSE[0m Callback method :onCreateOptionsMenu in Class com.notebook.HelpTheme added
[WARNING] [32mVERBOSE[0m Callback method :onOptionsItemSelected in Class com.notebook.HelpTheme added
[WARNING] [32mVERBOSE[0m Callback method :onKeyDown in Class com.notebook.AddNote added
[WARNING] [32mVERBOSE[0m Callback method :onCreate in Class com.notebook.AddNote added
[WARNING] [32mVERBOSE[0m Callback method :onCreateOptionsMenu in Class com.notebook.AddNote added
[WARNING] [32mVERBOSE[0m Callback method :onOptionsItemSelected in Class com.notebook.AddNote added
[WARNING] [32mVERBOSE[0m Callback method :onPause in Class com.gfan.sdk.statistics.CommentActivity added
[WARNING] [32mVERBOSE[0m Callback method :onCreate in Class com.gfan.sdk.statistics.CommentActivity added
[WARNING] [32mVERBOSE[0m Callback method :onResume in Class com.gfan.sdk.statistics.CommentActivity added
[WARNING] [32mVERBOSE[0m Callback method :onKeyDown in Class com.notebook.EditNote added
[WARNING] [32mVERBOSE[0m Callback method :onCreate in Class com.notebook.EditNote added
[WARNING] [32mVERBOSE[0m Callback method :onCreateOptionsMenu in Class com.notebook.EditNote added
[WARNING] [32mVERBOSE[0m Callback method :onOptionsItemSelected in Class com.notebook.EditNote added
[WARNING] [32mVERBOSE[0m Callback method :onMeasure in Class com.android.utils.view.GifView added
[WARNING] [32mVERBOSE[0m Callback method :onDraw in Class com.android.utils.view.GifView added
[WARNING] [32mVERBOSE[0m Callback method :onWindowFocusChanged in Class com.zadmo.android.ads.AdView added
[WARNING] [32mVERBOSE[0m Callback method :onMeasure in Class com.zadmo.android.ads.AdView added
[WARNING] [32mVERBOSE[0m Callback method :setBackgroundColor in Class com.zadmo.android.ads.AdView added
[WARNING] [32mVERBOSE[0m Callback method :onDetachedFromWindow in Class com.zadmo.android.ads.AdView added
[WARNING] [32mVERBOSE[0m Callback method :onAttachedToWindow in Class com.zadmo.android.ads.AdView added
[WARNING] [32mVERBOSE[0m Callback method :getVisibility in Class com.zadmo.android.ads.AdView added
[WARNING] [32mVERBOSE[0m Callback method :setVisibility in Class com.zadmo.android.ads.AdView added
0 ICC links found and 0 cg edges added due to ICC links
dynamic conflated call graph: 359 methods; 359 nodes; 461 edges.
maxpossibleFlows=6
6 taint flow paths FOUND from <android.location.LocationManager: java.lang.String getBestProvider(android.location.Criteria,boolean)> to <android.util.Log: int i(java.lang.String,java.lang.String)>
maxpossibleFlows=1
maxpossibleFlows=1
maxpossibleFlows=5
maxpossibleFlows=2
maxpossibleFlows=2
maxpossibleFlows=2
maxpossibleFlows=2
maxpossibleFlows=6
maxpossibleFlows=2
maxpossibleFlows=2
maxpossibleFlows=2
maxpossibleFlows=6
maxpossibleFlows=2
maxpossibleFlows=2
maxpossibleFlows=6
maxpossibleFlows=6
maxpossibleFlows=2
maxpossibleFlows=2
2 taint flow paths FOUND from <android.view.View: int getWidth()> to <android.view.View: void startAnimation(android.view.animation.Animation)>
maxpossibleFlows=2
maxpossibleFlows=1
maxpossibleFlows=2
maxpossibleFlows=2
1 taint flow paths FOUND from <android.graphics.Bitmap: int getHeight()> to <android.view.View: void setClickable(boolean)>
maxpossibleFlows=2
maxpossibleFlows=2
maxpossibleFlows=6
maxpossibleFlows=1
maxpossibleFlows=5
maxpossibleFlows=2
maxpossibleFlows=2
maxpossibleFlows=2
maxpossibleFlows=2
maxpossibleFlows=6
maxpossibleFlows=2
maxpossibleFlows=2
maxpossibleFlows=2
maxpossibleFlows=6
maxpossibleFlows=2
maxpossibleFlows=2
maxpossibleFlows=6
maxpossibleFlows=6
maxpossibleFlows=2
maxpossibleFlows=1
maxpossibleFlows=5
maxpossibleFlows=2
maxpossibleFlows=2
maxpossibleFlows=2
maxpossibleFlows=2
maxpossibleFlows=5
maxpossibleFlows=2
maxpossibleFlows=2
maxpossibleFlows=2
maxpossibleFlows=2
maxpossibleFlows=5
maxpossibleFlows=2
2 taint flow paths FOUND from <android.view.View: int getVisibility()> to <android.view.View: void setVisibility(int)>
maxpossibleFlows=2
maxpossibleFlows=1
1 taint flow paths FOUND from <java.lang.StringBuilder: java.lang.String toString()> to <android.util.Log: int d(java.lang.String,java.lang.String)>
maxpossibleFlows=2
maxpossibleFlows=1
maxpossibleFlows=2
maxpossibleFlows=2
1 taint flow paths FOUND from <android.graphics.Bitmap: int getWidth()> to <android.view.View: void setClickable(boolean)>
maxpossibleFlows=1
1 taint flow paths FOUND from <android.content.ContextWrapper: android.content.ContentResolver getContentResolver()> to <android.util.Log: int i(java.lang.String,java.lang.String)>
maxpossibleFlows=1
maxpossibleFlows=1
maxpossibleFlows=1
maxpossibleFlows=1
maxpossibleFlows=1
maxpossibleFlows=1
maxpossibleFlows=1
maxpossibleFlows=1
maxpossibleFlows=1
maxpossibleFlows=1
maxpossibleFlows=1
maxpossibleFlows=1
maxpossibleFlows=1
maxpossibleFlows=1
maxpossibleFlows=1
maxpossibleFlows=1
maxpossibleFlows=1
maxpossibleFlows=1
1 taint flow paths FOUND from <android.content.ContextWrapper: android.content.pm.PackageManager getPackageManager()> to <android.util.Log: int d(java.lang.String,java.lang.String)>
maxpossibleFlows=1
1 taint flow paths FOUND from <android.provider.Settings$System: java.lang.String getString(android.content.ContentResolver,java.lang.String)> to <android.util.Log: int i(java.lang.String,java.lang.String)>
maxpossibleFlows=1
maxpossibleFlows=1
maxpossibleFlows=1
maxpossibleFlows=1
maxpossibleFlows=1
maxpossibleFlows=1
maxpossibleFlows=1
maxpossibleFlows=1
maxpossibleFlows=1
maxpossibleFlows=1
maxpossibleFlows=1
maxpossibleFlows=1
maxpossibleFlows=1
maxpossibleFlows=1
maxpossibleFlows=1
maxpossibleFlows=1
maxpossibleFlows=1
maxpossibleFlows=1
maxpossibleFlows=5
maxpossibleFlows=2
maxpossibleFlows=2
maxpossibleFlows=2
maxpossibleFlows=2
maxpossibleFlows=6
maxpossibleFlows=2
maxpossibleFlows=2
maxpossibleFlows=2
maxpossibleFlows=6
maxpossibleFlows=2
maxpossibleFlows=2
maxpossibleFlows=6
maxpossibleFlows=6
maxpossibleFlows=1
maxpossibleFlows=1
1 taint flow paths FOUND from <android.os.Bundle: java.lang.String getString(java.lang.String)> to <android.util.Log: int d(java.lang.String,java.lang.String)>
maxpossibleFlows=1
maxpossibleFlows=1
maxpossibleFlows=1
maxpossibleFlows=1
maxpossibleFlows=1
maxpossibleFlows=1
maxpossibleFlows=1
maxpossibleFlows=1
maxpossibleFlows=1
maxpossibleFlows=1
maxpossibleFlows=1
maxpossibleFlows=1
maxpossibleFlows=1
maxpossibleFlows=1
maxpossibleFlows=1
maxpossibleFlows=1
maxpossibleFlows=1
maxpossibleFlows=1
maxpossibleFlows=1
maxpossibleFlows=1
maxpossibleFlows=1
maxpossibleFlows=1
maxpossibleFlows=1
maxpossibleFlows=1
maxpossibleFlows=1
maxpossibleFlows=1
maxpossibleFlows=1
maxpossibleFlows=1
maxpossibleFlows=1
maxpossibleFlows=1
maxpossibleFlows=1
maxpossibleFlows=1
maxpossibleFlows=1
maxpossibleFlows=1
maxpossibleFlows=1
maxpossibleFlows=1
maxpossibleFlows=1
maxpossibleFlows=1
maxpossibleFlows=1
maxpossibleFlows=1
maxpossibleFlows=1
maxpossibleFlows=1
maxpossibleFlows=1
maxpossibleFlows=1
maxpossibleFlows=1
maxpossibleFlows=1
maxpossibleFlows=1
maxpossibleFlows=1
maxpossibleFlows=1
maxpossibleFlows=6
6 taint flow paths FOUND from <android.app.Activity: java.lang.Object getSystemService(java.lang.String)> to <android.util.Log: int i(java.lang.String,java.lang.String)>
maxpossibleFlows=1
maxpossibleFlows=1
maxpossibleFlows=5
maxpossibleFlows=2
maxpossibleFlows=2
maxpossibleFlows=2
maxpossibleFlows=2
maxpossibleFlows=6
maxpossibleFlows=2
maxpossibleFlows=2
maxpossibleFlows=2
maxpossibleFlows=6
maxpossibleFlows=2
maxpossibleFlows=2
maxpossibleFlows=6
maxpossibleFlows=6
maxpossibleFlows=2
maxpossibleFlows=2
2 taint flow paths FOUND from <android.view.View: int getHeight()> to <android.view.View: void startAnimation(android.view.animation.Animation)>
maxpossibleFlows=1
maxpossibleFlows=1
maxpossibleFlows=1
maxpossibleFlows=1
maxpossibleFlows=1
maxpossibleFlows=1
maxpossibleFlows=1
maxpossibleFlows=1
maxpossibleFlows=1
maxpossibleFlows=1
maxpossibleFlows=1
maxpossibleFlows=1
maxpossibleFlows=1
maxpossibleFlows=1
maxpossibleFlows=1
maxpossibleFlows=1
maxpossibleFlows=2
maxpossibleFlows=6
maxpossibleFlows=5
maxpossibleFlows=1
maxpossibleFlows=5
maxpossibleFlows=2
maxpossibleFlows=2
maxpossibleFlows=2
maxpossibleFlows=2
maxpossibleFlows=5
maxpossibleFlows=2
maxpossibleFlows=2
maxpossibleFlows=2
maxpossibleFlows=5
maxpossibleFlows=2
2 taint flow paths FOUND from <android.view.View: android.content.Context getContext()> to <android.view.View: void setVisibility(int)>
maxpossibleFlows=1
maxpossibleFlows=1
maxpossibleFlows=1
maxpossibleFlows=1
maxpossibleFlows=1
maxpossibleFlows=1
maxpossibleFlows=1
maxpossibleFlows=1
maxpossibleFlows=1
maxpossibleFlows=1
maxpossibleFlows=1
maxpossibleFlows=1
maxpossibleFlows=1
maxpossibleFlows=1
maxpossibleFlows=1
maxpossibleFlows=1
maxpossibleFlows=2
maxpossibleFlows=1
1 taint flow paths FOUND from <android.content.ContextWrapper: java.lang.String getPackageName()> to <android.util.Log: int d(java.lang.String,java.lang.String)>
maxpossibleFlows=3
1 taint flow paths FOUND from <android.view.View: android.graphics.drawable.Drawable getBackground()> to <android.widget.TextView: void setTextColor(int)>
maxpossibleFlows=1
maxpossibleFlows=1
maxpossibleFlows=5
maxpossibleFlows=2
maxpossibleFlows=2
maxpossibleFlows=2
maxpossibleFlows=2
maxpossibleFlows=6
maxpossibleFlows=2
maxpossibleFlows=2
maxpossibleFlows=2
maxpossibleFlows=6
maxpossibleFlows=2
maxpossibleFlows=2
maxpossibleFlows=6
maxpossibleFlows=6
maxpossibleFlows=6
6 taint flow paths FOUND from <android.location.LocationManager: java.lang.String getBestProvider(android.location.Criteria,boolean)> to <android.util.Log: int i(java.lang.String,java.lang.String)>
maxpossibleFlows=1
maxpossibleFlows=1
maxpossibleFlows=1
maxpossibleFlows=1
maxpossibleFlows=1
maxpossibleFlows=1
1 taint flow paths FOUND from <java.lang.StringBuilder: java.lang.String toString()> to <android.util.Log: int d(java.lang.String,java.lang.String)>
maxpossibleFlows=5
maxpossibleFlows=5
maxpossibleFlows=2
maxpossibleFlows=5
maxpossibleFlows=5
maxpossibleFlows=5
4 taint flow paths FOUND from <java.lang.StringBuilder: java.lang.String toString()> to <android.util.Log: int w(java.lang.String,java.lang.String,java.lang.Throwable)>
maxpossibleFlows=2
maxpossibleFlows=2
maxpossibleFlows=2
1 taint flow paths FOUND from <android.graphics.Bitmap: int getHeight()> to <android.view.View: void setClickable(boolean)>
maxpossibleFlows=2
maxpossibleFlows=2
maxpossibleFlows=2
maxpossibleFlows=2
2 taint flow paths FOUND from <android.graphics.Bitmap: int getHeight()> to <android.widget.TextView: void setTextColor(int)>
maxpossibleFlows=2
2 taint flow paths FOUND from <android.view.View: int getWidth()> to <android.view.View: void startAnimation(android.view.animation.Animation)>
maxpossibleFlows=2
maxpossibleFlows=2
maxpossibleFlows=2
2 taint flow paths FOUND from <android.graphics.Bitmap: int getHeight()> to <android.widget.TextView: void setText(java.lang.CharSequence)>
maxpossibleFlows=2
maxpossibleFlows=6
maxpossibleFlows=2
maxpossibleFlows=2
maxpossibleFlows=2
1 taint flow paths FOUND from <android.graphics.Bitmap: int getHeight()> to <android.view.View: void setFocusable(boolean)>
maxpossibleFlows=6
maxpossibleFlows=6
maxpossibleFlows=2
maxpossibleFlows=6
maxpossibleFlows=5
maxpossibleFlows=10
maxpossibleFlows=2
maxpossibleFlows=1
maxpossibleFlows=1
maxpossibleFlows=1
maxpossibleFlows=1
maxpossibleFlows=1
maxpossibleFlows=6
maxpossibleFlows=1
maxpossibleFlows=1
maxpossibleFlows=1
maxpossibleFlows=1
maxpossibleFlows=6
maxpossibleFlows=6
maxpossibleFlows=1
maxpossibleFlows=5
maxpossibleFlows=1
maxpossibleFlows=1
maxpossibleFlows=6
maxpossibleFlows=2
maxpossibleFlows=2
maxpossibleFlows=2
2 taint flow paths FOUND from <android.graphics.Bitmap: int getHeight()> to <android.widget.TextView: void setTextSize(float)>
maxpossibleFlows=2
maxpossibleFlows=2
maxpossibleFlows=3
1 taint flow paths FOUND from <android.view.View: android.graphics.drawable.Drawable getBackground()> to <android.view.View: void setPressed(boolean)>
maxpossibleFlows=2
maxpossibleFlows=2
maxpossibleFlows=2
maxpossibleFlows=1
maxpossibleFlows=2
maxpossibleFlows=2
maxpossibleFlows=2
2 taint flow paths FOUND from <android.graphics.Bitmap: int getHeight()> to <android.widget.ProgressBar: void setVisibility(int)>
maxpossibleFlows=2
maxpossibleFlows=2
maxpossibleFlows=4
4 taint flow paths FOUND from <android.graphics.Bitmap: int getHeight()> to <android.widget.ImageView: void setImageBitmap(android.graphics.Bitmap)>
maxpossibleFlows=2
maxpossibleFlows=2
maxpossibleFlows=6
maxpossibleFlows=6
maxpossibleFlows=2
maxpossibleFlows=6
maxpossibleFlows=5
maxpossibleFlows=6
maxpossibleFlows=2
maxpossibleFlows=1
maxpossibleFlows=1
maxpossibleFlows=1
maxpossibleFlows=1
maxpossibleFlows=1
maxpossibleFlows=6
maxpossibleFlows=1
maxpossibleFlows=1
maxpossibleFlows=1
maxpossibleFlows=1
maxpossibleFlows=6
6 taint flow paths FOUND from <android.app.Activity: java.lang.Object getSystemService(java.lang.String)> to <android.location.Criteria: void setAccuracy(int)>
maxpossibleFlows=2
maxpossibleFlows=2
maxpossibleFlows=2
maxpossibleFlows=2
maxpossibleFlows=2
2 taint flow paths FOUND from <android.view.View: int getVisibility()> to <android.view.View: void setVisibility(int)>
maxpossibleFlows=2
maxpossibleFlows=2
maxpossibleFlows=2
2 taint flow paths FOUND from <android.graphics.Bitmap: int getHeight()> to <android.widget.TextView: void setTypeface(android.graphics.Typeface)>
maxpossibleFlows=6
maxpossibleFlows=6
maxpossibleFlows=2
maxpossibleFlows=6
maxpossibleFlows=5
maxpossibleFlows=6
5 taint flow paths FOUND from <java.lang.StringBuilder: java.lang.String toString()> to <java.net.HttpURLConnection: void setRequestMethod(java.lang.String)>
maxpossibleFlows=6
maxpossibleFlows=6
maxpossibleFlows=2
maxpossibleFlows=6
maxpossibleFlows=5
maxpossibleFlows=6
5 taint flow paths FOUND from <java.lang.StringBuilder: java.lang.String toString()> to <java.net.URL: java.net.URLConnection openConnection()>
Result for malicious-app-63-43BEA394D0C1926023D552D296FEBAF61B32B66115CCC3574DF3648A3C2747F4.apkcom.notebook