DUA-Forensics args to Soot: -w -cp /home/hcosta/bench/benchmark/libs/droidfax.jar:/home/hcosta/Android/Sdk/platforms/android-28/android.jar -p cg verbose:false,implicit-entry:true -p cg.spark verbose:false,on-fly-cg:true,rta:false -d /home/hcosta/bench/benchmark/trace/180/4/droidbot/benign-app-62-8BB2570E5FE9CBA3021C04DB6334558A49FDC55885C4A32E92C2369F9ACC697B.apk.logcat -process-dir /home/hcosta/bench/benchmark/data/input/benign-app-62-8BB2570E5FE9CBA3021C04DB6334558A49FDC55885C4A32E92C2369F9ACC697B.apk 
Soot started on Thu Apr 21 06:10:27 CEST 2022
Warning: com.ironsource.mobilcore.BaseFlowBasedAdUnit is a phantom class!
Warning: java.lang.invoke.LambdaMetafactory is a phantom class!
Warning: java.lang.ref.Finalizer is a phantom class!
Warning: android.app.ActivityManagerNative is a phantom class!
Warning: android.app.IActivityManager is a phantom class!
Warning: android.content.pm.IPackageDataObserver$Stub is a phantom class!
Warning: android.content.pm.IPackageDataObserver is a phantom class!
Warning: android.content.pm.IPackageStatsObserver$Stub is a phantom class!
Warning: android.content.pm.IPackageStatsObserver is a phantom class!
Warning: android.content.pm.PackageParser$Package is a phantom class!
Warning: android.content.pm.PackageParser is a phantom class!
Warning: android.os.BatteryStats$Uid is a phantom class!
Warning: android.os.ServiceManager is a phantom class!
Warning: com.android.internal.os.PowerProfile is a phantom class!
Warning: com.android.internal.telephony.ITelephony$Stub is a phantom class!
Warning: com.android.internal.telephony.ITelephony is a phantom class!
Warning: org.apache.http.HttpResponse is a phantom class!
get type from 'Lcom/flurry/org/codehaus/jackson/annotate/JsonAutoDetect$Visibility;'
get type from 'Lcom/flurry/org/codehaus/jackson/annotate/JsonAutoDetect$Visibility;'
get type from 'Lcom/flurry/org/codehaus/jackson/annotate/JsonAutoDetect$Visibility;'
get type from 'Lcom/flurry/org/codehaus/jackson/annotate/JsonAutoDetect$Visibility;'
get type from 'Lcom/flurry/org/codehaus/jackson/annotate/JsonAutoDetect$Visibility;'
get type from 'Lcom/flurry/org/codehaus/jackson/annotate/JsonMethod;'
Warning: com.google.ads.AdSize is a phantom class!
Warning: com.google.ads.AdListener is a phantom class!
Warning: com.google.ads.Ad is a phantom class!
Warning: com.google.ads.AdRequest$ErrorCode is a phantom class!
Warning: com.google.ads.InterstitialAd is a phantom class!
Warning: com.inmobi.androidsdk.IMAdListener is a phantom class!
Warning: com.inmobi.androidsdk.IMAdView is a phantom class!
Warning: com.inmobi.androidsdk.IMAdRequest$ErrorCode is a phantom class!
Warning: com.inmobi.androidsdk.IMAdInterstitial is a phantom class!
Warning: com.inmobi.androidsdk.IMAdInterstitialListener is a phantom class!
Warning: com.jumptap.adtag.JtAdViewListener is a phantom class!
Warning: com.jumptap.adtag.JtAdView is a phantom class!
Warning: com.millennialmedia.android.RequestListener is a phantom class!
Warning: com.millennialmedia.android.MMAd is a phantom class!
Warning: com.millennialmedia.android.MMException is a phantom class!
Warning: com.millennialmedia.android.MMInterstitial is a phantom class!
Warning: com.mobclix.android.sdk.MobclixAdView is a phantom class!
Warning: com.mobclix.android.sdk.MobclixAdViewListener is a phantom class!
Warning: com.mobclix.android.sdk.MobclixFullScreenAdViewListener is a phantom class!
Warning: com.mobclix.android.sdk.MobclixFullScreenAdView is a phantom class!
Warning: org.apache.http.HttpHost is a phantom class!
Warning: org.apache.http.client.HttpClient is a phantom class!
Warning: org.apache.http.protocol.BasicHttpContext is a phantom class!
Warning: org.apache.http.message.AbstractHttpMessage is a phantom class!
Warning: org.apache.http.HttpEntity is a phantom class!
Warning: org.apache.http.Header is a phantom class!
Warning: org.apache.http.util.ByteArrayBuffer is a phantom class!
Warning: org.apache.http.NameValuePair is a phantom class!
Warning: org.apache.http.conn.scheme.SchemeRegistry is a phantom class!
get type from 'Z'
get type from 'Lcom/flurry/android/monolithic/sdk/impl/sg;'
get type from 'Lcom/flurry/android/monolithic/sdk/impl/sf;'
get type from 'Z'
get type from 'Z'
get type from 'Z'
get type from 'Z'
get type from 'Z'
get type from 'Lcom/flurry/org/codehaus/jackson/annotate/JsonTypeInfo$As;'
get type from 'Z'
get type from 'Z'
get type from 'Z'
get type from 'Z'
get type from 'Z'
Warning: com.google.ads.AdRequest is a phantom class!
Warning: com.google.ads.AdView is a phantom class!
Warning: com.inmobi.androidsdk.IMAdInterstitial$State is a phantom class!
Warning: com.inmobi.androidsdk.IMAdRequest is a phantom class!
get type from 'Z'
get type from 'Z'
get type from 'Lcom/j256/ormlite/field/DataType;'
get type from 'Z'
get type from 'Z'
get type from 'Z'
get type from 'Z'
get type from 'Z'
get type from 'Z'
get type from 'I'
get type from 'Z'
get type from 'Z'
get type from 'Z'
get type from 'Z'
get type from 'Z'
get type from 'Z'
get type from 'Z'
get type from 'I'
get type from 'Z'
get type from 'I'
get type from 'I'
Warning: com.jumptap.adtag.JtAdInterstitial is a phantom class!
Warning: com.jumptap.adtag.JtAdWidgetSettings is a phantom class!
Warning: com.jumptap.adtag.JtAdWidgetSettingsFactory is a phantom class!
Warning: com.jumptap.adtag.utils.JtException is a phantom class!
Warning: com.millennialmedia.android.MMAdView is a phantom class!
Warning: com.millennialmedia.android.MMSDK is a phantom class!
Warning: com.mobclix.android.sdk.MobclixIABRectangleMAdView is a phantom class!
Warning: com.mobclix.android.sdk.MobclixMMABannerXLAdView is a phantom class!
Warning: org.apache.http.client.methods.HttpGet is a phantom class!
Warning: org.apache.http.client.methods.HttpPost is a phantom class!
Warning: org.apache.http.HttpRequest is a phantom class!
Warning: org.apache.http.HttpVersion is a phantom class!
Warning: org.apache.http.ProtocolVersion is a phantom class!
Warning: org.apache.http.StatusLine is a phantom class!
Warning: org.apache.http.client.ClientProtocolException is a phantom class!
Warning: org.apache.http.client.ResponseHandler is a phantom class!
Warning: org.apache.http.client.entity.UrlEncodedFormEntity is a phantom class!
Warning: org.apache.http.client.methods.HttpPut is a phantom class!
Warning: org.apache.http.client.methods.HttpUriRequest is a phantom class!
Warning: org.apache.http.client.utils.URIUtils is a phantom class!
Warning: org.apache.http.conn.ClientConnectionManager is a phantom class!
Warning: org.apache.http.conn.scheme.PlainSocketFactory is a phantom class!
Warning: org.apache.http.conn.scheme.Scheme is a phantom class!
Warning: org.apache.http.entity.ByteArrayEntity is a phantom class!
Warning: org.apache.http.impl.client.BasicCookieStore is a phantom class!
Warning: org.apache.http.impl.client.BasicResponseHandler is a phantom class!
Warning: org.apache.http.impl.client.DefaultHttpClient is a phantom class!
Warning: org.apache.http.impl.conn.SingleClientConnManager is a phantom class!
Warning: org.apache.http.impl.conn.tsccm.ThreadSafeClientConnManager is a phantom class!
Warning: org.apache.http.message.BasicHeader is a phantom class!
Warning: org.apache.http.message.BasicNameValuePair is a phantom class!
Warning: org.apache.http.params.BasicHttpParams is a phantom class!
Warning: org.apache.http.params.HttpProtocolParams is a phantom class!
Warning: org.apache.http.protocol.HttpContext is a phantom class!
Warning: org.apache.http.util.EntityUtils is a phantom class!
No main class given. Inferred 'com.j256.ormlite.android.apptools.OrmLiteConfigUtil' as main class.
[Call Graph] For information on where the call graph may be incomplete, use the verbose option to the cg phase.
[Spark] Pointer Assignment Graph in 0.5 seconds.
[Spark] Type masks in 0.0 seconds.
[Spark] Pointer Graph simplified in 0.0 seconds.
[Spark] Propagation in 0.3 seconds.
[Spark] Solution found in 0.3 seconds.
hcai's internal transform
Running static analysis for method/class coverage characterization
5 ICC links found and 0 cg edges added due to ICC links
dynamic conflated call graph: 1052 methods; 1052 nodes; 1531 edges.
feature-vector-key = benign-app-62-8BB2570E5FE9CBA3021C04DB6334558A49FDC55885C4A32E92C2369F9ACC697B.apk
Result for benign-app-62-8BB2570E5FE9CBA3021C04DB6334558A49FDC55885C4A32E92C2369F9ACC697B.apkcom.myaircover.security