DUA-Forensics args to Soot: -w -cp /home/handrick/Documents/UNB/benchmark/libs/droidfax.jar:/home/handrick/Android/Sdk/platforms/android-19/android.jar -p cg verbose:false,implicit-entry:true -p cg.spark verbose:false,on-fly-cg:true,rta:false -d /home/handrick/Documents/UNB/benchmark/trace/180/2/droidbot/benign-app-26-334ED0AAE6E5F615213DA520A76579FB091B1CE00CA36F5D3CA2AE2A5D5D5009.apk.logcat -process-dir /home/handrick/Documents/UNB/benchmark/data/input/benign-app-26-334ED0AAE6E5F615213DA520A76579FB091B1CE00CA36F5D3CA2AE2A5D5D5009.apk 
Soot started on Fri Apr 15 12:40:38 CEST 2022
Warning: com.ironsource.mobilcore.BaseFlowBasedAdUnit is a phantom class!
Warning: java.lang.invoke.LambdaMetafactory is a phantom class!
Warning: java.lang.ref.Finalizer is a phantom class!
[Call Graph] For information on where the call graph may be incomplete, use the verbose option to the cg phase.
[Spark] Pointer Assignment Graph in 0.0 seconds.
[Spark] Type masks in 0.0 seconds.
[Spark] Pointer Graph simplified in 0.0 seconds.
[Spark] Propagation in 0.0 seconds.
[Spark] Solution found in 0.0 seconds.
hcai's internal transform
Running static analysis for security-relevant feature characterization
[GatorHierarchy] [32mVERBOSE[0m [HIER] All classes: 832
[GatorHierarchy] [32mVERBOSE[0m [App: 79, Lib : 750, Phantom: 3]
[GatorHierarchy] [32mVERBOSE[0m [HIER] Activities: 7, lib activities: 3
[GatorHierarchy] [32mVERBOSE[0m [HIER] App views: 6, Lib views: 18
[GatorHierarchy] [32mVERBOSE[0m [HIER] App Dialogs: 1, Lib Dialogs: 3
[TIMECOST] [32mVERBOSE[0m buildApplicationCodeMap parsing starting at 1650019239543
[TIMECOST] [32mVERBOSE[0m buildApplicationCodeMap parsing finished at 1650019240935
[Instantiated app classes] [32mVERBOSE[0m total number: 88
[WARNING] [32mVERBOSE[0m Callback method :onKeyDown in Class org.kreed.vanilla.PlaybackActivity added
[WARNING] [32mVERBOSE[0m Callback method :handleMessage in Class org.kreed.vanilla.PlaybackActivity added
[WARNING] [32mVERBOSE[0m Callback method :onCreateContextMenu in Class org.kreed.vanilla.PlaybackActivity added
[WARNING] [32mVERBOSE[0m Callback method :onCreate in Class org.kreed.vanilla.MiniPlaybackActivity added
[WARNING] [32mVERBOSE[0m Callback method :onCreateOptionsMenu in Class org.kreed.vanilla.PlaybackActivity added
[WARNING] [32mVERBOSE[0m Callback method :onKeyUp in Class org.kreed.vanilla.PlaybackActivity added
[WARNING] [32mVERBOSE[0m Callback method :onDestroy in Class org.kreed.vanilla.PlaybackActivity added
[WARNING] [32mVERBOSE[0m Callback method :onStart in Class org.kreed.vanilla.PlaybackActivity added
[WARNING] [32mVERBOSE[0m Callback method :onOptionsItemSelected in Class org.kreed.vanilla.PlaybackActivity added
[WARNING] [32mVERBOSE[0m Callback method :onClick in Class org.kreed.vanilla.MiniPlaybackActivity added
[WARNING] [32mVERBOSE[0m Callback method :onResume in Class org.kreed.vanilla.PlaybackActivity added
[WARNING] [32mVERBOSE[0m Callback method :onContextItemSelected in Class org.kreed.vanilla.PlaybackActivity added
[WARNING] [32mVERBOSE[0m Callback method :onNewIntent in Class org.kreed.vanilla.PlaylistActivity added
[WARNING] [32mVERBOSE[0m Callback method :onCreateContextMenu in Class org.kreed.vanilla.PlaylistActivity added
[WARNING] [32mVERBOSE[0m Callback method :onItemClick in Class org.kreed.vanilla.PlaylistActivity added
[WARNING] [32mVERBOSE[0m Callback method :onCreate in Class org.kreed.vanilla.PlaylistActivity added
[WARNING] [32mVERBOSE[0m Callback method :onDestroy in Class org.kreed.vanilla.PlaylistActivity added
[WARNING] [32mVERBOSE[0m Callback method :onStart in Class org.kreed.vanilla.PlaylistActivity added
[WARNING] [32mVERBOSE[0m Callback method :onClick in Class org.kreed.vanilla.PlaylistActivity added
[WARNING] [32mVERBOSE[0m Callback method :onOptionsItemSelected in Class org.kreed.vanilla.PlaylistActivity added
[WARNING] [32mVERBOSE[0m Callback method :onClick in Class org.kreed.vanilla.PlaylistActivity added
[WARNING] [32mVERBOSE[0m Callback method :onContextItemSelected in Class org.kreed.vanilla.PlaylistActivity added
[WARNING] [32mVERBOSE[0m Callback method :onMeasure in Class org.kreed.vanilla.ActionBarControls added
[WARNING] [32mVERBOSE[0m Callback method :onEnabled in Class org.kreed.vanilla.FourSquareWidget added
[WARNING] [32mVERBOSE[0m Callback method :onUpdate in Class org.kreed.vanilla.FourSquareWidget added
[WARNING] [32mVERBOSE[0m Callback method :onDisabled in Class org.kreed.vanilla.FourSquareWidget added
[WARNING] [32mVERBOSE[0m Callback method :onKeyDown in Class org.kreed.vanilla.FullPlaybackActivity added
[WARNING] [32mVERBOSE[0m Callback method :handleMessage in Class org.kreed.vanilla.FullPlaybackActivity added
[WARNING] [32mVERBOSE[0m Callback method :onStopTrackingTouch in Class org.kreed.vanilla.FullPlaybackActivity added
[WARNING] [32mVERBOSE[0m Callback method :onLongClick in Class org.kreed.vanilla.FullPlaybackActivity added
[WARNING] [32mVERBOSE[0m Callback method :onSearchRequested in Class org.kreed.vanilla.FullPlaybackActivity added
[WARNING] [32mVERBOSE[0m Callback method :onPause in Class org.kreed.vanilla.FullPlaybackActivity added
[WARNING] [32mVERBOSE[0m Callback method :onCreateContextMenu in Class org.kreed.vanilla.PlaybackActivity added
[WARNING] [32mVERBOSE[0m Callback method :onCreate in Class org.kreed.vanilla.FullPlaybackActivity added
[WARNING] [32mVERBOSE[0m Callback method :onCreateOptionsMenu in Class org.kreed.vanilla.FullPlaybackActivity added
[WARNING] [32mVERBOSE[0m Callback method :onProgressChanged in Class org.kreed.vanilla.FullPlaybackActivity added
[WARNING] [32mVERBOSE[0m Callback method :onKeyUp in Class org.kreed.vanilla.FullPlaybackActivity added
[WARNING] [32mVERBOSE[0m Callback method :onDestroy in Class org.kreed.vanilla.PlaybackActivity added
[WARNING] [32mVERBOSE[0m Callback method :onStart in Class org.kreed.vanilla.FullPlaybackActivity added
[WARNING] [32mVERBOSE[0m Callback method :onStartTrackingTouch in Class org.kreed.vanilla.FullPlaybackActivity added
[WARNING] [32mVERBOSE[0m Callback method :onOptionsItemSelected in Class org.kreed.vanilla.FullPlaybackActivity added
[WARNING] [32mVERBOSE[0m Callback method :onClick in Class org.kreed.vanilla.FullPlaybackActivity added
[WARNING] [32mVERBOSE[0m Callback method :onResume in Class org.kreed.vanilla.FullPlaybackActivity added
[WARNING] [32mVERBOSE[0m Callback method :onContextItemSelected in Class org.kreed.vanilla.PlaybackActivity added
[WARNING] [32mVERBOSE[0m Callback method :onCreate in Class org.kreed.vanilla.PreferencesActivity added
[WARNING] [32mVERBOSE[0m Callback method :onOptionsItemSelected in Class org.kreed.vanilla.PreferencesActivity added
[WARNING] [32mVERBOSE[0m Callback method :getSummary in Class org.kreed.vanilla.ListPreferenceSummary added
[WARNING] [32mVERBOSE[0m Callback method :onDialogClosed in Class org.kreed.vanilla.ListPreferenceSummary added
[WARNING] [32mVERBOSE[0m Callback method :onSharedPreferenceChanged in Class org.kreed.vanilla.PlaybackService added
[WARNING] [32mVERBOSE[0m Callback method :onBind in Class org.kreed.vanilla.PlaybackService added
[WARNING] [32mVERBOSE[0m Callback method :onSensorChanged in Class org.kreed.vanilla.PlaybackService added
[WARNING] [32mVERBOSE[0m Callback method :onDestroy in Class org.kreed.vanilla.PlaybackService added
[WARNING] [32mVERBOSE[0m Callback method :handleMessage in Class org.kreed.vanilla.PlaybackService added
[WARNING] [32mVERBOSE[0m Callback method :onCreate in Class org.kreed.vanilla.PlaybackService added
[WARNING] [32mVERBOSE[0m Callback method :onAccuracyChanged in Class org.kreed.vanilla.PlaybackService added
[WARNING] [32mVERBOSE[0m Callback method :onStartCommand in Class org.kreed.vanilla.PlaybackService added
[WARNING] [32mVERBOSE[0m Callback method :onCompletion in Class org.kreed.vanilla.PlaybackService added
[WARNING] [32mVERBOSE[0m Callback method :onError in Class org.kreed.vanilla.PlaybackService added
[WARNING] [32mVERBOSE[0m Callback method :onKeyDown in Class org.kreed.vanilla.LibraryActivity added
[WARNING] [32mVERBOSE[0m Callback method :getApplicationInfo in Class org.kreed.vanilla.LibraryActivity added
[WARNING] [32mVERBOSE[0m Callback method :onDismiss in Class org.kreed.vanilla.LibraryActivity added
[WARNING] [32mVERBOSE[0m Callback method :handleMessage in Class org.kreed.vanilla.LibraryActivity added
[WARNING] [32mVERBOSE[0m Callback method :onPrepareOptionsMenu in Class org.kreed.vanilla.LibraryActivity added
[WARNING] [32mVERBOSE[0m Callback method :onRestoreInstanceState in Class org.kreed.vanilla.LibraryActivity added
[WARNING] [32mVERBOSE[0m Callback method :beforeTextChanged in Class org.kreed.vanilla.LibraryActivity added
[WARNING] [32mVERBOSE[0m Callback method :onNewIntent in Class org.kreed.vanilla.LibraryActivity added
[WARNING] [32mVERBOSE[0m Callback method :onCreateContextMenu in Class org.kreed.vanilla.PlaybackActivity added
[WARNING] [32mVERBOSE[0m Callback method :onCreate in Class org.kreed.vanilla.LibraryActivity added
[WARNING] [32mVERBOSE[0m Callback method :onCreateOptionsMenu in Class org.kreed.vanilla.LibraryActivity added
[WARNING] [32mVERBOSE[0m Callback method :afterTextChanged in Class org.kreed.vanilla.LibraryActivity added
[WARNING] [32mVERBOSE[0m Callback method :onKeyUp in Class org.kreed.vanilla.LibraryActivity added
[WARNING] [32mVERBOSE[0m Callback method :onDestroy in Class org.kreed.vanilla.PlaybackActivity added
[WARNING] [32mVERBOSE[0m Callback method :onStart in Class org.kreed.vanilla.LibraryActivity added
[WARNING] [32mVERBOSE[0m Callback method :onClick in Class org.kreed.vanilla.LibraryActivity added
[WARNING] [32mVERBOSE[0m Callback method :onTextChanged in Class org.kreed.vanilla.LibraryActivity added
[WARNING] [32mVERBOSE[0m Callback method :onRestart in Class org.kreed.vanilla.LibraryActivity added
[WARNING] [32mVERBOSE[0m Callback method :onSaveInstanceState in Class org.kreed.vanilla.LibraryActivity added
[WARNING] [32mVERBOSE[0m Callback method :onOptionsItemSelected in Class org.kreed.vanilla.LibraryActivity added
[WARNING] [32mVERBOSE[0m Callback method :onClick in Class org.kreed.vanilla.LibraryActivity added
[WARNING] [32mVERBOSE[0m Callback method :onResume in Class org.kreed.vanilla.PlaybackActivity added
[WARNING] [32mVERBOSE[0m Callback method :onContextItemSelected in Class org.kreed.vanilla.LibraryActivity added
[WARNING] [32mVERBOSE[0m Callback method :onCreate in Class org.kreed.vanilla.PreferencesBackupAgent added
[WARNING] [32mVERBOSE[0m Callback method :generateLayoutParams in Class android.support.v4.view.ViewPager added
[WARNING] [32mVERBOSE[0m Callback method :draw in Class android.support.v4.view.ViewPager added
[WARNING] [32mVERBOSE[0m Callback method :onRestoreInstanceState in Class android.support.v4.view.ViewPager added
[WARNING] [32mVERBOSE[0m Callback method :onRequestFocusInDescendants in Class android.support.v4.view.ViewPager added
[WARNING] [32mVERBOSE[0m Callback method :generateDefaultLayoutParams in Class android.support.v4.view.ViewPager added
[WARNING] [32mVERBOSE[0m Callback method :onMeasure in Class android.support.v4.view.ViewPager added
[WARNING] [32mVERBOSE[0m Callback method :addView in Class android.support.v4.view.ViewPager added
[WARNING] [32mVERBOSE[0m Callback method :onSaveInstanceState in Class android.support.v4.view.ViewPager added
[WARNING] [32mVERBOSE[0m Callback method :onLayout in Class android.support.v4.view.ViewPager added
[WARNING] [32mVERBOSE[0m Callback method :onTouchEvent in Class android.support.v4.view.ViewPager added
[WARNING] [32mVERBOSE[0m Callback method :addTouchables in Class android.support.v4.view.ViewPager added
[WARNING] [32mVERBOSE[0m Callback method :computeScroll in Class android.support.v4.view.ViewPager added
[WARNING] [32mVERBOSE[0m Callback method :onAttachedToWindow in Class android.support.v4.view.ViewPager added
[WARNING] [32mVERBOSE[0m Callback method :onInterceptTouchEvent in Class android.support.v4.view.ViewPager added
[WARNING] [32mVERBOSE[0m Callback method :verifyDrawable in Class android.support.v4.view.ViewPager added
[WARNING] [32mVERBOSE[0m Callback method :dispatchPopulateAccessibilityEvent in Class android.support.v4.view.ViewPager added
[WARNING] [32mVERBOSE[0m Callback method :onSizeChanged in Class android.support.v4.view.ViewPager added
[WARNING] [32mVERBOSE[0m Callback method :dispatchKeyEvent in Class android.support.v4.view.ViewPager added
[WARNING] [32mVERBOSE[0m Callback method :addFocusables in Class android.support.v4.view.ViewPager added
[WARNING] [32mVERBOSE[0m Callback method :onDraw in Class android.support.v4.view.ViewPager added
[WARNING] [32mVERBOSE[0m Callback method :generateLayoutParams in Class android.support.v4.view.ViewPager added
[WARNING] [32mVERBOSE[0m Callback method :drawableStateChanged in Class android.support.v4.view.ViewPager added
[WARNING] [32mVERBOSE[0m Callback method :checkLayoutParams in Class android.support.v4.view.ViewPager added
[WARNING] [32mVERBOSE[0m Callback method :onEnabled in Class org.kreed.vanilla.WidgetD added
[WARNING] [32mVERBOSE[0m Callback method :onUpdate in Class org.kreed.vanilla.WidgetD added
[WARNING] [32mVERBOSE[0m Callback method :onDisabled in Class org.kreed.vanilla.WidgetD added
[WARNING] [32mVERBOSE[0m Callback method :onTouchEvent in Class org.kreed.vanilla.DragListView added
[WARNING] [32mVERBOSE[0m Callback method :onInterceptTouchEvent in Class org.kreed.vanilla.DragListView added
[WARNING] [32mVERBOSE[0m Callback method :handleMessage in Class org.kreed.vanilla.DragListView added
[WARNING] [32mVERBOSE[0m Callback method :onKeyDown in Class org.kreed.vanilla.PlaybackActivity added
[WARNING] [32mVERBOSE[0m Callback method :handleMessage in Class org.kreed.vanilla.PlaybackActivity added
[WARNING] [32mVERBOSE[0m Callback method :onCreateContextMenu in Class org.kreed.vanilla.PlaybackActivity added
[WARNING] [32mVERBOSE[0m Callback method :onCreate in Class org.kreed.vanilla.PlaybackActivity added
[WARNING] [32mVERBOSE[0m Callback method :onCreateOptionsMenu in Class org.kreed.vanilla.PlaybackActivity added
[WARNING] [32mVERBOSE[0m Callback method :onKeyUp in Class org.kreed.vanilla.PlaybackActivity added
[WARNING] [32mVERBOSE[0m Callback method :onDestroy in Class org.kreed.vanilla.PlaybackActivity added
[WARNING] [32mVERBOSE[0m Callback method :onStart in Class org.kreed.vanilla.PlaybackActivity added
[WARNING] [32mVERBOSE[0m Callback method :onOptionsItemSelected in Class org.kreed.vanilla.PlaybackActivity added
[WARNING] [32mVERBOSE[0m Callback method :onClick in Class org.kreed.vanilla.PlaybackActivity added
[WARNING] [32mVERBOSE[0m Callback method :onResume in Class org.kreed.vanilla.PlaybackActivity added
[WARNING] [32mVERBOSE[0m Callback method :onContextItemSelected in Class org.kreed.vanilla.PlaybackActivity added
[WARNING] [32mVERBOSE[0m Callback method :onItemClick in Class org.kreed.vanilla.TabOrderActivity added
[WARNING] [32mVERBOSE[0m Callback method :onCreate in Class org.kreed.vanilla.TabOrderActivity added
[WARNING] [32mVERBOSE[0m Callback method :onOptionsItemSelected in Class org.kreed.vanilla.TabOrderActivity added
[WARNING] [32mVERBOSE[0m Callback method :onClick in Class org.kreed.vanilla.TabOrderActivity added
[WARNING] [32mVERBOSE[0m Callback method :onReceive in Class org.kreed.vanilla.MediaButtonReceiver added
[WARNING] [32mVERBOSE[0m Callback method :onEnabled in Class org.kreed.vanilla.WidgetE added
[WARNING] [32mVERBOSE[0m Callback method :onUpdate in Class org.kreed.vanilla.WidgetE added
[WARNING] [32mVERBOSE[0m Callback method :onDisabled in Class org.kreed.vanilla.WidgetE added
[WARNING] [32mVERBOSE[0m Callback method :onClick in Class org.kreed.vanilla.ScanPreference added
[WARNING] [32mVERBOSE[0m Callback method :onEnabled in Class org.kreed.vanilla.FourLongWidget added
[WARNING] [32mVERBOSE[0m Callback method :onUpdate in Class org.kreed.vanilla.FourLongWidget added
[WARNING] [32mVERBOSE[0m Callback method :onDisabled in Class org.kreed.vanilla.FourLongWidget added
[WARNING] [32mVERBOSE[0m Callback method :onCreateDrawableState in Class org.kreed.vanilla.DragTextView added
[WARNING] [32mVERBOSE[0m Callback method :toggle in Class org.kreed.vanilla.DragTextView added
[WARNING] [32mVERBOSE[0m Callback method :onMeasure in Class org.kreed.vanilla.DragTextView added
[WARNING] [32mVERBOSE[0m Callback method :isChecked in Class org.kreed.vanilla.DragTextView added
[WARNING] [32mVERBOSE[0m Callback method :setChecked in Class org.kreed.vanilla.DragTextView added
[WARNING] [32mVERBOSE[0m Callback method :onDraw in Class org.kreed.vanilla.DragTextView added
[WARNING] [32mVERBOSE[0m Callback method :drawableStateChanged in Class org.kreed.vanilla.DragTextView added
[WARNING] [32mVERBOSE[0m Callback method :onMeasure in Class org.kreed.vanilla.CoverView added
[WARNING] [32mVERBOSE[0m Callback method :onTouchEvent in Class org.kreed.vanilla.CoverView added
[WARNING] [32mVERBOSE[0m Callback method :handleMessage in Class org.kreed.vanilla.CoverView added
[WARNING] [32mVERBOSE[0m Callback method :onSizeChanged in Class org.kreed.vanilla.CoverView added
[WARNING] [32mVERBOSE[0m Callback method :onDraw in Class org.kreed.vanilla.CoverView added
[WARNING] [32mVERBOSE[0m Callback method :getSummary in Class org.kreed.vanilla.SeekBarPreference added
[WARNING] [32mVERBOSE[0m Callback method :onDialogClosed in Class org.kreed.vanilla.SeekBarPreference added
[WARNING] [32mVERBOSE[0m Callback method :onCreateDialogView in Class org.kreed.vanilla.SeekBarPreference added
[WARNING] [32mVERBOSE[0m Callback method :onGetDefaultValue in Class org.kreed.vanilla.SeekBarPreference added
[WARNING] [32mVERBOSE[0m Callback method :onProgressChanged in Class org.kreed.vanilla.SeekBarPreference added
[WARNING] [32mVERBOSE[0m Callback method :onStartTrackingTouch in Class org.kreed.vanilla.SeekBarPreference added
[WARNING] [32mVERBOSE[0m Callback method :onStopTrackingTouch in Class org.kreed.vanilla.SeekBarPreference added
[WARNING] [32mVERBOSE[0m Callback method :onSetInitialValue in Class org.kreed.vanilla.SeekBarPreference added
[WARNING] [32mVERBOSE[0m Callback method :getSummary in Class org.kreed.vanilla.IdlePreference added
[WARNING] [32mVERBOSE[0m Callback method :onPrepareDialogBuilder in Class org.kreed.vanilla.IdlePreference added
[WARNING] [32mVERBOSE[0m Callback method :onDialogClosed in Class org.kreed.vanilla.IdlePreference added
[WARNING] [32mVERBOSE[0m Callback method :onProgressChanged in Class org.kreed.vanilla.IdlePreference added
[WARNING] [32mVERBOSE[0m Callback method :onStartTrackingTouch in Class org.kreed.vanilla.IdlePreference added
[WARNING] [32mVERBOSE[0m Callback method :onStopTrackingTouch in Class org.kreed.vanilla.IdlePreference added
[WARNING] [32mVERBOSE[0m Callback method :onClick in Class org.kreed.vanilla.TabOrderPreference added
[WARNING] [32mVERBOSE[0m Callback method :onEnabled in Class org.kreed.vanilla.OneCellWidget added
[WARNING] [32mVERBOSE[0m Callback method :onUpdate in Class org.kreed.vanilla.OneCellWidget added
[WARNING] [32mVERBOSE[0m Callback method :onDisabled in Class org.kreed.vanilla.OneCellWidget added
0 ICC links found and 0 cg edges added due to ICC links
dynamic conflated call graph: 449 methods; 449 nodes; 566 edges.
maxpossibleFlows=1
maxpossibleFlows=1
maxpossibleFlows=1
maxpossibleFlows=1
maxpossibleFlows=1
maxpossibleFlows=8
maxpossibleFlows=1
maxpossibleFlows=2
maxpossibleFlows=2
maxpossibleFlows=2
maxpossibleFlows=2
maxpossibleFlows=1
maxpossibleFlows=1
maxpossibleFlows=1
1 taint flow paths FOUND from <android.view.ContextThemeWrapper: android.content.res.Resources getResources()> to <android.app.AlertDialog$Builder: android.app.AlertDialog$Builder setTitle(int)>
maxpossibleFlows=1
maxpossibleFlows=1
maxpossibleFlows=1
maxpossibleFlows=1
maxpossibleFlows=2
maxpossibleFlows=2
maxpossibleFlows=2
maxpossibleFlows=2
maxpossibleFlows=44
44 taint flow paths FOUND from <android.view.View$MeasureSpec: int getMode(int)> to <java.lang.reflect.Field: void set(java.lang.Object,java.lang.Object)>
maxpossibleFlows=1
maxpossibleFlows=1
maxpossibleFlows=1
maxpossibleFlows=1
maxpossibleFlows=1
maxpossibleFlows=1
maxpossibleFlows=1
maxpossibleFlows=1
maxpossibleFlows=8
maxpossibleFlows=1
maxpossibleFlows=8
maxpossibleFlows=2
maxpossibleFlows=2
maxpossibleFlows=2
maxpossibleFlows=2
maxpossibleFlows=1
maxpossibleFlows=1
maxpossibleFlows=2
maxpossibleFlows=2
maxpossibleFlows=1
maxpossibleFlows=2
maxpossibleFlows=1
1 taint flow paths FOUND from <java.util.ArrayList: java.lang.Object get(int)> to <android.media.RemoteControlClient: void setPlaybackState(int)>
maxpossibleFlows=1
maxpossibleFlows=1
maxpossibleFlows=1
maxpossibleFlows=1
maxpossibleFlows=1
maxpossibleFlows=1
maxpossibleFlows=1
maxpossibleFlows=1
maxpossibleFlows=1
maxpossibleFlows=1
1 taint flow paths FOUND from <android.app.Activity: android.content.Intent getIntent()> to <android.app.Activity: void setContentView(int)>
maxpossibleFlows=1
maxpossibleFlows=1
maxpossibleFlows=1
maxpossibleFlows=1
maxpossibleFlows=1
maxpossibleFlows=1
maxpossibleFlows=1
maxpossibleFlows=1
maxpossibleFlows=1
maxpossibleFlows=1
maxpossibleFlows=1
maxpossibleFlows=1
maxpossibleFlows=1
maxpossibleFlows=1
maxpossibleFlows=1
maxpossibleFlows=1
maxpossibleFlows=1
maxpossibleFlows=1
maxpossibleFlows=1
maxpossibleFlows=2
maxpossibleFlows=2
maxpossibleFlows=2
maxpossibleFlows=2
maxpossibleFlows=1
maxpossibleFlows=1
maxpossibleFlows=2
maxpossibleFlows=2
maxpossibleFlows=2
maxpossibleFlows=44
44 taint flow paths FOUND from <android.view.View: android.view.ViewGroup$LayoutParams getLayoutParams()> to <java.lang.reflect.Field: void set(java.lang.Object,java.lang.Object)>
maxpossibleFlows=2
maxpossibleFlows=2
maxpossibleFlows=2
maxpossibleFlows=2
maxpossibleFlows=4
maxpossibleFlows=2
maxpossibleFlows=2
maxpossibleFlows=1
maxpossibleFlows=3
1 taint flow paths FOUND from <android.view.View: android.view.ViewParent getParent()> to <android.view.View: void setVisibility(int)>
maxpossibleFlows=44
44 taint flow paths FOUND from <android.view.View: android.content.res.Resources getResources()> to <java.lang.reflect.Field: void set(java.lang.Object,java.lang.Object)>
maxpossibleFlows=1
maxpossibleFlows=1
maxpossibleFlows=1
maxpossibleFlows=1
maxpossibleFlows=2
maxpossibleFlows=2
maxpossibleFlows=1
maxpossibleFlows=2
maxpossibleFlows=2
2 taint flow paths FOUND from <android.app.Activity: android.app.ActionBar getActionBar()> to <android.os.Handler: boolean sendMessage(android.os.Message)>
maxpossibleFlows=2
maxpossibleFlows=2
maxpossibleFlows=1
maxpossibleFlows=2
maxpossibleFlows=2
maxpossibleFlows=1
maxpossibleFlows=1
maxpossibleFlows=1
maxpossibleFlows=1
maxpossibleFlows=1
maxpossibleFlows=1
maxpossibleFlows=1
1 taint flow paths FOUND from <android.content.res.Resources: java.lang.String getString(int)> to <android.app.AlertDialog$Builder: android.app.AlertDialog$Builder setTitle(int)>
maxpossibleFlows=1
maxpossibleFlows=1
maxpossibleFlows=1
1 taint flow paths FOUND from <android.view.View: java.lang.Object getTag()> to <android.content.Intent: android.content.Intent putExtra(java.lang.String,long)>
maxpossibleFlows=1
maxpossibleFlows=1
maxpossibleFlows=8
maxpossibleFlows=8
maxpossibleFlows=2
maxpossibleFlows=2
maxpossibleFlows=2
maxpossibleFlows=2
maxpossibleFlows=1
maxpossibleFlows=1
maxpossibleFlows=1
maxpossibleFlows=1
maxpossibleFlows=1
maxpossibleFlows=1
maxpossibleFlows=1
maxpossibleFlows=1
maxpossibleFlows=2
maxpossibleFlows=2
maxpossibleFlows=1
maxpossibleFlows=2
maxpossibleFlows=2
maxpossibleFlows=2
maxpossibleFlows=2
maxpossibleFlows=1
maxpossibleFlows=2
maxpossibleFlows=1
maxpossibleFlows=1
maxpossibleFlows=1
maxpossibleFlows=1
maxpossibleFlows=1
maxpossibleFlows=1
maxpossibleFlows=1
maxpossibleFlows=1
maxpossibleFlows=1
maxpossibleFlows=1
maxpossibleFlows=1
maxpossibleFlows=1
maxpossibleFlows=1
maxpossibleFlows=1
maxpossibleFlows=1
maxpossibleFlows=1
maxpossibleFlows=2
maxpossibleFlows=2
maxpossibleFlows=2
maxpossibleFlows=2
maxpossibleFlows=1
maxpossibleFlows=1
1 taint flow paths FOUND from <android.appwidget.AppWidgetManager: android.appwidget.AppWidgetManager getInstance(android.content.Context)> to <android.media.RemoteControlClient: void setPlaybackState(int)>
maxpossibleFlows=1
maxpossibleFlows=1
maxpossibleFlows=1
maxpossibleFlows=1
maxpossibleFlows=1
maxpossibleFlows=1
maxpossibleFlows=44
44 taint flow paths FOUND from <android.content.res.Resources: android.util.DisplayMetrics getDisplayMetrics()> to <java.lang.reflect.Field: void set(java.lang.Object,java.lang.Object)>
maxpossibleFlows=2
maxpossibleFlows=2
maxpossibleFlows=2
maxpossibleFlows=2
maxpossibleFlows=44
44 taint flow paths FOUND from <android.view.View$MeasureSpec: int getSize(int)> to <java.lang.reflect.Field: void set(java.lang.Object,java.lang.Object)>
maxpossibleFlows=1
maxpossibleFlows=1
maxpossibleFlows=1
maxpossibleFlows=1
maxpossibleFlows=1
maxpossibleFlows=1
maxpossibleFlows=1
maxpossibleFlows=1
maxpossibleFlows=1
maxpossibleFlows=1
maxpossibleFlows=1
maxpossibleFlows=1
maxpossibleFlows=3
3 taint flow paths FOUND from <android.view.LayoutInflater: android.view.View inflate(int,android.view.ViewGroup)> to <android.widget.TextView: void setText(java.lang.CharSequence)>
maxpossibleFlows=2
maxpossibleFlows=1
1 taint flow paths FOUND from <android.app.Activity: android.view.LayoutInflater getLayoutInflater()> to <android.app.AlertDialog$Builder: android.app.AlertDialog$Builder setTitle(int)>
maxpossibleFlows=2
maxpossibleFlows=2
maxpossibleFlows=2
maxpossibleFlows=2
maxpossibleFlows=44
44 taint flow paths FOUND from <java.lang.Class: java.lang.reflect.Field getField(java.lang.String)> to <java.lang.reflect.Field: void set(java.lang.Object,java.lang.Object)>
maxpossibleFlows=1
maxpossibleFlows=1
maxpossibleFlows=3
maxpossibleFlows=1
maxpossibleFlows=3
maxpossibleFlows=1
maxpossibleFlows=1
maxpossibleFlows=1
maxpossibleFlows=1
maxpossibleFlows=1
maxpossibleFlows=1
maxpossibleFlows=1
maxpossibleFlows=1
maxpossibleFlows=1
maxpossibleFlows=1
maxpossibleFlows=1
maxpossibleFlows=1
maxpossibleFlows=1
maxpossibleFlows=1
maxpossibleFlows=1
maxpossibleFlows=1
maxpossibleFlows=1
maxpossibleFlows=1
maxpossibleFlows=1
maxpossibleFlows=1
maxpossibleFlows=1
maxpossibleFlows=1
maxpossibleFlows=2
maxpossibleFlows=1
maxpossibleFlows=1
maxpossibleFlows=1
maxpossibleFlows=1
maxpossibleFlows=4
maxpossibleFlows=4
maxpossibleFlows=4
maxpossibleFlows=1
maxpossibleFlows=2
maxpossibleFlows=1
maxpossibleFlows=2
maxpossibleFlows=1
maxpossibleFlows=1
maxpossibleFlows=2
maxpossibleFlows=2
maxpossibleFlows=1
maxpossibleFlows=1
maxpossibleFlows=1
maxpossibleFlows=1
maxpossibleFlows=1
maxpossibleFlows=2
maxpossibleFlows=2
maxpossibleFlows=2
maxpossibleFlows=2
maxpossibleFlows=1
maxpossibleFlows=2
maxpossibleFlows=2
maxpossibleFlows=1
maxpossibleFlows=2
maxpossibleFlows=1
maxpossibleFlows=1
maxpossibleFlows=2
maxpossibleFlows=2
maxpossibleFlows=1
maxpossibleFlows=1
maxpossibleFlows=2
maxpossibleFlows=2
maxpossibleFlows=1
maxpossibleFlows=3
3 taint flow paths FOUND from <android.view.LayoutInflater: android.view.View inflate(int,android.view.ViewGroup)> to <android.widget.TextView: void setText(java.lang.CharSequence)>
maxpossibleFlows=1
1 taint flow paths FOUND from <android.view.ContextThemeWrapper: android.content.res.Resources getResources()> to <android.app.AlertDialog$Builder: android.app.AlertDialog$Builder setTitle(int)>
maxpossibleFlows=1
1 taint flow paths FOUND from <android.view.ContextThemeWrapper: android.content.res.Resources getResources()> to <android.app.AlertDialog$Builder: android.app.AlertDialog$Builder setNeutralButton(int,android.content.DialogInterface$OnClickListener)>
maxpossibleFlows=1
maxpossibleFlows=1
maxpossibleFlows=1
maxpossibleFlows=1
maxpossibleFlows=1
maxpossibleFlows=1
maxpossibleFlows=1
maxpossibleFlows=1
maxpossibleFlows=1
maxpossibleFlows=1
maxpossibleFlows=1
maxpossibleFlows=1
maxpossibleFlows=1
maxpossibleFlows=1
maxpossibleFlows=1
maxpossibleFlows=1
maxpossibleFlows=1
maxpossibleFlows=1
maxpossibleFlows=1
maxpossibleFlows=1
maxpossibleFlows=1
maxpossibleFlows=1
maxpossibleFlows=2
maxpossibleFlows=1
maxpossibleFlows=2
maxpossibleFlows=1
maxpossibleFlows=1
maxpossibleFlows=2
maxpossibleFlows=2
maxpossibleFlows=1
maxpossibleFlows=1
maxpossibleFlows=1
maxpossibleFlows=1
maxpossibleFlows=1
maxpossibleFlows=1
maxpossibleFlows=2
maxpossibleFlows=2
maxpossibleFlows=2
maxpossibleFlows=2
maxpossibleFlows=1
maxpossibleFlows=2
maxpossibleFlows=2
maxpossibleFlows=1
maxpossibleFlows=2
maxpossibleFlows=1
maxpossibleFlows=1
maxpossibleFlows=2
maxpossibleFlows=2
maxpossibleFlows=1
maxpossibleFlows=1
maxpossibleFlows=2
maxpossibleFlows=2
maxpossibleFlows=1
maxpossibleFlows=3
maxpossibleFlows=2
maxpossibleFlows=2
maxpossibleFlows=3
maxpossibleFlows=1
maxpossibleFlows=1
maxpossibleFlows=1
maxpossibleFlows=1
maxpossibleFlows=1
1 taint flow paths FOUND from <android.view.View: java.lang.Object getTag()> to <android.content.Intent: android.content.Intent putExtra(java.lang.String,long)>
maxpossibleFlows=1
maxpossibleFlows=1
maxpossibleFlows=1
maxpossibleFlows=1
maxpossibleFlows=1
maxpossibleFlows=1
maxpossibleFlows=1
maxpossibleFlows=1
maxpossibleFlows=1
maxpossibleFlows=1
maxpossibleFlows=1
maxpossibleFlows=1
maxpossibleFlows=1
maxpossibleFlows=1
maxpossibleFlows=1
1 taint flow paths FOUND from <android.view.View: java.lang.Object getTag()> to <android.content.Intent: android.content.Intent putExtra(java.lang.String,int)>
maxpossibleFlows=1
maxpossibleFlows=1
maxpossibleFlows=1
1 taint flow paths FOUND from <android.app.Activity: android.content.Intent getIntent()> to <android.app.Activity: void setContentView(int)>
maxpossibleFlows=8
maxpossibleFlows=8
maxpossibleFlows=8
maxpossibleFlows=4
maxpossibleFlows=1
maxpossibleFlows=2
maxpossibleFlows=1
maxpossibleFlows=2
maxpossibleFlows=1
maxpossibleFlows=1
maxpossibleFlows=2
maxpossibleFlows=2
maxpossibleFlows=1
maxpossibleFlows=1
maxpossibleFlows=1
maxpossibleFlows=1
maxpossibleFlows=1
maxpossibleFlows=2
maxpossibleFlows=2
maxpossibleFlows=2
maxpossibleFlows=3
1 taint flow paths FOUND from <android.view.View: android.view.ViewParent getParent()> to <android.view.View: void setVisibility(int)>
maxpossibleFlows=44
44 taint flow paths FOUND from <android.view.View$MeasureSpec: int getMode(int)> to <java.lang.reflect.Field: void set(java.lang.Object,java.lang.Object)>
maxpossibleFlows=1
1 taint flow paths FOUND from <java.util.ArrayList: java.lang.Object get(int)> to <android.media.RemoteControlClient: void setPlaybackState(int)>
maxpossibleFlows=1
maxpossibleFlows=1
maxpossibleFlows=2
maxpossibleFlows=1
maxpossibleFlows=1
maxpossibleFlows=2
maxpossibleFlows=1
maxpossibleFlows=8
maxpossibleFlows=2
maxpossibleFlows=1
maxpossibleFlows=2
maxpossibleFlows=1
maxpossibleFlows=1
maxpossibleFlows=1
maxpossibleFlows=1
maxpossibleFlows=1
maxpossibleFlows=1
maxpossibleFlows=1
maxpossibleFlows=2
maxpossibleFlows=2
maxpossibleFlows=2
maxpossibleFlows=2
maxpossibleFlows=1
maxpossibleFlows=2
2 taint flow paths FOUND from <android.app.Activity: android.app.ActionBar getActionBar()> to <android.os.Handler: boolean sendMessage(android.os.Message)>
[WARNING] [32mVERBOSE[0m Callback method :<init> in Class org.kreed.vanilla.LibraryActivity
[WARNING] [32mVERBOSE[0m Callback method :afterTextChanged in Class org.kreed.vanilla.LibraryActivity
[WARNING] [32mVERBOSE[0m Callback method :beforeTextChanged in Class org.kreed.vanilla.LibraryActivity
[WARNING] [32mVERBOSE[0m Callback method :getApplicationInfo in Class org.kreed.vanilla.LibraryActivity
[WARNING] [32mVERBOSE[0m Callback method :handleMessage in Class org.kreed.vanilla.LibraryActivity
[WARNING] [32mVERBOSE[0m Callback method :onClick in Class org.kreed.vanilla.LibraryActivity
[WARNING] [32mVERBOSE[0m Callback method :onClick in Class org.kreed.vanilla.LibraryActivity
[WARNING] [32mVERBOSE[0m Callback method :onContextItemSelected in Class org.kreed.vanilla.LibraryActivity
[WARNING] [32mVERBOSE[0m Callback method :onCreate in Class org.kreed.vanilla.LibraryActivity
[WARNING] [32mVERBOSE[0m Callback method :onCreateOptionsMenu in Class org.kreed.vanilla.LibraryActivity
[WARNING] [32mVERBOSE[0m Callback method :onDismiss in Class org.kreed.vanilla.LibraryActivity
[WARNING] [32mVERBOSE[0m Callback method :onKeyDown in Class org.kreed.vanilla.LibraryActivity
[WARNING] [32mVERBOSE[0m Callback method :onKeyUp in Class org.kreed.vanilla.LibraryActivity
[WARNING] [32mVERBOSE[0m Callback method :onNewIntent in Class org.kreed.vanilla.LibraryActivity
[WARNING] [32mVERBOSE[0m Callback method :onOptionsItemSelected in Class org.kreed.vanilla.LibraryActivity
[WARNING] [32mVERBOSE[0m Callback method :onPrepareOptionsMenu in Class org.kreed.vanilla.LibraryActivity
[WARNING] [32mVERBOSE[0m Callback method :onRestart in Class org.kreed.vanilla.LibraryActivity
[WARNING] [32mVERBOSE[0m Callback method :onRestoreInstanceState in Class org.kreed.vanilla.LibraryActivity
[WARNING] [32mVERBOSE[0m Callback method :onSaveInstanceState in Class org.kreed.vanilla.LibraryActivity
[WARNING] [32mVERBOSE[0m Callback method :onStart in Class org.kreed.vanilla.LibraryActivity
[WARNING] [32mVERBOSE[0m Callback method :onTextChanged in Class org.kreed.vanilla.LibraryActivity
[WARNING] [32mVERBOSE[0m Hierarchy.virtualDispatch called with non-concrete receiver class: org.kreed.vanilla.PlaybackActivity, subsig: void <init>()
[WARNING] [32mVERBOSE[0m Callback method :<init> in Class org.kreed.vanilla.PlaybackActivity
[WARNING] [32mVERBOSE[0m Hierarchy.virtualDispatch called with non-concrete receiver class: org.kreed.vanilla.PlaybackActivity, subsig: boolean handleMessage(android.os.Message)
[WARNING] [32mVERBOSE[0m Callback method :handleMessage in Class org.kreed.vanilla.PlaybackActivity
[WARNING] [32mVERBOSE[0m Hierarchy.virtualDispatch called with non-concrete receiver class: org.kreed.vanilla.PlaybackActivity, subsig: void onClick(android.view.View)
[WARNING] [32mVERBOSE[0m Callback method :onClick in Class org.kreed.vanilla.PlaybackActivity
[WARNING] [32mVERBOSE[0m Hierarchy.virtualDispatch called with non-concrete receiver class: org.kreed.vanilla.PlaybackActivity, subsig: boolean onContextItemSelected(android.view.MenuItem)
[WARNING] [32mVERBOSE[0m Callback method :onContextItemSelected in Class org.kreed.vanilla.PlaybackActivity
[WARNING] [32mVERBOSE[0m Hierarchy.virtualDispatch called with non-concrete receiver class: org.kreed.vanilla.PlaybackActivity, subsig: void onCreate(android.os.Bundle)
[WARNING] [32mVERBOSE[0m Callback method :onCreate in Class org.kreed.vanilla.PlaybackActivity
[WARNING] [32mVERBOSE[0m Hierarchy.virtualDispatch called with non-concrete receiver class: org.kreed.vanilla.PlaybackActivity, subsig: void onCreateContextMenu(android.view.ContextMenu,android.view.View,android.view.ContextMenu$ContextMenuInfo)
[WARNING] [32mVERBOSE[0m Callback method :onCreateContextMenu in Class org.kreed.vanilla.PlaybackActivity
[WARNING] [32mVERBOSE[0m Hierarchy.virtualDispatch called with non-concrete receiver class: org.kreed.vanilla.PlaybackActivity, subsig: boolean onCreateOptionsMenu(android.view.Menu)
[WARNING] [32mVERBOSE[0m Callback method :onCreateOptionsMenu in Class org.kreed.vanilla.PlaybackActivity
[WARNING] [32mVERBOSE[0m Hierarchy.virtualDispatch called with non-concrete receiver class: org.kreed.vanilla.PlaybackActivity, subsig: void onDestroy()
[WARNING] [32mVERBOSE[0m Callback method :onDestroy in Class org.kreed.vanilla.PlaybackActivity
[WARNING] [32mVERBOSE[0m Hierarchy.virtualDispatch called with non-concrete receiver class: org.kreed.vanilla.PlaybackActivity, subsig: boolean onKeyDown(int,android.view.KeyEvent)
[WARNING] [32mVERBOSE[0m Callback method :onKeyDown in Class org.kreed.vanilla.PlaybackActivity
[WARNING] [32mVERBOSE[0m Hierarchy.virtualDispatch called with non-concrete receiver class: org.kreed.vanilla.PlaybackActivity, subsig: boolean onKeyUp(int,android.view.KeyEvent)
[WARNING] [32mVERBOSE[0m Callback method :onKeyUp in Class org.kreed.vanilla.PlaybackActivity
[WARNING] [32mVERBOSE[0m Hierarchy.virtualDispatch called with non-concrete receiver class: org.kreed.vanilla.PlaybackActivity, subsig: boolean onOptionsItemSelected(android.view.MenuItem)
[WARNING] [32mVERBOSE[0m Callback method :onOptionsItemSelected in Class org.kreed.vanilla.PlaybackActivity
[WARNING] [32mVERBOSE[0m Hierarchy.virtualDispatch called with non-concrete receiver class: org.kreed.vanilla.PlaybackActivity, subsig: void onResume()
[WARNING] [32mVERBOSE[0m Callback method :onResume in Class org.kreed.vanilla.PlaybackActivity
[WARNING] [32mVERBOSE[0m Hierarchy.virtualDispatch called with non-concrete receiver class: org.kreed.vanilla.PlaybackActivity, subsig: void onStart()
[WARNING] [32mVERBOSE[0m Callback method :onStart in Class org.kreed.vanilla.PlaybackActivity
[WARNING] [32mVERBOSE[0m Callback method :<init> in Class org.kreed.vanilla.PlaybackService
[WARNING] [32mVERBOSE[0m Callback method :handleMessage in Class org.kreed.vanilla.PlaybackService
[WARNING] [32mVERBOSE[0m Callback method :onAccuracyChanged in Class org.kreed.vanilla.PlaybackService
[WARNING] [32mVERBOSE[0m Callback method :onBind in Class org.kreed.vanilla.PlaybackService
[WARNING] [32mVERBOSE[0m Callback method :onCompletion in Class org.kreed.vanilla.PlaybackService
[WARNING] [32mVERBOSE[0m Callback method :onCreate in Class org.kreed.vanilla.PlaybackService
[WARNING] [32mVERBOSE[0m Callback method :onDestroy in Class org.kreed.vanilla.PlaybackService
[WARNING] [32mVERBOSE[0m Callback method :onError in Class org.kreed.vanilla.PlaybackService
[WARNING] [32mVERBOSE[0m Callback method :onSensorChanged in Class org.kreed.vanilla.PlaybackService
[WARNING] [32mVERBOSE[0m Callback method :onSharedPreferenceChanged in Class org.kreed.vanilla.PlaybackService
[WARNING] [32mVERBOSE[0m Callback method :onStartCommand in Class org.kreed.vanilla.PlaybackService
[WARNING] [32mVERBOSE[0m Callback method :<init> in Class org.kreed.vanilla.FullPlaybackActivity
[WARNING] [32mVERBOSE[0m Callback method :handleMessage in Class org.kreed.vanilla.FullPlaybackActivity
[WARNING] [32mVERBOSE[0m Callback method :onClick in Class org.kreed.vanilla.FullPlaybackActivity
[WARNING] [32mVERBOSE[0m Callback method :onCreate in Class org.kreed.vanilla.FullPlaybackActivity
[WARNING] [32mVERBOSE[0m Callback method :onCreateOptionsMenu in Class org.kreed.vanilla.FullPlaybackActivity
[WARNING] [32mVERBOSE[0m Callback method :onKeyDown in Class org.kreed.vanilla.FullPlaybackActivity
[WARNING] [32mVERBOSE[0m Callback method :onKeyUp in Class org.kreed.vanilla.FullPlaybackActivity
[WARNING] [32mVERBOSE[0m Callback method :onLongClick in Class org.kreed.vanilla.FullPlaybackActivity
[WARNING] [32mVERBOSE[0m Callback method :onOptionsItemSelected in Class org.kreed.vanilla.FullPlaybackActivity
[WARNING] [32mVERBOSE[0m Callback method :onPause in Class org.kreed.vanilla.FullPlaybackActivity
[WARNING] [32mVERBOSE[0m Callback method :onProgressChanged in Class org.kreed.vanilla.FullPlaybackActivity
[WARNING] [32mVERBOSE[0m Callback method :onResume in Class org.kreed.vanilla.FullPlaybackActivity
[WARNING] [32mVERBOSE[0m Callback method :onSearchRequested in Class org.kreed.vanilla.FullPlaybackActivity
[WARNING] [32mVERBOSE[0m Callback method :onStart in Class org.kreed.vanilla.FullPlaybackActivity
[WARNING] [32mVERBOSE[0m Callback method :onStartTrackingTouch in Class org.kreed.vanilla.FullPlaybackActivity
[WARNING] [32mVERBOSE[0m Callback method :onStopTrackingTouch in Class org.kreed.vanilla.FullPlaybackActivity
[WARNING] [32mVERBOSE[0m Callback method :getSummary in Class org.kreed.vanilla.IdlePreference
[WARNING] [32mVERBOSE[0m Callback method :onDialogClosed in Class org.kreed.vanilla.IdlePreference
[WARNING] [32mVERBOSE[0m Callback method :onPrepareDialogBuilder in Class org.kreed.vanilla.IdlePreference
[WARNING] [32mVERBOSE[0m Callback method :onProgressChanged in Class org.kreed.vanilla.IdlePreference
[WARNING] [32mVERBOSE[0m Callback method :onStartTrackingTouch in Class org.kreed.vanilla.IdlePreference
[WARNING] [32mVERBOSE[0m Callback method :onStopTrackingTouch in Class org.kreed.vanilla.IdlePreference
[WARNING] [32mVERBOSE[0m Callback method :<init> in Class org.kreed.vanilla.PlaylistActivity
[WARNING] [32mVERBOSE[0m Callback method :onClick in Class org.kreed.vanilla.PlaylistActivity
[WARNING] [32mVERBOSE[0m Callback method :onClick in Class org.kreed.vanilla.PlaylistActivity
[WARNING] [32mVERBOSE[0m Callback method :onContextItemSelected in Class org.kreed.vanilla.PlaylistActivity
[WARNING] [32mVERBOSE[0m Callback method :onCreate in Class org.kreed.vanilla.PlaylistActivity
[WARNING] [32mVERBOSE[0m Callback method :onCreateContextMenu in Class org.kreed.vanilla.PlaylistActivity
[WARNING] [32mVERBOSE[0m Callback method :onDestroy in Class org.kreed.vanilla.PlaylistActivity
[WARNING] [32mVERBOSE[0m Callback method :onItemClick in Class org.kreed.vanilla.PlaylistActivity
[WARNING] [32mVERBOSE[0m Callback method :onNewIntent in Class org.kreed.vanilla.PlaylistActivity
[WARNING] [32mVERBOSE[0m Callback method :onOptionsItemSelected in Class org.kreed.vanilla.PlaylistActivity
[WARNING] [32mVERBOSE[0m Callback method :onStart in Class org.kreed.vanilla.PlaylistActivity
[WARNING] [32mVERBOSE[0m Callback method :getSummary in Class org.kreed.vanilla.SeekBarPreference
[WARNING] [32mVERBOSE[0m Callback method :onCreateDialogView in Class org.kreed.vanilla.SeekBarPreference
[WARNING] [32mVERBOSE[0m Callback method :onDialogClosed in Class org.kreed.vanilla.SeekBarPreference
[WARNING] [32mVERBOSE[0m Callback method :onGetDefaultValue in Class org.kreed.vanilla.SeekBarPreference
[WARNING] [32mVERBOSE[0m Callback method :onProgressChanged in Class org.kreed.vanilla.SeekBarPreference
[WARNING] [32mVERBOSE[0m Callback method :onSetInitialValue in Class org.kreed.vanilla.SeekBarPreference
[WARNING] [32mVERBOSE[0m Callback method :onStartTrackingTouch in Class org.kreed.vanilla.SeekBarPreference
[WARNING] [32mVERBOSE[0m Callback method :onStopTrackingTouch in Class org.kreed.vanilla.SeekBarPreference
[WARNING] [32mVERBOSE[0m Callback method :<init> in Class org.kreed.vanilla.TabOrderActivity
[WARNING] [32mVERBOSE[0m Callback method :onClick in Class org.kreed.vanilla.TabOrderActivity
[WARNING] [32mVERBOSE[0m Callback method :onCreate in Class org.kreed.vanilla.TabOrderActivity
[WARNING] [32mVERBOSE[0m Callback method :onItemClick in Class org.kreed.vanilla.TabOrderActivity
[WARNING] [32mVERBOSE[0m Callback method :onOptionsItemSelected in Class org.kreed.vanilla.TabOrderActivity
Result for benign-app-26-334ED0AAE6E5F615213DA520A76579FB091B1CE00CA36F5D3CA2AE2A5D5D5009.apkorg.kreed.vanilla